Время: 23.02.2026 14:04:08
Сервис: КЦ
From: Заявка из КЦ
Клиент: Array
(
    [name] => Олег Алексеевич
    [phone] => 79050548528
    [email] => 
)

Город: не определён (ID: не найден)
RAW Input: {"TITLE":"Олег Алексеевич","NAME":"Олег Алексеевич","COMMENTS":"Брянская обл. 1. Долги: банки - 300000.\r\n2. Просрочки: нет.\r\n3. Ипотека: нет.\r\n4. Автокредит: нет.\r\n5. Дополнительная недвижимость: нет.\r\n6. Движимое имущество: авто.\r\n7. Что предпринимали: консультация.\r\n8. Мессенджеры: tg, max, привязанный номер - Просил написать в мессенджер, т.к. не берет с незнакомого номера..\r\n9. Дополнительный комментарий: Оператор Мария.. https:\/\/yadi.sk\/d\/_N8gceYsCxnMlA","SOURCE_ID":"403","PHONE":"79050548528"}
POST: Array
(
)

Quiz/Комментарии: Array
(
)

Собранные комментарии (для лога): 
Title: Олег Алексеевич
Comments: Брянская обл. 1. Долги: банки - 300000.
2. Просрочки: нет.
3. Ипотека: нет.
4. Автокредит: нет.
5. Дополнительная недвижимость: нет.
6. Движимое имущество: авто.
7. Что предпринимали: консультация.
8. Мессенджеры: tg, max, привязанный номер - Просил написать в мессенджер, т.к. не берет с незнакомого номера..
9. Дополнительный комментарий: Оператор Мария.. https://yadi.sk/d/_N8gceYsCxnMlA
Source_id: 403

Отправка комментариев в Bitrix: ДА
Поля для Bitrix: Array
(
    [NAME] => Олег Алексеевич
    [PHONE] => Array
        (
            [0] => Array
                (
                    [VALUE] => 79050548528
                    [VALUE_TYPE] => MOBILE
                )

        )

    [ASSIGNED_BY_ID] => 1
    [TITLE] => Новая заявка - 79050548528
    [OPENED] => Y
    [STATUS_ID] => NEW
    [SOURCE_ID] => 1092
    [COMMENTS] => <b>Title:</b> Олег Алексеевич<br><b>Comments:</b> Брянская обл. 1. Долги: банки - 300000.
2. Просрочки: нет.
3. Ипотека: нет.
4. Автокредит: нет.
5. Дополнительная недвижимость: нет.
6. Движимое имущество: авто.
7. Что предпринимали: консультация.
8. Мессенджеры: tg, max, привязанный номер - Просил написать в мессенджер, т.к. не берет с незнакомого номера..
9. Дополнительный комментарий: Оператор Мария.. https://yadi.sk/d/_N8gceYsCxnMlA<br><b>Source_id:</b> 403<br>
)

Bitrix Response: {"result":653749,"time":{"start":1771844648,"finish":1771844650.734599,"duration":2.7345991134643555,"processing":2,"date_start":"2026-02-23T14:04:08+03:00","date_finish":"2026-02-23T14:04:10+03:00","operating_reset_at":1771845248,"operating":1.8113579750061035}}
Статус: Успешно (Lead ID: 653749)
--------------------------------------------------

Время: 25.02.2026 16:48:45
Сервис: КЦ
From: Заявка из КЦ
Клиент: Array
(
    [name] => Наталья Васильевна
    [phone] => 79006907527
    [email] => 
)

Город: не определён (ID: не найден)
RAW Input: {"TITLE":"Наталья Васильевна","NAME":"Наталья Васильевна","COMMENTS":"Брянская область, г. Брянск. 1. Долги: ЖКХ - 500000. Прописанных\/собственников - 1.\r\n2. Просрочки: да.\r\n3. Ипотека: нет.\r\n4. Автокредит: нет.\r\n5. Дополнительная недвижимость: нет.\r\n6. Движимое имущество: нет.\r\n7. Что предпринимали: ничего.\r\n8. Мессенджеры: wa.\r\n9. Дополнительный комментарий: Оператор Ирина. https:\/\/yadi.sk\/d\/HNVI3UwsZaSX1A","SOURCE_ID":"403","PHONE":"79006907527"}
POST: Array
(
)

Quiz/Комментарии: Array
(
)

Собранные комментарии (для лога): 
Title: Наталья Васильевна
Comments: Брянская область, г. Брянск. 1. Долги: ЖКХ - 500000. Прописанных/собственников - 1.
2. Просрочки: да.
3. Ипотека: нет.
4. Автокредит: нет.
5. Дополнительная недвижимость: нет.
6. Движимое имущество: нет.
7. Что предпринимали: ничего.
8. Мессенджеры: wa.
9. Дополнительный комментарий: Оператор Ирина. https://yadi.sk/d/HNVI3UwsZaSX1A
Source_id: 403

Отправка комментариев в Bitrix: ДА
Поля для Bitrix: Array
(
    [NAME] => Наталья Васильевна
    [PHONE] => Array
        (
            [0] => Array
                (
                    [VALUE] => 79006907527
                    [VALUE_TYPE] => MOBILE
                )

        )

    [ASSIGNED_BY_ID] => 1
    [TITLE] => Новая заявка - 79006907527
    [OPENED] => Y
    [STATUS_ID] => NEW
    [SOURCE_ID] => 1092
    [COMMENTS] => <b>Title:</b> Наталья Васильевна<br><b>Comments:</b> Брянская область, г. Брянск. 1. Долги: ЖКХ - 500000. Прописанных/собственников - 1.
2. Просрочки: да.
3. Ипотека: нет.
4. Автокредит: нет.
5. Дополнительная недвижимость: нет.
6. Движимое имущество: нет.
7. Что предпринимали: ничего.
8. Мессенджеры: wa.
9. Дополнительный комментарий: Оператор Ирина. https://yadi.sk/d/HNVI3UwsZaSX1A<br><b>Source_id:</b> 403<br>
)

Bitrix Response: {"result":655301,"time":{"start":1772027325,"finish":1772027328.030693,"duration":3.0306930541992188,"processing":3,"date_start":"2026-02-25T16:48:45+03:00","date_finish":"2026-02-25T16:48:48+03:00","operating_reset_at":1772027925,"operating":17.45194125175476}}
Статус: Успешно (Lead ID: 655301)
--------------------------------------------------

