Время: 21.02.2026 09:39:34
Сервис: КЦ
ОШИБКА ВАЛИДАЦИИ: Телефон не указан
Клиент: Array
(
    [name] => 
    [phone] => 
    [email] => 
)

RAW Input: {"name":"Test \u0418\u043c\u044f","phone":"79171111111","Comments":"\u0417\u0430\u043f\u0438\u0441\u044c \u0440\u0430\u0437\u0433\u043e\u0432\u043e\u0440\u0430: https:\/\/786231.selcdn.ru\/leads-m-records\/records\/test.mp3 \u041a\u043e\u0433\u0434\u0430 \u043f\u0435\u0440\u0435\u0437\u0432\u043e\u043d\u0438\u0442\u044c: \u041d\u0438\u043a\u043e\u0433\u0434\u0430 - \u0434\u043b\u044f \u0442\u0435\u0441\u0442\u0430, \u0414\u0430\u0442\u0430 \u0437\u0432\u043e\u043d\u043a\u0430: 2026-02-21 09:31:3
POST: Array
(
    [{"name":"Test_\u0418\u043c\u044f","phone":"79171111111","Comments":"\u0417\u0430\u043f\u0438\u0441\u044c_\u0440\u0430\u0437\u0433\u043e\u0432\u043e\u0440\u0430:_https:\/\/786231_selcdn_ru\/leads-m-records\/records\/test_mp3_\u041a\u043e\u0433\u0434\u0430_\u043f\u0435\u0440\u0435\u0437\u0432\u043e\u043d\u0438\u0442\u044c:_\u041d\u0438\u043a\u043e\u0433\u0434\u0430_-_\u0434\u043b\u044f_\u0442\u0435\u0441\u0442\u0430,_\u0414\u0430\u0442\u0430_\u0437\u0432\u043e\u043d\u043a\u0430:_2026-02-21_09:31:34,_\u0413\u0435\u043e:_\u0411\u0440\u044f\u043d\u0441\u043a\u0430\u044f_\u043e\u0431\u043b_,_\u0421\u0443\u043c\u043c\u0430_\u0434\u043e\u043b\u0433\u0430:_50000_\u0440\u0443\u0431","Gorod":"\u0411\u0440\u044f\u043d\u0441\u043a"}] => 
)

Статус: Ошибка валидации телефона
--------------------------------------------------

Время: 21.02.2026 09:42:33
Сервис: КЦ
ОШИБКА ВАЛИДАЦИИ: Телефон не указан
Клиент: Array
(
    [name] => 
    [phone] => 
    [email] => 
)

RAW Input: {"name":"Test \u0418\u043c\u044f","phone":"+79171111111","Comments":"\u0417\u0430\u043f\u0438\u0441\u044c \u0440\u0430\u0437\u0433\u043e\u0432\u043e\u0440\u0430: https:\/\/786231.selcdn.ru\/leads-m-records\/records\/test.mp3 \u041a\u043e\u0433\u0434\u0430 \u043f\u0435\u0440\u0435\u0437\u0432\u043e\u043d\u0438\u0442\u044c: \u041d\u0438\u043a\u043e\u0433\u0434\u0430 - \u0434\u043b\u044f \u0442\u0435\u0441\u0442\u0430, \u0414\u0430\u0442\u0430 \u0437\u0432\u043e\u043d\u043a\u0430: 2026-02-21 09:30:
POST: Array
(
    [{"name":"Test_\u0418\u043c\u044f","phone":"_79171111111","Comments":"\u0417\u0430\u043f\u0438\u0441\u044c_\u0440\u0430\u0437\u0433\u043e\u0432\u043e\u0440\u0430:_https:\/\/786231_selcdn_ru\/leads-m-records\/records\/test_mp3_\u041a\u043e\u0433\u0434\u0430_\u043f\u0435\u0440\u0435\u0437\u0432\u043e\u043d\u0438\u0442\u044c:_\u041d\u0438\u043a\u043e\u0433\u0434\u0430_-_\u0434\u043b\u044f_\u0442\u0435\u0441\u0442\u0430,_\u0414\u0430\u0442\u0430_\u0437\u0432\u043e\u043d\u043a\u0430:_2026-02-21_09:30:33,_\u0413\u0435\u043e:_\u0411\u0440\u044f\u043d\u0441\u043a\u0430\u044f_\u043e\u0431\u043b_,_\u0421\u0443\u043c\u043c\u0430_\u0434\u043e\u043b\u0433\u0430:_50000_\u0440\u0443\u0431","Gorod":"\u0411\u0440\u044f\u043d\u0441\u043a"}] => 
)

Статус: Ошибка валидации телефона
--------------------------------------------------

Время: 21.02.2026 09:43:04
Сервис: КЦ
ОШИБКА ВАЛИДАЦИИ: Телефон не указан
Клиент: Array
(
    [name] => 
    [phone] => 
    [email] => 
)

RAW Input: {"name":"Test \u0418\u043c\u044f","phone":"+79171111111","Comments":"\u0417\u0430\u043f\u0438\u0441\u044c \u0440\u0430\u0437\u0433\u043e\u0432\u043e\u0440\u0430: https:\/\/786231.selcdn.ru\/leads-m-records\/records\/test.mp3 \u041a\u043e\u0433\u0434\u0430 \u043f\u0435\u0440\u0435\u0437\u0432\u043e\u043d\u0438\u0442\u044c: \u041d\u0438\u043a\u043e\u0433\u0434\u0430 - \u0434\u043b\u044f \u0442\u0435\u0441\u0442\u0430, \u0414\u0430\u0442\u0430 \u0437\u0432\u043e\u043d\u043a\u0430: 2026-02-21 09:35:
POST: Array
(
    [{"name":"Test_\u0418\u043c\u044f","phone":"_79171111111","Comments":"\u0417\u0430\u043f\u0438\u0441\u044c_\u0440\u0430\u0437\u0433\u043e\u0432\u043e\u0440\u0430:_https:\/\/786231_selcdn_ru\/leads-m-records\/records\/test_mp3_\u041a\u043e\u0433\u0434\u0430_\u043f\u0435\u0440\u0435\u0437\u0432\u043e\u043d\u0438\u0442\u044c:_\u041d\u0438\u043a\u043e\u0433\u0434\u0430_-_\u0434\u043b\u044f_\u0442\u0435\u0441\u0442\u0430,_\u0414\u0430\u0442\u0430_\u0437\u0432\u043e\u043d\u043a\u0430:_2026-02-21_09:35:04,_\u0413\u0435\u043e:_\u0411\u0440\u044f\u043d\u0441\u043a\u0430\u044f_\u043e\u0431\u043b_,_\u0421\u0443\u043c\u043c\u0430_\u0434\u043e\u043b\u0433\u0430:_50000_\u0440\u0443\u0431","Gorod":"\u0411\u0440\u044f\u043d\u0441\u043a"}] => 
)

Статус: Ошибка валидации телефона
--------------------------------------------------

Время: 21.02.2026 09:43:22
Сервис: КЦ
ОШИБКА ВАЛИДАЦИИ: Телефон не указан
Клиент: Array
(
    [name] => 
    [phone] => 
    [email] => 
)

RAW Input: {"name":"Test \u0418\u043c\u044f","phone":"+79171111111","Comments":"\u0417\u0430\u043f\u0438\u0441\u044c \u0440\u0430\u0437\u0433\u043e\u0432\u043e\u0440\u0430: https:\/\/786231.selcdn.ru\/leads-m-records\/records\/test.mp3 \u041a\u043e\u0433\u0434\u0430 \u043f\u0435\u0440\u0435\u0437\u0432\u043e\u043d\u0438\u0442\u044c: \u041d\u0438\u043a\u043e\u0433\u0434\u0430 - \u0434\u043b\u044f \u0442\u0435\u0441\u0442\u0430, \u0414\u0430\u0442\u0430 \u0437\u0432\u043e\u043d\u043a\u0430: 2026-02-21 09:38:
POST: Array
(
    [{"name":"Test_\u0418\u043c\u044f","phone":"_79171111111","Comments":"\u0417\u0430\u043f\u0438\u0441\u044c_\u0440\u0430\u0437\u0433\u043e\u0432\u043e\u0440\u0430:_https:\/\/786231_selcdn_ru\/leads-m-records\/records\/test_mp3_\u041a\u043e\u0433\u0434\u0430_\u043f\u0435\u0440\u0435\u0437\u0432\u043e\u043d\u0438\u0442\u044c:_\u041d\u0438\u043a\u043e\u0433\u0434\u0430_-_\u0434\u043b\u044f_\u0442\u0435\u0441\u0442\u0430,_\u0414\u0430\u0442\u0430_\u0437\u0432\u043e\u043d\u043a\u0430:_2026-02-21_09:38:22,_\u0413\u0435\u043e:_\u0411\u0440\u044f\u043d\u0441\u043a\u0430\u044f_\u043e\u0431\u043b_,_\u0421\u0443\u043c\u043c\u0430_\u0434\u043e\u043b\u0433\u0430:_50000_\u0440\u0443\u0431","Gorod":"\u0411\u0440\u044f\u043d\u0441\u043a"}] => 
)

Статус: Ошибка валидации телефона
--------------------------------------------------

Время: 21.02.2026 15:39:59
Сервис: КЦ
ОШИБКА ВАЛИДАЦИИ: Телефон не указан
Клиент: Array
(
    [name] => 
    [phone] => 
    [email] => 
)

RAW Input: {"name":"Test \u0418\u043c\u044f","phone":"+79173359396","Comments":"\u0417\u0430\u043f\u0438\u0441\u044c \u0440\u0430\u0437\u0433\u043e\u0432\u043e\u0440\u0430: https:\/\/786231.selcdn.ru\/leads-m-records\/records\/test.mp3 \u041a\u043e\u0433\u0434\u0430 \u043f\u0435\u0440\u0435\u0437\u0432\u043e\u043d\u0438\u0442\u044c: \u041d\u0438\u043a\u043e\u0433\u0434\u0430 - \u0434\u043b\u044f \u0442\u0435\u0441\u0442\u0430, \u0414\u0430\u0442\u0430 \u0437\u0432\u043e\u043d\u043a\u0430: 2026-02-21 15:32:
POST: Array
(
    [{"name":"Test_\u0418\u043c\u044f","phone":"_79173359396","Comments":"\u0417\u0430\u043f\u0438\u0441\u044c_\u0440\u0430\u0437\u0433\u043e\u0432\u043e\u0440\u0430:_https:\/\/786231_selcdn_ru\/leads-m-records\/records\/test_mp3_\u041a\u043e\u0433\u0434\u0430_\u043f\u0435\u0440\u0435\u0437\u0432\u043e\u043d\u0438\u0442\u044c:_\u041d\u0438\u043a\u043e\u0433\u0434\u0430_-_\u0434\u043b\u044f_\u0442\u0435\u0441\u0442\u0430,_\u0414\u0430\u0442\u0430_\u0437\u0432\u043e\u043d\u043a\u0430:_2026-02-21_15:32:59,_\u0413\u0435\u043e:_\u0411\u0440\u044f\u043d\u0441\u043a\u0430\u044f_\u043e\u0431\u043b_,_\u0421\u0443\u043c\u043c\u0430_\u0434\u043e\u043b\u0433\u0430:_50000_\u0440\u0443\u0431","Gorod":"\u0411\u0440\u044f\u043d\u0441\u043a"}] => 
)

Статус: Ошибка валидации телефона
--------------------------------------------------

Время: 23.02.2026 09:12:24
Сервис: КЦ
From: Заявка из КЦ
Клиент: Array
(
    [name] => Test Имя
    [phone] => +79171111111
    [email] => 
)

Город: Брянск (ID: не найден)
RAW Input: {"name":"Test \u0418\u043c\u044f","phone":"+79171111111","Comments":"\u0417\u0430\u043f\u0438\u0441\u044c \u0440\u0430\u0437\u0433\u043e\u0432\u043e\u0440\u0430: https:\/\/786231.selcdn.ru\/leads-m-records\/records\/test.mp3 \u041a\u043e\u0433\u0434\u0430 \u043f\u0435\u0440\u0435\u0437\u0432\u043e\u043d\u0438\u0442\u044c: \u041d\u0438\u043a\u043e\u0433\u0434\u0430 - \u0434\u043b\u044f \u0442\u0435\u0441\u0442\u0430, \u0414\u0430\u0442\u0430 \u0437\u0432\u043e\u043d\u043a\u0430: 2026-02-23 09:00:24, \u0413\u0435\u043e: \u0411\u0440\u044f\u043d\u0441\u043a\u0430\u044f \u043e\u0431\u043b., \u0421\u0443\u043c\u043c\u0430 \u0434\u043e\u043b\u0433\u0430: 50000 \u0440\u0443\u0431","Gorod":"\u0411\u0440\u044f\u043d\u0441\u043a"}
POST: Array
(
)

Quiz/Комментарии: Array
(
)

Собранные комментарии (для лога): 
Comments: Запись разговора: https://786231.selcdn.ru/leads-m-records/records/test.mp3 Когда перезвонить: Никогда - для теста, Дата звонка: 2026-02-23 09:00:24, Гео: Брянская обл., Сумма долга: 50000 руб
Город: Брянск

Отправка комментариев в Bitrix: ДА
Поля для Bitrix: Array
(
    [NAME] => Test Имя
    [PHONE] => Array
        (
            [0] => Array
                (
                    [VALUE] => +79171111111
                    [VALUE_TYPE] => MOBILE
                )

        )

    [ASSIGNED_BY_ID] => 1
    [TITLE] => Новая заявка - +79171111111
    [OPENED] => Y
    [STATUS_ID] => NEW
    [SOURCE_ID] => 543
    [COMMENTS] => <b>Comments:</b> Запись разговора: https://786231.selcdn.ru/leads-m-records/records/test.mp3 Когда перезвонить: Никогда - для теста, Дата звонка: 2026-02-23 09:00:24, Гео: Брянская обл., Сумма долга: 50000 руб<br><b>Город:</b> Брянск<br>
)

Bitrix Response: {"result":653659,"time":{"start":1771827144,"finish":1771827146.008949,"duration":2.008949041366577,"processing":2,"date_start":"2026-02-23T09:12:24+03:00","date_finish":"2026-02-23T09:12:26+03:00","operating_reset_at":1771827744,"operating":5.931248903274536}}
Статус: Успешно (Lead ID: 653659)
--------------------------------------------------

Время: 24.02.2026 16:01:58
Сервис: КЦ
From: Заявка из КЦ
Клиент: Array
(
    [name] => Ирина
    [phone] => +79803308594
    [email] => 
)

Город: Брянск (ID: не найден)
RAW Input: {"name":"\u0418\u0440\u0438\u043d\u0430","phone":"+79803308594","Comments":"\u0417\u0430\u043f\u0438\u0441\u044c \u0440\u0430\u0437\u0433\u043e\u0432\u043e\u0440\u0430: https:\/\/786231.selcdn.ru\/leads-m-records\/records\/gPypiwv9wgt03Ud1L3Gg.mp3 \u041a\u043e\u0433\u0434\u0430 \u043f\u0435\u0440\u0435\u0437\u0432\u043e\u043d\u0438\u0442\u044c: \u0432 \u0431\u043b\u0438\u0436\u0430\u0439\u0448\u0435\u0435 \u0432\u0440\u0435\u043c\u044f, \u0414\u0430\u0442\u0430 \u0437\u0432\u043e\u043d\u043a\u0430: 2026-02-24 15:49:57, \u0413\u0435\u043e: \u0411\u0440\u044f\u043d\u0441\u043a\u0430\u044f \u043e\u0431\u043b., \u0421\u0443\u043c\u043c\u0430 \u0434\u043e\u043b\u0433\u0430: 1000000 \u0440\u0443\u0431","Gorod":"\u0411\u0440\u044f\u043d\u0441\u043a"}
POST: Array
(
)

Quiz/Комментарии: Array
(
)

Собранные комментарии (для лога): 
Comments: Запись разговора: https://786231.selcdn.ru/leads-m-records/records/gPypiwv9wgt03Ud1L3Gg.mp3 Когда перезвонить: в ближайшее время, Дата звонка: 2026-02-24 15:49:57, Гео: Брянская обл., Сумма долга: 1000000 руб
Город: Брянск

Отправка комментариев в Bitrix: ДА
Поля для Bitrix: Array
(
    [NAME] => Ирина
    [PHONE] => Array
        (
            [0] => Array
                (
                    [VALUE] => +79803308594
                    [VALUE_TYPE] => MOBILE
                )

        )

    [ASSIGNED_BY_ID] => 1
    [TITLE] => Новая заявка - +79803308594
    [OPENED] => Y
    [STATUS_ID] => NEW
    [SOURCE_ID] => 543
    [COMMENTS] => <b>Comments:</b> Запись разговора: https://786231.selcdn.ru/leads-m-records/records/gPypiwv9wgt03Ud1L3Gg.mp3 Когда перезвонить: в ближайшее время, Дата звонка: 2026-02-24 15:49:57, Гео: Брянская обл., Сумма долга: 1000000 руб<br><b>Город:</b> Брянск<br>
)

Bitrix Response: {"result":654395,"time":{"start":1771938118,"finish":1771938120.226811,"duration":2.226810932159424,"processing":2,"date_start":"2026-02-24T16:01:58+03:00","date_finish":"2026-02-24T16:02:00+03:00","operating_reset_at":1771938718,"operating":2.1027581691741943}}
Статус: Успешно (Lead ID: 654395)
--------------------------------------------------

