Время: 21.02.2026 09:35:41
Сервис: Робот
From: Заявка из Робот
Клиент: Array
(
    [name] => АНДРЕЙ - АЛЕКСАНДРОВИЧ
    [phone] => 79003631429
    [email] => 
)

Город: КАРАЧЕВ (ID: не найден)
RAW Input: {
 "name": "АНДРЕЙ - АЛЕКСАНДРОВИЧ",
    "phone": "79003631429",
 "Comments": "   ",
    "Region": "Брянская область",
    "Gorod": "КАРАЧЕВ",
    "utm_source": "",
    "utm_medium": "",
    "utm_campaign": "",
    "utm_content": "",
    "utm_term": ""
}
POST: Array
(
)

Quiz/Комментарии: Array
(
)

Собранные комментарии (для лога): 
Город: КАРАЧЕВ

Отправка комментариев в Bitrix: ДА
Поля для Bitrix: Array
(
    [NAME] => АНДРЕЙ - АЛЕКСАНДРОВИЧ
    [PHONE] => Array
        (
            [0] => Array
                (
                    [VALUE] => 79003631429
                    [VALUE_TYPE] => MOBILE
                )

        )

    [ASSIGNED_BY_ID] => 1
    [TITLE] => Новая заявка - 79003631429
    [OPENED] => Y
    [STATUS_ID] => NEW
    [SOURCE_ID] => 282
    [COMMENTS] => <b>Город:</b> КАРАЧЕВ<br>
)

Bitrix Response: {"result":653215,"time":{"start":1771655742,"finish":1771655743.87646,"duration":1.876460075378418,"processing":1,"date_start":"2026-02-21T09:35:42+03:00","date_finish":"2026-02-21T09:35:43+03:00","operating_reset_at":1771656342,"operating":3.747559070587158}}
Статус: Успешно (Lead ID: 653215)
--------------------------------------------------

Время: 21.02.2026 09:58:19
Сервис: Робот
From: Заявка из Робот
Клиент: Array
(
    [name] => АЛЕКСАНДР - -
    [phone] => 79066950922
    [email] => 
)

Город: БРЯНСК (ID: не найден)
RAW Input: {
 "name": "АЛЕКСАНДР - -",
    "phone": "79066950922",
 "Comments": "   ",
    "Region": "Брянская область",
    "Gorod": "БРЯНСК",
    "utm_source": "",
    "utm_medium": "",
    "utm_campaign": "",
    "utm_content": "",
    "utm_term": ""
}
POST: Array
(
)

Quiz/Комментарии: Array
(
)

Собранные комментарии (для лога): 
Город: БРЯНСК

Отправка комментариев в Bitrix: ДА
Поля для Bitrix: Array
(
    [NAME] => АЛЕКСАНДР - -
    [PHONE] => Array
        (
            [0] => Array
                (
                    [VALUE] => 79066950922
                    [VALUE_TYPE] => MOBILE
                )

        )

    [ASSIGNED_BY_ID] => 1
    [TITLE] => Новая заявка - 79066950922
    [OPENED] => Y
    [STATUS_ID] => NEW
    [SOURCE_ID] => 282
    [COMMENTS] => <b>Город:</b> БРЯНСК<br>
)

Bitrix Response: {"result":653229,"time":{"start":1771657099,"finish":1771657101.515959,"duration":2.5159590244293213,"processing":2,"date_start":"2026-02-21T09:58:19+03:00","date_finish":"2026-02-21T09:58:21+03:00","operating_reset_at":1771657699,"operating":1.8215348720550537}}
Статус: Успешно (Lead ID: 653229)
--------------------------------------------------

Время: 21.02.2026 10:40:24
Сервис: Робот
From: Заявка из Робот
Клиент: Array
(
    [name] => ОЛЬГА - НИКОЛАЕВНА
    [phone] => 79506953306
    [email] => 
)

Город: БРЯНСК (ID: не найден)
RAW Input: {
 "name": "ОЛЬГА - НИКОЛАЕВНА",
    "phone": "79506953306",
 "Comments": "   ",
    "Region": "Брянская область",
    "Gorod": "БРЯНСК",
    "utm_source": "",
    "utm_medium": "",
    "utm_campaign": "",
    "utm_content": "",
    "utm_term": ""
}
POST: Array
(
)

Quiz/Комментарии: Array
(
)

Собранные комментарии (для лога): 
Город: БРЯНСК

Отправка комментариев в Bitrix: ДА
Поля для Bitrix: Array
(
    [NAME] => ОЛЬГА - НИКОЛАЕВНА
    [PHONE] => Array
        (
            [0] => Array
                (
                    [VALUE] => 79506953306
                    [VALUE_TYPE] => MOBILE
                )

        )

    [ASSIGNED_BY_ID] => 1
    [TITLE] => Новая заявка - 79506953306
    [OPENED] => Y
    [STATUS_ID] => NEW
    [SOURCE_ID] => 282
    [COMMENTS] => <b>Город:</b> БРЯНСК<br>
)

Bitrix Response: {"result":653251,"time":{"start":1771659624,"finish":1771659626.080061,"duration":2.0800609588623047,"processing":2,"date_start":"2026-02-21T10:40:24+03:00","date_finish":"2026-02-21T10:40:26+03:00","operating_reset_at":1771660224,"operating":3.8842179775238037}}
Статус: Успешно (Lead ID: 653251)
--------------------------------------------------

Время: 21.02.2026 13:56:08
Сервис: Робот
From: Заявка из Робот
Клиент: Array
(
    [name] => Ирина
    [phone] => 79206028611
    [email] => 
)

Город: Новозыбков (ID: не найден)
RAW Input: {
 "name": "Ирина ",
    "phone": "79206028611",
 "Comments": "Зара  250к  250к  кк и пк , микрозайм  ",
    "Region": "Брянская область",
    "Gorod": "Новозыбков  ",
    "utm_source": "",
    "utm_medium": "",
    "utm_campaign": "",
    "utm_content": "",
    "utm_term": ""
}
POST: Array
(
)

Quiz/Комментарии: Array
(
)

Собранные комментарии (для лога): 
Comments: Зара  250к  250к  кк и пк , микрозайм
Город: Новозыбков

Отправка комментариев в Bitrix: ДА
Поля для Bitrix: Array
(
    [NAME] => Ирина
    [PHONE] => Array
        (
            [0] => Array
                (
                    [VALUE] => 79206028611
                    [VALUE_TYPE] => MOBILE
                )

        )

    [ASSIGNED_BY_ID] => 1
    [TITLE] => Новая заявка - 79206028611
    [OPENED] => Y
    [STATUS_ID] => NEW
    [SOURCE_ID] => 282
    [COMMENTS] => <b>Comments:</b> Зара  250к  250к  кк и пк , микрозайм<br><b>Город:</b> Новозыбков<br>
)

Bitrix Response: {"result":653319,"time":{"start":1771671368,"finish":1771671370.446225,"duration":2.4462249279022217,"processing":2,"date_start":"2026-02-21T13:56:08+03:00","date_finish":"2026-02-21T13:56:10+03:00","operating_reset_at":1771671968,"operating":1.897763967514038}}
Статус: Успешно (Lead ID: 653319)
--------------------------------------------------

Время: 22.02.2026 09:27:21
Сервис: Робот
From: Заявка из Робот
Клиент: Array
(
    [name] => АНДРЕЙ - ЮРЬЕВИЧ
    [phone] => 79532958498
    [email] => 
)

Город: ДЯТЬКОВО (ID: не найден)
RAW Input: {
 "name": "АНДРЕЙ - ЮРЬЕВИЧ",
    "phone": "79532958498",
 "Comments": "   ",
    "Region": "Брянская область",
    "Gorod": "ДЯТЬКОВО",
    "utm_source": "",
    "utm_medium": "",
    "utm_campaign": "",
    "utm_content": "",
    "utm_term": ""
}
POST: Array
(
)

Quiz/Комментарии: Array
(
)

Собранные комментарии (для лога): 
Город: ДЯТЬКОВО

Отправка комментариев в Bitrix: ДА
Поля для Bitrix: Array
(
    [NAME] => АНДРЕЙ - ЮРЬЕВИЧ
    [PHONE] => Array
        (
            [0] => Array
                (
                    [VALUE] => 79532958498
                    [VALUE_TYPE] => MOBILE
                )

        )

    [ASSIGNED_BY_ID] => 1
    [TITLE] => Новая заявка - 79532958498
    [OPENED] => Y
    [STATUS_ID] => NEW
    [SOURCE_ID] => 282
    [COMMENTS] => <b>Город:</b> ДЯТЬКОВО<br>
)

Bitrix Response: {"result":653475,"time":{"start":1771741641,"finish":1771741643.294141,"duration":2.2941410541534424,"processing":2,"date_start":"2026-02-22T09:27:21+03:00","date_finish":"2026-02-22T09:27:23+03:00","operating_reset_at":1771742241,"operating":8.349499940872192}}
Статус: Успешно (Lead ID: 653475)
--------------------------------------------------

Время: 22.02.2026 10:54:40
Сервис: Робот
From: Заявка из Робот
Клиент: Array
(
    [name] => СЕРГЕЙ - ВАДИМОВИЧ
    [phone] => 79208304344
    [email] => 
)

Город: КАРАЧЕВ (ID: не найден)
RAW Input: {
 "name": "СЕРГЕЙ - ВАДИМОВИЧ",
    "phone": "79208304344",
 "Comments": "   ",
    "Region": "Брянская область",
    "Gorod": "КАРАЧЕВ",
    "utm_source": "",
    "utm_medium": "",
    "utm_campaign": "",
    "utm_content": "",
    "utm_term": ""
}
POST: Array
(
)

Quiz/Комментарии: Array
(
)

Собранные комментарии (для лога): 
Город: КАРАЧЕВ

Отправка комментариев в Bitrix: ДА
Поля для Bitrix: Array
(
    [NAME] => СЕРГЕЙ - ВАДИМОВИЧ
    [PHONE] => Array
        (
            [0] => Array
                (
                    [VALUE] => 79208304344
                    [VALUE_TYPE] => MOBILE
                )

        )

    [ASSIGNED_BY_ID] => 1
    [TITLE] => Новая заявка - 79208304344
    [OPENED] => Y
    [STATUS_ID] => NEW
    [SOURCE_ID] => 282
    [COMMENTS] => <b>Город:</b> КАРАЧЕВ<br>
)

Bitrix Response: {"result":653503,"time":{"start":1771746880,"finish":1771746881.984653,"duration":1.9846529960632324,"processing":1,"date_start":"2026-02-22T10:54:40+03:00","date_finish":"2026-02-22T10:54:41+03:00","operating_reset_at":1771747480,"operating":1.7992279529571533}}
Статус: Успешно (Lead ID: 653503)
--------------------------------------------------

Время: 22.02.2026 11:10:24
Сервис: Робот
From: Заявка из Робот
Клиент: Array
(
    [name] => МАРИЯ - ЕВГЕНЬЕВНА
    [phone] => 79532887514
    [email] => 
)

Город: - (ID: не найден)
RAW Input: {
 "name": "МАРИЯ - ЕВГЕНЬЕВНА",
    "phone": "79532887514",
 "Comments": "   ",
    "Region": "Брянская область",
    "Gorod": "-",
    "utm_source": "",
    "utm_medium": "",
    "utm_campaign": "",
    "utm_content": "",
    "utm_term": ""
}
POST: Array
(
)

Quiz/Комментарии: Array
(
)

Собранные комментарии (для лога): 
Город: -

Отправка комментариев в Bitrix: ДА
Поля для Bitrix: Array
(
    [NAME] => МАРИЯ - ЕВГЕНЬЕВНА
    [PHONE] => Array
        (
            [0] => Array
                (
                    [VALUE] => 79532887514
                    [VALUE_TYPE] => MOBILE
                )

        )

    [ASSIGNED_BY_ID] => 1
    [TITLE] => Новая заявка - 79532887514
    [OPENED] => Y
    [STATUS_ID] => NEW
    [SOURCE_ID] => 282
    [COMMENTS] => <b>Город:</b> -<br>
)

Bitrix Response: {"result":653509,"time":{"start":1771747824,"finish":1771747826.456932,"duration":2.4569320678710938,"processing":2,"date_start":"2026-02-22T11:10:24+03:00","date_finish":"2026-02-22T11:10:26+03:00","operating_reset_at":1771748424,"operating":3.7834370136260986}}
Статус: Успешно (Lead ID: 653509)
--------------------------------------------------

Время: 22.02.2026 13:13:51
Сервис: Робот
From: Заявка из Робот
Клиент: Array
(
    [name] => СЕРГЕЙ - ВАСИЛЬЕВИЧ
    [phone] => 79003742273
    [email] => 
)

Город: ДЯТЬКОВО (ID: не найден)
RAW Input: {
 "name": "СЕРГЕЙ - ВАСИЛЬЕВИЧ",
    "phone": "79003742273",
 "Comments": "   ",
    "Region": "Брянская область",
    "Gorod": "ДЯТЬКОВО",
    "utm_source": "",
    "utm_medium": "",
    "utm_campaign": "",
    "utm_content": "",
    "utm_term": ""
}
POST: Array
(
)

Quiz/Комментарии: Array
(
)

Собранные комментарии (для лога): 
Город: ДЯТЬКОВО

Отправка комментариев в Bitrix: ДА
Поля для Bitrix: Array
(
    [NAME] => СЕРГЕЙ - ВАСИЛЬЕВИЧ
    [PHONE] => Array
        (
            [0] => Array
                (
                    [VALUE] => 79003742273
                    [VALUE_TYPE] => MOBILE
                )

        )

    [ASSIGNED_BY_ID] => 1
    [TITLE] => Новая заявка - 79003742273
    [OPENED] => Y
    [STATUS_ID] => NEW
    [SOURCE_ID] => 282
    [COMMENTS] => <b>Город:</b> ДЯТЬКОВО<br>
)

Bitrix Response: {"result":653553,"time":{"start":1771755232,"finish":1771755233.959156,"duration":1.9591560363769531,"processing":1,"date_start":"2026-02-22T13:13:52+03:00","date_finish":"2026-02-22T13:13:53+03:00","operating_reset_at":1771755832,"operating":3.960602045059204}}
Статус: Успешно (Lead ID: 653553)
--------------------------------------------------

Время: 22.02.2026 13:23:10
Сервис: Робот
From: Заявка из Робот
Клиент: Array
(
    [name] => ЮЛИЯ - АЛЕКСАНДРОВНА
    [phone] => 79006936990
    [email] => 
)

Город: ДЯТЬКОВСКИЙ (ID: не найден)
RAW Input: {
 "name": "ЮЛИЯ - АЛЕКСАНДРОВНА",
    "phone": "79006936990",
 "Comments": "   ",
    "Region": "Брянская область",
    "Gorod": "ДЯТЬКОВСКИЙ",
    "utm_source": "",
    "utm_medium": "",
    "utm_campaign": "",
    "utm_content": "",
    "utm_term": ""
}
POST: Array
(
)

Quiz/Комментарии: Array
(
)

Собранные комментарии (для лога): 
Город: ДЯТЬКОВСКИЙ

Отправка комментариев в Bitrix: ДА
Поля для Bitrix: Array
(
    [NAME] => ЮЛИЯ - АЛЕКСАНДРОВНА
    [PHONE] => Array
        (
            [0] => Array
                (
                    [VALUE] => 79006936990
                    [VALUE_TYPE] => MOBILE
                )

        )

    [ASSIGNED_BY_ID] => 1
    [TITLE] => Новая заявка - 79006936990
    [OPENED] => Y
    [STATUS_ID] => NEW
    [SOURCE_ID] => 282
    [COMMENTS] => <b>Город:</b> ДЯТЬКОВСКИЙ<br>
)

Bitrix Response: {"result":653557,"time":{"start":1771755790,"finish":1771755792.62747,"duration":2.627470016479492,"processing":2,"date_start":"2026-02-22T13:23:10+03:00","date_finish":"2026-02-22T13:23:12+03:00","operating_reset_at":1771756390,"operating":1.9198060035705566}}
Статус: Успешно (Lead ID: 653557)
--------------------------------------------------

Время: 23.02.2026 09:00:23
Сервис: Робот
From: Заявка из Робот
Клиент: Array
(
    [name] => АНАТОЛИЙ - ВЛАДИМИРОВИЧ
    [phone] => 79532925919
    [email] => 
)

Город: - (ID: не найден)
RAW Input: {
 "name": "АНАТОЛИЙ - ВЛАДИМИРОВИЧ",
    "phone": "79532925919",
 "Comments": "   ",
    "Region": "Брянская область",
    "Gorod": "-",
    "utm_source": "",
    "utm_medium": "",
    "utm_campaign": "",
    "utm_content": "",
    "utm_term": ""
}
POST: Array
(
)

Quiz/Комментарии: Array
(
)

Собранные комментарии (для лога): 
Город: -

Отправка комментариев в Bitrix: ДА
Поля для Bitrix: Array
(
    [NAME] => АНАТОЛИЙ - ВЛАДИМИРОВИЧ
    [PHONE] => Array
        (
            [0] => Array
                (
                    [VALUE] => 79532925919
                    [VALUE_TYPE] => MOBILE
                )

        )

    [ASSIGNED_BY_ID] => 1
    [TITLE] => Новая заявка - 79532925919
    [OPENED] => Y
    [STATUS_ID] => NEW
    [SOURCE_ID] => 282
    [COMMENTS] => <b>Город:</b> -<br>
)

Bitrix Response: {"result":653647,"time":{"start":1771826423,"finish":1771826425.946481,"duration":2.9464809894561768,"processing":2,"date_start":"2026-02-23T09:00:23+03:00","date_finish":"2026-02-23T09:00:25+03:00","operating_reset_at":1771827023,"operating":4.137343883514404}}
Статус: Успешно (Lead ID: 653647)
--------------------------------------------------

Время: 23.02.2026 09:45:27
Сервис: Робот
From: Заявка из Робот
Клиент: Array
(
    [name] => НИКОЛАЙ - СЕМЕНОВИЧ
    [phone] => 79529672103
    [email] => 
)

Город: БРЯНСК (ID: не найден)
RAW Input: {
 "name": "НИКОЛАЙ - СЕМЕНОВИЧ",
    "phone": "79529672103",
 "Comments": "   ",
    "Region": "Брянская область",
    "Gorod": "БРЯНСК",
    "utm_source": "",
    "utm_medium": "",
    "utm_campaign": "",
    "utm_content": "",
    "utm_term": ""
}
POST: Array
(
)

Quiz/Комментарии: Array
(
)

Собранные комментарии (для лога): 
Город: БРЯНСК

Отправка комментариев в Bitrix: ДА
Поля для Bitrix: Array
(
    [NAME] => НИКОЛАЙ - СЕМЕНОВИЧ
    [PHONE] => Array
        (
            [0] => Array
                (
                    [VALUE] => 79529672103
                    [VALUE_TYPE] => MOBILE
                )

        )

    [ASSIGNED_BY_ID] => 1
    [TITLE] => Новая заявка - 79529672103
    [OPENED] => Y
    [STATUS_ID] => NEW
    [SOURCE_ID] => 282
    [COMMENTS] => <b>Город:</b> БРЯНСК<br>
)

Bitrix Response: {"result":653677,"time":{"start":1771829127,"finish":1771829129.076706,"duration":2.0767059326171875,"processing":2,"date_start":"2026-02-23T09:45:27+03:00","date_finish":"2026-02-23T09:45:29+03:00","operating_reset_at":1771829727,"operating":9.689515113830566}}
Статус: Успешно (Lead ID: 653677)
--------------------------------------------------

Время: 23.02.2026 10:02:52
Сервис: Робот
From: Заявка из Робот
Клиент: Array
(
    [name] => ВЯЧЕСЛАВ - ВИТАЛЬЕВИЧ
    [phone] => 79506918467
    [email] => 
)

Город: - (ID: не найден)
RAW Input: {
 "name": "ВЯЧЕСЛАВ - ВИТАЛЬЕВИЧ",
    "phone": "79506918467",
 "Comments": "   ",
    "Region": "Брянская область",
    "Gorod": "-",
    "utm_source": "",
    "utm_medium": "",
    "utm_campaign": "",
    "utm_content": "",
    "utm_term": ""
}
POST: Array
(
)

Quiz/Комментарии: Array
(
)

Собранные комментарии (для лога): 
Город: -

Отправка комментариев в Bitrix: ДА
Поля для Bitrix: Array
(
    [NAME] => ВЯЧЕСЛАВ - ВИТАЛЬЕВИЧ
    [PHONE] => Array
        (
            [0] => Array
                (
                    [VALUE] => 79506918467
                    [VALUE_TYPE] => MOBILE
                )

        )

    [ASSIGNED_BY_ID] => 1
    [TITLE] => Новая заявка - 79506918467
    [OPENED] => Y
    [STATUS_ID] => NEW
    [SOURCE_ID] => 282
    [COMMENTS] => <b>Город:</b> -<br>
)

Bitrix Response: {"result":653681,"time":{"start":1771830172,"finish":1771830174.543297,"duration":2.543297052383423,"processing":2,"date_start":"2026-02-23T10:02:52+03:00","date_finish":"2026-02-23T10:02:54+03:00","operating_reset_at":1771830772,"operating":1.8837330341339111}}
Статус: Успешно (Lead ID: 653681)
--------------------------------------------------

Время: 23.02.2026 10:03:00
Сервис: Робот
From: Заявка из Робот
Клиент: Array
(
    [name] => АНДРЕЙ - -
    [phone] => 79003730002
    [email] => 
)

Город: БРЯНСК (ID: не найден)
RAW Input: {
 "name": "АНДРЕЙ - -",
    "phone": "79003730002",
 "Comments": "   ",
    "Region": "Брянская область",
    "Gorod": "БРЯНСК",
    "utm_source": "",
    "utm_medium": "",
    "utm_campaign": "",
    "utm_content": "",
    "utm_term": ""
}
POST: Array
(
)

Quiz/Комментарии: Array
(
)

Собранные комментарии (для лога): 
Город: БРЯНСК

Отправка комментариев в Bitrix: ДА
Поля для Bitrix: Array
(
    [NAME] => АНДРЕЙ - -
    [PHONE] => Array
        (
            [0] => Array
                (
                    [VALUE] => 79003730002
                    [VALUE_TYPE] => MOBILE
                )

        )

    [ASSIGNED_BY_ID] => 1
    [TITLE] => Новая заявка - 79003730002
    [OPENED] => Y
    [STATUS_ID] => NEW
    [SOURCE_ID] => 282
    [COMMENTS] => <b>Город:</b> БРЯНСК<br>
)

Bitrix Response: {"result":653683,"time":{"start":1771830180,"finish":1771830182.683222,"duration":2.6832220554351807,"processing":2,"date_start":"2026-02-23T10:03:00+03:00","date_finish":"2026-02-23T10:03:02+03:00","operating_reset_at":1771830780,"operating":3.851830005645752}}
Статус: Успешно (Lead ID: 653683)
--------------------------------------------------

Время: 23.02.2026 10:11:17
Сервис: Робот
From: Заявка из Робот
Клиент: Array
(
    [name] => ОЛЬГА - НИКОЛАЕВНА
    [phone] => 79532894350
    [email] => 
)

Город: БРЯНСК (ID: не найден)
RAW Input: {
 "name": "ОЛЬГА - НИКОЛАЕВНА",
    "phone": "79532894350",
 "Comments": "   ",
    "Region": "Брянская область",
    "Gorod": "БРЯНСК",
    "utm_source": "",
    "utm_medium": "",
    "utm_campaign": "",
    "utm_content": "",
    "utm_term": ""
}
POST: Array
(
)

Quiz/Комментарии: Array
(
)

Собранные комментарии (для лога): 
Город: БРЯНСК

Отправка комментариев в Bitrix: ДА
Поля для Bitrix: Array
(
    [NAME] => ОЛЬГА - НИКОЛАЕВНА
    [PHONE] => Array
        (
            [0] => Array
                (
                    [VALUE] => 79532894350
                    [VALUE_TYPE] => MOBILE
                )

        )

    [ASSIGNED_BY_ID] => 1
    [TITLE] => Новая заявка - 79532894350
    [OPENED] => Y
    [STATUS_ID] => NEW
    [SOURCE_ID] => 282
    [COMMENTS] => <b>Город:</b> БРЯНСК<br>
)

Bitrix Response: {"result":653687,"time":{"start":1771830677,"finish":1771830679.597068,"duration":2.5970680713653564,"processing":2,"date_start":"2026-02-23T10:11:17+03:00","date_finish":"2026-02-23T10:11:19+03:00","operating_reset_at":1771831277,"operating":5.756198167800903}}
Статус: Успешно (Lead ID: 653687)
--------------------------------------------------

Время: 24.02.2026 09:01:01
Сервис: Робот
From: Заявка из Робот
Клиент: Array
(
    [name] => ЛЮБОВЬ - ИВАНОВНА
    [phone] => 79003612507
    [email] => 
)

Город: БРЯНСК (ID: не найден)
RAW Input: {
 "name": "ЛЮБОВЬ - ИВАНОВНА",
    "phone": "79003612507",
 "Comments": "   ",
    "Region": "Брянская область",
    "Gorod": "БРЯНСК",
    "utm_source": "",
    "utm_medium": "",
    "utm_campaign": "",
    "utm_content": "",
    "utm_term": ""
}
POST: Array
(
)

Quiz/Комментарии: Array
(
)

Собранные комментарии (для лога): 
Город: БРЯНСК

Отправка комментариев в Bitrix: ДА
Поля для Bitrix: Array
(
    [NAME] => ЛЮБОВЬ - ИВАНОВНА
    [PHONE] => Array
        (
            [0] => Array
                (
                    [VALUE] => 79003612507
                    [VALUE_TYPE] => MOBILE
                )

        )

    [ASSIGNED_BY_ID] => 1
    [TITLE] => Новая заявка - 79003612507
    [OPENED] => Y
    [STATUS_ID] => NEW
    [SOURCE_ID] => 282
    [COMMENTS] => <b>Город:</b> БРЯНСК<br>
)

Bitrix Response: {"result":653897,"time":{"start":1771912861,"finish":1771912864.249234,"duration":3.2492339611053467,"processing":3,"date_start":"2026-02-24T09:01:01+03:00","date_finish":"2026-02-24T09:01:04+03:00","operating_reset_at":1771913461,"operating":8.044594049453735}}
Статус: Успешно (Lead ID: 653897)
--------------------------------------------------

Время: 24.02.2026 09:10:28
Сервис: Робот
From: Заявка из Робот
Клиент: Array
(
    [name] => ДМИТРИЙ - ДМИТРИЕВИЧ
    [phone] => 79003718889
    [email] => 
)

Город: БРЯНСК (ID: не найден)
RAW Input: {
 "name": "ДМИТРИЙ - ДМИТРИЕВИЧ",
    "phone": "79003718889",
 "Comments": "   ",
    "Region": "Брянская область",
    "Gorod": "БРЯНСК",
    "utm_source": "",
    "utm_medium": "",
    "utm_campaign": "",
    "utm_content": "",
    "utm_term": ""
}
POST: Array
(
)

Quiz/Комментарии: Array
(
)

Собранные комментарии (для лога): 
Город: БРЯНСК

Отправка комментариев в Bitrix: ДА
Поля для Bitrix: Array
(
    [NAME] => ДМИТРИЙ - ДМИТРИЕВИЧ
    [PHONE] => Array
        (
            [0] => Array
                (
                    [VALUE] => 79003718889
                    [VALUE_TYPE] => MOBILE
                )

        )

    [ASSIGNED_BY_ID] => 1
    [TITLE] => Новая заявка - 79003718889
    [OPENED] => Y
    [STATUS_ID] => NEW
    [SOURCE_ID] => 282
    [COMMENTS] => <b>Город:</b> БРЯНСК<br>
)

Bitrix Response: {"result":653915,"time":{"start":1771913428,"finish":1771913430.512152,"duration":2.5121519565582275,"processing":2,"date_start":"2026-02-24T09:10:28+03:00","date_finish":"2026-02-24T09:10:30+03:00","operating_reset_at":1771914028,"operating":13.15723204612732}}
Статус: Успешно (Lead ID: 653915)
--------------------------------------------------

Время: 24.02.2026 13:31:47
Сервис: Робот
From: Заявка из Робот
Клиент: Array
(
    [name] => Кирилл
    [phone] => 79003639423
    [email] => 
)

Город: Брянск (ID: не найден)
RAW Input: {
 "name": "Кирилл",
    "phone": "79003639423",
 "Comments": "Милена 250 к кк ",
    "Region": "Брянская область",
    "Gorod": "Брянск",
    "utm_source": "",
    "utm_medium": "",
    "utm_campaign": "",
    "utm_content": "",
    "utm_term": ""
}
POST: Array
(
)

Quiz/Комментарии: Array
(
)

Собранные комментарии (для лога): 
Comments: Милена 250 к кк
Город: Брянск

Отправка комментариев в Bitrix: ДА
Поля для Bitrix: Array
(
    [NAME] => Кирилл
    [PHONE] => Array
        (
            [0] => Array
                (
                    [VALUE] => 79003639423
                    [VALUE_TYPE] => MOBILE
                )

        )

    [ASSIGNED_BY_ID] => 1
    [TITLE] => Новая заявка - 79003639423
    [OPENED] => Y
    [STATUS_ID] => NEW
    [SOURCE_ID] => 282
    [COMMENTS] => <b>Comments:</b> Милена 250 к кк<br><b>Город:</b> Брянск<br>
)

Bitrix Response: {"result":654239,"time":{"start":1771929107,"finish":1771929110.109295,"duration":3.109294891357422,"processing":3,"date_start":"2026-02-24T13:31:47+03:00","date_finish":"2026-02-24T13:31:50+03:00","operating_reset_at":1771929707,"operating":16.229629278182983}}
Статус: Успешно (Lead ID: 654239)
--------------------------------------------------

Время: 24.02.2026 13:47:05
Сервис: Робот
From: Заявка из Робот
Клиент: Array
(
    [name] => АННА - АЛЕКСАНДРОВНА
    [phone] => 79003684864
    [email] => 
)

Город: БРЯНСК (ID: не найден)
RAW Input: {
 "name": "АННА - АЛЕКСАНДРОВНА",
    "phone": "79003684864",
 "Comments": "   ",
    "Region": "Брянская область",
    "Gorod": "БРЯНСК",
    "utm_source": "",
    "utm_medium": "",
    "utm_campaign": "",
    "utm_content": "",
    "utm_term": ""
}
POST: Array
(
)

Quiz/Комментарии: Array
(
)

Собранные комментарии (для лога): 
Город: БРЯНСК

Отправка комментариев в Bitrix: ДА
Поля для Bitrix: Array
(
    [NAME] => АННА - АЛЕКСАНДРОВНА
    [PHONE] => Array
        (
            [0] => Array
                (
                    [VALUE] => 79003684864
                    [VALUE_TYPE] => MOBILE
                )

        )

    [ASSIGNED_BY_ID] => 1
    [TITLE] => Новая заявка - 79003684864
    [OPENED] => Y
    [STATUS_ID] => NEW
    [SOURCE_ID] => 282
    [COMMENTS] => <b>Город:</b> БРЯНСК<br>
)

Bitrix Response: {"result":654259,"time":{"start":1771930025,"finish":1771930027.38117,"duration":2.3811700344085693,"processing":2,"date_start":"2026-02-24T13:47:05+03:00","date_finish":"2026-02-24T13:47:07+03:00","operating_reset_at":1771930625,"operating":4.160620927810669}}
Статус: Успешно (Lead ID: 654259)
--------------------------------------------------

Время: 24.02.2026 13:47:45
Сервис: Робот
From: Заявка из Робот
Клиент: Array
(
    [name] => ДМИТРИЙ - ВИКТОРОВИЧ
    [phone] => 79006952629
    [email] => 
)

Город: - (ID: не найден)
RAW Input: {
 "name": "ДМИТРИЙ - ВИКТОРОВИЧ",
    "phone": "79006952629",
 "Comments": "   ",
    "Region": "Брянская область",
    "Gorod": "-",
    "utm_source": "",
    "utm_medium": "",
    "utm_campaign": "",
    "utm_content": "",
    "utm_term": ""
}
POST: Array
(
)

Quiz/Комментарии: Array
(
)

Собранные комментарии (для лога): 
Город: -

Отправка комментариев в Bitrix: ДА
Поля для Bitrix: Array
(
    [NAME] => ДМИТРИЙ - ВИКТОРОВИЧ
    [PHONE] => Array
        (
            [0] => Array
                (
                    [VALUE] => 79006952629
                    [VALUE_TYPE] => MOBILE
                )

        )

    [ASSIGNED_BY_ID] => 1
    [TITLE] => Новая заявка - 79006952629
    [OPENED] => Y
    [STATUS_ID] => NEW
    [SOURCE_ID] => 282
    [COMMENTS] => <b>Город:</b> -<br>
)

Bitrix Response: {"result":654261,"time":{"start":1771930066,"finish":1771930068.254018,"duration":2.2540180683135986,"processing":2,"date_start":"2026-02-24T13:47:46+03:00","date_finish":"2026-02-24T13:47:48+03:00","operating_reset_at":1771930666,"operating":6.3351428508758545}}
Статус: Успешно (Lead ID: 654261)
--------------------------------------------------

Время: 25.02.2026 09:00:52
Сервис: Робот
From: Заявка из Робот
Клиент: Array
(
    [name] => ЖАННА - ПЕТРОВНА
    [phone] => 79006946125
    [email] => 
)

Город: БРЯНСК (ID: не найден)
RAW Input: {
 "name": "ЖАННА - ПЕТРОВНА",
    "phone": "79006946125",
 "Comments": "   ",
    "Region": "Брянская область",
    "Gorod": "БРЯНСК",
    "utm_source": "",
    "utm_medium": "",
    "utm_campaign": "",
    "utm_content": "",
    "utm_term": ""
}
POST: Array
(
)

Quiz/Комментарии: Array
(
)

Собранные комментарии (для лога): 
Город: БРЯНСК

Отправка комментариев в Bitrix: ДА
Поля для Bitrix: Array
(
    [NAME] => ЖАННА - ПЕТРОВНА
    [PHONE] => Array
        (
            [0] => Array
                (
                    [VALUE] => 79006946125
                    [VALUE_TYPE] => MOBILE
                )

        )

    [ASSIGNED_BY_ID] => 1
    [TITLE] => Новая заявка - 79006946125
    [OPENED] => Y
    [STATUS_ID] => NEW
    [SOURCE_ID] => 282
    [COMMENTS] => <b>Город:</b> БРЯНСК<br>
)

Bitrix Response: {"result":654733,"time":{"start":1771999252,"finish":1771999254.773937,"duration":2.7739369869232178,"processing":2,"date_start":"2026-02-25T09:00:52+03:00","date_finish":"2026-02-25T09:00:54+03:00","operating_reset_at":1771999852,"operating":7.128366708755493}}
Статус: Успешно (Lead ID: 654733)
--------------------------------------------------

Время: 25.02.2026 12:26:10
Сервис: Робот
From: Заявка из Робот
Клиент: Array
(
    [name] => ЕКАТЕРИНА - СТАНИСЛАВОВНА
    [phone] => 79532757064
    [email] => 
)

Город: БРЯНСК (ID: не найден)
RAW Input: {
 "name": "ЕКАТЕРИНА - СТАНИСЛАВОВНА",
    "phone": "79532757064",
 "Comments": "   ",
    "Region": "Брянская область",
    "Gorod": "БРЯНСК",
    "utm_source": "",
    "utm_medium": "",
    "utm_campaign": "",
    "utm_content": "",
    "utm_term": ""
}
POST: Array
(
)

Quiz/Комментарии: Array
(
)

Собранные комментарии (для лога): 
Город: БРЯНСК

Отправка комментариев в Bitrix: ДА
Поля для Bitrix: Array
(
    [NAME] => ЕКАТЕРИНА - СТАНИСЛАВОВНА
    [PHONE] => Array
        (
            [0] => Array
                (
                    [VALUE] => 79532757064
                    [VALUE_TYPE] => MOBILE
                )

        )

    [ASSIGNED_BY_ID] => 1
    [TITLE] => Новая заявка - 79532757064
    [OPENED] => Y
    [STATUS_ID] => NEW
    [SOURCE_ID] => 282
    [COMMENTS] => <b>Город:</b> БРЯНСК<br>
)

Bitrix Response: {"result":654945,"time":{"start":1772011571,"finish":1772011573.260435,"duration":2.260435104370117,"processing":2,"date_start":"2026-02-25T12:26:11+03:00","date_finish":"2026-02-25T12:26:13+03:00","operating_reset_at":1772012171,"operating":11.606492280960083}}
Статус: Успешно (Lead ID: 654945)
--------------------------------------------------

Время: 25.02.2026 12:34:03
Сервис: Робот
From: Заявка из Робот
Клиент: Array
(
    [name] => АЛЕКСАНДР - ГРИГОРЬЕВИЧ
    [phone] => 79040872147
    [email] => 
)

Город: БРЯНСК (ID: не найден)
RAW Input: {
 "name": "АЛЕКСАНДР - ГРИГОРЬЕВИЧ",
    "phone": "79040872147",
 "Comments": "   ",
    "Region": "Брянская область",
    "Gorod": "БРЯНСК",
    "utm_source": "",
    "utm_medium": "",
    "utm_campaign": "",
    "utm_content": "",
    "utm_term": ""
}
POST: Array
(
)

Quiz/Комментарии: Array
(
)

Собранные комментарии (для лога): 
Город: БРЯНСК

Отправка комментариев в Bitrix: ДА
Поля для Bitrix: Array
(
    [NAME] => АЛЕКСАНДР - ГРИГОРЬЕВИЧ
    [PHONE] => Array
        (
            [0] => Array
                (
                    [VALUE] => 79040872147
                    [VALUE_TYPE] => MOBILE
                )

        )

    [ASSIGNED_BY_ID] => 1
    [TITLE] => Новая заявка - 79040872147
    [OPENED] => Y
    [STATUS_ID] => NEW
    [SOURCE_ID] => 282
    [COMMENTS] => <b>Город:</b> БРЯНСК<br>
)

Bitrix Response: {"result":654967,"time":{"start":1772012043,"finish":1772012046.629221,"duration":3.629220962524414,"processing":2,"date_start":"2026-02-25T12:34:03+03:00","date_finish":"2026-02-25T12:34:06+03:00","operating_reset_at":1772012644,"operating":29.51920247077942}}
Статус: Успешно (Lead ID: 654967)
--------------------------------------------------

Время: 25.02.2026 14:14:44
Сервис: Робот
From: Заявка из Робот
Клиент: Array
(
    [name] => МИХАИЛ - ВИКТОРОВИЧ
    [phone] => 79307360104
    [email] => 
)

Город: ДЯТЬКОВО (ID: не найден)
RAW Input: {
 "name": "МИХАИЛ - ВИКТОРОВИЧ",
    "phone": "79307360104",
 "Comments": "   ",
    "Region": "Брянская область",
    "Gorod": "ДЯТЬКОВО",
    "utm_source": "",
    "utm_medium": "",
    "utm_campaign": "",
    "utm_content": "",
    "utm_term": ""
}
POST: Array
(
)

Quiz/Комментарии: Array
(
)

Собранные комментарии (для лога): 
Город: ДЯТЬКОВО

Отправка комментариев в Bitrix: ДА
Поля для Bitrix: Array
(
    [NAME] => МИХАИЛ - ВИКТОРОВИЧ
    [PHONE] => Array
        (
            [0] => Array
                (
                    [VALUE] => 79307360104
                    [VALUE_TYPE] => MOBILE
                )

        )

    [ASSIGNED_BY_ID] => 1
    [TITLE] => Новая заявка - 79307360104
    [OPENED] => Y
    [STATUS_ID] => NEW
    [SOURCE_ID] => 282
    [COMMENTS] => <b>Город:</b> ДЯТЬКОВО<br>
)

Bitrix Response: {"result":655101,"time":{"start":1772018085,"finish":1772018087.353126,"duration":2.353126049041748,"processing":2,"date_start":"2026-02-25T14:14:45+03:00","date_finish":"2026-02-25T14:14:47+03:00","operating_reset_at":1772018685,"operating":12.89639687538147}}
Статус: Успешно (Lead ID: 655101)
--------------------------------------------------

Время: 25.02.2026 14:36:28
Сервис: Робот
From: Заявка из Робот
Клиент: Array
(
    [name] => АНАСТАСИЯ - ВИКТОРОВНА
    [phone] => 79206017180
    [email] => 
)

Город: БРЯНСК (ID: не найден)
RAW Input: {
 "name": "АНАСТАСИЯ - ВИКТОРОВНА",
    "phone": "79206017180",
 "Comments": "   ",
    "Region": "Брянская область",
    "Gorod": "БРЯНСК",
    "utm_source": "",
    "utm_medium": "",
    "utm_campaign": "",
    "utm_content": "",
    "utm_term": ""
}
POST: Array
(
)

Quiz/Комментарии: Array
(
)

Собранные комментарии (для лога): 
Город: БРЯНСК

Отправка комментариев в Bitrix: ДА
Поля для Bitrix: Array
(
    [NAME] => АНАСТАСИЯ - ВИКТОРОВНА
    [PHONE] => Array
        (
            [0] => Array
                (
                    [VALUE] => 79206017180
                    [VALUE_TYPE] => MOBILE
                )

        )

    [ASSIGNED_BY_ID] => 1
    [TITLE] => Новая заявка - 79206017180
    [OPENED] => Y
    [STATUS_ID] => NEW
    [SOURCE_ID] => 282
    [COMMENTS] => <b>Город:</b> БРЯНСК<br>
)

Bitrix Response: {"result":655121,"time":{"start":1772019388,"finish":1772019391.02685,"duration":3.0268499851226807,"processing":3,"date_start":"2026-02-25T14:36:28+03:00","date_finish":"2026-02-25T14:36:31+03:00","operating_reset_at":1772019988,"operating":7.8809168338775635}}
Статус: Успешно (Lead ID: 655121)
--------------------------------------------------

Время: 26.02.2026 09:00:38
Сервис: Робот
From: Заявка из Робот
Клиент: Array
(
    [name] => АЛЕКСАНДР - -
    [phone] => 79208554652
    [email] => 
)

Город: ЖУКОВКА (ID: не найден)
RAW Input: {
 "name": "АЛЕКСАНДР - -",
    "phone": "79208554652",
 "Comments": "   ",
    "Region": "Брянская область",
    "Gorod": "ЖУКОВКА",
    "utm_source": "",
    "utm_medium": "",
    "utm_campaign": "",
    "utm_content": "",
    "utm_term": ""
}
POST: Array
(
)

Quiz/Комментарии: Array
(
)

Собранные комментарии (для лога): 
Город: ЖУКОВКА

Отправка комментариев в Bitrix: ДА
Поля для Bitrix: Array
(
    [NAME] => АЛЕКСАНДР - -
    [PHONE] => Array
        (
            [0] => Array
                (
                    [VALUE] => 79208554652
                    [VALUE_TYPE] => MOBILE
                )

        )

    [ASSIGNED_BY_ID] => 1
    [TITLE] => Новая заявка - 79208554652
    [OPENED] => Y
    [STATUS_ID] => NEW
    [SOURCE_ID] => 282
    [COMMENTS] => <b>Город:</b> ЖУКОВКА<br>
)

Bitrix Response: {"result":655559,"time":{"start":1772085638,"finish":1772085641.268401,"duration":3.2684009075164795,"processing":3,"date_start":"2026-02-26T09:00:38+03:00","date_finish":"2026-02-26T09:00:41+03:00","operating_reset_at":1772086238,"operating":10.33284592628479}}
Статус: Успешно (Lead ID: 655559)
--------------------------------------------------

Время: 26.02.2026 09:10:21
Сервис: Робот
From: Заявка из Робот
Клиент: Array
(
    [name] => ВАЛЕРИЙ - ГРИГОРЬЕВИЧ
    [phone] => 79208584286
    [email] => 
)

Город: БРЯНСК (ID: не найден)
RAW Input: {
 "name": "ВАЛЕРИЙ - ГРИГОРЬЕВИЧ",
    "phone": "79208584286",
 "Comments": "   ",
    "Region": "Брянская область",
    "Gorod": "БРЯНСК",
    "utm_source": "",
    "utm_medium": "",
    "utm_campaign": "",
    "utm_content": "",
    "utm_term": ""
}
POST: Array
(
)

Quiz/Комментарии: Array
(
)

Собранные комментарии (для лога): 
Город: БРЯНСК

Отправка комментариев в Bitrix: ДА
Поля для Bitrix: Array
(
    [NAME] => ВАЛЕРИЙ - ГРИГОРЬЕВИЧ
    [PHONE] => Array
        (
            [0] => Array
                (
                    [VALUE] => 79208584286
                    [VALUE_TYPE] => MOBILE
                )

        )

    [ASSIGNED_BY_ID] => 1
    [TITLE] => Новая заявка - 79208584286
    [OPENED] => Y
    [STATUS_ID] => NEW
    [SOURCE_ID] => 282
    [COMMENTS] => <b>Город:</b> БРЯНСК<br>
)

Bitrix Response: {"result":655577,"time":{"start":1772086221,"finish":1772086224.402114,"duration":3.402113914489746,"processing":3,"date_start":"2026-02-26T09:10:21+03:00","date_finish":"2026-02-26T09:10:24+03:00","operating_reset_at":1772086821,"operating":12.316307306289673}}
Статус: Успешно (Lead ID: 655577)
--------------------------------------------------

Время: 26.02.2026 11:57:28
Сервис: Робот
From: Заявка из Робот
Клиент: Array
(
    [name] => ВЛАДИМИР - -
    [phone] => 79529639546
    [email] => 
)

Город: БРЯНСК (ID: не найден)
RAW Input: {
 "name": "ВЛАДИМИР - -",
    "phone": "79529639546",
 "Comments": "   ",
    "Region": "Брянская область",
    "Gorod": "БРЯНСК",
    "utm_source": "",
    "utm_medium": "",
    "utm_campaign": "",
    "utm_content": "",
    "utm_term": ""
}
POST: Array
(
)

Quiz/Комментарии: Array
(
)

Собранные комментарии (для лога): 
Город: БРЯНСК

Отправка комментариев в Bitrix: ДА
Поля для Bitrix: Array
(
    [NAME] => ВЛАДИМИР - -
    [PHONE] => Array
        (
            [0] => Array
                (
                    [VALUE] => 79529639546
                    [VALUE_TYPE] => MOBILE
                )

        )

    [ASSIGNED_BY_ID] => 1
    [TITLE] => Новая заявка - 79529639546
    [OPENED] => Y
    [STATUS_ID] => NEW
    [SOURCE_ID] => 282
    [COMMENTS] => <b>Город:</b> БРЯНСК<br>
)

Bitrix Response: {"result":655777,"time":{"start":1772096248,"finish":1772096250.914804,"duration":2.914803981781006,"processing":2,"date_start":"2026-02-26T11:57:28+03:00","date_finish":"2026-02-26T11:57:30+03:00","operating_reset_at":1772096848,"operating":9.074352741241455}}
Статус: Успешно (Lead ID: 655777)
--------------------------------------------------

Время: 26.02.2026 12:18:26
Сервис: Робот
From: Заявка из Робот
Клиент: Array
(
    [name] => СЕРГЕЙ - ИВАНОВИЧ
    [phone] => 79532805995
    [email] => 
)

Город: БРАСОВО (ID: не найден)
RAW Input: {
 "name": "СЕРГЕЙ - ИВАНОВИЧ",
    "phone": "79532805995",
 "Comments": "   ",
    "Region": "Брянская область",
    "Gorod": "БРАСОВО",
    "utm_source": "",
    "utm_medium": "",
    "utm_campaign": "",
    "utm_content": "",
    "utm_term": ""
}
POST: Array
(
)

Quiz/Комментарии: Array
(
)

Собранные комментарии (для лога): 
Город: БРАСОВО

Отправка комментариев в Bitrix: ДА
Поля для Bitrix: Array
(
    [NAME] => СЕРГЕЙ - ИВАНОВИЧ
    [PHONE] => Array
        (
            [0] => Array
                (
                    [VALUE] => 79532805995
                    [VALUE_TYPE] => MOBILE
                )

        )

    [ASSIGNED_BY_ID] => 1
    [TITLE] => Новая заявка - 79532805995
    [OPENED] => Y
    [STATUS_ID] => NEW
    [SOURCE_ID] => 282
    [COMMENTS] => <b>Город:</b> БРАСОВО<br>
)

Bitrix Response: {"result":655797,"time":{"start":1772097506,"finish":1772097508.900687,"duration":2.9006869792938232,"processing":2,"date_start":"2026-02-26T12:18:26+03:00","date_finish":"2026-02-26T12:18:28+03:00","operating_reset_at":1772098106,"operating":4.182171821594238}}
Статус: Успешно (Lead ID: 655797)
--------------------------------------------------

Время: 26.02.2026 12:21:54
Сервис: Робот
From: Заявка из Робот
Клиент: Array
(
    [name] => РОМАН - -
    [phone] => 79532808483
    [email] => 
)

Город: НОВОЗЫБКОВ (ID: не найден)
RAW Input: {
 "name": "РОМАН - -",
    "phone": "79532808483",
 "Comments": "   ",
    "Region": "Брянская область",
    "Gorod": "НОВОЗЫБКОВ",
    "utm_source": "",
    "utm_medium": "",
    "utm_campaign": "",
    "utm_content": "",
    "utm_term": ""
}
POST: Array
(
)

Quiz/Комментарии: Array
(
)

Собранные комментарии (для лога): 
Город: НОВОЗЫБКОВ

Отправка комментариев в Bitrix: ДА
Поля для Bitrix: Array
(
    [NAME] => РОМАН - -
    [PHONE] => Array
        (
            [0] => Array
                (
                    [VALUE] => 79532808483
                    [VALUE_TYPE] => MOBILE
                )

        )

    [ASSIGNED_BY_ID] => 1
    [TITLE] => Новая заявка - 79532808483
    [OPENED] => Y
    [STATUS_ID] => NEW
    [SOURCE_ID] => 282
    [COMMENTS] => <b>Город:</b> НОВОЗЫБКОВ<br>
)

Bitrix Response: {"result":655799,"time":{"start":1772097714,"finish":1772097717.238703,"duration":3.2387030124664307,"processing":3,"date_start":"2026-02-26T12:21:54+03:00","date_finish":"2026-02-26T12:21:57+03:00","operating_reset_at":1772098314,"operating":6.475441932678223}}
Статус: Успешно (Lead ID: 655799)
--------------------------------------------------

Время: 27.02.2026 10:05:02
Сервис: Робот
From: Заявка из Робот
Клиент: Array
(
    [name] => александр викторович
    [phone] => 79206024745
    [email] => 
)

Город: брянск (ID: не найден)
RAW Input: {
 "name": "александр викторович",
    "phone": "79206024745",
 "Comments": "татьяна 1млн кк ",
    "Region": "Брянская область",
    "Gorod": "брянск",
    "utm_source": "",
    "utm_medium": "",
    "utm_campaign": "",
    "utm_content": "",
    "utm_term": ""
}
POST: Array
(
)

Quiz/Комментарии: Array
(
)

Собранные комментарии (для лога): 
Comments: татьяна 1млн кк
Город: брянск

Отправка комментариев в Bitrix: ДА
Поля для Bitrix: Array
(
    [NAME] => александр викторович
    [PHONE] => Array
        (
            [0] => Array
                (
                    [VALUE] => 79206024745
                    [VALUE_TYPE] => MOBILE
                )

        )

    [ASSIGNED_BY_ID] => 1
    [TITLE] => Новая заявка - 79206024745
    [OPENED] => Y
    [STATUS_ID] => NEW
    [SOURCE_ID] => 282
    [COMMENTS] => <b>Comments:</b> татьяна 1млн кк<br><b>Город:</b> брянск<br>
)

Bitrix Response: {"result":656421,"time":{"start":1772175902,"finish":1772175905.03652,"duration":3.036520004272461,"processing":3,"date_start":"2026-02-27T10:05:02+03:00","date_finish":"2026-02-27T10:05:05+03:00","operating_reset_at":1772176502,"operating":4.751575946807861}}
Статус: Успешно (Lead ID: 656421)
--------------------------------------------------

