Время: 25.02.2026 17:29:51
Сервис: КЦ
From: Заявка из КЦ
Клиент: Array
(
    [name] => Тест Тест Тест
    [phone] => 79813984798
    [email] => 
)

Город: Брянск (ID: не найден)
RAW Input: {"phone":"79813984798","name":"\u0422\u0435\u0441\u0442 \u0422\u0435\u0441\u0442 \u0422\u0435\u0441\u0442","Comments":"","Gorod":"\u0411\u0440\u044f\u043d\u0441\u043a","utm_source":"ap-lead","utm_medium":"cc","utm_campaign":null,"utm_content":null,"utm_term":null}
POST: Array
(
)

Quiz/Комментарии: Array
(
)

Собранные комментарии (для лога): 
Город: Брянск

Отправка комментариев в Bitrix: ДА
Поля для Bitrix: Array
(
    [NAME] => Тест Тест Тест
    [PHONE] => Array
        (
            [0] => Array
                (
                    [VALUE] => 79813984798
                    [VALUE_TYPE] => MOBILE
                )

        )

    [ASSIGNED_BY_ID] => 1
    [TITLE] => Новая заявка - 79813984798
    [OPENED] => Y
    [STATUS_ID] => NEW
    [SOURCE_ID] => 585
    [COMMENTS] => <b>Город:</b> Брянск<br>
)

Bitrix Response: {"result":655369,"time":{"start":1772029791,"finish":1772029793.297135,"duration":2.2971351146698,"processing":2,"date_start":"2026-02-25T17:29:51+03:00","date_finish":"2026-02-25T17:29:53+03:00","operating_reset_at":1772030391,"operating":23.55307698249817}}
Статус: Успешно (Lead ID: 655369)
--------------------------------------------------

