Время: 20.02.2026 10:30:02
Сервис: ЯД+ВК
From: Заявка из ЯД+ВК
Клиент: Array
(
    [name] => Эдуард
    [phone] => 79532837688
    [email] => 
)

Город: Стародуб (ID: не найден)
RAW Input: {"name":"Эдуард","phone":"79532837688","gorod":"Стародуб","Comments":"Стародуб (1500000) пк,кк,залога и бфл нет,ждет звонок 20.02 в 15.00"}
POST: Array
(
)

Quiz/Комментарии: Array
(
)

Собранные комментарии (для лога): 
Comments: Стародуб (1500000) пк,кк,залога и бфл нет,ждет звонок 20.02 в 15.00
Город: Стародуб

Отправка комментариев в Bitrix: ДА
Поля для Bitrix: Array
(
    [NAME] => Эдуард
    [PHONE] => Array
        (
            [0] => Array
                (
                    [VALUE] => 79532837688
                    [VALUE_TYPE] => MOBILE
                )

        )

    [ASSIGNED_BY_ID] => 1
    [TITLE] => Новая заявка - 79532837688
    [OPENED] => Y
    [STATUS_ID] => NEW
    [SOURCE_ID] => 1096
    [COMMENTS] => <b>Comments:</b> Стародуб (1500000) пк,кк,залога и бфл нет,ждет звонок 20.02 в 15.00<br><b>Город:</b> Стародуб<br>
)

Bitrix Response: {"result":652595,"time":{"start":1771572602,"finish":1771572605.025816,"duration":3.025815963745117,"processing":3,"date_start":"2026-02-20T10:30:02+03:00","date_finish":"2026-02-20T10:30:05+03:00","operating_reset_at":1771573202,"operating":12.34732699394226}}
Статус: Успешно (Lead ID: 652595)
--------------------------------------------------

Время: 20.02.2026 11:52:00
Сервис: ЯД+ВК
From: Заявка из ЯД+ВК
Клиент: Array
(
    [name] => Валентин Викторович
    [phone] => 79529699651
    [email] => 
)

Город: Брянск (ID: не найден)
RAW Input: {"name":"Валентин Викторович","phone":"79529699651","gorod":"Брянск","Comments":"Брянск (300000) "}
POST: Array
(
)

Quiz/Комментарии: Array
(
)

Собранные комментарии (для лога): 
Comments: Брянск (300000)
Город: Брянск

Отправка комментариев в Bitrix: ДА
Поля для Bitrix: Array
(
    [NAME] => Валентин Викторович
    [PHONE] => Array
        (
            [0] => Array
                (
                    [VALUE] => 79529699651
                    [VALUE_TYPE] => MOBILE
                )

        )

    [ASSIGNED_BY_ID] => 1
    [TITLE] => Новая заявка - 79529699651
    [OPENED] => Y
    [STATUS_ID] => NEW
    [SOURCE_ID] => 1096
    [COMMENTS] => <b>Comments:</b> Брянск (300000)<br><b>Город:</b> Брянск<br>
)

Bitrix Response: {"result":652727,"time":{"start":1771577520,"finish":1771577523.333734,"duration":3.3337340354919434,"processing":3,"date_start":"2026-02-20T11:52:00+03:00","date_finish":"2026-02-20T11:52:03+03:00","operating_reset_at":1771578120,"operating":2.4515089988708496}}
Статус: Успешно (Lead ID: 652727)
--------------------------------------------------

Время: 20.02.2026 11:53:00
Сервис: ЯД+ВК
From: Заявка из ЯД+ВК
Клиент: Array
(
    [name] => Елена
    [phone] => 79532908883
    [email] => 
)

Город: Брянск (ID: не найден)
RAW Input: {"name":"Елена","phone":"79532908883","gorod":"Брянск","Comments":"Брянск (300000) "}
POST: Array
(
)

Quiz/Комментарии: Array
(
)

Собранные комментарии (для лога): 
Comments: Брянск (300000)
Город: Брянск

Отправка комментариев в Bitrix: ДА
Поля для Bitrix: Array
(
    [NAME] => Елена
    [PHONE] => Array
        (
            [0] => Array
                (
                    [VALUE] => 79532908883
                    [VALUE_TYPE] => MOBILE
                )

        )

    [ASSIGNED_BY_ID] => 1
    [TITLE] => Новая заявка - 79532908883
    [OPENED] => Y
    [STATUS_ID] => NEW
    [SOURCE_ID] => 1096
    [COMMENTS] => <b>Comments:</b> Брянск (300000)<br><b>Город:</b> Брянск<br>
)

Bitrix Response: {"result":652729,"time":{"start":1771577580,"finish":1771577583.255397,"duration":3.255397081375122,"processing":3,"date_start":"2026-02-20T11:53:00+03:00","date_finish":"2026-02-20T11:53:03+03:00","operating_reset_at":1771578180,"operating":5.044447898864746}}
Статус: Успешно (Lead ID: 652729)
--------------------------------------------------

Время: 21.02.2026 10:38:00
Сервис: ЯД+ВК
From: Заявка из ЯД+ВК
Клиент: Array
(
    [name] => Федор Николаевич
    [phone] => 79532916942
    [email] => 
)

Город: Брянск (ID: не найден)
RAW Input: {"name":"Федор Николаевич","phone":"79532916942","gorod":"Брянск","Comments":"Брянск (300000) "}
POST: Array
(
)

Quiz/Комментарии: Array
(
)

Собранные комментарии (для лога): 
Comments: Брянск (300000)
Город: Брянск

Отправка комментариев в Bitrix: ДА
Поля для Bitrix: Array
(
    [NAME] => Федор Николаевич
    [PHONE] => Array
        (
            [0] => Array
                (
                    [VALUE] => 79532916942
                    [VALUE_TYPE] => MOBILE
                )

        )

    [ASSIGNED_BY_ID] => 1
    [TITLE] => Новая заявка - 79532916942
    [OPENED] => Y
    [STATUS_ID] => NEW
    [SOURCE_ID] => 1096
    [COMMENTS] => <b>Comments:</b> Брянск (300000)<br><b>Город:</b> Брянск<br>
)

Bitrix Response: {"result":653249,"time":{"start":1771659480,"finish":1771659482.443081,"duration":2.4430809020996094,"processing":2,"date_start":"2026-02-21T10:38:00+03:00","date_finish":"2026-02-21T10:38:02+03:00","operating_reset_at":1771660080,"operating":8.83309292793274}}
Статус: Успешно (Lead ID: 653249)
--------------------------------------------------

Время: 21.02.2026 10:51:00
Сервис: ЯД+ВК
From: Заявка из ЯД+ВК
Клиент: Array
(
    [name] => Юрий
    [phone] => 79611016866
    [email] => 
)

Город: Брянская область (ID: не найден)
RAW Input: {"name":"Юрий","phone":"79611016866","gorod":"Брянская область","Comments":"Брянская область (300000) "}
POST: Array
(
)

Quiz/Комментарии: Array
(
)

Собранные комментарии (для лога): 
Comments: Брянская область (300000)
Город: Брянская область

Отправка комментариев в Bitrix: ДА
Поля для Bitrix: Array
(
    [NAME] => Юрий
    [PHONE] => Array
        (
            [0] => Array
                (
                    [VALUE] => 79611016866
                    [VALUE_TYPE] => MOBILE
                )

        )

    [ASSIGNED_BY_ID] => 1
    [TITLE] => Новая заявка - 79611016866
    [OPENED] => Y
    [STATUS_ID] => NEW
    [SOURCE_ID] => 1096
    [COMMENTS] => <b>Comments:</b> Брянская область (300000)<br><b>Город:</b> Брянская область<br>
)

Bitrix Response: {"result":653255,"time":{"start":1771660261,"finish":1771660262.999119,"duration":1.9991190433502197,"processing":1,"date_start":"2026-02-21T10:51:01+03:00","date_finish":"2026-02-21T10:51:02+03:00","operating_reset_at":1771660861,"operating":1.8947539329528809}}
Статус: Успешно (Lead ID: 653255)
--------------------------------------------------

Время: 22.02.2026 17:14:01
Сервис: ЯД+ВК
From: Заявка из ЯД+ВК
Клиент: Array
(
    [name] => Максим
    [phone] => 79964470113
    [email] => 
)

Город: Брянская область (ID: не найден)
RAW Input: {"name":"Максим","phone":"79964470113","gorod":"Брянская область","Comments":"Брянская область (300000) "}
POST: Array
(
)

Quiz/Комментарии: Array
(
)

Собранные комментарии (для лога): 
Comments: Брянская область (300000)
Город: Брянская область

Отправка комментариев в Bitrix: ДА
Поля для Bitrix: Array
(
    [NAME] => Максим
    [PHONE] => Array
        (
            [0] => Array
                (
                    [VALUE] => 79964470113
                    [VALUE_TYPE] => MOBILE
                )

        )

    [ASSIGNED_BY_ID] => 1
    [TITLE] => Новая заявка - 79964470113
    [OPENED] => Y
    [STATUS_ID] => NEW
    [SOURCE_ID] => 1096
    [COMMENTS] => <b>Comments:</b> Брянская область (300000)<br><b>Город:</b> Брянская область<br>
)

Bitrix Response: {"result":653603,"time":{"start":1771769641,"finish":1771769643.011637,"duration":2.011636972427368,"processing":2,"date_start":"2026-02-22T17:14:01+03:00","date_finish":"2026-02-22T17:14:03+03:00","operating_reset_at":1771770241,"operating":1.8898069858551025}}
Статус: Успешно (Lead ID: 653603)
--------------------------------------------------

Время: 23.02.2026 13:47:00
Сервис: ЯД+ВК
From: Заявка из ЯД+ВК
Клиент: Array
(
    [name] => Марина
    [phone] => 79532871421
    [email] => 
)

Город: Брянск (ID: не найден)
RAW Input: {"name":"Марина","phone":"79532871421","gorod":"Брянск","Comments":"Брянск (300000) "}
POST: Array
(
)

Quiz/Комментарии: Array
(
)

Собранные комментарии (для лога): 
Comments: Брянск (300000)
Город: Брянск

Отправка комментариев в Bitrix: ДА
Поля для Bitrix: Array
(
    [NAME] => Марина
    [PHONE] => Array
        (
            [0] => Array
                (
                    [VALUE] => 79532871421
                    [VALUE_TYPE] => MOBILE
                )

        )

    [ASSIGNED_BY_ID] => 1
    [TITLE] => Новая заявка - 79532871421
    [OPENED] => Y
    [STATUS_ID] => NEW
    [SOURCE_ID] => 1096
    [COMMENTS] => <b>Comments:</b> Брянск (300000)<br><b>Город:</b> Брянск<br>
)

Bitrix Response: {"result":653741,"time":{"start":1771843620,"finish":1771843622.919527,"duration":2.919527053833008,"processing":2,"date_start":"2026-02-23T13:47:00+03:00","date_finish":"2026-02-23T13:47:02+03:00","operating_reset_at":1771844220,"operating":2.06461501121521}}
Статус: Успешно (Lead ID: 653741)
--------------------------------------------------

Время: 24.02.2026 10:48:00
Сервис: ЯД+ВК
From: Заявка из ЯД+ВК
Клиент: Array
(
    [name] => Елена Васильевна
    [phone] => 79006952299
    [email] => 
)

Город: Брянск (ID: не найден)
RAW Input: {"name":"Елена Васильевна","phone":"79006952299","gorod":"Брянск","Comments":"Брянск (300000) "}
POST: Array
(
)

Quiz/Комментарии: Array
(
)

Собранные комментарии (для лога): 
Comments: Брянск (300000)
Город: Брянск

Отправка комментариев в Bitrix: ДА
Поля для Bitrix: Array
(
    [NAME] => Елена Васильевна
    [PHONE] => Array
        (
            [0] => Array
                (
                    [VALUE] => 79006952299
                    [VALUE_TYPE] => MOBILE
                )

        )

    [ASSIGNED_BY_ID] => 1
    [TITLE] => Новая заявка - 79006952299
    [OPENED] => Y
    [STATUS_ID] => NEW
    [SOURCE_ID] => 1096
    [COMMENTS] => <b>Comments:</b> Брянск (300000)<br><b>Город:</b> Брянск<br>
)

Bitrix Response: {"result":654017,"time":{"start":1771919280,"finish":1771919284.400049,"duration":4.4000489711761475,"processing":4,"date_start":"2026-02-24T10:48:00+03:00","date_finish":"2026-02-24T10:48:04+03:00","operating_reset_at":1771919880,"operating":8.529201030731201}}
Статус: Успешно (Lead ID: 654017)
--------------------------------------------------

Время: 24.02.2026 18:04:00
Сервис: ЯД+ВК
From: Заявка из ЯД+ВК
Клиент: Array
(
    [name] => Светлана
    [phone] => 79003597146
    [email] => 
)

Город: Брянск (ID: не найден)
RAW Input: {"name":"Светлана","phone":"79003597146","gorod":"Брянск","Comments":"Брянск (300000) "}
POST: Array
(
)

Quiz/Комментарии: Array
(
)

Собранные комментарии (для лога): 
Comments: Брянск (300000)
Город: Брянск

Отправка комментариев в Bitrix: ДА
Поля для Bitrix: Array
(
    [NAME] => Светлана
    [PHONE] => Array
        (
            [0] => Array
                (
                    [VALUE] => 79003597146
                    [VALUE_TYPE] => MOBILE
                )

        )

    [ASSIGNED_BY_ID] => 1
    [TITLE] => Новая заявка - 79003597146
    [OPENED] => Y
    [STATUS_ID] => NEW
    [SOURCE_ID] => 1096
    [COMMENTS] => <b>Comments:</b> Брянск (300000)<br><b>Город:</b> Брянск<br>
)

Bitrix Response: {"result":654563,"time":{"start":1771945440,"finish":1771945442.65929,"duration":2.659290075302124,"processing":2,"date_start":"2026-02-24T18:04:00+03:00","date_finish":"2026-02-24T18:04:02+03:00","operating_reset_at":1771946040,"operating":4.380083084106445}}
Статус: Успешно (Lead ID: 654563)
--------------------------------------------------

Время: 24.02.2026 18:06:00
Сервис: ЯД+ВК
From: Заявка из ЯД+ВК
Клиент: Array
(
    [name] => Сергей
    [phone] => 79003584025
    [email] => 
)

Город: Брянск (ID: не найден)
RAW Input: {"name":"Сергей","phone":"79003584025","gorod":"Брянск","Comments":"Брянск (300000) "}
POST: Array
(
)

Quiz/Комментарии: Array
(
)

Собранные комментарии (для лога): 
Comments: Брянск (300000)
Город: Брянск

Отправка комментариев в Bitrix: ДА
Поля для Bitrix: Array
(
    [NAME] => Сергей
    [PHONE] => Array
        (
            [0] => Array
                (
                    [VALUE] => 79003584025
                    [VALUE_TYPE] => MOBILE
                )

        )

    [ASSIGNED_BY_ID] => 1
    [TITLE] => Новая заявка - 79003584025
    [OPENED] => Y
    [STATUS_ID] => NEW
    [SOURCE_ID] => 1096
    [COMMENTS] => <b>Comments:</b> Брянск (300000)<br><b>Город:</b> Брянск<br>
)

Bitrix Response: {"result":654565,"time":{"start":1771945560,"finish":1771945562.544724,"duration":2.5447239875793457,"processing":2,"date_start":"2026-02-24T18:06:00+03:00","date_finish":"2026-02-24T18:06:02+03:00","operating_reset_at":1771946160,"operating":6.32448410987854}}
Статус: Успешно (Lead ID: 654565)
--------------------------------------------------

Время: 24.02.2026 18:07:00
Сервис: ЯД+ВК
From: Заявка из ЯД+ВК
Клиент: Array
(
    [name] => Заури
    [phone] => 79532842475
    [email] => 
)

Город: Брянск (ID: не найден)
RAW Input: {"name":"Заури","phone":"79532842475","gorod":"Брянск","Comments":"Брянск (300000) "}
POST: Array
(
)

Quiz/Комментарии: Array
(
)

Собранные комментарии (для лога): 
Comments: Брянск (300000)
Город: Брянск

Отправка комментариев в Bitrix: ДА
Поля для Bitrix: Array
(
    [NAME] => Заури
    [PHONE] => Array
        (
            [0] => Array
                (
                    [VALUE] => 79532842475
                    [VALUE_TYPE] => MOBILE
                )

        )

    [ASSIGNED_BY_ID] => 1
    [TITLE] => Новая заявка - 79532842475
    [OPENED] => Y
    [STATUS_ID] => NEW
    [SOURCE_ID] => 1096
    [COMMENTS] => <b>Comments:</b> Брянск (300000)<br><b>Город:</b> Брянск<br>
)

Bitrix Response: {"result":654567,"time":{"start":1771945620,"finish":1771945622.649441,"duration":2.6494410037994385,"processing":2,"date_start":"2026-02-24T18:07:00+03:00","date_finish":"2026-02-24T18:07:02+03:00","operating_reset_at":1771946220,"operating":8.451855182647705}}
Статус: Успешно (Lead ID: 654567)
--------------------------------------------------

Время: 24.02.2026 18:08:00
Сервис: ЯД+ВК
From: Заявка из ЯД+ВК
Клиент: Array
(
    [name] => Николай
    [phone] => 79952486641
    [email] => 
)

Город: Брянск (ID: не найден)
RAW Input: {"name":"Николай","phone":"79952486641","gorod":"Брянск","Comments":"Брянск (300000) "}
POST: Array
(
)

Quiz/Комментарии: Array
(
)

Собранные комментарии (для лога): 
Comments: Брянск (300000)
Город: Брянск

Отправка комментариев в Bitrix: ДА
Поля для Bitrix: Array
(
    [NAME] => Николай
    [PHONE] => Array
        (
            [0] => Array
                (
                    [VALUE] => 79952486641
                    [VALUE_TYPE] => MOBILE
                )

        )

    [ASSIGNED_BY_ID] => 1
    [TITLE] => Новая заявка - 79952486641
    [OPENED] => Y
    [STATUS_ID] => NEW
    [SOURCE_ID] => 1096
    [COMMENTS] => <b>Comments:</b> Брянск (300000)<br><b>Город:</b> Брянск<br>
)

Bitrix Response: {"result":654569,"time":{"start":1771945680,"finish":1771945682.602107,"duration":2.602107048034668,"processing":2,"date_start":"2026-02-24T18:08:00+03:00","date_finish":"2026-02-24T18:08:02+03:00","operating_reset_at":1771946280,"operating":10.515713214874268}}
Статус: Успешно (Lead ID: 654569)
--------------------------------------------------

Время: 25.02.2026 18:02:00
Сервис: ЯД+ВК
From: Заявка из ЯД+ВК
Клиент: Array
(
    [name] => Валерий Петрович
    [phone] => 79003743942
    [email] => 
)

Город: Брянск (ID: не найден)
RAW Input: {"name":"Валерий Петрович","phone":"79003743942","gorod":"Брянск","Comments":"Брянск (300000) "}
POST: Array
(
)

Quiz/Комментарии: Array
(
)

Собранные комментарии (для лога): 
Comments: Брянск (300000)
Город: Брянск

Отправка комментариев в Bitrix: ДА
Поля для Bitrix: Array
(
    [NAME] => Валерий Петрович
    [PHONE] => Array
        (
            [0] => Array
                (
                    [VALUE] => 79003743942
                    [VALUE_TYPE] => MOBILE
                )

        )

    [ASSIGNED_BY_ID] => 1
    [TITLE] => Новая заявка - 79003743942
    [OPENED] => Y
    [STATUS_ID] => NEW
    [SOURCE_ID] => 1096
    [COMMENTS] => <b>Comments:</b> Брянск (300000)<br><b>Город:</b> Брянск<br>
)

Bitrix Response: {"result":655415,"time":{"start":1772031720,"finish":1772031722.84256,"duration":2.842560052871704,"processing":2,"date_start":"2026-02-25T18:02:00+03:00","date_finish":"2026-02-25T18:02:02+03:00","operating_reset_at":1772032320,"operating":2.2361648082733154}}
Статус: Успешно (Lead ID: 655415)
--------------------------------------------------

Время: 26.02.2026 13:32:00
Сервис: ЯД+ВК
From: Заявка из ЯД+ВК
Клиент: Array
(
    [name] => Сергей Николаевич
    [phone] => 79003651325
    [email] => 
)

Город: Брянск (ID: не найден)
RAW Input: {"name":"Сергей Николаевич","phone":"79003651325","gorod":"Брянск","Comments":"Брянск (300000) "}
POST: Array
(
)

Quiz/Комментарии: Array
(
)

Собранные комментарии (для лога): 
Comments: Брянск (300000)
Город: Брянск

Отправка комментариев в Bitrix: ДА
Поля для Bitrix: Array
(
    [NAME] => Сергей Николаевич
    [PHONE] => Array
        (
            [0] => Array
                (
                    [VALUE] => 79003651325
                    [VALUE_TYPE] => MOBILE
                )

        )

    [ASSIGNED_BY_ID] => 1
    [TITLE] => Новая заявка - 79003651325
    [OPENED] => Y
    [STATUS_ID] => NEW
    [SOURCE_ID] => 1096
    [COMMENTS] => <b>Comments:</b> Брянск (300000)<br><b>Город:</b> Брянск<br>
)

Bitrix Response: {"result":655885,"time":{"start":1772101921,"finish":1772101923.723629,"duration":2.7236289978027344,"processing":2,"date_start":"2026-02-26T13:32:01+03:00","date_finish":"2026-02-26T13:32:03+03:00","operating_reset_at":1772102521,"operating":10.40315580368042}}
Статус: Успешно (Lead ID: 655885)
--------------------------------------------------

Время: 26.02.2026 13:33:00
Сервис: ЯД+ВК
From: Заявка из ЯД+ВК
Клиент: Array
(
    [name] => Есаи
    [phone] => 79003670725
    [email] => 
)

Город: Брянск (ID: не найден)
RAW Input: {"name":"Есаи","phone":"79003670725","gorod":"Брянск","Comments":"Брянск (300000) "}
POST: Array
(
)

Quiz/Комментарии: Array
(
)

Собранные комментарии (для лога): 
Comments: Брянск (300000)
Город: Брянск

Отправка комментариев в Bitrix: ДА
Поля для Bitrix: Array
(
    [NAME] => Есаи
    [PHONE] => Array
        (
            [0] => Array
                (
                    [VALUE] => 79003670725
                    [VALUE_TYPE] => MOBILE
                )

        )

    [ASSIGNED_BY_ID] => 1
    [TITLE] => Новая заявка - 79003670725
    [OPENED] => Y
    [STATUS_ID] => NEW
    [SOURCE_ID] => 1096
    [COMMENTS] => <b>Comments:</b> Брянск (300000)<br><b>Город:</b> Брянск<br>
)

Bitrix Response: {"result":655887,"time":{"start":1772101980,"finish":1772101982.757769,"duration":2.7577691078186035,"processing":2,"date_start":"2026-02-26T13:33:00+03:00","date_finish":"2026-02-26T13:33:02+03:00","operating_reset_at":1772102580,"operating":12.638481855392456}}
Статус: Успешно (Lead ID: 655887)
--------------------------------------------------

Время: 26.02.2026 13:34:00
Сервис: ЯД+ВК
From: Заявка из ЯД+ВК
Клиент: Array
(
    [name] => Ольга Геннадьевна
    [phone] => 79003748329
    [email] => 
)

Город: Брянск (ID: не найден)
RAW Input: {"name":"Ольга Геннадьевна","phone":"79003748329","gorod":"Брянск","Comments":"Брянск (300000) "}
POST: Array
(
)

Quiz/Комментарии: Array
(
)

Собранные комментарии (для лога): 
Comments: Брянск (300000)
Город: Брянск

Отправка комментариев в Bitrix: ДА
Поля для Bitrix: Array
(
    [NAME] => Ольга Геннадьевна
    [PHONE] => Array
        (
            [0] => Array
                (
                    [VALUE] => 79003748329
                    [VALUE_TYPE] => MOBILE
                )

        )

    [ASSIGNED_BY_ID] => 1
    [TITLE] => Новая заявка - 79003748329
    [OPENED] => Y
    [STATUS_ID] => NEW
    [SOURCE_ID] => 1096
    [COMMENTS] => <b>Comments:</b> Брянск (300000)<br><b>Город:</b> Брянск<br>
)

Bitrix Response: {"result":655889,"time":{"start":1772102040,"finish":1772102042.801837,"duration":2.8018369674682617,"processing":2,"date_start":"2026-02-26T13:34:00+03:00","date_finish":"2026-02-26T13:34:02+03:00","operating_reset_at":1772102640,"operating":12.48373794555664}}
Статус: Успешно (Lead ID: 655889)
--------------------------------------------------

