Время: 20.02.2026 12:02:49
Сервис: ЯД+Робот
From: Заявка из ЯД+Робот
Клиент: Array
(
    [name] => Гешаян Владимир
    [phone] => 79605637148
    [email] => 
)

Город: не определён (ID: не найден)
RAW Input: {"Comments":"Регион - Брянская обл. Сумма долга - 300000.00","name":"Гешаян Владимир ","phone":"79605637148"}
POST: Array
(
)

Quiz/Комментарии: Array
(
)

Собранные комментарии (для лога): 
Comments: Регион - Брянская обл. Сумма долга - 300000.00

Отправка комментариев в Bitrix: ДА
Поля для Bitrix: Array
(
    [NAME] => Гешаян Владимир
    [PHONE] => Array
        (
            [0] => Array
                (
                    [VALUE] => 79605637148
                    [VALUE_TYPE] => MOBILE
                )

        )

    [ASSIGNED_BY_ID] => 1
    [TITLE] => Новая заявка - 79605637148
    [OPENED] => Y
    [STATUS_ID] => NEW
    [SOURCE_ID] => 836
    [COMMENTS] => <b>Comments:</b> Регион - Брянская обл. Сумма долга - 300000.00<br>
)

Bitrix Response: {"result":652743,"time":{"start":1771578169,"finish":1771578172.277533,"duration":3.2775330543518066,"processing":3,"date_start":"2026-02-20T12:02:49+03:00","date_finish":"2026-02-20T12:02:52+03:00","operating_reset_at":1771578769,"operating":7.640918970108032}}
Статус: Успешно (Lead ID: 652743)
--------------------------------------------------

Время: 24.02.2026 15:19:30
Сервис: ЯД+Робот
From: Заявка из ЯД+Робот
Клиент: Array
(
    [name] => Александр
    [phone] => 79529665752
    [email] => 
)

Город: не определён (ID: не найден)
RAW Input: {"Comments":"Регион - Брянская обл. Сумма долга - 350000.00","name":" Александр ","phone":"79529665752"}
POST: Array
(
)

Quiz/Комментарии: Array
(
)

Собранные комментарии (для лога): 
Comments: Регион - Брянская обл. Сумма долга - 350000.00

Отправка комментариев в Bitrix: ДА
Поля для Bitrix: Array
(
    [NAME] => Александр
    [PHONE] => Array
        (
            [0] => Array
                (
                    [VALUE] => 79529665752
                    [VALUE_TYPE] => MOBILE
                )

        )

    [ASSIGNED_BY_ID] => 1
    [TITLE] => Новая заявка - 79529665752
    [OPENED] => Y
    [STATUS_ID] => NEW
    [SOURCE_ID] => 836
    [COMMENTS] => <b>Comments:</b> Регион - Брянская обл. Сумма долга - 350000.00<br>
)

Bitrix Response: {"result":654339,"time":{"start":1771935570,"finish":1771935572.823314,"duration":2.8233139514923096,"processing":2,"date_start":"2026-02-24T15:19:30+03:00","date_finish":"2026-02-24T15:19:32+03:00","operating_reset_at":1771936170,"operating":4.3101890087127686}}
Статус: Успешно (Lead ID: 654339)
--------------------------------------------------

Время: 25.02.2026 15:44:26
Сервис: ЯД+Робот
From: Заявка из ЯД+Робот
Клиент: Array
(
    [name] => Блынду Виктор Григорьевич
    [phone] => 79803317621
    [email] => 
)

Город: не определён (ID: не найден)
RAW Input: {"Comments":"Регион - Брянская обл. Сумма долга - 300000.00","name":" Блынду Виктор Григорьевич ","phone":"79803317621"}
POST: Array
(
)

Quiz/Комментарии: Array
(
)

Собранные комментарии (для лога): 
Comments: Регион - Брянская обл. Сумма долга - 300000.00

Отправка комментариев в Bitrix: ДА
Поля для Bitrix: Array
(
    [NAME] => Блынду Виктор Григорьевич
    [PHONE] => Array
        (
            [0] => Array
                (
                    [VALUE] => 79803317621
                    [VALUE_TYPE] => MOBILE
                )

        )

    [ASSIGNED_BY_ID] => 1
    [TITLE] => Новая заявка - 79803317621
    [OPENED] => Y
    [STATUS_ID] => NEW
    [SOURCE_ID] => 836
    [COMMENTS] => <b>Comments:</b> Регион - Брянская обл. Сумма долга - 300000.00<br>
)

Bitrix Response: {"result":655235,"time":{"start":1772023466,"finish":1772023469.222404,"duration":3.2224040031433105,"processing":3,"date_start":"2026-02-25T15:44:26+03:00","date_finish":"2026-02-25T15:44:29+03:00","operating_reset_at":1772024066,"operating":12.149671792984009}}
Статус: Успешно (Lead ID: 655235)
--------------------------------------------------

Время: 26.02.2026 13:57:21
Сервис: ЯД+Робот
From: Заявка из ЯД+Робот
Клиент: Array
(
    [name] => Наталья
    [phone] => 79621337366
    [email] => 
)

Город: не определён (ID: не найден)
RAW Input: {"Comments":"Регион - Брянская обл. Сумма долга - 2000000.00","name":" Наталья ","phone":"79621337366"}
POST: Array
(
)

Quiz/Комментарии: Array
(
)

Собранные комментарии (для лога): 
Comments: Регион - Брянская обл. Сумма долга - 2000000.00

Отправка комментариев в Bitrix: ДА
Поля для Bitrix: Array
(
    [NAME] => Наталья
    [PHONE] => Array
        (
            [0] => Array
                (
                    [VALUE] => 79621337366
                    [VALUE_TYPE] => MOBILE
                )

        )

    [ASSIGNED_BY_ID] => 1
    [TITLE] => Новая заявка - 79621337366
    [OPENED] => Y
    [STATUS_ID] => NEW
    [SOURCE_ID] => 836
    [COMMENTS] => <b>Comments:</b> Регион - Брянская обл. Сумма долга - 2000000.00<br>
)

Bitrix Response: {"result":655923,"time":{"start":1772103441,"finish":1772103443.446913,"duration":2.446913003921509,"processing":2,"date_start":"2026-02-26T13:57:21+03:00","date_finish":"2026-02-26T13:57:23+03:00","operating_reset_at":1772104041,"operating":12.679897785186768}}
Статус: Успешно (Lead ID: 655923)
--------------------------------------------------

