Время: 24.02.2026 13:13:39
Сервис: ЯД+ВК+КЦ
From: Заявка из ЯД+ВК+КЦ
Клиент: Array
(
    [name] => Дмитрий
    [phone] => 79158071047
    [email] => 
)

Город: Суземка, Брянская область (ID: не найден)
RAW Input: {"name": "\u0414\u043c\u0438\u0442\u0440\u0438\u0439", "Comments": "\u0421\u0443\u043c\u043c\u0430 \u0434\u043e\u043b\u0433\u043e\u0432: \u043e\u0442 250 \u0442\u044b\u0441. \u0434\u043e 500 \u0442\u044b\u0441.\u0440\u0443\u0431.. \n\u0422\u0438\u043f \u0434\u043e\u043b\u0433\u0430: . \n\u0418\u043f\u043e\u0442\u0435\u043a\u0430: \u043d\u0435\u0442.\n \u0420\u0435\u0433\u0438\u043e\u043d: \u0421\u0443\u0437\u0435\u043c\u043a\u0430, \u0411\u0440\u044f\u043d\u0441\u043a\u0430\u044f \u043e\u0431\u043b\u0430\u0441\u0442\u044c. \n\u0414\u043e\u043f\u043e\u043b\u043d\u0438\u0442\u0435\u043b\u044c\u043d\u0430\u044f \u0438\u043d\u0444\u043e\u0440\u043c\u0430\u0446\u0438\u044f: ", "phone": "79158071047", "Gorod": "\u0421\u0443\u0437\u0435\u043c\u043a\u0430, \u0411\u0440\u044f\u043d\u0441\u043a\u0430\u044f \u043e\u0431\u043b\u0430\u0441\u0442\u044c"}
POST: Array
(
)

Quiz/Комментарии: Array
(
)

Собранные комментарии (для лога): 
Comments: Сумма долгов: от 250 тыс. до 500 тыс.руб.. 
Тип долга: . 
Ипотека: нет.
 Регион: Суземка, Брянская область. 
Дополнительная информация:
Город: Суземка, Брянская область

Отправка комментариев в Bitrix: ДА
Поля для Bitrix: Array
(
    [NAME] => Дмитрий
    [PHONE] => Array
        (
            [0] => Array
                (
                    [VALUE] => 79158071047
                    [VALUE_TYPE] => MOBILE
                )

        )

    [ASSIGNED_BY_ID] => 1
    [TITLE] => Новая заявка - 79158071047
    [OPENED] => Y
    [STATUS_ID] => NEW
    [SOURCE_ID] => 690
    [COMMENTS] => <b>Comments:</b> Сумма долгов: от 250 тыс. до 500 тыс.руб.. 
Тип долга: . 
Ипотека: нет.
 Регион: Суземка, Брянская область. 
Дополнительная информация:<br><b>Город:</b> Суземка, Брянская область<br>
)

Bitrix Response: {"result":654217,"time":{"start":1771928019,"finish":1771928021.876235,"duration":2.876235008239746,"processing":2,"date_start":"2026-02-24T13:13:39+03:00","date_finish":"2026-02-24T13:13:41+03:00","operating_reset_at":1771928619,"operating":4.334798097610474}}
Статус: Успешно (Lead ID: 654217)
--------------------------------------------------

Время: 24.02.2026 18:55:26
Сервис: ЯД+ВК+КЦ
From: Заявка из ЯД+ВК+КЦ
Клиент: Array
(
    [name] => Наталья
    [phone] => 79102910705
    [email] => 
)

Город: Брянск, Брянская область (ID: не найден)
RAW Input: {"name": "\u041d\u0430\u0442\u0430\u043b\u044c\u044f", "Comments": "\u0421\u0443\u043c\u043c\u0430 \u0434\u043e\u043b\u0433\u043e\u0432: \u043e\u0442 500 \u0442\u044b\u0441. \u0434\u043e 1 \u043c\u043b\u043d.\u0440\u0443\u0431.. \n\u0422\u0438\u043f \u0434\u043e\u043b\u0433\u0430: . \n\u0418\u043f\u043e\u0442\u0435\u043a\u0430: \u043d\u0435\u0442.\n \u0420\u0435\u0433\u0438\u043e\u043d: \u0411\u0440\u044f\u043d\u0441\u043a, \u0411\u0440\u044f\u043d\u0441\u043a\u0430\u044f \u043e\u0431\u043b\u0430\u0441\u0442\u044c. \n\u0414\u043e\u043f\u043e\u043b\u043d\u0438\u0442\u0435\u043b\u044c\u043d\u0430\u044f \u0438\u043d\u0444\u043e\u0440\u043c\u0430\u0446\u0438\u044f: ", "phone": "79102910705", "Gorod": "\u0411\u0440\u044f\u043d\u0441\u043a, \u0411\u0440\u044f\u043d\u0441\u043a\u0430\u044f \u043e\u0431\u043b\u0430\u0441\u0442\u044c"}
POST: Array
(
)

Quiz/Комментарии: Array
(
)

Собранные комментарии (для лога): 
Comments: Сумма долгов: от 500 тыс. до 1 млн.руб.. 
Тип долга: . 
Ипотека: нет.
 Регион: Брянск, Брянская область. 
Дополнительная информация:
Город: Брянск, Брянская область

Отправка комментариев в Bitrix: ДА
Поля для Bitrix: Array
(
    [NAME] => Наталья
    [PHONE] => Array
        (
            [0] => Array
                (
                    [VALUE] => 79102910705
                    [VALUE_TYPE] => MOBILE
                )

        )

    [ASSIGNED_BY_ID] => 1
    [TITLE] => Новая заявка - 79102910705
    [OPENED] => Y
    [STATUS_ID] => NEW
    [SOURCE_ID] => 690
    [COMMENTS] => <b>Comments:</b> Сумма долгов: от 500 тыс. до 1 млн.руб.. 
Тип долга: . 
Ипотека: нет.
 Регион: Брянск, Брянская область. 
Дополнительная информация:<br><b>Город:</b> Брянск, Брянская область<br>
)

Bitrix Response: {"result":654595,"time":{"start":1771948526,"finish":1771948528.123811,"duration":2.1238110065460205,"processing":2,"date_start":"2026-02-24T18:55:26+03:00","date_finish":"2026-02-24T18:55:28+03:00","operating_reset_at":1771949126,"operating":2.009618043899536}}
Статус: Успешно (Lead ID: 654595)
--------------------------------------------------

Время: 25.02.2026 14:17:03
Сервис: ЯД+ВК+КЦ
From: Заявка из ЯД+ВК+КЦ
Клиент: Array
(
    [name] => Евгений
    [phone] => 79102916462
    [email] => 
)

Город: Клинцы, Брянская область (ID: не найден)
RAW Input: {"name": "\u0415\u0432\u0433\u0435\u043d\u0438\u0439", "Comments": "\u0421\u0443\u043c\u043c\u0430 \u0434\u043e\u043b\u0433\u043e\u0432: 380 \u0442\u044b\u0441. \n\u0422\u0438\u043f \u0434\u043e\u043b\u0433\u0430: \u043a\u0440\u0435\u0434\u0438\u0442\u043d\u044b\u0435. \n\u0418\u043f\u043e\u0442\u0435\u043a\u0430: \u043d\u0435\u0442.\n \u0420\u0435\u0433\u0438\u043e\u043d: \u041a\u043b\u0438\u043d\u0446\u044b, \u0411\u0440\u044f\u043d\u0441\u043a\u0430\u044f \u043e\u0431\u043b\u0430\u0441\u0442\u044c. \n\u0414\u043e\u043f\u043e\u043b\u043d\u0438\u0442\u0435\u043b\u044c\u043d\u0430\u044f \u0438\u043d\u0444\u043e\u0440\u043c\u0430\u0446\u0438\u044f: ", "phone": "79102916462", "Gorod": "\u041a\u043b\u0438\u043d\u0446\u044b, \u0411\u0440\u044f\u043d\u0441\u043a\u0430\u044f \u043e\u0431\u043b\u0430\u0441\u0442\u044c"}
POST: Array
(
)

Quiz/Комментарии: Array
(
)

Собранные комментарии (для лога): 
Comments: Сумма долгов: 380 тыс. 
Тип долга: кредитные. 
Ипотека: нет.
 Регион: Клинцы, Брянская область. 
Дополнительная информация:
Город: Клинцы, Брянская область

Отправка комментариев в Bitrix: ДА
Поля для Bitrix: Array
(
    [NAME] => Евгений
    [PHONE] => Array
        (
            [0] => Array
                (
                    [VALUE] => 79102916462
                    [VALUE_TYPE] => MOBILE
                )

        )

    [ASSIGNED_BY_ID] => 1
    [TITLE] => Новая заявка - 79102916462
    [OPENED] => Y
    [STATUS_ID] => NEW
    [SOURCE_ID] => 690
    [COMMENTS] => <b>Comments:</b> Сумма долгов: 380 тыс. 
Тип долга: кредитные. 
Ипотека: нет.
 Регион: Клинцы, Брянская область. 
Дополнительная информация:<br><b>Город:</b> Клинцы, Брянская область<br>
)

Bitrix Response: {"result":655103,"time":{"start":1772018223,"finish":1772018225.422575,"duration":2.422574996948242,"processing":2,"date_start":"2026-02-25T14:17:03+03:00","date_finish":"2026-02-25T14:17:05+03:00","operating_reset_at":1772018823,"operating":15.137976884841919}}
Статус: Успешно (Lead ID: 655103)
--------------------------------------------------

Время: 26.02.2026 11:13:59
Сервис: ЯД+ВК+КЦ
From: Заявка из ЯД+ВК+КЦ
Клиент: Array
(
    [name] => Александр
    [phone] => 79003717327
    [email] => 
)

Город: Клинцы, Брянская область (ID: не найден)
RAW Input: {"name": "\u0410\u043b\u0435\u043a\u0441\u0430\u043d\u0434\u0440", "Comments": "\u0421\u0443\u043c\u043c\u0430 \u0434\u043e\u043b\u0433\u043e\u0432: \u0431\u043e\u043b\u0435\u0435 250 \u0442\u044b\u0441. \n\u0422\u0438\u043f \u0434\u043e\u043b\u0433\u0430: \u041a\u0440\u0435\u0434\u0438\u0442\u043d\u044b\u0435 \u0438 \u043c\u0444\u043e. \n\u0418\u043f\u043e\u0442\u0435\u043a\u0430: \u043d\u0435\u0442.\n \u0420\u0435\u0433\u0438\u043e\u043d: \u041a\u043b\u0438\u043d\u0446\u044b, \u0411\u0440\u044f\u043d\u0441\u043a\u0430\u044f \u043e\u0431\u043b\u0430\u0441\u0442\u044c. \n\u0414\u043e\u043f\u043e\u043b\u043d\u0438\u0442\u0435\u043b\u044c\u043d\u0430\u044f \u0438\u043d\u0444\u043e\u0440\u043c\u0430\u0446\u0438\u044f: ", "phone": "79003717327", "Gorod": "\u041a\u043b\u0438\u043d\u0446\u044b, \u0411\u0440\u044f\u043d\u0441\u043a\u0430\u044f \u043e\u0431\u043b\u0430\u0441\u0442\u044c"}
POST: Array
(
)

Quiz/Комментарии: Array
(
)

Собранные комментарии (для лога): 
Comments: Сумма долгов: более 250 тыс. 
Тип долга: Кредитные и мфо. 
Ипотека: нет.
 Регион: Клинцы, Брянская область. 
Дополнительная информация:
Город: Клинцы, Брянская область

Отправка комментариев в Bitrix: ДА
Поля для Bitrix: Array
(
    [NAME] => Александр
    [PHONE] => Array
        (
            [0] => Array
                (
                    [VALUE] => 79003717327
                    [VALUE_TYPE] => MOBILE
                )

        )

    [ASSIGNED_BY_ID] => 1
    [TITLE] => Новая заявка - 79003717327
    [OPENED] => Y
    [STATUS_ID] => NEW
    [SOURCE_ID] => 690
    [COMMENTS] => <b>Comments:</b> Сумма долгов: более 250 тыс. 
Тип долга: Кредитные и мфо. 
Ипотека: нет.
 Регион: Клинцы, Брянская область. 
Дополнительная информация:<br><b>Город:</b> Клинцы, Брянская область<br>
)

Bitrix Response: {"result":655713,"time":{"start":1772093639,"finish":1772093641.47691,"duration":2.47691011428833,"processing":2,"date_start":"2026-02-26T11:13:59+03:00","date_finish":"2026-02-26T11:14:01+03:00","operating_reset_at":1772094239,"operating":11.812642097473145}}
Статус: Успешно (Lead ID: 655713)
--------------------------------------------------

Время: 26.02.2026 16:51:14
Сервис: ЯД+ВК+КЦ
From: Заявка из ЯД+ВК+КЦ
Клиент: Array
(
    [name] => НИНА
    [phone] => 79506920802
    [email] => 
)

Город: Брянск, Брянская область (ID: не найден)
RAW Input: {"name": "\u041d\u0418\u041d\u0410", "Comments": "\u0421\u0443\u043c\u043c\u0430 \u0434\u043e\u043b\u0433\u043e\u0432: \u043e\u0442 500 \u0442\u044b\u0441. \u0434\u043e 1 \u043c\u043b\u043d.\u0440\u0443\u0431.. \n\u0422\u0438\u043f \u0434\u043e\u043b\u0433\u0430: . \n\u0418\u043f\u043e\u0442\u0435\u043a\u0430: \u043d\u0435\u0442.\n \u0420\u0435\u0433\u0438\u043e\u043d: \u0411\u0440\u044f\u043d\u0441\u043a, \u0411\u0440\u044f\u043d\u0441\u043a\u0430\u044f \u043e\u0431\u043b\u0430\u0441\u0442\u044c. \n\u0414\u043e\u043f\u043e\u043b\u043d\u0438\u0442\u0435\u043b\u044c\u043d\u0430\u044f \u0438\u043d\u0444\u043e\u0440\u043c\u0430\u0446\u0438\u044f: ", "phone": "79506920802", "Gorod": "\u0411\u0440\u044f\u043d\u0441\u043a, \u0411\u0440\u044f\u043d\u0441\u043a\u0430\u044f \u043e\u0431\u043b\u0430\u0441\u0442\u044c"}
POST: Array
(
)

Quiz/Комментарии: Array
(
)

Собранные комментарии (для лога): 
Comments: Сумма долгов: от 500 тыс. до 1 млн.руб.. 
Тип долга: . 
Ипотека: нет.
 Регион: Брянск, Брянская область. 
Дополнительная информация:
Город: Брянск, Брянская область

Отправка комментариев в Bitrix: ДА
Поля для Bitrix: Array
(
    [NAME] => НИНА
    [PHONE] => Array
        (
            [0] => Array
                (
                    [VALUE] => 79506920802
                    [VALUE_TYPE] => MOBILE
                )

        )

    [ASSIGNED_BY_ID] => 1
    [TITLE] => Новая заявка - 79506920802
    [OPENED] => Y
    [STATUS_ID] => NEW
    [SOURCE_ID] => 690
    [COMMENTS] => <b>Comments:</b> Сумма долгов: от 500 тыс. до 1 млн.руб.. 
Тип долга: . 
Ипотека: нет.
 Регион: Брянск, Брянская область. 
Дополнительная информация:<br><b>Город:</b> Брянск, Брянская область<br>
)

Bitrix Response: {"result":656161,"time":{"start":1772113874,"finish":1772113877.127378,"duration":3.127377986907959,"processing":2,"date_start":"2026-02-26T16:51:14+03:00","date_finish":"2026-02-26T16:51:17+03:00","operating_reset_at":1772114475,"operating":4.265097141265869}}
Статус: Успешно (Lead ID: 656161)
--------------------------------------------------

Время: 26.02.2026 17:46:10
Сервис: ЯД+ВК+КЦ
From: Заявка из ЯД+ВК+КЦ
Клиент: Array
(
    [name] => Ольга
    [phone] => 79003669579
    [email] => 
)

Город: Навлинский район, Брянская область (ID: не найден)
RAW Input: {"name": "\u041e\u043b\u044c\u0433\u0430", "Comments": "\u0421\u0443\u043c\u043c\u0430 \u0434\u043e\u043b\u0433\u043e\u0432: 400 \u0442\u044b\u0441. \n\u0422\u0438\u043f \u0434\u043e\u043b\u0433\u0430: \u041a\u0440\u0435\u0434\u0438\u0442\u043d\u044b\u0435. \n\u0418\u043f\u043e\u0442\u0435\u043a\u0430: \u043d\u0435\u0442.\n \u0420\u0435\u0433\u0438\u043e\u043d: \u041d\u0430\u0432\u043b\u0438\u043d\u0441\u043a\u0438\u0439 \u0440\u0430\u0439\u043e\u043d, \u0411\u0440\u044f\u043d\u0441\u043a\u0430\u044f \u043e\u0431\u043b\u0430\u0441\u0442\u044c. \n\u0414\u043e\u043f\u043e\u043b\u043d\u0438\u0442\u0435\u043b\u044c\u043d\u0430\u044f \u0438\u043d\u0444\u043e\u0440\u043c\u0430\u0446\u0438\u044f: ", "phone": "79003669579", "Gorod": "\u041d\u0430\u0432\u043b\u0438\u043d\u0441\u043a\u0438\u0439 \u0440\u0430\u0439\u043e\u043d, \u0411\u0440\u044f\u043d\u0441\u043a\u0430\u044f \u043e\u0431\u043b\u0430\u0441\u0442\u044c"}
POST: Array
(
)

Quiz/Комментарии: Array
(
)

Собранные комментарии (для лога): 
Comments: Сумма долгов: 400 тыс. 
Тип долга: Кредитные. 
Ипотека: нет.
 Регион: Навлинский район, Брянская область. 
Дополнительная информация:
Город: Навлинский район, Брянская область

Отправка комментариев в Bitrix: ДА
Поля для Bitrix: Array
(
    [NAME] => Ольга
    [PHONE] => Array
        (
            [0] => Array
                (
                    [VALUE] => 79003669579
                    [VALUE_TYPE] => MOBILE
                )

        )

    [ASSIGNED_BY_ID] => 1
    [TITLE] => Новая заявка - 79003669579
    [OPENED] => Y
    [STATUS_ID] => NEW
    [SOURCE_ID] => 690
    [COMMENTS] => <b>Comments:</b> Сумма долгов: 400 тыс. 
Тип долга: Кредитные. 
Ипотека: нет.
 Регион: Навлинский район, Брянская область. 
Дополнительная информация:<br><b>Город:</b> Навлинский район, Брянская область<br>
)

Bitrix Response: {"result":656203,"time":{"start":1772117170,"finish":1772117172.369224,"duration":2.3692240715026855,"processing":2,"date_start":"2026-02-26T17:46:10+03:00","date_finish":"2026-02-26T17:46:12+03:00","operating_reset_at":1772117770,"operating":6.049937009811401}}
Статус: Успешно (Lead ID: 656203)
--------------------------------------------------

Время: 27.02.2026 09:47:47
Сервис: ЯД+ВК+КЦ
From: Заявка из ЯД+ВК+КЦ
Клиент: Array
(
    [name] => Алексей
    [phone] => 79910978190
    [email] => 
)

Город: Брянская область Клинцы (ID: не найден)
RAW Input: {"name": "\u0410\u043b\u0435\u043a\u0441\u0435\u0439", "Comments": "\u0421\u0443\u043c\u043c\u0430 \u0434\u043e\u043b\u0433\u043e\u0432: 1.3 \u043c\u043b\u043d. \n\u0422\u0438\u043f \u0434\u043e\u043b\u0433\u0430: \u041a\u0440\u0435\u0434\u0438\u0442\u043d\u044b\u0435. \n\u0418\u043f\u043e\u0442\u0435\u043a\u0430: \u0434\u0430.\n \u0420\u0435\u0433\u0438\u043e\u043d: \u041a\u043b\u0438\u043d\u0446\u044b. \n\u0414\u043e\u043f\u043e\u043b\u043d\u0438\u0442\u0435\u043b\u044c\u043d\u0430\u044f \u0438\u043d\u0444\u043e\u0440\u043c\u0430\u0446\u0438\u044f: ", "phone": "79910978190", "Gorod": "\u0411\u0440\u044f\u043d\u0441\u043a\u0430\u044f \u043e\u0431\u043b\u0430\u0441\u0442\u044c \u041a\u043b\u0438\u043d\u0446\u044b"}
POST: Array
(
)

Quiz/Комментарии: Array
(
)

Собранные комментарии (для лога): 
Comments: Сумма долгов: 1.3 млн. 
Тип долга: Кредитные. 
Ипотека: да.
 Регион: Клинцы. 
Дополнительная информация:
Город: Брянская область Клинцы

Отправка комментариев в Bitrix: ДА
Поля для Bitrix: Array
(
    [NAME] => Алексей
    [PHONE] => Array
        (
            [0] => Array
                (
                    [VALUE] => 79910978190
                    [VALUE_TYPE] => MOBILE
                )

        )

    [ASSIGNED_BY_ID] => 1
    [TITLE] => Новая заявка - 79910978190
    [OPENED] => Y
    [STATUS_ID] => NEW
    [SOURCE_ID] => 690
    [COMMENTS] => <b>Comments:</b> Сумма долгов: 1.3 млн. 
Тип долга: Кредитные. 
Ипотека: да.
 Регион: Клинцы. 
Дополнительная информация:<br><b>Город:</b> Брянская область Клинцы<br>
)

Bitrix Response: {"result":656405,"time":{"start":1772174867,"finish":1772174869.694383,"duration":2.694382905960083,"processing":2,"date_start":"2026-02-27T09:47:47+03:00","date_finish":"2026-02-27T09:47:49+03:00","operating_reset_at":1772175467,"operating":4.484532117843628}}
Статус: Успешно (Lead ID: 656405)
--------------------------------------------------

