Время: 20.02.2026 10:55:49
Сервис: КЦ
ОШИБКА ВАЛИДАЦИИ: Телефон не указан
Клиент: Array
(
    [name] => 
    [phone] => 
    [email] => 
)

RAW Input: document_id%5B0%5D=crm&document_id%5B1%5D=CCrmDocumentLead&document_id%5B2%5D=LEAD_2393114&auth%5Bdomain%5D=marcatics-call-center.bitrix24.ru&auth%5Bclient_endpoint%5D=https%3A%2F%2Fmarcatics-call-center.bitrix24.ru%2Frest%2F&auth%5Bserver_endpoint%5D=https%3A%2F%2Foauth.bitrix24.tech%2Frest%2F&auth%5Bmember_id%5D=381f96477e14828787e2860f1e2ab62e
POST: Array
(
    [document_id] => Array
        (
            [0] => crm
            [1] => CCrmDocumentLead
            [2] => LEAD_2393114
        )

    [auth] => Array
        (
            [domain] => marcatics-call-center.bitrix24.ru
            [client_endpoint] => https://marcatics-call-center.bitrix24.ru/rest/
            [server_endpoint] => https://oauth.bitrix24.tech/rest/
            [member_id] => 381f96477e14828787e2860f1e2ab62e
        )

)

Статус: Ошибка валидации телефона
--------------------------------------------------

Время: 20.02.2026 14:41:25
Сервис: КЦ
ОШИБКА ВАЛИДАЦИИ: Телефон не указан
Клиент: Array
(
    [name] => 
    [phone] => 
    [email] => 
)

RAW Input: document_id%5B0%5D=crm&document_id%5B1%5D=CCrmDocumentLead&document_id%5B2%5D=LEAD_2393114&auth%5Bdomain%5D=marcatics-call-center.bitrix24.ru&auth%5Bclient_endpoint%5D=https%3A%2F%2Fmarcatics-call-center.bitrix24.ru%2Frest%2F&auth%5Bserver_endpoint%5D=https%3A%2F%2Foauth.bitrix24.tech%2Frest%2F&auth%5Bmember_id%5D=381f96477e14828787e2860f1e2ab62e
POST: Array
(
    [document_id] => Array
        (
            [0] => crm
            [1] => CCrmDocumentLead
            [2] => LEAD_2393114
        )

    [auth] => Array
        (
            [domain] => marcatics-call-center.bitrix24.ru
            [client_endpoint] => https://marcatics-call-center.bitrix24.ru/rest/
            [server_endpoint] => https://oauth.bitrix24.tech/rest/
            [member_id] => 381f96477e14828787e2860f1e2ab62e
        )

)

Статус: Ошибка валидации телефона
--------------------------------------------------

Время: 20.02.2026 15:09:20
Сервис: КЦ
ОШИБКА ВАЛИДАЦИИ: Телефон не указан
Клиент: Array
(
    [name] => 
    [phone] => 
    [email] => 
)

RAW Input: document_id%5B0%5D=crm&document_id%5B1%5D=CCrmDocumentLead&document_id%5B2%5D=LEAD_2393114&auth%5Bdomain%5D=marcatics-call-center.bitrix24.ru&auth%5Bclient_endpoint%5D=https%3A%2F%2Fmarcatics-call-center.bitrix24.ru%2Frest%2F&auth%5Bserver_endpoint%5D=https%3A%2F%2Foauth.bitrix24.tech%2Frest%2F&auth%5Bmember_id%5D=381f96477e14828787e2860f1e2ab62e
POST: Array
(
    [document_id] => Array
        (
            [0] => crm
            [1] => CCrmDocumentLead
            [2] => LEAD_2393114
        )

    [auth] => Array
        (
            [domain] => marcatics-call-center.bitrix24.ru
            [client_endpoint] => https://marcatics-call-center.bitrix24.ru/rest/
            [server_endpoint] => https://oauth.bitrix24.tech/rest/
            [member_id] => 381f96477e14828787e2860f1e2ab62e
        )

)

Статус: Ошибка валидации телефона
--------------------------------------------------

Время: 20.02.2026 15:09:21
Сервис: КЦ
From: Заявка из КЦ
Клиент: Array
(
    [name] => Тестовый лид 2
    [phone] => +79243440002
    [email] => 
)

Город: не определён (ID: не найден)
RAW Input: {"name":"\u0422\u0435\u0441\u0442\u043e\u0432\u044b\u0439 \u043b\u0438\u0434 2","phone":"+79243440002","Comments":"\u0418\u043c\u044f: \u0422\u0435\u0441\u0442\u043e\u0432\u044b\u0439 \u043b\u0438\u0434 2\n\u0421\u0443\u043c\u043c\u0430 \u0434\u043e\u043b\u0433\u0430: 1 000 000\n\u0412\u0438\u0434\u044b \u0434\u043e\u043b\u0433\u0430: \u0422\u0435\u0441\u0442\n\u0418\u043f\u043e\u0442\u0435\u043a\u0430\/\u0437\u0430\u043b\u043e\u0433\/\u0430\u0432\u0442\u043e\u043a\u0440\u0435\u0434\u0438\u0442: \u0422\u0435\u0441\u0442\n\u041f\u0440\u043e\u0441\u0440\u043e\u0447\u043a\u0438: \u0422\u0435\u0441\u0442\n\u0421\u0440\u043e\u043a \u043f\u0440\u043e\u0441\u0440\u043e\u0447\u0435\u043a: \n\u0420\u0435\u0433\u0438\u043e\u043d \u043f\u0440\u043e\u0436\u0438\u0432\u0430\u043d\u0438\u044f: \u0421\u0432\u0435\u0440\u0434\u043b\u043e\u0432\u0441\u043a\u0430\u044f \u043e\u0431\u043b\u0430\u0441\u0442\u044c\n\u0413\u043e\u0440\u043e\u0434: \u0422\u0435\u0441\u0442\n\u041a\u043e\u043d\u0442\u0430\u04
POST: Array
(
)

Quiz/Комментарии: Array
(
)

Собранные комментарии (для лога): 
Comments: Имя: Тестовый лид 2
Сумма долга: 1 000 000
Виды долга: Тест
Ипотека/залог/автокредит: Тест
Просрочки: Тест
Срок просрочек: 
Регион проживания: Свердловская область
Город: Тест
Контактный номер: +79243440002
Комментарий: Тест

Отправка комментариев в Bitrix: ДА
Поля для Bitrix: Array
(
    [NAME] => Тестовый лид 2
    [PHONE] => Array
        (
            [0] => Array
                (
                    [VALUE] => +79243440002
                    [VALUE_TYPE] => MOBILE
                )

        )

    [ASSIGNED_BY_ID] => 1
    [TITLE] => Новая заявка - +79243440002
    [OPENED] => Y
    [STATUS_ID] => NEW
    [SOURCE_ID] => 1114
    [COMMENTS] => <b>Comments:</b> Имя: Тестовый лид 2
Сумма долга: 1 000 000
Виды долга: Тест
Ипотека/залог/автокредит: Тест
Просрочки: Тест
Срок просрочек: 
Регион проживания: Свердловская область
Город: Тест
Контактный номер: +79243440002
Комментарий: Тест<br>
)

Bitrix Response: {"result":652991,"time":{"start":1771589361,"finish":1771589363.308705,"duration":2.3087050914764404,"processing":2,"date_start":"2026-02-20T15:09:21+03:00","date_finish":"2026-02-20T15:09:23+03:00","operating_reset_at":1771589961,"operating":7.951847076416016}}
Статус: Успешно (Lead ID: 652991)
--------------------------------------------------

