Время: 24.02.2026 12:23:20
Сервис: ЯД+Робот
From: Заявка из ЯД+Робот
Клиент: Array
(
    [name] => Алексей
    [phone] => 79224573214
    [email] => 
)

Город: не определён (ID: не найден)
RAW Input: {"Comments":"Регион - Ямало-Ненецкий автономный округ Сумма долга - 300000.00","name":" Алексей ","phone":"79224573214"}
POST: Array
(
)

Quiz/Комментарии: Array
(
)

Собранные комментарии (для лога): 
Comments: Регион - Ямало-Ненецкий автономный округ Сумма долга - 300000.00

Отправка комментариев в Bitrix: ДА
Поля для Bitrix: Array
(
    [NAME] => Алексей
    [PHONE] => Array
        (
            [0] => Array
                (
                    [VALUE] => 79224573214
                    [VALUE_TYPE] => MOBILE
                )

        )

    [ASSIGNED_BY_ID] => 1
    [TITLE] => Новая заявка - 79224573214
    [OPENED] => Y
    [STATUS_ID] => NEW
    [SOURCE_ID] => 1067
    [COMMENTS] => <b>Comments:</b> Регион - Ямало-Ненецкий автономный округ Сумма долга - 300000.00<br>
)

Bitrix Response: {"result":654139,"time":{"start":1771925000,"finish":1771925002.641576,"duration":2.641576051712036,"processing":2,"date_start":"2026-02-24T12:23:20+03:00","date_finish":"2026-02-24T12:23:22+03:00","operating_reset_at":1771925600,"operating":6.96618127822876}}
Статус: Успешно (Lead ID: 654139)
--------------------------------------------------

Время: 24.02.2026 12:26:32
Сервис: ЯД+Робот
From: Заявка из ЯД+Робот
Клиент: Array
(
    [name] => Алексей
    [phone] => 79287155017
    [email] => 
)

Город: не определён (ID: не найден)
RAW Input: {"Comments":"Регион - Республика Кабардино-Балкария Сумма долга - 300000.00","name":" Алексей ","phone":"79287155017"}
POST: Array
(
)

Quiz/Комментарии: Array
(
)

Собранные комментарии (для лога): 
Comments: Регион - Республика Кабардино-Балкария Сумма долга - 300000.00

Отправка комментариев в Bitrix: ДА
Поля для Bitrix: Array
(
    [NAME] => Алексей
    [PHONE] => Array
        (
            [0] => Array
                (
                    [VALUE] => 79287155017
                    [VALUE_TYPE] => MOBILE
                )

        )

    [ASSIGNED_BY_ID] => 1
    [TITLE] => Новая заявка - 79287155017
    [OPENED] => Y
    [STATUS_ID] => NEW
    [SOURCE_ID] => 1067
    [COMMENTS] => <b>Comments:</b> Регион - Республика Кабардино-Балкария Сумма долга - 300000.00<br>
)

Bitrix Response: {"result":654149,"time":{"start":1771925192,"finish":1771925195.286379,"duration":3.286379098892212,"processing":2,"date_start":"2026-02-24T12:26:32+03:00","date_finish":"2026-02-24T12:26:35+03:00","operating_reset_at":1771925793,"operating":13.6399245262146}}
Статус: Успешно (Lead ID: 654149)
--------------------------------------------------

Время: 24.02.2026 15:22:28
Сервис: ЯД+Робот
From: Заявка из ЯД+Робот
Клиент: Array
(
    [name] => Игорь
    [phone] => 79235986881
    [email] => 
)

Город: не определён (ID: не найден)
RAW Input: {"Comments":"Регион - Республика Хакасия Сумма долга - 1000000.00","name":" Игорь ","phone":"79235986881"}
POST: Array
(
)

Quiz/Комментарии: Array
(
)

Собранные комментарии (для лога): 
Comments: Регион - Республика Хакасия Сумма долга - 1000000.00

Отправка комментариев в Bitrix: ДА
Поля для Bitrix: Array
(
    [NAME] => Игорь
    [PHONE] => Array
        (
            [0] => Array
                (
                    [VALUE] => 79235986881
                    [VALUE_TYPE] => MOBILE
                )

        )

    [ASSIGNED_BY_ID] => 1
    [TITLE] => Новая заявка - 79235986881
    [OPENED] => Y
    [STATUS_ID] => NEW
    [SOURCE_ID] => 1067
    [COMMENTS] => <b>Comments:</b> Регион - Республика Хакасия Сумма долга - 1000000.00<br>
)

Bitrix Response: {"result":654345,"time":{"start":1771935748,"finish":1771935750.812932,"duration":2.812932014465332,"processing":2,"date_start":"2026-02-24T15:22:28+03:00","date_finish":"2026-02-24T15:22:30+03:00","operating_reset_at":1771936348,"operating":9.080741882324219}}
Статус: Успешно (Lead ID: 654345)
--------------------------------------------------

Время: 25.02.2026 15:04:18
Сервис: ЯД+Робот
From: Заявка из ЯД+Робот
Клиент: Array
(
    [name] => Уточнить
    [phone] => 79279749707
    [email] => 
)

Город: не определён (ID: не найден)
RAW Input: {"Comments":"Регион - Республика Мордовия Сумма долга - 300000.00","name":" Уточнить ","phone":"79279749707"}
POST: Array
(
)

Quiz/Комментарии: Array
(
)

Собранные комментарии (для лога): 
Comments: Регион - Республика Мордовия Сумма долга - 300000.00

Отправка комментариев в Bitrix: ДА
Поля для Bitrix: Array
(
    [NAME] => Уточнить
    [PHONE] => Array
        (
            [0] => Array
                (
                    [VALUE] => 79279749707
                    [VALUE_TYPE] => MOBILE
                )

        )

    [ASSIGNED_BY_ID] => 1
    [TITLE] => Новая заявка - 79279749707
    [OPENED] => Y
    [STATUS_ID] => NEW
    [SOURCE_ID] => 1067
    [COMMENTS] => <b>Comments:</b> Регион - Республика Мордовия Сумма долга - 300000.00<br>
)

Bitrix Response: {"result":655167,"time":{"start":1772021058,"finish":1772021061.230833,"duration":3.230833053588867,"processing":3,"date_start":"2026-02-25T15:04:18+03:00","date_finish":"2026-02-25T15:04:21+03:00","operating_reset_at":1772021658,"operating":11.674901008605957}}
Статус: Успешно (Lead ID: 655167)
--------------------------------------------------

Время: 26.02.2026 11:32:05
Сервис: ЯД+Робот
From: Заявка из ЯД+Робот
Клиент: Array
(
    [name] => Алексей
    [phone] => 79620672840
    [email] => 
)

Город: не определён (ID: не найден)
RAW Input: {"Comments":"Регион - Красноярский край Сумма долга - 300000.00","name":" Алексей ","phone":"79620672840"}
POST: Array
(
)

Quiz/Комментарии: Array
(
)

Собранные комментарии (для лога): 
Comments: Регион - Красноярский край Сумма долга - 300000.00

Отправка комментариев в Bitrix: ДА
Поля для Bitrix: Array
(
    [NAME] => Алексей
    [PHONE] => Array
        (
            [0] => Array
                (
                    [VALUE] => 79620672840
                    [VALUE_TYPE] => MOBILE
                )

        )

    [ASSIGNED_BY_ID] => 1
    [TITLE] => Новая заявка - 79620672840
    [OPENED] => Y
    [STATUS_ID] => NEW
    [SOURCE_ID] => 1067
    [COMMENTS] => <b>Comments:</b> Регион - Красноярский край Сумма долга - 300000.00<br>
)

Bitrix Response: {"result":655743,"time":{"start":1772094725,"finish":1772094727.553219,"duration":2.5532190799713135,"processing":2,"date_start":"2026-02-26T11:32:05+03:00","date_finish":"2026-02-26T11:32:07+03:00","operating_reset_at":1772095325,"operating":14.36414885520935}}
Статус: Успешно (Lead ID: 655743)
--------------------------------------------------

Время: 26.02.2026 11:40:27
Сервис: ЯД+Робот
From: Заявка из ЯД+Робот
Клиент: Array
(
    [name] => Елена
    [phone] => 79082149554
    [email] => 
)

Город: не определён (ID: не найден)
RAW Input: {"Comments":"Регион - Красноярский край Сумма долга - 300000.00","name":" Елена ","phone":"79082149554"}
POST: Array
(
)

Quiz/Комментарии: Array
(
)

Собранные комментарии (для лога): 
Comments: Регион - Красноярский край Сумма долга - 300000.00

Отправка комментариев в Bitrix: ДА
Поля для Bitrix: Array
(
    [NAME] => Елена
    [PHONE] => Array
        (
            [0] => Array
                (
                    [VALUE] => 79082149554
                    [VALUE_TYPE] => MOBILE
                )

        )

    [ASSIGNED_BY_ID] => 1
    [TITLE] => Новая заявка - 79082149554
    [OPENED] => Y
    [STATUS_ID] => NEW
    [SOURCE_ID] => 1067
    [COMMENTS] => <b>Comments:</b> Регион - Красноярский край Сумма долга - 300000.00<br>
)

Bitrix Response: {"result":655759,"time":{"start":1772095227,"finish":1772095229.806643,"duration":2.806643009185791,"processing":2,"date_start":"2026-02-26T11:40:27+03:00","date_finish":"2026-02-26T11:40:29+03:00","operating_reset_at":1772095827,"operating":19.659725189208984}}
Статус: Успешно (Lead ID: 655759)
--------------------------------------------------

