Время: 24.02.2026 17:26:09
Сервис: КЦ
From: Заявка из КЦ
Клиент: Array
(
    [name] => 3419512
    [phone] => 79991111111
    [email] => 
)

Город: не определён (ID: не найден)
RAW Input: {"TITLE": "Neuro_Agency", "Comments": "\u0422\u0435\u0441\u0442\u043e\u0432\u044b\u0439 \u043a\u043e\u043c\u043c\u0435\u043d\u0442\u0430\u0440\u0438\u0439", "phone": "79991111111", "NAME": "3419512"}
POST: Array
(
)

Quiz/Комментарии: Array
(
)

Собранные комментарии (для лога): 
Title: Neuro_Agency
Comments: Тестовый комментарий

Отправка комментариев в Bitrix: ДА
Поля для Bitrix: Array
(
    [NAME] => 3419512
    [PHONE] => Array
        (
            [0] => Array
                (
                    [VALUE] => 79991111111
                    [VALUE_TYPE] => MOBILE
                )

        )

    [ASSIGNED_BY_ID] => 1
    [TITLE] => Новая заявка - 79991111111
    [OPENED] => Y
    [STATUS_ID] => NEW
    [SOURCE_ID] => 1068
    [COMMENTS] => <b>Title:</b> Neuro_Agency<br><b>Comments:</b> Тестовый комментарий<br>
)

Bitrix Response: {"result":654491,"time":{"start":1771943169,"finish":1771943171.445851,"duration":2.4458510875701904,"processing":2,"date_start":"2026-02-24T17:26:09+03:00","date_finish":"2026-02-24T17:26:11+03:00","operating_reset_at":1771943769,"operating":12.223042488098145}}
Статус: Успешно (Lead ID: 654491)
--------------------------------------------------

Время: 25.02.2026 10:54:14
Сервис: КЦ
From: Заявка из КЦ
Клиент: Array
(
    [name] => 3419512
    [phone] => +79622988282
    [email] => 
)

Город: не определён (ID: не найден)
RAW Input: {"TITLE": "Neuro_Agency", "name": "3419512", "phone": "+79622988282", "Comments": "\u0418\u043c\u044f - \u0415\u0432\u0433\u0435\u043d\u0438\u0439; \u0414\u043e\u043b\u0433 - \u0431\u043e\u043b\u0435\u0435 300 \u0442\u0440; \u0413\u043e\u0440\u043e\u0434 - \u041a\u043e\u043c\u0441\u043e\u043c\u043e\u043b\u044c\u0441\u043a-\u043d\u0430-\u0410\u043c\u0443\u0440\u0435, \u0425\u0430\u0431\u0430\u0440\u043e\u0432\u0441\u043a\u0438\u0439 \u043a\u0440\u0430\u0439; \u041f\u043e\u0440\u0443\u0447\u0438\u0442\u0435\u043b\u044c/\u0441\u043e\u0437\u0430\u0435\u043c\u0449\u0438\u043a - \u043d\u0435\u0442 \u0411\u0430\u043d\u043a\u0440\u043e\u0442\u0441\u0442\u0432\u043e - \u043d\u0435\u0442 \u0410\u0432\u0442\u043e\u043a\u0440\u0435\u0434\u0438\u0442 - \u043d\u0435\u0442 \u0418\u043f\u043e\u0442\u0435\u043a\u0430 - \u043d\u0435\u0442 \u0417\u0430\u043b\u043e\u0433 - \u043d\u0435\u0442 \u0413\u043e\u0442\u043e\u0432 \u043f\u0440\u0438\u043d\u044f\u0442\u044c \u0437\u0432\u043e\u043d\u043e\u043a - \u
POST: Array
(
)

Quiz/Комментарии: Array
(
)

Собранные комментарии (для лога): 
Title: Neuro_Agency
Comments: Имя - Евгений; Долг - более 300 тр; Город - Комсомольск-на-Амуре, Хабаровский край; Поручитель/созаемщик - нет Банкротство - нет Автокредит - нет Ипотека - нет Залог - нет Готов принять звонок - да
Utm_content: https://drive.google.com/file/d/1vwG0tVQys1UxQU7IumKTT2dsNTMBOUxA/view?usp=drivesdk

Отправка комментариев в Bitrix: ДА
Поля для Bitrix: Array
(
    [NAME] => 3419512
    [PHONE] => Array
        (
            [0] => Array
                (
                    [VALUE] => +79622988282
                    [VALUE_TYPE] => MOBILE
                )

        )

    [ASSIGNED_BY_ID] => 1
    [TITLE] => Новая заявка - +79622988282
    [OPENED] => Y
    [STATUS_ID] => NEW
    [SOURCE_ID] => 1068
    [COMMENTS] => <b>Title:</b> Neuro_Agency<br><b>Comments:</b> Имя - Евгений; Долг - более 300 тр; Город - Комсомольск-на-Амуре, Хабаровский край; Поручитель/созаемщик - нет Банкротство - нет Автокредит - нет Ипотека - нет Залог - нет Готов принять звонок - да<br><b>Utm_content:</b> https://drive.google.com/file/d/1vwG0tVQys1UxQU7IumKTT2dsNTMBOUxA/view?usp=drivesdk<br>
)

Bitrix Response: {"result":654833,"time":{"start":1772006055,"finish":1772006057.603748,"duration":2.603748083114624,"processing":2,"date_start":"2026-02-25T10:54:15+03:00","date_finish":"2026-02-25T10:54:17+03:00","operating_reset_at":1772006655,"operating":7.186970233917236}}
Статус: Успешно (Lead ID: 654833)
--------------------------------------------------

Время: 25.02.2026 10:54:19
Сервис: КЦ
From: Заявка из КЦ
Клиент: Array
(
    [name] => 3419512
    [phone] => +79098527494
    [email] => 
)

Город: не определён (ID: не найден)
RAW Input: {"TITLE": "Neuro_Agency", "name": "3419512", "phone": "+79098527494", "Comments": "\u0418\u043c\u044f - \u0412\u0438\u0442\u0430\u043b\u043e\u0438\u0439 \u042e\u0440\u044c\u0435\u0432\u0438\u0447; \u0414\u043e\u043b\u0433 - \u0431\u043e\u043b\u0435\u0435 250 \u0442\u0440; \u0413\u043e\u0440\u043e\u0434 - \u0425\u0430\u0431\u0430\u0440\u043e\u0432\u0441\u043a; \u041f\u043e\u0440\u0443\u0447\u0438\u0442\u0435\u043b\u044c/\u0441\u043e\u0437\u0430\u0435\u043c\u0449\u0438\u043a - \u043d\u0435\u0442 \u0411\u0430\u043d\u043a\u0440\u043e\u0442\u0441\u0442\u0432\u043e - \u043d\u0435\u0442 \u0410\u0432\u0442\u043e\u043a\u0440\u0435\u0434\u0438\u0442 - \u043d\u0435\u0442 \u0418\u043f\u043e\u0442\u0435\u043a\u0430 - \u043d\u0435\u0442 \u0417\u0430\u043b\u043e\u0433 - \u043d\u0435\u0442 \u0413\u043e\u0442\u043e\u0432 \u043f\u0440\u0438\u043d\u044f\u0442\u044c \u0437\u0432\u043e\u043d\u043e\u043a - \u0434\u0430(\u0432 13:00 \u041c\u0421\u041a)", "utm_content": "https://drive.google.com/file/d/1BpgFd
POST: Array
(
)

Quiz/Комментарии: Array
(
)

Собранные комментарии (для лога): 
Title: Neuro_Agency
Comments: Имя - Виталоий Юрьевич; Долг - более 250 тр; Город - Хабаровск; Поручитель/созаемщик - нет Банкротство - нет Автокредит - нет Ипотека - нет Залог - нет Готов принять звонок - да(в 13:00 МСК)
Utm_content: https://drive.google.com/file/d/1BpgFdUKR0M9FyPtiahNjLCRsnHR0s0mA/view?usp=drivesdk

Отправка комментариев в Bitrix: ДА
Поля для Bitrix: Array
(
    [NAME] => 3419512
    [PHONE] => Array
        (
            [0] => Array
                (
                    [VALUE] => +79098527494
                    [VALUE_TYPE] => MOBILE
                )

        )

    [ASSIGNED_BY_ID] => 1
    [TITLE] => Новая заявка - +79098527494
    [OPENED] => Y
    [STATUS_ID] => NEW
    [SOURCE_ID] => 1068
    [COMMENTS] => <b>Title:</b> Neuro_Agency<br><b>Comments:</b> Имя - Виталоий Юрьевич; Долг - более 250 тр; Город - Хабаровск; Поручитель/созаемщик - нет Банкротство - нет Автокредит - нет Ипотека - нет Залог - нет Готов принять звонок - да(в 13:00 МСК)<br><b>Utm_content:</b> https://drive.google.com/file/d/1BpgFdUKR0M9FyPtiahNjLCRsnHR0s0mA/view?usp=drivesdk<br>
)

Bitrix Response: {"result":654835,"time":{"start":1772006059,"finish":1772006061.78997,"duration":2.7899699211120605,"processing":2,"date_start":"2026-02-25T10:54:19+03:00","date_finish":"2026-02-25T10:54:21+03:00","operating_reset_at":1772006659,"operating":9.782478332519531}}
Статус: Успешно (Lead ID: 654835)
--------------------------------------------------

Время: 25.02.2026 10:54:23
Сервис: КЦ
From: Заявка из КЦ
Клиент: Array
(
    [name] => 3419512
    [phone] => +79038202649
    [email] => 
)

Город: не определён (ID: не найден)
RAW Input: {"TITLE": "Neuro_Agency", "name": "3419512", "phone": "+79038202649", "Comments": "\u0418\u043c\u044f - \u0422\u0430\u0442\u044c\u044f\u043d\u0430 \u0412\u043b\u0430\u0434\u0438\u043c\u0438\u0440\u043e\u0432\u043d\u0430 ; \u0414\u043e\u043b\u0433 - \u043e\u0442 250\u0442\u0440. ; \u0413\u043e\u0440\u043e\u0434 - \u042f\u0440\u043e\u0441\u043b\u0430\u0432\u043b\u044c, \u042f\u0440\u043e\u0441\u043b\u0430\u0432\u0441\u043a\u0430\u044f \u043e\u0431\u043b. ; \u041f\u043e\u0440\u0443\u0447\u0438\u0442\u0435\u043b\u044c/\u0441\u043e\u0437\u0430\u0435\u043c\u0449\u0438\u043a - \u043d\u0435\u0442 \u0411\u0430\u043d\u043a\u0440\u043e\u0442\u0441\u0442\u0432\u043e - \u043d\u0435\u0442 \u0410\u0432\u0442\u043e\u043a\u0440\u0435\u0434\u0438\u0442 - \u043d\u0435\u0442 \u0418\u043f\u043e\u0442\u0435\u043a\u0430 - \u043d\u0435\u0442 \u0417\u0430\u043b\u043e\u0433 - \u043d\u0435\u0442 \u0413\u043e\u0442\u043e\u0432 \u043f\u0440\u0438\u043d\u044f\u0442\u044c \u0437\u0432\u043e\u043d\u043e\u043a - \u043
POST: Array
(
)

Quiz/Комментарии: Array
(
)

Собранные комментарии (для лога): 
Title: Neuro_Agency
Comments: Имя - Татьяна Владимировна ; Долг - от 250тр. ; Город - Ярославль, Ярославская обл. ; Поручитель/созаемщик - нет Банкротство - нет Автокредит - нет Ипотека - нет Залог - нет Готов принять звонок - да

Отправка комментариев в Bitrix: ДА
Поля для Bitrix: Array
(
    [NAME] => 3419512
    [PHONE] => Array
        (
            [0] => Array
                (
                    [VALUE] => +79038202649
                    [VALUE_TYPE] => MOBILE
                )

        )

    [ASSIGNED_BY_ID] => 1
    [TITLE] => Новая заявка - +79038202649
    [OPENED] => Y
    [STATUS_ID] => NEW
    [SOURCE_ID] => 1068
    [COMMENTS] => <b>Title:</b> Neuro_Agency<br><b>Comments:</b> Имя - Татьяна Владимировна ; Долг - от 250тр. ; Город - Ярославль, Ярославская обл. ; Поручитель/созаемщик - нет Банкротство - нет Автокредит - нет Ипотека - нет Залог - нет Готов принять звонок - да<br>
)

Bitrix Response: {"result":654837,"time":{"start":1772006063,"finish":1772006065.73727,"duration":2.7372701168060303,"processing":2,"date_start":"2026-02-25T10:54:23+03:00","date_finish":"2026-02-25T10:54:25+03:00","operating_reset_at":1772006663,"operating":12.278845310211182}}
Статус: Успешно (Lead ID: 654837)
--------------------------------------------------

Время: 25.02.2026 10:54:26
Сервис: КЦ
From: Заявка из КЦ
Клиент: Array
(
    [name] => 3419512
    [phone] => +79235325760
    [email] => 
)

Город: не определён (ID: не найден)
RAW Input: {"TITLE": "Neuro_Agency", "name": "3419512", "phone": "+79235325760", "Comments": "\u0418\u043c\u044f-\u0415\u043b\u0435\u043d\u0430 \u0412\u0438\u043a\u0442\u043e\u0440\u043e\u0432\u043d\u0430;\t \u0414\u043e\u043b\u0433 -\u0431\u043e\u043b\u0435\u0435 250   \u0442.\u0440 .; \u0413\u043e\u0440\u043e\u0434- \u041e\u0440\u043b\u043e\u0432\u0430 \u0420\u043e\u0437\u043e\u0432\u043e, \u041a\u0435\u043c\u0435\u0440\u043e\u0432\u0441\u043a\u0430\u044f \u043e\u0431\u043b\u0430\u0441\u0442\u044c-\u041a\u0443\u0437\u0431\u0430\u0441\u0441; \u041f\u043e\u0440\u0443\u0447\u0438\u0442\u0435\u043b\u044c/\u0441\u043e\u0437\u0430\u0435\u043c\u0449\u0438\u043a \u2013\u041d\u0435\u0442 \u0411\u0430\u043d\u043a\u0440\u043e\u0442\u0441\u0442\u0432\u043e \u2013 \u041d\u0435\u0442 \u0410\u0432\u0442\u043e\u043a\u0440\u0435\u0434\u0438\u0442-\u041d\u0435\u0442 \u0418\u043f\u043e\u0442\u0435\u043a\u0430 \u2013\u041d\u0435\u0442 \u0417\u0430\u043b\u043e\u0433-\u041d\u0435\u0442 \u0413\u043e\u0442\u043e\u0432
POST: Array
(
)

Quiz/Комментарии: Array
(
)

Собранные комментарии (для лога): 
Title: Neuro_Agency
Comments: Имя-Елена Викторовна;	 Долг -более 250   т.р .; Город- Орлова Розово, Кемеровская область-Кузбасс; Поручитель/созаемщик –Нет Банкротство – Нет Автокредит-Нет Ипотека –Нет Залог-Нет Готов принять звонок – Да
Utm_content: https://drive.google.com/file/d/19Aaz1zEZXX7yF-lJCIKrrFZXiPEtgWUl/view?usp=drivesdk

Отправка комментариев в Bitrix: ДА
Поля для Bitrix: Array
(
    [NAME] => 3419512
    [PHONE] => Array
        (
            [0] => Array
                (
                    [VALUE] => +79235325760
                    [VALUE_TYPE] => MOBILE
                )

        )

    [ASSIGNED_BY_ID] => 1
    [TITLE] => Новая заявка - +79235325760
    [OPENED] => Y
    [STATUS_ID] => NEW
    [SOURCE_ID] => 1068
    [COMMENTS] => <b>Title:</b> Neuro_Agency<br><b>Comments:</b> Имя-Елена Викторовна;	 Долг -более 250   т.р .; Город- Орлова Розово, Кемеровская область-Кузбасс; Поручитель/созаемщик –Нет Банкротство – Нет Автокредит-Нет Ипотека –Нет Залог-Нет Готов принять звонок – Да<br><b>Utm_content:</b> https://drive.google.com/file/d/19Aaz1zEZXX7yF-lJCIKrrFZXiPEtgWUl/view?usp=drivesdk<br>
)

Bitrix Response: {"result":654839,"time":{"start":1772006067,"finish":1772006069.610845,"duration":2.6108450889587402,"processing":2,"date_start":"2026-02-25T10:54:27+03:00","date_finish":"2026-02-25T10:54:29+03:00","operating_reset_at":1772006667,"operating":14.827280282974243}}
Статус: Успешно (Lead ID: 654839)
--------------------------------------------------

Время: 25.02.2026 10:54:35
Сервис: КЦ
From: Заявка из КЦ
Клиент: Array
(
    [name] => 3419512
    [phone] => +79293343700
    [email] => 
)

Город: не определён (ID: не найден)
RAW Input: {"TITLE": "Neuro_Agency", "name": "3419512", "phone": "+79293343700", "Comments": "\u0418\u043c\u044f - \u0418\u0440\u0438\u043d\u0430; \u0414\u043e\u043b\u0433 - \u0431\u043e\u043b\u0435\u0435 250 \u0442\u0440; \u0413\u043e\u0440\u043e\u0434 - \u0410\u0447\u0438\u043d\u0441\u043a ,\u041a\u0440\u0430\u0441\u043d\u043e\u044f\u0440\u0441\u043a\u0438\u0439 \u043a\u0440\u0430\u0439; \u041f\u043e\u0440\u0443\u0447\u0438\u0442\u0435\u043b\u044c/\u0441\u043e\u0437\u0430\u0435\u043c\u0449\u0438\u043a - \u043d\u0435\u0442 \u0411\u0430\u043d\u043a\u0440\u043e\u0442\u0441\u0442\u0432\u043e - \u043d\u0435\u0442 \u0410\u0432\u0442\u043e\u043a\u0440\u0435\u0434\u0438\u0442 - \u043d\u0435\u0442 \u0418\u043f\u043e\u0442\u0435\u043a\u0430 - \u043d\u0435\u0442 \u0417\u0430\u043b\u043e\u0433 - \u043d\u0435\u0442 \u0413\u043e\u0442\u043e\u0432 \u043f\u0440\u0438\u043d\u044f\u0442\u044c \u0437\u0432\u043e\u043d\u043e\u043a - \u0434\u0430"}
POST: Array
(
)

Quiz/Комментарии: Array
(
)

Собранные комментарии (для лога): 
Title: Neuro_Agency
Comments: Имя - Ирина; Долг - более 250 тр; Город - Ачинск ,Красноярский край; Поручитель/созаемщик - нет Банкротство - нет Автокредит - нет Ипотека - нет Залог - нет Готов принять звонок - да

Отправка комментариев в Bitrix: ДА
Поля для Bitrix: Array
(
    [NAME] => 3419512
    [PHONE] => Array
        (
            [0] => Array
                (
                    [VALUE] => +79293343700
                    [VALUE_TYPE] => MOBILE
                )

        )

    [ASSIGNED_BY_ID] => 1
    [TITLE] => Новая заявка - +79293343700
    [OPENED] => Y
    [STATUS_ID] => NEW
    [SOURCE_ID] => 1068
    [COMMENTS] => <b>Title:</b> Neuro_Agency<br><b>Comments:</b> Имя - Ирина; Долг - более 250 тр; Город - Ачинск ,Красноярский край; Поручитель/созаемщик - нет Банкротство - нет Автокредит - нет Ипотека - нет Залог - нет Готов принять звонок - да<br>
)

Bitrix Response: {"result":654841,"time":{"start":1772006075,"finish":1772006077.821224,"duration":2.8212239742279053,"processing":2,"date_start":"2026-02-25T10:54:35+03:00","date_finish":"2026-02-25T10:54:37+03:00","operating_reset_at":1772006675,"operating":17.05847716331482}}
Статус: Успешно (Lead ID: 654841)
--------------------------------------------------

Время: 25.02.2026 11:11:29
Сервис: КЦ
From: Заявка из КЦ
Клиент: Array
(
    [name] => 3419512
    [phone] => +79506481488
    [email] => 
)

Город: не определён (ID: не найден)
RAW Input: {"TITLE": "Neuro_Agency", "name": "3419512", "phone": "+79506481488", "Comments": "\u0418\u043c\u044f - \u0422\u0438\u043c\u0443\u0440; \u0414\u043e\u043b\u0433 - 250 \u0442\u0440; \u0413\u043e\u0440\u043e\u0434 - \u0422\u043e\u043c\u0441\u043a; \u041f\u043e\u0440\u0443\u0447\u0438\u0442\u0435\u043b\u044c/\u0441\u043e\u0437\u0430\u0435\u043c\u0449\u0438\u043a - \u043d\u0435\u0442; \u0411\u0430\u043d\u043a\u0440\u043e\u0442\u0441\u0442\u0432\u043e - \u043d\u0435\u0442; \u0410\u0432\u0442\u043e\u043a\u0440\u0435\u0434\u0438\u0442 - \u043d\u0435\u0442; \u0418\u043f\u043e\u0442\u0435\u043a\u0430 - \u043d\u0435\u0442; \u0417\u0430\u043b\u043e\u0433 - \u043d\u0435\u0442; \u0413\u043e\u0442\u043e\u0432 \u043f\u0440\u0438\u043d\u044f\u0442\u044c \u0437\u0432\u043e\u043d\u043e\u043a - \u0434\u0430"}
POST: Array
(
)

Quiz/Комментарии: Array
(
)

Собранные комментарии (для лога): 
Title: Neuro_Agency
Comments: Имя - Тимур; Долг - 250 тр; Город - Томск; Поручитель/созаемщик - нет; Банкротство - нет; Автокредит - нет; Ипотека - нет; Залог - нет; Готов принять звонок - да

Отправка комментариев в Bitrix: ДА
Поля для Bitrix: Array
(
    [NAME] => 3419512
    [PHONE] => Array
        (
            [0] => Array
                (
                    [VALUE] => +79506481488
                    [VALUE_TYPE] => MOBILE
                )

        )

    [ASSIGNED_BY_ID] => 1
    [TITLE] => Новая заявка - +79506481488
    [OPENED] => Y
    [STATUS_ID] => NEW
    [SOURCE_ID] => 1068
    [COMMENTS] => <b>Title:</b> Neuro_Agency<br><b>Comments:</b> Имя - Тимур; Долг - 250 тр; Город - Томск; Поручитель/созаемщик - нет; Банкротство - нет; Автокредит - нет; Ипотека - нет; Залог - нет; Готов принять звонок - да<br>
)

Bitrix Response: {"result":654855,"time":{"start":1772007089,"finish":1772007091.90201,"duration":2.902009963989258,"processing":2,"date_start":"2026-02-25T11:11:29+03:00","date_finish":"2026-02-25T11:11:31+03:00","operating_reset_at":1772007689,"operating":6.731121301651001}}
Статус: Успешно (Lead ID: 654855)
--------------------------------------------------

Время: 25.02.2026 14:47:50
Сервис: КЦ
From: Заявка из КЦ
Клиент: Array
(
    [name] => 3419512
    [phone] => +79773839717
    [email] => 
)

Город: не определён (ID: не найден)
RAW Input: {"TITLE": "Neuro_Agency", "name": "3419512", "phone": "+79773839717", "Comments": "\u0418\u043c\u044f - \u0421\u0435\u0440\u0433\u0435\u0439; \u0414\u043e\u043b\u0433 - 250 \u0442\u044b\u0441; \u0413\u043e\u0440\u043e\u0434 - \u041c\u043e\u0441\u043a\u0432\u0430; \u041f\u043e\u0440\u0443\u0447\u0438\u0442\u0435\u043b\u044c/\u0441\u043e\u0437\u0430\u0435\u043c\u0449\u0438\u043a - \u043d\u0435\u0442 \u0411\u0430\u043d\u043a\u0440\u043e\u0442\u0441\u0442\u0432\u043e - \u043d\u0435\u0442 \u0410\u0432\u0442\u043e\u043a\u0440\u0435\u0434\u0438\u0442 - \u043d\u0435\u0442 \u0418\u043f\u043e\u0442\u0435\u043a\u0430 - \u043d\u0435\u0442 \u0417\u0430\u043b\u043e\u0433 - \u043d\u0435\u0442 \u0413\u043e\u0442\u043e\u0432 \u043f\u0440\u0438\u043d\u044f\u0442\u044c \u0437\u0432\u043e\u043d\u043e\u043a - \u0434\u0430 (\u0432 19:00)", "utm_content": "https://drive.google.com/file/d/1SejHJL-dV8sHV2K3PA-0GUoPBXXtGtan/view?usp=drivesdk", "UTM_CONTENT": "https://drive.google.com/file/d/1SejHJL-dV8sHV2K3PA-
POST: Array
(
)

Quiz/Комментарии: Array
(
)

Собранные комментарии (для лога): 
Title: Neuro_Agency
Comments: Имя - Сергей; Долг - 250 тыс; Город - Москва; Поручитель/созаемщик - нет Банкротство - нет Автокредит - нет Ипотека - нет Залог - нет Готов принять звонок - да (в 19:00)
Utm_content: https://drive.google.com/file/d/1SejHJL-dV8sHV2K3PA-0GUoPBXXtGtan/view?usp=drivesdk

Отправка комментариев в Bitrix: ДА
Поля для Bitrix: Array
(
    [NAME] => 3419512
    [PHONE] => Array
        (
            [0] => Array
                (
                    [VALUE] => +79773839717
                    [VALUE_TYPE] => MOBILE
                )

        )

    [ASSIGNED_BY_ID] => 1
    [TITLE] => Новая заявка - +79773839717
    [OPENED] => Y
    [STATUS_ID] => NEW
    [SOURCE_ID] => 1068
    [COMMENTS] => <b>Title:</b> Neuro_Agency<br><b>Comments:</b> Имя - Сергей; Долг - 250 тыс; Город - Москва; Поручитель/созаемщик - нет Банкротство - нет Автокредит - нет Ипотека - нет Залог - нет Готов принять звонок - да (в 19:00)<br><b>Utm_content:</b> https://drive.google.com/file/d/1SejHJL-dV8sHV2K3PA-0GUoPBXXtGtan/view?usp=drivesdk<br>
)

Bitrix Response: {"result":655137,"time":{"start":1772020070,"finish":1772020073.471549,"duration":3.4715490341186523,"processing":3,"date_start":"2026-02-25T14:47:50+03:00","date_finish":"2026-02-25T14:47:53+03:00","operating_reset_at":1772020670,"operating":10.463446140289307}}
Статус: Успешно (Lead ID: 655137)
--------------------------------------------------

Время: 25.02.2026 15:04:05
Сервис: КЦ
From: Заявка из КЦ
Клиент: Array
(
    [name] => 3419512
    [phone] => +79081123026
    [email] => 
)

Город: не определён (ID: не найден)
RAW Input: {"TITLE": "Neuro_Agency", "name": "3419512", "phone": "+79081123026", "Comments": "\u0418\u043c\u044f - \u0412\u0438\u043a\u0442\u043e\u0440\u0438\u044f; \u0414\u043e\u043b\u0433 -  250\u0442\u0440; \u0413\u043e\u0440\u043e\u0434 - \u041e\u043c\u0441\u043a; \u041f\u043e\u0440\u0443\u0447\u0438\u0442\u0435\u043b\u044c/\u0441\u043e\u0437\u0430\u0435\u043c\u0449\u0438\u043a - \u043d\u0435\u0442; \u0411\u0430\u043d\u043a\u0440\u043e\u0442\u0441\u0442\u0432\u043e - \u043d\u0435\u0442; \u0410\u0432\u0442\u043e\u043a\u0440\u0435\u0434\u0438\u0442 - \u043d\u0435\u0442; \u0418\u043f\u043e\u0442\u0435\u043a\u0430 - \u043d\u0435\u0442; \u0417\u0430\u043b\u043e\u0433 - \u043d\u0435\u0442; \u0413\u043e\u0442\u043e\u0432 \u043f\u0440\u0438\u043d\u044f\u0442\u044c \u0437\u0432\u043e\u043d\u043e\u043a \u2013 \u0434\u0430;", "utm_content": "https://drive.google.com/file/d/1Wa5FQW5X_r0V4Kh3SG6ibutXxXHEEiA5/view?usp=drivesdk", "UTM_CONTENT": "https://drive.google.com/file/d/1Wa5FQW5X_r0V4Kh3SG6ibutXxXHEE
POST: Array
(
)

Quiz/Комментарии: Array
(
)

Собранные комментарии (для лога): 
Title: Neuro_Agency
Comments: Имя - Виктория; Долг -  250тр; Город - Омск; Поручитель/созаемщик - нет; Банкротство - нет; Автокредит - нет; Ипотека - нет; Залог - нет; Готов принять звонок – да;
Utm_content: https://drive.google.com/file/d/1Wa5FQW5X_r0V4Kh3SG6ibutXxXHEEiA5/view?usp=drivesdk

Отправка комментариев в Bitrix: ДА
Поля для Bitrix: Array
(
    [NAME] => 3419512
    [PHONE] => Array
        (
            [0] => Array
                (
                    [VALUE] => +79081123026
                    [VALUE_TYPE] => MOBILE
                )

        )

    [ASSIGNED_BY_ID] => 1
    [TITLE] => Новая заявка - +79081123026
    [OPENED] => Y
    [STATUS_ID] => NEW
    [SOURCE_ID] => 1068
    [COMMENTS] => <b>Title:</b> Neuro_Agency<br><b>Comments:</b> Имя - Виктория; Долг -  250тр; Город - Омск; Поручитель/созаемщик - нет; Банкротство - нет; Автокредит - нет; Ипотека - нет; Залог - нет; Готов принять звонок – да;<br><b>Utm_content:</b> https://drive.google.com/file/d/1Wa5FQW5X_r0V4Kh3SG6ibutXxXHEEiA5/view?usp=drivesdk<br>
)

Bitrix Response: {"result":655163,"time":{"start":1772021046,"finish":1772021048.62195,"duration":2.6219499111175537,"processing":2,"date_start":"2026-02-25T15:04:06+03:00","date_finish":"2026-02-25T15:04:08+03:00","operating_reset_at":1772021646,"operating":9.18147897720337}}
Статус: Успешно (Lead ID: 655163)
--------------------------------------------------

Время: 25.02.2026 15:53:50
Сервис: КЦ
From: Заявка из КЦ
Клиент: Array
(
    [name] => 3419512
    [phone] => +79256764283
    [email] => 
)

Город: не определён (ID: не найден)
RAW Input: {"TITLE": "Neuro_Agency", "name": "3419512", "phone": "+79256764283", "Comments": "\u0418\u043c\u044f - \u0410\u043b\u0435\u043a\u0441\u0430\u043d\u0434\u0440; \u0414\u043e\u043b\u0433 - \u043e\u0442 250 \u0442\u044b\u0441; \u0413\u043e\u0440\u043e\u0434 - \u041a\u043b\u0438\u043d, \u041c\u043e\u0441\u043a\u043e\u0432\u0441\u043a\u0430\u044f \u043e\u0431\u043b\u0430\u0441\u0442\u044c; \u041f\u043e\u0440\u0443\u0447\u0438\u0442\u0435\u043b\u044c/\u0441\u043e\u0437\u0430\u0435\u043c\u0449\u0438\u043a - \u043d\u0435\u0442 \u0411\u0430\u043d\u043a\u0440\u043e\u0442\u0441\u0442\u0432\u043e - \u043d\u0435\u0442 \u0410\u0432\u0442\u043e\u043a\u0440\u0435\u0434\u0438\u0442 - \u0434\u0430, \u0433\u043e\u0442\u043e\u0432 \u0440\u0430\u0441\u0441\u0442\u0430\u0442\u044c\u0441\u044f \u0441 \u0430\u0432\u0442\u043e\u043c\u043e\u0431\u0438\u043b\u0435\u043c  \u0418\u043f\u043e\u0442\u0435\u043a\u0430 - \u043d\u0435\u0442 \u0417\u0430\u043b\u043e\u0433 - \u043d\u0435\u0442 \u0413\u043e\u0442\u043e\u0
POST: Array
(
)

Quiz/Комментарии: Array
(
)

Собранные комментарии (для лога): 
Title: Neuro_Agency
Comments: Имя - Александр; Долг - от 250 тыс; Город - Клин, Московская область; Поручитель/созаемщик - нет Банкротство - нет Автокредит - да, готов расстаться с автомобилем  Ипотека - нет Залог - нет Готов принять звонок - да
Utm_content: https://drive.google.com/file/d/1HkswrCPknixvLJ5-xupUZLNXoPSqoz_T/view?usp=drivesdk

Отправка комментариев в Bitrix: ДА
Поля для Bitrix: Array
(
    [NAME] => 3419512
    [PHONE] => Array
        (
            [0] => Array
                (
                    [VALUE] => +79256764283
                    [VALUE_TYPE] => MOBILE
                )

        )

    [ASSIGNED_BY_ID] => 1
    [TITLE] => Новая заявка - +79256764283
    [OPENED] => Y
    [STATUS_ID] => NEW
    [SOURCE_ID] => 1068
    [COMMENTS] => <b>Title:</b> Neuro_Agency<br><b>Comments:</b> Имя - Александр; Долг - от 250 тыс; Город - Клин, Московская область; Поручитель/созаемщик - нет Банкротство - нет Автокредит - да, готов расстаться с автомобилем  Ипотека - нет Залог - нет Готов принять звонок - да<br><b>Utm_content:</b> https://drive.google.com/file/d/1HkswrCPknixvLJ5-xupUZLNXoPSqoz_T/view?usp=drivesdk<br>
)

Bitrix Response: {"result":655253,"time":{"start":1772024030,"finish":1772024032.953746,"duration":2.9537460803985596,"processing":2,"date_start":"2026-02-25T15:53:50+03:00","date_finish":"2026-02-25T15:53:52+03:00","operating_reset_at":1772024630,"operating":7.00055193901062}}
Статус: Успешно (Lead ID: 655253)
--------------------------------------------------

Время: 26.02.2026 09:31:54
Сервис: КЦ
From: Заявка из КЦ
Клиент: Array
(
    [name] => 3419512
    [phone] => +79089589593
    [email] => 
)

Город: не определён (ID: не найден)
RAW Input: {"TITLE": "Neuro_Agency", "name": "3419512", "phone": "+79089589593", "Comments": "\u0418\u043c\u044f \u2013 \u0418\u043d\u043d\u0430; \u0414\u043e\u043b\u0433 \u2013 250\u0442.\u0440; \u0413\u043e\u0440\u043e\u0434 \u2013 \u041a\u0435\u043c\u0435\u0440\u043e\u0432\u043e; \u041f\u043e\u0440\u0443\u0447\u0438\u0442\u0435\u043b\u044c/\u0441\u043e\u0437\u0430\u0435\u043c\u0449\u0438\u043a - \u043d\u0435\u0442 \u0411\u0430\u043d\u043a\u0440\u043e\u0442\u0441\u0442\u0432\u043e - \u043d\u0435\u0442 \u0410\u0432\u0442\u043e\u043a\u0440\u0435\u0434\u0438\u0442 \u2013 \u043d\u0435\u0442 \u0418\u043f\u043e\u0442\u0435\u043a\u0430 \u2013 \u043d\u0435\u0442 \u0417\u0430\u043b\u043e\u0433 - \u043d\u0435\u0442 \u0413\u043e\u0442\u043e\u0432 \u043f\u0440\u0438\u043d\u044f\u0442\u044c \u0437\u0432\u043e\u043d\u043e\u043a \u2013 \u0434\u0430", "utm_content": "https://drive.google.com/file/d/1-kMk2kBynuzE7VzEt8wdsHVP2tlHld8l/view?usp=drivesdk", "UTM_CONTENT": "https://drive.google.com/file/d/1-kMk2kBynu
POST: Array
(
)

Quiz/Комментарии: Array
(
)

Собранные комментарии (для лога): 
Title: Neuro_Agency
Comments: Имя – Инна; Долг – 250т.р; Город – Кемерово; Поручитель/созаемщик - нет Банкротство - нет Автокредит – нет Ипотека – нет Залог - нет Готов принять звонок – да
Utm_content: https://drive.google.com/file/d/1-kMk2kBynuzE7VzEt8wdsHVP2tlHld8l/view?usp=drivesdk

Отправка комментариев в Bitrix: ДА
Поля для Bitrix: Array
(
    [NAME] => 3419512
    [PHONE] => Array
        (
            [0] => Array
                (
                    [VALUE] => +79089589593
                    [VALUE_TYPE] => MOBILE
                )

        )

    [ASSIGNED_BY_ID] => 1
    [TITLE] => Новая заявка - +79089589593
    [OPENED] => Y
    [STATUS_ID] => NEW
    [SOURCE_ID] => 1068
    [COMMENTS] => <b>Title:</b> Neuro_Agency<br><b>Comments:</b> Имя – Инна; Долг – 250т.р; Город – Кемерово; Поручитель/созаемщик - нет Банкротство - нет Автокредит – нет Ипотека – нет Залог - нет Готов принять звонок – да<br><b>Utm_content:</b> https://drive.google.com/file/d/1-kMk2kBynuzE7VzEt8wdsHVP2tlHld8l/view?usp=drivesdk<br>
)

Bitrix Response: {"result":655593,"time":{"start":1772087514,"finish":1772087516.464573,"duration":2.4645729064941406,"processing":2,"date_start":"2026-02-26T09:31:54+03:00","date_finish":"2026-02-26T09:31:56+03:00","operating_reset_at":1772088114,"operating":4.724977970123291}}
Статус: Успешно (Lead ID: 655593)
--------------------------------------------------

Время: 26.02.2026 09:31:57
Сервис: КЦ
From: Заявка из КЦ
Клиент: Array
(
    [name] => 3419512
    [phone] => +79513956002
    [email] => 
)

Город: не определён (ID: не найден)
RAW Input: {"TITLE": "Neuro_Agency", "name": "3419512", "phone": "+79513956002", "Comments": "\u0418\u043c\u044f - \u0414\u0430\u0440\u044c\u044f; \u0414\u043e\u043b\u0433 - \u0431\u043e\u043b\u0435\u0435 250 \u0442\u0440; \u0413\u043e\u0440\u043e\u0434 - \u041d\u043e\u0432\u043e\u0441\u0438\u0431\u0438\u0440\u0441\u043a (\u0431\u043b\u0438\u0436\u0430\u0439\u0448\u0438\u0439 \u0433\u043e\u0440\u043e\u0434), \u041d\u043e\u0432\u043e\u0441\u0438\u0431\u0438\u0440\u0441\u043a\u0430\u044f \u043e\u0431\u043b\u0430\u0441\u0442\u044c; \u041f\u043e\u0440\u0443\u0447\u0438\u0442\u0435\u043b\u044c/\u0441\u043e\u0437\u0430\u0435\u043c\u0449\u0438\u043a - \u043d\u0435\u0442 \u0411\u0430\u043d\u043a\u0440\u043e\u0442\u0441\u0442\u0432\u043e - \u043d\u0435\u0442 \u0410\u0432\u0442\u043e\u043a\u0440\u0435\u0434\u0438\u0442 - \u0434\u0430, \u0433\u043e\u0442\u043e\u0432\u0430 \u0440\u0430\u0441\u0441\u0442\u0430\u0442\u044c\u0441\u044f \u0418\u043f\u043e\u0442\u0435\u043a\u0430 - \u043d\u0435\u0442 \u0417\u0430
POST: Array
(
)

Quiz/Комментарии: Array
(
)

Собранные комментарии (для лога): 
Title: Neuro_Agency
Comments: Имя - Дарья; Долг - более 250 тр; Город - Новосибирск (ближайший город), Новосибирская область; Поручитель/созаемщик - нет Банкротство - нет Автокредит - да, готова расстаться Ипотека - нет Залог - нет Готов принять звонок - да

Отправка комментариев в Bitrix: ДА
Поля для Bitrix: Array
(
    [NAME] => 3419512
    [PHONE] => Array
        (
            [0] => Array
                (
                    [VALUE] => +79513956002
                    [VALUE_TYPE] => MOBILE
                )

        )

    [ASSIGNED_BY_ID] => 1
    [TITLE] => Новая заявка - +79513956002
    [OPENED] => Y
    [STATUS_ID] => NEW
    [SOURCE_ID] => 1068
    [COMMENTS] => <b>Title:</b> Neuro_Agency<br><b>Comments:</b> Имя - Дарья; Долг - более 250 тр; Город - Новосибирск (ближайший город), Новосибирская область; Поручитель/созаемщик - нет Банкротство - нет Автокредит - да, готова расстаться Ипотека - нет Залог - нет Готов принять звонок - да<br>
)

Bitrix Response: {"result":655595,"time":{"start":1772087517,"finish":1772087520.094678,"duration":3.0946779251098633,"processing":3,"date_start":"2026-02-26T09:31:57+03:00","date_finish":"2026-02-26T09:32:00+03:00","operating_reset_at":1772088117,"operating":7.065696954727173}}
Статус: Успешно (Lead ID: 655595)
--------------------------------------------------

Время: 26.02.2026 09:32:02
Сервис: КЦ
From: Заявка из КЦ
Клиент: Array
(
    [name] => 3419512
    [phone] => +79220049693
    [email] => 
)

Город: не определён (ID: не найден)
RAW Input: {"TITLE": "Neuro_Agency", "name": "3419512", "phone": "+79220049693", "Comments": "\u0418\u043c\u044f -\u0410\u043b\u044c\u0431\u0438\u043d\u0430; \u0414\u043e\u043b\u0433 -\u0431\u043e\u043b\u0435\u0435 250 \u0442\u0440; \u0413\u043e\u0440\u043e\u0434 - \u0417\u0430\u0432\u043e\u0434\u043e\u0443\u043a\u043e\u0432\u0441\u043a, \u0422\u044e\u043c\u0435\u043d\u0441\u043a\u0430\u044f \u043e\u0431\u043b; \u041f\u043e\u0440\u0443\u0447\u0438\u0442\u0435\u043b\u044c/\u0441\u043e\u0437\u0430\u0435\u043c\u0449\u0438\u043a - \u043d\u0435\u0442 \u0411\u0430\u043d\u043a\u0440\u043e\u0442\u0441\u0442\u0432\u043e - \u043d\u0435\u0442 \u0410\u0432\u0442\u043e\u043a\u0440\u0435\u0434\u0438\u0442 - \u043d\u0435\u0442 \u0418\u043f\u043e\u0442\u0435\u043a\u0430 - \u043d\u0435\u0442 \u0417\u0430\u043b\u043e\u0433 - \u043d\u0435\u0442  \u0413\u043e\u0442\u043e\u0432 \u043f\u0440\u0438\u043d\u044f\u0442\u044c \u0437\u0432\u043e\u043d\u043e\u043a - \u0434\u0430"}
POST: Array
(
)

Quiz/Комментарии: Array
(
)

Собранные комментарии (для лога): 
Title: Neuro_Agency
Comments: Имя -Альбина; Долг -более 250 тр; Город - Заводоуковск, Тюменская обл; Поручитель/созаемщик - нет Банкротство - нет Автокредит - нет Ипотека - нет Залог - нет  Готов принять звонок - да

Отправка комментариев в Bitrix: ДА
Поля для Bitrix: Array
(
    [NAME] => 3419512
    [PHONE] => Array
        (
            [0] => Array
                (
                    [VALUE] => +79220049693
                    [VALUE_TYPE] => MOBILE
                )

        )

    [ASSIGNED_BY_ID] => 1
    [TITLE] => Новая заявка - +79220049693
    [OPENED] => Y
    [STATUS_ID] => NEW
    [SOURCE_ID] => 1068
    [COMMENTS] => <b>Title:</b> Neuro_Agency<br><b>Comments:</b> Имя -Альбина; Долг -более 250 тр; Город - Заводоуковск, Тюменская обл; Поручитель/созаемщик - нет Банкротство - нет Автокредит - нет Ипотека - нет Залог - нет  Готов принять звонок - да<br>
)

Bitrix Response: {"result":655599,"time":{"start":1772087522,"finish":1772087524.852028,"duration":2.8520278930664062,"processing":2,"date_start":"2026-02-26T09:32:02+03:00","date_finish":"2026-02-26T09:32:04+03:00","operating_reset_at":1772088122,"operating":11.747718811035156}}
Статус: Успешно (Lead ID: 655599)
--------------------------------------------------

Время: 26.02.2026 09:32:06
Сервис: КЦ
From: Заявка из КЦ
Клиент: Array
(
    [name] => 3419512
    [phone] => +79108895617
    [email] => 
)

Город: не определён (ID: не найден)
RAW Input: {"TITLE": "Neuro_Agency", "name": "3419512", "phone": "+79108895617", "Comments": "\u0418\u043c\u044f \u2013 \u0415\u0432\u0433\u0435\u043d\u0438\u0439; \u0414\u043e\u043b\u0433 \u2013 250\u0442.\u0440; \u0413\u043e\u0440\u043e\u0434 \u2013 \u041d\u0438\u0436\u043d\u0438\u0439 \u041d\u043e\u0432\u0433\u043e\u0440\u043e\u0434, \u041d\u0438\u0436\u0435\u0433\u043e\u0440\u043e\u0434\u0441\u043a\u0430\u044f \u043e\u0431\u043b.; \u041f\u043e\u0440\u0443\u0447\u0438\u0442\u0435\u043b\u044c/\u0441\u043e\u0437\u0430\u0435\u043c\u0449\u0438\u043a - \u043d\u0435\u0442 \u0411\u0430\u043d\u043a\u0440\u043e\u0442\u0441\u0442\u0432\u043e - \u043d\u0435\u0442 \u0410\u0432\u0442\u043e\u043a\u0440\u0435\u0434\u0438\u0442 \u2013 \u043d\u0435\u0442 \u0418\u043f\u043e\u0442\u0435\u043a\u0430 \u2013 \u043d\u0435\u0442 \u0417\u0430\u043b\u043e\u0433 - \u043d\u0435\u0442 \u0413\u043e\u0442\u043e\u0432 \u043f\u0440\u0438\u043d\u044f\u0442\u044c \u0437\u0432\u043e\u043d\u043e\u043a \u2013 \u0434\u0430"}
POST: Array
(
)

Quiz/Комментарии: Array
(
)

Собранные комментарии (для лога): 
Title: Neuro_Agency
Comments: Имя – Евгений; Долг – 250т.р; Город – Нижний Новгород, Нижегородская обл.; Поручитель/созаемщик - нет Банкротство - нет Автокредит – нет Ипотека – нет Залог - нет Готов принять звонок – да

Отправка комментариев в Bitrix: ДА
Поля для Bitrix: Array
(
    [NAME] => 3419512
    [PHONE] => Array
        (
            [0] => Array
                (
                    [VALUE] => +79108895617
                    [VALUE_TYPE] => MOBILE
                )

        )

    [ASSIGNED_BY_ID] => 1
    [TITLE] => Новая заявка - +79108895617
    [OPENED] => Y
    [STATUS_ID] => NEW
    [SOURCE_ID] => 1068
    [COMMENTS] => <b>Title:</b> Neuro_Agency<br><b>Comments:</b> Имя – Евгений; Долг – 250т.р; Город – Нижний Новгород, Нижегородская обл.; Поручитель/созаемщик - нет Банкротство - нет Автокредит – нет Ипотека – нет Залог - нет Готов принять звонок – да<br>
)

Bitrix Response: {"result":655601,"time":{"start":1772087526,"finish":1772087528.951674,"duration":2.951673984527588,"processing":2,"date_start":"2026-02-26T09:32:06+03:00","date_finish":"2026-02-26T09:32:08+03:00","operating_reset_at":1772088126,"operating":14.249514818191528}}
Статус: Успешно (Lead ID: 655601)
--------------------------------------------------

Время: 26.02.2026 09:32:12
Сервис: КЦ
From: Заявка из КЦ
Клиент: Array
(
    [name] => 3419512
    [phone] => +79504365286
    [email] => 
)

Город: не определён (ID: не найден)
RAW Input: {"TITLE": "Neuro_Agency", "name": "3419512", "phone": "+79504365286", "Comments": "\u0418\u043c\u044f - \u042e\u043b\u0438\u044f   ; \u0414\u043e\u043b\u0433 - 250000  ; \u0413\u043e\u0440\u043e\u0434 - \u0421\u0430\u043d\u043a\u0442-\u041f\u0435\u0442\u0435\u0440\u0431\u0443\u0440\u0433   ; \u041f\u043e\u0440\u0443\u0447\u0438\u0442\u0435\u043b\u044c/\u0441\u043e\u0437\u0430\u0435\u043c\u0449\u0438\u043a - \u043d\u0435\u0442 \u0411\u0430\u043d\u043a\u0440\u043e\u0442\u0441\u0442\u0432\u043e - \u043d\u0435\u0442 \u0410\u0432\u0442\u043e\u043a\u0440\u0435\u0434\u0438\u0442 - \u043d\u0435\u0442 \u0418\u043f\u043e\u0442\u0435\u043a\u0430 - \u043d\u0435\u0442 \u0417\u0430\u043b\u043e\u0433 - \u043d\u0435\u0442 \u0413\u043e\u0442\u043e\u0432 \u043f\u0440\u0438\u043d\u044f\u0442\u044c \u0437\u0432\u043e\u043d\u043e\u043a - \u0434\u0430 "}
POST: Array
(
)

Quiz/Комментарии: Array
(
)

Собранные комментарии (для лога): 
Title: Neuro_Agency
Comments: Имя - Юлия   ; Долг - 250000  ; Город - Санкт-Петербург   ; Поручитель/созаемщик - нет Банкротство - нет Автокредит - нет Ипотека - нет Залог - нет Готов принять звонок - да

Отправка комментариев в Bitrix: ДА
Поля для Bitrix: Array
(
    [NAME] => 3419512
    [PHONE] => Array
        (
            [0] => Array
                (
                    [VALUE] => +79504365286
                    [VALUE_TYPE] => MOBILE
                )

        )

    [ASSIGNED_BY_ID] => 1
    [TITLE] => Новая заявка - +79504365286
    [OPENED] => Y
    [STATUS_ID] => NEW
    [SOURCE_ID] => 1068
    [COMMENTS] => <b>Title:</b> Neuro_Agency<br><b>Comments:</b> Имя - Юлия   ; Долг - 250000  ; Город - Санкт-Петербург   ; Поручитель/созаемщик - нет Банкротство - нет Автокредит - нет Ипотека - нет Залог - нет Готов принять звонок - да<br>
)

Bitrix Response: {"result":655603,"time":{"start":1772087532,"finish":1772087535.253745,"duration":3.2537450790405273,"processing":3,"date_start":"2026-02-26T09:32:12+03:00","date_finish":"2026-02-26T09:32:15+03:00","operating_reset_at":1772088132,"operating":16.735353708267212}}
Статус: Успешно (Lead ID: 655603)
--------------------------------------------------

Время: 26.02.2026 09:48:32
Сервис: КЦ
From: Заявка из КЦ
Клиент: Array
(
    [name] => 3419512
    [phone] => +79095123272
    [email] => 
)

Город: не определён (ID: не найден)
RAW Input: {"TITLE": "Neuro_Agency", "name": "3419512", "phone": "+79095123272", "Comments": "\u0418\u043c\u044f - \u041f\u0430\u0432\u0435\u043b; \u0414\u043e\u043b\u0433 - \u0431\u043e\u043b\u0435\u0435 250 \u0442\u0440; \u0413\u043e\u0440\u043e\u0434 - \u0411\u0435\u043b\u043e\u0432\u043e, \u041a\u0435\u043c\u0435\u0440\u043e\u0432\u0441\u043a\u0430\u044f \u043e\u0431\u043b\u0430\u0441\u0442\u044c; \u041f\u043e\u0440\u0443\u0447\u0438\u0442\u0435\u043b\u044c/\u0441\u043e\u0437\u0430\u0435\u043c\u0449\u0438\u043a - \u043d\u0435\u0442; \u0411\u0430\u043d\u043a\u0440\u043e\u0442\u0441\u0442\u0432\u043e - \u043d\u0435\u0442; \u0410\u0432\u0442\u043e\u043a\u0440\u0435\u0434\u0438\u0442 - \u0434\u0430, \u0433\u043e\u0442\u043e\u0432 \u0440\u0430\u0441\u0441\u0442\u0430\u0442\u044c\u0441\u044f; \u0418\u043f\u043e\u0442\u0435\u043a\u0430 - \u043d\u0435\u0442; \u0417\u0430\u043b\u043e\u0433 - \u043d\u0435\u0442; \u0413\u043e\u0442\u043e\u0432 \u043f\u0440\u0438\u043d\u044f\u0442\u044c \u0437\u0432\u043
POST: Array
(
)

Quiz/Комментарии: Array
(
)

Собранные комментарии (для лога): 
Title: Neuro_Agency
Comments: Имя - Павел; Долг - более 250 тр; Город - Белово, Кемеровская область; Поручитель/созаемщик - нет; Банкротство - нет; Автокредит - да, готов расстаться; Ипотека - нет; Залог - нет; Готов принять звонок - да

Отправка комментариев в Bitrix: ДА
Поля для Bitrix: Array
(
    [NAME] => 3419512
    [PHONE] => Array
        (
            [0] => Array
                (
                    [VALUE] => +79095123272
                    [VALUE_TYPE] => MOBILE
                )

        )

    [ASSIGNED_BY_ID] => 1
    [TITLE] => Новая заявка - +79095123272
    [OPENED] => Y
    [STATUS_ID] => NEW
    [SOURCE_ID] => 1068
    [COMMENTS] => <b>Title:</b> Neuro_Agency<br><b>Comments:</b> Имя - Павел; Долг - более 250 тр; Город - Белово, Кемеровская область; Поручитель/созаемщик - нет; Банкротство - нет; Автокредит - да, готов расстаться; Ипотека - нет; Залог - нет; Готов принять звонок - да<br>
)

Bitrix Response: {"result":655621,"time":{"start":1772088512,"finish":1772088514.994975,"duration":2.9949750900268555,"processing":2,"date_start":"2026-02-26T09:48:32+03:00","date_finish":"2026-02-26T09:48:34+03:00","operating_reset_at":1772089112,"operating":2.5971150398254395}}
Статус: Успешно (Lead ID: 655621)
--------------------------------------------------

Время: 26.02.2026 10:54:00
Сервис: КЦ
From: Заявка из КЦ
Клиент: Array
(
    [name] => 3419512
    [phone] => +79523216709
    [email] => 
)

Город: не определён (ID: не найден)
RAW Input: {"TITLE": "Neuro_Agency", "name": "3419512", "phone": "+79523216709", "Comments": "\u0418\u043c\u044f - \u0422\u0430\u0442\u044c\u044f\u043d\u0430 \u041d\u0438\u043a\u043e\u043b\u0430\u0435\u0432\u043d\u0430; \u0414\u043e\u043b\u0433 - \u0431\u043e\u043b\u0435\u0435 250 \u0442\u0440; \u0413\u043e\u0440\u043e\u0434 - \u0421\u0443\u043a\u0441\u0443\u043d ,\u041f\u0435\u0440\u043c\u0441\u043a\u0438\u0439 \u043a\u0440\u0430\u0439; \u041f\u043e\u0440\u0443\u0447\u0438\u0442\u0435\u043b\u044c/\u0441\u043e\u0437\u0430\u0435\u043c\u0449\u0438\u043a - \u043d\u0435\u0442 \u0411\u0430\u043d\u043a\u0440\u043e\u0442\u0441\u0442\u0432\u043e - \u043d\u0435\u0442 \u0410\u0432\u0442\u043e\u043a\u0440\u0435\u0434\u0438\u0442 - \u043d\u0435\u0442 \u0418\u043f\u043e\u0442\u0435\u043a\u0430 - \u043d\u0435\u0442 \u0417\u0430\u043b\u043e\u0433 - \u043d\u0435\u0442 \u0413\u043e\u0442\u043e\u0432 \u043f\u0440\u0438\u043d\u044f\u0442\u044c \u0437\u0432\u043e\u043d\u043e\u043a - \u0434\u0430", "utm_content": "ht
POST: Array
(
)

Quiz/Комментарии: Array
(
)

Собранные комментарии (для лога): 
Title: Neuro_Agency
Comments: Имя - Татьяна Николаевна; Долг - более 250 тр; Город - Суксун ,Пермский край; Поручитель/созаемщик - нет Банкротство - нет Автокредит - нет Ипотека - нет Залог - нет Готов принять звонок - да
Utm_content: https://drive.google.com/file/d/1bdy847HnQ-OPR3aN3MHHZZ_USbnqpE3E/view?usp=drivesdk

Отправка комментариев в Bitrix: ДА
Поля для Bitrix: Array
(
    [NAME] => 3419512
    [PHONE] => Array
        (
            [0] => Array
                (
                    [VALUE] => +79523216709
                    [VALUE_TYPE] => MOBILE
                )

        )

    [ASSIGNED_BY_ID] => 1
    [TITLE] => Новая заявка - +79523216709
    [OPENED] => Y
    [STATUS_ID] => NEW
    [SOURCE_ID] => 1068
    [COMMENTS] => <b>Title:</b> Neuro_Agency<br><b>Comments:</b> Имя - Татьяна Николаевна; Долг - более 250 тр; Город - Суксун ,Пермский край; Поручитель/созаемщик - нет Банкротство - нет Автокредит - нет Ипотека - нет Залог - нет Готов принять звонок - да<br><b>Utm_content:</b> https://drive.google.com/file/d/1bdy847HnQ-OPR3aN3MHHZZ_USbnqpE3E/view?usp=drivesdk<br>
)

Bitrix Response: {"result":655689,"time":{"start":1772092440,"finish":1772092443.295407,"duration":3.2954070568084717,"processing":3,"date_start":"2026-02-26T10:54:00+03:00","date_finish":"2026-02-26T10:54:03+03:00","operating_reset_at":1772093040,"operating":5.523699760437012}}
Статус: Успешно (Lead ID: 655689)
--------------------------------------------------

Время: 26.02.2026 13:06:40
Сервис: КЦ
From: Заявка из КЦ
Клиент: Array
(
    [name] => 3419512
    [phone] => +79131927001
    [email] => 
)

Город: не определён (ID: не найден)
RAW Input: {"TITLE": "Neuro_Agency", "name": "3419512", "phone": "+79131927001", "Comments": "\u0418\u043c\u044f - \u0410\u043d\u0434\u0440\u0435\u0439; \u0414\u043e\u043b\u0433 - 900000; \u0413\u043e\u0440\u043e\u0434 - \u041a\u0440\u0430\u0441\u043d\u043e\u044f\u0440\u0441\u043a; \u041f\u043e\u0440\u0443\u0447\u0438\u0442\u0435\u043b\u044c/\u0441\u043e\u0437\u0430\u0435\u043c\u0449\u0438\u043a - \u043d\u0435\u0442 \u0411\u0430\u043d\u043a\u0440\u043e\u0442\u0441\u0442\u0432\u043e - \u043d\u0435\u0442 \u0410\u0432\u0442\u043e\u043a\u0440\u0435\u0434\u0438\u0442 - \u043d\u0435\u0442 \u0418\u043f\u043e\u0442\u0435\u043a\u0430 - \u043d\u0435\u0442 \u0417\u0430\u043b\u043e\u0433 - \u043d\u0435\u0442 \u0413\u043e\u0442\u043e\u0432 \u043f\u0440\u0438\u043d\u044f\u0442\u044c \u0437\u0432\u043e\u043d\u043e\u043a - \u0434\u0430", "utm_content": "https://drive.google.com/file/d/1kStGztoEeZt9sAGnEb6qlgKNBadh-wsk/view?usp=drivesdk", "UTM_CONTENT": "https://drive.google.com/file/d/1kStGztoEeZt9sAGnEb6qlgKNBa
POST: Array
(
)

Quiz/Комментарии: Array
(
)

Собранные комментарии (для лога): 
Title: Neuro_Agency
Comments: Имя - Андрей; Долг - 900000; Город - Красноярск; Поручитель/созаемщик - нет Банкротство - нет Автокредит - нет Ипотека - нет Залог - нет Готов принять звонок - да
Utm_content: https://drive.google.com/file/d/1kStGztoEeZt9sAGnEb6qlgKNBadh-wsk/view?usp=drivesdk

Отправка комментариев в Bitrix: ДА
Поля для Bitrix: Array
(
    [NAME] => 3419512
    [PHONE] => Array
        (
            [0] => Array
                (
                    [VALUE] => +79131927001
                    [VALUE_TYPE] => MOBILE
                )

        )

    [ASSIGNED_BY_ID] => 1
    [TITLE] => Новая заявка - +79131927001
    [OPENED] => Y
    [STATUS_ID] => NEW
    [SOURCE_ID] => 1068
    [COMMENTS] => <b>Title:</b> Neuro_Agency<br><b>Comments:</b> Имя - Андрей; Долг - 900000; Город - Красноярск; Поручитель/созаемщик - нет Банкротство - нет Автокредит - нет Ипотека - нет Залог - нет Готов принять звонок - да<br><b>Utm_content:</b> https://drive.google.com/file/d/1kStGztoEeZt9sAGnEb6qlgKNBadh-wsk/view?usp=drivesdk<br>
)

Bitrix Response: {"result":655845,"time":{"start":1772100400,"finish":1772100403.130083,"duration":3.1300830841064453,"processing":3,"date_start":"2026-02-26T13:06:40+03:00","date_finish":"2026-02-26T13:06:43+03:00","operating_reset_at":1772101000,"operating":6.827481031417847}}
Статус: Успешно (Lead ID: 655845)
--------------------------------------------------

Время: 26.02.2026 13:06:44
Сервис: КЦ
From: Заявка из КЦ
Клиент: Array
(
    [name] => 3419512
    [phone] => +79994750693
    [email] => 
)

Город: не определён (ID: не найден)
RAW Input: {"TITLE": "Neuro_Agency", "name": "3419512", "phone": "+79994750693", "Comments": "\u0418\u043c\u044f - \u0415\u043b\u0435\u043d\u0430; \u0414\u043e\u043b\u0433 - 700 \u0442\u0440; \u0413\u043e\u0440\u043e\u0434 - \u0413\u043e\u0440\u043d\u043e-\u0410\u043b\u0442\u0430\u0439\u0441\u043a, \u0420\u0435\u0441\u043f\u0443\u0431\u043b\u0438\u043a\u0430 \u0410\u043b\u0442\u0430\u0439; \u041f\u043e\u0440\u0443\u0447\u0438\u0442\u0435\u043b\u044c/\u0441\u043e\u0437\u0430\u0435\u043c\u0449\u0438\u043a - \u043d\u0435\u0442 \u0411\u0430\u043d\u043a\u0440\u043e\u0442\u0441\u0442\u0432\u043e - \u043d\u0435\u0442 \u0410\u0432\u0442\u043e\u043a\u0440\u0435\u0434\u0438\u0442 - \u043d\u0435\u0442 \u0418\u043f\u043e\u0442\u0435\u043a\u0430 - \u043d\u0435\u0442 \u0417\u0430\u043b\u043e\u0433 - \u043d\u0435\u0442 \u0413\u043e\u0442\u043e\u0432 \u043f\u0440\u0438\u043d\u044f\u0442\u044c \u0437\u0432\u043e\u043d\u043e\u043a - \u0434\u0430", "utm_content": "https://drive.google.com/file/d/1JUYXeqdhBk_HBJTPTR
POST: Array
(
)

Quiz/Комментарии: Array
(
)

Собранные комментарии (для лога): 
Title: Neuro_Agency
Comments: Имя - Елена; Долг - 700 тр; Город - Горно-Алтайск, Республика Алтай; Поручитель/созаемщик - нет Банкротство - нет Автокредит - нет Ипотека - нет Залог - нет Готов принять звонок - да
Utm_content: https://drive.google.com/file/d/1JUYXeqdhBk_HBJTPTRgMjR6oH1_VQD_q/view?usp=drivesdk

Отправка комментариев в Bitrix: ДА
Поля для Bitrix: Array
(
    [NAME] => 3419512
    [PHONE] => Array
        (
            [0] => Array
                (
                    [VALUE] => +79994750693
                    [VALUE_TYPE] => MOBILE
                )

        )

    [ASSIGNED_BY_ID] => 1
    [TITLE] => Новая заявка - +79994750693
    [OPENED] => Y
    [STATUS_ID] => NEW
    [SOURCE_ID] => 1068
    [COMMENTS] => <b>Title:</b> Neuro_Agency<br><b>Comments:</b> Имя - Елена; Долг - 700 тр; Город - Горно-Алтайск, Республика Алтай; Поручитель/созаемщик - нет Банкротство - нет Автокредит - нет Ипотека - нет Залог - нет Готов принять звонок - да<br><b>Utm_content:</b> https://drive.google.com/file/d/1JUYXeqdhBk_HBJTPTRgMjR6oH1_VQD_q/view?usp=drivesdk<br>
)

Bitrix Response: {"result":655847,"time":{"start":1772100404,"finish":1772100406.787503,"duration":2.7875030040740967,"processing":2,"date_start":"2026-02-26T13:06:44+03:00","date_finish":"2026-02-26T13:06:46+03:00","operating_reset_at":1772101004,"operating":9.203316926956177}}
Статус: Успешно (Lead ID: 655847)
--------------------------------------------------

Время: 26.02.2026 13:06:48
Сервис: КЦ
From: Заявка из КЦ
Клиент: Array
(
    [name] => 3419512
    [phone] => +79963243484
    [email] => 
)

Город: не определён (ID: не найден)
RAW Input: {"TITLE": "Neuro_Agency", "name": "3419512", "phone": "+79963243484", "Comments": "\u0418\u043c\u044f - \u0421\u0435\u0440\u0433\u0435\u0439 \u042e\u0440\u044c\u0435\u0432\u0438\u0447; \u0414\u043e\u043b\u0433 - 530 \u0442. \u0440.; \u0413\u043e\u0440\u043e\u0434 - \u0427\u0430\u0439\u043a\u043e\u0432\u0441\u043a\u0438\u0439, \u041f\u0435\u0440\u043c\u0441\u043a\u0438\u0439 \u043a\u0440\u0430\u0439; \u041f\u043e\u0440\u0443\u0447\u0438\u0442\u0435\u043b\u044c/\u0441\u043e\u0437\u0430\u0435\u043c\u0449\u0438\u043a - \u041d\u0435\u0442 \u0411\u0430\u043d\u043a\u0440\u043e\u0442\u0441\u0442\u0432\u043e - \u041d\u0435\u0442 \u0410\u0432\u0442\u043e\u043a\u0440\u0435\u0434\u0438\u0442 - \u041d\u0435\u0442 \u0418\u043f\u043e\u0442\u0435\u043a\u0430 - \u041d\u0435\u0442 \u0417\u0430\u043b\u043e\u0433 - \u041d\u0435\u0442 \u0413\u043e\u0442\u043e\u0432 \u043f\u0440\u0438\u043d\u044f\u0442\u044c \u0437\u0432\u043e\u043d\u043e\u043a - \u0414\u0430", "utm_content": "https://drive.google.com/file/
POST: Array
(
)

Quiz/Комментарии: Array
(
)

Собранные комментарии (для лога): 
Title: Neuro_Agency
Comments: Имя - Сергей Юрьевич; Долг - 530 т. р.; Город - Чайковский, Пермский край; Поручитель/созаемщик - Нет Банкротство - Нет Автокредит - Нет Ипотека - Нет Залог - Нет Готов принять звонок - Да
Utm_content: https://drive.google.com/file/d/1ZjUQldGlBz5KrLc6tjrIKAg23MPQ0Haz/view?usp=drivesdk

Отправка комментариев в Bitrix: ДА
Поля для Bitrix: Array
(
    [NAME] => 3419512
    [PHONE] => Array
        (
            [0] => Array
                (
                    [VALUE] => +79963243484
                    [VALUE_TYPE] => MOBILE
                )

        )

    [ASSIGNED_BY_ID] => 1
    [TITLE] => Новая заявка - +79963243484
    [OPENED] => Y
    [STATUS_ID] => NEW
    [SOURCE_ID] => 1068
    [COMMENTS] => <b>Title:</b> Neuro_Agency<br><b>Comments:</b> Имя - Сергей Юрьевич; Долг - 530 т. р.; Город - Чайковский, Пермский край; Поручитель/созаемщик - Нет Банкротство - Нет Автокредит - Нет Ипотека - Нет Залог - Нет Готов принять звонок - Да<br><b>Utm_content:</b> https://drive.google.com/file/d/1ZjUQldGlBz5KrLc6tjrIKAg23MPQ0Haz/view?usp=drivesdk<br>
)

Bitrix Response: {"result":655849,"time":{"start":1772100408,"finish":1772100410.478649,"duration":2.4786489009857178,"processing":2,"date_start":"2026-02-26T13:06:48+03:00","date_finish":"2026-02-26T13:06:50+03:00","operating_reset_at":1772101008,"operating":11.581650018692017}}
Статус: Успешно (Lead ID: 655849)
--------------------------------------------------

Время: 27.02.2026 09:31:55
Сервис: КЦ
From: Заявка из КЦ
Клиент: Array
(
    [name] => 3419512
    [phone] => +79615221964
    [email] => 
)

Город: не определён (ID: не найден)
RAW Input: {"TITLE": "Neuro_Agency", "name": "3419512", "phone": "+79615221964", "Comments": "\u0418\u043c\u044f - \u041e\u043b\u0435\u0433 \u0414\u043e\u043b\u0433 - 1 \u043c\u043b\u043d; \u0413\u043e\u0440\u043e\u0434 -\u041d\u043e\u0432\u043e\u043a\u0443\u0431\u0430\u043d\u0441\u043a, \u041a\u0440\u0430\u0441\u043d\u043e\u0434\u0430\u0440\u0441\u043a\u0438\u0439 \u043a\u0440\u0430\u0439; \u041f\u043e\u0440\u0443\u0447\u0438\u0442\u0435\u043b\u044c/\u0441\u043e\u0437\u0430\u0435\u043c\u0449\u0438\u043a - \u043d\u0435\u0442 \u0411\u0430\u043d\u043a\u0440\u043e\u0442\u0441\u0442\u0432\u043e - \u043d\u0435\u0442 \u0410\u0432\u0442\u043e\u043a\u0440\u0435\u0434\u0438\u0442 - \u0434\u0430 ( \u0433\u043e\u0442\u043e\u0432 \u0440\u0430\u0441\u0441\u0442\u0430\u0442\u044c\u0441\u044f) \u0418\u043f\u043e\u0442\u0435\u043a\u0430 - \u043d\u0435\u0442 \u0417\u0430\u043b\u043e\u0433 - \u043d\u0435\u0442  \u0413\u043e\u0442\u043e\u0432 \u043f\u0440\u0438\u043d\u044f\u0442\u044c \u0437\u0432\u043e\u043d\u043e
POST: Array
(
)

Quiz/Комментарии: Array
(
)

Собранные комментарии (для лога): 
Title: Neuro_Agency
Comments: Имя - Олег Долг - 1 млн; Город -Новокубанск, Краснодарский край; Поручитель/созаемщик - нет Банкротство - нет Автокредит - да ( готов расстаться) Ипотека - нет Залог - нет  Готов принять звонок - да
Utm_content: https://drive.google.com/file/d/1rlzsUg1adTt73TFmlGPwCGFj2vIbQZmy/view?usp=drivesdk

Отправка комментариев в Bitrix: ДА
Поля для Bitrix: Array
(
    [NAME] => 3419512
    [PHONE] => Array
        (
            [0] => Array
                (
                    [VALUE] => +79615221964
                    [VALUE_TYPE] => MOBILE
                )

        )

    [ASSIGNED_BY_ID] => 1
    [TITLE] => Новая заявка - +79615221964
    [OPENED] => Y
    [STATUS_ID] => NEW
    [SOURCE_ID] => 1068
    [COMMENTS] => <b>Title:</b> Neuro_Agency<br><b>Comments:</b> Имя - Олег Долг - 1 млн; Город -Новокубанск, Краснодарский край; Поручитель/созаемщик - нет Банкротство - нет Автокредит - да ( готов расстаться) Ипотека - нет Залог - нет  Готов принять звонок - да<br><b>Utm_content:</b> https://drive.google.com/file/d/1rlzsUg1adTt73TFmlGPwCGFj2vIbQZmy/view?usp=drivesdk<br>
)

Bitrix Response: {"result":656385,"time":{"start":1772173915,"finish":1772173917.582274,"duration":2.5822739601135254,"processing":2,"date_start":"2026-02-27T09:31:55+03:00","date_finish":"2026-02-27T09:31:57+03:00","operating_reset_at":1772174515,"operating":10.544116735458374}}
Статус: Успешно (Lead ID: 656385)
--------------------------------------------------

Время: 27.02.2026 09:48:01
Сервис: КЦ
From: Заявка из КЦ
Клиент: Array
(
    [name] => 3419512
    [phone] => +79141704466
    [email] => 
)

Город: не определён (ID: не найден)
RAW Input: {"TITLE": "Neuro_Agency", "name": "3419512", "phone": "+79141704466", "Comments": "\u0418\u043c\u044f - \u0410\u043b\u0435\u043a\u0441\u0435\u0439 ; \u0414\u043e\u043b\u0433 - 250 \u0442.\u0440.; \u0413\u043e\u0440\u043e\u0434 - \u043f \u0427\u0435\u0433\u0434\u043e\u043c\u044b\u043d , \u0425\u0430\u0431\u0430\u0440\u043e\u0432\u0441\u043a\u0438\u0439 \u043a\u0440\u0430\u0439  ; \u041f\u043e\u0440\u0443\u0447\u0438\u0442\u0435\u043b\u044c/\u0441\u043e\u0437\u0430\u0435\u043c\u0449\u0438\u043a -\u043d\u0435\u0442; \u0411\u0430\u043d\u043a\u0440\u043e\u0442\u0441\u0442\u0432\u043e - \u043d\u0435\u0442; \u0410\u0432\u0442\u043e\u043a\u0440\u0435\u0434\u0438\u0442 - \u043d\u0435\u0442; \u0418\u043f\u043e\u0442\u0435\u043a\u0430 -\u043d\u0435\u0442; \u0417\u0430\u043b\u043e\u0433 - \u043d\u0435\u0442; \u0413\u043e\u0442\u043e\u0432 \u043f\u0440\u0438\u043d\u044f\u0442\u044c \u0437\u0432\u043e\u043d\u043e\u043a -\u0434\u0430", "utm_content": "https://drive.google.com/file/d/104VqheIO3ggBXZUv
POST: Array
(
)

Quiz/Комментарии: Array
(
)

Собранные комментарии (для лога): 
Title: Neuro_Agency
Comments: Имя - Алексей ; Долг - 250 т.р.; Город - п Чегдомын , Хабаровский край  ; Поручитель/созаемщик -нет; Банкротство - нет; Автокредит - нет; Ипотека -нет; Залог - нет; Готов принять звонок -да
Utm_content: https://drive.google.com/file/d/104VqheIO3ggBXZUvB5SX6t2lHr4xkyIm/view?usp=drivesdk

Отправка комментариев в Bitrix: ДА
Поля для Bitrix: Array
(
    [NAME] => 3419512
    [PHONE] => Array
        (
            [0] => Array
                (
                    [VALUE] => +79141704466
                    [VALUE_TYPE] => MOBILE
                )

        )

    [ASSIGNED_BY_ID] => 1
    [TITLE] => Новая заявка - +79141704466
    [OPENED] => Y
    [STATUS_ID] => NEW
    [SOURCE_ID] => 1068
    [COMMENTS] => <b>Title:</b> Neuro_Agency<br><b>Comments:</b> Имя - Алексей ; Долг - 250 т.р.; Город - п Чегдомын , Хабаровский край  ; Поручитель/созаемщик -нет; Банкротство - нет; Автокредит - нет; Ипотека -нет; Залог - нет; Готов принять звонок -да<br><b>Utm_content:</b> https://drive.google.com/file/d/104VqheIO3ggBXZUvB5SX6t2lHr4xkyIm/view?usp=drivesdk<br>
)

Bitrix Response: {"result":656409,"time":{"start":1772174881,"finish":1772174884.55302,"duration":3.5530200004577637,"processing":3,"date_start":"2026-02-27T09:48:01+03:00","date_finish":"2026-02-27T09:48:04+03:00","operating_reset_at":1772175481,"operating":9.31386137008667}}
Статус: Успешно (Lead ID: 656409)
--------------------------------------------------

