Время: 23.02.2026 09:39:52
Сервис: КЦ
From: Заявка из КЦ
Клиент: Array
(
    [name] => Test Имя
    [phone] => +79171111113
    [email] => 
)

Город: Дистант Калуга (ID: не найден)
RAW Input: {"name":"Test \u0418\u043c\u044f","phone":"+79171111113","Comments":"\u0417\u0430\u043f\u0438\u0441\u044c \u0440\u0430\u0437\u0433\u043e\u0432\u043e\u0440\u0430: https:\/\/786231.selcdn.ru\/leads-m-records\/records\/test.mp3 \u041a\u043e\u0433\u0434\u0430 \u043f\u0435\u0440\u0435\u0437\u0432\u043e\u043d\u0438\u0442\u044c: \u041d\u0438\u043a\u043e\u0433\u0434\u0430 - \u0434\u043b\u044f \u0442\u0435\u0441\u0442\u0430, \u0414\u0430\u0442\u0430 \u0437\u0432\u043e\u043d\u043a\u0430: 2026-02-23 09:27:53, \u0413\u0435\u043e: \u0410\u043b\u0442\u0430\u0439\u0441\u043a\u0438\u0439 \u043a\u0440\u0430\u0439, \u0421\u0443\u043c\u043c\u0430 \u0434\u043e\u043b\u0433\u0430: 50000 \u0440\u0443\u0431","Gorod":"\u0414\u0438\u0441\u0442\u0430\u043d\u0442 \u041a\u0430\u043b\u0443\u0433\u0430"}
POST: Array
(
)

Quiz/Комментарии: Array
(
)

Собранные комментарии (для лога): 
Comments: Запись разговора: https://786231.selcdn.ru/leads-m-records/records/test.mp3 Когда перезвонить: Никогда - для теста, Дата звонка: 2026-02-23 09:27:53, Гео: Алтайский край, Сумма долга: 50000 руб
Город: Дистант Калуга

Отправка комментариев в Bitrix: ДА
Поля для Bitrix: Array
(
    [NAME] => Test Имя
    [PHONE] => Array
        (
            [0] => Array
                (
                    [VALUE] => +79171111113
                    [VALUE_TYPE] => MOBILE
                )

        )

    [ASSIGNED_BY_ID] => 1
    [TITLE] => Новая заявка - +79171111113
    [OPENED] => Y
    [STATUS_ID] => NEW
    [SOURCE_ID] => 1066
    [COMMENTS] => <b>Comments:</b> Запись разговора: https://786231.selcdn.ru/leads-m-records/records/test.mp3 Когда перезвонить: Никогда - для теста, Дата звонка: 2026-02-23 09:27:53, Гео: Алтайский край, Сумма долга: 50000 руб<br><b>Город:</b> Дистант Калуга<br>
)

Bitrix Response: {"result":653671,"time":{"start":1771828792,"finish":1771828794.556324,"duration":2.556324005126953,"processing":2,"date_start":"2026-02-23T09:39:52+03:00","date_finish":"2026-02-23T09:39:54+03:00","operating_reset_at":1771829392,"operating":7.825755834579468}}
Статус: Успешно (Lead ID: 653671)
--------------------------------------------------

