Время: 25.02.2026 17:21:09
Сервис: КЦ
From: Заявка из КЦ
Клиент: Array
(
    [name] => Тест Тест Тест
    [phone] => 79813133511
    [email] => 
)

Город: Калуга (ID: не найден)
RAW Input: {"phone":"79813133511","name":"\u0422\u0435\u0441\u0442 \u0422\u0435\u0441\u0442 \u0422\u0435\u0441\u0442","Comments":"","Gorod":"\u041a\u0430\u043b\u0443\u0433\u0430","utm_source":"ap-lead","utm_medium":"cc","utm_campaign":null,"utm_content":null,"utm_term":null}
POST: Array
(
)

Quiz/Комментарии: Array
(
)

Собранные комментарии (для лога): 
Город: Калуга

Отправка комментариев в Bitrix: ДА
Поля для Bitrix: Array
(
    [NAME] => Тест Тест Тест
    [PHONE] => Array
        (
            [0] => Array
                (
                    [VALUE] => 79813133511
                    [VALUE_TYPE] => MOBILE
                )

        )

    [ASSIGNED_BY_ID] => 1
    [TITLE] => Новая заявка - 79813133511
    [OPENED] => Y
    [STATUS_ID] => NEW
    [SOURCE_ID] => 834
    [COMMENTS] => <b>Город:</b> Калуга<br>
)

Bitrix Response: {"result":655351,"time":{"start":1772029269,"finish":1772029271.146685,"duration":2.1466848850250244,"processing":2,"date_start":"2026-02-25T17:21:09+03:00","date_finish":"2026-02-25T17:21:11+03:00","operating_reset_at":1772029869,"operating":7.964928150177002}}
Статус: Успешно (Lead ID: 655351)
--------------------------------------------------

Время: 25.02.2026 17:30:23
Сервис: КЦ
From: Заявка из КЦ
Клиент: Array
(
    [name] => Тест Тест Тест
    [phone] => 79123516813
    [email] => 
)

Город: Иваново (ID: не найден)
RAW Input: {"phone":"79123516813","name":"\u0422\u0435\u0441\u0442 \u0422\u0435\u0441\u0442 \u0422\u0435\u0441\u0442","Comments":"","Gorod":"\u0418\u0432\u0430\u043d\u043e\u0432\u043e","utm_source":"ap-lead","utm_medium":"cc","utm_campaign":null,"utm_content":null,"utm_term":null}
POST: Array
(
)

Quiz/Комментарии: Array
(
)

Собранные комментарии (для лога): 
Город: Иваново

Отправка комментариев в Bitrix: ДА
Поля для Bitrix: Array
(
    [NAME] => Тест Тест Тест
    [PHONE] => Array
        (
            [0] => Array
                (
                    [VALUE] => 79123516813
                    [VALUE_TYPE] => MOBILE
                )

        )

    [ASSIGNED_BY_ID] => 1
    [TITLE] => Новая заявка - 79123516813
    [OPENED] => Y
    [STATUS_ID] => NEW
    [SOURCE_ID] => 834
    [COMMENTS] => <b>Город:</b> Иваново<br>
)

Bitrix Response: {"result":655371,"time":{"start":1772029823,"finish":1772029825.419658,"duration":2.4196579456329346,"processing":2,"date_start":"2026-02-25T17:30:23+03:00","date_finish":"2026-02-25T17:30:25+03:00","operating_reset_at":1772030423,"operating":25.636445999145508}}
Статус: Успешно (Lead ID: 655371)
--------------------------------------------------

