Время: 25.02.2026 12:10:57
Сервис: КЦ
From: Заявка из КЦ
Клиент: Array
(
    [name] => ТЕСТ
    [phone] => 79110000119
    [email] => 
)

Город: не определён (ID: не найден)
RAW Input: {"lead_name":"\u041b\u0438\u0434 \u041a\u0426 \u041c\u0438\u0440 \u0431\u0435\u0437 \u0434\u043e\u043b\u0433\u043e\u0432","name":"\u0422\u0415\u0421\u0422","phone":"79110000119","phones":["79110000119"],"comment":"[p]\n\u0418\u043c\u044f: \u0422\u0415\u0421\u0422\n\u0418\u043f\u043e\u0442\u0435\u043a\u0430: \u043d\u0435\u0442\n\u0410\u0432\u0442\u043e\u043a\u0440\u0435\u0434\u0438\u0442: \u043d\u0435\u0442\n\u0413\u043e\u0442\u043e\u0432 \u043f\u043e\u0442\u0435\u0440\u044f\u0442\u044c \u0437\u0430\u043b\u043e\u0433\u043e\u0432\u043e\u0435 \u0438\u043c\u0443\u0449\u0435\u0441\u0442\u0432\u043e? \n\u0421\u0443\u043c\u043c\u0430 \u0434\u043e\u043b\u0433\u0430: \u0411\u043e\u043b\u0435\u0435 300.000. \n\u0413\u043e\u0440\u043e\u0434: \u0422\u0415\u0421\u0422\n\u0420\u0435\u0433\u0438\u043e\u043d: \u0418\u0432\u0430\u043d\u043e\u0432\u0441\u043a\u0430\u044f \u043e\u0431\u043b\u0430\u0441\u0442\u044c\n\u0422\u043e\u0447\u043d\u0430\u044f \u0441\u0443\u043c\u043c\u0430 \u0434\u043e\u043b\u04
POST: Array
(
)

Quiz/Комментарии: Array
(
)

Собранные комментарии (для лога): 
Lead_name: Лид КЦ Мир без долгов
Phones: 79110000119
Comment: [p]
Имя: ТЕСТ
Ипотека: нет
Автокредит: нет
Готов потерять залоговое имущество? 
Сумма долга: Более 300.000. 
Город: ТЕСТ
Регион: Ивановская область
Точная сумма долга: 2 000 000
Ссылка на запись звонка: 
Источник: БФЛ КЦ. 
Имя сотрудника: Вероника
[/p]. 
Имя сотрудника: Вероника.. 
Имя сотрудника: Вероника.. &lt;br/&gt;Имя сотрудника: Вероника.

Отправка комментариев в Bitrix: ДА
Поля для Bitrix: Array
(
    [NAME] => ТЕСТ
    [PHONE] => Array
        (
            [0] => Array
                (
                    [VALUE] => 79110000119
                    [VALUE_TYPE] => MOBILE
                )

        )

    [ASSIGNED_BY_ID] => 1
    [TITLE] => Новая заявка - 79110000119
    [OPENED] => Y
    [STATUS_ID] => NEW
    [SOURCE_ID] => 931
    [COMMENTS] => <b>Lead_name:</b> Лид КЦ Мир без долгов<br><b>Phones:</b> 79110000119<br><b>Comment:</b> [p]
Имя: ТЕСТ
Ипотека: нет
Автокредит: нет
Готов потерять залоговое имущество? 
Сумма долга: Более 300.000. 
Город: ТЕСТ
Регион: Ивановская область
Точная сумма долга: 2 000 000
Ссылка на запись звонка: 
Источник: БФЛ КЦ. 
Имя сотрудника: Вероника
[/p]. 
Имя сотрудника: Вероника.. 
Имя сотрудника: Вероника.. &lt;br/&gt;Имя сотрудника: Вероника.<br>
)

Bitrix Response: {"result":654913,"time":{"start":1772010657,"finish":1772010659.521983,"duration":2.5219829082489014,"processing":2,"date_start":"2026-02-25T12:10:57+03:00","date_finish":"2026-02-25T12:10:59+03:00","operating_reset_at":1772011257,"operating":4.295982122421265}}
Статус: Успешно (Lead ID: 654913)
--------------------------------------------------

Время: 25.02.2026 12:28:18
Сервис: КЦ
From: Заявка из КЦ
Клиент: Array
(
    [name] => ТЕСТ
    [phone] => 79110000122
    [email] => 
)

Город: не определён (ID: не найден)
RAW Input: {"lead_name":"\u041b\u0438\u0434 \u041a\u0426 \u041c\u0438\u0440 \u0431\u0435\u0437 \u0434\u043e\u043b\u0433\u043e\u0432","name":"\u0422\u0415\u0421\u0422","phone":"79110000122","phones":["79110000122"],"comment":"[p]\n\u0418\u043c\u044f: \u0422\u0415\u0421\u0422\n\u0418\u043f\u043e\u0442\u0435\u043a\u0430: \u043d\u0435\u0442\n\u0410\u0432\u0442\u043e\u043a\u0440\u0435\u0434\u0438\u0442: \u043d\u0435\u0442\n\u0413\u043e\u0442\u043e\u0432 \u043f\u043e\u0442\u0435\u0440\u044f\u0442\u044c \u0437\u0430\u043b\u043e\u0433\u043e\u0432\u043e\u0435 \u0438\u043c\u0443\u0449\u0435\u0441\u0442\u0432\u043e? \n\u0421\u0443\u043c\u043c\u0430 \u0434\u043e\u043b\u0433\u0430: \u0411\u043e\u043b\u0435\u0435 300.000. \n\u0413\u043e\u0440\u043e\u0434: \u0422\u0415\u0421\u0422\n\u0420\u0435\u0433\u0438\u043e\u043d: \u0418\u0432\u0430\u043d\u043e\u0432\u0441\u043a\u0430\u044f \u043e\u0431\u043b\u0430\u0441\u0442\u044c\n\u0422\u043e\u0447\u043d\u0430\u044f \u0441\u0443\u043c\u043c\u0430 \u0434\u043e\u043b\u04
POST: Array
(
)

Quiz/Комментарии: Array
(
)

Собранные комментарии (для лога): 
Lead_name: Лид КЦ Мир без долгов
Phones: 79110000122
Comment: [p]
Имя: ТЕСТ
Ипотека: нет
Автокредит: нет
Готов потерять залоговое имущество? 
Сумма долга: Более 300.000. 
Город: ТЕСТ
Регион: Ивановская область
Точная сумма долга: 2 000 000
Ссылка на запись звонка: 
Источник: БФЛ КЦ. 
Имя сотрудника: Вероника
[/p]. 
Имя сотрудника: Вероника.. &lt;br/&gt;Имя сотрудника: Вероника.

Отправка комментариев в Bitrix: ДА
Поля для Bitrix: Array
(
    [NAME] => ТЕСТ
    [PHONE] => Array
        (
            [0] => Array
                (
                    [VALUE] => 79110000122
                    [VALUE_TYPE] => MOBILE
                )

        )

    [ASSIGNED_BY_ID] => 1
    [TITLE] => Новая заявка - 79110000122
    [OPENED] => Y
    [STATUS_ID] => NEW
    [SOURCE_ID] => 931
    [COMMENTS] => <b>Lead_name:</b> Лид КЦ Мир без долгов<br><b>Phones:</b> 79110000122<br><b>Comment:</b> [p]
Имя: ТЕСТ
Ипотека: нет
Автокредит: нет
Готов потерять залоговое имущество? 
Сумма долга: Более 300.000. 
Город: ТЕСТ
Регион: Ивановская область
Точная сумма долга: 2 000 000
Ссылка на запись звонка: 
Источник: БФЛ КЦ. 
Имя сотрудника: Вероника
[/p]. 
Имя сотрудника: Вероника.. &lt;br/&gt;Имя сотрудника: Вероника.<br>
)

Bitrix Response: {"result":654951,"time":{"start":1772011698,"finish":1772011701.274155,"duration":3.2741549015045166,"processing":2,"date_start":"2026-02-25T12:28:18+03:00","date_finish":"2026-02-25T12:28:21+03:00","operating_reset_at":1772012299,"operating":13.790234327316284}}
Статус: Успешно (Lead ID: 654951)
--------------------------------------------------

Время: 26.02.2026 10:59:16
Сервис: КЦ
From: Заявка из КЦ
Клиент: Array
(
    [name] => Сергей
    [phone] => 79012821556
    [email] => 
)

Город: не определён (ID: не найден)
RAW Input: {"lead_name":"\u041b\u0438\u0434 \u041a\u0426 \u041c\u0438\u0440 \u0411\u0435\u0437 \u0414\u043e\u043b\u0433\u043e\u0432","name":"\u0421\u0435\u0440\u0433\u0435\u0439 ","phone":"79012821556","phones":["79012821556"],"comment":"\u0418\u043c\u044f: \u0421\u0435\u0440\u0433\u0435\u0439 . \n\u0418\u043f\u043e\u0442\u0435\u043a\u0430: \u041d\u0435\u0442. \n\u0410\u0432\u0442\u043e\u043a\u0440\u0435\u0434\u0438\u0442: \u041d\u0435\u0442. \n\u0413\u043e\u0442\u043e\u0432 \u043f\u043e\u0442\u0435\u0440\u044f\u0442\u044c \u0437\u0430\u043b\u043e\u0433\u043e\u0432\u043e\u0435 \u0438\u043c\u0443\u0449\u0435\u0441\u0442\u0432\u043e? . \n\u0421\u0443\u043c\u043c\u0430 \u0434\u043e\u043b\u0433\u0430: \u0411\u043e\u043b\u0435\u0435 300.000. \n\u0413\u043e\u0440\u043e\u0434: \u0418\u0432\u0430\u043d\u043e\u0432\u043e, \u0411\u0435\u043b\u043e\u0437\u0435\u0440\u0441\u043a\u0438\u0439 \u043c\u0443\u043d\u0438\u0446\u0438\u043f\u0430\u043b\u044c\u043d\u044b\u0439 \u043e\u043a\u0440\u0443\u0433 \u0412\u0
POST: Array
(
)

Quiz/Комментарии: Array
(
)

Собранные комментарии (для лога): 
Lead_name: Лид КЦ Мир Без Долгов
Phones: 79012821556
Comment: Имя: Сергей . 
Ипотека: Нет. 
Автокредит: Нет. 
Готов потерять залоговое имущество? . 
Сумма долга: Более 300.000. 
Город: Иваново, Белозерский муниципальный округ Вологодская область, Россия. 
Регион: Ивановская область. 
Точная сумма долга: 300 000. 
Ссылка на запись звонка: [url=https://ccmbd.bitrix24.ru/~ULSSA]https://ccmbd.bitrix24.ru/~ULSSA[/url] 
Источник: БФЛ КЦ. &lt;br/&gt;Имя сотрудника: Светлана.

Отправка комментариев в Bitrix: ДА
Поля для Bitrix: Array
(
    [NAME] => Сергей
    [PHONE] => Array
        (
            [0] => Array
                (
                    [VALUE] => 79012821556
                    [VALUE_TYPE] => MOBILE
                )

        )

    [ASSIGNED_BY_ID] => 1
    [TITLE] => Новая заявка - 79012821556
    [OPENED] => Y
    [STATUS_ID] => NEW
    [SOURCE_ID] => 931
    [COMMENTS] => <b>Lead_name:</b> Лид КЦ Мир Без Долгов<br><b>Phones:</b> 79012821556<br><b>Comment:</b> Имя: Сергей . 
Ипотека: Нет. 
Автокредит: Нет. 
Готов потерять залоговое имущество? . 
Сумма долга: Более 300.000. 
Город: Иваново, Белозерский муниципальный округ Вологодская область, Россия. 
Регион: Ивановская область. 
Точная сумма долга: 300 000. 
Ссылка на запись звонка: [url=https://ccmbd.bitrix24.ru/~ULSSA]https://ccmbd.bitrix24.ru/~ULSSA[/url] 
Источник: БФЛ КЦ. &lt;br/&gt;Имя сотрудника: Светлана.<br>
)

Bitrix Response: {"result":655695,"time":{"start":1772092756,"finish":1772092758.987426,"duration":2.9874260425567627,"processing":2,"date_start":"2026-02-26T10:59:16+03:00","date_finish":"2026-02-26T10:59:18+03:00","operating_reset_at":1772093356,"operating":9.751210689544678}}
Статус: Успешно (Lead ID: 655695)
--------------------------------------------------

Время: 26.02.2026 16:13:47
Сервис: КЦ
From: Заявка из КЦ
Клиент: Array
(
    [name] => ТЕСТ
    [phone] => 79110000131
    [email] => 
)

Город: не определён (ID: не найден)
RAW Input: {"lead_name":"\u041b\u0438\u0434 \u041a\u0426 \u041c\u0438\u0440 \u0431\u0435\u0437 \u0434\u043e\u043b\u0433\u043e\u0432","name":"\u0422\u0415\u0421\u0422","phone":"79110000131","phones":["79110000131"],"comment":"[p]\n\u0418\u043c\u044f: \u0422\u0415\u0421\u0422\n\u0418\u043f\u043e\u0442\u0435\u043a\u0430: \u043d\u0435\u0442\n\u0410\u0432\u0442\u043e\u043a\u0440\u0435\u0434\u0438\u0442: \u043d\u0435\u0442\n\u0413\u043e\u0442\u043e\u0432 \u043f\u043e\u0442\u0435\u0440\u044f\u0442\u044c \u0437\u0430\u043b\u043e\u0433\u043e\u0432\u043e\u0435 \u0438\u043c\u0443\u0449\u0435\u0441\u0442\u0432\u043e? \n\u0421\u0443\u043c\u043c\u0430 \u0434\u043e\u043b\u0433\u0430: \u0411\u043e\u043b\u0435\u0435 300.000. \n\u0413\u043e\u0440\u043e\u0434: \u0422\u0415\u0421\u0422\n\u0420\u0435\u0433\u0438\u043e\u043d: \u0418\u0432\u0430\u043d\u043e\u0432\u0441\u043a\u0430\u044f \u043e\u0431\u043b\u0430\u0441\u0442\u044c\n\u0422\u043e\u0447\u043d\u0430\u044f \u0441\u0443\u043c\u043c\u0430 \u0434\u043e\u043b\u04
POST: Array
(
)

Quiz/Комментарии: Array
(
)

Собранные комментарии (для лога): 
Lead_name: Лид КЦ Мир без долгов
Phones: 79110000131
Comment: [p]
Имя: ТЕСТ
Ипотека: нет
Автокредит: нет
Готов потерять залоговое имущество? 
Сумма долга: Более 300.000. 
Город: ТЕСТ
Регион: Ивановская область
Точная сумма долга: 2 000 000
Ссылка на запись звонка: 
Источник: БФЛ КЦ. 
Имя сотрудника: Вероника
[/p]. &lt;br/&gt;Имя сотрудника: Вероника.

Отправка комментариев в Bitrix: ДА
Поля для Bitrix: Array
(
    [NAME] => ТЕСТ
    [PHONE] => Array
        (
            [0] => Array
                (
                    [VALUE] => 79110000131
                    [VALUE_TYPE] => MOBILE
                )

        )

    [ASSIGNED_BY_ID] => 1
    [TITLE] => Новая заявка - 79110000131
    [OPENED] => Y
    [STATUS_ID] => NEW
    [SOURCE_ID] => 931
    [COMMENTS] => <b>Lead_name:</b> Лид КЦ Мир без долгов<br><b>Phones:</b> 79110000131<br><b>Comment:</b> [p]
Имя: ТЕСТ
Ипотека: нет
Автокредит: нет
Готов потерять залоговое имущество? 
Сумма долга: Более 300.000. 
Город: ТЕСТ
Регион: Ивановская область
Точная сумма долга: 2 000 000
Ссылка на запись звонка: 
Источник: БФЛ КЦ. 
Имя сотрудника: Вероника
[/p]. &lt;br/&gt;Имя сотрудника: Вероника.<br>
)

Bitrix Response: {"result":656113,"time":{"start":1772111627,"finish":1772111630.164909,"duration":3.1649088859558105,"processing":3,"date_start":"2026-02-26T16:13:47+03:00","date_finish":"2026-02-26T16:13:50+03:00","operating_reset_at":1772112227,"operating":15.737234830856323}}
Статус: Успешно (Lead ID: 656113)
--------------------------------------------------

