Время: 23.02.2026 15:56:34
Сервис: Робот
From: Заявка из Робот
Клиент: Array
(
    [name] => Тестовый тест
    [phone] => 79111111120
    [email] => 
)

Город: Йошкар-Ола (ID: не найден)
RAW Input: {
 "name": "Тестовый тест",
    "phone": "79111111120",
 "Comments": "Республика Марий ЭлРеспублика Марий Эл",
    "Gorod": "Йошкар-Ола",
    "utm_source": "",
    "utm_medium": "",
    "utm_campaign": "",
    "utm_content": "",
    "utm_term": ""
}
POST: Array
(
)

Quiz/Комментарии: Array
(
)

Собранные комментарии (для лога): 
Comments: Республика Марий ЭлРеспублика Марий Эл
Город: Йошкар-Ола

Отправка комментариев в Bitrix: ДА
Поля для Bitrix: Array
(
    [NAME] => Тестовый тест
    [PHONE] => Array
        (
            [0] => Array
                (
                    [VALUE] => 79111111120
                    [VALUE_TYPE] => MOBILE
                )

        )

    [ASSIGNED_BY_ID] => 1
    [TITLE] => Новая заявка - 79111111120
    [OPENED] => Y
    [STATUS_ID] => NEW
    [SOURCE_ID] => 888
    [COMMENTS] => <b>Comments:</b> Республика Марий ЭлРеспублика Марий Эл<br><b>Город:</b> Йошкар-Ола<br>
)

Bitrix Response: {"result":653783,"time":{"start":1771851394,"finish":1771851396.445115,"duration":2.445115089416504,"processing":2,"date_start":"2026-02-23T15:56:34+03:00","date_finish":"2026-02-23T15:56:36+03:00","operating_reset_at":1771851994,"operating":1.8078389167785645}}
Статус: Успешно (Lead ID: 653783)
--------------------------------------------------

