Время: 26.02.2026 10:15:20
Сервис: Tilda
ОШИБКА ВАЛИДАЦИИ: Телефон не указан
Клиент: Array
(
    [name] => 
    [phone] => 
    [email] => 
)

RAW Input: test=test
POST: Array
(
    [test] => test
)

Статус: Ошибка валидации телефона
--------------------------------------------------

Время: 26.02.2026 10:15:55
Сервис: Tilda
From: Заявка из Tilda
Клиент: Array
(
    [name] => тест
    [phone] => +7 (777) 777-55-09
    [email] => 
)

Город: не определён (ID: не найден)
RAW Input: Name=%D1%82%D0%B5%D1%81%D1%82&Phone=%2B7+%28777%29+777-55-09&tranid=10595753%3A8198749393&COOKIES=_ym_uid%3D1753259435947841131%3B+mytimercookie%3Dt367cookie%3B+_ym_d%3D1771580052%3B+__ddg9_%3D95.82.125.7%3B+_ym_isad%3D2%3B+_ym_visorc%3Dw%3B+__ddg10_%3D1772090127%3B+__ddg8_%3DV7lDLV64WxXTdUU6%3Btildauid%3Dd5a9c96e2d6603b7239d54d39a53bad5&formid=form1499529081
POST: Array
(
    [Name] => тест
    [Phone] => +7 (777) 777-55-09
    [tranid] => 10595753:8198749393
    [COOKIES] => _ym_uid=1753259435947841131; mytimercookie=t367cookie; _ym_d=1771580052; __ddg9_=95.82.125.7; _ym_isad=2; _ym_visorc=w; __ddg10_=1772090127; __ddg8_=V7lDLV64WxXTdUU6;tildauid=d5a9c96e2d6603b7239d54d39a53bad5
    [formid] => form1499529081
)

Quiz/Комментарии: Array
(
)

Собранные комментарии (для лога): 
Cookies: _ym_uid=1753259435947841131; mytimercookie=t367cookie; _ym_d=1771580052; __ddg9_=95.82.125.7; _ym_isad=2; _ym_visorc=w; __ddg10_=1772090127; __ddg8_=V7lDLV64WxXTdUU6;tildauid=d5a9c96e2d6603b7239d54d39a53bad5

Отправка комментариев в Bitrix: ДА
Поля для Bitrix: Array
(
    [NAME] => тест
    [PHONE] => Array
        (
            [0] => Array
                (
                    [VALUE] => +77777775509
                    [VALUE_TYPE] => MOBILE
                )

        )

    [ASSIGNED_BY_ID] => 1
    [TITLE] => Заявка из Tilda
    [OPENED] => Y
    [STATUS_ID] => NEW
    [SOURCE_ID] => 942
    [COMMENTS] => <b>Cookies:</b> _ym_uid=1753259435947841131; mytimercookie=t367cookie; _ym_d=1771580052; __ddg9_=95.82.125.7; _ym_isad=2; _ym_visorc=w; __ddg10_=1772090127; __ddg8_=V7lDLV64WxXTdUU6;tildauid=d5a9c96e2d6603b7239d54d39a53bad5<br>
)

Bitrix Response: {"result":655649,"time":{"start":1772090155,"finish":1772090158.149244,"duration":3.1492440700531006,"processing":3,"date_start":"2026-02-26T10:15:55+03:00","date_finish":"2026-02-26T10:15:58+03:00","operating_reset_at":1772090755,"operating":6.872898817062378}}
Статус: Успешно (Lead ID: 655649)
--------------------------------------------------

