Время: 24.02.2026 14:17:47
Сервис: КЦ
From: Заявка из КЦ
Клиент: Array
(
    [name] => Андрей
    [phone] => 79022410657
    [email] => 
)

Город: Иваново (ID: не найден)
RAW Input: {"name": "\u0410\u043d\u0434\u0440\u0435\u0439", "Comments": "\u0421\u0432\u0435\u0442\u043b\u0430\u043d\u0430 14:11,  \u0414\u043e\u043b\u0433 1,2 \u043c\u043b\u043d., \u043a\u043a, \u043c\u0444\u043e, \u043f\u043a \u043f\u043e\u0434 \u0437\u0430\u043b\u043e\u0433 \u043a\u0432\u0430\u0440\u0442\u0438\u0440\u044b (\u0435\u0434.\u0436\u0438\u043b\u044c\u0435, 850 \u0442\u044b\u0441.,), \u0431\u0444\u043b \u043d\u0435\u0442", "phone": "79022410657", "Gorod": "\u0418\u0432\u0430\u043d\u043e\u0432\u043e"}
POST: Array
(
)

Quiz/Комментарии: Array
(
)

Собранные комментарии (для лога): 
Comments: Светлана 14:11,  Долг 1,2 млн., кк, мфо, пк под залог квартиры (ед.жилье, 850 тыс.,), бфл нет
Город: Иваново

Отправка комментариев в Bitrix: ДА
Поля для Bitrix: Array
(
    [NAME] => Андрей
    [PHONE] => Array
        (
            [0] => Array
                (
                    [VALUE] => 79022410657
                    [VALUE_TYPE] => MOBILE
                )

        )

    [ASSIGNED_BY_ID] => 1
    [TITLE] => Новая заявка - 79022410657
    [OPENED] => Y
    [STATUS_ID] => NEW
    [SOURCE_ID] => 969
    [COMMENTS] => <b>Comments:</b> Светлана 14:11,  Долг 1,2 млн., кк, мфо, пк под залог квартиры (ед.жилье, 850 тыс.,), бфл нет<br><b>Город:</b> Иваново<br>
)

Bitrix Response: {"result":654291,"time":{"start":1771931867,"finish":1771931870.033781,"duration":3.033781051635742,"processing":3,"date_start":"2026-02-24T14:17:47+03:00","date_finish":"2026-02-24T14:17:50+03:00","operating_reset_at":1771932467,"operating":6.602322101593018}}
Статус: Успешно (Lead ID: 654291)
--------------------------------------------------

Время: 24.02.2026 16:53:13
Сервис: КЦ
From: Заявка из КЦ
Клиент: Array
(
    [name] => Ирина
    [phone] => 79963543737
    [email] => 
)

Город: Иваново (ID: не найден)
RAW Input: {"name": "\u0418\u0440\u0438\u043d\u0430", "Comments": "\u0410\u043d\u043d\u0430 16:28, 350 \u0442\u0440 \u043f\u043a+ 55 \u0442\u0440 \u0436\u043a\u0445 + \u0435\u0441\u0442\u044c \u0438\u043f\u043e\u0442\u0435\u043a\u0430 \u0435\u0434 \u0436\u0438\u043b\u044c\u0435 \u0431\u0435\u0437 \u043f\u0440\u043e\u0441\u0440\u043e\u0447\u0435\u043a (2.400 \u043c\u043b\u043d, \u0441\u043e\u0445\u0440\u0430\u043d\u0435\u043d\u0438\u0435), \u0432 \u0431\u0444\u043b \u043d\u0435 \u0431\u044b\u043b\u0430, \u0418\u0432\u0430\u043d\u043e\u0432\u043e", "phone": "79963543737", "Gorod": "\u0418\u0432\u0430\u043d\u043e\u0432\u043e"}
POST: Array
(
)

Quiz/Комментарии: Array
(
)

Собранные комментарии (для лога): 
Comments: Анна 16:28, 350 тр пк+ 55 тр жкх + есть ипотека ед жилье без просрочек (2.400 млн, сохранение), в бфл не была, Иваново
Город: Иваново

Отправка комментариев в Bitrix: ДА
Поля для Bitrix: Array
(
    [NAME] => Ирина
    [PHONE] => Array
        (
            [0] => Array
                (
                    [VALUE] => 79963543737
                    [VALUE_TYPE] => MOBILE
                )

        )

    [ASSIGNED_BY_ID] => 1
    [TITLE] => Новая заявка - 79963543737
    [OPENED] => Y
    [STATUS_ID] => NEW
    [SOURCE_ID] => 969
    [COMMENTS] => <b>Comments:</b> Анна 16:28, 350 тр пк+ 55 тр жкх + есть ипотека ед жилье без просрочек (2.400 млн, сохранение), в бфл не была, Иваново<br><b>Город:</b> Иваново<br>
)

Bitrix Response: {"result":654445,"time":{"start":1771941193,"finish":1771941195.88834,"duration":2.8883399963378906,"processing":2,"date_start":"2026-02-24T16:53:13+03:00","date_finish":"2026-02-24T16:53:15+03:00","operating_reset_at":1771941793,"operating":4.139709949493408}}
Статус: Успешно (Lead ID: 654445)
--------------------------------------------------

Время: 24.02.2026 18:15:31
Сервис: КЦ
From: Заявка из КЦ
Клиент: Array
(
    [name] => Андрей
    [phone] => 79022410657
    [email] => 
)

Город: Иваново (ID: не найден)
RAW Input: {"name": "\u0410\u043d\u0434\u0440\u0435\u0439", "Comments": "\u0421\u0432\u0435\u0442\u043b\u0430\u043d\u0430 14:11,  \u0414\u043e\u043b\u0433 1,2 \u043c\u043b\u043d., \u043a\u043a, \u043c\u0444\u043e, \u043f\u043a \u043f\u043e\u0434 \u0437\u0430\u043b\u043e\u0433 \u043a\u0432\u0430\u0440\u0442\u0438\u0440\u044b (\u0435\u0434.\u0436\u0438\u043b\u044c\u0435, 850 \u0442\u044b\u0441.,), \u0431\u0444\u043b \u043d\u0435\u0442", "phone": "79022410657", "Gorod": "\u0418\u0432\u0430\u043d\u043e\u0432\u043e"}
POST: Array
(
)

Quiz/Комментарии: Array
(
)

Собранные комментарии (для лога): 
Comments: Светлана 14:11,  Долг 1,2 млн., кк, мфо, пк под залог квартиры (ед.жилье, 850 тыс.,), бфл нет
Город: Иваново

Отправка комментариев в Bitrix: ДА
Поля для Bitrix: Array
(
    [NAME] => Андрей
    [PHONE] => Array
        (
            [0] => Array
                (
                    [VALUE] => 79022410657
                    [VALUE_TYPE] => MOBILE
                )

        )

    [ASSIGNED_BY_ID] => 1
    [TITLE] => Новая заявка - 79022410657
    [OPENED] => Y
    [STATUS_ID] => NEW
    [SOURCE_ID] => 969
    [COMMENTS] => <b>Comments:</b> Светлана 14:11,  Долг 1,2 млн., кк, мфо, пк под залог квартиры (ед.жилье, 850 тыс.,), бфл нет<br><b>Город:</b> Иваново<br>
)

Bitrix Response: {"result":654581,"time":{"start":1771946131,"finish":1771946133.648869,"duration":2.648869037628174,"processing":2,"date_start":"2026-02-24T18:15:31+03:00","date_finish":"2026-02-24T18:15:33+03:00","operating_reset_at":1771946731,"operating":18.971307277679443}}
Статус: Успешно (Lead ID: 654581)
--------------------------------------------------

Время: 26.02.2026 10:08:04
Сервис: КЦ
From: Заявка из КЦ
Клиент: Array
(
    [name] => Евгений Олегович
    [phone] => 79012851672
    [email] => 
)

Город: Иваново (ID: не найден)
RAW Input: {"name": "\u0415\u0432\u0433\u0435\u043d\u0438\u0439 \u041e\u043b\u0435\u0433\u043e\u0432\u0438\u0447", "Comments": "\u0415\u043b\u0435\u043d\u0430 09:57/300\u0442\u044b\u0441 \u041f\u041a, \u0438\u043f\u043e\u0442\u0435\u043a\u0438, \u0437\u0430\u043b\u043e\u0433\u043e\u0432 \u043d\u0435\u0442, \u0411\u0424\u041b \u043d\u0435 \u043f\u0440\u043e\u0445\u043e\u0434\u0438\u043b", "phone": "79012851672", "Gorod": "\u0418\u0432\u0430\u043d\u043e\u0432\u043e"}
POST: Array
(
)

Quiz/Комментарии: Array
(
)

Собранные комментарии (для лога): 
Comments: Елена 09:57/300тыс ПК, ипотеки, залогов нет, БФЛ не проходил
Город: Иваново

Отправка комментариев в Bitrix: ДА
Поля для Bitrix: Array
(
    [NAME] => Евгений Олегович
    [PHONE] => Array
        (
            [0] => Array
                (
                    [VALUE] => 79012851672
                    [VALUE_TYPE] => MOBILE
                )

        )

    [ASSIGNED_BY_ID] => 1
    [TITLE] => Новая заявка - 79012851672
    [OPENED] => Y
    [STATUS_ID] => NEW
    [SOURCE_ID] => 969
    [COMMENTS] => <b>Comments:</b> Елена 09:57/300тыс ПК, ипотеки, залогов нет, БФЛ не проходил<br><b>Город:</b> Иваново<br>
)

Bitrix Response: {"result":655643,"time":{"start":1772089684,"finish":1772089686.997823,"duration":2.9978229999542236,"processing":2,"date_start":"2026-02-26T10:08:04+03:00","date_finish":"2026-02-26T10:08:06+03:00","operating_reset_at":1772090284,"operating":11.431414365768433}}
Статус: Успешно (Lead ID: 655643)
--------------------------------------------------

