Время: 25.02.2026 17:24:07
Сервис: Робот
From: Заявка из Робот
Клиент: Array
(
    [name] => Тест Тест Тест
    [phone] => 79153135315
    [email] => 
)

Город: Калуга (ID: не найден)
RAW Input: {"phone":"79153135315","name":"\u0422\u0435\u0441\u0442 \u0422\u0435\u0441\u0442 \u0422\u0435\u0441\u0442","Comments":"","Gorod":"\u041a\u0430\u043b\u0443\u0433\u0430","utm_source":"ap-lead","utm_medium":"ivr","utm_campaign":null,"utm_content":null,"utm_term":null}
POST: Array
(
)

Quiz/Комментарии: Array
(
)

Собранные комментарии (для лога): 
Город: Калуга

Отправка комментариев в Bitrix: ДА
Поля для Bitrix: Array
(
    [NAME] => Тест Тест Тест
    [PHONE] => Array
        (
            [0] => Array
                (
                    [VALUE] => 79153135315
                    [VALUE_TYPE] => MOBILE
                )

        )

    [ASSIGNED_BY_ID] => 1
    [TITLE] => Новая заявка - 79153135315
    [OPENED] => Y
    [STATUS_ID] => NEW
    [SOURCE_ID] => 955
    [COMMENTS] => <b>Город:</b> Калуга<br>
)

Bitrix Response: {"result":655359,"time":{"start":1772029447,"finish":1772029449.87385,"duration":2.873850107192993,"processing":2,"date_start":"2026-02-25T17:24:07+03:00","date_finish":"2026-02-25T17:24:09+03:00","operating_reset_at":1772030047,"operating":14.846210479736328}}
Статус: Успешно (Lead ID: 655359)
--------------------------------------------------

Время: 26.02.2026 09:06:29
Сервис: Робот
From: Заявка из Робот
Клиент: Array
(
    [name] => 
    [phone] => 79533177979
    [email] => 
)

Город: Калуга (ID: не найден)
RAW Input: {"phone":"79533177979","name":"","Comments":"","Gorod":"\u041a\u0430\u043b\u0443\u0433\u0430","utm_source":"ap-lead","utm_medium":"ivr","utm_campaign":null,"utm_content":null,"utm_term":null}
POST: Array
(
)

Quiz/Комментарии: Array
(
)

Собранные комментарии (для лога): 
Город: Калуга

Отправка комментариев в Bitrix: ДА
Поля для Bitrix: Array
(
    [PHONE] => Array
        (
            [0] => Array
                (
                    [VALUE] => 79533177979
                    [VALUE_TYPE] => MOBILE
                )

        )

    [ASSIGNED_BY_ID] => 1
    [TITLE] => Новая заявка - 79533177979
    [OPENED] => Y
    [STATUS_ID] => NEW
    [SOURCE_ID] => 955
    [COMMENTS] => <b>Город:</b> Калуга<br>
)

Bitrix Response: {"result":655569,"time":{"start":1772085989,"finish":1772085992.098831,"duration":3.0988309383392334,"processing":3,"date_start":"2026-02-26T09:06:29+03:00","date_finish":"2026-02-26T09:06:32+03:00","operating_reset_at":1772086589,"operating":13.266340970993042}}
Статус: Успешно (Lead ID: 655569)
--------------------------------------------------

Время: 26.02.2026 09:08:41
Сервис: Робот
From: Заявка из Робот
Клиент: Array
(
    [name] => Сибиркин Михаил Геннадьевич
    [phone] => 79005802078
    [email] => 
)

Город: Калуга (ID: не найден)
RAW Input: {"phone":"79005802078","name":"\u0421\u0438\u0431\u0438\u0440\u043a\u0438\u043d \u041c\u0438\u0445\u0430\u0438\u043b \u0413\u0435\u043d\u043d\u0430\u0434\u044c\u0435\u0432\u0438\u0447","Comments":"","Gorod":"\u041a\u0430\u043b\u0443\u0433\u0430","utm_source":"ap-lead","utm_medium":"ivr","utm_campaign":null,"utm_content":null,"utm_term":null}
POST: Array
(
)

Quiz/Комментарии: Array
(
)

Собранные комментарии (для лога): 
Город: Калуга

Отправка комментариев в Bitrix: ДА
Поля для Bitrix: Array
(
    [NAME] => Сибиркин Михаил Геннадьевич
    [PHONE] => Array
        (
            [0] => Array
                (
                    [VALUE] => 79005802078
                    [VALUE_TYPE] => MOBILE
                )

        )

    [ASSIGNED_BY_ID] => 1
    [TITLE] => Новая заявка - 79005802078
    [OPENED] => Y
    [STATUS_ID] => NEW
    [SOURCE_ID] => 955
    [COMMENTS] => <b>Город:</b> Калуга<br>
)

Bitrix Response: {"result":655571,"time":{"start":1772086121,"finish":1772086124.059513,"duration":3.0595130920410156,"processing":3,"date_start":"2026-02-26T09:08:41+03:00","date_finish":"2026-02-26T09:08:44+03:00","operating_reset_at":1772086721,"operating":13.054776906967163}}
Статус: Успешно (Lead ID: 655571)
--------------------------------------------------

Время: 26.02.2026 09:09:45
Сервис: Робот
From: Заявка из Робот
Клиент: Array
(
    [name] => Яковлева Ольга Ивановна
    [phone] => 79105100996
    [email] => 
)

Город: Калуга (ID: не найден)
RAW Input: {"phone":"79105100996","name":"\u042f\u043a\u043e\u0432\u043b\u0435\u0432\u0430 \u041e\u043b\u044c\u0433\u0430 \u0418\u0432\u0430\u043d\u043e\u0432\u043d\u0430","Comments":"","Gorod":"\u041a\u0430\u043b\u0443\u0433\u0430","utm_source":"ap-lead","utm_medium":"ivr","utm_campaign":null,"utm_content":null,"utm_term":null}
POST: Array
(
)

Quiz/Комментарии: Array
(
)

Собранные комментарии (для лога): 
Город: Калуга

Отправка комментариев в Bitrix: ДА
Поля для Bitrix: Array
(
    [NAME] => Яковлева Ольга Ивановна
    [PHONE] => Array
        (
            [0] => Array
                (
                    [VALUE] => 79105100996
                    [VALUE_TYPE] => MOBILE
                )

        )

    [ASSIGNED_BY_ID] => 1
    [TITLE] => Новая заявка - 79105100996
    [OPENED] => Y
    [STATUS_ID] => NEW
    [SOURCE_ID] => 955
    [COMMENTS] => <b>Город:</b> Калуга<br>
)

Bitrix Response: {"result":655573,"time":{"start":1772086186,"finish":1772086188.678234,"duration":2.678234100341797,"processing":2,"date_start":"2026-02-26T09:09:46+03:00","date_finish":"2026-02-26T09:09:48+03:00","operating_reset_at":1772086786,"operating":15.681510925292969}}
Статус: Успешно (Lead ID: 655573)
--------------------------------------------------

Время: 26.02.2026 09:14:12
Сервис: Робот
From: Заявка из Робот
Клиент: Array
(
    [name] => 
    [phone] => 79105464748
    [email] => 
)

Город: Калуга (ID: не найден)
RAW Input: {"phone":"79105464748","name":"","Comments":"","Gorod":"\u041a\u0430\u043b\u0443\u0433\u0430","utm_source":"ap-lead","utm_medium":"ivr","utm_campaign":null,"utm_content":null,"utm_term":null}
POST: Array
(
)

Quiz/Комментарии: Array
(
)

Собранные комментарии (для лога): 
Город: Калуга

Отправка комментариев в Bitrix: ДА
Поля для Bitrix: Array
(
    [PHONE] => Array
        (
            [0] => Array
                (
                    [VALUE] => 79105464748
                    [VALUE_TYPE] => MOBILE
                )

        )

    [ASSIGNED_BY_ID] => 1
    [TITLE] => Новая заявка - 79105464748
    [OPENED] => Y
    [STATUS_ID] => NEW
    [SOURCE_ID] => 955
    [COMMENTS] => <b>Город:</b> Калуга<br>
)

Bitrix Response: {"result":655579,"time":{"start":1772086452,"finish":1772086455.40567,"duration":3.405669927597046,"processing":3,"date_start":"2026-02-26T09:14:12+03:00","date_finish":"2026-02-26T09:14:15+03:00","operating_reset_at":1772087052,"operating":14.758876323699951}}
Статус: Успешно (Lead ID: 655579)
--------------------------------------------------

Время: 26.02.2026 09:15:10
Сервис: Робот
From: Заявка из Робот
Клиент: Array
(
    [name] => 
    [phone] => 79029313839
    [email] => 
)

Город: Калуга (ID: не найден)
RAW Input: {"phone":"79029313839","name":"","Comments":"","Gorod":"\u041a\u0430\u043b\u0443\u0433\u0430","utm_source":"ap-lead","utm_medium":"ivr","utm_campaign":null,"utm_content":null,"utm_term":null}
POST: Array
(
)

Quiz/Комментарии: Array
(
)

Собранные комментарии (для лога): 
Город: Калуга

Отправка комментариев в Bitrix: ДА
Поля для Bitrix: Array
(
    [PHONE] => Array
        (
            [0] => Array
                (
                    [VALUE] => 79029313839
                    [VALUE_TYPE] => MOBILE
                )

        )

    [ASSIGNED_BY_ID] => 1
    [TITLE] => Новая заявка - 79029313839
    [OPENED] => Y
    [STATUS_ID] => NEW
    [SOURCE_ID] => 955
    [COMMENTS] => <b>Город:</b> Калуга<br>
)

Bitrix Response: {"result":655583,"time":{"start":1772086510,"finish":1772086513.218858,"duration":3.218858003616333,"processing":3,"date_start":"2026-02-26T09:15:10+03:00","date_finish":"2026-02-26T09:15:13+03:00","operating_reset_at":1772087110,"operating":19.69906449317932}}
Статус: Успешно (Lead ID: 655583)
--------------------------------------------------

Время: 26.02.2026 10:25:40
Сервис: Робот
From: Заявка из Робот
Клиент: Array
(
    [name] => 
    [phone] => 79533315752
    [email] => 
)

Город: Калуга (ID: не найден)
RAW Input: {"phone":"79533315752","name":"","Comments":"","Gorod":"\u041a\u0430\u043b\u0443\u0433\u0430","utm_source":"ap-lead","utm_medium":"ivr","utm_campaign":null,"utm_content":null,"utm_term":null}
POST: Array
(
)

Quiz/Комментарии: Array
(
)

Собранные комментарии (для лога): 
Город: Калуга

Отправка комментариев в Bitrix: ДА
Поля для Bitrix: Array
(
    [PHONE] => Array
        (
            [0] => Array
                (
                    [VALUE] => 79533315752
                    [VALUE_TYPE] => MOBILE
                )

        )

    [ASSIGNED_BY_ID] => 1
    [TITLE] => Новая заявка - 79533315752
    [OPENED] => Y
    [STATUS_ID] => NEW
    [SOURCE_ID] => 955
    [COMMENTS] => <b>Город:</b> Калуга<br>
)

Bitrix Response: {"result":655661,"time":{"start":1772090740,"finish":1772090742.916006,"duration":2.916006088256836,"processing":2,"date_start":"2026-02-26T10:25:40+03:00","date_finish":"2026-02-26T10:25:42+03:00","operating_reset_at":1772091340,"operating":9.061306238174438}}
Статус: Успешно (Lead ID: 655661)
--------------------------------------------------

Время: 26.02.2026 10:44:57
Сервис: Робот
From: Заявка из Робот
Клиент: Array
(
    [name] => 
    [phone] => 79533383612
    [email] => 
)

Город: Калуга (ID: не найден)
RAW Input: {"phone":"79533383612","name":"","Comments":"","Gorod":"\u041a\u0430\u043b\u0443\u0433\u0430","utm_source":"ap-lead","utm_medium":"ivr","utm_campaign":null,"utm_content":null,"utm_term":null}
POST: Array
(
)

Quiz/Комментарии: Array
(
)

Собранные комментарии (для лога): 
Город: Калуга

Отправка комментариев в Bitrix: ДА
Поля для Bitrix: Array
(
    [PHONE] => Array
        (
            [0] => Array
                (
                    [VALUE] => 79533383612
                    [VALUE_TYPE] => MOBILE
                )

        )

    [ASSIGNED_BY_ID] => 1
    [TITLE] => Новая заявка - 79533383612
    [OPENED] => Y
    [STATUS_ID] => NEW
    [SOURCE_ID] => 955
    [COMMENTS] => <b>Город:</b> Калуга<br>
)

Bitrix Response: {"result":655679,"time":{"start":1772091897,"finish":1772091900.249513,"duration":3.2495129108428955,"processing":3,"date_start":"2026-02-26T10:44:57+03:00","date_finish":"2026-02-26T10:45:00+03:00","operating_reset_at":1772092497,"operating":9.663157224655151}}
Статус: Успешно (Lead ID: 655679)
--------------------------------------------------

Время: 27.02.2026 09:05:30
Сервис: Робот
From: Заявка из Робот
Клиент: Array
(
    [name] => 
    [phone] => 79641409646
    [email] => 
)

Город: Калуга (ID: не найден)
RAW Input: {"phone":"79641409646","name":"","Comments":"","Gorod":"\u041a\u0430\u043b\u0443\u0433\u0430","utm_source":"ap-lead","utm_medium":"ivr","utm_campaign":null,"utm_content":null,"utm_term":null}
POST: Array
(
)

Quiz/Комментарии: Array
(
)

Собранные комментарии (для лога): 
Город: Калуга

Отправка комментариев в Bitrix: ДА
Поля для Bitrix: Array
(
    [PHONE] => Array
        (
            [0] => Array
                (
                    [VALUE] => 79641409646
                    [VALUE_TYPE] => MOBILE
                )

        )

    [ASSIGNED_BY_ID] => 1
    [TITLE] => Новая заявка - 79641409646
    [OPENED] => Y
    [STATUS_ID] => NEW
    [SOURCE_ID] => 955
    [COMMENTS] => <b>Город:</b> Калуга<br>
)

Bitrix Response: {"result":656349,"time":{"start":1772172330,"finish":1772172333.055194,"duration":3.0551939010620117,"processing":3,"date_start":"2026-02-27T09:05:30+03:00","date_finish":"2026-02-27T09:05:33+03:00","operating_reset_at":1772172930,"operating":7.653831958770752}}
Статус: Успешно (Lead ID: 656349)
--------------------------------------------------

Время: 27.02.2026 09:08:11
Сервис: Робот
From: Заявка из Робот
Клиент: Array
(
    [name] => 
    [phone] => 79029879631
    [email] => 
)

Город: Калуга (ID: не найден)
RAW Input: {"phone":"79029879631","name":"","Comments":"","Gorod":"\u041a\u0430\u043b\u0443\u0433\u0430","utm_source":"ap-lead","utm_medium":"ivr","utm_campaign":null,"utm_content":null,"utm_term":null}
POST: Array
(
)

Quiz/Комментарии: Array
(
)

Собранные комментарии (для лога): 
Город: Калуга

Отправка комментариев в Bitrix: ДА
Поля для Bitrix: Array
(
    [PHONE] => Array
        (
            [0] => Array
                (
                    [VALUE] => 79029879631
                    [VALUE_TYPE] => MOBILE
                )

        )

    [ASSIGNED_BY_ID] => 1
    [TITLE] => Новая заявка - 79029879631
    [OPENED] => Y
    [STATUS_ID] => NEW
    [SOURCE_ID] => 955
    [COMMENTS] => <b>Город:</b> Калуга<br>
)

Bitrix Response: {"result":656351,"time":{"start":1772172491,"finish":1772172494.373512,"duration":3.373512029647827,"processing":3,"date_start":"2026-02-27T09:08:11+03:00","date_finish":"2026-02-27T09:08:14+03:00","operating_reset_at":1772173091,"operating":10.310809850692749}}
Статус: Успешно (Lead ID: 656351)
--------------------------------------------------

Время: 27.02.2026 09:11:08
Сервис: Робот
From: Заявка из Робот
Клиент: Array
(
    [name] => 
    [phone] => 79023904641
    [email] => 
)

Город: Калуга (ID: не найден)
RAW Input: {"phone":"79023904641","name":"","Comments":"","Gorod":"\u041a\u0430\u043b\u0443\u0433\u0430","utm_source":"ap-lead","utm_medium":"ivr","utm_campaign":null,"utm_content":null,"utm_term":null}
POST: Array
(
)

Quiz/Комментарии: Array
(
)

Собранные комментарии (для лога): 
Город: Калуга

Отправка комментариев в Bitrix: ДА
Поля для Bitrix: Array
(
    [PHONE] => Array
        (
            [0] => Array
                (
                    [VALUE] => 79023904641
                    [VALUE_TYPE] => MOBILE
                )

        )

    [ASSIGNED_BY_ID] => 1
    [TITLE] => Новая заявка - 79023904641
    [OPENED] => Y
    [STATUS_ID] => NEW
    [SOURCE_ID] => 955
    [COMMENTS] => <b>Город:</b> Калуга<br>
)

Bitrix Response: {"result":656355,"time":{"start":1772172669,"finish":1772172671.458299,"duration":2.458298921585083,"processing":2,"date_start":"2026-02-27T09:11:09+03:00","date_finish":"2026-02-27T09:11:11+03:00","operating_reset_at":1772173269,"operating":10.163039922714233}}
Статус: Успешно (Lead ID: 656355)
--------------------------------------------------

