Время: 26.02.2026 11:56:24
Сервис: Wordpress
ОШИБКА ВАЛИДАЦИИ: Телефон не указан
Клиент: Array
(
    [name] => 
    [phone] => 
    [email] => 
)

RAW Input: 
POST: Array
(
)

Статус: Ошибка валидации телефона
--------------------------------------------------

Время: 26.02.2026 19:09:55
Сервис: Wordpress
ОШИБКА ВАЛИДАЦИИ: Телефон не указан
Клиент: Array
(
    [name] => 
    [phone] => 
    [email] => 
)

RAW Input: 
POST: Array
(
)

Статус: Ошибка валидации телефона
--------------------------------------------------

