Время: 26.02.2026 12:32:42
Сервис: Tilda
ОШИБКА ВАЛИДАЦИИ: Телефон не указан
Клиент: Array
(
    [name] => 
    [phone] => 
    [email] => 
)

RAW Input: test=test
POST: Array
(
    [test] => test
)

Статус: Ошибка валидации телефона
--------------------------------------------------

Время: 26.02.2026 12:33:20
Сервис: Tilda
From: Заявка из Tilda
Клиент: Array
(
    [name] => тест
    [phone] => +7 (777) 777-55-09
    [email] => 
)

Город: не определён (ID: не найден)
RAW Input: Name=%D1%82%D0%B5%D1%81%D1%82&Phone=%2B7+%28777%29+777-55-09&tranid=12055583%3A8199169583&formid=form860272826
POST: Array
(
    [Name] => тест
    [Phone] => +7 (777) 777-55-09
    [tranid] => 12055583:8199169583
    [formid] => form860272826
)

Quiz/Комментарии: Array
(
)

Собранные комментарии (для лога): 

Отправка комментариев в Bitrix: ДА
Поля для Bitrix: Array
(
    [NAME] => тест
    [PHONE] => Array
        (
            [0] => Array
                (
                    [VALUE] => +77777775509
                    [VALUE_TYPE] => MOBILE
                )

        )

    [ASSIGNED_BY_ID] => 1
    [TITLE] => Заявка из Tilda
    [OPENED] => Y
    [STATUS_ID] => NEW
    [SOURCE_ID] => 612
)

Bitrix Response: {"result":655803,"time":{"start":1772098400,"finish":1772098402.966687,"duration":2.966686964035034,"processing":2,"date_start":"2026-02-26T12:33:20+03:00","date_finish":"2026-02-26T12:33:22+03:00","operating_reset_at":1772099000,"operating":2.4636189937591553}}
Статус: Успешно (Lead ID: 655803)
--------------------------------------------------

