Время: 25.02.2026 17:34:22
Сервис: Директ
From: Заявка из Директ
Клиент: Array
(
    [name] => 
    [phone] => +7 (949) 392-34-95
    [email] => 
)

Город: не определён (ID: не найден)
RAW Input: {"fields":{"TITLE":"Заявка юрмаркетинг.рф","NAME":"","SECOND_NAME":"","LAST_NAME":"","STATUS_ID":"NEW","OPENED":"Y","ASSIGNED_BY_ID":1,"SOURCE_DESCRIPTION":"траффикс Калуга","SOURCE_ID":null,"COMMENTS":"<div><b>Перед кем у вас долги? :</b>  Банки/Микрозаймы;</div> <div><b>На вас зарегистрирована собственность? :</b>  Единственная квартира/дом;</div> <div><b>Какая общая сумма задолженности? :</b>  От 300 000 до 500 000 рублей;</div> <div><b>Номер телефона :</b>  +7 (949) 392-34-95;</div> <div><b>utm_campaign :</b>  {region_name};</div> <div><b>Имя :</b> ;</div> <div><b>Номер :</b> +7 (949) 392-34-95;</div> ","PHONE":[{"VALUE":"+7 (949) 392-34-95"}]},"params":{"REGISTER_SONET_EVENT":"Y"}}
POST: Array
(
)

Quiz/Комментарии: Array
(
)

Собранные комментарии (для лога): 
Комментарий (Bitrix): &lt;div&gt;&lt;b&gt;Перед кем у вас долги? :&lt;/b&gt;  Банки/Микрозаймы;&lt;/div&gt; &lt;div&gt;&lt;b&gt;На вас зарегистрирована собственность? :&lt;/b&gt;  Единственная квартира/дом;&lt;/div&gt; &lt;div&gt;&lt;b&gt;Какая общая сумма задолженности? :&lt;/b&gt;  От 300 000 до 500 000 рублей;&lt;/div&gt; &lt;div&gt;&lt;b&gt;Номер телефона :&lt;/b&gt;  +7 (949) 392-34-95;&lt;/div&gt; &lt;div&gt;&lt;b&gt;utm_campaign :&lt;/b&gt;  {region_name};&lt;/div&gt; &lt;div&gt;&lt;b&gt;Имя :&lt;/b&gt; ;&lt;/div&gt; &lt;div&gt;&lt;b&gt;Номер :&lt;/b&gt; +7 (949) 392-34-95;&lt;/div&gt; 
Fields: Заявка юрмаркетинг.рф
Params: Y

Отправка комментариев в Bitrix: ДА
Поля для Bitrix: Array
(
    [TITLE] => Новая заявка - +7 (949) 392-34-95
    [NAME] => 
    [SECOND_NAME] => 
    [LAST_NAME] => 
    [STATUS_ID] => NEW
    [OPENED] => Y
    [ASSIGNED_BY_ID] => 1
    [SOURCE_DESCRIPTION] => траффикс Калуга
    [SOURCE_ID] => 725
    [COMMENTS] => <b>Комментарий (Bitrix):</b> &lt;div&gt;&lt;b&gt;Перед кем у вас долги? :&lt;/b&gt;  Банки/Микрозаймы;&lt;/div&gt; &lt;div&gt;&lt;b&gt;На вас зарегистрирована собственность? :&lt;/b&gt;  Единственная квартира/дом;&lt;/div&gt; &lt;div&gt;&lt;b&gt;Какая общая сумма задолженности? :&lt;/b&gt;  От 300 000 до 500 000 рублей;&lt;/div&gt; &lt;div&gt;&lt;b&gt;Номер телефона :&lt;/b&gt;  +7 (949) 392-34-95;&lt;/div&gt; &lt;div&gt;&lt;b&gt;utm_campaign :&lt;/b&gt;  {region_name};&lt;/div&gt; &lt;div&gt;&lt;b&gt;Имя :&lt;/b&gt; ;&lt;/div&gt; &lt;div&gt;&lt;b&gt;Номер :&lt;/b&gt; +7 (949) 392-34-95;&lt;/div&gt; <br><b>Fields:</b> Заявка юрмаркетинг.рф<br><b>Params:</b> Y<br>
    [PHONE] => Array
        (
            [0] => Array
                (
                    [VALUE] => +79493923495
                    [VALUE_TYPE] => MOBILE
                )

        )

)

Bitrix Response: {"result":655379,"time":{"start":1772030062,"finish":1772030064.932044,"duration":2.93204402923584,"processing":2,"date_start":"2026-02-25T17:34:22+03:00","date_finish":"2026-02-25T17:34:24+03:00","operating_reset_at":1772030662,"operating":13.18518614768982}}
Статус: Успешно (Lead ID: 655379)
--------------------------------------------------

