Время: 21.02.2026 20:15:18
Сервис: Tilda
From: Заявка из Tilda
Клиент: Array
(
    [name] => 
    [phone] => +7 (977) 892-62-05
    [email] => 
)

Город: не определён (ID: не найден)
RAW Input: %D0%A3%D0%BA%D0%B0%D0%B6%D0%B8%D1%82%D0%B5_%D0%BE%D0%B1%D1%89%D1%83%D1%8E_%D1%81%D1%83%D0%BC%D0%BC%D1%83_%D0%B2%D0%B0%D1%88%D0%B5%D0%B9_%D0%B7%D0%B0%D0%B4%D0%BE%D0%BB%D0%B6%D0%B5%D0%BD%D0%BD%D0%BE%D1%81%D1%82%D0%B8=250-500+000+%E2%82%BD&%D0%95%D1%81%D1%82%D1%8C_%D0%BB%D0%B8_%D1%83_%D0%B2%D0%B0%D1%81_%D0%B8%D0%BF%D0%BE%D1%82%D0%B5%D0%BA%D0%B0=%D0%9D%D0%B5%D1%82&%D0%92%D0%B0%D1%88_%D0%B5%D0%B6%D0%B5%D0%BC%D0%B5%D1%81%D1%8F%D1%87%D0%BD%D1%8B%D0%B9_%D0%BF%D0%BB%D0%B0%D1%82%D0%B5%D0%B6_%D0%BF%D0%BE_%D0%BA%D1%80%D0%B5%D0%B4%D0%B8%D1%82%D0%B0%D0%BC=%D0%BE%D1%82+55.000+%E2%82%BD&%D0%9A%D0%B0%D0%BA_%D0%B2%D0%B0%D0%BC_%D1%83%D0%B4%D0%BE%D0%B1%D0%BD%D0%B5%D0%B5_%D0%BF%D0%BE%D0%BB%D1%83%D1%87%D0%B8%D1%82%D1%8C_%D0%BA%D0%BE%D0%BD%D1%81%D1%83%D0%BB%D1%8C%D1%82%D0%B0%D1%86%D0%B8%D1%8E=%D0%9F%D0%BE%D0%B7%D0%B2%D0%BE%D0%BD%D0%B8%D1%82%D0%B5&Phone=%2B7+%28977%29+892-62-05&Checkbox=yes&tranid=13223037%3A8187838312&formid=form1862738381&utm_source=707307725&utm_medium=5718087066&utm_term=17606394272&utm_c
POST: Array
(
    [Укажите_общую_сумму_вашей_задолженности] => 250-500 000 ₽
    [Есть_ли_у_вас_ипотека] => Нет
    [Ваш_ежемесячный_платеж_по_кредитам] => от 55.000 ₽
    [Как_вам_удобнее_получить_консультацию] => Позвоните
    [Phone] => +7 (977) 892-62-05
    [Checkbox] => yes
    [tranid] => 13223037:8187838312
    [formid] => form1862738381
    [utm_source] => 707307725
    [utm_medium] => 5718087066
    [utm_term] => 17606394272
    [utm_campaign] => 10722658057990176767
)

Quiz/Комментарии: Array
(
)

Собранные комментарии (для лога): 
Укажите_общую_сумму_вашей_задолженности: 250-500 000 ₽
Есть_ли_у_вас_ипотека: Нет
Ваш_ежемесячный_платеж_по_кредитам: от 55.000 ₽
Как_вам_удобнее_получить_консультацию: Позвоните
Checkbox: yes

Отправка комментариев в Bitrix: ДА
Поля для Bitrix: Array
(
    [UTM_SOURCE] => 707307725
    [UTM_MEDIUM] => 5718087066
    [UTM_TERM] => 17606394272
    [UTM_CAMPAIGN] => 10722658057990176767
    [PHONE] => Array
        (
            [0] => Array
                (
                    [VALUE] => +79778926205
                    [VALUE_TYPE] => MOBILE
                )

        )

    [ASSIGNED_BY_ID] => 1
    [TITLE] => Заявка из Tilda
    [OPENED] => Y
    [STATUS_ID] => NEW
    [SOURCE_ID] => 1005
    [COMMENTS] => <b>Укажите_общую_сумму_вашей_задолженности:</b> 250-500 000 ₽<br><b>Есть_ли_у_вас_ипотека:</b> Нет<br><b>Ваш_ежемесячный_платеж_по_кредитам:</b> от 55.000 ₽<br><b>Как_вам_удобнее_получить_консультацию:</b> Позвоните<br><b>Checkbox:</b> yes<br>
)

Bitrix Response: {"result":653409,"time":{"start":1771694118,"finish":1771694120.258481,"duration":2.258481025695801,"processing":2,"date_start":"2026-02-21T20:15:18+03:00","date_finish":"2026-02-21T20:15:20+03:00","operating_reset_at":1771694718,"operating":2.141508102416992}}
Статус: Успешно (Lead ID: 653409)
--------------------------------------------------

Время: 22.02.2026 12:16:10
Сервис: Tilda
From: Заявка из Tilda
Клиент: Array
(
    [name] => 
    [phone] => +7 (902) 393-09-11
    [email] => 
)

Город: не определён (ID: не найден)
RAW Input: %D0%A3%D0%BA%D0%B0%D0%B6%D0%B8%D1%82%D0%B5_%D0%BE%D0%B1%D1%89%D1%83%D1%8E_%D1%81%D1%83%D0%BC%D0%BC%D1%83_%D0%B2%D0%B0%D1%88%D0%B5%D0%B9_%D0%B7%D0%B0%D0%B4%D0%BE%D0%BB%D0%B6%D0%B5%D0%BD%D0%BD%D0%BE%D1%81%D1%82%D0%B8=500-1+000+000+%E2%82%BD&%D0%95%D1%81%D1%82%D1%8C_%D0%BB%D0%B8_%D1%83_%D0%B2%D0%B0%D1%81_%D0%B8%D0%BF%D0%BE%D1%82%D0%B5%D0%BA%D0%B0=%D0%9D%D0%B5%D1%82&%D0%92%D0%B0%D1%88_%D0%B5%D0%B6%D0%B5%D0%BC%D0%B5%D1%81%D1%8F%D1%87%D0%BD%D1%8B%D0%B9_%D0%BF%D0%BB%D0%B0%D1%82%D0%B5%D0%B6_%D0%BF%D0%BE_%D0%BA%D1%80%D0%B5%D0%B4%D0%B8%D1%82%D0%B0%D0%BC=%D0%BE%D1%82+55.000+%E2%82%BD&%D0%9A%D0%B0%D0%BA_%D0%B2%D0%B0%D0%BC_%D1%83%D0%B4%D0%BE%D0%B1%D0%BD%D0%B5%D0%B5_%D0%BF%D0%BE%D0%BB%D1%83%D1%87%D0%B8%D1%82%D1%8C_%D0%BA%D0%BE%D0%BD%D1%81%D1%83%D0%BB%D1%8C%D1%82%D0%B0%D1%86%D0%B8%D1%8E=MAX&Phone=%2B7+%28902%29+393-09-11&Checkbox=yes&tranid=13223037%3A8188865772&formid=form1862738381&utm_source=707307728&utm_medium=5718087074&utm_term=17606394689&utm_campaign=4262411846682411007
POST: Array
(
    [Укажите_общую_сумму_вашей_задолженности] => 500-1 000 000 ₽
    [Есть_ли_у_вас_ипотека] => Нет
    [Ваш_ежемесячный_платеж_по_кредитам] => от 55.000 ₽
    [Как_вам_удобнее_получить_консультацию] => MAX
    [Phone] => +7 (902) 393-09-11
    [Checkbox] => yes
    [tranid] => 13223037:8188865772
    [formid] => form1862738381
    [utm_source] => 707307728
    [utm_medium] => 5718087074
    [utm_term] => 17606394689
    [utm_campaign] => 4262411846682411007
)

Quiz/Комментарии: Array
(
)

Собранные комментарии (для лога): 
Укажите_общую_сумму_вашей_задолженности: 500-1 000 000 ₽
Есть_ли_у_вас_ипотека: Нет
Ваш_ежемесячный_платеж_по_кредитам: от 55.000 ₽
Как_вам_удобнее_получить_консультацию: MAX
Checkbox: yes

Отправка комментариев в Bitrix: ДА
Поля для Bitrix: Array
(
    [UTM_SOURCE] => 707307728
    [UTM_MEDIUM] => 5718087074
    [UTM_TERM] => 17606394689
    [UTM_CAMPAIGN] => 4262411846682411007
    [PHONE] => Array
        (
            [0] => Array
                (
                    [VALUE] => +79023930911
                    [VALUE_TYPE] => MOBILE
                )

        )

    [ASSIGNED_BY_ID] => 1
    [TITLE] => Заявка из Tilda
    [OPENED] => Y
    [STATUS_ID] => NEW
    [SOURCE_ID] => 1005
    [COMMENTS] => <b>Укажите_общую_сумму_вашей_задолженности:</b> 500-1 000 000 ₽<br><b>Есть_ли_у_вас_ипотека:</b> Нет<br><b>Ваш_ежемесячный_платеж_по_кредитам:</b> от 55.000 ₽<br><b>Как_вам_удобнее_получить_консультацию:</b> MAX<br><b>Checkbox:</b> yes<br>
)

Bitrix Response: {"result":653531,"time":{"start":1771751770,"finish":1771751772.871343,"duration":2.871342897415161,"processing":2,"date_start":"2026-02-22T12:16:10+03:00","date_finish":"2026-02-22T12:16:12+03:00","operating_reset_at":1771752370,"operating":2.2531139850616455}}
Статус: Успешно (Lead ID: 653531)
--------------------------------------------------

Время: 22.02.2026 16:28:55
Сервис: Tilda
From: Заявка из Tilda
Клиент: Array
(
    [name] => 
    [phone] => +7 (995) 441-76-74
    [email] => 
)

Город: не определён (ID: не найден)
RAW Input: %D0%A3%D0%BA%D0%B0%D0%B6%D0%B8%D1%82%D0%B5_%D0%BE%D0%B1%D1%89%D1%83%D1%8E_%D1%81%D1%83%D0%BC%D0%BC%D1%83_%D0%B2%D0%B0%D1%88%D0%B5%D0%B9_%D0%B7%D0%B0%D0%B4%D0%BE%D0%BB%D0%B6%D0%B5%D0%BD%D0%BD%D0%BE%D1%81%D1%82%D0%B8=%D0%BE%D1%82+1+000+000+%E2%82%BD&%D0%95%D1%81%D1%82%D1%8C_%D0%BB%D0%B8_%D1%83_%D0%B2%D0%B0%D1%81_%D0%B8%D0%BF%D0%BE%D1%82%D0%B5%D0%BA%D0%B0=%D0%9D%D0%B5%D1%82&%D0%92%D0%B0%D1%88_%D0%B5%D0%B6%D0%B5%D0%BC%D0%B5%D1%81%D1%8F%D1%87%D0%BD%D1%8B%D0%B9_%D0%BF%D0%BB%D0%B0%D1%82%D0%B5%D0%B6_%D0%BF%D0%BE_%D0%BA%D1%80%D0%B5%D0%B4%D0%B8%D1%82%D0%B0%D0%BC=%D0%BE%D1%82+55.000+%E2%82%BD&%D0%9A%D0%B0%D0%BA_%D0%B2%D0%B0%D0%BC_%D1%83%D0%B4%D0%BE%D0%B1%D0%BD%D0%B5%D0%B5_%D0%BF%D0%BE%D0%BB%D1%83%D1%87%D0%B8%D1%82%D1%8C_%D0%BA%D0%BE%D0%BD%D1%81%D1%83%D0%BB%D1%8C%D1%82%D0%B0%D1%86%D0%B8%D1%8E=MAX&Phone=%2B7+%28995%29+441-76-74&Checkbox=yes&tranid=13223037%3A8189410362&formid=form1862738381&utm_source=707307725&utm_medium=5718087066&utm_term=17606394271&utm_campaign=6287100747470864383
POST: Array
(
    [Укажите_общую_сумму_вашей_задолженности] => от 1 000 000 ₽
    [Есть_ли_у_вас_ипотека] => Нет
    [Ваш_ежемесячный_платеж_по_кредитам] => от 55.000 ₽
    [Как_вам_удобнее_получить_консультацию] => MAX
    [Phone] => +7 (995) 441-76-74
    [Checkbox] => yes
    [tranid] => 13223037:8189410362
    [formid] => form1862738381
    [utm_source] => 707307725
    [utm_medium] => 5718087066
    [utm_term] => 17606394271
    [utm_campaign] => 6287100747470864383
)

Quiz/Комментарии: Array
(
)

Собранные комментарии (для лога): 
Укажите_общую_сумму_вашей_задолженности: от 1 000 000 ₽
Есть_ли_у_вас_ипотека: Нет
Ваш_ежемесячный_платеж_по_кредитам: от 55.000 ₽
Как_вам_удобнее_получить_консультацию: MAX
Checkbox: yes

Отправка комментариев в Bitrix: ДА
Поля для Bitrix: Array
(
    [UTM_SOURCE] => 707307725
    [UTM_MEDIUM] => 5718087066
    [UTM_TERM] => 17606394271
    [UTM_CAMPAIGN] => 6287100747470864383
    [PHONE] => Array
        (
            [0] => Array
                (
                    [VALUE] => +79954417674
                    [VALUE_TYPE] => MOBILE
                )

        )

    [ASSIGNED_BY_ID] => 1
    [TITLE] => Заявка из Tilda
    [OPENED] => Y
    [STATUS_ID] => NEW
    [SOURCE_ID] => 1005
    [COMMENTS] => <b>Укажите_общую_сумму_вашей_задолженности:</b> от 1 000 000 ₽<br><b>Есть_ли_у_вас_ипотека:</b> Нет<br><b>Ваш_ежемесячный_платеж_по_кредитам:</b> от 55.000 ₽<br><b>Как_вам_удобнее_получить_консультацию:</b> MAX<br><b>Checkbox:</b> yes<br>
)

Bitrix Response: {"result":653595,"time":{"start":1771766935,"finish":1771766938.089855,"duration":3.0898549556732178,"processing":3,"date_start":"2026-02-22T16:28:55+03:00","date_finish":"2026-02-22T16:28:58+03:00","operating_reset_at":1771767535,"operating":5.189632892608643}}
Статус: Успешно (Lead ID: 653595)
--------------------------------------------------

Время: 23.02.2026 20:43:03
Сервис: Tilda
From: Заявка из Tilda
Клиент: Array
(
    [name] => 
    [phone] => +7 (980) 512-38-73
    [email] => 
)

Город: не определён (ID: не найден)
RAW Input: %D0%A3%D0%BA%D0%B0%D0%B6%D0%B8%D1%82%D0%B5_%D0%BE%D0%B1%D1%89%D1%83%D1%8E_%D1%81%D1%83%D0%BC%D0%BC%D1%83_%D0%B2%D0%B0%D1%88%D0%B5%D0%B9_%D0%B7%D0%B0%D0%B4%D0%BE%D0%BB%D0%B6%D0%B5%D0%BD%D0%BD%D0%BE%D1%81%D1%82%D0%B8=250-500+000+%E2%82%BD&%D0%95%D1%81%D1%82%D1%8C_%D0%BB%D0%B8_%D1%83_%D0%B2%D0%B0%D1%81_%D0%B8%D0%BF%D0%BE%D1%82%D0%B5%D0%BA%D0%B0=%D0%9D%D0%B5%D1%82&%D0%92%D0%B0%D1%88_%D0%B5%D0%B6%D0%B5%D0%BC%D0%B5%D1%81%D1%8F%D1%87%D0%BD%D1%8B%D0%B9_%D0%BF%D0%BB%D0%B0%D1%82%D0%B5%D0%B6_%D0%BF%D0%BE_%D0%BA%D1%80%D0%B5%D0%B4%D0%B8%D1%82%D0%B0%D0%BC=15-25.000+%E2%82%BD&%D0%9A%D0%B0%D0%BA_%D0%B2%D0%B0%D0%BC_%D1%83%D0%B4%D0%BE%D0%B1%D0%BD%D0%B5%D0%B5_%D0%BF%D0%BE%D0%BB%D1%83%D1%87%D0%B8%D1%82%D1%8C_%D0%BA%D0%BE%D0%BD%D1%81%D1%83%D0%BB%D1%8C%D1%82%D0%B0%D1%86%D0%B8%D1%8E=MAX&Phone=%2B7+%28980%29+512-38-73&Checkbox=yes&tranid=13223037%3A8192069953&formid=form1862738381&utm_source=707307725&utm_medium=5718087066&utm_term=17606394271&utm_campaign=5332242142810341375
POST: Array
(
    [Укажите_общую_сумму_вашей_задолженности] => 250-500 000 ₽
    [Есть_ли_у_вас_ипотека] => Нет
    [Ваш_ежемесячный_платеж_по_кредитам] => 15-25.000 ₽
    [Как_вам_удобнее_получить_консультацию] => MAX
    [Phone] => +7 (980) 512-38-73
    [Checkbox] => yes
    [tranid] => 13223037:8192069953
    [formid] => form1862738381
    [utm_source] => 707307725
    [utm_medium] => 5718087066
    [utm_term] => 17606394271
    [utm_campaign] => 5332242142810341375
)

Quiz/Комментарии: Array
(
)

Собранные комментарии (для лога): 
Укажите_общую_сумму_вашей_задолженности: 250-500 000 ₽
Есть_ли_у_вас_ипотека: Нет
Ваш_ежемесячный_платеж_по_кредитам: 15-25.000 ₽
Как_вам_удобнее_получить_консультацию: MAX
Checkbox: yes

Отправка комментариев в Bitrix: ДА
Поля для Bitrix: Array
(
    [UTM_SOURCE] => 707307725
    [UTM_MEDIUM] => 5718087066
    [UTM_TERM] => 17606394271
    [UTM_CAMPAIGN] => 5332242142810341375
    [PHONE] => Array
        (
            [0] => Array
                (
                    [VALUE] => +79805123873
                    [VALUE_TYPE] => MOBILE
                )

        )

    [ASSIGNED_BY_ID] => 1
    [TITLE] => Заявка из Tilda
    [OPENED] => Y
    [STATUS_ID] => NEW
    [SOURCE_ID] => 1005
    [COMMENTS] => <b>Укажите_общую_сумму_вашей_задолженности:</b> 250-500 000 ₽<br><b>Есть_ли_у_вас_ипотека:</b> Нет<br><b>Ваш_ежемесячный_платеж_по_кредитам:</b> 15-25.000 ₽<br><b>Как_вам_удобнее_получить_консультацию:</b> MAX<br><b>Checkbox:</b> yes<br>
)

Bitrix Response: {"result":653853,"time":{"start":1771868583,"finish":1771868585.633498,"duration":2.633497953414917,"processing":2,"date_start":"2026-02-23T20:43:03+03:00","date_finish":"2026-02-23T20:43:05+03:00","operating_reset_at":1771869183,"operating":13.00302505493164}}
Статус: Успешно (Lead ID: 653853)
--------------------------------------------------

Время: 24.02.2026 21:09:04
Сервис: Tilda
From: Заявка из Tilda
Клиент: Array
(
    [name] => 
    [phone] => +7 (910) 596-33-80
    [email] => 
)

Город: не определён (ID: не найден)
RAW Input: %D0%A3%D0%BA%D0%B0%D0%B6%D0%B8%D1%82%D0%B5_%D0%BE%D0%B1%D1%89%D1%83%D1%8E_%D1%81%D1%83%D0%BC%D0%BC%D1%83_%D0%B2%D0%B0%D1%88%D0%B5%D0%B9_%D0%B7%D0%B0%D0%B4%D0%BE%D0%BB%D0%B6%D0%B5%D0%BD%D0%BD%D0%BE%D1%81%D1%82%D0%B8=250-500+000+%E2%82%BD&%D0%95%D1%81%D1%82%D1%8C_%D0%BB%D0%B8_%D1%83_%D0%B2%D0%B0%D1%81_%D0%B8%D0%BF%D0%BE%D1%82%D0%B5%D0%BA%D0%B0=%D0%94%D0%B0&%D0%92%D0%B0%D1%88_%D0%B5%D0%B6%D0%B5%D0%BC%D0%B5%D1%81%D1%8F%D1%87%D0%BD%D1%8B%D0%B9_%D0%BF%D0%BB%D0%B0%D1%82%D0%B5%D0%B6_%D0%BF%D0%BE_%D0%BA%D1%80%D0%B5%D0%B4%D0%B8%D1%82%D0%B0%D0%BC=%D0%B4%D0%BE+15+000+%E2%82%BD&%D0%9A%D0%B0%D0%BA_%D0%B2%D0%B0%D0%BC_%D1%83%D0%B4%D0%BE%D0%B1%D0%BD%D0%B5%D0%B5_%D0%BF%D0%BE%D0%BB%D1%83%D1%87%D0%B8%D1%82%D1%8C_%D0%BA%D0%BE%D0%BD%D1%81%D1%83%D0%BB%D1%8C%D1%82%D0%B0%D1%86%D0%B8%D1%8E=%D0%9F%D0%BE%D0%B7%D0%B2%D0%BE%D0%BD%D0%B8%D1%82%D0%B5&Phone=%2B7+%28910%29+596-33-80&Checkbox=yes&tranid=13223037%3A8194859472&formid=form1862738381&utm_source=707307728&utm_medium=5718087074&utm_term=17606394689&utm_campaig
POST: Array
(
    [Укажите_общую_сумму_вашей_задолженности] => 250-500 000 ₽
    [Есть_ли_у_вас_ипотека] => Да
    [Ваш_ежемесячный_платеж_по_кредитам] => до 15 000 ₽
    [Как_вам_удобнее_получить_консультацию] => Позвоните
    [Phone] => +7 (910) 596-33-80
    [Checkbox] => yes
    [tranid] => 13223037:8194859472
    [formid] => form1862738381
    [utm_source] => 707307728
    [utm_medium] => 5718087074
    [utm_term] => 17606394689
    [utm_campaign] => 17641493105372299263
)

Quiz/Комментарии: Array
(
)

Собранные комментарии (для лога): 
Укажите_общую_сумму_вашей_задолженности: 250-500 000 ₽
Есть_ли_у_вас_ипотека: Да
Ваш_ежемесячный_платеж_по_кредитам: до 15 000 ₽
Как_вам_удобнее_получить_консультацию: Позвоните
Checkbox: yes

Отправка комментариев в Bitrix: ДА
Поля для Bitrix: Array
(
    [UTM_SOURCE] => 707307728
    [UTM_MEDIUM] => 5718087074
    [UTM_TERM] => 17606394689
    [UTM_CAMPAIGN] => 17641493105372299263
    [PHONE] => Array
        (
            [0] => Array
                (
                    [VALUE] => +79105963380
                    [VALUE_TYPE] => MOBILE
                )

        )

    [ASSIGNED_BY_ID] => 1
    [TITLE] => Заявка из Tilda
    [OPENED] => Y
    [STATUS_ID] => NEW
    [SOURCE_ID] => 1005
    [COMMENTS] => <b>Укажите_общую_сумму_вашей_задолженности:</b> 250-500 000 ₽<br><b>Есть_ли_у_вас_ипотека:</b> Да<br><b>Ваш_ежемесячный_платеж_по_кредитам:</b> до 15 000 ₽<br><b>Как_вам_удобнее_получить_консультацию:</b> Позвоните<br><b>Checkbox:</b> yes<br>
)

Bitrix Response: {"result":654633,"time":{"start":1771956544,"finish":1771956547.014777,"duration":3.0147769451141357,"processing":3,"date_start":"2026-02-24T21:09:04+03:00","date_finish":"2026-02-24T21:09:07+03:00","operating_reset_at":1771957144,"operating":3.943441867828369}}
Статус: Успешно (Lead ID: 654633)
--------------------------------------------------

Время: 25.02.2026 13:26:17
Сервис: Tilda
From: Заявка из Tilda
Клиент: Array
(
    [name] => 
    [phone] => +7 (903) 810-55-47
    [email] => 
)

Город: не определён (ID: не найден)
RAW Input: %D0%A3%D0%BA%D0%B0%D0%B6%D0%B8%D1%82%D0%B5_%D0%BE%D0%B1%D1%89%D1%83%D1%8E_%D1%81%D1%83%D0%BC%D0%BC%D1%83_%D0%B2%D0%B0%D1%88%D0%B5%D0%B9_%D0%B7%D0%B0%D0%B4%D0%BE%D0%BB%D0%B6%D0%B5%D0%BD%D0%BD%D0%BE%D1%81%D1%82%D0%B8=500-1+000+000+%E2%82%BD&%D0%95%D1%81%D1%82%D1%8C_%D0%BB%D0%B8_%D1%83_%D0%B2%D0%B0%D1%81_%D0%B8%D0%BF%D0%BE%D1%82%D0%B5%D0%BA%D0%B0=%D0%9D%D0%B5%D1%82&%D0%92%D0%B0%D1%88_%D0%B5%D0%B6%D0%B5%D0%BC%D0%B5%D1%81%D1%8F%D1%87%D0%BD%D1%8B%D0%B9_%D0%BF%D0%BB%D0%B0%D1%82%D0%B5%D0%B6_%D0%BF%D0%BE_%D0%BA%D1%80%D0%B5%D0%B4%D0%B8%D1%82%D0%B0%D0%BC=%D0%B4%D0%BE+15+000+%E2%82%BD&%D0%9A%D0%B0%D0%BA_%D0%B2%D0%B0%D0%BC_%D1%83%D0%B4%D0%BE%D0%B1%D0%BD%D0%B5%D0%B5_%D0%BF%D0%BE%D0%BB%D1%83%D1%87%D0%B8%D1%82%D1%8C_%D0%BA%D0%BE%D0%BD%D1%81%D1%83%D0%BB%D1%8C%D1%82%D0%B0%D1%86%D0%B8%D1%8E=WhatsApp&Phone=%2B7+%28903%29+810-55-47&Checkbox=yes&tranid=13223037%3A8196434473&formid=form1862738381&utm_source=707307725&utm_medium=5718087066&utm_term=17606394272&utm_campaign=10905831637312339967
POST: Array
(
    [Укажите_общую_сумму_вашей_задолженности] => 500-1 000 000 ₽
    [Есть_ли_у_вас_ипотека] => Нет
    [Ваш_ежемесячный_платеж_по_кредитам] => до 15 000 ₽
    [Как_вам_удобнее_получить_консультацию] => WhatsApp
    [Phone] => +7 (903) 810-55-47
    [Checkbox] => yes
    [tranid] => 13223037:8196434473
    [formid] => form1862738381
    [utm_source] => 707307725
    [utm_medium] => 5718087066
    [utm_term] => 17606394272
    [utm_campaign] => 10905831637312339967
)

Quiz/Комментарии: Array
(
)

Собранные комментарии (для лога): 
Укажите_общую_сумму_вашей_задолженности: 500-1 000 000 ₽
Есть_ли_у_вас_ипотека: Нет
Ваш_ежемесячный_платеж_по_кредитам: до 15 000 ₽
Как_вам_удобнее_получить_консультацию: WhatsApp
Checkbox: yes

Отправка комментариев в Bitrix: ДА
Поля для Bitrix: Array
(
    [UTM_SOURCE] => 707307725
    [UTM_MEDIUM] => 5718087066
    [UTM_TERM] => 17606394272
    [UTM_CAMPAIGN] => 10905831637312339967
    [PHONE] => Array
        (
            [0] => Array
                (
                    [VALUE] => +79038105547
                    [VALUE_TYPE] => MOBILE
                )

        )

    [ASSIGNED_BY_ID] => 1
    [TITLE] => Заявка из Tilda
    [OPENED] => Y
    [STATUS_ID] => NEW
    [SOURCE_ID] => 1005
    [COMMENTS] => <b>Укажите_общую_сумму_вашей_задолженности:</b> 500-1 000 000 ₽<br><b>Есть_ли_у_вас_ипотека:</b> Нет<br><b>Ваш_ежемесячный_платеж_по_кредитам:</b> до 15 000 ₽<br><b>Как_вам_удобнее_получить_консультацию:</b> WhatsApp<br><b>Checkbox:</b> yes<br>
)

Bitrix Response: {"result":655031,"time":{"start":1772015177,"finish":1772015180.571641,"duration":3.571640968322754,"processing":3,"date_start":"2026-02-25T13:26:17+03:00","date_finish":"2026-02-25T13:26:20+03:00","operating_reset_at":1772015777,"operating":5.0123937129974365}}
Статус: Успешно (Lead ID: 655031)
--------------------------------------------------

Время: 25.02.2026 19:28:58
Сервис: Tilda
From: Заявка из Tilda
Клиент: Array
(
    [name] => 
    [phone] => +7 (910) 708-86-80
    [email] => 
)

Город: не определён (ID: не найден)
RAW Input: %D0%A3%D0%BA%D0%B0%D0%B6%D0%B8%D1%82%D0%B5_%D0%BE%D0%B1%D1%89%D1%83%D1%8E_%D1%81%D1%83%D0%BC%D0%BC%D1%83_%D0%B2%D0%B0%D1%88%D0%B5%D0%B9_%D0%B7%D0%B0%D0%B4%D0%BE%D0%BB%D0%B6%D0%B5%D0%BD%D0%BD%D0%BE%D1%81%D1%82%D0%B8=500-1+000+000+%E2%82%BD&%D0%95%D1%81%D1%82%D1%8C_%D0%BB%D0%B8_%D1%83_%D0%B2%D0%B0%D1%81_%D0%B8%D0%BF%D0%BE%D1%82%D0%B5%D0%BA%D0%B0=%D0%9D%D0%B5%D1%82&%D0%92%D0%B0%D1%88_%D0%B5%D0%B6%D0%B5%D0%BC%D0%B5%D1%81%D1%8F%D1%87%D0%BD%D1%8B%D0%B9_%D0%BF%D0%BB%D0%B0%D1%82%D0%B5%D0%B6_%D0%BF%D0%BE_%D0%BA%D1%80%D0%B5%D0%B4%D0%B8%D1%82%D0%B0%D0%BC=15-25.000+%E2%82%BD&%D0%9A%D0%B0%D0%BA_%D0%B2%D0%B0%D0%BC_%D1%83%D0%B4%D0%BE%D0%B1%D0%BD%D0%B5%D0%B5_%D0%BF%D0%BE%D0%BB%D1%83%D1%87%D0%B8%D1%82%D1%8C_%D0%BA%D0%BE%D0%BD%D1%81%D1%83%D0%BB%D1%8C%D1%82%D0%B0%D1%86%D0%B8%D1%8E=WhatsApp&Phone=%2B7+%28910%29+708-86-80&Checkbox=yes&tranid=13223037%3A8197550673&formid=form1862738381&utm_source=707307728&utm_medium=5718087074&utm_term=17606394689&utm_campaign=1267674472631238655
POST: Array
(
    [Укажите_общую_сумму_вашей_задолженности] => 500-1 000 000 ₽
    [Есть_ли_у_вас_ипотека] => Нет
    [Ваш_ежемесячный_платеж_по_кредитам] => 15-25.000 ₽
    [Как_вам_удобнее_получить_консультацию] => WhatsApp
    [Phone] => +7 (910) 708-86-80
    [Checkbox] => yes
    [tranid] => 13223037:8197550673
    [formid] => form1862738381
    [utm_source] => 707307728
    [utm_medium] => 5718087074
    [utm_term] => 17606394689
    [utm_campaign] => 1267674472631238655
)

Quiz/Комментарии: Array
(
)

Собранные комментарии (для лога): 
Укажите_общую_сумму_вашей_задолженности: 500-1 000 000 ₽
Есть_ли_у_вас_ипотека: Нет
Ваш_ежемесячный_платеж_по_кредитам: 15-25.000 ₽
Как_вам_удобнее_получить_консультацию: WhatsApp
Checkbox: yes

Отправка комментариев в Bitrix: ДА
Поля для Bitrix: Array
(
    [UTM_SOURCE] => 707307728
    [UTM_MEDIUM] => 5718087074
    [UTM_TERM] => 17606394689
    [UTM_CAMPAIGN] => 1267674472631238655
    [PHONE] => Array
        (
            [0] => Array
                (
                    [VALUE] => +79107088680
                    [VALUE_TYPE] => MOBILE
                )

        )

    [ASSIGNED_BY_ID] => 1
    [TITLE] => Заявка из Tilda
    [OPENED] => Y
    [STATUS_ID] => NEW
    [SOURCE_ID] => 1005
    [COMMENTS] => <b>Укажите_общую_сумму_вашей_задолженности:</b> 500-1 000 000 ₽<br><b>Есть_ли_у_вас_ипотека:</b> Нет<br><b>Ваш_ежемесячный_платеж_по_кредитам:</b> 15-25.000 ₽<br><b>Как_вам_удобнее_получить_консультацию:</b> WhatsApp<br><b>Checkbox:</b> yes<br>
)

Bitrix Response: {"result":655451,"time":{"start":1772036938,"finish":1772036941.263343,"duration":3.263343095779419,"processing":3,"date_start":"2026-02-25T19:28:58+03:00","date_finish":"2026-02-25T19:29:01+03:00","operating_reset_at":1772037538,"operating":2.353281021118164}}
Статус: Успешно (Lead ID: 655451)
--------------------------------------------------

Время: 25.02.2026 19:32:43
Сервис: Tilda
From: Заявка из Tilda
Клиент: Array
(
    [name] => 
    [phone] => +7 (920) 091-54-28
    [email] => 
)

Город: не определён (ID: не найден)
RAW Input: %D0%A3%D0%BA%D0%B0%D0%B6%D0%B8%D1%82%D0%B5_%D0%BE%D0%B1%D1%89%D1%83%D1%8E_%D1%81%D1%83%D0%BC%D0%BC%D1%83_%D0%B2%D0%B0%D1%88%D0%B5%D0%B9_%D0%B7%D0%B0%D0%B4%D0%BE%D0%BB%D0%B6%D0%B5%D0%BD%D0%BD%D0%BE%D1%81%D1%82%D0%B8=500-1+000+000+%E2%82%BD&%D0%95%D1%81%D1%82%D1%8C_%D0%BB%D0%B8_%D1%83_%D0%B2%D0%B0%D1%81_%D0%B8%D0%BF%D0%BE%D1%82%D0%B5%D0%BA%D0%B0=%D0%9D%D0%B5%D1%82&%D0%92%D0%B0%D1%88_%D0%B5%D0%B6%D0%B5%D0%BC%D0%B5%D1%81%D1%8F%D1%87%D0%BD%D1%8B%D0%B9_%D0%BF%D0%BB%D0%B0%D1%82%D0%B5%D0%B6_%D0%BF%D0%BE_%D0%BA%D1%80%D0%B5%D0%B4%D0%B8%D1%82%D0%B0%D0%BC=%D0%BE%D1%82+55.000+%E2%82%BD&%D0%9A%D0%B0%D0%BA_%D0%B2%D0%B0%D0%BC_%D1%83%D0%B4%D0%BE%D0%B1%D0%BD%D0%B5%D0%B5_%D0%BF%D0%BE%D0%BB%D1%83%D1%87%D0%B8%D1%82%D1%8C_%D0%BA%D0%BE%D0%BD%D1%81%D1%83%D0%BB%D1%8C%D1%82%D0%B0%D1%86%D0%B8%D1%8E=%D0%9F%D0%BE%D0%B7%D0%B2%D0%BE%D0%BD%D0%B8%D1%82%D0%B5&Phone=%2B7+%28920%29+091-54-28&Checkbox=yes&tranid=13223037%3A8197560582&formid=form1862738381&utm_source=707307725&utm_medium=5718087066&utm_term=17606394272&utm
POST: Array
(
    [Укажите_общую_сумму_вашей_задолженности] => 500-1 000 000 ₽
    [Есть_ли_у_вас_ипотека] => Нет
    [Ваш_ежемесячный_платеж_по_кредитам] => от 55.000 ₽
    [Как_вам_удобнее_получить_консультацию] => Позвоните
    [Phone] => +7 (920) 091-54-28
    [Checkbox] => yes
    [tranid] => 13223037:8197560582
    [formid] => form1862738381
    [utm_source] => 707307725
    [utm_medium] => 5718087066
    [utm_term] => 17606394272
    [utm_campaign] => 2600338552419254271
)

Quiz/Комментарии: Array
(
)

Собранные комментарии (для лога): 
Укажите_общую_сумму_вашей_задолженности: 500-1 000 000 ₽
Есть_ли_у_вас_ипотека: Нет
Ваш_ежемесячный_платеж_по_кредитам: от 55.000 ₽
Как_вам_удобнее_получить_консультацию: Позвоните
Checkbox: yes

Отправка комментариев в Bitrix: ДА
Поля для Bitrix: Array
(
    [UTM_SOURCE] => 707307725
    [UTM_MEDIUM] => 5718087066
    [UTM_TERM] => 17606394272
    [UTM_CAMPAIGN] => 2600338552419254271
    [PHONE] => Array
        (
            [0] => Array
                (
                    [VALUE] => +79200915428
                    [VALUE_TYPE] => MOBILE
                )

        )

    [ASSIGNED_BY_ID] => 1
    [TITLE] => Заявка из Tilda
    [OPENED] => Y
    [STATUS_ID] => NEW
    [SOURCE_ID] => 1005
    [COMMENTS] => <b>Укажите_общую_сумму_вашей_задолженности:</b> 500-1 000 000 ₽<br><b>Есть_ли_у_вас_ипотека:</b> Нет<br><b>Ваш_ежемесячный_платеж_по_кредитам:</b> от 55.000 ₽<br><b>Как_вам_удобнее_получить_консультацию:</b> Позвоните<br><b>Checkbox:</b> yes<br>
)

Bitrix Response: {"result":655455,"time":{"start":1772037163,"finish":1772037165.989541,"duration":2.9895410537719727,"processing":2,"date_start":"2026-02-25T19:32:43+03:00","date_finish":"2026-02-25T19:32:45+03:00","operating_reset_at":1772037763,"operating":9.085588932037354}}
Статус: Успешно (Lead ID: 655455)
--------------------------------------------------

Время: 25.02.2026 20:25:05
Сервис: Tilda
From: Заявка из Tilda
Клиент: Array
(
    [name] => 
    [phone] => +7 (910) 919-53-13
    [email] => 
)

Город: не определён (ID: не найден)
RAW Input: %D0%A3%D0%BA%D0%B0%D0%B6%D0%B8%D1%82%D0%B5_%D0%BE%D0%B1%D1%89%D1%83%D1%8E_%D1%81%D1%83%D0%BC%D0%BC%D1%83_%D0%B2%D0%B0%D1%88%D0%B5%D0%B9_%D0%B7%D0%B0%D0%B4%D0%BE%D0%BB%D0%B6%D0%B5%D0%BD%D0%BD%D0%BE%D1%81%D1%82%D0%B8=500-1+000+000+%E2%82%BD&%D0%95%D1%81%D1%82%D1%8C_%D0%BB%D0%B8_%D1%83_%D0%B2%D0%B0%D1%81_%D0%B8%D0%BF%D0%BE%D1%82%D0%B5%D0%BA%D0%B0=%D0%9D%D0%B5%D1%82&%D0%92%D0%B0%D1%88_%D0%B5%D0%B6%D0%B5%D0%BC%D0%B5%D1%81%D1%8F%D1%87%D0%BD%D1%8B%D0%B9_%D0%BF%D0%BB%D0%B0%D1%82%D0%B5%D0%B6_%D0%BF%D0%BE_%D0%BA%D1%80%D0%B5%D0%B4%D0%B8%D1%82%D0%B0%D0%BC=35-45.000+%E2%82%BD&%D0%9A%D0%B0%D0%BA_%D0%B2%D0%B0%D0%BC_%D1%83%D0%B4%D0%BE%D0%B1%D0%BD%D0%B5%D0%B5_%D0%BF%D0%BE%D0%BB%D1%83%D1%87%D0%B8%D1%82%D1%8C_%D0%BA%D0%BE%D0%BD%D1%81%D1%83%D0%BB%D1%8C%D1%82%D0%B0%D1%86%D0%B8%D1%8E=MAX&Phone=%2B7+%28910%29+919-53-13&Checkbox=yes&tranid=13223037%3A8197688683&formid=form1862738381&utm_source=707307725&utm_medium=5718087066&utm_term=17606394271&utm_campaign=16318686815303237631
POST: Array
(
    [Укажите_общую_сумму_вашей_задолженности] => 500-1 000 000 ₽
    [Есть_ли_у_вас_ипотека] => Нет
    [Ваш_ежемесячный_платеж_по_кредитам] => 35-45.000 ₽
    [Как_вам_удобнее_получить_консультацию] => MAX
    [Phone] => +7 (910) 919-53-13
    [Checkbox] => yes
    [tranid] => 13223037:8197688683
    [formid] => form1862738381
    [utm_source] => 707307725
    [utm_medium] => 5718087066
    [utm_term] => 17606394271
    [utm_campaign] => 16318686815303237631
)

Quiz/Комментарии: Array
(
)

Собранные комментарии (для лога): 
Укажите_общую_сумму_вашей_задолженности: 500-1 000 000 ₽
Есть_ли_у_вас_ипотека: Нет
Ваш_ежемесячный_платеж_по_кредитам: 35-45.000 ₽
Как_вам_удобнее_получить_консультацию: MAX
Checkbox: yes

Отправка комментариев в Bitrix: ДА
Поля для Bitrix: Array
(
    [UTM_SOURCE] => 707307725
    [UTM_MEDIUM] => 5718087066
    [UTM_TERM] => 17606394271
    [UTM_CAMPAIGN] => 16318686815303237631
    [PHONE] => Array
        (
            [0] => Array
                (
                    [VALUE] => +79109195313
                    [VALUE_TYPE] => MOBILE
                )

        )

    [ASSIGNED_BY_ID] => 1
    [TITLE] => Заявка из Tilda
    [OPENED] => Y
    [STATUS_ID] => NEW
    [SOURCE_ID] => 1005
    [COMMENTS] => <b>Укажите_общую_сумму_вашей_задолженности:</b> 500-1 000 000 ₽<br><b>Есть_ли_у_вас_ипотека:</b> Нет<br><b>Ваш_ежемесячный_платеж_по_кредитам:</b> 35-45.000 ₽<br><b>Как_вам_удобнее_получить_консультацию:</b> MAX<br><b>Checkbox:</b> yes<br>
)

Bitrix Response: {"result":655467,"time":{"start":1772040305,"finish":1772040307.3804,"duration":2.3803999423980713,"processing":2,"date_start":"2026-02-25T20:25:05+03:00","date_finish":"2026-02-25T20:25:07+03:00","operating_reset_at":1772040905,"operating":2.2665021419525146}}
Статус: Успешно (Lead ID: 655467)
--------------------------------------------------

Время: 26.02.2026 00:02:07
Сервис: Tilda
From: Заявка из Tilda
Клиент: Array
(
    [name] => 
    [phone] => +7 (910) 603-21-43
    [email] => 
)

Город: не определён (ID: не найден)
RAW Input: %D0%A3%D0%BA%D0%B0%D0%B6%D0%B8%D1%82%D0%B5_%D0%BE%D0%B1%D1%89%D1%83%D1%8E_%D1%81%D1%83%D0%BC%D0%BC%D1%83_%D0%B2%D0%B0%D1%88%D0%B5%D0%B9_%D0%B7%D0%B0%D0%B4%D0%BE%D0%BB%D0%B6%D0%B5%D0%BD%D0%BD%D0%BE%D1%81%D1%82%D0%B8=250-500+000+%E2%82%BD&%D0%95%D1%81%D1%82%D1%8C_%D0%BB%D0%B8_%D1%83_%D0%B2%D0%B0%D1%81_%D0%B8%D0%BF%D0%BE%D1%82%D0%B5%D0%BA%D0%B0=%D0%9D%D0%B5%D1%82&%D0%92%D0%B0%D1%88_%D0%B5%D0%B6%D0%B5%D0%BC%D0%B5%D1%81%D1%8F%D1%87%D0%BD%D1%8B%D0%B9_%D0%BF%D0%BB%D0%B0%D1%82%D0%B5%D0%B6_%D0%BF%D0%BE_%D0%BA%D1%80%D0%B5%D0%B4%D0%B8%D1%82%D0%B0%D0%BC=15-25.000+%E2%82%BD&%D0%9A%D0%B0%D0%BA_%D0%B2%D0%B0%D0%BC_%D1%83%D0%B4%D0%BE%D0%B1%D0%BD%D0%B5%D0%B5_%D0%BF%D0%BE%D0%BB%D1%83%D1%87%D0%B8%D1%82%D1%8C_%D0%BA%D0%BE%D0%BD%D1%81%D1%83%D0%BB%D1%8C%D1%82%D0%B0%D1%86%D0%B8%D1%8E=%D0%9F%D0%BE%D0%B7%D0%B2%D0%BE%D0%BD%D0%B8%D1%82%D0%B5&Phone=%2B7+%28910%29+603-21-43&Checkbox=yes&tranid=13223037%3A8198103292&formid=form1862738381&utm_source=707307728&utm_medium=5718087074&utm_term=17606394689&utm_campaign=12
POST: Array
(
    [Укажите_общую_сумму_вашей_задолженности] => 250-500 000 ₽
    [Есть_ли_у_вас_ипотека] => Нет
    [Ваш_ежемесячный_платеж_по_кредитам] => 15-25.000 ₽
    [Как_вам_удобнее_получить_консультацию] => Позвоните
    [Phone] => +7 (910) 603-21-43
    [Checkbox] => yes
    [tranid] => 13223037:8198103292
    [formid] => form1862738381
    [utm_source] => 707307728
    [utm_medium] => 5718087074
    [utm_term] => 17606394689
    [utm_campaign] => 12023586012986867711
)

Quiz/Комментарии: Array
(
)

Собранные комментарии (для лога): 
Укажите_общую_сумму_вашей_задолженности: 250-500 000 ₽
Есть_ли_у_вас_ипотека: Нет
Ваш_ежемесячный_платеж_по_кредитам: 15-25.000 ₽
Как_вам_удобнее_получить_консультацию: Позвоните
Checkbox: yes

Отправка комментариев в Bitrix: ДА
Поля для Bitrix: Array
(
    [UTM_SOURCE] => 707307728
    [UTM_MEDIUM] => 5718087074
    [UTM_TERM] => 17606394689
    [UTM_CAMPAIGN] => 12023586012986867711
    [PHONE] => Array
        (
            [0] => Array
                (
                    [VALUE] => +79106032143
                    [VALUE_TYPE] => MOBILE
                )

        )

    [ASSIGNED_BY_ID] => 1
    [TITLE] => Заявка из Tilda
    [OPENED] => Y
    [STATUS_ID] => NEW
    [SOURCE_ID] => 1005
    [COMMENTS] => <b>Укажите_общую_сумму_вашей_задолженности:</b> 250-500 000 ₽<br><b>Есть_ли_у_вас_ипотека:</b> Нет<br><b>Ваш_ежемесячный_платеж_по_кредитам:</b> 15-25.000 ₽<br><b>Как_вам_удобнее_получить_консультацию:</b> Позвоните<br><b>Checkbox:</b> yes<br>
)

Bitrix Response: {"result":655507,"time":{"start":1772053333,"finish":1772053336.124744,"duration":3.124743938446045,"processing":3,"date_start":"2026-02-26T00:02:13+03:00","date_finish":"2026-02-26T00:02:16+03:00","operating_reset_at":1772053933,"operating":2.1471900939941406}}
Статус: Успешно (Lead ID: 655507)
--------------------------------------------------

Время: 26.02.2026 11:12:48
Сервис: Tilda
From: Заявка из Tilda
Клиент: Array
(
    [name] => 
    [phone] => +7 (964) 024-72-26
    [email] => 
)

Город: не определён (ID: не найден)
RAW Input: %D0%A3%D0%BA%D0%B0%D0%B6%D0%B8%D1%82%D0%B5_%D0%BE%D0%B1%D1%89%D1%83%D1%8E_%D1%81%D1%83%D0%BC%D0%BC%D1%83_%D0%B2%D0%B0%D1%88%D0%B5%D0%B9_%D0%B7%D0%B0%D0%B4%D0%BE%D0%BB%D0%B6%D0%B5%D0%BD%D0%BD%D0%BE%D1%81%D1%82%D0%B8=500-1+000+000+%E2%82%BD&%D0%95%D1%81%D1%82%D1%8C_%D0%BB%D0%B8_%D1%83_%D0%B2%D0%B0%D1%81_%D0%B8%D0%BF%D0%BE%D1%82%D0%B5%D0%BA%D0%B0=%D0%9D%D0%B5%D1%82&%D0%92%D0%B0%D1%88_%D0%B5%D0%B6%D0%B5%D0%BC%D0%B5%D1%81%D1%8F%D1%87%D0%BD%D1%8B%D0%B9_%D0%BF%D0%BB%D0%B0%D1%82%D0%B5%D0%B6_%D0%BF%D0%BE_%D0%BA%D1%80%D0%B5%D0%B4%D0%B8%D1%82%D0%B0%D0%BC=%D0%BE%D1%82+55.000+%E2%82%BD&%D0%9A%D0%B0%D0%BA_%D0%B2%D0%B0%D0%BC_%D1%83%D0%B4%D0%BE%D0%B1%D0%BD%D0%B5%D0%B5_%D0%BF%D0%BE%D0%BB%D1%83%D1%87%D0%B8%D1%82%D1%8C_%D0%BA%D0%BE%D0%BD%D1%81%D1%83%D0%BB%D1%8C%D1%82%D0%B0%D1%86%D0%B8%D1%8E=WhatsApp&Phone=%2B7+%28964%29+024-72-26&Checkbox=yes&tranid=13223037%3A8198919592&formid=form1862738381&utm_source=707307728&utm_medium=5718087074&utm_term=17606394688&utm_campaign=5986283960206884863
POST: Array
(
    [Укажите_общую_сумму_вашей_задолженности] => 500-1 000 000 ₽
    [Есть_ли_у_вас_ипотека] => Нет
    [Ваш_ежемесячный_платеж_по_кредитам] => от 55.000 ₽
    [Как_вам_удобнее_получить_консультацию] => WhatsApp
    [Phone] => +7 (964) 024-72-26
    [Checkbox] => yes
    [tranid] => 13223037:8198919592
    [formid] => form1862738381
    [utm_source] => 707307728
    [utm_medium] => 5718087074
    [utm_term] => 17606394688
    [utm_campaign] => 5986283960206884863
)

Quiz/Комментарии: Array
(
)

Собранные комментарии (для лога): 
Укажите_общую_сумму_вашей_задолженности: 500-1 000 000 ₽
Есть_ли_у_вас_ипотека: Нет
Ваш_ежемесячный_платеж_по_кредитам: от 55.000 ₽
Как_вам_удобнее_получить_консультацию: WhatsApp
Checkbox: yes

Отправка комментариев в Bitrix: ДА
Поля для Bitrix: Array
(
    [UTM_SOURCE] => 707307728
    [UTM_MEDIUM] => 5718087074
    [UTM_TERM] => 17606394688
    [UTM_CAMPAIGN] => 5986283960206884863
    [PHONE] => Array
        (
            [0] => Array
                (
                    [VALUE] => +79640247226
                    [VALUE_TYPE] => MOBILE
                )

        )

    [ASSIGNED_BY_ID] => 1
    [TITLE] => Заявка из Tilda
    [OPENED] => Y
    [STATUS_ID] => NEW
    [SOURCE_ID] => 1005
    [COMMENTS] => <b>Укажите_общую_сумму_вашей_задолженности:</b> 500-1 000 000 ₽<br><b>Есть_ли_у_вас_ипотека:</b> Нет<br><b>Ваш_ежемесячный_платеж_по_кредитам:</b> от 55.000 ₽<br><b>Как_вам_удобнее_получить_консультацию:</b> WhatsApp<br><b>Checkbox:</b> yes<br>
)

Bitrix Response: {"result":655709,"time":{"start":1772093568,"finish":1772093571.529172,"duration":3.529171943664551,"processing":3,"date_start":"2026-02-26T11:12:48+03:00","date_finish":"2026-02-26T11:12:51+03:00","operating_reset_at":1772094168,"operating":7.256301164627075}}
Статус: Успешно (Lead ID: 655709)
--------------------------------------------------

Время: 26.02.2026 19:37:02
Сервис: Tilda
From: Заявка из Tilda
Клиент: Array
(
    [name] => 
    [phone] => +7 (910) 544-73-55
    [email] => 
)

Город: не определён (ID: не найден)
RAW Input: %D0%A3%D0%BA%D0%B0%D0%B6%D0%B8%D1%82%D0%B5_%D0%BE%D0%B1%D1%89%D1%83%D1%8E_%D1%81%D1%83%D0%BC%D0%BC%D1%83_%D0%B2%D0%B0%D1%88%D0%B5%D0%B9_%D0%B7%D0%B0%D0%B4%D0%BE%D0%BB%D0%B6%D0%B5%D0%BD%D0%BD%D0%BE%D1%81%D1%82%D0%B8=500-1+000+000+%E2%82%BD&%D0%95%D1%81%D1%82%D1%8C_%D0%BB%D0%B8_%D1%83_%D0%B2%D0%B0%D1%81_%D0%B8%D0%BF%D0%BE%D1%82%D0%B5%D0%BA%D0%B0=%D0%9D%D0%B5%D1%82&%D0%92%D0%B0%D1%88_%D0%B5%D0%B6%D0%B5%D0%BC%D0%B5%D1%81%D1%8F%D1%87%D0%BD%D1%8B%D0%B9_%D0%BF%D0%BB%D0%B0%D1%82%D0%B5%D0%B6_%D0%BF%D0%BE_%D0%BA%D1%80%D0%B5%D0%B4%D0%B8%D1%82%D0%B0%D0%BC=25-35.000+%E2%82%BD&%D0%9A%D0%B0%D0%BA_%D0%B2%D0%B0%D0%BC_%D1%83%D0%B4%D0%BE%D0%B1%D0%BD%D0%B5%D0%B5_%D0%BF%D0%BE%D0%BB%D1%83%D1%87%D0%B8%D1%82%D1%8C_%D0%BA%D0%BE%D0%BD%D1%81%D1%83%D0%BB%D1%8C%D1%82%D0%B0%D1%86%D0%B8%D1%8E=MAX&Phone=%2B7+%28910%29+544-73-55&Checkbox=yes&tranid=13223037%3A8200405853&formid=form1862738381&utm_source=707307728&utm_medium=5718087074&utm_term=17606394689&utm_campaign=11281863768723947519
POST: Array
(
    [Укажите_общую_сумму_вашей_задолженности] => 500-1 000 000 ₽
    [Есть_ли_у_вас_ипотека] => Нет
    [Ваш_ежемесячный_платеж_по_кредитам] => 25-35.000 ₽
    [Как_вам_удобнее_получить_консультацию] => MAX
    [Phone] => +7 (910) 544-73-55
    [Checkbox] => yes
    [tranid] => 13223037:8200405853
    [formid] => form1862738381
    [utm_source] => 707307728
    [utm_medium] => 5718087074
    [utm_term] => 17606394689
    [utm_campaign] => 11281863768723947519
)

Quiz/Комментарии: Array
(
)

Собранные комментарии (для лога): 
Укажите_общую_сумму_вашей_задолженности: 500-1 000 000 ₽
Есть_ли_у_вас_ипотека: Нет
Ваш_ежемесячный_платеж_по_кредитам: 25-35.000 ₽
Как_вам_удобнее_получить_консультацию: MAX
Checkbox: yes

Отправка комментариев в Bitrix: ДА
Поля для Bitrix: Array
(
    [UTM_SOURCE] => 707307728
    [UTM_MEDIUM] => 5718087074
    [UTM_TERM] => 17606394689
    [UTM_CAMPAIGN] => 11281863768723947519
    [PHONE] => Array
        (
            [0] => Array
                (
                    [VALUE] => +79105447355
                    [VALUE_TYPE] => MOBILE
                )

        )

    [ASSIGNED_BY_ID] => 1
    [TITLE] => Заявка из Tilda
    [OPENED] => Y
    [STATUS_ID] => NEW
    [SOURCE_ID] => 1005
    [COMMENTS] => <b>Укажите_общую_сумму_вашей_задолженности:</b> 500-1 000 000 ₽<br><b>Есть_ли_у_вас_ипотека:</b> Нет<br><b>Ваш_ежемесячный_платеж_по_кредитам:</b> 25-35.000 ₽<br><b>Как_вам_удобнее_получить_консультацию:</b> MAX<br><b>Checkbox:</b> yes<br>
)

Bitrix Response: {"result":656267,"time":{"start":1772123822,"finish":1772123825.016903,"duration":3.0169029235839844,"processing":3,"date_start":"2026-02-26T19:37:02+03:00","date_finish":"2026-02-26T19:37:05+03:00","operating_reset_at":1772124422,"operating":8.892855882644653}}
Статус: Успешно (Lead ID: 656267)
--------------------------------------------------

Время: 27.02.2026 00:10:50
Сервис: Tilda
From: Заявка из Tilda
Клиент: Array
(
    [name] => 
    [phone] => +7 (910) 918-46-85
    [email] => 
)

Город: не определён (ID: не найден)
RAW Input: %D0%A3%D0%BA%D0%B0%D0%B6%D0%B8%D1%82%D0%B5_%D0%BE%D0%B1%D1%89%D1%83%D1%8E_%D1%81%D1%83%D0%BC%D0%BC%D1%83_%D0%B2%D0%B0%D1%88%D0%B5%D0%B9_%D0%B7%D0%B0%D0%B4%D0%BE%D0%BB%D0%B6%D0%B5%D0%BD%D0%BD%D0%BE%D1%81%D1%82%D0%B8=500-1+000+000+%E2%82%BD&%D0%95%D1%81%D1%82%D1%8C_%D0%BB%D0%B8_%D1%83_%D0%B2%D0%B0%D1%81_%D0%B8%D0%BF%D0%BE%D1%82%D0%B5%D0%BA%D0%B0=%D0%94%D0%B0&%D0%92%D0%B0%D1%88_%D0%B5%D0%B6%D0%B5%D0%BC%D0%B5%D1%81%D1%8F%D1%87%D0%BD%D1%8B%D0%B9_%D0%BF%D0%BB%D0%B0%D1%82%D0%B5%D0%B6_%D0%BF%D0%BE_%D0%BA%D1%80%D0%B5%D0%B4%D0%B8%D1%82%D0%B0%D0%BC=25-35.000+%E2%82%BD&%D0%9A%D0%B0%D0%BA_%D0%B2%D0%B0%D0%BC_%D1%83%D0%B4%D0%BE%D0%B1%D0%BD%D0%B5%D0%B5_%D0%BF%D0%BE%D0%BB%D1%83%D1%87%D0%B8%D1%82%D1%8C_%D0%BA%D0%BE%D0%BD%D1%81%D1%83%D0%BB%D1%8C%D1%82%D0%B0%D1%86%D0%B8%D1%8E=MAX&Phone=%2B7+%28910%29+918-46-85&Checkbox=yes&tranid=13223037%3A8200969923&formid=form1862738381&utm_source=707307728&utm_medium=5718087074&utm_term=17606394689&utm_campaign=13714236333176651775
POST: Array
(
    [Укажите_общую_сумму_вашей_задолженности] => 500-1 000 000 ₽
    [Есть_ли_у_вас_ипотека] => Да
    [Ваш_ежемесячный_платеж_по_кредитам] => 25-35.000 ₽
    [Как_вам_удобнее_получить_консультацию] => MAX
    [Phone] => +7 (910) 918-46-85
    [Checkbox] => yes
    [tranid] => 13223037:8200969923
    [formid] => form1862738381
    [utm_source] => 707307728
    [utm_medium] => 5718087074
    [utm_term] => 17606394689
    [utm_campaign] => 13714236333176651775
)

Quiz/Комментарии: Array
(
)

Собранные комментарии (для лога): 
Укажите_общую_сумму_вашей_задолженности: 500-1 000 000 ₽
Есть_ли_у_вас_ипотека: Да
Ваш_ежемесячный_платеж_по_кредитам: 25-35.000 ₽
Как_вам_удобнее_получить_консультацию: MAX
Checkbox: yes

Отправка комментариев в Bitrix: ДА
Поля для Bitrix: Array
(
    [UTM_SOURCE] => 707307728
    [UTM_MEDIUM] => 5718087074
    [UTM_TERM] => 17606394689
    [UTM_CAMPAIGN] => 13714236333176651775
    [PHONE] => Array
        (
            [0] => Array
                (
                    [VALUE] => +79109184685
                    [VALUE_TYPE] => MOBILE
                )

        )

    [ASSIGNED_BY_ID] => 1
    [TITLE] => Заявка из Tilda
    [OPENED] => Y
    [STATUS_ID] => NEW
    [SOURCE_ID] => 1005
    [COMMENTS] => <b>Укажите_общую_сумму_вашей_задолженности:</b> 500-1 000 000 ₽<br><b>Есть_ли_у_вас_ипотека:</b> Да<br><b>Ваш_ежемесячный_платеж_по_кредитам:</b> 25-35.000 ₽<br><b>Как_вам_удобнее_получить_консультацию:</b> MAX<br><b>Checkbox:</b> yes<br>
)

Bitrix Response: {"result":656301,"time":{"start":1772140250,"finish":1772140252.399365,"duration":2.399364948272705,"processing":2,"date_start":"2026-02-27T00:10:50+03:00","date_finish":"2026-02-27T00:10:52+03:00","operating_reset_at":1772140850,"operating":3.966759204864502}}
Статус: Успешно (Lead ID: 656301)
--------------------------------------------------

