26.02.2026 15:49:21 Тестовый запрос Tilda (OK, игнорируем ошибку валидации)
Время: 26.02.2026 15:49:37
Сервис: Tilda
From: Заявка из Tilda
Клиент: Array
(
    [name] => тест
    [phone] => +7 (777) 777-55-01
    [email] => 
)

Город: не определён (ID: не найден)
RAW Input: Phone=%2B7+%28777%29+777-55-01&Name=%D1%82%D0%B5%D1%81%D1%82&Checkbox=yes&tranid=13883407%3A8199785663&formid=form1154193671&formname=%D0%9A%D0%BE%D0%BD%D1%81%D1%83%D0%BB%D1%8C%D1%82%D0%B0%D1%86%D0%B8%D1%8F-%D0%BF%D0%BE%D0%BF%D0%B0%D0%BF
POST: Array
(
    [Phone] => +7 (777) 777-55-01
    [Name] => тест
    [Checkbox] => yes
    [tranid] => 13883407:8199785663
    [formid] => form1154193671
    [formname] => Консультация-попап
)

Quiz/Комментарии: Array
(
)

Собранные комментарии (для лога): 
Checkbox: yes

Отправка комментариев в Bitrix: ДА
Поля для Bitrix: Array
(
    [NAME] => тест
    [PHONE] => Array
        (
            [0] => Array
                (
                    [VALUE] => +77777775501
                    [VALUE_TYPE] => MOBILE
                )

        )

    [ASSIGNED_BY_ID] => 1
    [TITLE] => Заявка из Tilda
    [OPENED] => Y
    [STATUS_ID] => NEW
    [SOURCE_ID] => 822
    [COMMENTS] => <b>Checkbox:</b> yes<br>
)

Bitrix Response: {"result":656077,"time":{"start":1772110177,"finish":1772110180.126553,"duration":3.1265530586242676,"processing":3,"date_start":"2026-02-26T15:49:37+03:00","date_finish":"2026-02-26T15:49:40+03:00","operating_reset_at":1772110777,"operating":11.510045766830444}}
Статус: Успешно (Lead ID: 656077)
--------------------------------------------------

