Время: 24.02.2026 18:36:37
Сервис: Робот+базы
ОШИБКА ВАЛИДАЦИИ: Телефон слишком короткий (менее 10 цифр): {phone}
Клиент: Array
(
    [name] => 
    [phone] => {phone}
    [email] => 
)

RAW Input: {"call": {"phone": "79223625670", "answer": "1"}, "phone": "{phone}", "Comments": "\u0425\u043e\u0447\u0443 \u0441\u043f\u0438\u0441\u0430\u0442\u044c \u0434\u043e\u043b\u0433\u0438, \u0441\u0443\u043c\u043c\u0430 \u0434\u043e\u043b\u0433\u0430, \u043d\u0443\u0436\u043d\u0430 \u043a\u043e\u043d\u0441\u0443\u043b\u044c\u0442\u0430\u0446\u0438\u044f...", "Gorod": "\u041a\u0430\u043b\u0443\u0433\u0430", "utm_source": "yandex", "utm_medium": "cpc", "utm_campaign": "bankrotstvo_fizlic", "utm_content"
POST: Array
(
)

Статус: Ошибка валидации телефона
--------------------------------------------------

Время: 24.02.2026 19:49:03
Сервис: Робот+базы
From: Заявка из Робот+базы
Клиент: Array
(
    [name] => 
    [phone] => 79105190680
    [email] => 
)

Город: Калуга (ID: не найден)
RAW Input: {"call": {"phone": "79105190680", "answer": "1"}, "phone": "79105190680", "Comments": "\u0425\u043e\u0447\u0443 \u0441\u043f\u0438\u0441\u0430\u0442\u044c \u0434\u043e\u043b\u0433\u0438, \u0441\u0443\u043c\u043c\u0430 \u0434\u043e\u043b\u0433\u0430, \u043d\u0443\u0436\u043d\u0430 \u043a\u043e\u043d\u0441\u0443\u043b\u044c\u0442\u0430\u0446\u0438\u044f...", "Gorod": "\u041a\u0430\u043b\u0443\u0433\u0430", "utm_source": "yandex", "utm_medium": "cpc", "utm_campaign": "bankrotstvo_fizlic", "utm_content": "banner_300x250", "utm_term": "\u0441\u043f\u0438\u0441\u0430\u043d\u0438\u0435 \u0434\u043e\u043b\u0433\u043e\u0432 \u043a\u0430\u043b\u0443\u0433\u0430"}
POST: Array
(
)

Quiz/Комментарии: Array
(
)

Собранные комментарии (для лога): 
Call: 79105190680
Comments: Хочу списать долги, сумма долга, нужна консультация...
Город: Калуга

Отправка комментариев в Bitrix: ДА
Поля для Bitrix: Array
(
    [PHONE] => Array
        (
            [0] => Array
                (
                    [VALUE] => 79105190680
                    [VALUE_TYPE] => MOBILE
                )

        )

    [ASSIGNED_BY_ID] => 1
    [TITLE] => Новая заявка - 79105190680
    [OPENED] => Y
    [STATUS_ID] => NEW
    [SOURCE_ID] => 1091
    [COMMENTS] => <b>Call:</b> 79105190680<br><b>Comments:</b> Хочу списать долги, сумма долга, нужна консультация...<br><b>Город:</b> Калуга<br>
)

Bitrix Response: {"result":654609,"time":{"start":1771951743,"finish":1771951745.27734,"duration":2.2773399353027344,"processing":2,"date_start":"2026-02-24T19:49:03+03:00","date_finish":"2026-02-24T19:49:05+03:00","operating_reset_at":1771952343,"operating":2.1249701976776123}}
Статус: Успешно (Lead ID: 654609)
--------------------------------------------------

Время: 24.02.2026 19:53:13
Сервис: Робот+базы
From: Заявка из Робот+базы
Клиент: Array
(
    [name] => 
    [phone] => 79223625670
    [email] => 
)

Город: Калуга (ID: не найден)
RAW Input: {"call": {"phone": "79223625670", "answer": "1"}, "phone": "79223625670", "Comments": "\u0425\u043e\u0447\u0443 \u0441\u043f\u0438\u0441\u0430\u0442\u044c \u0434\u043e\u043b\u0433\u0438, \u0441\u0443\u043c\u043c\u0430 \u0434\u043e\u043b\u0433\u0430, \u043d\u0443\u0436\u043d\u0430 \u043a\u043e\u043d\u0441\u0443\u043b\u044c\u0442\u0430\u0446\u0438\u044f...", "Gorod": "\u041a\u0430\u043b\u0443\u0433\u0430", "utm_source": "yandex", "utm_medium": "cpc", "utm_campaign": "bankrotstvo_fizlic", "utm_content": "banner_300x250", "utm_term": "\u0441\u043f\u0438\u0441\u0430\u043d\u0438\u0435 \u0434\u043e\u043b\u0433\u043e\u0432 \u043a\u0430\u043b\u0443\u0433\u0430"}
POST: Array
(
)

Quiz/Комментарии: Array
(
)

Собранные комментарии (для лога): 
Call: 79223625670
Comments: Хочу списать долги, сумма долга, нужна консультация...
Город: Калуга

Отправка комментариев в Bitrix: ДА
Поля для Bitrix: Array
(
    [PHONE] => Array
        (
            [0] => Array
                (
                    [VALUE] => 79223625670
                    [VALUE_TYPE] => MOBILE
                )

        )

    [ASSIGNED_BY_ID] => 1
    [TITLE] => Новая заявка - 79223625670
    [OPENED] => Y
    [STATUS_ID] => NEW
    [SOURCE_ID] => 1091
    [COMMENTS] => <b>Call:</b> 79223625670<br><b>Comments:</b> Хочу списать долги, сумма долга, нужна консультация...<br><b>Город:</b> Калуга<br>
)

Bitrix Response: {"result":654611,"time":{"start":1771951993,"finish":1771951995.624824,"duration":2.624824047088623,"processing":2,"date_start":"2026-02-24T19:53:13+03:00","date_finish":"2026-02-24T19:53:15+03:00","operating_reset_at":1771952593,"operating":4.135806322097778}}
Статус: Успешно (Lead ID: 654611)
--------------------------------------------------

Время: 24.02.2026 20:03:36
Сервис: Робот+базы
From: Заявка из Робот+базы
Клиент: Array
(
    [name] => 
    [phone] => 79190390567
    [email] => 
)

Город: Калуга (ID: не найден)
RAW Input: {"call": {"phone": "79190390567", "answer": "1"}, "phone": "79190390567", "Comments": "\u0425\u043e\u0447\u0443 \u0441\u043f\u0438\u0441\u0430\u0442\u044c \u0434\u043e\u043b\u0433\u0438, \u0441\u0443\u043c\u043c\u0430 \u0434\u043e\u043b\u0433\u0430, \u043d\u0443\u0436\u043d\u0430 \u043a\u043e\u043d\u0441\u0443\u043b\u044c\u0442\u0430\u0446\u0438\u044f...", "Gorod": "\u041a\u0430\u043b\u0443\u0433\u0430", "utm_source": "yandex", "utm_medium": "cpc", "utm_campaign": "bankrotstvo_fizlic", "utm_content": "banner_300x250", "utm_term": "\u0441\u043f\u0438\u0441\u0430\u043d\u0438\u0435 \u0434\u043e\u043b\u0433\u043e\u0432 \u043a\u0430\u043b\u0443\u0433\u0430"}
POST: Array
(
)

Quiz/Комментарии: Array
(
)

Собранные комментарии (для лога): 
Call: 79190390567
Comments: Хочу списать долги, сумма долга, нужна консультация...
Город: Калуга

Отправка комментариев в Bitrix: ДА
Поля для Bitrix: Array
(
    [PHONE] => Array
        (
            [0] => Array
                (
                    [VALUE] => 79190390567
                    [VALUE_TYPE] => MOBILE
                )

        )

    [ASSIGNED_BY_ID] => 1
    [TITLE] => Новая заявка - 79190390567
    [OPENED] => Y
    [STATUS_ID] => NEW
    [SOURCE_ID] => 1091
    [COMMENTS] => <b>Call:</b> 79190390567<br><b>Comments:</b> Хочу списать долги, сумма долга, нужна консультация...<br><b>Город:</b> Калуга<br>
)

Bitrix Response: {"result":654613,"time":{"start":1771952616,"finish":1771952618.765068,"duration":2.7650680541992188,"processing":2,"date_start":"2026-02-24T20:03:36+03:00","date_finish":"2026-02-24T20:03:38+03:00","operating_reset_at":1771953216,"operating":1.9612460136413574}}
Статус: Успешно (Lead ID: 654613)
--------------------------------------------------

Время: 24.02.2026 20:09:04
Сервис: Робот+базы
From: Заявка из Робот+базы
Клиент: Array
(
    [name] => 
    [phone] => 79807103004
    [email] => 
)

Город: Калуга (ID: не найден)
RAW Input: {"call": {"phone": "79807103004", "answer": "1"}, "phone": "79807103004", "Comments": "\u0425\u043e\u0447\u0443 \u0441\u043f\u0438\u0441\u0430\u0442\u044c \u0434\u043e\u043b\u0433\u0438, \u0441\u0443\u043c\u043c\u0430 \u0434\u043e\u043b\u0433\u0430, \u043d\u0443\u0436\u043d\u0430 \u043a\u043e\u043d\u0441\u0443\u043b\u044c\u0442\u0430\u0446\u0438\u044f...", "Gorod": "\u041a\u0430\u043b\u0443\u0433\u0430", "utm_source": "yandex", "utm_medium": "cpc", "utm_campaign": "bankrotstvo_fizlic", "utm_content": "banner_300x250", "utm_term": "\u0441\u043f\u0438\u0441\u0430\u043d\u0438\u0435 \u0434\u043e\u043b\u0433\u043e\u0432 \u043a\u0430\u043b\u0443\u0433\u0430"}
POST: Array
(
)

Quiz/Комментарии: Array
(
)

Собранные комментарии (для лога): 
Call: 79807103004
Comments: Хочу списать долги, сумма долга, нужна консультация...
Город: Калуга

Отправка комментариев в Bitrix: ДА
Поля для Bitrix: Array
(
    [PHONE] => Array
        (
            [0] => Array
                (
                    [VALUE] => 79807103004
                    [VALUE_TYPE] => MOBILE
                )

        )

    [ASSIGNED_BY_ID] => 1
    [TITLE] => Новая заявка - 79807103004
    [OPENED] => Y
    [STATUS_ID] => NEW
    [SOURCE_ID] => 1091
    [COMMENTS] => <b>Call:</b> 79807103004<br><b>Comments:</b> Хочу списать долги, сумма долга, нужна консультация...<br><b>Город:</b> Калуга<br>
)

Bitrix Response: {"result":654619,"time":{"start":1771952944,"finish":1771952946.060137,"duration":2.0601370334625244,"processing":2,"date_start":"2026-02-24T20:09:04+03:00","date_finish":"2026-02-24T20:09:06+03:00","operating_reset_at":1771953544,"operating":6.0585150718688965}}
Статус: Успешно (Lead ID: 654619)
--------------------------------------------------

Время: 24.02.2026 20:11:23
Сервис: Робот+базы
From: Заявка из Робот+базы
Клиент: Array
(
    [name] => 
    [phone] => 79533278490
    [email] => 
)

Город: Калуга (ID: не найден)
RAW Input: {"call": {"phone": "79533278490", "answer": "1"}, "phone": "79533278490", "Comments": "\u0425\u043e\u0447\u0443 \u0441\u043f\u0438\u0441\u0430\u0442\u044c \u0434\u043e\u043b\u0433\u0438, \u0441\u0443\u043c\u043c\u0430 \u0434\u043e\u043b\u0433\u0430, \u043d\u0443\u0436\u043d\u0430 \u043a\u043e\u043d\u0441\u0443\u043b\u044c\u0442\u0430\u0446\u0438\u044f...", "Gorod": "\u041a\u0430\u043b\u0443\u0433\u0430", "utm_source": "yandex", "utm_medium": "cpc", "utm_campaign": "bankrotstvo_fizlic", "utm_content": "banner_300x250", "utm_term": "\u0441\u043f\u0438\u0441\u0430\u043d\u0438\u0435 \u0434\u043e\u043b\u0433\u043e\u0432 \u043a\u0430\u043b\u0443\u0433\u0430"}
POST: Array
(
)

Quiz/Комментарии: Array
(
)

Собранные комментарии (для лога): 
Call: 79533278490
Comments: Хочу списать долги, сумма долга, нужна консультация...
Город: Калуга

Отправка комментариев в Bitrix: ДА
Поля для Bitrix: Array
(
    [PHONE] => Array
        (
            [0] => Array
                (
                    [VALUE] => 79533278490
                    [VALUE_TYPE] => MOBILE
                )

        )

    [ASSIGNED_BY_ID] => 1
    [TITLE] => Новая заявка - 79533278490
    [OPENED] => Y
    [STATUS_ID] => NEW
    [SOURCE_ID] => 1091
    [COMMENTS] => <b>Call:</b> 79533278490<br><b>Comments:</b> Хочу списать долги, сумма долга, нужна консультация...<br><b>Город:</b> Калуга<br>
)

Bitrix Response: {"result":654621,"time":{"start":1771953083,"finish":1771953085.11238,"duration":2.112380027770996,"processing":2,"date_start":"2026-02-24T20:11:23+03:00","date_finish":"2026-02-24T20:11:25+03:00","operating_reset_at":1771953683,"operating":7.9638049602508545}}
Статус: Успешно (Lead ID: 654621)
--------------------------------------------------

Время: 24.02.2026 20:29:48
Сервис: Робот+базы
From: Заявка из Робот+базы
Клиент: Array
(
    [name] => 
    [phone] => 79005723466
    [email] => 
)

Город: Калуга (ID: не найден)
RAW Input: {"call": {"phone": "79005723466", "answer": "1"}, "phone": "79005723466", "Comments": "\u0425\u043e\u0447\u0443 \u0441\u043f\u0438\u0441\u0430\u0442\u044c \u0434\u043e\u043b\u0433\u0438, \u0441\u0443\u043c\u043c\u0430 \u0434\u043e\u043b\u0433\u0430, \u043d\u0443\u0436\u043d\u0430 \u043a\u043e\u043d\u0441\u0443\u043b\u044c\u0442\u0430\u0446\u0438\u044f...", "Gorod": "\u041a\u0430\u043b\u0443\u0433\u0430", "utm_source": "yandex", "utm_medium": "cpc", "utm_campaign": "bankrotstvo_fizlic", "utm_content": "banner_300x250", "utm_term": "\u0441\u043f\u0438\u0441\u0430\u043d\u0438\u0435 \u0434\u043e\u043b\u0433\u043e\u0432 \u043a\u0430\u043b\u0443\u0433\u0430"}
POST: Array
(
)

Quiz/Комментарии: Array
(
)

Собранные комментарии (для лога): 
Call: 79005723466
Comments: Хочу списать долги, сумма долга, нужна консультация...
Город: Калуга

Отправка комментариев в Bitrix: ДА
Поля для Bitrix: Array
(
    [PHONE] => Array
        (
            [0] => Array
                (
                    [VALUE] => 79005723466
                    [VALUE_TYPE] => MOBILE
                )

        )

    [ASSIGNED_BY_ID] => 1
    [TITLE] => Новая заявка - 79005723466
    [OPENED] => Y
    [STATUS_ID] => NEW
    [SOURCE_ID] => 1091
    [COMMENTS] => <b>Call:</b> 79005723466<br><b>Comments:</b> Хочу списать долги, сумма долга, нужна консультация...<br><b>Город:</b> Калуга<br>
)

Bitrix Response: {"result":654625,"time":{"start":1771954188,"finish":1771954190.696467,"duration":2.6964669227600098,"processing":2,"date_start":"2026-02-24T20:29:48+03:00","date_finish":"2026-02-24T20:29:50+03:00","operating_reset_at":1771954788,"operating":3.9965851306915283}}
Статус: Успешно (Lead ID: 654625)
--------------------------------------------------

Время: 24.02.2026 20:56:49
Сервис: Робот+базы
From: Заявка из Робот+базы
Клиент: Array
(
    [name] => 
    [phone] => 79954416819
    [email] => 
)

Город: Калуга (ID: не найден)
RAW Input: {"call": {"phone": "79954416819", "answer": "1"}, "phone": "79954416819", "Comments": "\u0425\u043e\u0447\u0443 \u0441\u043f\u0438\u0441\u0430\u0442\u044c \u0434\u043e\u043b\u0433\u0438, \u0441\u0443\u043c\u043c\u0430 \u0434\u043e\u043b\u0433\u0430, \u043d\u0443\u0436\u043d\u0430 \u043a\u043e\u043d\u0441\u0443\u043b\u044c\u0442\u0430\u0446\u0438\u044f...", "Gorod": "\u041a\u0430\u043b\u0443\u0433\u0430", "utm_source": "yandex", "utm_medium": "cpc", "utm_campaign": "bankrotstvo_fizlic", "utm_content": "banner_300x250", "utm_term": "\u0441\u043f\u0438\u0441\u0430\u043d\u0438\u0435 \u0434\u043e\u043b\u0433\u043e\u0432 \u043a\u0430\u043b\u0443\u0433\u0430"}
POST: Array
(
)

Quiz/Комментарии: Array
(
)

Собранные комментарии (для лога): 
Call: 79954416819
Comments: Хочу списать долги, сумма долга, нужна консультация...
Город: Калуга

Отправка комментариев в Bitrix: ДА
Поля для Bitrix: Array
(
    [PHONE] => Array
        (
            [0] => Array
                (
                    [VALUE] => 79954416819
                    [VALUE_TYPE] => MOBILE
                )

        )

    [ASSIGNED_BY_ID] => 1
    [TITLE] => Новая заявка - 79954416819
    [OPENED] => Y
    [STATUS_ID] => NEW
    [SOURCE_ID] => 1091
    [COMMENTS] => <b>Call:</b> 79954416819<br><b>Comments:</b> Хочу списать долги, сумма долга, нужна консультация...<br><b>Город:</b> Калуга<br>
)

Bitrix Response: {"result":654627,"time":{"start":1771955809,"finish":1771955811.973125,"duration":2.9731249809265137,"processing":2,"date_start":"2026-02-24T20:56:49+03:00","date_finish":"2026-02-24T20:56:51+03:00","operating_reset_at":1771956409,"operating":2.0084760189056396}}
Статус: Успешно (Lead ID: 654627)
--------------------------------------------------

Время: 26.02.2026 13:09:09
Сервис: Робот+базы
From: Заявка из Робот+базы
Клиент: Array
(
    [name] => 
    [phone] => 79105223127
    [email] => 
)

Город: Калуга (ID: не найден)
RAW Input: {"call": {"phone": "79105223127", "answer": "1"}, "phone": "79105223127", "Comments": "\u0425\u043e\u0447\u0443 \u0441\u043f\u0438\u0441\u0430\u0442\u044c \u0434\u043e\u043b\u0433\u0438, \u0441\u0443\u043c\u043c\u0430 \u0434\u043e\u043b\u0433\u0430, \u043d\u0443\u0436\u043d\u0430 \u043a\u043e\u043d\u0441\u0443\u043b\u044c\u0442\u0430\u0446\u0438\u044f...", "Gorod": "\u041a\u0430\u043b\u0443\u0433\u0430", "utm_source": "yandex", "utm_medium": "cpc", "utm_campaign": "bankrotstvo_fizlic", "utm_content": "banner_300x250", "utm_term": "\u0441\u043f\u0438\u0441\u0430\u043d\u0438\u0435 \u0434\u043e\u043b\u0433\u043e\u0432 \u043a\u0430\u043b\u0443\u0433\u0430"}
POST: Array
(
)

Quiz/Комментарии: Array
(
)

Собранные комментарии (для лога): 
Call: 79105223127
Comments: Хочу списать долги, сумма долга, нужна консультация...
Город: Калуга

Отправка комментариев в Bitrix: ДА
Поля для Bitrix: Array
(
    [PHONE] => Array
        (
            [0] => Array
                (
                    [VALUE] => 79105223127
                    [VALUE_TYPE] => MOBILE
                )

        )

    [ASSIGNED_BY_ID] => 1
    [TITLE] => Новая заявка - 79105223127
    [OPENED] => Y
    [STATUS_ID] => NEW
    [SOURCE_ID] => 1091
    [COMMENTS] => <b>Call:</b> 79105223127<br><b>Comments:</b> Хочу списать долги, сумма долга, нужна консультация...<br><b>Город:</b> Калуга<br>
)

Bitrix Response: {"result":655851,"time":{"start":1772100549,"finish":1772100552.323688,"duration":3.32368803024292,"processing":3,"date_start":"2026-02-26T13:09:09+03:00","date_finish":"2026-02-26T13:09:12+03:00","operating_reset_at":1772101149,"operating":11.799580097198486}}
Статус: Успешно (Lead ID: 655851)
--------------------------------------------------

Время: 26.02.2026 13:29:27
Сервис: Робот+базы
From: Заявка из Робот+базы
Клиент: Array
(
    [name] => 
    [phone] => 79029323236
    [email] => 
)

Город: Калуга (ID: не найден)
RAW Input: {"call": {"phone": "79029323236", "answer": "1"}, "phone": "79029323236", "Comments": "\u0425\u043e\u0447\u0443 \u0441\u043f\u0438\u0441\u0430\u0442\u044c \u0434\u043e\u043b\u0433\u0438, \u0441\u0443\u043c\u043c\u0430 \u0434\u043e\u043b\u0433\u0430, \u043d\u0443\u0436\u043d\u0430 \u043a\u043e\u043d\u0441\u0443\u043b\u044c\u0442\u0430\u0446\u0438\u044f...", "Gorod": "\u041a\u0430\u043b\u0443\u0433\u0430", "utm_source": "yandex", "utm_medium": "cpc", "utm_campaign": "bankrotstvo_fizlic", "utm_content": "banner_300x250", "utm_term": "\u0441\u043f\u0438\u0441\u0430\u043d\u0438\u0435 \u0434\u043e\u043b\u0433\u043e\u0432 \u043a\u0430\u043b\u0443\u0433\u0430"}
POST: Array
(
)

Quiz/Комментарии: Array
(
)

Собранные комментарии (для лога): 
Call: 79029323236
Comments: Хочу списать долги, сумма долга, нужна консультация...
Город: Калуга

Отправка комментариев в Bitrix: ДА
Поля для Bitrix: Array
(
    [PHONE] => Array
        (
            [0] => Array
                (
                    [VALUE] => 79029323236
                    [VALUE_TYPE] => MOBILE
                )

        )

    [ASSIGNED_BY_ID] => 1
    [TITLE] => Новая заявка - 79029323236
    [OPENED] => Y
    [STATUS_ID] => NEW
    [SOURCE_ID] => 1091
    [COMMENTS] => <b>Call:</b> 79029323236<br><b>Comments:</b> Хочу списать долги, сумма долга, нужна консультация...<br><b>Город:</b> Калуга<br>
)

Bitrix Response: {"result":655883,"time":{"start":1772101767,"finish":1772101770.444804,"duration":3.4448039531707764,"processing":3,"date_start":"2026-02-26T13:29:27+03:00","date_finish":"2026-02-26T13:29:30+03:00","operating_reset_at":1772102367,"operating":10.333042860031128}}
Статус: Успешно (Lead ID: 655883)
--------------------------------------------------

