Время: 20.02.2026 09:59:32
Сервис: КЦ
From: Заявка из КЦ
Клиент: Array
(
    [name] => Ольга
    [phone] => 79029307999
    [email] => 
)

Город: не определён (ID: не найден)
RAW Input: {"id":461929,"name":"Ольга","email":"","phone":"79029307999","region":"Калужская обл","city":"","comments":"sum: 1000000\u003cbr\u003eipoteka: \u003cbr\u003ezalog: \u003cbr\u003eКомментарий: \u003cbr\u003eПерезвонить: \u003cbr\u003eДополнительная информация : \u003cbr\u003e","params":{"sum":1000000},"date":"20.02.2026 09:59"}
POST: Array
(
)

Quiz/Комментарии: Array
(
)

Собранные комментарии (для лога): 
Id: 461929
Comments: sum: 1000000&lt;br&gt;ipoteka: &lt;br&gt;zalog: &lt;br&gt;Комментарий: &lt;br&gt;Перезвонить: &lt;br&gt;Дополнительная информация : &lt;br&gt;
Params: 1000000
Date: 20.02.2026 09:59

Отправка комментариев в Bitrix: ДА
Поля для Bitrix: Array
(
    [NAME] => Ольга
    [PHONE] => Array
        (
            [0] => Array
                (
                    [VALUE] => 79029307999
                    [VALUE_TYPE] => MOBILE
                )

        )

    [ASSIGNED_BY_ID] => 1
    [TITLE] => Новая заявка - 79029307999
    [OPENED] => Y
    [STATUS_ID] => NEW
    [SOURCE_ID] => 247
    [COMMENTS] => <b>Id:</b> 461929<br><b>Comments:</b> sum: 1000000&lt;br&gt;ipoteka: &lt;br&gt;zalog: &lt;br&gt;Комментарий: &lt;br&gt;Перезвонить: &lt;br&gt;Дополнительная информация : &lt;br&gt;<br><b>Params:</b> 1000000<br><b>Date:</b> 20.02.2026 09:59<br>
)

Bitrix Response: {"result":652549,"time":{"start":1771570772,"finish":1771570775.637047,"duration":3.637047052383423,"processing":3,"date_start":"2026-02-20T09:59:32+03:00","date_finish":"2026-02-20T09:59:35+03:00","operating_reset_at":1771571372,"operating":5.094182968139648}}
Статус: Успешно (Lead ID: 652549)
--------------------------------------------------

Время: 20.02.2026 10:29:45
Сервис: КЦ
From: Заявка из КЦ
Клиент: Array
(
    [name] => Мария
    [phone] => 79641403443
    [email] => 
)

Город: Калужская обл. (ID: не найден)
RAW Input: {"id":461936,"name":"Мария","email":"","phone":"79641403443","region":"Калужская обл.","city":"Калужская обл.","comments":"sum: 300000\u003cbr\u003eipoteka: \u003cbr\u003ezalog: \u003cbr\u003eКомментарий: \u003cbr\u003eПерезвонить: \u003cbr\u003eДополнительная информация : \u003cbr\u003e","params":{"sum":300000},"date":"20.02.2026 10:29"}
POST: Array
(
)

Quiz/Комментарии: Array
(
)

Собранные комментарии (для лога): 
Id: 461936
Comments: sum: 300000&lt;br&gt;ipoteka: &lt;br&gt;zalog: &lt;br&gt;Комментарий: &lt;br&gt;Перезвонить: &lt;br&gt;Дополнительная информация : &lt;br&gt;
Params: 300000
Date: 20.02.2026 10:29
Город: Калужская обл.

Отправка комментариев в Bitrix: ДА
Поля для Bitrix: Array
(
    [NAME] => Мария
    [PHONE] => Array
        (
            [0] => Array
                (
                    [VALUE] => 79641403443
                    [VALUE_TYPE] => MOBILE
                )

        )

    [ASSIGNED_BY_ID] => 1
    [TITLE] => Новая заявка - 79641403443
    [OPENED] => Y
    [STATUS_ID] => NEW
    [SOURCE_ID] => 247
    [COMMENTS] => <b>Id:</b> 461936<br><b>Comments:</b> sum: 300000&lt;br&gt;ipoteka: &lt;br&gt;zalog: &lt;br&gt;Комментарий: &lt;br&gt;Перезвонить: &lt;br&gt;Дополнительная информация : &lt;br&gt;<br><b>Params:</b> 300000<br><b>Date:</b> 20.02.2026 10:29<br><b>Город:</b> Калужская обл.<br>
)

Bitrix Response: {"result":652593,"time":{"start":1771572585,"finish":1771572588.468895,"duration":3.4688949584960938,"processing":3,"date_start":"2026-02-20T10:29:45+03:00","date_finish":"2026-02-20T10:29:48+03:00","operating_reset_at":1771573185,"operating":15.106237173080444}}
Статус: Успешно (Lead ID: 652593)
--------------------------------------------------

Время: 24.02.2026 09:53:38
Сервис: КЦ
From: Заявка из КЦ
Клиент: Array
(
    [name] => Андрей
    [phone] => 79208804661
    [email] => 
)

Город: не определён (ID: не найден)
RAW Input: {"id":462397,"name":"Андрей","email":"","phone":"79208804661","region":"Калужская обл","city":"","comments":"sum: 300000\u003cbr\u003eipoteka: \u003cbr\u003ezalog: \u003cbr\u003eКомментарий: \u003cbr\u003eПерезвонить: \u003cbr\u003eДополнительная информация : \u003cbr\u003e","params":{"sum":300000},"date":"24.02.2026 09:53"}
POST: Array
(
)

Quiz/Комментарии: Array
(
)

Собранные комментарии (для лога): 
Id: 462397
Comments: sum: 300000&lt;br&gt;ipoteka: &lt;br&gt;zalog: &lt;br&gt;Комментарий: &lt;br&gt;Перезвонить: &lt;br&gt;Дополнительная информация : &lt;br&gt;
Params: 300000
Date: 24.02.2026 09:53

Отправка комментариев в Bitrix: ДА
Поля для Bitrix: Array
(
    [NAME] => Андрей
    [PHONE] => Array
        (
            [0] => Array
                (
                    [VALUE] => 79208804661
                    [VALUE_TYPE] => MOBILE
                )

        )

    [ASSIGNED_BY_ID] => 1
    [TITLE] => Новая заявка - 79208804661
    [OPENED] => Y
    [STATUS_ID] => NEW
    [SOURCE_ID] => 247
    [COMMENTS] => <b>Id:</b> 462397<br><b>Comments:</b> sum: 300000&lt;br&gt;ipoteka: &lt;br&gt;zalog: &lt;br&gt;Комментарий: &lt;br&gt;Перезвонить: &lt;br&gt;Дополнительная информация : &lt;br&gt;<br><b>Params:</b> 300000<br><b>Date:</b> 24.02.2026 09:53<br>
)

Bitrix Response: {"result":653965,"time":{"start":1771916018,"finish":1771916021.146822,"duration":3.146821975708008,"processing":3,"date_start":"2026-02-24T09:53:38+03:00","date_finish":"2026-02-24T09:53:41+03:00","operating_reset_at":1771916618,"operating":6.985148191452026}}
Статус: Успешно (Lead ID: 653965)
--------------------------------------------------

Время: 24.02.2026 10:20:14
Сервис: КЦ
From: Заявка из КЦ
Клиент: Array
(
    [name] => Ламия
    [phone] => 79533241728
    [email] => 
)

Город: Калуга (ID: не найден)
RAW Input: {"id":462376,"name":"Ламия","email":"","phone":"79533241728","region":"Калужская обл.","city":"Калуга","comments":"sum: 500000\u003cbr\u003eipoteka: да\u003cbr\u003ezalog: нет\u003cbr\u003eAge: 39\u003cbr\u003emale/female: Женский\u003cbr\u003eКомментарий: \u003cbr\u003eДополнительная информация : \u003cbr\u003eДоговор: Нет\u003cbr\u003e","params":{"Age":39,"ipoteka":"да","male/female":"Женский","sum":500000,"zalog":"нет"},"date":"24.02.2026 10:20"}
POST: Array
(
)

Quiz/Комментарии: Array
(
)

Собранные комментарии (для лога): 
Id: 462376
Comments: sum: 500000&lt;br&gt;ipoteka: да&lt;br&gt;zalog: нет&lt;br&gt;Age: 39&lt;br&gt;male/female: Женский&lt;br&gt;Комментарий: &lt;br&gt;Дополнительная информация : &lt;br&gt;Договор: Нет&lt;br&gt;
Params: 39
Date: 24.02.2026 10:20
Город: Калуга

Отправка комментариев в Bitrix: ДА
Поля для Bitrix: Array
(
    [NAME] => Ламия
    [PHONE] => Array
        (
            [0] => Array
                (
                    [VALUE] => 79533241728
                    [VALUE_TYPE] => MOBILE
                )

        )

    [ASSIGNED_BY_ID] => 1
    [TITLE] => Новая заявка - 79533241728
    [OPENED] => Y
    [STATUS_ID] => NEW
    [SOURCE_ID] => 247
    [COMMENTS] => <b>Id:</b> 462376<br><b>Comments:</b> sum: 500000&lt;br&gt;ipoteka: да&lt;br&gt;zalog: нет&lt;br&gt;Age: 39&lt;br&gt;male/female: Женский&lt;br&gt;Комментарий: &lt;br&gt;Дополнительная информация : &lt;br&gt;Договор: Нет&lt;br&gt;<br><b>Params:</b> 39<br><b>Date:</b> 24.02.2026 10:20<br><b>Город:</b> Калуга<br>
)

Bitrix Response: {"result":653985,"time":{"start":1771917615,"finish":1771917617.476231,"duration":2.476231098175049,"processing":2,"date_start":"2026-02-24T10:20:15+03:00","date_finish":"2026-02-24T10:20:17+03:00","operating_reset_at":1771918215,"operating":8.67998218536377}}
Статус: Успешно (Lead ID: 653985)
--------------------------------------------------

Время: 25.02.2026 09:27:45
Сервис: КЦ
From: Заявка из КЦ
Клиент: Array
(
    [name] => Максим
    [phone] => 79190339781
    [email] => 
)

Город: Калужская обл. (ID: не найден)
RAW Input: {"id":462498,"name":"Максим","email":"","phone":"79190339781","region":"Калужская обл.","city":"Калужская обл.","comments":"sum: 300000\u003cbr\u003eipoteka: \u003cbr\u003ezalog: \u003cbr\u003eКомментарий: \u003cbr\u003eПерезвонить: \u003cbr\u003eДополнительная информация : \u003cbr\u003e","params":{"sum":300000},"date":"25.02.2026 09:27"}
POST: Array
(
)

Quiz/Комментарии: Array
(
)

Собранные комментарии (для лога): 
Id: 462498
Comments: sum: 300000&lt;br&gt;ipoteka: &lt;br&gt;zalog: &lt;br&gt;Комментарий: &lt;br&gt;Перезвонить: &lt;br&gt;Дополнительная информация : &lt;br&gt;
Params: 300000
Date: 25.02.2026 09:27
Город: Калужская обл.

Отправка комментариев в Bitrix: ДА
Поля для Bitrix: Array
(
    [NAME] => Максим
    [PHONE] => Array
        (
            [0] => Array
                (
                    [VALUE] => 79190339781
                    [VALUE_TYPE] => MOBILE
                )

        )

    [ASSIGNED_BY_ID] => 1
    [TITLE] => Новая заявка - 79190339781
    [OPENED] => Y
    [STATUS_ID] => NEW
    [SOURCE_ID] => 247
    [COMMENTS] => <b>Id:</b> 462498<br><b>Comments:</b> sum: 300000&lt;br&gt;ipoteka: &lt;br&gt;zalog: &lt;br&gt;Комментарий: &lt;br&gt;Перезвонить: &lt;br&gt;Дополнительная информация : &lt;br&gt;<br><b>Params:</b> 300000<br><b>Date:</b> 25.02.2026 09:27<br><b>Город:</b> Калужская обл.<br>
)

Bitrix Response: {"result":654775,"time":{"start":1772000865,"finish":1772000868.135292,"duration":3.1352920532226562,"processing":3,"date_start":"2026-02-25T09:27:45+03:00","date_finish":"2026-02-25T09:27:48+03:00","operating_reset_at":1772001465,"operating":9.090094804763794}}
Статус: Успешно (Lead ID: 654775)
--------------------------------------------------

Время: 25.02.2026 09:55:14
Сервис: КЦ
From: Заявка из КЦ
Клиент: Array
(
    [name] => Егор
    [phone] => 79208956030
    [email] => 
)

Город: не определён (ID: не найден)
RAW Input: {"id":462499,"name":"Егор","email":"","phone":"79208956030","region":"Калужская обл","city":"","comments":"sum: 500000\u003cbr\u003eipoteka: \u003cbr\u003ezalog: \u003cbr\u003eКомментарий: \u003cbr\u003eПерезвонить: \u003cbr\u003eДополнительная информация : \u003cbr\u003e","params":{"sum":500000},"date":"25.02.2026 09:55"}
POST: Array
(
)

Quiz/Комментарии: Array
(
)

Собранные комментарии (для лога): 
Id: 462499
Comments: sum: 500000&lt;br&gt;ipoteka: &lt;br&gt;zalog: &lt;br&gt;Комментарий: &lt;br&gt;Перезвонить: &lt;br&gt;Дополнительная информация : &lt;br&gt;
Params: 500000
Date: 25.02.2026 09:55

Отправка комментариев в Bitrix: ДА
Поля для Bitrix: Array
(
    [NAME] => Егор
    [PHONE] => Array
        (
            [0] => Array
                (
                    [VALUE] => 79208956030
                    [VALUE_TYPE] => MOBILE
                )

        )

    [ASSIGNED_BY_ID] => 1
    [TITLE] => Новая заявка - 79208956030
    [OPENED] => Y
    [STATUS_ID] => NEW
    [SOURCE_ID] => 247
    [COMMENTS] => <b>Id:</b> 462499<br><b>Comments:</b> sum: 500000&lt;br&gt;ipoteka: &lt;br&gt;zalog: &lt;br&gt;Комментарий: &lt;br&gt;Перезвонить: &lt;br&gt;Дополнительная информация : &lt;br&gt;<br><b>Params:</b> 500000<br><b>Date:</b> 25.02.2026 09:55<br>
)

Bitrix Response: {"result":654791,"time":{"start":1772002514,"finish":1772002517.455859,"duration":3.4558589458465576,"processing":3,"date_start":"2026-02-25T09:55:14+03:00","date_finish":"2026-02-25T09:55:17+03:00","operating_reset_at":1772003114,"operating":4.615871906280518}}
Статус: Успешно (Lead ID: 654791)
--------------------------------------------------

Время: 26.02.2026 09:15:03
Сервис: КЦ
From: Заявка из КЦ
Клиент: Array
(
    [name] => Юлия
    [phone] => 79533239792
    [email] => 
)

Город: Калужская обл. (ID: не найден)
RAW Input: {"id":462592,"name":"Юлия","email":"","phone":"79533239792","region":"Калужская обл.","city":"Калужская обл.","comments":"sum: 300000\u003cbr\u003eipoteka: \u003cbr\u003ezalog: \u003cbr\u003eКомментарий: \u003cbr\u003eПерезвонить: \u003cbr\u003eДополнительная информация : \u003cbr\u003e","params":{"sum":300000},"date":"26.02.2026 09:15"}
POST: Array
(
)

Quiz/Комментарии: Array
(
)

Собранные комментарии (для лога): 
Id: 462592
Comments: sum: 300000&lt;br&gt;ipoteka: &lt;br&gt;zalog: &lt;br&gt;Комментарий: &lt;br&gt;Перезвонить: &lt;br&gt;Дополнительная информация : &lt;br&gt;
Params: 300000
Date: 26.02.2026 09:15
Город: Калужская обл.

Отправка комментариев в Bitrix: ДА
Поля для Bitrix: Array
(
    [NAME] => Юлия
    [PHONE] => Array
        (
            [0] => Array
                (
                    [VALUE] => 79533239792
                    [VALUE_TYPE] => MOBILE
                )

        )

    [ASSIGNED_BY_ID] => 1
    [TITLE] => Новая заявка - 79533239792
    [OPENED] => Y
    [STATUS_ID] => NEW
    [SOURCE_ID] => 247
    [COMMENTS] => <b>Id:</b> 462592<br><b>Comments:</b> sum: 300000&lt;br&gt;ipoteka: &lt;br&gt;zalog: &lt;br&gt;Комментарий: &lt;br&gt;Перезвонить: &lt;br&gt;Дополнительная информация : &lt;br&gt;<br><b>Params:</b> 300000<br><b>Date:</b> 26.02.2026 09:15<br><b>Город:</b> Калужская обл.<br>
)

Bitrix Response: {"result":655581,"time":{"start":1772086503,"finish":1772086506.372955,"duration":3.372955083847046,"processing":3,"date_start":"2026-02-26T09:15:03+03:00","date_finish":"2026-02-26T09:15:06+03:00","operating_reset_at":1772087103,"operating":17.332735300064087}}
Статус: Успешно (Lead ID: 655581)
--------------------------------------------------

Время: 26.02.2026 09:25:14
Сервис: КЦ
From: Заявка из КЦ
Клиент: Array
(
    [name] => Екатерина
    [phone] => 79611258854
    [email] => 
)

Город: не определён (ID: не найден)
RAW Input: {"id":462593,"name":"Екатерина","email":"","phone":"79611258854","region":"Калужская обл","city":"","comments":"sum: 500000\u003cbr\u003eipoteka: \u003cbr\u003ezalog: \u003cbr\u003eКомментарий: \u003cbr\u003eПерезвонить: \u003cbr\u003eДополнительная информация : \u003cbr\u003e","params":{"sum":500000},"date":"26.02.2026 09:25"}
POST: Array
(
)

Quiz/Комментарии: Array
(
)

Собранные комментарии (для лога): 
Id: 462593
Comments: sum: 500000&lt;br&gt;ipoteka: &lt;br&gt;zalog: &lt;br&gt;Комментарий: &lt;br&gt;Перезвонить: &lt;br&gt;Дополнительная информация : &lt;br&gt;
Params: 500000
Date: 26.02.2026 09:25

Отправка комментариев в Bitrix: ДА
Поля для Bitrix: Array
(
    [NAME] => Екатерина
    [PHONE] => Array
        (
            [0] => Array
                (
                    [VALUE] => 79611258854
                    [VALUE_TYPE] => MOBILE
                )

        )

    [ASSIGNED_BY_ID] => 1
    [TITLE] => Новая заявка - 79611258854
    [OPENED] => Y
    [STATUS_ID] => NEW
    [SOURCE_ID] => 247
    [COMMENTS] => <b>Id:</b> 462593<br><b>Comments:</b> sum: 500000&lt;br&gt;ipoteka: &lt;br&gt;zalog: &lt;br&gt;Комментарий: &lt;br&gt;Перезвонить: &lt;br&gt;Дополнительная информация : &lt;br&gt;<br><b>Params:</b> 500000<br><b>Date:</b> 26.02.2026 09:25<br>
)

Bitrix Response: {"result":655589,"time":{"start":1772087114,"finish":1772087117.347818,"duration":3.347817897796631,"processing":3,"date_start":"2026-02-26T09:25:14+03:00","date_finish":"2026-02-26T09:25:17+03:00","operating_reset_at":1772087714,"operating":2.381424903869629}}
Статус: Успешно (Lead ID: 655589)
--------------------------------------------------

Время: 27.02.2026 09:58:40
Сервис: КЦ
From: Заявка из КЦ
Клиент: Array
(
    [name] => Давид
    [phone] => 79005808833
    [email] => 
)

Город: не определён (ID: не найден)
RAW Input: {"id":462807,"name":"Давид","email":"","phone":"79005808833","region":"Калужская обл","city":"","comments":"sum: 1000000\u003cbr\u003eipoteka: \u003cbr\u003ezalog: \u003cbr\u003eКомментарий: \u003cbr\u003eПерезвонить: \u003cbr\u003eДополнительная информация : \u003cbr\u003e","params":{"sum":1000000},"date":"27.02.2026 09:58"}
POST: Array
(
)

Quiz/Комментарии: Array
(
)

Собранные комментарии (для лога): 
Id: 462807
Comments: sum: 1000000&lt;br&gt;ipoteka: &lt;br&gt;zalog: &lt;br&gt;Комментарий: &lt;br&gt;Перезвонить: &lt;br&gt;Дополнительная информация : &lt;br&gt;
Params: 1000000
Date: 27.02.2026 09:58

Отправка комментариев в Bitrix: ДА
Поля для Bitrix: Array
(
    [NAME] => Давид
    [PHONE] => Array
        (
            [0] => Array
                (
                    [VALUE] => 79005808833
                    [VALUE_TYPE] => MOBILE
                )

        )

    [ASSIGNED_BY_ID] => 1
    [TITLE] => Новая заявка - 79005808833
    [OPENED] => Y
    [STATUS_ID] => NEW
    [SOURCE_ID] => 247
    [COMMENTS] => <b>Id:</b> 462807<br><b>Comments:</b> sum: 1000000&lt;br&gt;ipoteka: &lt;br&gt;zalog: &lt;br&gt;Комментарий: &lt;br&gt;Перезвонить: &lt;br&gt;Дополнительная информация : &lt;br&gt;<br><b>Params:</b> 1000000<br><b>Date:</b> 27.02.2026 09:58<br>
)

Bitrix Response: {"result":656419,"time":{"start":1772175520,"finish":1772175523.189747,"duration":3.1897470951080322,"processing":3,"date_start":"2026-02-27T09:58:40+03:00","date_finish":"2026-02-27T09:58:43+03:00","operating_reset_at":1772176120,"operating":5.08743691444397}}
Статус: Успешно (Lead ID: 656419)
--------------------------------------------------

