Время: 25.02.2026 12:33:22
Сервис: КЦ
From: Заявка из КЦ
Клиент: Array
(
    [name] => ТЕСТ
    [phone] => 79110000127
    [email] => 
)

Город: не определён (ID: не найден)
RAW Input: {"lead_name":"\u041b\u0438\u0434 \u041a\u0426 \u041c\u0438\u0440 \u0431\u0435\u0437 \u0434\u043e\u043b\u0433\u043e\u0432","name":"\u0422\u0415\u0421\u0422","phone":"79110000127","phones":["79110000127"],"comment":"[p]\n\u0418\u043c\u044f: \u0422\u0415\u0421\u0422\n\u0418\u043f\u043e\u0442\u0435\u043a\u0430: \u043d\u0435\u0442\n\u0410\u0432\u0442\u043e\u043a\u0440\u0435\u0434\u0438\u0442: \u043d\u0435\u0442\n\u0413\u043e\u0442\u043e\u0432 \u043f\u043e\u0442\u0435\u0440\u044f\u0442\u044c \u0437\u0430\u043b\u043e\u0433\u043e\u0432\u043e\u0435 \u0438\u043c\u0443\u0449\u0435\u0441\u0442\u0432\u043e? \n\u0421\u0443\u043c\u043c\u0430 \u0434\u043e\u043b\u0433\u0430: \u0411\u043e\u043b\u0435\u0435 300.000. \n\u0413\u043e\u0440\u043e\u0434: \u0422\u0415\u0421\u0422\n\u0420\u0435\u0433\u0438\u043e\u043d: \u041a\u0430\u043b\u0443\u0436\u0441\u043a\u0430\u044f \u043e\u0431\u043b\u0430\u0441\u0442\u044c\n\u0422\u043e\u0447\u043d\u0430\u044f \u0441\u0443\u043c\u043c\u0430 \u0434\u043e\u043b\u0433\u04
POST: Array
(
)

Quiz/Комментарии: Array
(
)

Собранные комментарии (для лога): 
Lead_name: Лид КЦ Мир без долгов
Phones: 79110000127
Comment: [p]
Имя: ТЕСТ
Ипотека: нет
Автокредит: нет
Готов потерять залоговое имущество? 
Сумма долга: Более 300.000. 
Город: ТЕСТ
Регион: Калужская область
Точная сумма долга: 2 000 000
Ссылка на запись звонка: 
Источник: БФЛ КЦ. 
Имя сотрудника: Вероника
[/p]. &lt;br/&gt;Имя сотрудника: Вероника.

Отправка комментариев в Bitrix: ДА
Поля для Bitrix: Array
(
    [NAME] => ТЕСТ
    [PHONE] => Array
        (
            [0] => Array
                (
                    [VALUE] => 79110000127
                    [VALUE_TYPE] => MOBILE
                )

        )

    [ASSIGNED_BY_ID] => 1
    [TITLE] => Новая заявка - 79110000127
    [OPENED] => Y
    [STATUS_ID] => NEW
    [SOURCE_ID] => 825
    [COMMENTS] => <b>Lead_name:</b> Лид КЦ Мир без долгов<br><b>Phones:</b> 79110000127<br><b>Comment:</b> [p]
Имя: ТЕСТ
Ипотека: нет
Автокредит: нет
Готов потерять залоговое имущество? 
Сумма долга: Более 300.000. 
Город: ТЕСТ
Регион: Калужская область
Точная сумма долга: 2 000 000
Ссылка на запись звонка: 
Источник: БФЛ КЦ. 
Имя сотрудника: Вероника
[/p]. &lt;br/&gt;Имя сотрудника: Вероника.<br>
)

Bitrix Response: {"result":654965,"time":{"start":1772012002,"finish":1772012004.738678,"duration":2.738677978515625,"processing":2,"date_start":"2026-02-25T12:33:22+03:00","date_finish":"2026-02-25T12:33:24+03:00","operating_reset_at":1772012602,"operating":26.89689350128174}}
Статус: Успешно (Lead ID: 654965)
--------------------------------------------------

Время: 25.02.2026 13:34:06
Сервис: КЦ
From: Заявка из КЦ
Клиент: Array
(
    [name] => ТЕСТ
    [phone] => 79110000127
    [email] => 
)

Город: не определён (ID: не найден)
RAW Input: {"lead_name":"\u041b\u0438\u0434 \u041a\u0426 \u041c\u0438\u0440 \u0431\u0435\u0437 \u0434\u043e\u043b\u0433\u043e\u0432","name":"\u0422\u0415\u0421\u0422","phone":"79110000127","phones":["79110000127"],"comment":"[p]\n\u0418\u043c\u044f: \u0422\u0415\u0421\u0422\n\u0418\u043f\u043e\u0442\u0435\u043a\u0430: \u043d\u0435\u0442\n\u0410\u0432\u0442\u043e\u043a\u0440\u0435\u0434\u0438\u0442: \u043d\u0435\u0442\n\u0413\u043e\u0442\u043e\u0432 \u043f\u043e\u0442\u0435\u0440\u044f\u0442\u044c \u0437\u0430\u043b\u043e\u0433\u043e\u0432\u043e\u0435 \u0438\u043c\u0443\u0449\u0435\u0441\u0442\u0432\u043e? \n\u0421\u0443\u043c\u043c\u0430 \u0434\u043e\u043b\u0433\u0430: \u0411\u043e\u043b\u0435\u0435 300.000. \n\u0413\u043e\u0440\u043e\u0434: \u0422\u0415\u0421\u0422\n\u0420\u0435\u0433\u0438\u043e\u043d: \u041a\u0430\u043b\u0443\u0436\u0441\u043a\u0430\u044f \u043e\u0431\u043b\u0430\u0441\u0442\u044c\n\u0422\u043e\u0447\u043d\u0430\u044f \u0441\u0443\u043c\u043c\u0430 \u0434\u043e\u043b\u0433\u04
POST: Array
(
)

Quiz/Комментарии: Array
(
)

Собранные комментарии (для лога): 
Lead_name: Лид КЦ Мир без долгов
Phones: 79110000127
Comment: [p]
Имя: ТЕСТ
Ипотека: нет
Автокредит: нет
Готов потерять залоговое имущество? 
Сумма долга: Более 300.000. 
Город: ТЕСТ
Регион: Калужская область
Точная сумма долга: 2 000 000
Ссылка на запись звонка: 
Источник: БФЛ КЦ. 
Имя сотрудника: Вероника
[/p]. 
Имя сотрудника: Вероника.. &lt;br/&gt;Имя сотрудника: Вероника.

Отправка комментариев в Bitrix: ДА
Поля для Bitrix: Array
(
    [NAME] => ТЕСТ
    [PHONE] => Array
        (
            [0] => Array
                (
                    [VALUE] => 79110000127
                    [VALUE_TYPE] => MOBILE
                )

        )

    [ASSIGNED_BY_ID] => 1
    [TITLE] => Новая заявка - 79110000127
    [OPENED] => Y
    [STATUS_ID] => NEW
    [SOURCE_ID] => 825
    [COMMENTS] => <b>Lead_name:</b> Лид КЦ Мир без долгов<br><b>Phones:</b> 79110000127<br><b>Comment:</b> [p]
Имя: ТЕСТ
Ипотека: нет
Автокредит: нет
Готов потерять залоговое имущество? 
Сумма долга: Более 300.000. 
Город: ТЕСТ
Регион: Калужская область
Точная сумма долга: 2 000 000
Ссылка на запись звонка: 
Источник: БФЛ КЦ. 
Имя сотрудника: Вероника
[/p]. 
Имя сотрудника: Вероника.. &lt;br/&gt;Имя сотрудника: Вероника.<br>
)

Bitrix Response: {"result":655039,"time":{"start":1772015646,"finish":1772015650.508654,"duration":4.5086541175842285,"processing":4,"date_start":"2026-02-25T13:34:06+03:00","date_finish":"2026-02-25T13:34:10+03:00","operating_reset_at":1772016246,"operating":10.850936889648438}}
Статус: Успешно (Lead ID: 655039)
--------------------------------------------------

Время: 25.02.2026 14:35:06
Сервис: КЦ
From: Заявка из КЦ
Клиент: Array
(
    [name] => ТЕСТ
    [phone] => 79110000127
    [email] => 
)

Город: не определён (ID: не найден)
RAW Input: {"lead_name":"\u041b\u0438\u0434 \u041a\u0426 \u041c\u0438\u0440 \u0431\u0435\u0437 \u0434\u043e\u043b\u0433\u043e\u0432","name":"\u0422\u0415\u0421\u0422","phone":"79110000127","phones":["79110000127"],"comment":"[p]\n\u0418\u043c\u044f: \u0422\u0415\u0421\u0422\n\u0418\u043f\u043e\u0442\u0435\u043a\u0430: \u043d\u0435\u0442\n\u0410\u0432\u0442\u043e\u043a\u0440\u0435\u0434\u0438\u0442: \u043d\u0435\u0442\n\u0413\u043e\u0442\u043e\u0432 \u043f\u043e\u0442\u0435\u0440\u044f\u0442\u044c \u0437\u0430\u043b\u043e\u0433\u043e\u0432\u043e\u0435 \u0438\u043c\u0443\u0449\u0435\u0441\u0442\u0432\u043e? \n\u0421\u0443\u043c\u043c\u0430 \u0434\u043e\u043b\u0433\u0430: \u0411\u043e\u043b\u0435\u0435 300.000. \n\u0413\u043e\u0440\u043e\u0434: \u0422\u0415\u0421\u0422\n\u0420\u0435\u0433\u0438\u043e\u043d: \u041a\u0430\u043b\u0443\u0436\u0441\u043a\u0430\u044f \u043e\u0431\u043b\u0430\u0441\u0442\u044c\n\u0422\u043e\u0447\u043d\u0430\u044f \u0441\u0443\u043c\u043c\u0430 \u0434\u043e\u043b\u0433\u04
POST: Array
(
)

Quiz/Комментарии: Array
(
)

Собранные комментарии (для лога): 
Lead_name: Лид КЦ Мир без долгов
Phones: 79110000127
Comment: [p]
Имя: ТЕСТ
Ипотека: нет
Автокредит: нет
Готов потерять залоговое имущество? 
Сумма долга: Более 300.000. 
Город: ТЕСТ
Регион: Калужская область
Точная сумма долга: 2 000 000
Ссылка на запись звонка: 
Источник: БФЛ КЦ. 
Имя сотрудника: Вероника
[/p]. 
Имя сотрудника: Вероника.. 
Имя сотрудника: Вероника.. &lt;br/&gt;Имя сотрудника: Вероника.

Отправка комментариев в Bitrix: ДА
Поля для Bitrix: Array
(
    [NAME] => ТЕСТ
    [PHONE] => Array
        (
            [0] => Array
                (
                    [VALUE] => 79110000127
                    [VALUE_TYPE] => MOBILE
                )

        )

    [ASSIGNED_BY_ID] => 1
    [TITLE] => Новая заявка - 79110000127
    [OPENED] => Y
    [STATUS_ID] => NEW
    [SOURCE_ID] => 825
    [COMMENTS] => <b>Lead_name:</b> Лид КЦ Мир без долгов<br><b>Phones:</b> 79110000127<br><b>Comment:</b> [p]
Имя: ТЕСТ
Ипотека: нет
Автокредит: нет
Готов потерять залоговое имущество? 
Сумма долга: Более 300.000. 
Город: ТЕСТ
Регион: Калужская область
Точная сумма долга: 2 000 000
Ссылка на запись звонка: 
Источник: БФЛ КЦ. 
Имя сотрудника: Вероника
[/p]. 
Имя сотрудника: Вероника.. 
Имя сотрудника: Вероника.. &lt;br/&gt;Имя сотрудника: Вероника.<br>
)

Bitrix Response: {"result":655119,"time":{"start":1772019306,"finish":1772019309.759454,"duration":3.7594540119171143,"processing":2,"date_start":"2026-02-25T14:35:06+03:00","date_finish":"2026-02-25T14:35:09+03:00","operating_reset_at":1772019907,"operating":7.9083380699157715}}
Статус: Успешно (Lead ID: 655119)
--------------------------------------------------

Время: 25.02.2026 15:36:03
Сервис: КЦ
From: Заявка из КЦ
Клиент: Array
(
    [name] => ТЕСТ
    [phone] => 79110000127
    [email] => 
)

Город: не определён (ID: не найден)
RAW Input: {"lead_name":"\u041b\u0438\u0434 \u041a\u0426 \u041c\u0438\u0440 \u0431\u0435\u0437 \u0434\u043e\u043b\u0433\u043e\u0432","name":"\u0422\u0415\u0421\u0422","phone":"79110000127","phones":["79110000127"],"comment":"[p]\n\u0418\u043c\u044f: \u0422\u0415\u0421\u0422\n\u0418\u043f\u043e\u0442\u0435\u043a\u0430: \u043d\u0435\u0442\n\u0410\u0432\u0442\u043e\u043a\u0440\u0435\u0434\u0438\u0442: \u043d\u0435\u0442\n\u0413\u043e\u0442\u043e\u0432 \u043f\u043e\u0442\u0435\u0440\u044f\u0442\u044c \u0437\u0430\u043b\u043e\u0433\u043e\u0432\u043e\u0435 \u0438\u043c\u0443\u0449\u0435\u0441\u0442\u0432\u043e? \n\u0421\u0443\u043c\u043c\u0430 \u0434\u043e\u043b\u0433\u0430: \u0411\u043e\u043b\u0435\u0435 300.000. \n\u0413\u043e\u0440\u043e\u0434: \u0422\u0415\u0421\u0422\n\u0420\u0435\u0433\u0438\u043e\u043d: \u041a\u0430\u043b\u0443\u0436\u0441\u043a\u0430\u044f \u043e\u0431\u043b\u0430\u0441\u0442\u044c\n\u0422\u043e\u0447\u043d\u0430\u044f \u0441\u0443\u043c\u043c\u0430 \u0434\u043e\u043b\u0433\u04
POST: Array
(
)

Quiz/Комментарии: Array
(
)

Собранные комментарии (для лога): 
Lead_name: Лид КЦ Мир без долгов
Phones: 79110000127
Comment: [p]
Имя: ТЕСТ
Ипотека: нет
Автокредит: нет
Готов потерять залоговое имущество? 
Сумма долга: Более 300.000. 
Город: ТЕСТ
Регион: Калужская область
Точная сумма долга: 2 000 000
Ссылка на запись звонка: 
Источник: БФЛ КЦ. 
Имя сотрудника: Вероника
[/p]. 
Имя сотрудника: Вероника.. 
Имя сотрудника: Вероника.. 
Имя сотрудника: Вероника.. &lt;br/&gt;Имя сотрудника: Вероника.

Отправка комментариев в Bitrix: ДА
Поля для Bitrix: Array
(
    [NAME] => ТЕСТ
    [PHONE] => Array
        (
            [0] => Array
                (
                    [VALUE] => 79110000127
                    [VALUE_TYPE] => MOBILE
                )

        )

    [ASSIGNED_BY_ID] => 1
    [TITLE] => Новая заявка - 79110000127
    [OPENED] => Y
    [STATUS_ID] => NEW
    [SOURCE_ID] => 825
    [COMMENTS] => <b>Lead_name:</b> Лид КЦ Мир без долгов<br><b>Phones:</b> 79110000127<br><b>Comment:</b> [p]
Имя: ТЕСТ
Ипотека: нет
Автокредит: нет
Готов потерять залоговое имущество? 
Сумма долга: Более 300.000. 
Город: ТЕСТ
Регион: Калужская область
Точная сумма долга: 2 000 000
Ссылка на запись звонка: 
Источник: БФЛ КЦ. 
Имя сотрудника: Вероника
[/p]. 
Имя сотрудника: Вероника.. 
Имя сотрудника: Вероника.. 
Имя сотрудника: Вероника.. &lt;br/&gt;Имя сотрудника: Вероника.<br>
)

Bitrix Response: {"result":655221,"time":{"start":1772022963,"finish":1772022966.303082,"duration":3.30308198928833,"processing":3,"date_start":"2026-02-25T15:36:03+03:00","date_finish":"2026-02-25T15:36:06+03:00","operating_reset_at":1772023563,"operating":10.590169668197632}}
Статус: Успешно (Lead ID: 655221)
--------------------------------------------------

Время: 25.02.2026 16:37:03
Сервис: КЦ
From: Заявка из КЦ
Клиент: Array
(
    [name] => ТЕСТ
    [phone] => 79110000127
    [email] => 
)

Город: не определён (ID: не найден)
RAW Input: {"lead_name":"\u041b\u0438\u0434 \u041a\u0426 \u041c\u0438\u0440 \u0431\u0435\u0437 \u0434\u043e\u043b\u0433\u043e\u0432","name":"\u0422\u0415\u0421\u0422","phone":"79110000127","phones":["79110000127"],"comment":"[p]\n\u0418\u043c\u044f: \u0422\u0415\u0421\u0422\n\u0418\u043f\u043e\u0442\u0435\u043a\u0430: \u043d\u0435\u0442\n\u0410\u0432\u0442\u043e\u043a\u0440\u0435\u0434\u0438\u0442: \u043d\u0435\u0442\n\u0413\u043e\u0442\u043e\u0432 \u043f\u043e\u0442\u0435\u0440\u044f\u0442\u044c \u0437\u0430\u043b\u043e\u0433\u043e\u0432\u043e\u0435 \u0438\u043c\u0443\u0449\u0435\u0441\u0442\u0432\u043e? \n\u0421\u0443\u043c\u043c\u0430 \u0434\u043e\u043b\u0433\u0430: \u0411\u043e\u043b\u0435\u0435 300.000. \n\u0413\u043e\u0440\u043e\u0434: \u0422\u0415\u0421\u0422\n\u0420\u0435\u0433\u0438\u043e\u043d: \u041a\u0430\u043b\u0443\u0436\u0441\u043a\u0430\u044f \u043e\u0431\u043b\u0430\u0441\u0442\u044c\n\u0422\u043e\u0447\u043d\u0430\u044f \u0441\u0443\u043c\u043c\u0430 \u0434\u043e\u043b\u0433\u04
POST: Array
(
)

Quiz/Комментарии: Array
(
)

Собранные комментарии (для лога): 
Lead_name: Лид КЦ Мир без долгов
Phones: 79110000127
Comment: [p]
Имя: ТЕСТ
Ипотека: нет
Автокредит: нет
Готов потерять залоговое имущество? 
Сумма долга: Более 300.000. 
Город: ТЕСТ
Регион: Калужская область
Точная сумма долга: 2 000 000
Ссылка на запись звонка: 
Источник: БФЛ КЦ. 
Имя сотрудника: Вероника
[/p]. 
Имя сотрудника: Вероника.. 
Имя сотрудника: Вероника.. 
Имя сотрудника: Вероника.. 
Имя сотрудника: Вероника.. &lt;br/&gt;Имя сотрудника: Вероника.

Отправка комментариев в Bitrix: ДА
Поля для Bitrix: Array
(
    [NAME] => ТЕСТ
    [PHONE] => Array
        (
            [0] => Array
                (
                    [VALUE] => 79110000127
                    [VALUE_TYPE] => MOBILE
                )

        )

    [ASSIGNED_BY_ID] => 1
    [TITLE] => Новая заявка - 79110000127
    [OPENED] => Y
    [STATUS_ID] => NEW
    [SOURCE_ID] => 825
    [COMMENTS] => <b>Lead_name:</b> Лид КЦ Мир без долгов<br><b>Phones:</b> 79110000127<br><b>Comment:</b> [p]
Имя: ТЕСТ
Ипотека: нет
Автокредит: нет
Готов потерять залоговое имущество? 
Сумма долга: Более 300.000. 
Город: ТЕСТ
Регион: Калужская область
Точная сумма долга: 2 000 000
Ссылка на запись звонка: 
Источник: БФЛ КЦ. 
Имя сотрудника: Вероника
[/p]. 
Имя сотрудника: Вероника.. 
Имя сотрудника: Вероника.. 
Имя сотрудника: Вероника.. 
Имя сотрудника: Вероника.. &lt;br/&gt;Имя сотрудника: Вероника.<br>
)

Bitrix Response: {"result":655287,"time":{"start":1772026623,"finish":1772026626.003679,"duration":3.003679037094116,"processing":3,"date_start":"2026-02-25T16:37:03+03:00","date_finish":"2026-02-25T16:37:06+03:00","operating_reset_at":1772027223,"operating":5.123739719390869}}
Статус: Успешно (Lead ID: 655287)
--------------------------------------------------

Время: 25.02.2026 17:38:03
Сервис: КЦ
From: Заявка из КЦ
Клиент: Array
(
    [name] => ТЕСТ
    [phone] => 79110000127
    [email] => 
)

Город: не определён (ID: не найден)
RAW Input: {"lead_name":"\u041b\u0438\u0434 \u041a\u0426 \u041c\u0438\u0440 \u0431\u0435\u0437 \u0434\u043e\u043b\u0433\u043e\u0432","name":"\u0422\u0415\u0421\u0422","phone":"79110000127","phones":["79110000127"],"comment":"[p]\n\u0418\u043c\u044f: \u0422\u0415\u0421\u0422\n\u0418\u043f\u043e\u0442\u0435\u043a\u0430: \u043d\u0435\u0442\n\u0410\u0432\u0442\u043e\u043a\u0440\u0435\u0434\u0438\u0442: \u043d\u0435\u0442\n\u0413\u043e\u0442\u043e\u0432 \u043f\u043e\u0442\u0435\u0440\u044f\u0442\u044c \u0437\u0430\u043b\u043e\u0433\u043e\u0432\u043e\u0435 \u0438\u043c\u0443\u0449\u0435\u0441\u0442\u0432\u043e? \n\u0421\u0443\u043c\u043c\u0430 \u0434\u043e\u043b\u0433\u0430: \u0411\u043e\u043b\u0435\u0435 300.000. \n\u0413\u043e\u0440\u043e\u0434: \u0422\u0415\u0421\u0422\n\u0420\u0435\u0433\u0438\u043e\u043d: \u041a\u0430\u043b\u0443\u0436\u0441\u043a\u0430\u044f \u043e\u0431\u043b\u0430\u0441\u0442\u044c\n\u0422\u043e\u0447\u043d\u0430\u044f \u0441\u0443\u043c\u043c\u0430 \u0434\u043e\u043b\u0433\u04
POST: Array
(
)

Quiz/Комментарии: Array
(
)

Собранные комментарии (для лога): 
Lead_name: Лид КЦ Мир без долгов
Phones: 79110000127
Comment: [p]
Имя: ТЕСТ
Ипотека: нет
Автокредит: нет
Готов потерять залоговое имущество? 
Сумма долга: Более 300.000. 
Город: ТЕСТ
Регион: Калужская область
Точная сумма долга: 2 000 000
Ссылка на запись звонка: 
Источник: БФЛ КЦ. 
Имя сотрудника: Вероника
[/p]. 
Имя сотрудника: Вероника.. 
Имя сотрудника: Вероника.. 
Имя сотрудника: Вероника.. 
Имя сотрудника: Вероника.. 
Имя сотрудника: Вероника.. &lt;br/&gt;Имя сотрудника: Вероника.

Отправка комментариев в Bitrix: ДА
Поля для Bitrix: Array
(
    [NAME] => ТЕСТ
    [PHONE] => Array
        (
            [0] => Array
                (
                    [VALUE] => 79110000127
                    [VALUE_TYPE] => MOBILE
                )

        )

    [ASSIGNED_BY_ID] => 1
    [TITLE] => Новая заявка - 79110000127
    [OPENED] => Y
    [STATUS_ID] => NEW
    [SOURCE_ID] => 825
    [COMMENTS] => <b>Lead_name:</b> Лид КЦ Мир без долгов<br><b>Phones:</b> 79110000127<br><b>Comment:</b> [p]
Имя: ТЕСТ
Ипотека: нет
Автокредит: нет
Готов потерять залоговое имущество? 
Сумма долга: Более 300.000. 
Город: ТЕСТ
Регион: Калужская область
Точная сумма долга: 2 000 000
Ссылка на запись звонка: 
Источник: БФЛ КЦ. 
Имя сотрудника: Вероника
[/p]. 
Имя сотрудника: Вероника.. 
Имя сотрудника: Вероника.. 
Имя сотрудника: Вероника.. 
Имя сотрудника: Вероника.. 
Имя сотрудника: Вероника.. &lt;br/&gt;Имя сотрудника: Вероника.<br>
)

Bitrix Response: {"result":655391,"time":{"start":1772030283,"finish":1772030285.843882,"duration":2.8438820838928223,"processing":2,"date_start":"2026-02-25T17:38:03+03:00","date_finish":"2026-02-25T17:38:05+03:00","operating_reset_at":1772030883,"operating":21.55918002128601}}
Статус: Успешно (Lead ID: 655391)
--------------------------------------------------

Время: 25.02.2026 18:39:03
Сервис: КЦ
From: Заявка из КЦ
Клиент: Array
(
    [name] => ТЕСТ
    [phone] => 79110000127
    [email] => 
)

Город: не определён (ID: не найден)
RAW Input: {"lead_name":"\u041b\u0438\u0434 \u041a\u0426 \u041c\u0438\u0440 \u0431\u0435\u0437 \u0434\u043e\u043b\u0433\u043e\u0432","name":"\u0422\u0415\u0421\u0422","phone":"79110000127","phones":["79110000127"],"comment":"[p]\n\u0418\u043c\u044f: \u0422\u0415\u0421\u0422\n\u0418\u043f\u043e\u0442\u0435\u043a\u0430: \u043d\u0435\u0442\n\u0410\u0432\u0442\u043e\u043a\u0440\u0435\u0434\u0438\u0442: \u043d\u0435\u0442\n\u0413\u043e\u0442\u043e\u0432 \u043f\u043e\u0442\u0435\u0440\u044f\u0442\u044c \u0437\u0430\u043b\u043e\u0433\u043e\u0432\u043e\u0435 \u0438\u043c\u0443\u0449\u0435\u0441\u0442\u0432\u043e? \n\u0421\u0443\u043c\u043c\u0430 \u0434\u043e\u043b\u0433\u0430: \u0411\u043e\u043b\u0435\u0435 300.000. \n\u0413\u043e\u0440\u043e\u0434: \u0422\u0415\u0421\u0422\n\u0420\u0435\u0433\u0438\u043e\u043d: \u041a\u0430\u043b\u0443\u0436\u0441\u043a\u0430\u044f \u043e\u0431\u043b\u0430\u0441\u0442\u044c\n\u0422\u043e\u0447\u043d\u0430\u044f \u0441\u0443\u043c\u043c\u0430 \u0434\u043e\u043b\u0433\u04
POST: Array
(
)

Quiz/Комментарии: Array
(
)

Собранные комментарии (для лога): 
Lead_name: Лид КЦ Мир без долгов
Phones: 79110000127
Comment: [p]
Имя: ТЕСТ
Ипотека: нет
Автокредит: нет
Готов потерять залоговое имущество? 
Сумма долга: Более 300.000. 
Город: ТЕСТ
Регион: Калужская область
Точная сумма долга: 2 000 000
Ссылка на запись звонка: 
Источник: БФЛ КЦ. 
Имя сотрудника: Вероника
[/p]. 
Имя сотрудника: Вероника.. 
Имя сотрудника: Вероника.. 
Имя сотрудника: Вероника.. 
Имя сотрудника: Вероника.. 
Имя сотрудника: Вероника.. 
Имя сотрудника: Вероника.. &lt;br/&gt;Имя сотрудника: Вероника.

Отправка комментариев в Bitrix: ДА
Поля для Bitrix: Array
(
    [NAME] => ТЕСТ
    [PHONE] => Array
        (
            [0] => Array
                (
                    [VALUE] => 79110000127
                    [VALUE_TYPE] => MOBILE
                )

        )

    [ASSIGNED_BY_ID] => 1
    [TITLE] => Новая заявка - 79110000127
    [OPENED] => Y
    [STATUS_ID] => NEW
    [SOURCE_ID] => 825
    [COMMENTS] => <b>Lead_name:</b> Лид КЦ Мир без долгов<br><b>Phones:</b> 79110000127<br><b>Comment:</b> [p]
Имя: ТЕСТ
Ипотека: нет
Автокредит: нет
Готов потерять залоговое имущество? 
Сумма долга: Более 300.000. 
Город: ТЕСТ
Регион: Калужская область
Точная сумма долга: 2 000 000
Ссылка на запись звонка: 
Источник: БФЛ КЦ. 
Имя сотрудника: Вероника
[/p]. 
Имя сотрудника: Вероника.. 
Имя сотрудника: Вероника.. 
Имя сотрудника: Вероника.. 
Имя сотрудника: Вероника.. 
Имя сотрудника: Вероника.. 
Имя сотрудника: Вероника.. &lt;br/&gt;Имя сотрудника: Вероника.<br>
)

Bitrix Response: {"result":655435,"time":{"start":1772033943,"finish":1772033945.911776,"duration":2.911776065826416,"processing":2,"date_start":"2026-02-25T18:39:03+03:00","date_finish":"2026-02-25T18:39:05+03:00","operating_reset_at":1772034543,"operating":3.849942684173584}}
Статус: Успешно (Lead ID: 655435)
--------------------------------------------------

Время: 25.02.2026 19:40:04
Сервис: КЦ
From: Заявка из КЦ
Клиент: Array
(
    [name] => ТЕСТ
    [phone] => 79110000127
    [email] => 
)

Город: не определён (ID: не найден)
RAW Input: {"lead_name":"\u041b\u0438\u0434 \u041a\u0426 \u041c\u0438\u0440 \u0431\u0435\u0437 \u0434\u043e\u043b\u0433\u043e\u0432","name":"\u0422\u0415\u0421\u0422","phone":"79110000127","phones":["79110000127"],"comment":"[p]\n\u0418\u043c\u044f: \u0422\u0415\u0421\u0422\n\u0418\u043f\u043e\u0442\u0435\u043a\u0430: \u043d\u0435\u0442\n\u0410\u0432\u0442\u043e\u043a\u0440\u0435\u0434\u0438\u0442: \u043d\u0435\u0442\n\u0413\u043e\u0442\u043e\u0432 \u043f\u043e\u0442\u0435\u0440\u044f\u0442\u044c \u0437\u0430\u043b\u043e\u0433\u043e\u0432\u043e\u0435 \u0438\u043c\u0443\u0449\u0435\u0441\u0442\u0432\u043e? \n\u0421\u0443\u043c\u043c\u0430 \u0434\u043e\u043b\u0433\u0430: \u0411\u043e\u043b\u0435\u0435 300.000. \n\u0413\u043e\u0440\u043e\u0434: \u0422\u0415\u0421\u0422\n\u0420\u0435\u0433\u0438\u043e\u043d: \u041a\u0430\u043b\u0443\u0436\u0441\u043a\u0430\u044f \u043e\u0431\u043b\u0430\u0441\u0442\u044c\n\u0422\u043e\u0447\u043d\u0430\u044f \u0441\u0443\u043c\u043c\u0430 \u0434\u043e\u043b\u0433\u04
POST: Array
(
)

Quiz/Комментарии: Array
(
)

Собранные комментарии (для лога): 
Lead_name: Лид КЦ Мир без долгов
Phones: 79110000127
Comment: [p]
Имя: ТЕСТ
Ипотека: нет
Автокредит: нет
Готов потерять залоговое имущество? 
Сумма долга: Более 300.000. 
Город: ТЕСТ
Регион: Калужская область
Точная сумма долга: 2 000 000
Ссылка на запись звонка: 
Источник: БФЛ КЦ. 
Имя сотрудника: Вероника
[/p]. 
Имя сотрудника: Вероника.. 
Имя сотрудника: Вероника.. 
Имя сотрудника: Вероника.. 
Имя сотрудника: Вероника.. 
Имя сотрудника: Вероника.. 
Имя сотрудника: Вероника.. 
Имя сотрудника: Вероника.. &lt;br/&gt;Имя сотрудника: Вероника.

Отправка комментариев в Bitrix: ДА
Поля для Bitrix: Array
(
    [NAME] => ТЕСТ
    [PHONE] => Array
        (
            [0] => Array
                (
                    [VALUE] => 79110000127
                    [VALUE_TYPE] => MOBILE
                )

        )

    [ASSIGNED_BY_ID] => 1
    [TITLE] => Новая заявка - 79110000127
    [OPENED] => Y
    [STATUS_ID] => NEW
    [SOURCE_ID] => 825
    [COMMENTS] => <b>Lead_name:</b> Лид КЦ Мир без долгов<br><b>Phones:</b> 79110000127<br><b>Comment:</b> [p]
Имя: ТЕСТ
Ипотека: нет
Автокредит: нет
Готов потерять залоговое имущество? 
Сумма долга: Более 300.000. 
Город: ТЕСТ
Регион: Калужская область
Точная сумма долга: 2 000 000
Ссылка на запись звонка: 
Источник: БФЛ КЦ. 
Имя сотрудника: Вероника
[/p]. 
Имя сотрудника: Вероника.. 
Имя сотрудника: Вероника.. 
Имя сотрудника: Вероника.. 
Имя сотрудника: Вероника.. 
Имя сотрудника: Вероника.. 
Имя сотрудника: Вероника.. 
Имя сотрудника: Вероника.. &lt;br/&gt;Имя сотрудника: Вероника.<br>
)

Bitrix Response: {"result":655457,"time":{"start":1772037604,"finish":1772037606.596189,"duration":2.596189022064209,"processing":2,"date_start":"2026-02-25T19:40:04+03:00","date_finish":"2026-02-25T19:40:06+03:00","operating_reset_at":1772038204,"operating":8.693114757537842}}
Статус: Успешно (Lead ID: 655457)
--------------------------------------------------

Время: 25.02.2026 20:41:05
Сервис: КЦ
From: Заявка из КЦ
Клиент: Array
(
    [name] => ТЕСТ
    [phone] => 79110000127
    [email] => 
)

Город: не определён (ID: не найден)
RAW Input: {"lead_name":"\u041b\u0438\u0434 \u041a\u0426 \u041c\u0438\u0440 \u0431\u0435\u0437 \u0434\u043e\u043b\u0433\u043e\u0432","name":"\u0422\u0415\u0421\u0422","phone":"79110000127","phones":["79110000127"],"comment":"[p]\n\u0418\u043c\u044f: \u0422\u0415\u0421\u0422\n\u0418\u043f\u043e\u0442\u0435\u043a\u0430: \u043d\u0435\u0442\n\u0410\u0432\u0442\u043e\u043a\u0440\u0435\u0434\u0438\u0442: \u043d\u0435\u0442\n\u0413\u043e\u0442\u043e\u0432 \u043f\u043e\u0442\u0435\u0440\u044f\u0442\u044c \u0437\u0430\u043b\u043e\u0433\u043e\u0432\u043e\u0435 \u0438\u043c\u0443\u0449\u0435\u0441\u0442\u0432\u043e? \n\u0421\u0443\u043c\u043c\u0430 \u0434\u043e\u043b\u0433\u0430: \u0411\u043e\u043b\u0435\u0435 300.000. \n\u0413\u043e\u0440\u043e\u0434: \u0422\u0415\u0421\u0422\n\u0420\u0435\u0433\u0438\u043e\u043d: \u041a\u0430\u043b\u0443\u0436\u0441\u043a\u0430\u044f \u043e\u0431\u043b\u0430\u0441\u0442\u044c\n\u0422\u043e\u0447\u043d\u0430\u044f \u0441\u0443\u043c\u043c\u0430 \u0434\u043e\u043b\u0433\u04
POST: Array
(
)

Quiz/Комментарии: Array
(
)

Собранные комментарии (для лога): 
Lead_name: Лид КЦ Мир без долгов
Phones: 79110000127
Comment: [p]
Имя: ТЕСТ
Ипотека: нет
Автокредит: нет
Готов потерять залоговое имущество? 
Сумма долга: Более 300.000. 
Город: ТЕСТ
Регион: Калужская область
Точная сумма долга: 2 000 000
Ссылка на запись звонка: 
Источник: БФЛ КЦ. 
Имя сотрудника: Вероника
[/p]. 
Имя сотрудника: Вероника.. 
Имя сотрудника: Вероника.. 
Имя сотрудника: Вероника.. 
Имя сотрудника: Вероника.. 
Имя сотрудника: Вероника.. 
Имя сотрудника: Вероника.. 
Имя сотрудника: Вероника.. 
Имя сотрудника: Вероника.. &lt;br/&gt;Имя сотрудника: Вероника.

Отправка комментариев в Bitrix: ДА
Поля для Bitrix: Array
(
    [NAME] => ТЕСТ
    [PHONE] => Array
        (
            [0] => Array
                (
                    [VALUE] => 79110000127
                    [VALUE_TYPE] => MOBILE
                )

        )

    [ASSIGNED_BY_ID] => 1
    [TITLE] => Новая заявка - 79110000127
    [OPENED] => Y
    [STATUS_ID] => NEW
    [SOURCE_ID] => 825
    [COMMENTS] => <b>Lead_name:</b> Лид КЦ Мир без долгов<br><b>Phones:</b> 79110000127<br><b>Comment:</b> [p]
Имя: ТЕСТ
Ипотека: нет
Автокредит: нет
Готов потерять залоговое имущество? 
Сумма долга: Более 300.000. 
Город: ТЕСТ
Регион: Калужская область
Точная сумма долга: 2 000 000
Ссылка на запись звонка: 
Источник: БФЛ КЦ. 
Имя сотрудника: Вероника
[/p]. 
Имя сотрудника: Вероника.. 
Имя сотрудника: Вероника.. 
Имя сотрудника: Вероника.. 
Имя сотрудника: Вероника.. 
Имя сотрудника: Вероника.. 
Имя сотрудника: Вероника.. 
Имя сотрудника: Вероника.. 
Имя сотрудника: Вероника.. &lt;br/&gt;Имя сотрудника: Вероника.<br>
)

Bitrix Response: {"result":655469,"time":{"start":1772041265,"finish":1772041267.149405,"duration":2.149405002593994,"processing":2,"date_start":"2026-02-25T20:41:05+03:00","date_finish":"2026-02-25T20:41:07+03:00","operating_reset_at":1772041865,"operating":2.018946886062622}}
Статус: Успешно (Lead ID: 655469)
--------------------------------------------------

Время: 25.02.2026 21:42:04
Сервис: КЦ
From: Заявка из КЦ
Клиент: Array
(
    [name] => ТЕСТ
    [phone] => 79110000127
    [email] => 
)

Город: не определён (ID: не найден)
RAW Input: {"lead_name":"\u041b\u0438\u0434 \u041a\u0426 \u041c\u0438\u0440 \u0431\u0435\u0437 \u0434\u043e\u043b\u0433\u043e\u0432","name":"\u0422\u0415\u0421\u0422","phone":"79110000127","phones":["79110000127"],"comment":"[p]\n\u0418\u043c\u044f: \u0422\u0415\u0421\u0422\n\u0418\u043f\u043e\u0442\u0435\u043a\u0430: \u043d\u0435\u0442\n\u0410\u0432\u0442\u043e\u043a\u0440\u0435\u0434\u0438\u0442: \u043d\u0435\u0442\n\u0413\u043e\u0442\u043e\u0432 \u043f\u043e\u0442\u0435\u0440\u044f\u0442\u044c \u0437\u0430\u043b\u043e\u0433\u043e\u0432\u043e\u0435 \u0438\u043c\u0443\u0449\u0435\u0441\u0442\u0432\u043e? \n\u0421\u0443\u043c\u043c\u0430 \u0434\u043e\u043b\u0433\u0430: \u0411\u043e\u043b\u0435\u0435 300.000. \n\u0413\u043e\u0440\u043e\u0434: \u0422\u0415\u0421\u0422\n\u0420\u0435\u0433\u0438\u043e\u043d: \u041a\u0430\u043b\u0443\u0436\u0441\u043a\u0430\u044f \u043e\u0431\u043b\u0430\u0441\u0442\u044c\n\u0422\u043e\u0447\u043d\u0430\u044f \u0441\u0443\u043c\u043c\u0430 \u0434\u043e\u043b\u0433\u04
POST: Array
(
)

Quiz/Комментарии: Array
(
)

Собранные комментарии (для лога): 
Lead_name: Лид КЦ Мир без долгов
Phones: 79110000127
Comment: [p]
Имя: ТЕСТ
Ипотека: нет
Автокредит: нет
Готов потерять залоговое имущество? 
Сумма долга: Более 300.000. 
Город: ТЕСТ
Регион: Калужская область
Точная сумма долга: 2 000 000
Ссылка на запись звонка: 
Источник: БФЛ КЦ. 
Имя сотрудника: Вероника
[/p]. 
Имя сотрудника: Вероника.. 
Имя сотрудника: Вероника.. 
Имя сотрудника: Вероника.. 
Имя сотрудника: Вероника.. 
Имя сотрудника: Вероника.. 
Имя сотрудника: Вероника.. 
Имя сотрудника: Вероника.. 
Имя сотрудника: Вероника.. 
Имя сотрудника: Вероника.. &lt;br/&gt;Имя сотрудника: Вероника.

Отправка комментариев в Bitrix: ДА
Поля для Bitrix: Array
(
    [NAME] => ТЕСТ
    [PHONE] => Array
        (
            [0] => Array
                (
                    [VALUE] => 79110000127
                    [VALUE_TYPE] => MOBILE
                )

        )

    [ASSIGNED_BY_ID] => 1
    [TITLE] => Новая заявка - 79110000127
    [OPENED] => Y
    [STATUS_ID] => NEW
    [SOURCE_ID] => 825
    [COMMENTS] => <b>Lead_name:</b> Лид КЦ Мир без долгов<br><b>Phones:</b> 79110000127<br><b>Comment:</b> [p]
Имя: ТЕСТ
Ипотека: нет
Автокредит: нет
Готов потерять залоговое имущество? 
Сумма долга: Более 300.000. 
Город: ТЕСТ
Регион: Калужская область
Точная сумма долга: 2 000 000
Ссылка на запись звонка: 
Источник: БФЛ КЦ. 
Имя сотрудника: Вероника
[/p]. 
Имя сотрудника: Вероника.. 
Имя сотрудника: Вероника.. 
Имя сотрудника: Вероника.. 
Имя сотрудника: Вероника.. 
Имя сотрудника: Вероника.. 
Имя сотрудника: Вероника.. 
Имя сотрудника: Вероника.. 
Имя сотрудника: Вероника.. 
Имя сотрудника: Вероника.. &lt;br/&gt;Имя сотрудника: Вероника.<br>
)

Bitrix Response: {"result":655487,"time":{"start":1772044925,"finish":1772044927.106845,"duration":2.106844902038574,"processing":2,"date_start":"2026-02-25T21:42:05+03:00","date_finish":"2026-02-25T21:42:07+03:00","operating_reset_at":1772045525,"operating":1.9723930358886719}}
Статус: Успешно (Lead ID: 655487)
--------------------------------------------------

Время: 25.02.2026 22:43:03
Сервис: КЦ
From: Заявка из КЦ
Клиент: Array
(
    [name] => ТЕСТ
    [phone] => 79110000127
    [email] => 
)

Город: не определён (ID: не найден)
RAW Input: {"lead_name":"\u041b\u0438\u0434 \u041a\u0426 \u041c\u0438\u0440 \u0431\u0435\u0437 \u0434\u043e\u043b\u0433\u043e\u0432","name":"\u0422\u0415\u0421\u0422","phone":"79110000127","phones":["79110000127"],"comment":"[p]\n\u0418\u043c\u044f: \u0422\u0415\u0421\u0422\n\u0418\u043f\u043e\u0442\u0435\u043a\u0430: \u043d\u0435\u0442\n\u0410\u0432\u0442\u043e\u043a\u0440\u0435\u0434\u0438\u0442: \u043d\u0435\u0442\n\u0413\u043e\u0442\u043e\u0432 \u043f\u043e\u0442\u0435\u0440\u044f\u0442\u044c \u0437\u0430\u043b\u043e\u0433\u043e\u0432\u043e\u0435 \u0438\u043c\u0443\u0449\u0435\u0441\u0442\u0432\u043e? \n\u0421\u0443\u043c\u043c\u0430 \u0434\u043e\u043b\u0433\u0430: \u0411\u043e\u043b\u0435\u0435 300.000. \n\u0413\u043e\u0440\u043e\u0434: \u0422\u0415\u0421\u0422\n\u0420\u0435\u0433\u0438\u043e\u043d: \u041a\u0430\u043b\u0443\u0436\u0441\u043a\u0430\u044f \u043e\u0431\u043b\u0430\u0441\u0442\u044c\n\u0422\u043e\u0447\u043d\u0430\u044f \u0441\u0443\u043c\u043c\u0430 \u0434\u043e\u043b\u0433\u04
POST: Array
(
)

Quiz/Комментарии: Array
(
)

Собранные комментарии (для лога): 
Lead_name: Лид КЦ Мир без долгов
Phones: 79110000127
Comment: [p]
Имя: ТЕСТ
Ипотека: нет
Автокредит: нет
Готов потерять залоговое имущество? 
Сумма долга: Более 300.000. 
Город: ТЕСТ
Регион: Калужская область
Точная сумма долга: 2 000 000
Ссылка на запись звонка: 
Источник: БФЛ КЦ. 
Имя сотрудника: Вероника
[/p]. 
Имя сотрудника: Вероника.. 
Имя сотрудника: Вероника.. 
Имя сотрудника: Вероника.. 
Имя сотрудника: Вероника.. 
Имя сотрудника: Вероника.. 
Имя сотрудника: Вероника.. 
Имя сотрудника: Вероника.. 
Имя сотрудника: Вероника.. 
Имя сотрудника: Вероника.. 
Имя сотрудника: Вероника.. &lt;br/&gt;Имя сотрудника: Вероника.

Отправка комментариев в Bitrix: ДА
Поля для Bitrix: Array
(
    [NAME] => ТЕСТ
    [PHONE] => Array
        (
            [0] => Array
                (
                    [VALUE] => 79110000127
                    [VALUE_TYPE] => MOBILE
                )

        )

    [ASSIGNED_BY_ID] => 1
    [TITLE] => Новая заявка - 79110000127
    [OPENED] => Y
    [STATUS_ID] => NEW
    [SOURCE_ID] => 825
    [COMMENTS] => <b>Lead_name:</b> Лид КЦ Мир без долгов<br><b>Phones:</b> 79110000127<br><b>Comment:</b> [p]
Имя: ТЕСТ
Ипотека: нет
Автокредит: нет
Готов потерять залоговое имущество? 
Сумма долга: Более 300.000. 
Город: ТЕСТ
Регион: Калужская область
Точная сумма долга: 2 000 000
Ссылка на запись звонка: 
Источник: БФЛ КЦ. 
Имя сотрудника: Вероника
[/p]. 
Имя сотрудника: Вероника.. 
Имя сотрудника: Вероника.. 
Имя сотрудника: Вероника.. 
Имя сотрудника: Вероника.. 
Имя сотрудника: Вероника.. 
Имя сотрудника: Вероника.. 
Имя сотрудника: Вероника.. 
Имя сотрудника: Вероника.. 
Имя сотрудника: Вероника.. 
Имя сотрудника: Вероника.. &lt;br/&gt;Имя сотрудника: Вероника.<br>
)

Bitrix Response: {"result":655495,"time":{"start":1772048583,"finish":1772048585.842182,"duration":2.842181921005249,"processing":2,"date_start":"2026-02-25T22:43:03+03:00","date_finish":"2026-02-25T22:43:05+03:00","operating_reset_at":1772049183,"operating":5.985927104949951}}
Статус: Успешно (Lead ID: 655495)
--------------------------------------------------

Время: 25.02.2026 23:44:04
Сервис: КЦ
From: Заявка из КЦ
Клиент: Array
(
    [name] => ТЕСТ
    [phone] => 79110000127
    [email] => 
)

Город: не определён (ID: не найден)
RAW Input: {"lead_name":"\u041b\u0438\u0434 \u041a\u0426 \u041c\u0438\u0440 \u0431\u0435\u0437 \u0434\u043e\u043b\u0433\u043e\u0432","name":"\u0422\u0415\u0421\u0422","phone":"79110000127","phones":["79110000127"],"comment":"[p]\n\u0418\u043c\u044f: \u0422\u0415\u0421\u0422\n\u0418\u043f\u043e\u0442\u0435\u043a\u0430: \u043d\u0435\u0442\n\u0410\u0432\u0442\u043e\u043a\u0440\u0435\u0434\u0438\u0442: \u043d\u0435\u0442\n\u0413\u043e\u0442\u043e\u0432 \u043f\u043e\u0442\u0435\u0440\u044f\u0442\u044c \u0437\u0430\u043b\u043e\u0433\u043e\u0432\u043e\u0435 \u0438\u043c\u0443\u0449\u0435\u0441\u0442\u0432\u043e? \n\u0421\u0443\u043c\u043c\u0430 \u0434\u043e\u043b\u0433\u0430: \u0411\u043e\u043b\u0435\u0435 300.000. \n\u0413\u043e\u0440\u043e\u0434: \u0422\u0415\u0421\u0422\n\u0420\u0435\u0433\u0438\u043e\u043d: \u041a\u0430\u043b\u0443\u0436\u0441\u043a\u0430\u044f \u043e\u0431\u043b\u0430\u0441\u0442\u044c\n\u0422\u043e\u0447\u043d\u0430\u044f \u0441\u0443\u043c\u043c\u0430 \u0434\u043e\u043b\u0433\u04
POST: Array
(
)

Quiz/Комментарии: Array
(
)

Собранные комментарии (для лога): 
Lead_name: Лид КЦ Мир без долгов
Phones: 79110000127
Comment: [p]
Имя: ТЕСТ
Ипотека: нет
Автокредит: нет
Готов потерять залоговое имущество? 
Сумма долга: Более 300.000. 
Город: ТЕСТ
Регион: Калужская область
Точная сумма долга: 2 000 000
Ссылка на запись звонка: 
Источник: БФЛ КЦ. 
Имя сотрудника: Вероника
[/p]. 
Имя сотрудника: Вероника.. 
Имя сотрудника: Вероника.. 
Имя сотрудника: Вероника.. 
Имя сотрудника: Вероника.. 
Имя сотрудника: Вероника.. 
Имя сотрудника: Вероника.. 
Имя сотрудника: Вероника.. 
Имя сотрудника: Вероника.. 
Имя сотрудника: Вероника.. 
Имя сотрудника: Вероника.. 
Имя сотрудника: Вероника.. &lt;br/&gt;Имя сотрудника: Вероника.

Отправка комментариев в Bitrix: ДА
Поля для Bitrix: Array
(
    [NAME] => ТЕСТ
    [PHONE] => Array
        (
            [0] => Array
                (
                    [VALUE] => 79110000127
                    [VALUE_TYPE] => MOBILE
                )

        )

    [ASSIGNED_BY_ID] => 1
    [TITLE] => Новая заявка - 79110000127
    [OPENED] => Y
    [STATUS_ID] => NEW
    [SOURCE_ID] => 825
    [COMMENTS] => <b>Lead_name:</b> Лид КЦ Мир без долгов<br><b>Phones:</b> 79110000127<br><b>Comment:</b> [p]
Имя: ТЕСТ
Ипотека: нет
Автокредит: нет
Готов потерять залоговое имущество? 
Сумма долга: Более 300.000. 
Город: ТЕСТ
Регион: Калужская область
Точная сумма долга: 2 000 000
Ссылка на запись звонка: 
Источник: БФЛ КЦ. 
Имя сотрудника: Вероника
[/p]. 
Имя сотрудника: Вероника.. 
Имя сотрудника: Вероника.. 
Имя сотрудника: Вероника.. 
Имя сотрудника: Вероника.. 
Имя сотрудника: Вероника.. 
Имя сотрудника: Вероника.. 
Имя сотрудника: Вероника.. 
Имя сотрудника: Вероника.. 
Имя сотрудника: Вероника.. 
Имя сотрудника: Вероника.. 
Имя сотрудника: Вероника.. &lt;br/&gt;Имя сотрудника: Вероника.<br>
)

Bitrix Response: {"result":655503,"time":{"start":1772052247,"finish":1772052249.43657,"duration":2.436569929122925,"processing":2,"date_start":"2026-02-25T23:44:07+03:00","date_finish":"2026-02-25T23:44:09+03:00","operating_reset_at":1772052847,"operating":3.907810926437378}}
Статус: Успешно (Lead ID: 655503)
--------------------------------------------------

Время: 26.02.2026 00:45:04
Сервис: КЦ
From: Заявка из КЦ
Клиент: Array
(
    [name] => ТЕСТ
    [phone] => 79110000127
    [email] => 
)

Город: не определён (ID: не найден)
RAW Input: {"lead_name":"\u041b\u0438\u0434 \u041a\u0426 \u041c\u0438\u0440 \u0431\u0435\u0437 \u0434\u043e\u043b\u0433\u043e\u0432","name":"\u0422\u0415\u0421\u0422","phone":"79110000127","phones":["79110000127"],"comment":"[p]\n\u0418\u043c\u044f: \u0422\u0415\u0421\u0422\n\u0418\u043f\u043e\u0442\u0435\u043a\u0430: \u043d\u0435\u0442\n\u0410\u0432\u0442\u043e\u043a\u0440\u0435\u0434\u0438\u0442: \u043d\u0435\u0442\n\u0413\u043e\u0442\u043e\u0432 \u043f\u043e\u0442\u0435\u0440\u044f\u0442\u044c \u0437\u0430\u043b\u043e\u0433\u043e\u0432\u043e\u0435 \u0438\u043c\u0443\u0449\u0435\u0441\u0442\u0432\u043e? \n\u0421\u0443\u043c\u043c\u0430 \u0434\u043e\u043b\u0433\u0430: \u0411\u043e\u043b\u0435\u0435 300.000. \n\u0413\u043e\u0440\u043e\u0434: \u0422\u0415\u0421\u0422\n\u0420\u0435\u0433\u0438\u043e\u043d: \u041a\u0430\u043b\u0443\u0436\u0441\u043a\u0430\u044f \u043e\u0431\u043b\u0430\u0441\u0442\u044c\n\u0422\u043e\u0447\u043d\u0430\u044f \u0441\u0443\u043c\u043c\u0430 \u0434\u043e\u043b\u0433\u04
POST: Array
(
)

Quiz/Комментарии: Array
(
)

Собранные комментарии (для лога): 
Lead_name: Лид КЦ Мир без долгов
Phones: 79110000127
Comment: [p]
Имя: ТЕСТ
Ипотека: нет
Автокредит: нет
Готов потерять залоговое имущество? 
Сумма долга: Более 300.000. 
Город: ТЕСТ
Регион: Калужская область
Точная сумма долга: 2 000 000
Ссылка на запись звонка: 
Источник: БФЛ КЦ. 
Имя сотрудника: Вероника
[/p]. 
Имя сотрудника: Вероника.. 
Имя сотрудника: Вероника.. 
Имя сотрудника: Вероника.. 
Имя сотрудника: Вероника.. 
Имя сотрудника: Вероника.. 
Имя сотрудника: Вероника.. 
Имя сотрудника: Вероника.. 
Имя сотрудника: Вероника.. 
Имя сотрудника: Вероника.. 
Имя сотрудника: Вероника.. 
Имя сотрудника: Вероника.. 
Имя сотрудника: Вероника.. &lt;br/&gt;Имя сотрудника: Вероника.

Отправка комментариев в Bitrix: ДА
Поля для Bitrix: Array
(
    [NAME] => ТЕСТ
    [PHONE] => Array
        (
            [0] => Array
                (
                    [VALUE] => 79110000127
                    [VALUE_TYPE] => MOBILE
                )

        )

    [ASSIGNED_BY_ID] => 1
    [TITLE] => Новая заявка - 79110000127
    [OPENED] => Y
    [STATUS_ID] => NEW
    [SOURCE_ID] => 825
    [COMMENTS] => <b>Lead_name:</b> Лид КЦ Мир без долгов<br><b>Phones:</b> 79110000127<br><b>Comment:</b> [p]
Имя: ТЕСТ
Ипотека: нет
Автокредит: нет
Готов потерять залоговое имущество? 
Сумма долга: Более 300.000. 
Город: ТЕСТ
Регион: Калужская область
Точная сумма долга: 2 000 000
Ссылка на запись звонка: 
Источник: БФЛ КЦ. 
Имя сотрудника: Вероника
[/p]. 
Имя сотрудника: Вероника.. 
Имя сотрудника: Вероника.. 
Имя сотрудника: Вероника.. 
Имя сотрудника: Вероника.. 
Имя сотрудника: Вероника.. 
Имя сотрудника: Вероника.. 
Имя сотрудника: Вероника.. 
Имя сотрудника: Вероника.. 
Имя сотрудника: Вероника.. 
Имя сотрудника: Вероника.. 
Имя сотрудника: Вероника.. 
Имя сотрудника: Вероника.. &lt;br/&gt;Имя сотрудника: Вероника.<br>
)

Bitrix Response: {"result":655511,"time":{"start":1772055904,"finish":1772055906.630486,"duration":2.630486011505127,"processing":2,"date_start":"2026-02-26T00:45:04+03:00","date_finish":"2026-02-26T00:45:06+03:00","operating_reset_at":1772056504,"operating":1.8999450206756592}}
Статус: Успешно (Lead ID: 655511)
--------------------------------------------------

Время: 26.02.2026 01:46:05
Сервис: КЦ
From: Заявка из КЦ
Клиент: Array
(
    [name] => ТЕСТ
    [phone] => 79110000127
    [email] => 
)

Город: не определён (ID: не найден)
RAW Input: {"lead_name":"\u041b\u0438\u0434 \u041a\u0426 \u041c\u0438\u0440 \u0431\u0435\u0437 \u0434\u043e\u043b\u0433\u043e\u0432","name":"\u0422\u0415\u0421\u0422","phone":"79110000127","phones":["79110000127"],"comment":"[p]\n\u0418\u043c\u044f: \u0422\u0415\u0421\u0422\n\u0418\u043f\u043e\u0442\u0435\u043a\u0430: \u043d\u0435\u0442\n\u0410\u0432\u0442\u043e\u043a\u0440\u0435\u0434\u0438\u0442: \u043d\u0435\u0442\n\u0413\u043e\u0442\u043e\u0432 \u043f\u043e\u0442\u0435\u0440\u044f\u0442\u044c \u0437\u0430\u043b\u043e\u0433\u043e\u0432\u043e\u0435 \u0438\u043c\u0443\u0449\u0435\u0441\u0442\u0432\u043e? \n\u0421\u0443\u043c\u043c\u0430 \u0434\u043e\u043b\u0433\u0430: \u0411\u043e\u043b\u0435\u0435 300.000. \n\u0413\u043e\u0440\u043e\u0434: \u0422\u0415\u0421\u0422\n\u0420\u0435\u0433\u0438\u043e\u043d: \u041a\u0430\u043b\u0443\u0436\u0441\u043a\u0430\u044f \u043e\u0431\u043b\u0430\u0441\u0442\u044c\n\u0422\u043e\u0447\u043d\u0430\u044f \u0441\u0443\u043c\u043c\u0430 \u0434\u043e\u043b\u0433\u04
POST: Array
(
)

Quiz/Комментарии: Array
(
)

Собранные комментарии (для лога): 
Lead_name: Лид КЦ Мир без долгов
Phones: 79110000127
Comment: [p]
Имя: ТЕСТ
Ипотека: нет
Автокредит: нет
Готов потерять залоговое имущество? 
Сумма долга: Более 300.000. 
Город: ТЕСТ
Регион: Калужская область
Точная сумма долга: 2 000 000
Ссылка на запись звонка: 
Источник: БФЛ КЦ. 
Имя сотрудника: Вероника
[/p]. 
Имя сотрудника: Вероника.. 
Имя сотрудника: Вероника.. 
Имя сотрудника: Вероника.. 
Имя сотрудника: Вероника.. 
Имя сотрудника: Вероника.. 
Имя сотрудника: Вероника.. 
Имя сотрудника: Вероника.. 
Имя сотрудника: Вероника.. 
Имя сотрудника: Вероника.. 
Имя сотрудника: Вероника.. 
Имя сотрудника: Вероника.. 
Имя сотрудника: Вероника.. 
Имя сотрудника: Вероника.. &lt;br/&gt;Имя сотрудника: Вероника.

Отправка комментариев в Bitrix: ДА
Поля для Bitrix: Array
(
    [NAME] => ТЕСТ
    [PHONE] => Array
        (
            [0] => Array
                (
                    [VALUE] => 79110000127
                    [VALUE_TYPE] => MOBILE
                )

        )

    [ASSIGNED_BY_ID] => 1
    [TITLE] => Новая заявка - 79110000127
    [OPENED] => Y
    [STATUS_ID] => NEW
    [SOURCE_ID] => 825
    [COMMENTS] => <b>Lead_name:</b> Лид КЦ Мир без долгов<br><b>Phones:</b> 79110000127<br><b>Comment:</b> [p]
Имя: ТЕСТ
Ипотека: нет
Автокредит: нет
Готов потерять залоговое имущество? 
Сумма долга: Более 300.000. 
Город: ТЕСТ
Регион: Калужская область
Точная сумма долга: 2 000 000
Ссылка на запись звонка: 
Источник: БФЛ КЦ. 
Имя сотрудника: Вероника
[/p]. 
Имя сотрудника: Вероника.. 
Имя сотрудника: Вероника.. 
Имя сотрудника: Вероника.. 
Имя сотрудника: Вероника.. 
Имя сотрудника: Вероника.. 
Имя сотрудника: Вероника.. 
Имя сотрудника: Вероника.. 
Имя сотрудника: Вероника.. 
Имя сотрудника: Вероника.. 
Имя сотрудника: Вероника.. 
Имя сотрудника: Вероника.. 
Имя сотрудника: Вероника.. 
Имя сотрудника: Вероника.. &lt;br/&gt;Имя сотрудника: Вероника.<br>
)

Bitrix Response: {"result":655515,"time":{"start":1772059565,"finish":1772059567.17972,"duration":2.179719924926758,"processing":2,"date_start":"2026-02-26T01:46:05+03:00","date_finish":"2026-02-26T01:46:07+03:00","operating_reset_at":1772060165,"operating":1.9360871315002441}}
Статус: Успешно (Lead ID: 655515)
--------------------------------------------------

Время: 26.02.2026 02:47:03
Сервис: КЦ
From: Заявка из КЦ
Клиент: Array
(
    [name] => ТЕСТ
    [phone] => 79110000127
    [email] => 
)

Город: не определён (ID: не найден)
RAW Input: {"lead_name":"\u041b\u0438\u0434 \u041a\u0426 \u041c\u0438\u0440 \u0431\u0435\u0437 \u0434\u043e\u043b\u0433\u043e\u0432","name":"\u0422\u0415\u0421\u0422","phone":"79110000127","phones":["79110000127"],"comment":"[p]\n\u0418\u043c\u044f: \u0422\u0415\u0421\u0422\n\u0418\u043f\u043e\u0442\u0435\u043a\u0430: \u043d\u0435\u0442\n\u0410\u0432\u0442\u043e\u043a\u0440\u0435\u0434\u0438\u0442: \u043d\u0435\u0442\n\u0413\u043e\u0442\u043e\u0432 \u043f\u043e\u0442\u0435\u0440\u044f\u0442\u044c \u0437\u0430\u043b\u043e\u0433\u043e\u0432\u043e\u0435 \u0438\u043c\u0443\u0449\u0435\u0441\u0442\u0432\u043e? \n\u0421\u0443\u043c\u043c\u0430 \u0434\u043e\u043b\u0433\u0430: \u0411\u043e\u043b\u0435\u0435 300.000. \n\u0413\u043e\u0440\u043e\u0434: \u0422\u0415\u0421\u0422\n\u0420\u0435\u0433\u0438\u043e\u043d: \u041a\u0430\u043b\u0443\u0436\u0441\u043a\u0430\u044f \u043e\u0431\u043b\u0430\u0441\u0442\u044c\n\u0422\u043e\u0447\u043d\u0430\u044f \u0441\u0443\u043c\u043c\u0430 \u0434\u043e\u043b\u0433\u04
POST: Array
(
)

Quiz/Комментарии: Array
(
)

Собранные комментарии (для лога): 
Lead_name: Лид КЦ Мир без долгов
Phones: 79110000127
Comment: [p]
Имя: ТЕСТ
Ипотека: нет
Автокредит: нет
Готов потерять залоговое имущество? 
Сумма долга: Более 300.000. 
Город: ТЕСТ
Регион: Калужская область
Точная сумма долга: 2 000 000
Ссылка на запись звонка: 
Источник: БФЛ КЦ. 
Имя сотрудника: Вероника
[/p]. 
Имя сотрудника: Вероника.. 
Имя сотрудника: Вероника.. 
Имя сотрудника: Вероника.. 
Имя сотрудника: Вероника.. 
Имя сотрудника: Вероника.. 
Имя сотрудника: Вероника.. 
Имя сотрудника: Вероника.. 
Имя сотрудника: Вероника.. 
Имя сотрудника: Вероника.. 
Имя сотрудника: Вероника.. 
Имя сотрудника: Вероника.. 
Имя сотрудника: Вероника.. 
Имя сотрудника: Вероника.. 
Имя сотрудника: Вероника.. &lt;br/&gt;Имя сотрудника: Вероника.

Отправка комментариев в Bitrix: ДА
Поля для Bitrix: Array
(
    [NAME] => ТЕСТ
    [PHONE] => Array
        (
            [0] => Array
                (
                    [VALUE] => 79110000127
                    [VALUE_TYPE] => MOBILE
                )

        )

    [ASSIGNED_BY_ID] => 1
    [TITLE] => Новая заявка - 79110000127
    [OPENED] => Y
    [STATUS_ID] => NEW
    [SOURCE_ID] => 825
    [COMMENTS] => <b>Lead_name:</b> Лид КЦ Мир без долгов<br><b>Phones:</b> 79110000127<br><b>Comment:</b> [p]
Имя: ТЕСТ
Ипотека: нет
Автокредит: нет
Готов потерять залоговое имущество? 
Сумма долга: Более 300.000. 
Город: ТЕСТ
Регион: Калужская область
Точная сумма долга: 2 000 000
Ссылка на запись звонка: 
Источник: БФЛ КЦ. 
Имя сотрудника: Вероника
[/p]. 
Имя сотрудника: Вероника.. 
Имя сотрудника: Вероника.. 
Имя сотрудника: Вероника.. 
Имя сотрудника: Вероника.. 
Имя сотрудника: Вероника.. 
Имя сотрудника: Вероника.. 
Имя сотрудника: Вероника.. 
Имя сотрудника: Вероника.. 
Имя сотрудника: Вероника.. 
Имя сотрудника: Вероника.. 
Имя сотрудника: Вероника.. 
Имя сотрудника: Вероника.. 
Имя сотрудника: Вероника.. 
Имя сотрудника: Вероника.. &lt;br/&gt;Имя сотрудника: Вероника.<br>
)

Bitrix Response: {"result":655521,"time":{"start":1772063223,"finish":1772063225.976822,"duration":2.9768218994140625,"processing":1,"date_start":"2026-02-26T02:47:03+03:00","date_finish":"2026-02-26T02:47:05+03:00","operating_reset_at":1772063824,"operating":1.959834098815918}}
Статус: Успешно (Lead ID: 655521)
--------------------------------------------------

Время: 26.02.2026 03:48:03
Сервис: КЦ
From: Заявка из КЦ
Клиент: Array
(
    [name] => ТЕСТ
    [phone] => 79110000127
    [email] => 
)

Город: не определён (ID: не найден)
RAW Input: {"lead_name":"\u041b\u0438\u0434 \u041a\u0426 \u041c\u0438\u0440 \u0431\u0435\u0437 \u0434\u043e\u043b\u0433\u043e\u0432","name":"\u0422\u0415\u0421\u0422","phone":"79110000127","phones":["79110000127"],"comment":"[p]\n\u0418\u043c\u044f: \u0422\u0415\u0421\u0422\n\u0418\u043f\u043e\u0442\u0435\u043a\u0430: \u043d\u0435\u0442\n\u0410\u0432\u0442\u043e\u043a\u0440\u0435\u0434\u0438\u0442: \u043d\u0435\u0442\n\u0413\u043e\u0442\u043e\u0432 \u043f\u043e\u0442\u0435\u0440\u044f\u0442\u044c \u0437\u0430\u043b\u043e\u0433\u043e\u0432\u043e\u0435 \u0438\u043c\u0443\u0449\u0435\u0441\u0442\u0432\u043e? \n\u0421\u0443\u043c\u043c\u0430 \u0434\u043e\u043b\u0433\u0430: \u0411\u043e\u043b\u0435\u0435 300.000. \n\u0413\u043e\u0440\u043e\u0434: \u0422\u0415\u0421\u0422\n\u0420\u0435\u0433\u0438\u043e\u043d: \u041a\u0430\u043b\u0443\u0436\u0441\u043a\u0430\u044f \u043e\u0431\u043b\u0430\u0441\u0442\u044c\n\u0422\u043e\u0447\u043d\u0430\u044f \u0441\u0443\u043c\u043c\u0430 \u0434\u043e\u043b\u0433\u04
POST: Array
(
)

Quiz/Комментарии: Array
(
)

Собранные комментарии (для лога): 
Lead_name: Лид КЦ Мир без долгов
Phones: 79110000127
Comment: [p]
Имя: ТЕСТ
Ипотека: нет
Автокредит: нет
Готов потерять залоговое имущество? 
Сумма долга: Более 300.000. 
Город: ТЕСТ
Регион: Калужская область
Точная сумма долга: 2 000 000
Ссылка на запись звонка: 
Источник: БФЛ КЦ. 
Имя сотрудника: Вероника
[/p]. 
Имя сотрудника: Вероника.. 
Имя сотрудника: Вероника.. 
Имя сотрудника: Вероника.. 
Имя сотрудника: Вероника.. 
Имя сотрудника: Вероника.. 
Имя сотрудника: Вероника.. 
Имя сотрудника: Вероника.. 
Имя сотрудника: Вероника.. 
Имя сотрудника: Вероника.. 
Имя сотрудника: Вероника.. 
Имя сотрудника: Вероника.. 
Имя сотрудника: Вероника.. 
Имя сотрудника: Вероника.. 
Имя сотрудника: Вероника.. 
Имя сотрудника: Вероника.. &lt;br/&gt;Имя сотрудника: Вероника.

Отправка комментариев в Bitrix: ДА
Поля для Bitrix: Array
(
    [NAME] => ТЕСТ
    [PHONE] => Array
        (
            [0] => Array
                (
                    [VALUE] => 79110000127
                    [VALUE_TYPE] => MOBILE
                )

        )

    [ASSIGNED_BY_ID] => 1
    [TITLE] => Новая заявка - 79110000127
    [OPENED] => Y
    [STATUS_ID] => NEW
    [SOURCE_ID] => 825
    [COMMENTS] => <b>Lead_name:</b> Лид КЦ Мир без долгов<br><b>Phones:</b> 79110000127<br><b>Comment:</b> [p]
Имя: ТЕСТ
Ипотека: нет
Автокредит: нет
Готов потерять залоговое имущество? 
Сумма долга: Более 300.000. 
Город: ТЕСТ
Регион: Калужская область
Точная сумма долга: 2 000 000
Ссылка на запись звонка: 
Источник: БФЛ КЦ. 
Имя сотрудника: Вероника
[/p]. 
Имя сотрудника: Вероника.. 
Имя сотрудника: Вероника.. 
Имя сотрудника: Вероника.. 
Имя сотрудника: Вероника.. 
Имя сотрудника: Вероника.. 
Имя сотрудника: Вероника.. 
Имя сотрудника: Вероника.. 
Имя сотрудника: Вероника.. 
Имя сотрудника: Вероника.. 
Имя сотрудника: Вероника.. 
Имя сотрудника: Вероника.. 
Имя сотрудника: Вероника.. 
Имя сотрудника: Вероника.. 
Имя сотрудника: Вероника.. 
Имя сотрудника: Вероника.. &lt;br/&gt;Имя сотрудника: Вероника.<br>
)

Bitrix Response: {"result":655523,"time":{"start":1772066883,"finish":1772066885.614967,"duration":2.614967107772827,"processing":2,"date_start":"2026-02-26T03:48:03+03:00","date_finish":"2026-02-26T03:48:05+03:00","operating_reset_at":1772067483,"operating":2.0426528453826904}}
Статус: Успешно (Lead ID: 655523)
--------------------------------------------------

Время: 26.02.2026 04:49:03
Сервис: КЦ
From: Заявка из КЦ
Клиент: Array
(
    [name] => ТЕСТ
    [phone] => 79110000127
    [email] => 
)

Город: не определён (ID: не найден)
RAW Input: {"lead_name":"\u041b\u0438\u0434 \u041a\u0426 \u041c\u0438\u0440 \u0431\u0435\u0437 \u0434\u043e\u043b\u0433\u043e\u0432","name":"\u0422\u0415\u0421\u0422","phone":"79110000127","phones":["79110000127"],"comment":"[p]\n\u0418\u043c\u044f: \u0422\u0415\u0421\u0422\n\u0418\u043f\u043e\u0442\u0435\u043a\u0430: \u043d\u0435\u0442\n\u0410\u0432\u0442\u043e\u043a\u0440\u0435\u0434\u0438\u0442: \u043d\u0435\u0442\n\u0413\u043e\u0442\u043e\u0432 \u043f\u043e\u0442\u0435\u0440\u044f\u0442\u044c \u0437\u0430\u043b\u043e\u0433\u043e\u0432\u043e\u0435 \u0438\u043c\u0443\u0449\u0435\u0441\u0442\u0432\u043e? \n\u0421\u0443\u043c\u043c\u0430 \u0434\u043e\u043b\u0433\u0430: \u0411\u043e\u043b\u0435\u0435 300.000. \n\u0413\u043e\u0440\u043e\u0434: \u0422\u0415\u0421\u0422\n\u0420\u0435\u0433\u0438\u043e\u043d: \u041a\u0430\u043b\u0443\u0436\u0441\u043a\u0430\u044f \u043e\u0431\u043b\u0430\u0441\u0442\u044c\n\u0422\u043e\u0447\u043d\u0430\u044f \u0441\u0443\u043c\u043c\u0430 \u0434\u043e\u043b\u0433\u04
POST: Array
(
)

Quiz/Комментарии: Array
(
)

Собранные комментарии (для лога): 
Lead_name: Лид КЦ Мир без долгов
Phones: 79110000127
Comment: [p]
Имя: ТЕСТ
Ипотека: нет
Автокредит: нет
Готов потерять залоговое имущество? 
Сумма долга: Более 300.000. 
Город: ТЕСТ
Регион: Калужская область
Точная сумма долга: 2 000 000
Ссылка на запись звонка: 
Источник: БФЛ КЦ. 
Имя сотрудника: Вероника
[/p]. 
Имя сотрудника: Вероника.. 
Имя сотрудника: Вероника.. 
Имя сотрудника: Вероника.. 
Имя сотрудника: Вероника.. 
Имя сотрудника: Вероника.. 
Имя сотрудника: Вероника.. 
Имя сотрудника: Вероника.. 
Имя сотрудника: Вероника.. 
Имя сотрудника: Вероника.. 
Имя сотрудника: Вероника.. 
Имя сотрудника: Вероника.. 
Имя сотрудника: Вероника.. 
Имя сотрудника: Вероника.. 
Имя сотрудника: Вероника.. 
Имя сотрудника: Вероника.. 
Имя сотрудника: Вероника.. &lt;br/&gt;Имя сотрудника: Вероника.

Отправка комментариев в Bitrix: ДА
Поля для Bitrix: Array
(
    [NAME] => ТЕСТ
    [PHONE] => Array
        (
            [0] => Array
                (
                    [VALUE] => 79110000127
                    [VALUE_TYPE] => MOBILE
                )

        )

    [ASSIGNED_BY_ID] => 1
    [TITLE] => Новая заявка - 79110000127
    [OPENED] => Y
    [STATUS_ID] => NEW
    [SOURCE_ID] => 825
    [COMMENTS] => <b>Lead_name:</b> Лид КЦ Мир без долгов<br><b>Phones:</b> 79110000127<br><b>Comment:</b> [p]
Имя: ТЕСТ
Ипотека: нет
Автокредит: нет
Готов потерять залоговое имущество? 
Сумма долга: Более 300.000. 
Город: ТЕСТ
Регион: Калужская область
Точная сумма долга: 2 000 000
Ссылка на запись звонка: 
Источник: БФЛ КЦ. 
Имя сотрудника: Вероника
[/p]. 
Имя сотрудника: Вероника.. 
Имя сотрудника: Вероника.. 
Имя сотрудника: Вероника.. 
Имя сотрудника: Вероника.. 
Имя сотрудника: Вероника.. 
Имя сотрудника: Вероника.. 
Имя сотрудника: Вероника.. 
Имя сотрудника: Вероника.. 
Имя сотрудника: Вероника.. 
Имя сотрудника: Вероника.. 
Имя сотрудника: Вероника.. 
Имя сотрудника: Вероника.. 
Имя сотрудника: Вероника.. 
Имя сотрудника: Вероника.. 
Имя сотрудника: Вероника.. 
Имя сотрудника: Вероника.. &lt;br/&gt;Имя сотрудника: Вероника.<br>
)

Bitrix Response: {"result":655527,"time":{"start":1772070543,"finish":1772070545.613285,"duration":2.6132850646972656,"processing":2,"date_start":"2026-02-26T04:49:03+03:00","date_finish":"2026-02-26T04:49:05+03:00","operating_reset_at":1772071143,"operating":2.1036479473114014}}
Статус: Успешно (Lead ID: 655527)
--------------------------------------------------

Время: 26.02.2026 05:50:04
Сервис: КЦ
From: Заявка из КЦ
Клиент: Array
(
    [name] => ТЕСТ
    [phone] => 79110000127
    [email] => 
)

Город: не определён (ID: не найден)
RAW Input: {"lead_name":"\u041b\u0438\u0434 \u041a\u0426 \u041c\u0438\u0440 \u0431\u0435\u0437 \u0434\u043e\u043b\u0433\u043e\u0432","name":"\u0422\u0415\u0421\u0422","phone":"79110000127","phones":["79110000127"],"comment":"[p]\n\u0418\u043c\u044f: \u0422\u0415\u0421\u0422\n\u0418\u043f\u043e\u0442\u0435\u043a\u0430: \u043d\u0435\u0442\n\u0410\u0432\u0442\u043e\u043a\u0440\u0435\u0434\u0438\u0442: \u043d\u0435\u0442\n\u0413\u043e\u0442\u043e\u0432 \u043f\u043e\u0442\u0435\u0440\u044f\u0442\u044c \u0437\u0430\u043b\u043e\u0433\u043e\u0432\u043e\u0435 \u0438\u043c\u0443\u0449\u0435\u0441\u0442\u0432\u043e? \n\u0421\u0443\u043c\u043c\u0430 \u0434\u043e\u043b\u0433\u0430: \u0411\u043e\u043b\u0435\u0435 300.000. \n\u0413\u043e\u0440\u043e\u0434: \u0422\u0415\u0421\u0422\n\u0420\u0435\u0433\u0438\u043e\u043d: \u041a\u0430\u043b\u0443\u0436\u0441\u043a\u0430\u044f \u043e\u0431\u043b\u0430\u0441\u0442\u044c\n\u0422\u043e\u0447\u043d\u0430\u044f \u0441\u0443\u043c\u043c\u0430 \u0434\u043e\u043b\u0433\u04
POST: Array
(
)

Quiz/Комментарии: Array
(
)

Собранные комментарии (для лога): 
Lead_name: Лид КЦ Мир без долгов
Phones: 79110000127
Comment: [p]
Имя: ТЕСТ
Ипотека: нет
Автокредит: нет
Готов потерять залоговое имущество? 
Сумма долга: Более 300.000. 
Город: ТЕСТ
Регион: Калужская область
Точная сумма долга: 2 000 000
Ссылка на запись звонка: 
Источник: БФЛ КЦ. 
Имя сотрудника: Вероника
[/p]. 
Имя сотрудника: Вероника.. 
Имя сотрудника: Вероника.. 
Имя сотрудника: Вероника.. 
Имя сотрудника: Вероника.. 
Имя сотрудника: Вероника.. 
Имя сотрудника: Вероника.. 
Имя сотрудника: Вероника.. 
Имя сотрудника: Вероника.. 
Имя сотрудника: Вероника.. 
Имя сотрудника: Вероника.. 
Имя сотрудника: Вероника.. 
Имя сотрудника: Вероника.. 
Имя сотрудника: Вероника.. 
Имя сотрудника: Вероника.. 
Имя сотрудника: Вероника.. 
Имя сотрудника: Вероника.. 
Имя сотрудника: Вероника.. &lt;br/&gt;Имя сотрудника: Вероника.

Отправка комментариев в Bitrix: ДА
Поля для Bitrix: Array
(
    [NAME] => ТЕСТ
    [PHONE] => Array
        (
            [0] => Array
                (
                    [VALUE] => 79110000127
                    [VALUE_TYPE] => MOBILE
                )

        )

    [ASSIGNED_BY_ID] => 1
    [TITLE] => Новая заявка - 79110000127
    [OPENED] => Y
    [STATUS_ID] => NEW
    [SOURCE_ID] => 825
    [COMMENTS] => <b>Lead_name:</b> Лид КЦ Мир без долгов<br><b>Phones:</b> 79110000127<br><b>Comment:</b> [p]
Имя: ТЕСТ
Ипотека: нет
Автокредит: нет
Готов потерять залоговое имущество? 
Сумма долга: Более 300.000. 
Город: ТЕСТ
Регион: Калужская область
Точная сумма долга: 2 000 000
Ссылка на запись звонка: 
Источник: БФЛ КЦ. 
Имя сотрудника: Вероника
[/p]. 
Имя сотрудника: Вероника.. 
Имя сотрудника: Вероника.. 
Имя сотрудника: Вероника.. 
Имя сотрудника: Вероника.. 
Имя сотрудника: Вероника.. 
Имя сотрудника: Вероника.. 
Имя сотрудника: Вероника.. 
Имя сотрудника: Вероника.. 
Имя сотрудника: Вероника.. 
Имя сотрудника: Вероника.. 
Имя сотрудника: Вероника.. 
Имя сотрудника: Вероника.. 
Имя сотрудника: Вероника.. 
Имя сотрудника: Вероника.. 
Имя сотрудника: Вероника.. 
Имя сотрудника: Вероника.. 
Имя сотрудника: Вероника.. &lt;br/&gt;Имя сотрудника: Вероника.<br>
)

Bitrix Response: {"result":655531,"time":{"start":1772074205,"finish":1772074207.289889,"duration":2.289889097213745,"processing":2,"date_start":"2026-02-26T05:50:05+03:00","date_finish":"2026-02-26T05:50:07+03:00","operating_reset_at":1772074805,"operating":2.2380199432373047}}
Статус: Успешно (Lead ID: 655531)
--------------------------------------------------

Время: 26.02.2026 06:51:05
Сервис: КЦ
From: Заявка из КЦ
Клиент: Array
(
    [name] => ТЕСТ
    [phone] => 79110000127
    [email] => 
)

Город: не определён (ID: не найден)
RAW Input: {"lead_name":"\u041b\u0438\u0434 \u041a\u0426 \u041c\u0438\u0440 \u0431\u0435\u0437 \u0434\u043e\u043b\u0433\u043e\u0432","name":"\u0422\u0415\u0421\u0422","phone":"79110000127","phones":["79110000127"],"comment":"[p]\n\u0418\u043c\u044f: \u0422\u0415\u0421\u0422\n\u0418\u043f\u043e\u0442\u0435\u043a\u0430: \u043d\u0435\u0442\n\u0410\u0432\u0442\u043e\u043a\u0440\u0435\u0434\u0438\u0442: \u043d\u0435\u0442\n\u0413\u043e\u0442\u043e\u0432 \u043f\u043e\u0442\u0435\u0440\u044f\u0442\u044c \u0437\u0430\u043b\u043e\u0433\u043e\u0432\u043e\u0435 \u0438\u043c\u0443\u0449\u0435\u0441\u0442\u0432\u043e? \n\u0421\u0443\u043c\u043c\u0430 \u0434\u043e\u043b\u0433\u0430: \u0411\u043e\u043b\u0435\u0435 300.000. \n\u0413\u043e\u0440\u043e\u0434: \u0422\u0415\u0421\u0422\n\u0420\u0435\u0433\u0438\u043e\u043d: \u041a\u0430\u043b\u0443\u0436\u0441\u043a\u0430\u044f \u043e\u0431\u043b\u0430\u0441\u0442\u044c\n\u0422\u043e\u0447\u043d\u0430\u044f \u0441\u0443\u043c\u043c\u0430 \u0434\u043e\u043b\u0433\u04
POST: Array
(
)

Quiz/Комментарии: Array
(
)

Собранные комментарии (для лога): 
Lead_name: Лид КЦ Мир без долгов
Phones: 79110000127
Comment: [p]
Имя: ТЕСТ
Ипотека: нет
Автокредит: нет
Готов потерять залоговое имущество? 
Сумма долга: Более 300.000. 
Город: ТЕСТ
Регион: Калужская область
Точная сумма долга: 2 000 000
Ссылка на запись звонка: 
Источник: БФЛ КЦ. 
Имя сотрудника: Вероника
[/p]. 
Имя сотрудника: Вероника.. 
Имя сотрудника: Вероника.. 
Имя сотрудника: Вероника.. 
Имя сотрудника: Вероника.. 
Имя сотрудника: Вероника.. 
Имя сотрудника: Вероника.. 
Имя сотрудника: Вероника.. 
Имя сотрудника: Вероника.. 
Имя сотрудника: Вероника.. 
Имя сотрудника: Вероника.. 
Имя сотрудника: Вероника.. 
Имя сотрудника: Вероника.. 
Имя сотрудника: Вероника.. 
Имя сотрудника: Вероника.. 
Имя сотрудника: Вероника.. 
Имя сотрудника: Вероника.. 
Имя сотрудника: Вероника.. 
Имя сотрудника: Вероника.. &lt;br/&gt;Имя сотрудника: Вероника.

Отправка комментариев в Bitrix: ДА
Поля для Bitrix: Array
(
    [NAME] => ТЕСТ
    [PHONE] => Array
        (
            [0] => Array
                (
                    [VALUE] => 79110000127
                    [VALUE_TYPE] => MOBILE
                )

        )

    [ASSIGNED_BY_ID] => 1
    [TITLE] => Новая заявка - 79110000127
    [OPENED] => Y
    [STATUS_ID] => NEW
    [SOURCE_ID] => 825
    [COMMENTS] => <b>Lead_name:</b> Лид КЦ Мир без долгов<br><b>Phones:</b> 79110000127<br><b>Comment:</b> [p]
Имя: ТЕСТ
Ипотека: нет
Автокредит: нет
Готов потерять залоговое имущество? 
Сумма долга: Более 300.000. 
Город: ТЕСТ
Регион: Калужская область
Точная сумма долга: 2 000 000
Ссылка на запись звонка: 
Источник: БФЛ КЦ. 
Имя сотрудника: Вероника
[/p]. 
Имя сотрудника: Вероника.. 
Имя сотрудника: Вероника.. 
Имя сотрудника: Вероника.. 
Имя сотрудника: Вероника.. 
Имя сотрудника: Вероника.. 
Имя сотрудника: Вероника.. 
Имя сотрудника: Вероника.. 
Имя сотрудника: Вероника.. 
Имя сотрудника: Вероника.. 
Имя сотрудника: Вероника.. 
Имя сотрудника: Вероника.. 
Имя сотрудника: Вероника.. 
Имя сотрудника: Вероника.. 
Имя сотрудника: Вероника.. 
Имя сотрудника: Вероника.. 
Имя сотрудника: Вероника.. 
Имя сотрудника: Вероника.. 
Имя сотрудника: Вероника.. &lt;br/&gt;Имя сотрудника: Вероника.<br>
)

Bitrix Response: {"result":655537,"time":{"start":1772077865,"finish":1772077867.193433,"duration":2.1934330463409424,"processing":2,"date_start":"2026-02-26T06:51:05+03:00","date_finish":"2026-02-26T06:51:07+03:00","operating_reset_at":1772078465,"operating":1.9938819408416748}}
Статус: Успешно (Lead ID: 655537)
--------------------------------------------------

Время: 26.02.2026 07:52:04
Сервис: КЦ
From: Заявка из КЦ
Клиент: Array
(
    [name] => ТЕСТ
    [phone] => 79110000127
    [email] => 
)

Город: не определён (ID: не найден)
RAW Input: {"lead_name":"\u041b\u0438\u0434 \u041a\u0426 \u041c\u0438\u0440 \u0431\u0435\u0437 \u0434\u043e\u043b\u0433\u043e\u0432","name":"\u0422\u0415\u0421\u0422","phone":"79110000127","phones":["79110000127"],"comment":"[p]\n\u0418\u043c\u044f: \u0422\u0415\u0421\u0422\n\u0418\u043f\u043e\u0442\u0435\u043a\u0430: \u043d\u0435\u0442\n\u0410\u0432\u0442\u043e\u043a\u0440\u0435\u0434\u0438\u0442: \u043d\u0435\u0442\n\u0413\u043e\u0442\u043e\u0432 \u043f\u043e\u0442\u0435\u0440\u044f\u0442\u044c \u0437\u0430\u043b\u043e\u0433\u043e\u0432\u043e\u0435 \u0438\u043c\u0443\u0449\u0435\u0441\u0442\u0432\u043e? \n\u0421\u0443\u043c\u043c\u0430 \u0434\u043e\u043b\u0433\u0430: \u0411\u043e\u043b\u0435\u0435 300.000. \n\u0413\u043e\u0440\u043e\u0434: \u0422\u0415\u0421\u0422\n\u0420\u0435\u0433\u0438\u043e\u043d: \u041a\u0430\u043b\u0443\u0436\u0441\u043a\u0430\u044f \u043e\u0431\u043b\u0430\u0441\u0442\u044c\n\u0422\u043e\u0447\u043d\u0430\u044f \u0441\u0443\u043c\u043c\u0430 \u0434\u043e\u043b\u0433\u04
POST: Array
(
)

Quiz/Комментарии: Array
(
)

Собранные комментарии (для лога): 
Lead_name: Лид КЦ Мир без долгов
Phones: 79110000127
Comment: [p]
Имя: ТЕСТ
Ипотека: нет
Автокредит: нет
Готов потерять залоговое имущество? 
Сумма долга: Более 300.000. 
Город: ТЕСТ
Регион: Калужская область
Точная сумма долга: 2 000 000
Ссылка на запись звонка: 
Источник: БФЛ КЦ. 
Имя сотрудника: Вероника
[/p]. 
Имя сотрудника: Вероника.. 
Имя сотрудника: Вероника.. 
Имя сотрудника: Вероника.. 
Имя сотрудника: Вероника.. 
Имя сотрудника: Вероника.. 
Имя сотрудника: Вероника.. 
Имя сотрудника: Вероника.. 
Имя сотрудника: Вероника.. 
Имя сотрудника: Вероника.. 
Имя сотрудника: Вероника.. 
Имя сотрудника: Вероника.. 
Имя сотрудника: Вероника.. 
Имя сотрудника: Вероника.. 
Имя сотрудника: Вероника.. 
Имя сотрудника: Вероника.. 
Имя сотрудника: Вероника.. 
Имя сотрудника: Вероника.. 
Имя сотрудника: Вероника.. 
Имя сотрудника: Вероника.. &lt;br/&gt;Имя сотрудника: Вероника.

Отправка комментариев в Bitrix: ДА
Поля для Bitrix: Array
(
    [NAME] => ТЕСТ
    [PHONE] => Array
        (
            [0] => Array
                (
                    [VALUE] => 79110000127
                    [VALUE_TYPE] => MOBILE
                )

        )

    [ASSIGNED_BY_ID] => 1
    [TITLE] => Новая заявка - 79110000127
    [OPENED] => Y
    [STATUS_ID] => NEW
    [SOURCE_ID] => 825
    [COMMENTS] => <b>Lead_name:</b> Лид КЦ Мир без долгов<br><b>Phones:</b> 79110000127<br><b>Comment:</b> [p]
Имя: ТЕСТ
Ипотека: нет
Автокредит: нет
Готов потерять залоговое имущество? 
Сумма долга: Более 300.000. 
Город: ТЕСТ
Регион: Калужская область
Точная сумма долга: 2 000 000
Ссылка на запись звонка: 
Источник: БФЛ КЦ. 
Имя сотрудника: Вероника
[/p]. 
Имя сотрудника: Вероника.. 
Имя сотрудника: Вероника.. 
Имя сотрудника: Вероника.. 
Имя сотрудника: Вероника.. 
Имя сотрудника: Вероника.. 
Имя сотрудника: Вероника.. 
Имя сотрудника: Вероника.. 
Имя сотрудника: Вероника.. 
Имя сотрудника: Вероника.. 
Имя сотрудника: Вероника.. 
Имя сотрудника: Вероника.. 
Имя сотрудника: Вероника.. 
Имя сотрудника: Вероника.. 
Имя сотрудника: Вероника.. 
Имя сотрудника: Вероника.. 
Имя сотрудника: Вероника.. 
Имя сотрудника: Вероника.. 
Имя сотрудника: Вероника.. 
Имя сотрудника: Вероника.. &lt;br/&gt;Имя сотрудника: Вероника.<br>
)

Bitrix Response: {"result":655545,"time":{"start":1772081524,"finish":1772081526.824848,"duration":2.824847936630249,"processing":2,"date_start":"2026-02-26T07:52:04+03:00","date_finish":"2026-02-26T07:52:06+03:00","operating_reset_at":1772082124,"operating":2.097736120223999}}
Статус: Успешно (Lead ID: 655545)
--------------------------------------------------

Время: 26.02.2026 08:53:14
Сервис: КЦ
From: Заявка из КЦ
Клиент: Array
(
    [name] => ТЕСТ
    [phone] => 79110000127
    [email] => 
)

Город: не определён (ID: не найден)
RAW Input: {"lead_name":"\u041b\u0438\u0434 \u041a\u0426 \u041c\u0438\u0440 \u0431\u0435\u0437 \u0434\u043e\u043b\u0433\u043e\u0432","name":"\u0422\u0415\u0421\u0422","phone":"79110000127","phones":["79110000127"],"comment":"[p]\n\u0418\u043c\u044f: \u0422\u0415\u0421\u0422\n\u0418\u043f\u043e\u0442\u0435\u043a\u0430: \u043d\u0435\u0442\n\u0410\u0432\u0442\u043e\u043a\u0440\u0435\u0434\u0438\u0442: \u043d\u0435\u0442\n\u0413\u043e\u0442\u043e\u0432 \u043f\u043e\u0442\u0435\u0440\u044f\u0442\u044c \u0437\u0430\u043b\u043e\u0433\u043e\u0432\u043e\u0435 \u0438\u043c\u0443\u0449\u0435\u0441\u0442\u0432\u043e? \n\u0421\u0443\u043c\u043c\u0430 \u0434\u043e\u043b\u0433\u0430: \u0411\u043e\u043b\u0435\u0435 300.000. \n\u0413\u043e\u0440\u043e\u0434: \u0422\u0415\u0421\u0422\n\u0420\u0435\u0433\u0438\u043e\u043d: \u041a\u0430\u043b\u0443\u0436\u0441\u043a\u0430\u044f \u043e\u0431\u043b\u0430\u0441\u0442\u044c\n\u0422\u043e\u0447\u043d\u0430\u044f \u0441\u0443\u043c\u043c\u0430 \u0434\u043e\u043b\u0433\u04
POST: Array
(
)

Quiz/Комментарии: Array
(
)

Собранные комментарии (для лога): 
Lead_name: Лид КЦ Мир без долгов
Phones: 79110000127
Comment: [p]
Имя: ТЕСТ
Ипотека: нет
Автокредит: нет
Готов потерять залоговое имущество? 
Сумма долга: Более 300.000. 
Город: ТЕСТ
Регион: Калужская область
Точная сумма долга: 2 000 000
Ссылка на запись звонка: 
Источник: БФЛ КЦ. 
Имя сотрудника: Вероника
[/p]. 
Имя сотрудника: Вероника.. 
Имя сотрудника: Вероника.. 
Имя сотрудника: Вероника.. 
Имя сотрудника: Вероника.. 
Имя сотрудника: Вероника.. 
Имя сотрудника: Вероника.. 
Имя сотрудника: Вероника.. 
Имя сотрудника: Вероника.. 
Имя сотрудника: Вероника.. 
Имя сотрудника: Вероника.. 
Имя сотрудника: Вероника.. 
Имя сотрудника: Вероника.. 
Имя сотрудника: Вероника.. 
Имя сотрудника: Вероника.. 
Имя сотрудника: Вероника.. 
Имя сотрудника: Вероника.. 
Имя сотрудника: Вероника.. 
Имя сотрудника: Вероника.. 
Имя сотрудника: Вероника.. 
Имя сотрудника: Вероника.. &lt;br/&gt;Имя сотрудника: Вероника.

Отправка комментариев в Bitrix: ДА
Поля для Bitrix: Array
(
    [NAME] => ТЕСТ
    [PHONE] => Array
        (
            [0] => Array
                (
                    [VALUE] => 79110000127
                    [VALUE_TYPE] => MOBILE
                )

        )

    [ASSIGNED_BY_ID] => 1
    [TITLE] => Новая заявка - 79110000127
    [OPENED] => Y
    [STATUS_ID] => NEW
    [SOURCE_ID] => 825
    [COMMENTS] => <b>Lead_name:</b> Лид КЦ Мир без долгов<br><b>Phones:</b> 79110000127<br><b>Comment:</b> [p]
Имя: ТЕСТ
Ипотека: нет
Автокредит: нет
Готов потерять залоговое имущество? 
Сумма долга: Более 300.000. 
Город: ТЕСТ
Регион: Калужская область
Точная сумма долга: 2 000 000
Ссылка на запись звонка: 
Источник: БФЛ КЦ. 
Имя сотрудника: Вероника
[/p]. 
Имя сотрудника: Вероника.. 
Имя сотрудника: Вероника.. 
Имя сотрудника: Вероника.. 
Имя сотрудника: Вероника.. 
Имя сотрудника: Вероника.. 
Имя сотрудника: Вероника.. 
Имя сотрудника: Вероника.. 
Имя сотрудника: Вероника.. 
Имя сотрудника: Вероника.. 
Имя сотрудника: Вероника.. 
Имя сотрудника: Вероника.. 
Имя сотрудника: Вероника.. 
Имя сотрудника: Вероника.. 
Имя сотрудника: Вероника.. 
Имя сотрудника: Вероника.. 
Имя сотрудника: Вероника.. 
Имя сотрудника: Вероника.. 
Имя сотрудника: Вероника.. 
Имя сотрудника: Вероника.. 
Имя сотрудника: Вероника.. &lt;br/&gt;Имя сотрудника: Вероника.<br>
)

Bitrix Response: {"result":655553,"time":{"start":1772085194,"finish":1772085197.22712,"duration":3.2271199226379395,"processing":3,"date_start":"2026-02-26T08:53:14+03:00","date_finish":"2026-02-26T08:53:17+03:00","operating_reset_at":1772085794,"operating":4.609663248062134}}
Статус: Успешно (Lead ID: 655553)
--------------------------------------------------

Время: 26.02.2026 09:54:08
Сервис: КЦ
From: Заявка из КЦ
Клиент: Array
(
    [name] => ТЕСТ
    [phone] => 79110000127
    [email] => 
)

Город: не определён (ID: не найден)
RAW Input: {"lead_name":"\u041b\u0438\u0434 \u041a\u0426 \u041c\u0438\u0440 \u0431\u0435\u0437 \u0434\u043e\u043b\u0433\u043e\u0432","name":"\u0422\u0415\u0421\u0422","phone":"79110000127","phones":["79110000127"],"comment":"[p]\n\u0418\u043c\u044f: \u0422\u0415\u0421\u0422\n\u0418\u043f\u043e\u0442\u0435\u043a\u0430: \u043d\u0435\u0442\n\u0410\u0432\u0442\u043e\u043a\u0440\u0435\u0434\u0438\u0442: \u043d\u0435\u0442\n\u0413\u043e\u0442\u043e\u0432 \u043f\u043e\u0442\u0435\u0440\u044f\u0442\u044c \u0437\u0430\u043b\u043e\u0433\u043e\u0432\u043e\u0435 \u0438\u043c\u0443\u0449\u0435\u0441\u0442\u0432\u043e? \n\u0421\u0443\u043c\u043c\u0430 \u0434\u043e\u043b\u0433\u0430: \u0411\u043e\u043b\u0435\u0435 300.000. \n\u0413\u043e\u0440\u043e\u0434: \u0422\u0415\u0421\u0422\n\u0420\u0435\u0433\u0438\u043e\u043d: \u041a\u0430\u043b\u0443\u0436\u0441\u043a\u0430\u044f \u043e\u0431\u043b\u0430\u0441\u0442\u044c\n\u0422\u043e\u0447\u043d\u0430\u044f \u0441\u0443\u043c\u043c\u0430 \u0434\u043e\u043b\u0433\u04
POST: Array
(
)

Quiz/Комментарии: Array
(
)

Собранные комментарии (для лога): 
Lead_name: Лид КЦ Мир без долгов
Phones: 79110000127
Comment: [p]
Имя: ТЕСТ
Ипотека: нет
Автокредит: нет
Готов потерять залоговое имущество? 
Сумма долга: Более 300.000. 
Город: ТЕСТ
Регион: Калужская область
Точная сумма долга: 2 000 000
Ссылка на запись звонка: 
Источник: БФЛ КЦ. 
Имя сотрудника: Вероника
[/p]. 
Имя сотрудника: Вероника.. 
Имя сотрудника: Вероника.. 
Имя сотрудника: Вероника.. 
Имя сотрудника: Вероника.. 
Имя сотрудника: Вероника.. 
Имя сотрудника: Вероника.. 
Имя сотрудника: Вероника.. 
Имя сотрудника: Вероника.. 
Имя сотрудника: Вероника.. 
Имя сотрудника: Вероника.. 
Имя сотрудника: Вероника.. 
Имя сотрудника: Вероника.. 
Имя сотрудника: Вероника.. 
Имя сотрудника: Вероника.. 
Имя сотрудника: Вероника.. 
Имя сотрудника: Вероника.. 
Имя сотрудника: Вероника.. 
Имя сотрудника: Вероника.. 
Имя сотрудника: Вероника.. 
Имя сотрудника: Вероника.. 
Имя сотрудника: Вероника.. &lt;br/&gt;Имя сотрудника: Вероника.

Отправка комментариев в Bitrix: ДА
Поля для Bitrix: Array
(
    [NAME] => ТЕСТ
    [PHONE] => Array
        (
            [0] => Array
                (
                    [VALUE] => 79110000127
                    [VALUE_TYPE] => MOBILE
                )

        )

    [ASSIGNED_BY_ID] => 1
    [TITLE] => Новая заявка - 79110000127
    [OPENED] => Y
    [STATUS_ID] => NEW
    [SOURCE_ID] => 825
    [COMMENTS] => <b>Lead_name:</b> Лид КЦ Мир без долгов<br><b>Phones:</b> 79110000127<br><b>Comment:</b> [p]
Имя: ТЕСТ
Ипотека: нет
Автокредит: нет
Готов потерять залоговое имущество? 
Сумма долга: Более 300.000. 
Город: ТЕСТ
Регион: Калужская область
Точная сумма долга: 2 000 000
Ссылка на запись звонка: 
Источник: БФЛ КЦ. 
Имя сотрудника: Вероника
[/p]. 
Имя сотрудника: Вероника.. 
Имя сотрудника: Вероника.. 
Имя сотрудника: Вероника.. 
Имя сотрудника: Вероника.. 
Имя сотрудника: Вероника.. 
Имя сотрудника: Вероника.. 
Имя сотрудника: Вероника.. 
Имя сотрудника: Вероника.. 
Имя сотрудника: Вероника.. 
Имя сотрудника: Вероника.. 
Имя сотрудника: Вероника.. 
Имя сотрудника: Вероника.. 
Имя сотрудника: Вероника.. 
Имя сотрудника: Вероника.. 
Имя сотрудника: Вероника.. 
Имя сотрудника: Вероника.. 
Имя сотрудника: Вероника.. 
Имя сотрудника: Вероника.. 
Имя сотрудника: Вероника.. 
Имя сотрудника: Вероника.. 
Имя сотрудника: Вероника.. &lt;br/&gt;Имя сотрудника: Вероника.<br>
)

Bitrix Response: {"result":655627,"time":{"start":1772088848,"finish":1772088850.822422,"duration":2.8224220275878906,"processing":2,"date_start":"2026-02-26T09:54:08+03:00","date_finish":"2026-02-26T09:54:10+03:00","operating_reset_at":1772089448,"operating":4.865976095199585}}
Статус: Успешно (Lead ID: 655627)
--------------------------------------------------

Время: 26.02.2026 10:55:04
Сервис: КЦ
From: Заявка из КЦ
Клиент: Array
(
    [name] => ТЕСТ
    [phone] => 79110000127
    [email] => 
)

Город: не определён (ID: не найден)
RAW Input: {"lead_name":"\u041b\u0438\u0434 \u041a\u0426 \u041c\u0438\u0440 \u0431\u0435\u0437 \u0434\u043e\u043b\u0433\u043e\u0432","name":"\u0422\u0415\u0421\u0422","phone":"79110000127","phones":["79110000127"],"comment":"[p]\n\u0418\u043c\u044f: \u0422\u0415\u0421\u0422\n\u0418\u043f\u043e\u0442\u0435\u043a\u0430: \u043d\u0435\u0442\n\u0410\u0432\u0442\u043e\u043a\u0440\u0435\u0434\u0438\u0442: \u043d\u0435\u0442\n\u0413\u043e\u0442\u043e\u0432 \u043f\u043e\u0442\u0435\u0440\u044f\u0442\u044c \u0437\u0430\u043b\u043e\u0433\u043e\u0432\u043e\u0435 \u0438\u043c\u0443\u0449\u0435\u0441\u0442\u0432\u043e? \n\u0421\u0443\u043c\u043c\u0430 \u0434\u043e\u043b\u0433\u0430: \u0411\u043e\u043b\u0435\u0435 300.000. \n\u0413\u043e\u0440\u043e\u0434: \u0422\u0415\u0421\u0422\n\u0420\u0435\u0433\u0438\u043e\u043d: \u041a\u0430\u043b\u0443\u0436\u0441\u043a\u0430\u044f \u043e\u0431\u043b\u0430\u0441\u0442\u044c\n\u0422\u043e\u0447\u043d\u0430\u044f \u0441\u0443\u043c\u043c\u0430 \u0434\u043e\u043b\u0433\u04
POST: Array
(
)

Quiz/Комментарии: Array
(
)

Собранные комментарии (для лога): 
Lead_name: Лид КЦ Мир без долгов
Phones: 79110000127
Comment: [p]
Имя: ТЕСТ
Ипотека: нет
Автокредит: нет
Готов потерять залоговое имущество? 
Сумма долга: Более 300.000. 
Город: ТЕСТ
Регион: Калужская область
Точная сумма долга: 2 000 000
Ссылка на запись звонка: 
Источник: БФЛ КЦ. 
Имя сотрудника: Вероника
[/p]. 
Имя сотрудника: Вероника.. 
Имя сотрудника: Вероника.. 
Имя сотрудника: Вероника.. 
Имя сотрудника: Вероника.. 
Имя сотрудника: Вероника.. 
Имя сотрудника: Вероника.. 
Имя сотрудника: Вероника.. 
Имя сотрудника: Вероника.. 
Имя сотрудника: Вероника.. 
Имя сотрудника: Вероника.. 
Имя сотрудника: Вероника.. 
Имя сотрудника: Вероника.. 
Имя сотрудника: Вероника.. 
Имя сотрудника: Вероника.. 
Имя сотрудника: Вероника.. 
Имя сотрудника: Вероника.. 
Имя сотрудника: Вероника.. 
Имя сотрудника: Вероника.. 
Имя сотрудника: Вероника.. 
Имя сотрудника: Вероника.. 
Имя сотрудника: Вероника.. 
Имя сотрудника: Вероника.. &lt;br/&gt;Имя сотрудника: Вероника.

Отправка комментариев в Bitrix: ДА
Поля для Bitrix: Array
(
    [NAME] => ТЕСТ
    [PHONE] => Array
        (
            [0] => Array
                (
                    [VALUE] => 79110000127
                    [VALUE_TYPE] => MOBILE
                )

        )

    [ASSIGNED_BY_ID] => 1
    [TITLE] => Новая заявка - 79110000127
    [OPENED] => Y
    [STATUS_ID] => NEW
    [SOURCE_ID] => 825
    [COMMENTS] => <b>Lead_name:</b> Лид КЦ Мир без долгов<br><b>Phones:</b> 79110000127<br><b>Comment:</b> [p]
Имя: ТЕСТ
Ипотека: нет
Автокредит: нет
Готов потерять залоговое имущество? 
Сумма долга: Более 300.000. 
Город: ТЕСТ
Регион: Калужская область
Точная сумма долга: 2 000 000
Ссылка на запись звонка: 
Источник: БФЛ КЦ. 
Имя сотрудника: Вероника
[/p]. 
Имя сотрудника: Вероника.. 
Имя сотрудника: Вероника.. 
Имя сотрудника: Вероника.. 
Имя сотрудника: Вероника.. 
Имя сотрудника: Вероника.. 
Имя сотрудника: Вероника.. 
Имя сотрудника: Вероника.. 
Имя сотрудника: Вероника.. 
Имя сотрудника: Вероника.. 
Имя сотрудника: Вероника.. 
Имя сотрудника: Вероника.. 
Имя сотрудника: Вероника.. 
Имя сотрудника: Вероника.. 
Имя сотрудника: Вероника.. 
Имя сотрудника: Вероника.. 
Имя сотрудника: Вероника.. 
Имя сотрудника: Вероника.. 
Имя сотрудника: Вероника.. 
Имя сотрудника: Вероника.. 
Имя сотрудника: Вероника.. 
Имя сотрудника: Вероника.. 
Имя сотрудника: Вероника.. &lt;br/&gt;Имя сотрудника: Вероника.<br>
)

Bitrix Response: {"result":655691,"time":{"start":1772092504,"finish":1772092507.45691,"duration":3.4569098949432373,"processing":3,"date_start":"2026-02-26T10:55:04+03:00","date_finish":"2026-02-26T10:55:07+03:00","operating_reset_at":1772093104,"operating":8.020263671875}}
Статус: Успешно (Lead ID: 655691)
--------------------------------------------------

Время: 26.02.2026 16:12:17
Сервис: КЦ
From: Заявка из КЦ
Клиент: Array
(
    [name] => ТЕСТ
    [phone] => 79110000130
    [email] => 
)

Город: не определён (ID: не найден)
RAW Input: {"lead_name":"\u041b\u0438\u0434 \u041a\u0426 \u041c\u0438\u0440 \u0431\u0435\u0437 \u0434\u043e\u043b\u0433\u043e\u0432","name":"\u0422\u0415\u0421\u0422","phone":"79110000130","phones":["79110000130"],"comment":"[p]\n\u0418\u043c\u044f: \u0422\u0415\u0421\u0422\n\u0418\u043f\u043e\u0442\u0435\u043a\u0430: \u043d\u0435\u0442\n\u0410\u0432\u0442\u043e\u043a\u0440\u0435\u0434\u0438\u0442: \u043d\u0435\u0442\n\u0413\u043e\u0442\u043e\u0432 \u043f\u043e\u0442\u0435\u0440\u044f\u0442\u044c \u0437\u0430\u043b\u043e\u0433\u043e\u0432\u043e\u0435 \u0438\u043c\u0443\u0449\u0435\u0441\u0442\u0432\u043e? \n\u0421\u0443\u043c\u043c\u0430 \u0434\u043e\u043b\u0433\u0430: \u0411\u043e\u043b\u0435\u0435 300.000. \n\u0413\u043e\u0440\u043e\u0434: \u0422\u0415\u0421\u0422\n\u0420\u0435\u0433\u0438\u043e\u043d: \u041a\u0430\u043b\u0443\u0436\u0441\u043a\u0430\u044f \u043e\u0431\u043b\u0430\u0441\u0442\u044c\n\u0422\u043e\u0447\u043d\u0430\u044f \u0441\u0443\u043c\u043c\u0430 \u0434\u043e\u043b\u0433\u04
POST: Array
(
)

Quiz/Комментарии: Array
(
)

Собранные комментарии (для лога): 
Lead_name: Лид КЦ Мир без долгов
Phones: 79110000130
Comment: [p]
Имя: ТЕСТ
Ипотека: нет
Автокредит: нет
Готов потерять залоговое имущество? 
Сумма долга: Более 300.000. 
Город: ТЕСТ
Регион: Калужская область
Точная сумма долга: 2 000 000
Ссылка на запись звонка: 
Источник: БФЛ КЦ. 
Имя сотрудника: Вероника
[/p]. &lt;br/&gt;Имя сотрудника: Вероника.

Отправка комментариев в Bitrix: ДА
Поля для Bitrix: Array
(
    [NAME] => ТЕСТ
    [PHONE] => Array
        (
            [0] => Array
                (
                    [VALUE] => 79110000130
                    [VALUE_TYPE] => MOBILE
                )

        )

    [ASSIGNED_BY_ID] => 1
    [TITLE] => Новая заявка - 79110000130
    [OPENED] => Y
    [STATUS_ID] => NEW
    [SOURCE_ID] => 825
    [COMMENTS] => <b>Lead_name:</b> Лид КЦ Мир без долгов<br><b>Phones:</b> 79110000130<br><b>Comment:</b> [p]
Имя: ТЕСТ
Ипотека: нет
Автокредит: нет
Готов потерять залоговое имущество? 
Сумма долга: Более 300.000. 
Город: ТЕСТ
Регион: Калужская область
Точная сумма долга: 2 000 000
Ссылка на запись звонка: 
Источник: БФЛ КЦ. 
Имя сотрудника: Вероника
[/p]. &lt;br/&gt;Имя сотрудника: Вероника.<br>
)

Bitrix Response: {"result":656111,"time":{"start":1772111537,"finish":1772111539.806258,"duration":2.806257963180542,"processing":2,"date_start":"2026-02-26T16:12:17+03:00","date_finish":"2026-02-26T16:12:19+03:00","operating_reset_at":1772112137,"operating":13.51370096206665}}
Статус: Успешно (Lead ID: 656111)
--------------------------------------------------

