Время: 21.02.2026 21:37:32
Сервис: ВК
From: Заявка из ВК
Клиент: Array
(
    [name] => Александр
    [phone] => +79167043305
    [email] => 
)

Город: Калуга (ID: не найден)
RAW Input: {
    "name": "\u0410\u043b\u0435\u043a\u0441\u0430\u043d\u0434\u0440",
    "phone": "+79167043305",
    "Comments": "\u0423\u043a\u0430\u0436\u0438\u0442\u0435 \u0441\u0443\u043c\u043c\u0443 \u0441\u0432\u043e\u0435\u0439 \u0437\u0430\u0434\u043e\u043b\u0436\u0435\u043d\u043d\u043e\u0441\u0442\u0438?: \u041f\u043e\u043b\u044c\u0437\u043e\u0432\u0430\u0442\u0435\u043b\u044c \u043f\u0440\u0435\u0434\u043f\u043e\u0447\u0435\u043b \u043d\u0435 \u043e\u0442\u0432\u0435\u0447\u0430\u0442\u044c \u043d\u0430 \u0434\u0430\u043d\u043d\u044b\u0439 \u0432\u043e\u043f\u0440\u043e\u0441\n\u0415\u0441\u0442\u044c \u043b\u0438 \u0443 \u0412\u0430\u0441 \u043f\u0440\u043e\u0441\u0440\u043e\u0447\u0435\u043d\u043d\u0430\u044f \u0437\u0430\u0434\u043e\u043b\u0436\u0435\u043d\u043d\u043e\u0441\u0442\u044c?: \u041f\u043e\u043b\u044c\u0437\u043e\u0432\u0430\u0442\u0435\u043b\u044c \u043f\u0440\u0435\u0434\u043f\u043e\u0447\u0435\u043b \u043d\u0435 \u043e\u0442\u0432\u0435\u0447\u0430\u0442\u044c \u043d\
POST: Array
(
)

Quiz/Комментарии: Array
(
)

Собранные комментарии (для лога): 
Comments: Укажите сумму своей задолженности?: Пользователь предпочел не отвечать на данный вопрос
Есть ли у Вас просроченная задолженность?: Пользователь предпочел не отвечать на данный вопрос
Есть ли у Вас в собственности имущество?: Пользователь предпочел не отвечать на данный вопрос
Где Вам удобно получить заключение по своей ситуации?: Пользователь предпочел не отвечать на данный вопрос
Город: Калуга

Отправка комментариев в Bitrix: ДА
Поля для Bitrix: Array
(
    [UTM_SOURCE] => VK-ADS
    [UTM_MEDIUM] => 17515512
    [UTM_CAMPAIGN] => 129575155
    [UTM_CONTENT] => 208008143
    [UTM_TERM] => 780485
    [NAME] => Александр
    [PHONE] => Array
        (
            [0] => Array
                (
                    [VALUE] => +79167043305
                    [VALUE_TYPE] => MOBILE
                )

        )

    [ASSIGNED_BY_ID] => 1
    [TITLE] => Новая заявка - +79167043305
    [OPENED] => Y
    [STATUS_ID] => NEW
    [SOURCE_ID] => 1084
    [COMMENTS] => <b>Comments:</b> Укажите сумму своей задолженности?: Пользователь предпочел не отвечать на данный вопрос
Есть ли у Вас просроченная задолженность?: Пользователь предпочел не отвечать на данный вопрос
Есть ли у Вас в собственности имущество?: Пользователь предпочел не отвечать на данный вопрос
Где Вам удобно получить заключение по своей ситуации?: Пользователь предпочел не отвечать на данный вопрос<br><b>Город:</b> Калуга<br>
)

Bitrix Response: {"result":653423,"time":{"start":1771699052,"finish":1771699054.8641,"duration":2.8640999794006348,"processing":2,"date_start":"2026-02-21T21:37:32+03:00","date_finish":"2026-02-21T21:37:34+03:00","operating_reset_at":1771699652,"operating":2.1335320472717285}}
Статус: Успешно (Lead ID: 653423)
--------------------------------------------------

Время: 22.02.2026 02:36:34
Сервис: ВК
From: Заявка из ВК
Клиент: Array
(
    [name] => Атлантида
    [phone] => +79023982701
    [email] => 
)

Город: Калуга (ID: не найден)
RAW Input: {
    "name": "\u0410\u0442\u043b\u0430\u043d\u0442\u0438\u0434\u0430",
    "phone": "+79023982701",
    "Comments": "\u0423\u043a\u0430\u0436\u0438\u0442\u0435 \u0441\u0443\u043c\u043c\u0443 \u0441\u0432\u043e\u0435\u0439 \u0437\u0430\u0434\u043e\u043b\u0436\u0435\u043d\u043d\u043e\u0441\u0442\u0438?: \u041e\u0442 250 000 \u0434\u043e 500 000 \u0440\u0443\u0431.\n\u0415\u0441\u0442\u044c \u043b\u0438 \u0443 \u0412\u0430\u0441 \u043f\u0440\u043e\u0441\u0440\u043e\u0447\u0435\u043d\u043d\u0430\u044f \u0437\u0430\u0434\u043e\u043b\u0436\u0435\u043d\u043d\u043e\u0441\u0442\u044c?: \u041f\u043e\u043b\u044c\u0437\u043e\u0432\u0430\u0442\u0435\u043b\u044c \u043f\u0440\u0435\u0434\u043f\u043e\u0447\u0435\u043b \u043d\u0435 \u043e\u0442\u0432\u0435\u0447\u0430\u0442\u044c \u043d\u0430 \u0434\u0430\u043d\u043d\u044b\u0439 \u0432\u043e\u043f\u0440\u043e\u0441\n\u0415\u0441\u0442\u044c \u043b\u0438 \u0443 \u0412\u0430\u0441 \u0432 \u0441\u043e\u0431\u0441\u0442\u0432\u0435\u043d\u043d\u043e\u0
POST: Array
(
)

Quiz/Комментарии: Array
(
)

Собранные комментарии (для лога): 
Comments: Укажите сумму своей задолженности?: От 250 000 до 500 000 руб.
Есть ли у Вас просроченная задолженность?: Пользователь предпочел не отвечать на данный вопрос
Есть ли у Вас в собственности имущество?: Пользователь предпочел не отвечать на данный вопрос
Где Вам удобно получить заключение по своей ситуации?: Пользователь предпочел не отвечать на данный вопрос
Город: Калуга

Отправка комментариев в Bitrix: ДА
Поля для Bitrix: Array
(
    [UTM_SOURCE] => VK-ADS
    [UTM_MEDIUM] => 17515512
    [UTM_CAMPAIGN] => 129575149
    [UTM_CONTENT] => 208008137
    [UTM_TERM] => 780485
    [NAME] => Атлантида
    [PHONE] => Array
        (
            [0] => Array
                (
                    [VALUE] => +79023982701
                    [VALUE_TYPE] => MOBILE
                )

        )

    [ASSIGNED_BY_ID] => 1
    [TITLE] => Новая заявка - +79023982701
    [OPENED] => Y
    [STATUS_ID] => NEW
    [SOURCE_ID] => 1084
    [COMMENTS] => <b>Comments:</b> Укажите сумму своей задолженности?: От 250 000 до 500 000 руб.
Есть ли у Вас просроченная задолженность?: Пользователь предпочел не отвечать на данный вопрос
Есть ли у Вас в собственности имущество?: Пользователь предпочел не отвечать на данный вопрос
Где Вам удобно получить заключение по своей ситуации?: Пользователь предпочел не отвечать на данный вопрос<br><b>Город:</b> Калуга<br>
)

Bitrix Response: {"result":653441,"time":{"start":1771716994,"finish":1771716996.831761,"duration":2.831760883331299,"processing":2,"date_start":"2026-02-22T02:36:34+03:00","date_finish":"2026-02-22T02:36:36+03:00","operating_reset_at":1771717594,"operating":2.365638017654419}}
Статус: Успешно (Lead ID: 653441)
--------------------------------------------------

Время: 23.02.2026 09:06:32
Сервис: ВК
From: Заявка из ВК
Клиент: Array
(
    [name] => Ярослав
    [phone] => +79533396464
    [email] => 
)

Город: Калуга (ID: не найден)
RAW Input: {
    "name": "\u042f\u0440\u043e\u0441\u043b\u0430\u0432",
    "phone": "+79533396464",
    "Comments": "\u0423\u043a\u0430\u0436\u0438\u0442\u0435 \u0441\u0443\u043c\u043c\u0443 \u0441\u0432\u043e\u0435\u0439 \u0437\u0430\u0434\u043e\u043b\u0436\u0435\u043d\u043d\u043e\u0441\u0442\u0438?: \u0414\u043e 250 000 \u0440\u0443\u0431.\n\u0415\u0441\u0442\u044c \u043b\u0438 \u0443 \u0412\u0430\u0441 \u043f\u0440\u043e\u0441\u0440\u043e\u0447\u0435\u043d\u043d\u0430\u044f \u0437\u0430\u0434\u043e\u043b\u0436\u0435\u043d\u043d\u043e\u0441\u0442\u044c?: \u0414\u0430 (\u0431\u043e\u043b\u0435\u0435 12-\u0442\u0438 \u043c\u0435\u0441\u044f\u0446\u0435\u0432)\n\u0415\u0441\u0442\u044c \u043b\u0438 \u0443 \u0412\u0430\u0441 \u0432 \u0441\u043e\u0431\u0441\u0442\u0432\u0435\u043d\u043d\u043e\u0441\u0442\u0438 \u0438\u043c\u0443\u0449\u0435\u0441\u0442\u0432\u043e?: \u041d\u0435\u0442\n\u0413\u0434\u0435 \u0412\u0430\u043c \u0443\u0434\u043e\u0431\u043d\u043e \u043f\u043e\u043b\u0443\u0447\u0438\
POST: Array
(
)

Quiz/Комментарии: Array
(
)

Собранные комментарии (для лога): 
Comments: Укажите сумму своей задолженности?: До 250 000 руб.
Есть ли у Вас просроченная задолженность?: Да (более 12-ти месяцев)
Есть ли у Вас в собственности имущество?: Нет
Где Вам удобно получить заключение по своей ситуации?: По телефону (бесплатно)
Город: Калуга

Отправка комментариев в Bitrix: ДА
Поля для Bitrix: Array
(
    [UTM_SOURCE] => VK-ADS
    [UTM_MEDIUM] => 17515512
    [UTM_CAMPAIGN] => 129575155
    [UTM_CONTENT] => 208008143
    [UTM_TERM] => 780485
    [NAME] => Ярослав
    [PHONE] => Array
        (
            [0] => Array
                (
                    [VALUE] => +79533396464
                    [VALUE_TYPE] => MOBILE
                )

        )

    [ASSIGNED_BY_ID] => 1
    [TITLE] => Новая заявка - +79533396464
    [OPENED] => Y
    [STATUS_ID] => NEW
    [SOURCE_ID] => 1084
    [COMMENTS] => <b>Comments:</b> Укажите сумму своей задолженности?: До 250 000 руб.
Есть ли у Вас просроченная задолженность?: Да (более 12-ти месяцев)
Есть ли у Вас в собственности имущество?: Нет
Где Вам удобно получить заключение по своей ситуации?: По телефону (бесплатно)<br><b>Город:</b> Калуга<br>
)

Bitrix Response: {"result":653649,"time":{"start":1771826792,"finish":1771826794.823913,"duration":2.823913097381592,"processing":2,"date_start":"2026-02-23T09:06:32+03:00","date_finish":"2026-02-23T09:06:34+03:00","operating_reset_at":1771827392,"operating":6.252505779266357}}
Статус: Успешно (Lead ID: 653649)
--------------------------------------------------

Время: 24.02.2026 18:10:22
Сервис: ВК
From: Заявка из ВК
Клиент: Array
(
    [name] => Евгений
    [phone] => +79805108416
    [email] => 
)

Город: Калуга (ID: не найден)
RAW Input: {
    "name": "\u0415\u0432\u0433\u0435\u043d\u0438\u0439",
    "phone": "+79805108416",
    "Comments": "\u0423\u043a\u0430\u0436\u0438\u0442\u0435 \u0441\u0443\u043c\u043c\u0443 \u0441\u0432\u043e\u0435\u0439 \u0437\u0430\u0434\u043e\u043b\u0436\u0435\u043d\u043d\u043e\u0441\u0442\u0438?: \u041f\u043e\u043b\u044c\u0437\u043e\u0432\u0430\u0442\u0435\u043b\u044c \u043f\u0440\u0435\u0434\u043f\u043e\u0447\u0435\u043b \u043d\u0435 \u043e\u0442\u0432\u0435\u0447\u0430\u0442\u044c \u043d\u0430 \u0434\u0430\u043d\u043d\u044b\u0439 \u0432\u043e\u043f\u0440\u043e\u0441\n\u0415\u0441\u0442\u044c \u043b\u0438 \u0443 \u0412\u0430\u0441 \u043f\u0440\u043e\u0441\u0440\u043e\u0447\u0435\u043d\u043d\u0430\u044f \u0437\u0430\u0434\u043e\u043b\u0436\u0435\u043d\u043d\u043e\u0441\u0442\u044c?: \u041f\u043e\u043b\u044c\u0437\u043e\u0432\u0430\u0442\u0435\u043b\u044c \u043f\u0440\u0435\u0434\u043f\u043e\u0447\u0435\u043b \u043d\u0435 \u043e\u0442\u0432\u0435\u0447\u0430\u0442\u044c \u043d\u0430 \u0434
POST: Array
(
)

Quiz/Комментарии: Array
(
)

Собранные комментарии (для лога): 
Comments: Укажите сумму своей задолженности?: Пользователь предпочел не отвечать на данный вопрос
Есть ли у Вас просроченная задолженность?: Пользователь предпочел не отвечать на данный вопрос
Есть ли у Вас в собственности имущество?: Пользователь предпочел не отвечать на данный вопрос
Где Вам удобно получить заключение по своей ситуации?: Пользователь предпочел не отвечать на данный вопрос
Город: Калуга

Отправка комментариев в Bitrix: ДА
Поля для Bitrix: Array
(
    [UTM_SOURCE] => VK-ADS
    [UTM_MEDIUM] => 17515512
    [UTM_CAMPAIGN] => 129575156
    [UTM_CONTENT] => 208008144
    [UTM_TERM] => 780485
    [NAME] => Евгений
    [PHONE] => Array
        (
            [0] => Array
                (
                    [VALUE] => +79805108416
                    [VALUE_TYPE] => MOBILE
                )

        )

    [ASSIGNED_BY_ID] => 1
    [TITLE] => Новая заявка - +79805108416
    [OPENED] => Y
    [STATUS_ID] => NEW
    [SOURCE_ID] => 1084
    [COMMENTS] => <b>Comments:</b> Укажите сумму своей задолженности?: Пользователь предпочел не отвечать на данный вопрос
Есть ли у Вас просроченная задолженность?: Пользователь предпочел не отвечать на данный вопрос
Есть ли у Вас в собственности имущество?: Пользователь предпочел не отвечать на данный вопрос
Где Вам удобно получить заключение по своей ситуации?: Пользователь предпочел не отвечать на данный вопрос<br><b>Город:</b> Калуга<br>
)

Bitrix Response: {"result":654571,"time":{"start":1771945822,"finish":1771945824.712434,"duration":2.7124340534210205,"processing":2,"date_start":"2026-02-24T18:10:22+03:00","date_finish":"2026-02-24T18:10:24+03:00","operating_reset_at":1771946422,"operating":10.52009630203247}}
Статус: Успешно (Lead ID: 654571)
--------------------------------------------------

Время: 24.02.2026 20:08:24
Сервис: ВК
From: Заявка из ВК
Клиент: Array
(
    [name] => Никита
    [phone] => +79533215345
    [email] => 
)

Город: Калуга (ID: не найден)
RAW Input: {
    "name": "\u041d\u0438\u043a\u0438\u0442\u0430",
    "phone": "+79533215345",
    "Comments": "\u0423\u043a\u0430\u0436\u0438\u0442\u0435 \u0441\u0443\u043c\u043c\u0443 \u0441\u0432\u043e\u0435\u0439 \u0437\u0430\u0434\u043e\u043b\u0436\u0435\u043d\u043d\u043e\u0441\u0442\u0438?: \u041e\u0442 500 000 \u0434\u043e 1 000 000 \u0440\u0443\u0431.\n\u0415\u0441\u0442\u044c \u043b\u0438 \u0443 \u0412\u0430\u0441 \u043f\u0440\u043e\u0441\u0440\u043e\u0447\u0435\u043d\u043d\u0430\u044f \u0437\u0430\u0434\u043e\u043b\u0436\u0435\u043d\u043d\u043e\u0441\u0442\u044c?: \u0414\u0430 (\u0434\u043e 3-\u0445 \u043c\u0435\u0441\u044f\u0446\u0435\u0432)\n\u0415\u0441\u0442\u044c \u043b\u0438 \u0443 \u0412\u0430\u0441 \u0432 \u0441\u043e\u0431\u0441\u0442\u0432\u0435\u043d\u043d\u043e\u0441\u0442\u0438 \u0438\u043c\u0443\u0449\u0435\u0441\u0442\u0432\u043e?: \u041d\u0435\u0442\n\u0413\u0434\u0435 \u0412\u0430\u043c \u0443\u0434\u043e\u0431\u043d\u043e \u043f\u043e\u043b\u0443\u0447\u0438\u0442\u0
POST: Array
(
)

Quiz/Комментарии: Array
(
)

Собранные комментарии (для лога): 
Comments: Укажите сумму своей задолженности?: От 500 000 до 1 000 000 руб.
Есть ли у Вас просроченная задолженность?: Да (до 3-х месяцев)
Есть ли у Вас в собственности имущество?: Нет
Где Вам удобно получить заключение по своей ситуации?: WhatsApp
Город: Калуга

Отправка комментариев в Bitrix: ДА
Поля для Bitrix: Array
(
    [UTM_SOURCE] => VK-ADS
    [UTM_MEDIUM] => 17515512
    [UTM_CAMPAIGN] => 129575155
    [UTM_CONTENT] => 208008143
    [UTM_TERM] => 780485
    [NAME] => Никита
    [PHONE] => Array
        (
            [0] => Array
                (
                    [VALUE] => +79533215345
                    [VALUE_TYPE] => MOBILE
                )

        )

    [ASSIGNED_BY_ID] => 1
    [TITLE] => Новая заявка - +79533215345
    [OPENED] => Y
    [STATUS_ID] => NEW
    [SOURCE_ID] => 1084
    [COMMENTS] => <b>Comments:</b> Укажите сумму своей задолженности?: От 500 000 до 1 000 000 руб.
Есть ли у Вас просроченная задолженность?: Да (до 3-х месяцев)
Есть ли у Вас в собственности имущество?: Нет
Где Вам удобно получить заключение по своей ситуации?: WhatsApp<br><b>Город:</b> Калуга<br>
)

Bitrix Response: {"result":654615,"time":{"start":1771952904,"finish":1771952906.595921,"duration":2.595921039581299,"processing":2,"date_start":"2026-02-24T20:08:24+03:00","date_finish":"2026-02-24T20:08:26+03:00","operating_reset_at":1771953504,"operating":4.075062036514282}}
Статус: Успешно (Lead ID: 654615)
--------------------------------------------------

Время: 25.02.2026 13:41:48
Сервис: ВК
From: Заявка из ВК
Клиент: Array
(
    [name] => Иван
    [phone] => +79999999999
    [email] => 
)

Город: Калуга (ID: не найден)
RAW Input: {
    "name": "\u0418\u0432\u0430\u043d",
    "phone": "+79999999999",
    "Comments": "\u0421\u0443\u043c\u043c\u0430 \u0432\u0430\u0448\u0435\u0433\u043e \u0434\u043e\u043b\u0433\u0430?: \u041f\u043e\u043b\u044c\u0437\u043e\u0432\u0430\u0442\u0435\u043b\u044c \u043f\u0440\u0435\u0434\u043f\u043e\u0447\u0435\u043b \u043d\u0435 \u043e\u0442\u0432\u0435\u0447\u0430\u0442\u044c \u043d\u0430 \u0434\u0430\u043d\u043d\u044b\u0439 \u0432\u043e\u043f\u0440\u043e\u0441\n\u0415\u0441\u0442\u044c \u043b\u0438 \u0443 \u0412\u0430\u0441 \u0438\u043c\u0443\u0449\u0435\u0441\u0442\u0432\u043e \u0432 \u0441\u043e\u0431\u0441\u0442\u0432\u0435\u043d\u043d\u043e\u0441\u0442\u0438?: \u041f\u043e\u043b\u044c\u0437\u043e\u0432\u0430\u0442\u0435\u043b\u044c \u043f\u0440\u0435\u0434\u043f\u043e\u0447\u0435\u043b \u043d\u0435 \u043e\u0442\u0432\u0435\u0447\u0430\u0442\u044c \u043d\u0430 \u0434\u0430\u043d\u043d\u044b\u0439 \u0432\u043e\u043f\u0440\u043e\u0441\n\u0415\u0441\u0442\u044c \u043b\u0438 \u0443 
POST: Array
(
)

Quiz/Комментарии: Array
(
)

Собранные комментарии (для лога): 
Comments: Сумма вашего долга?: Пользователь предпочел не отвечать на данный вопрос
Есть ли у Вас имущество в собственности?: Пользователь предпочел не отвечать на данный вопрос
Есть ли у Вас просроченная задолженность?: Пользователь предпочел не отвечать на данный вопрос
Из какого города вы обращаетесь?: Пользователь предпочел не отвечать на данный вопрос
Город: Калуга

Отправка комментариев в Bitrix: ДА
Поля для Bitrix: Array
(
    [UTM_SOURCE] => VK-ADS
    [UTM_MEDIUM] => 0
    [UTM_CAMPAIGN] => 0
    [UTM_CONTENT] => 0
    [UTM_TERM] => 780486
    [NAME] => Иван
    [PHONE] => Array
        (
            [0] => Array
                (
                    [VALUE] => +79999999999
                    [VALUE_TYPE] => MOBILE
                )

        )

    [ASSIGNED_BY_ID] => 1
    [TITLE] => Новая заявка - +79999999999
    [OPENED] => Y
    [STATUS_ID] => NEW
    [SOURCE_ID] => 1084
    [COMMENTS] => <b>Comments:</b> Сумма вашего долга?: Пользователь предпочел не отвечать на данный вопрос
Есть ли у Вас имущество в собственности?: Пользователь предпочел не отвечать на данный вопрос
Есть ли у Вас просроченная задолженность?: Пользователь предпочел не отвечать на данный вопрос
Из какого города вы обращаетесь?: Пользователь предпочел не отвечать на данный вопрос<br><b>Город:</b> Калуга<br>
)

Bitrix Response: {"result":655049,"time":{"start":1772016108,"finish":1772016111.331496,"duration":3.331496000289917,"processing":3,"date_start":"2026-02-25T13:41:48+03:00","date_finish":"2026-02-25T13:41:51+03:00","operating_reset_at":1772016708,"operating":6.425507068634033}}
Статус: Успешно (Lead ID: 655049)
--------------------------------------------------

Время: 25.02.2026 13:45:37
Сервис: ВК
From: Заявка из ВК
Клиент: Array
(
    [name] => Иван
    [phone] => +79999999999
    [email] => 
)

Город: Калуга (ID: 5)
RAW Input: {
    "name": "\u0418\u0432\u0430\u043d",
    "phone": "+79999999999",
    "Comments": "\u0415\u0441\u0442\u044c \u043b\u0438 \u0443 \u0412\u0430\u0441 \u0432 \u0441\u043e\u0431\u0441\u0442\u0432\u0435\u043d\u043d\u043e\u0441\u0442\u0438 \u0438\u043c\u0443\u0449\u0435\u0441\u0442\u0432\u043e?: \u0414\u0430\n\u0413\u0434\u0435 \u0412\u0430\u043c \u0443\u0434\u043e\u0431\u043d\u043e \u043f\u043e\u043b\u0443\u0447\u0438\u0442\u044c \u0437\u0430\u043a\u043b\u044e\u0447\u0435\u043d\u0438\u0435 \u043f\u043e \u0441\u0432\u043e\u0435\u0439 \u0441\u0438\u0442\u0443\u0430\u0446\u0438\u0438?: WhatsApp\n\u0418\u0437 \u043a\u0430\u043a\u043e\u0433\u043e \u0433\u043e\u0440\u043e\u0434\u0430 \u0432\u044b \u043e\u0431\u0440\u0430\u0449\u0430\u0435\u0442\u0435\u0441\u044c?: \u041a\u0430\u043b\u0443\u0433\u0430\n\u0423\u043a\u0430\u0436\u0438\u0442\u0435 \u0441\u0443\u043c\u043c\u0443 \u0441\u0432\u043e\u0435\u0439 \u0437\u0430\u0434\u043e\u043b\u0436\u0435\u043d\u043d\u043e\u0441\u0442\u0438?: \u041
POST: Array
(
)

Quiz/Комментарии: Array
(
)

Собранные комментарии (для лога): 
Comments: Есть ли у Вас в собственности имущество?: Да
Где Вам удобно получить заключение по своей ситуации?: WhatsApp
Из какого города вы обращаетесь?: Калуга
Укажите сумму своей задолженности?: Пользователь предпочел не отвечать на данный вопрос
Есть ли у Вас просроченная задолженность?: Пользователь предпочел не отвечать на данный вопрос
Город: Калуга

Отправка комментариев в Bitrix: ДА
Поля для Bitrix: Array
(
    [UTM_SOURCE] => VK-ADS
    [UTM_MEDIUM] => 0
    [UTM_CAMPAIGN] => 0
    [UTM_CONTENT] => 0
    [UTM_TERM] => 780485
    [NAME] => Иван
    [PHONE] => Array
        (
            [0] => Array
                (
                    [VALUE] => +79999999999
                    [VALUE_TYPE] => MOBILE
                )

        )

    [ASSIGNED_BY_ID] => 1
    [TITLE] => Новая заявка - +79999999999
    [OPENED] => Y
    [STATUS_ID] => NEW
    [SOURCE_ID] => 1084
    [COMMENTS] => <b>Comments:</b> Есть ли у Вас в собственности имущество?: Да
Где Вам удобно получить заключение по своей ситуации?: WhatsApp
Из какого города вы обращаетесь?: Калуга
Укажите сумму своей задолженности?: Пользователь предпочел не отвечать на данный вопрос
Есть ли у Вас просроченная задолженность?: Пользователь предпочел не отвечать на данный вопрос<br><b>Город:</b> Калуга<br>
)

Bitrix Response: {"result":655057,"time":{"start":1772016337,"finish":1772016339.909778,"duration":2.909778118133545,"processing":2,"date_start":"2026-02-25T13:45:37+03:00","date_finish":"2026-02-25T13:45:39+03:00","operating_reset_at":1772016937,"operating":5.564409017562866}}
Статус: Успешно (Lead ID: 655057)
--------------------------------------------------

Время: 25.02.2026 13:51:01
Сервис: ВК
From: Заявка из ВК
Клиент: Array
(
    [name] => Иван
    [phone] => +79999999999
    [email] => 
)

Город: Другой город (ID: не найден)
RAW Input: {
    "name": "\u0418\u0432\u0430\u043d",
    "phone": "+79999999999",
    "Comments": "\u0415\u0441\u0442\u044c \u043b\u0438 \u0443 \u0412\u0430\u0441 \u0432 \u0441\u043e\u0431\u0441\u0442\u0432\u0435\u043d\u043d\u043e\u0441\u0442\u0438 \u0438\u043c\u0443\u0449\u0435\u0441\u0442\u0432\u043e?: \u041d\u0435\u0442\n\u0413\u0434\u0435 \u0412\u0430\u043c \u0443\u0434\u043e\u0431\u043d\u043e \u043f\u043e\u043b\u0443\u0447\u0438\u0442\u044c \u0437\u0430\u043a\u043b\u044e\u0447\u0435\u043d\u0438\u0435 \u043f\u043e \u0441\u0432\u043e\u0435\u0439 \u0441\u0438\u0442\u0443\u0430\u0446\u0438\u0438?: \u041f\u043e \u0442\u0435\u043b\u0435\u0444\u043e\u043d\u0443 (\u0431\u0435\u0441\u043f\u043b\u0430\u0442\u043d\u043e)\n\u0418\u0437 \u043a\u0430\u043a\u043e\u0433\u043e \u0433\u043e\u0440\u043e\u0434\u0430 \u0432\u044b \u043e\u0431\u0440\u0430\u0449\u0430\u0435\u0442\u0435\u0441\u044c?: \u0414\u0440\u0443\u0433\u043e\u0439 \u0433\u043e\u0440\u043e\u0434 \n\u0423\u043a\u0430\u0436\u0438\u0442\u0435 
POST: Array
(
)

Quiz/Комментарии: Array
(
)

Собранные комментарии (для лога): 
Comments: Есть ли у Вас в собственности имущество?: Нет
Где Вам удобно получить заключение по своей ситуации?: По телефону (бесплатно)
Из какого города вы обращаетесь?: Другой город 
Укажите сумму своей задолженности?: Свыше 1 000 000 руб.
Есть ли у Вас просроченная задолженность?: Пользователь предпочел не отвечать на данный вопрос
Город: Другой город

Отправка комментариев в Bitrix: ДА
Поля для Bitrix: Array
(
    [UTM_SOURCE] => VK-ADS
    [UTM_MEDIUM] => 0
    [UTM_CAMPAIGN] => 0
    [UTM_CONTENT] => 0
    [UTM_TERM] => 780485
    [NAME] => Иван
    [PHONE] => Array
        (
            [0] => Array
                (
                    [VALUE] => +79999999999
                    [VALUE_TYPE] => MOBILE
                )

        )

    [ASSIGNED_BY_ID] => 1
    [TITLE] => Новая заявка - +79999999999
    [OPENED] => Y
    [STATUS_ID] => NEW
    [SOURCE_ID] => 1084
    [COMMENTS] => <b>Comments:</b> Есть ли у Вас в собственности имущество?: Нет
Где Вам удобно получить заключение по своей ситуации?: По телефону (бесплатно)
Из какого города вы обращаетесь?: Другой город 
Укажите сумму своей задолженности?: Свыше 1 000 000 руб.
Есть ли у Вас просроченная задолженность?: Пользователь предпочел не отвечать на данный вопрос<br><b>Город:</b> Другой город<br>
)

Bitrix Response: {"result":655063,"time":{"start":1772016661,"finish":1772016664.008714,"duration":3.008713960647583,"processing":3,"date_start":"2026-02-25T13:51:01+03:00","date_finish":"2026-02-25T13:51:04+03:00","operating_reset_at":1772017261,"operating":5.4831109046936035}}
Статус: Успешно (Lead ID: 655063)
--------------------------------------------------

Время: 25.02.2026 13:58:19
Сервис: ВК
From: Заявка из ВК
Клиент: Array
(
    [name] => Иван
    [phone] => +79999999999
    [email] => 
)

Город: Брянск (ID: 264605)
RAW Input: {
    "name": "\u0418\u0432\u0430\u043d",
    "phone": "+79999999999",
    "Comments": "\u0413\u0434\u0435 \u0412\u0430\u043c \u0443\u0434\u043e\u0431\u043d\u043e \u043f\u043e\u043b\u0443\u0447\u0438\u0442\u044c \u0437\u0430\u043a\u043b\u044e\u0447\u0435\u043d\u0438\u0435 \u043f\u043e \u0441\u0432\u043e\u0435\u0439 \u0441\u0438\u0442\u0443\u0430\u0446\u0438\u0438?: \u041f\u043e \u0442\u0435\u043b\u0435\u0444\u043e\u043d\u0443 (\u0431\u0435\u0441\u043f\u043b\u0430\u0442\u043d\u043e)\n\u0418\u0437 \u043a\u0430\u043a\u043e\u0433\u043e \u0433\u043e\u0440\u043e\u0434\u0430 \u0432\u044b \u043e\u0431\u0440\u0430\u0449\u0430\u0435\u0442\u0435\u0441\u044c?: \u0411\u0440\u044f\u043d\u0441\u043a\n\u0423\u043a\u0430\u0436\u0438\u0442\u0435 \u0441\u0443\u043c\u043c\u0443 \u0441\u0432\u043e\u0435\u0439 \u0437\u0430\u0434\u043e\u043b\u0436\u0435\u043d\u043d\u043e\u0441\u0442\u0438?: \u041f\u043e\u043b\u044c\u0437\u043e\u0432\u0430\u0442\u0435\u043b\u044c \u043f\u0440\u0435\u0434\u043f\u043e\u0447\
POST: Array
(
)

Quiz/Комментарии: Array
(
)

Собранные комментарии (для лога): 
Comments: Где Вам удобно получить заключение по своей ситуации?: По телефону (бесплатно)
Из какого города вы обращаетесь?: Брянск
Укажите сумму своей задолженности?: Пользователь предпочел не отвечать на данный вопрос
Есть ли у Вас просроченная задолженность?: Пользователь предпочел не отвечать на данный вопрос
Есть ли у Вас в собственности имущество?: Пользователь предпочел не отвечать на данный вопрос
Город: Брянск

Отправка комментариев в Bitrix: ДА
Поля для Bitrix: Array
(
    [UTM_SOURCE] => VK-ADS
    [UTM_MEDIUM] => 0
    [UTM_CAMPAIGN] => 0
    [UTM_CONTENT] => 0
    [UTM_TERM] => 780485
    [NAME] => Иван
    [PHONE] => Array
        (
            [0] => Array
                (
                    [VALUE] => +79999999999
                    [VALUE_TYPE] => MOBILE
                )

        )

    [ASSIGNED_BY_ID] => 1
    [TITLE] => Новая заявка - +79999999999
    [OPENED] => Y
    [STATUS_ID] => NEW
    [SOURCE_ID] => 1084
    [COMMENTS] => <b>Comments:</b> Где Вам удобно получить заключение по своей ситуации?: По телефону (бесплатно)
Из какого города вы обращаетесь?: Брянск
Укажите сумму своей задолженности?: Пользователь предпочел не отвечать на данный вопрос
Есть ли у Вас просроченная задолженность?: Пользователь предпочел не отвечать на данный вопрос
Есть ли у Вас в собственности имущество?: Пользователь предпочел не отвечать на данный вопрос<br><b>Город:</b> Брянск<br>
)

Bitrix Response: {"result":655065,"time":{"start":1772017100,"finish":1772017102.894326,"duration":2.8943259716033936,"processing":2,"date_start":"2026-02-25T13:58:20+03:00","date_finish":"2026-02-25T13:58:22+03:00","operating_reset_at":1772017700,"operating":5.535080909729004}}
Статус: Успешно (Lead ID: 655065)
--------------------------------------------------

Время: 25.02.2026 13:58:27
Сервис: ВК
From: Заявка из ВК
Клиент: Array
(
    [name] => Иван
    [phone] => +79999999999
    [email] => 
)

Город: Калуга (ID: 5)
RAW Input: {
    "name": "\u0418\u0432\u0430\u043d",
    "phone": "+79999999999",
    "Comments": "\u0415\u0441\u0442\u044c \u043b\u0438 \u0443 \u0412\u0430\u0441 \u0438\u043c\u0443\u0449\u0435\u0441\u0442\u0432\u043e \u0432 \u0441\u043e\u0431\u0441\u0442\u0432\u0435\u043d\u043d\u043e\u0441\u0442\u0438?: \u041d\u0435\u0442\n\u0418\u0437 \u043a\u0430\u043a\u043e\u0433\u043e \u0433\u043e\u0440\u043e\u0434\u0430 \u0432\u044b \u043e\u0431\u0440\u0430\u0449\u0430\u0435\u0442\u0435\u0441\u044c?: \u041a\u0430\u043b\u0443\u0433\u0430\n\u0415\u0441\u0442\u044c \u043b\u0438 \u0443 \u0412\u0430\u0441 \u043f\u0440\u043e\u0441\u0440\u043e\u0447\u0435\u043d\u043d\u0430\u044f \u0437\u0430\u0434\u043e\u043b\u0436\u0435\u043d\u043d\u043e\u0441\u0442\u044c?: \u041f\u043e\u043b\u044c\u0437\u043e\u0432\u0430\u0442\u0435\u043b\u044c \u043f\u0440\u0435\u0434\u043f\u043e\u0447\u0435\u043b \u043d\u0435 \u043e\u0442\u0432\u0435\u0447\u0430\u0442\u044c \u043d\u0430 \u0434\u0430\u043d\u043d\u044b\u0439 \u0432\u043e\u043
POST: Array
(
)

Quiz/Комментарии: Array
(
)

Собранные комментарии (для лога): 
Comments: Есть ли у Вас имущество в собственности?: Нет
Из какого города вы обращаетесь?: Калуга
Есть ли у Вас просроченная задолженность?: Пользователь предпочел не отвечать на данный вопрос
Сумма вашего долга?: Пользователь предпочел не отвечать на данный вопрос
Город: Калуга

Отправка комментариев в Bitrix: ДА
Поля для Bitrix: Array
(
    [UTM_SOURCE] => VK-ADS
    [UTM_MEDIUM] => 0
    [UTM_CAMPAIGN] => 0
    [UTM_CONTENT] => 0
    [UTM_TERM] => 780486
    [NAME] => Иван
    [PHONE] => Array
        (
            [0] => Array
                (
                    [VALUE] => +79999999999
                    [VALUE_TYPE] => MOBILE
                )

        )

    [ASSIGNED_BY_ID] => 1
    [TITLE] => Новая заявка - +79999999999
    [OPENED] => Y
    [STATUS_ID] => NEW
    [SOURCE_ID] => 1084
    [COMMENTS] => <b>Comments:</b> Есть ли у Вас имущество в собственности?: Нет
Из какого города вы обращаетесь?: Калуга
Есть ли у Вас просроченная задолженность?: Пользователь предпочел не отвечать на данный вопрос
Сумма вашего долга?: Пользователь предпочел не отвечать на данный вопрос<br><b>Город:</b> Калуга<br>
)

Bitrix Response: {"result":655067,"time":{"start":1772017107,"finish":1772017110.370779,"duration":3.370779037475586,"processing":3,"date_start":"2026-02-25T13:58:27+03:00","date_finish":"2026-02-25T13:58:30+03:00","operating_reset_at":1772017707,"operating":8.475892782211304}}
Статус: Успешно (Lead ID: 655067)
--------------------------------------------------

Время: 25.02.2026 13:58:37
Сервис: ВК
From: Заявка из ВК
Клиент: Array
(
    [name] => Иван
    [phone] => +79999999999
    [email] => 
)

Город: Орёл (ID: 1126563)
RAW Input: {
    "name": "\u0418\u0432\u0430\u043d",
    "phone": "+79999999999",
    "Comments": "\u0415\u0441\u0442\u044c \u043b\u0438 \u0443 \u0412\u0430\u0441 \u0432 \u0441\u043e\u0431\u0441\u0442\u0432\u0435\u043d\u043d\u043e\u0441\u0442\u0438 \u0438\u043c\u0443\u0449\u0435\u0441\u0442\u0432\u043e?: \u0414\u0430\n\u0418\u0437 \u043a\u0430\u043a\u043e\u0433\u043e \u0433\u043e\u0440\u043e\u0434\u0430 \u0432\u044b \u043e\u0431\u0440\u0430\u0449\u0430\u0435\u0442\u0435\u0441\u044c?: \u041e\u0440\u0451\u043b\n\u0423\u043a\u0430\u0436\u0438\u0442\u0435 \u0441\u0443\u043c\u043c\u0443 \u0441\u0432\u043e\u0435\u0439 \u0437\u0430\u0434\u043e\u043b\u0436\u0435\u043d\u043d\u043e\u0441\u0442\u0438?: \u0421\u0432\u044b\u0448\u0435 1 000 000 \u0440\u0443\u0431.\n\u0415\u0441\u0442\u044c \u043b\u0438 \u0443 \u0412\u0430\u0441 \u043f\u0440\u043e\u0441\u0440\u043e\u0447\u0435\u043d\u043d\u0430\u044f \u0437\u0430\u0434\u043e\u043b\u0436\u0435\u043d\u043d\u043e\u0441\u0442\u044c?: \u041f\u043e\u043b\u044c\u0
POST: Array
(
)

Quiz/Комментарии: Array
(
)

Собранные комментарии (для лога): 
Comments: Есть ли у Вас в собственности имущество?: Да
Из какого города вы обращаетесь?: Орёл
Укажите сумму своей задолженности?: Свыше 1 000 000 руб.
Есть ли у Вас просроченная задолженность?: Пользователь предпочел не отвечать на данный вопрос
Где Вам удобно получить заключение по своей ситуации?: Пользователь предпочел не отвечать на данный вопрос
Город: Орёл

Отправка комментариев в Bitrix: ДА
Поля для Bitrix: Array
(
    [UTM_SOURCE] => VK-ADS
    [UTM_MEDIUM] => 0
    [UTM_CAMPAIGN] => 0
    [UTM_CONTENT] => 0
    [UTM_TERM] => 780485
    [NAME] => Иван
    [PHONE] => Array
        (
            [0] => Array
                (
                    [VALUE] => +79999999999
                    [VALUE_TYPE] => MOBILE
                )

        )

    [ASSIGNED_BY_ID] => 1
    [TITLE] => Новая заявка - +79999999999
    [OPENED] => Y
    [STATUS_ID] => NEW
    [SOURCE_ID] => 1084
    [COMMENTS] => <b>Comments:</b> Есть ли у Вас в собственности имущество?: Да
Из какого города вы обращаетесь?: Орёл
Укажите сумму своей задолженности?: Свыше 1 000 000 руб.
Есть ли у Вас просроченная задолженность?: Пользователь предпочел не отвечать на данный вопрос
Где Вам удобно получить заключение по своей ситуации?: Пользователь предпочел не отвечать на данный вопрос<br><b>Город:</b> Орёл<br>
)

Bitrix Response: {"result":655069,"time":{"start":1772017117,"finish":1772017120.703108,"duration":3.703108072280884,"processing":3,"date_start":"2026-02-25T13:58:37+03:00","date_finish":"2026-02-25T13:58:40+03:00","operating_reset_at":1772017717,"operating":11.559743642807007}}
Статус: Успешно (Lead ID: 655069)
--------------------------------------------------

Время: 25.02.2026 14:01:09
Сервис: ВК
From: Заявка из ВК
Клиент: Array
(
    [name] => Иван
    [phone] => +79999999999
    [email] => 
)

Город: Пользователь предпочел не отвечать на данный вопрос (ID: не найден)
RAW Input: {
    "name": "\u0418\u0432\u0430\u043d",
    "phone": "+79999999999",
    "Comments": "\u0415\u0441\u0442\u044c \u043b\u0438 \u0443 \u0412\u0430\u0441 \u043f\u0440\u043e\u0441\u0440\u043e\u0447\u0435\u043d\u043d\u0430\u044f \u0437\u0430\u0434\u043e\u043b\u0436\u0435\u043d\u043d\u043e\u0441\u0442\u044c?: \u0414\u0430 (\u0434\u043e 3-\u0445 \u043c\u0435\u0441\u044f\u0446\u0435\u0432)\n\u0421\u0443\u043c\u043c\u0430 \u0432\u0430\u0448\u0435\u0433\u043e \u0434\u043e\u043b\u0433\u0430?: \u0411\u043e\u043b\u0435\u0435 1 \u043c\u043b\u043d \u0440\u0443\u0431\u043b\u0435\u0439\n\u0418\u0437 \u043a\u0430\u043a\u043e\u0433\u043e \u0433\u043e\u0440\u043e\u0434\u0430 \u0432\u044b \u043e\u0431\u0440\u0430\u0449\u0430\u0435\u0442\u0435\u0441\u044c?: \u041f\u043e\u043b\u044c\u0437\u043e\u0432\u0430\u0442\u0435\u043b\u044c \u043f\u0440\u0435\u0434\u043f\u043e\u0447\u0435\u043b \u043d\u0435 \u043e\u0442\u0432\u0435\u0447\u0430\u0442\u044c \u043d\u0430 \u0434\u0430\u043d\u043d\u044b\u0439 \u0432\u04
POST: Array
(
)

Quiz/Комментарии: Array
(
)

Собранные комментарии (для лога): 
Comments: Есть ли у Вас просроченная задолженность?: Да (до 3-х месяцев)
Сумма вашего долга?: Более 1 млн рублей
Из какого города вы обращаетесь?: Пользователь предпочел не отвечать на данный вопрос
Есть ли у Вас имущество в собственности?: Пользователь предпочел не отвечать на данный вопрос
Город: Пользователь предпочел не отвечать на данный вопрос

Отправка комментариев в Bitrix: ДА
Поля для Bitrix: Array
(
    [UTM_SOURCE] => VK-ADS
    [UTM_MEDIUM] => 0
    [UTM_CAMPAIGN] => 0
    [UTM_CONTENT] => 0
    [UTM_TERM] => 780486
    [NAME] => Иван
    [PHONE] => Array
        (
            [0] => Array
                (
                    [VALUE] => +79999999999
                    [VALUE_TYPE] => MOBILE
                )

        )

    [ASSIGNED_BY_ID] => 1
    [TITLE] => Новая заявка - +79999999999
    [OPENED] => Y
    [STATUS_ID] => NEW
    [SOURCE_ID] => 1117
    [COMMENTS] => <b>Comments:</b> Есть ли у Вас просроченная задолженность?: Да (до 3-х месяцев)
Сумма вашего долга?: Более 1 млн рублей
Из какого города вы обращаетесь?: Пользователь предпочел не отвечать на данный вопрос
Есть ли у Вас имущество в собственности?: Пользователь предпочел не отвечать на данный вопрос<br><b>Город:</b> Пользователь предпочел не отвечать на данный вопрос<br>
)

Bitrix Response: {"result":655073,"time":{"start":1772017269,"finish":1772017272.367313,"duration":3.3673129081726074,"processing":3,"date_start":"2026-02-25T14:01:09+03:00","date_finish":"2026-02-25T14:01:12+03:00","operating_reset_at":1772017869,"operating":11.525964736938477}}
Статус: Успешно (Lead ID: 655073)
--------------------------------------------------

Время: 25.02.2026 14:01:33
Сервис: ВК
From: Заявка из ВК
Клиент: Array
(
    [name] => Иван
    [phone] => +79999999999
    [email] => 
)

Город: Другой город (ID: не найден)
RAW Input: {
    "name": "\u0418\u0432\u0430\u043d",
    "phone": "+79999999999",
    "Comments": "\u0415\u0441\u0442\u044c \u043b\u0438 \u0443 \u0412\u0430\u0441 \u043f\u0440\u043e\u0441\u0440\u043e\u0447\u0435\u043d\u043d\u0430\u044f \u0437\u0430\u0434\u043e\u043b\u0436\u0435\u043d\u043d\u043e\u0441\u0442\u044c?: \u0414\u0430 (\u0431\u043e\u043b\u0435\u0435 3-\u0445 \u043c\u0435\u0441\u044f\u0446\u0435\u0432)\n\u0418\u0437 \u043a\u0430\u043a\u043e\u0433\u043e \u0433\u043e\u0440\u043e\u0434\u0430 \u0432\u044b \u043e\u0431\u0440\u0430\u0449\u0430\u0435\u0442\u0435\u0441\u044c?: \u0414\u0440\u0443\u0433\u043e\u0439 \u0433\u043e\u0440\u043e\u0434\n\u0421\u0443\u043c\u043c\u0430 \u0432\u0430\u0448\u0435\u0433\u043e \u0434\u043e\u043b\u0433\u0430?: \u041f\u043e\u043b\u044c\u0437\u043e\u0432\u0430\u0442\u0435\u043b\u044c \u043f\u0440\u0435\u0434\u043f\u043e\u0447\u0435\u043b \u043d\u0435 \u043e\u0442\u0432\u0435\u0447\u0430\u0442\u044c \u043d\u0430 \u0434\u0430\u043d\u043d\u044b\u0439 \u0432\u043e\
POST: Array
(
)

Quiz/Комментарии: Array
(
)

Собранные комментарии (для лога): 
Comments: Есть ли у Вас просроченная задолженность?: Да (более 3-х месяцев)
Из какого города вы обращаетесь?: Другой город
Сумма вашего долга?: Пользователь предпочел не отвечать на данный вопрос
Есть ли у Вас имущество в собственности?: Пользователь предпочел не отвечать на данный вопрос
Город: Другой город

Отправка комментариев в Bitrix: ДА
Поля для Bitrix: Array
(
    [UTM_SOURCE] => VK-ADS
    [UTM_MEDIUM] => 0
    [UTM_CAMPAIGN] => 0
    [UTM_CONTENT] => 0
    [UTM_TERM] => 780486
    [NAME] => Иван
    [PHONE] => Array
        (
            [0] => Array
                (
                    [VALUE] => +79999999999
                    [VALUE_TYPE] => MOBILE
                )

        )

    [ASSIGNED_BY_ID] => 1
    [TITLE] => Новая заявка - +79999999999
    [OPENED] => Y
    [STATUS_ID] => NEW
    [SOURCE_ID] => 1117
    [COMMENTS] => <b>Comments:</b> Есть ли у Вас просроченная задолженность?: Да (более 3-х месяцев)
Из какого города вы обращаетесь?: Другой город
Сумма вашего долга?: Пользователь предпочел не отвечать на данный вопрос
Есть ли у Вас имущество в собственности?: Пользователь предпочел не отвечать на данный вопрос<br><b>Город:</b> Другой город<br>
)

Bitrix Response: {"result":655075,"time":{"start":1772017293,"finish":1772017296.174399,"duration":3.174398899078369,"processing":3,"date_start":"2026-02-25T14:01:33+03:00","date_finish":"2026-02-25T14:01:36+03:00","operating_reset_at":1772017893,"operating":14.214290857315063}}
Статус: Успешно (Lead ID: 655075)
--------------------------------------------------

Время: 25.02.2026 14:01:44
Сервис: ВК
From: Заявка из ВК
Клиент: Array
(
    [name] => Иван
    [phone] => +79999999999
    [email] => 
)

Город: Пользователь предпочел не отвечать на данный вопрос (ID: не найден)
RAW Input: {
    "name": "\u0418\u0432\u0430\u043d",
    "phone": "+79999999999",
    "Comments": "\u0415\u0441\u0442\u044c \u043b\u0438 \u0443 \u0412\u0430\u0441 \u043f\u0440\u043e\u0441\u0440\u043e\u0447\u0435\u043d\u043d\u0430\u044f \u0437\u0430\u0434\u043e\u043b\u0436\u0435\u043d\u043d\u043e\u0441\u0442\u044c?: \u0414\u0430 (\u0431\u043e\u043b\u0435\u0435 12-\u0442\u0438 \u043c\u0435\u0441\u044f\u0446\u0435\u0432)\n\u0413\u0434\u0435 \u0412\u0430\u043c \u0443\u0434\u043e\u0431\u043d\u043e \u043f\u043e\u043b\u0443\u0447\u0438\u0442\u044c \u0437\u0430\u043a\u043b\u044e\u0447\u0435\u043d\u0438\u0435 \u043f\u043e \u0441\u0432\u043e\u0435\u0439 \u0441\u0438\u0442\u0443\u0430\u0446\u0438\u0438?: WhatsApp\n\u0423\u043a\u0430\u0436\u0438\u0442\u0435 \u0441\u0443\u043c\u043c\u0443 \u0441\u0432\u043e\u0435\u0439 \u0437\u0430\u0434\u043e\u043b\u0436\u0435\u043d\u043d\u043e\u0441\u0442\u0438?: \u0414\u043e 250 000 \u0440\u0443\u0431.\n\u0415\u0441\u0442\u044c \u043b\u0438 \u0443 \u0412\u0430\u0441 \u0
POST: Array
(
)

Quiz/Комментарии: Array
(
)

Собранные комментарии (для лога): 
Comments: Есть ли у Вас просроченная задолженность?: Да (более 12-ти месяцев)
Где Вам удобно получить заключение по своей ситуации?: WhatsApp
Укажите сумму своей задолженности?: До 250 000 руб.
Есть ли у Вас в собственности имущество?: Пользователь предпочел не отвечать на данный вопрос
Из какого города вы обращаетесь?: Пользователь предпочел не отвечать на данный вопрос
Город: Пользователь предпочел не отвечать на данный вопрос

Отправка комментариев в Bitrix: ДА
Поля для Bitrix: Array
(
    [UTM_SOURCE] => VK-ADS
    [UTM_MEDIUM] => 0
    [UTM_CAMPAIGN] => 0
    [UTM_CONTENT] => 0
    [UTM_TERM] => 780485
    [NAME] => Иван
    [PHONE] => Array
        (
            [0] => Array
                (
                    [VALUE] => +79999999999
                    [VALUE_TYPE] => MOBILE
                )

        )

    [ASSIGNED_BY_ID] => 1
    [TITLE] => Новая заявка - +79999999999
    [OPENED] => Y
    [STATUS_ID] => NEW
    [SOURCE_ID] => 1117
    [COMMENTS] => <b>Comments:</b> Есть ли у Вас просроченная задолженность?: Да (более 12-ти месяцев)
Где Вам удобно получить заключение по своей ситуации?: WhatsApp
Укажите сумму своей задолженности?: До 250 000 руб.
Есть ли у Вас в собственности имущество?: Пользователь предпочел не отвечать на данный вопрос
Из какого города вы обращаетесь?: Пользователь предпочел не отвечать на данный вопрос<br><b>Город:</b> Пользователь предпочел не отвечать на данный вопрос<br>
)

Bitrix Response: {"result":655077,"time":{"start":1772017305,"finish":1772017307.741844,"duration":2.7418439388275146,"processing":2,"date_start":"2026-02-25T14:01:45+03:00","date_finish":"2026-02-25T14:01:47+03:00","operating_reset_at":1772017905,"operating":16.914896965026855}}
Статус: Успешно (Lead ID: 655077)
--------------------------------------------------

Время: 25.02.2026 14:10:16
Сервис: ВК
From: Заявка из ВК
Клиент: Array
(
    [name] => Иван
    [phone] => +79999999999
    [email] => 
)

Город: Пользователь предпочел не отвечать на данный вопрос (ID: не найден)
RAW Input: {
    "name": "\u0418\u0432\u0430\u043d",
    "phone": "+79999999999",
    "Comments": "\u0415\u0441\u0442\u044c \u043b\u0438 \u0443 \u0412\u0430\u0441 \u0432 \u0441\u043e\u0431\u0441\u0442\u0432\u0435\u043d\u043d\u043e\u0441\u0442\u0438 \u0438\u043c\u0443\u0449\u0435\u0441\u0442\u0432\u043e?: \u041d\u0435\u0442\n\u0415\u0441\u0442\u044c \u043b\u0438 \u0443 \u0412\u0430\u0441 \u043f\u0440\u043e\u0441\u0440\u043e\u0447\u0435\u043d\u043d\u0430\u044f \u0437\u0430\u0434\u043e\u043b\u0436\u0435\u043d\u043d\u043e\u0441\u0442\u044c?: \u0414\u0430 (\u0431\u043e\u043b\u0435\u0435 3-\u0445 \u043c\u0435\u0441\u044f\u0446\u0435\u0432)\n\u0413\u0434\u0435 \u0412\u0430\u043c \u0443\u0434\u043e\u0431\u043d\u043e \u043f\u043e\u043b\u0443\u0447\u0438\u0442\u044c \u0437\u0430\u043a\u043b\u044e\u0447\u0435\u043d\u0438\u0435 \u043f\u043e \u0441\u0432\u043e\u0435\u0439 \u0441\u0438\u0442\u0443\u0430\u0446\u0438\u0438?: \u041f\u043e \u0442\u0435\u043b\u0435\u0444\u043e\u043d\u0443 (\u0431\u0435\u0441\u04
POST: Array
(
)

Quiz/Комментарии: Array
(
)

Собранные комментарии (для лога): 
Comments: Есть ли у Вас в собственности имущество?: Нет
Есть ли у Вас просроченная задолженность?: Да (более 3-х месяцев)
Где Вам удобно получить заключение по своей ситуации?: По телефону (бесплатно)
Укажите сумму своей задолженности?: От 250 000 до 500 000 руб.
Из какого города вы обращаетесь?: Пользователь предпочел не отвечать на данный вопрос
Город: Пользователь предпочел не отвечать на данный вопрос

Отправка комментариев в Bitrix: ДА
Поля для Bitrix: Array
(
    [UTM_SOURCE] => VK-ADS
    [UTM_MEDIUM] => 0
    [UTM_CAMPAIGN] => 0
    [UTM_CONTENT] => 0
    [UTM_TERM] => 780485
    [NAME] => Иван
    [PHONE] => Array
        (
            [0] => Array
                (
                    [VALUE] => +79999999999
                    [VALUE_TYPE] => MOBILE
                )

        )

    [ASSIGNED_BY_ID] => 1
    [TITLE] => Новая заявка - +79999999999
    [OPENED] => Y
    [STATUS_ID] => NEW
    [SOURCE_ID] => 1117
    [COMMENTS] => <b>Comments:</b> Есть ли у Вас в собственности имущество?: Нет
Есть ли у Вас просроченная задолженность?: Да (более 3-х месяцев)
Где Вам удобно получить заключение по своей ситуации?: По телефону (бесплатно)
Укажите сумму своей задолженности?: От 250 000 до 500 000 руб.
Из какого города вы обращаетесь?: Пользователь предпочел не отвечать на данный вопрос<br><b>Город:</b> Пользователь предпочел не отвечать на данный вопрос<br>
)

Bitrix Response: {"result":655087,"time":{"start":1772017816,"finish":1772017818.886438,"duration":2.8864378929138184,"processing":2,"date_start":"2026-02-25T14:10:16+03:00","date_finish":"2026-02-25T14:10:18+03:00","operating_reset_at":1772018416,"operating":10.61811637878418}}
Статус: Успешно (Lead ID: 655087)
--------------------------------------------------

Время: 25.02.2026 14:10:27
Сервис: ВК
From: Заявка из ВК
Клиент: Array
(
    [name] => Иван
    [phone] => +79999999999
    [email] => 
)

Город: Пользователь предпочел не отвечать на данный вопрос (ID: не найден)
RAW Input: {
    "name": "\u0418\u0432\u0430\u043d",
    "phone": "+79999999999",
    "Comments": "\u0415\u0441\u0442\u044c \u043b\u0438 \u0443 \u0412\u0430\u0441 \u0438\u043c\u0443\u0449\u0435\u0441\u0442\u0432\u043e \u0432 \u0441\u043e\u0431\u0441\u0442\u0432\u0435\u043d\u043d\u043e\u0441\u0442\u0438?: \u0414\u0430\n\u0421\u0443\u043c\u043c\u0430 \u0432\u0430\u0448\u0435\u0433\u043e \u0434\u043e\u043b\u0433\u0430?: \u041f\u043e\u043b\u044c\u0437\u043e\u0432\u0430\u0442\u0435\u043b\u044c \u043f\u0440\u0435\u0434\u043f\u043e\u0447\u0435\u043b \u043d\u0435 \u043e\u0442\u0432\u0435\u0447\u0430\u0442\u044c \u043d\u0430 \u0434\u0430\u043d\u043d\u044b\u0439 \u0432\u043e\u043f\u0440\u043e\u0441\n\u0415\u0441\u0442\u044c \u043b\u0438 \u0443 \u0412\u0430\u0441 \u043f\u0440\u043e\u0441\u0440\u043e\u0447\u0435\u043d\u043d\u0430\u044f \u0437\u0430\u0434\u043e\u043b\u0436\u0435\u043d\u043d\u043e\u0441\u0442\u044c?: \u041f\u043e\u043b\u044c\u0437\u043e\u0432\u0430\u0442\u0435\u043b\u044c \u043f\u0440\u0435
POST: Array
(
)

Quiz/Комментарии: Array
(
)

Собранные комментарии (для лога): 
Comments: Есть ли у Вас имущество в собственности?: Да
Сумма вашего долга?: Пользователь предпочел не отвечать на данный вопрос
Есть ли у Вас просроченная задолженность?: Пользователь предпочел не отвечать на данный вопрос
Из какого города вы обращаетесь?: Пользователь предпочел не отвечать на данный вопрос
Город: Пользователь предпочел не отвечать на данный вопрос

Отправка комментариев в Bitrix: ДА
Поля для Bitrix: Array
(
    [UTM_SOURCE] => VK-ADS
    [UTM_MEDIUM] => 0
    [UTM_CAMPAIGN] => 0
    [UTM_CONTENT] => 0
    [UTM_TERM] => 780486
    [NAME] => Иван
    [PHONE] => Array
        (
            [0] => Array
                (
                    [VALUE] => +79999999999
                    [VALUE_TYPE] => MOBILE
                )

        )

    [ASSIGNED_BY_ID] => 1
    [TITLE] => Новая заявка - +79999999999
    [OPENED] => Y
    [STATUS_ID] => NEW
    [SOURCE_ID] => 1117
    [COMMENTS] => <b>Comments:</b> Есть ли у Вас имущество в собственности?: Да
Сумма вашего долга?: Пользователь предпочел не отвечать на данный вопрос
Есть ли у Вас просроченная задолженность?: Пользователь предпочел не отвечать на данный вопрос
Из какого города вы обращаетесь?: Пользователь предпочел не отвечать на данный вопрос<br><b>Город:</b> Пользователь предпочел не отвечать на данный вопрос<br>
)

Bitrix Response: {"result":655091,"time":{"start":1772017827,"finish":1772017829.998174,"duration":2.998173952102661,"processing":2,"date_start":"2026-02-25T14:10:27+03:00","date_finish":"2026-02-25T14:10:29+03:00","operating_reset_at":1772018427,"operating":13.308531284332275}}
Статус: Успешно (Lead ID: 655091)
--------------------------------------------------

Время: 25.02.2026 14:13:38
Сервис: ВК
From: Заявка из ВК
Клиент: Array
(
    [name] => Иван
    [phone] => +79999999999
    [email] => 
)

Город: Пользователь предпочел не отвечать на данный вопрос (ID: не найден)
RAW Input: {
    "name": "\u0418\u0432\u0430\u043d",
    "phone": "+79999999999",
    "Comments": "\u0423\u043a\u0430\u0436\u0438\u0442\u0435 \u0441\u0443\u043c\u043c\u0443 \u0441\u0432\u043e\u0435\u0439 \u0437\u0430\u0434\u043e\u043b\u0436\u0435\u043d\u043d\u043e\u0441\u0442\u0438?: \u041e\u0442 500 000 \u0434\u043e 1 000 000 \u0440\u0443\u0431.\n\u0415\u0441\u0442\u044c \u043b\u0438 \u0443 \u0412\u0430\u0441 \u043f\u0440\u043e\u0441\u0440\u043e\u0447\u0435\u043d\u043d\u0430\u044f \u0437\u0430\u0434\u043e\u043b\u0436\u0435\u043d\u043d\u043e\u0441\u0442\u044c?: \u041f\u043e\u043b\u044c\u0437\u043e\u0432\u0430\u0442\u0435\u043b\u044c \u043f\u0440\u0435\u0434\u043f\u043e\u0447\u0435\u043b \u043d\u0435 \u043e\u0442\u0432\u0435\u0447\u0430\u0442\u044c \u043d\u0430 \u0434\u0430\u043d\u043d\u044b\u0439 \u0432\u043e\u043f\u0440\u043e\u0441\n\u0415\u0441\u0442\u044c \u043b\u0438 \u0443 \u0412\u0430\u0441 \u0432 \u0441\u043e\u0431\u0441\u0442\u0432\u0435\u043d\u043d\u043e\u0441\u0442\u0438 \u0438\u043c
POST: Array
(
)

Quiz/Комментарии: Array
(
)

Собранные комментарии (для лога): 
Comments: Укажите сумму своей задолженности?: От 500 000 до 1 000 000 руб.
Есть ли у Вас просроченная задолженность?: Пользователь предпочел не отвечать на данный вопрос
Есть ли у Вас в собственности имущество?: Пользователь предпочел не отвечать на данный вопрос
Где Вам удобно получить заключение по своей ситуации?: Пользователь предпочел не отвечать на данный вопрос
Из какого города вы обращаетесь?: Пользователь предпочел не отвечать на данный вопрос
Город: Пользователь предпочел не отвечать на данный вопрос

Отправка комментариев в Bitrix: ДА
Поля для Bitrix: Array
(
    [UTM_SOURCE] => VK-ADS
    [UTM_MEDIUM] => 0
    [UTM_CAMPAIGN] => 0
    [UTM_CONTENT] => 0
    [UTM_TERM] => 780485
    [NAME] => Иван
    [PHONE] => Array
        (
            [0] => Array
                (
                    [VALUE] => +79999999999
                    [VALUE_TYPE] => MOBILE
                )

        )

    [ASSIGNED_BY_ID] => 1
    [TITLE] => Новая заявка - +79999999999
    [UF_CRM_GOROD] => Пользователь предпочел не отвечать на данный вопрос
    [OPENED] => Y
    [STATUS_ID] => NEW
    [SOURCE_ID] => 1117
    [COMMENTS] => <b>Comments:</b> Укажите сумму своей задолженности?: От 500 000 до 1 000 000 руб.
Есть ли у Вас просроченная задолженность?: Пользователь предпочел не отвечать на данный вопрос
Есть ли у Вас в собственности имущество?: Пользователь предпочел не отвечать на данный вопрос
Где Вам удобно получить заключение по своей ситуации?: Пользователь предпочел не отвечать на данный вопрос
Из какого города вы обращаетесь?: Пользователь предпочел не отвечать на данный вопрос<br><b>Город:</b> Пользователь предпочел не отвечать на данный вопрос<br>
)

Bitrix Response: {"result":655097,"time":{"start":1772018018,"finish":1772018021.566434,"duration":3.566433906555176,"processing":3,"date_start":"2026-02-25T14:13:38+03:00","date_finish":"2026-02-25T14:13:41+03:00","operating_reset_at":1772018618,"operating":7.902976989746094}}
Статус: Успешно (Lead ID: 655097)
--------------------------------------------------

Время: 25.02.2026 14:13:46
Сервис: ВК
From: Заявка из ВК
Клиент: Array
(
    [name] => Иван
    [phone] => +79999999999
    [email] => 
)

Город: Пользователь предпочел не отвечать на данный вопрос (ID: не найден)
RAW Input: {
    "name": "\u0418\u0432\u0430\u043d",
    "phone": "+79999999999",
    "Comments": "\u0415\u0441\u0442\u044c \u043b\u0438 \u0443 \u0412\u0430\u0441 \u043f\u0440\u043e\u0441\u0440\u043e\u0447\u0435\u043d\u043d\u0430\u044f \u0437\u0430\u0434\u043e\u043b\u0436\u0435\u043d\u043d\u043e\u0441\u0442\u044c?: \u0414\u0430 (\u0431\u043e\u043b\u0435\u0435 12-\u0442\u0438 \u043c\u0435\u0441\u044f\u0446\u0435\u0432)\n\u0415\u0441\u0442\u044c \u043b\u0438 \u0443 \u0412\u0430\u0441 \u0438\u043c\u0443\u0449\u0435\u0441\u0442\u0432\u043e \u0432 \u0441\u043e\u0431\u0441\u0442\u0432\u0435\u043d\u043d\u043e\u0441\u0442\u0438?: \u041d\u0435\u0442\n\u0421\u0443\u043c\u043c\u0430 \u0432\u0430\u0448\u0435\u0433\u043e \u0434\u043e\u043b\u0433\u0430?: \u041f\u043e\u043b\u044c\u0437\u043e\u0432\u0430\u0442\u0435\u043b\u044c \u043f\u0440\u0435\u0434\u043f\u043e\u0447\u0435\u043b \u043d\u0435 \u043e\u0442\u0432\u0435\u0447\u0430\u0442\u044c \u043d\u0430 \u0434\u0430\u043d\u043d\u044b\u0439 \u0432\u043e\u043
POST: Array
(
)

Quiz/Комментарии: Array
(
)

Собранные комментарии (для лога): 
Comments: Есть ли у Вас просроченная задолженность?: Да (более 12-ти месяцев)
Есть ли у Вас имущество в собственности?: Нет
Сумма вашего долга?: Пользователь предпочел не отвечать на данный вопрос
Из какого города вы обращаетесь?: Пользователь предпочел не отвечать на данный вопрос
Город: Пользователь предпочел не отвечать на данный вопрос

Отправка комментариев в Bitrix: ДА
Поля для Bitrix: Array
(
    [UTM_SOURCE] => VK-ADS
    [UTM_MEDIUM] => 0
    [UTM_CAMPAIGN] => 0
    [UTM_CONTENT] => 0
    [UTM_TERM] => 780486
    [NAME] => Иван
    [PHONE] => Array
        (
            [0] => Array
                (
                    [VALUE] => +79999999999
                    [VALUE_TYPE] => MOBILE
                )

        )

    [ASSIGNED_BY_ID] => 1
    [TITLE] => Новая заявка - +79999999999
    [UF_CRM_GOROD] => Пользователь предпочел не отвечать на данный вопрос
    [OPENED] => Y
    [STATUS_ID] => NEW
    [SOURCE_ID] => 1117
    [COMMENTS] => <b>Comments:</b> Есть ли у Вас просроченная задолженность?: Да (более 12-ти месяцев)
Есть ли у Вас имущество в собственности?: Нет
Сумма вашего долга?: Пользователь предпочел не отвечать на данный вопрос
Из какого города вы обращаетесь?: Пользователь предпочел не отвечать на данный вопрос<br><b>Город:</b> Пользователь предпочел не отвечать на данный вопрос<br>
)

Bitrix Response: {"result":655099,"time":{"start":1772018026,"finish":1772018029.6075,"duration":3.6075000762939453,"processing":3,"date_start":"2026-02-25T14:13:46+03:00","date_finish":"2026-02-25T14:13:49+03:00","operating_reset_at":1772018626,"operating":10.619568824768066}}
Статус: Успешно (Lead ID: 655099)
--------------------------------------------------

