Время: 24.02.2026 00:16:10
Сервис: Flexbe
From: Заявка из Flexbe → https://cfr-kaluga.bezkreditov-new.ru/
Клиент: Array
(
    [name] => Виктория
    [phone] => +7 (980) 9484952
    [email] => 
)

Город: не определён (ID: не найден)
RAW Input: event=lead&data%5Bid%5D=68165235&data%5Bnum%5D=299134&data%5Btime%5D=1771881361&data%5Bstatus%5D%5Bcode%5D=0&data%5Bstatus%5D%5Bname%5D=%D0%9D%D0%BE%D0%B2%D0%B0%D1%8F&data%5Bclient%5D%5Bname%5D=%D0%92%D0%B8%D0%BA%D1%82%D0%BE%D1%80%D0%B8%D1%8F&data%5Bclient%5D%5Bphone%5D=%2B7+%28980%29+9484952&data%5Bclient%5D%5Bemail%5D=&data%5Bnote%5D=&data%5Bform_name%5D=Quiz&data%5Bform_data%5D%5Bname%5D%5Bid%5D=name&data%5Bform_data%5D%5Bname%5D%5Bname%5D=Name&data%5Bform_data%5D%5Bname%5D%5Bvalue%5D=%D0%92%D0%B8%D0%BA%D1%82%D0%BE%D1%80%D0%B8%D1%8F&data%5Bform_data%5D%5Bname%5D%5Btype%5D=name&data%5Bform_data%5D%5Bname%5D%5Borig_name%5D=%D0%98%D0%BC%D1%8F&data%5Bform_data%5D%5Bphone%5D%5Bid%5D=phone&data%5Bform_data%5D%5Bphone%5D%5Bname%5D=Phone&data%5Bform_data%5D%5Bphone%5D%5Bvalue%5D=%2B7+%28980%29+9484952&data%5Bform_data%5D%5Bphone%5D%5Btype%5D=phone&data%5Bform_data%5D%5Bphone%5D%5Borig_name%5D=%D0%A2%D0%B5%D0%BB%D0%B5%D1%84%D0%BE%D0%BD&data%5Bform_data%5D%5Bfld_2%5D%5Btype%5D=radio&data%5Bfo
POST: Array
(
    [event] => lead
    [data] => Array
        (
            [id] => 68165235
            [num] => 299134
            [time] => 1771881361
            [status] => Array
                (
                    [code] => 0
                    [name] => Новая
                )

            [client] => Array
                (
                    [name] => Виктория
                    [phone] => +7 (980) 9484952
                    [email] => 
                )

            [note] => 
            [form_name] => Quiz
            [form_data] => Array
                (
                    [name] => Array
                        (
                            [id] => name
                            [name] => Name
                            [value] => Виктория
                            [type] => name
                            [orig_name] => Имя
                        )

                    [phone] => Array
                        (
                            [id] => phone
                            [name] => Phone
                            [value] => +7 (980) 9484952
                            [type] => phone
                            [orig_name] => Телефон
                        )

                    [fld_2] => Array
                        (
                            [type] => radio
                            [name] => Есть ли у вас просрочки?
                            [value] => Платежи вносятся без нарушений графика.
                            [id] => fld_2
                        )

                    [fld_3] => Array
                        (
                            [type] => radio
                            [name] => Работаете ли вы официально?
                            [value] => Переводы от физических лиц (личные зачисления).
                            [id] => fld_3
                        )

                    [fld_4] => Array
                        (
                            [type] => radio
                            [name] => Choose a city
                            [value] => До 150 000 руб
                            [id] => fld_4
                        )

                    [fld_5] => Array
                        (
                            [type] => radio
                            [name] => Каким способом вам удобнее получить итоговый расчет и дорожную карту ?
                            [value] => Получить через Telegram/WhatsApp
                            [id] => fld_5
                        )

                    [fld_6] => Array
                        (
                            [type] => checkbox
                            [name] => Галочка
                            [value] => Я даю свое согласие на <a class="style-link" href="/files/Soglasiye_na_polucheniye_reklamno-informatsionnykh_materialov_Kaluga.pdf">получение информационно-рекламных материалов</a>
                            [id] => fld_6
                        )

                )

            [page] => Array
                (
                    [url] => https://cfr-kaluga.bezkreditov-new.ru/
                    [name] => Решение долговых проблем
                )

            [utm] => Array
                (
                    [utm_source] => yandex
                    [utm_medium] => cpc
                    [utm_campaign] => Списание // Консультация// - Бюджет (копия)_707216508
                    [utm_content] => 5716325638.17600965445.mobile
                    [utm_term] => www.rbc.ru
                    [ip] => 176.59.47.247
                    [ym_client_id] => 1771888491178812971
                    [cookies] => Array
                        (
                            [_ym_uid] => 1771888491178812971
                        )

                )

        )

    [site] => Array
        (
            [id] => 521200
            [sub_id] => 763679
            [domain] => cfr-kaluga.bezkreditov-new.ru
        )

)

Quiz/Комментарии: Array
(
    [0] => Array
        (
            [question] => Есть ли у вас просрочки?
            [answer] => Платежи вносятся без нарушений графика.
        )

    [1] => Array
        (
            [question] => Работаете ли вы официально?
            [answer] => Переводы от физических лиц (личные зачисления).
        )

    [2] => Array
        (
            [question] => Choose a city
            [answer] => До 150 000 руб
        )

    [3] => Array
        (
            [question] => Каким способом вам удобнее получить итоговый расчет и дорожную карту ?
            [answer] => Получить через Telegram/WhatsApp
        )

    [4] => Array
        (
            [question] => Галочка
            [answer] => Я даю свое согласие на <a class="style-link" href="/files/Soglasiye_na_polucheniye_reklamno-informatsionnykh_materialov_Kaluga.pdf">получение информационно-рекламных материалов</a>
        )

)

Собранные комментарии (для лога): 
Ответы на вопросы:
Есть ли у вас просрочки?: Платежи вносятся без нарушений графика.
Работаете ли вы официально?: Переводы от физических лиц (личные зачисления).
Choose a city: До 150 000 руб
Каким способом вам удобнее получить итоговый расчет и дорожную карту ?: Получить через Telegram/WhatsApp
Галочка: Я даю свое согласие на &lt;a class=&quot;style-link&quot; href=&quot;/files/Soglasiye_na_polucheniye_reklamno-informatsionnykh_materialov_Kaluga.pdf&quot;&gt;получение информационно-рекламных материалов&lt;/a&gt;


Отправка комментариев в Bitrix: ДА
Поля для Bitrix: Array
(
    [NAME] => Виктория
    [PHONE] => Array
        (
            [0] => Array
                (
                    [VALUE] => +79809484952
                    [VALUE_TYPE] => MOBILE
                )

        )

    [ASSIGNED_BY_ID] => 1
    [TITLE] => Новая заявка - +7 (980) 9484952
    [OPENED] => Y
    [STATUS_ID] => NEW
    [SOURCE_ID] => 1009
    [COMMENTS] => <b>Ответы на вопросы:</b><br><b>Есть ли у вас просрочки?:</b> Платежи вносятся без нарушений графика.<br><b>Работаете ли вы официально?:</b> Переводы от физических лиц (личные зачисления).<br><b>Choose a city:</b> До 150 000 руб<br><b>Каким способом вам удобнее получить итоговый расчет и дорожную карту ?:</b> Получить через Telegram/WhatsApp<br><b>Галочка:</b> Я даю свое согласие на &lt;a class=&quot;style-link&quot; href=&quot;/files/Soglasiye_na_polucheniye_reklamno-informatsionnykh_materialov_Kaluga.pdf&quot;&gt;получение информационно-рекламных материалов&lt;/a&gt;<br><br>
)

Bitrix Response: {"result":653871,"time":{"start":1771881370,"finish":1771881372.716362,"duration":2.7163619995117188,"processing":2,"date_start":"2026-02-24T00:16:10+03:00","date_finish":"2026-02-24T00:16:12+03:00","operating_reset_at":1771881970,"operating":1.959886074066162}}
Статус: Успешно (Lead ID: 653871)
--------------------------------------------------

Время: 25.02.2026 15:12:21
Сервис: Flexbe
From: Заявка из Flexbe → https://cfr-kaluga.bezkreditov-new.ru/
Клиент: Array
(
    [name] => Ирина
    [phone] => +7 (915) 2756725
    [email] => 
)

Город: не определён (ID: не найден)
RAW Input: event=lead&data%5Bid%5D=68237979&data%5Bnum%5D=299136&data%5Btime%5D=1772021518&data%5Bstatus%5D%5Bcode%5D=0&data%5Bstatus%5D%5Bname%5D=%D0%9D%D0%BE%D0%B2%D0%B0%D1%8F&data%5Bclient%5D%5Bname%5D=%D0%98%D1%80%D0%B8%D0%BD%D0%B0&data%5Bclient%5D%5Bphone%5D=%2B7+%28915%29+2756725&data%5Bclient%5D%5Bemail%5D=&data%5Bnote%5D=&data%5Bform_name%5D=Quiz&data%5Bform_data%5D%5Bname%5D%5Bid%5D=name&data%5Bform_data%5D%5Bname%5D%5Bname%5D=Name&data%5Bform_data%5D%5Bname%5D%5Bvalue%5D=%D0%98%D1%80%D0%B8%D0%BD%D0%B0&data%5Bform_data%5D%5Bname%5D%5Btype%5D=name&data%5Bform_data%5D%5Bname%5D%5Borig_name%5D=%D0%98%D0%BC%D1%8F&data%5Bform_data%5D%5Bphone%5D%5Bid%5D=phone&data%5Bform_data%5D%5Bphone%5D%5Bname%5D=Phone&data%5Bform_data%5D%5Bphone%5D%5Bvalue%5D=%2B7+%28915%29+2756725&data%5Bform_data%5D%5Bphone%5D%5Btype%5D=phone&data%5Bform_data%5D%5Bphone%5D%5Borig_name%5D=%D0%A2%D0%B5%D0%BB%D0%B5%D1%84%D0%BE%D0%BD&data%5Bform_data%5D%5Bfld_2%5D%5Btype%5D=radio&data%5Bform_data%5D%5Bfld_2%5D%5Bname%5D=%D0%
POST: Array
(
    [event] => lead
    [data] => Array
        (
            [id] => 68237979
            [num] => 299136
            [time] => 1772021518
            [status] => Array
                (
                    [code] => 0
                    [name] => Новая
                )

            [client] => Array
                (
                    [name] => Ирина
                    [phone] => +7 (915) 2756725
                    [email] => 
                )

            [note] => 
            [form_name] => Quiz
            [form_data] => Array
                (
                    [name] => Array
                        (
                            [id] => name
                            [name] => Name
                            [value] => Ирина
                            [type] => name
                            [orig_name] => Имя
                        )

                    [phone] => Array
                        (
                            [id] => phone
                            [name] => Phone
                            [value] => +7 (915) 2756725
                            [type] => phone
                            [orig_name] => Телефон
                        )

                    [fld_2] => Array
                        (
                            [type] => radio
                            [name] => Есть ли у вас просрочки?
                            [value] => Не знаю.
                            [id] => fld_2
                        )

                    [fld_3] => Array
                        (
                            [type] => radio
                            [name] => Работаете ли вы официально?
                            [value] => Заработная плата (официальное трудоустройство).
                            [id] => fld_3
                        )

                    [fld_4] => Array
                        (
                            [type] => radio
                            [name] => Choose a city
                            [value] => До 150 000 руб
                            [id] => fld_4
                        )

                    [fld_5] => Array
                        (
                            [type] => radio
                            [name] => Каким способом вам удобнее получить итоговый расчет и дорожную карту ?
                            [value] => Получить отчет по СМС
                            [id] => fld_5
                        )

                    [fld_6] => Array
                        (
                            [type] => checkbox
                            [name] => Галочка
                            [value] => Я даю свое согласие на <a class="style-link" href="/files/Soglasiye_na_polucheniye_reklamno-informatsionnykh_materialov_Kaluga.pdf">получение информационно-рекламных материалов</a>
                            [id] => fld_6
                        )

                )

            [page] => Array
                (
                    [url] => https://cfr-kaluga.bezkreditov-new.ru/
                    [name] => Решение долговых проблем
                )

            [utm] => Array
                (
                    [utm_source] => yandex
                    [utm_medium] => cpc
                    [utm_campaign] => Списание // Консультация// - Бюджет (копия)_707216508
                    [utm_content] => 5716325638.17600965445.mobile
                    [utm_term] => ru.yandex.mail
                    [ip] => 94.242.147.99
                    [ym_client_id] => 1772021322982328532
                    [cookies] => Array
                        (
                            [_ym_uid] => 1772021322982328532
                        )

                )

        )

    [site] => Array
        (
            [id] => 521200
            [sub_id] => 763679
            [domain] => cfr-kaluga.bezkreditov-new.ru
        )

)

Quiz/Комментарии: Array
(
    [0] => Array
        (
            [question] => Есть ли у вас просрочки?
            [answer] => Не знаю.
        )

    [1] => Array
        (
            [question] => Работаете ли вы официально?
            [answer] => Заработная плата (официальное трудоустройство).
        )

    [2] => Array
        (
            [question] => Choose a city
            [answer] => До 150 000 руб
        )

    [3] => Array
        (
            [question] => Каким способом вам удобнее получить итоговый расчет и дорожную карту ?
            [answer] => Получить отчет по СМС
        )

    [4] => Array
        (
            [question] => Галочка
            [answer] => Я даю свое согласие на <a class="style-link" href="/files/Soglasiye_na_polucheniye_reklamno-informatsionnykh_materialov_Kaluga.pdf">получение информационно-рекламных материалов</a>
        )

)

Собранные комментарии (для лога): 
Ответы на вопросы:
Есть ли у вас просрочки?: Не знаю.
Работаете ли вы официально?: Заработная плата (официальное трудоустройство).
Choose a city: До 150 000 руб
Каким способом вам удобнее получить итоговый расчет и дорожную карту ?: Получить отчет по СМС
Галочка: Я даю свое согласие на &lt;a class=&quot;style-link&quot; href=&quot;/files/Soglasiye_na_polucheniye_reklamno-informatsionnykh_materialov_Kaluga.pdf&quot;&gt;получение информационно-рекламных материалов&lt;/a&gt;


Отправка комментариев в Bitrix: ДА
Поля для Bitrix: Array
(
    [NAME] => Ирина
    [PHONE] => Array
        (
            [0] => Array
                (
                    [VALUE] => +79152756725
                    [VALUE_TYPE] => MOBILE
                )

        )

    [ASSIGNED_BY_ID] => 1
    [TITLE] => Новая заявка - +7 (915) 2756725
    [OPENED] => Y
    [STATUS_ID] => NEW
    [SOURCE_ID] => 1009
    [COMMENTS] => <b>Ответы на вопросы:</b><br><b>Есть ли у вас просрочки?:</b> Не знаю.<br><b>Работаете ли вы официально?:</b> Заработная плата (официальное трудоустройство).<br><b>Choose a city:</b> До 150 000 руб<br><b>Каким способом вам удобнее получить итоговый расчет и дорожную карту ?:</b> Получить отчет по СМС<br><b>Галочка:</b> Я даю свое согласие на &lt;a class=&quot;style-link&quot; href=&quot;/files/Soglasiye_na_polucheniye_reklamno-informatsionnykh_materialov_Kaluga.pdf&quot;&gt;получение информационно-рекламных материалов&lt;/a&gt;<br><br>
)

Bitrix Response: {"result":655183,"time":{"start":1772021541,"finish":1772021543.731182,"duration":2.731182098388672,"processing":2,"date_start":"2026-02-25T15:12:21+03:00","date_finish":"2026-02-25T15:12:23+03:00","operating_reset_at":1772022141,"operating":11.93363618850708}}
Статус: Успешно (Lead ID: 655183)
--------------------------------------------------

