Время: 21.02.2026 12:09:01
Сервис: КЦ
From: Заявка из КЦ
Клиент: Array
(
    [name] => Нина
    [phone] => 79107089795
    [email] => 
)

Город: Калуга (ID: не найден)
RAW Input: {"name":"Нина","phone":"79107089795","gorod":"Калуга","Comments":"Калуга (300000) "}
POST: Array
(
)

Quiz/Комментарии: Array
(
)

Собранные комментарии (для лога): 
Comments: Калуга (300000)
Город: Калуга

Отправка комментариев в Bitrix: ДА
Поля для Bitrix: Array
(
    [NAME] => Нина
    [PHONE] => Array
        (
            [0] => Array
                (
                    [VALUE] => 79107089795
                    [VALUE_TYPE] => MOBILE
                )

        )

    [ASSIGNED_BY_ID] => 1
    [TITLE] => Новая заявка - 79107089795
    [OPENED] => Y
    [STATUS_ID] => NEW
    [SOURCE_ID] => 380
    [COMMENTS] => <b>Comments:</b> Калуга (300000)<br><b>Город:</b> Калуга<br>
)

Bitrix Response: {"result":653279,"time":{"start":1771664941,"finish":1771664943.601767,"duration":2.601767063140869,"processing":2,"date_start":"2026-02-21T12:09:01+03:00","date_finish":"2026-02-21T12:09:03+03:00","operating_reset_at":1771665541,"operating":2.1245310306549072}}
Статус: Успешно (Lead ID: 653279)
--------------------------------------------------

Время: 22.02.2026 14:57:00
Сервис: КЦ
From: Заявка из КЦ
Клиент: Array
(
    [name] => Андрей Александрович
    [phone] => 79011457993
    [email] => 
)

Город: Калужская область (ID: не найден)
RAW Input: {"name":"Андрей Александрович","phone":"79011457993","gorod":"Калужская область","Comments":"Калужская область (300000) "}
POST: Array
(
)

Quiz/Комментарии: Array
(
)

Собранные комментарии (для лога): 
Comments: Калужская область (300000)
Город: Калужская область

Отправка комментариев в Bitrix: ДА
Поля для Bitrix: Array
(
    [NAME] => Андрей Александрович
    [PHONE] => Array
        (
            [0] => Array
                (
                    [VALUE] => 79011457993
                    [VALUE_TYPE] => MOBILE
                )

        )

    [ASSIGNED_BY_ID] => 1
    [TITLE] => Новая заявка - 79011457993
    [OPENED] => Y
    [STATUS_ID] => NEW
    [SOURCE_ID] => 380
    [COMMENTS] => <b>Comments:</b> Калужская область (300000)<br><b>Город:</b> Калужская область<br>
)

Bitrix Response: {"result":653581,"time":{"start":1771761420,"finish":1771761422.982577,"duration":2.982577085494995,"processing":2,"date_start":"2026-02-22T14:57:00+03:00","date_finish":"2026-02-22T14:57:02+03:00","operating_reset_at":1771762020,"operating":2.229214906692505}}
Статус: Успешно (Lead ID: 653581)
--------------------------------------------------

Время: 23.02.2026 13:32:01
Сервис: КЦ
From: Заявка из КЦ
Клиент: Array
(
    [name] => Олег
    [phone] => 79105488616
    [email] => 
)

Город: Калуга (ID: не найден)
RAW Input: {"name":"Олег","phone":"79105488616","gorod":"Калуга","Comments":"Калуга (300000) "}
POST: Array
(
)

Quiz/Комментарии: Array
(
)

Собранные комментарии (для лога): 
Comments: Калуга (300000)
Город: Калуга

Отправка комментариев в Bitrix: ДА
Поля для Bitrix: Array
(
    [NAME] => Олег
    [PHONE] => Array
        (
            [0] => Array
                (
                    [VALUE] => 79105488616
                    [VALUE_TYPE] => MOBILE
                )

        )

    [ASSIGNED_BY_ID] => 1
    [TITLE] => Новая заявка - 79105488616
    [OPENED] => Y
    [STATUS_ID] => NEW
    [SOURCE_ID] => 380
    [COMMENTS] => <b>Comments:</b> Калуга (300000)<br><b>Город:</b> Калуга<br>
)

Bitrix Response: {"result":653739,"time":{"start":1771842721,"finish":1771842723.201072,"duration":2.2010719776153564,"processing":2,"date_start":"2026-02-23T13:32:01+03:00","date_finish":"2026-02-23T13:32:03+03:00","operating_reset_at":1771843321,"operating":2.0121960639953613}}
Статус: Успешно (Lead ID: 653739)
--------------------------------------------------

Время: 24.02.2026 16:28:00
Сервис: КЦ
From: Заявка из КЦ
Клиент: Array
(
    [name] => Александр
    [phone] => 79533112204
    [email] => 
)

Город: Калуга (ID: не найден)
RAW Input: {"name":"Александр","phone":"79533112204","gorod":"Калуга","Comments":"Калуга (300000) "}
POST: Array
(
)

Quiz/Комментарии: Array
(
)

Собранные комментарии (для лога): 
Comments: Калуга (300000)
Город: Калуга

Отправка комментариев в Bitrix: ДА
Поля для Bitrix: Array
(
    [NAME] => Александр
    [PHONE] => Array
        (
            [0] => Array
                (
                    [VALUE] => 79533112204
                    [VALUE_TYPE] => MOBILE
                )

        )

    [ASSIGNED_BY_ID] => 1
    [TITLE] => Новая заявка - 79533112204
    [OPENED] => Y
    [STATUS_ID] => NEW
    [SOURCE_ID] => 380
    [COMMENTS] => <b>Comments:</b> Калуга (300000)<br><b>Город:</b> Калуга<br>
)

Bitrix Response: {"result":654421,"time":{"start":1771939680,"finish":1771939683.089493,"duration":3.0894930362701416,"processing":3,"date_start":"2026-02-24T16:28:00+03:00","date_finish":"2026-02-24T16:28:03+03:00","operating_reset_at":1771940280,"operating":2.3183000087738037}}
Статус: Успешно (Lead ID: 654421)
--------------------------------------------------

Время: 24.02.2026 18:11:00
Сервис: КЦ
From: Заявка из КЦ
Клиент: Array
(
    [name] => Максим Сергеевич
    [phone] => 79005728810
    [email] => 
)

Город: Калужская область (ID: не найден)
RAW Input: {"name":"Максим Сергеевич","phone":"79005728810","gorod":"Калужская область","Comments":"Калужская область (300000) "}
POST: Array
(
)

Quiz/Комментарии: Array
(
)

Собранные комментарии (для лога): 
Comments: Калужская область (300000)
Город: Калужская область

Отправка комментариев в Bitrix: ДА
Поля для Bitrix: Array
(
    [NAME] => Максим Сергеевич
    [PHONE] => Array
        (
            [0] => Array
                (
                    [VALUE] => 79005728810
                    [VALUE_TYPE] => MOBILE
                )

        )

    [ASSIGNED_BY_ID] => 1
    [TITLE] => Новая заявка - 79005728810
    [OPENED] => Y
    [STATUS_ID] => NEW
    [SOURCE_ID] => 380
    [COMMENTS] => <b>Comments:</b> Калужская область (300000)<br><b>Город:</b> Калужская область<br>
)

Bitrix Response: {"result":654575,"time":{"start":1771945860,"finish":1771945862.772898,"duration":2.772897958755493,"processing":2,"date_start":"2026-02-24T18:11:00+03:00","date_finish":"2026-02-24T18:11:02+03:00","operating_reset_at":1771946460,"operating":14.901163101196289}}
Статус: Успешно (Lead ID: 654575)
--------------------------------------------------

Время: 26.02.2026 17:04:00
Сервис: КЦ
From: Заявка из КЦ
Клиент: Array
(
    [name] => Дмитрий
    [phone] => 89109116599
    [email] => 
)

Город: Обнинск (ID: не найден)
RAW Input: {"name":"Дмитрий","phone":"89109116599","gorod":"Обнинск","Comments":"Обнинск (300000) "}
POST: Array
(
)

Quiz/Комментарии: Array
(
)

Собранные комментарии (для лога): 
Comments: Обнинск (300000)
Город: Обнинск

Отправка комментариев в Bitrix: ДА
Поля для Bitrix: Array
(
    [NAME] => Дмитрий
    [PHONE] => Array
        (
            [0] => Array
                (
                    [VALUE] => 89109116599
                    [VALUE_TYPE] => MOBILE
                )

        )

    [ASSIGNED_BY_ID] => 1
    [TITLE] => Новая заявка - 89109116599
    [OPENED] => Y
    [STATUS_ID] => NEW
    [SOURCE_ID] => 380
    [COMMENTS] => <b>Comments:</b> Обнинск (300000)<br><b>Город:</b> Обнинск<br>
)

Bitrix Response: {"result":656177,"time":{"start":1772114641,"finish":1772114643.372733,"duration":2.3727331161499023,"processing":2,"date_start":"2026-02-26T17:04:01+03:00","date_finish":"2026-02-26T17:04:03+03:00","operating_reset_at":1772115241,"operating":2.3336949348449707}}
Статус: Успешно (Lead ID: 656177)
--------------------------------------------------

Время: 26.02.2026 17:09:00
Сервис: КЦ
From: Заявка из КЦ
Клиент: Array
(
    [name] => Андрей
    [phone] => 79208878787
    [email] => 
)

Город: Калуга (ID: не найден)
RAW Input: {"name":"Андрей","phone":"79208878787","gorod":"Калуга","Comments":"Калуга (300000) "}
POST: Array
(
)

Quiz/Комментарии: Array
(
)

Собранные комментарии (для лога): 
Comments: Калуга (300000)
Город: Калуга

Отправка комментариев в Bitrix: ДА
Поля для Bitrix: Array
(
    [NAME] => Андрей
    [PHONE] => Array
        (
            [0] => Array
                (
                    [VALUE] => 79208878787
                    [VALUE_TYPE] => MOBILE
                )

        )

    [ASSIGNED_BY_ID] => 1
    [TITLE] => Новая заявка - 79208878787
    [OPENED] => Y
    [STATUS_ID] => NEW
    [SOURCE_ID] => 380
    [COMMENTS] => <b>Comments:</b> Калуга (300000)<br><b>Город:</b> Калуга<br>
)

Bitrix Response: {"result":656179,"time":{"start":1772114940,"finish":1772114943.427845,"duration":3.427845001220703,"processing":3,"date_start":"2026-02-26T17:09:00+03:00","date_finish":"2026-02-26T17:09:03+03:00","operating_reset_at":1772115540,"operating":4.841997861862183}}
Статус: Успешно (Lead ID: 656179)
--------------------------------------------------

