Время: 20.02.2026 13:21:56
Сервис: ЯД+ВК+КЦ
From: Заявка из ЯД+ВК+КЦ
Клиент: Array
(
    [name] => ТЕСТ Денис
    [phone] => +79998887783
    [email] => 
)

Город: не определён (ID: не найден)
RAW Input: {"name": "\u0422\u0415\u0421\u0422 \u0414\u0435\u043d\u0438\u0441", "Comments": "\u0421\u0443\u043c\u043c\u0430 \u0434\u043e\u043b\u0433\u043e\u0432: \u043e\u0442 500 \u0434\u043e 1 \u043c\u043b\u043d.\u0440\u0443\u0431.. \n\u0422\u0438\u043f \u0434\u043e\u043b\u0433\u0430: \u041a\u0440\u0435\u0434\u0438\u0442\u043d\u044b\u0435. \n\u0418\u043f\u043e\u0442\u0435\u043a\u0430: \u041d\u0435\u0442.\n \u0420\u0435\u0433\u0438\u043e\u043d: \u041a\u0430\u043b\u0443\u0433\u0430. \n\u0414\u043e\u043f\u043e\u043b\u043d\u0438\u0442\u0435\u043b\u044c\u043d\u0430\u044f \u0438\u043d\u0444\u043e\u0440\u043c\u0430\u0446\u0438\u044f: ", "phone": "+79998887783", "Gorod": ""}
POST: Array
(
)

Quiz/Комментарии: Array
(
)

Собранные комментарии (для лога): 
Comments: Сумма долгов: от 500 до 1 млн.руб.. 
Тип долга: Кредитные. 
Ипотека: Нет.
 Регион: Калуга. 
Дополнительная информация:

Отправка комментариев в Bitrix: ДА
Поля для Bitrix: Array
(
    [NAME] => ТЕСТ Денис
    [PHONE] => Array
        (
            [0] => Array
                (
                    [VALUE] => +79998887783
                    [VALUE_TYPE] => MOBILE
                )

        )

    [ASSIGNED_BY_ID] => 1
    [TITLE] => Новая заявка - +79998887783
    [OPENED] => Y
    [STATUS_ID] => NEW
    [SOURCE_ID] => 675
    [COMMENTS] => <b>Comments:</b> Сумма долгов: от 500 до 1 млн.руб.. 
Тип долга: Кредитные. 
Ипотека: Нет.
 Регион: Калуга. 
Дополнительная информация:<br>
)

Bitrix Response: {"result":652893,"time":{"start":1771582916,"finish":1771582918.717315,"duration":2.7173149585723877,"processing":2,"date_start":"2026-02-20T13:21:56+03:00","date_finish":"2026-02-20T13:21:58+03:00","operating_reset_at":1771583516,"operating":9.070441961288452}}
Статус: Успешно (Lead ID: 652893)
--------------------------------------------------

Время: 24.02.2026 10:41:58
Сервис: ЯД+ВК+КЦ
From: Заявка из ЯД+ВК+КЦ
Клиент: Array
(
    [name] => Валентина
    [phone] => 79005716039
    [email] => 
)

Город: Балабаново, Калужская область (ID: не найден)
RAW Input: {"name": "\u0412\u0430\u043b\u0435\u043d\u0442\u0438\u043d\u0430", "Comments": "\u0421\u0443\u043c\u043c\u0430 \u0434\u043e\u043b\u0433\u043e\u0432: \u0431\u043e\u043b\u0435\u0435 250 \u0442\u044b\u0441. \n\u0422\u0438\u043f \u0434\u043e\u043b\u0433\u0430: \u043a\u0440\u0435\u0434\u0438\u0442\u043d\u044b\u0435. \n\u0418\u043f\u043e\u0442\u0435\u043a\u0430: \u043d\u0435\u0442.\n \u0420\u0435\u0433\u0438\u043e\u043d: \u0411\u0430\u043b\u0430\u0431\u0430\u043d\u043e\u0432\u043e, \u041a\u0430\u043b\u0443\u0436\u0441\u043a\u0430\u044f \u043e\u0431\u043b\u0430\u0441\u0442\u044c. \n\u0414\u043e\u043f\u043e\u043b\u043d\u0438\u0442\u0435\u043b\u044c\u043d\u0430\u044f \u0438\u043d\u0444\u043e\u0440\u043c\u0430\u0446\u0438\u044f: ", "phone": "79005716039", "Gorod": "\u0411\u0430\u043b\u0430\u0431\u0430\u043d\u043e\u0432\u043e, \u041a\u0430\u043b\u0443\u0436\u0441\u043a\u0430\u044f \u043e\u0431\u043b\u0430\u0441\u0442\u044c"}
POST: Array
(
)

Quiz/Комментарии: Array
(
)

Собранные комментарии (для лога): 
Comments: Сумма долгов: более 250 тыс. 
Тип долга: кредитные. 
Ипотека: нет.
 Регион: Балабаново, Калужская область. 
Дополнительная информация:
Город: Балабаново, Калужская область

Отправка комментариев в Bitrix: ДА
Поля для Bitrix: Array
(
    [NAME] => Валентина
    [PHONE] => Array
        (
            [0] => Array
                (
                    [VALUE] => 79005716039
                    [VALUE_TYPE] => MOBILE
                )

        )

    [ASSIGNED_BY_ID] => 1
    [TITLE] => Новая заявка - 79005716039
    [OPENED] => Y
    [STATUS_ID] => NEW
    [SOURCE_ID] => 675
    [COMMENTS] => <b>Comments:</b> Сумма долгов: более 250 тыс. 
Тип долга: кредитные. 
Ипотека: нет.
 Регион: Балабаново, Калужская область. 
Дополнительная информация:<br><b>Город:</b> Балабаново, Калужская область<br>
)

Bitrix Response: {"result":654007,"time":{"start":1771918918,"finish":1771918921.274512,"duration":3.2745120525360107,"processing":3,"date_start":"2026-02-24T10:41:58+03:00","date_finish":"2026-02-24T10:42:01+03:00","operating_reset_at":1771919518,"operating":4.847336053848267}}
Статус: Успешно (Lead ID: 654007)
--------------------------------------------------

Время: 25.02.2026 10:39:42
Сервис: ЯД+ВК+КЦ
From: Заявка из ЯД+ВК+КЦ
Клиент: Array
(
    [name] => Дмитрий
    [phone] => 79105452233
    [email] => 
)

Город: Жуков, Калужская область (ID: не найден)
RAW Input: {"name": "\u0414\u043c\u0438\u0442\u0440\u0438\u0439", "Comments": "\u0421\u0443\u043c\u043c\u0430 \u0434\u043e\u043b\u0433\u043e\u0432: 4.5 \u043c\u043b\u043d. \n\u0422\u0438\u043f \u0434\u043e\u043b\u0433\u0430: \u041a\u0440\u0435\u0434\u0438\u0442\u043d\u044b\u0435. \n\u0418\u043f\u043e\u0442\u0435\u043a\u0430: \u0434\u0430.\n \u0420\u0435\u0433\u0438\u043e\u043d: \u0416\u0443\u043a\u043e\u0432, \u041a\u0430\u043b\u0443\u0436\u0441\u043a\u0430\u044f \u043e\u0431\u043b\u0430\u0441\u0442\u044c. \n\u0414\u043e\u043f\u043e\u043b\u043d\u0438\u0442\u0435\u043b\u044c\u043d\u0430\u044f \u0438\u043d\u0444\u043e\u0440\u043c\u0430\u0446\u0438\u044f: ", "phone": "79105452233", "Gorod": "\u0416\u0443\u043a\u043e\u0432, \u041a\u0430\u043b\u0443\u0436\u0441\u043a\u0430\u044f \u043e\u0431\u043b\u0430\u0441\u0442\u044c"}
POST: Array
(
)

Quiz/Комментарии: Array
(
)

Собранные комментарии (для лога): 
Comments: Сумма долгов: 4.5 млн. 
Тип долга: Кредитные. 
Ипотека: да.
 Регион: Жуков, Калужская область. 
Дополнительная информация:
Город: Жуков, Калужская область

Отправка комментариев в Bitrix: ДА
Поля для Bitrix: Array
(
    [NAME] => Дмитрий
    [PHONE] => Array
        (
            [0] => Array
                (
                    [VALUE] => 79105452233
                    [VALUE_TYPE] => MOBILE
                )

        )

    [ASSIGNED_BY_ID] => 1
    [TITLE] => Новая заявка - 79105452233
    [OPENED] => Y
    [STATUS_ID] => NEW
    [SOURCE_ID] => 675
    [COMMENTS] => <b>Comments:</b> Сумма долгов: 4.5 млн. 
Тип долга: Кредитные. 
Ипотека: да.
 Регион: Жуков, Калужская область. 
Дополнительная информация:<br><b>Город:</b> Жуков, Калужская область<br>
)

Bitrix Response: {"result":654823,"time":{"start":1772005182,"finish":1772005185.207877,"duration":3.2078769207000732,"processing":3,"date_start":"2026-02-25T10:39:42+03:00","date_finish":"2026-02-25T10:39:45+03:00","operating_reset_at":1772005782,"operating":2.4535889625549316}}
Статус: Успешно (Lead ID: 654823)
--------------------------------------------------

