Время: 26.02.2026 17:23:00
Сервис: КЦ
From: Заявка из КЦ
Клиент: Array
(
    [name] => Тест
    [phone] => 79010000002
    [email] => 
)

Город: Калуга (ID: не найден)
RAW Input: {"name":"Тест","phone":"79010000002","gorod":"Калуга","Comments":"Калуга (300000) ТЕСТ"}
POST: Array
(
)

Quiz/Комментарии: Array
(
)

Собранные комментарии (для лога): 
Comments: Калуга (300000) ТЕСТ
Город: Калуга

Отправка комментариев в Bitrix: ДА
Поля для Bitrix: Array
(
    [NAME] => Тест
    [PHONE] => Array
        (
            [0] => Array
                (
                    [VALUE] => 79010000002
                    [VALUE_TYPE] => MOBILE
                )

        )

    [ASSIGNED_BY_ID] => 1
    [TITLE] => Новая заявка - 79010000002
    [OPENED] => Y
    [STATUS_ID] => NEW
    [SOURCE_ID] => 704
    [COMMENTS] => <b>Comments:</b> Калуга (300000) ТЕСТ<br><b>Город:</b> Калуга<br>
)

Bitrix Response: {"result":656189,"time":{"start":1772115780,"finish":1772115783.007601,"duration":3.007601022720337,"processing":3,"date_start":"2026-02-26T17:23:00+03:00","date_finish":"2026-02-26T17:23:03+03:00","operating_reset_at":1772116380,"operating":4.495841979980469}}
Статус: Успешно (Lead ID: 656189)
--------------------------------------------------

