Время: 23.02.2026 09:38:31
Сервис: КЦ
From: Заявка из КЦ
Клиент: Array
(
    [name] => Test Имя
    [phone] => +79171111111
    [email] => 
)

Город: Калуга (ID: не найден)
RAW Input: {"name":"Test \u0418\u043c\u044f","phone":"+79171111111","Comments":"\u0417\u0430\u043f\u0438\u0441\u044c \u0440\u0430\u0437\u0433\u043e\u0432\u043e\u0440\u0430: https:\/\/786231.selcdn.ru\/leads-m-records\/records\/test.mp3 \u041a\u043e\u0433\u0434\u0430 \u043f\u0435\u0440\u0435\u0437\u0432\u043e\u043d\u0438\u0442\u044c: \u041d\u0438\u043a\u043e\u0433\u0434\u0430 - \u0434\u043b\u044f \u0442\u0435\u0441\u0442\u0430, \u0414\u0430\u0442\u0430 \u0437\u0432\u043e\u043d\u043a\u0430: 2026-02-23 09:32:31, \u0413\u0435\u043e: \u041a\u0430\u043b\u0443\u0436\u0441\u043a\u0430\u044f \u043e\u0431\u043b., \u0421\u0443\u043c\u043c\u0430 \u0434\u043e\u043b\u0433\u0430: 50000 \u0440\u0443\u0431","Gorod":"\u041a\u0430\u043b\u0443\u0433\u0430"}
POST: Array
(
)

Quiz/Комментарии: Array
(
)

Собранные комментарии (для лога): 
Comments: Запись разговора: https://786231.selcdn.ru/leads-m-records/records/test.mp3 Когда перезвонить: Никогда - для теста, Дата звонка: 2026-02-23 09:32:31, Гео: Калужская обл., Сумма долга: 50000 руб
Город: Калуга

Отправка комментариев в Bitrix: ДА
Поля для Bitrix: Array
(
    [NAME] => Test Имя
    [PHONE] => Array
        (
            [0] => Array
                (
                    [VALUE] => +79171111111
                    [VALUE_TYPE] => MOBILE
                )

        )

    [ASSIGNED_BY_ID] => 1
    [TITLE] => Новая заявка - +79171111111
    [OPENED] => Y
    [STATUS_ID] => NEW
    [SOURCE_ID] => 653
    [COMMENTS] => <b>Comments:</b> Запись разговора: https://786231.selcdn.ru/leads-m-records/records/test.mp3 Когда перезвонить: Никогда - для теста, Дата звонка: 2026-02-23 09:32:31, Гео: Калужская обл., Сумма долга: 50000 руб<br><b>Город:</b> Калуга<br>
)

Bitrix Response: {"result":653667,"time":{"start":1771828711,"finish":1771828713.413127,"duration":2.4131269454956055,"processing":2,"date_start":"2026-02-23T09:38:31+03:00","date_finish":"2026-02-23T09:38:33+03:00","operating_reset_at":1771829311,"operating":3.9715421199798584}}
Статус: Успешно (Lead ID: 653667)
--------------------------------------------------

Время: 24.02.2026 10:21:20
Сервис: КЦ
From: Заявка из КЦ
Клиент: Array
(
    [name] => Леонид
    [phone] => +79065096633
    [email] => 
)

Город: Калуга (ID: не найден)
RAW Input: {"name":"\u041b\u0435\u043e\u043d\u0438\u0434","phone":"+79065096633","Comments":"\u0417\u0430\u043f\u0438\u0441\u044c \u0440\u0430\u0437\u0433\u043e\u0432\u043e\u0440\u0430: https:\/\/786231.selcdn.ru\/leads-m-records\/records\/GN3psVn4nuw4VyfO3mWj.mp3 \u041a\u043e\u0433\u0434\u0430 \u043f\u0435\u0440\u0435\u0437\u0432\u043e\u043d\u0438\u0442\u044c: \u0431\u043b\u0438\u0436\u0430\u0439\u0448\u0435\u0435 \u0432\u0440\u0435\u043c\u044f, \u0414\u0430\u0442\u0430 \u0437\u0432\u043e\u043d\u043a\u0430: 2026-02-24 10:20:07, \u0413\u0435\u043e: \u041a\u0430\u043b\u0443\u0436\u0441\u043a\u0430\u044f \u043e\u0431\u043b., \u0421\u0443\u043c\u043c\u0430 \u0434\u043e\u043b\u0433\u0430: 1000000 \u0440\u0443\u0431","Gorod":"\u041a\u0430\u043b\u0443\u0433\u0430"}
POST: Array
(
)

Quiz/Комментарии: Array
(
)

Собранные комментарии (для лога): 
Comments: Запись разговора: https://786231.selcdn.ru/leads-m-records/records/GN3psVn4nuw4VyfO3mWj.mp3 Когда перезвонить: ближайшее время, Дата звонка: 2026-02-24 10:20:07, Гео: Калужская обл., Сумма долга: 1000000 руб
Город: Калуга

Отправка комментариев в Bitrix: ДА
Поля для Bitrix: Array
(
    [NAME] => Леонид
    [PHONE] => Array
        (
            [0] => Array
                (
                    [VALUE] => +79065096633
                    [VALUE_TYPE] => MOBILE
                )

        )

    [ASSIGNED_BY_ID] => 1
    [TITLE] => Новая заявка - +79065096633
    [OPENED] => Y
    [STATUS_ID] => NEW
    [SOURCE_ID] => 653
    [COMMENTS] => <b>Comments:</b> Запись разговора: https://786231.selcdn.ru/leads-m-records/records/GN3psVn4nuw4VyfO3mWj.mp3 Когда перезвонить: ближайшее время, Дата звонка: 2026-02-24 10:20:07, Гео: Калужская обл., Сумма долга: 1000000 руб<br><b>Город:</b> Калуга<br>
)

Bitrix Response: {"result":653989,"time":{"start":1771917680,"finish":1771917683.23745,"duration":3.237449884414673,"processing":3,"date_start":"2026-02-24T10:21:20+03:00","date_finish":"2026-02-24T10:21:23+03:00","operating_reset_at":1771918280,"operating":11.205665111541748}}
Статус: Успешно (Lead ID: 653989)
--------------------------------------------------

Время: 24.02.2026 12:06:45
Сервис: КЦ
From: Заявка из КЦ
Клиент: Array
(
    [name] => Лариса
    [phone] => +79206167051
    [email] => 
)

Город: Калуга (ID: не найден)
RAW Input: {"name":"\u041b\u0430\u0440\u0438\u0441\u0430","phone":"+79206167051","Comments":"\u0417\u0430\u043f\u0438\u0441\u044c \u0440\u0430\u0437\u0433\u043e\u0432\u043e\u0440\u0430: https:\/\/786231.selcdn.ru\/leads-m-records\/records\/CnVEp4kARZkeqXzFCqPT.mp3 \u041a\u043e\u0433\u0434\u0430 \u043f\u0435\u0440\u0435\u0437\u0432\u043e\u043d\u0438\u0442\u044c: \u0431\u043b\u0438\u0436\u0430\u0439\u0448\u0435\u0435 \u0432\u0440\u0435\u043c\u044f, \u0414\u0430\u0442\u0430 \u0437\u0432\u043e\u043d\u043a\u0430: 2026-02-24 12:05:56, \u0413\u0435\u043e: \u041a\u0430\u043b\u0443\u0436\u0441\u043a\u0430\u044f \u043e\u0431\u043b., \u0421\u0443\u043c\u043c\u0430 \u0434\u043e\u043b\u0433\u0430: 1000000 \u0440\u0443\u0431","Gorod":"\u041a\u0430\u043b\u0443\u0433\u0430"}
POST: Array
(
)

Quiz/Комментарии: Array
(
)

Собранные комментарии (для лога): 
Comments: Запись разговора: https://786231.selcdn.ru/leads-m-records/records/CnVEp4kARZkeqXzFCqPT.mp3 Когда перезвонить: ближайшее время, Дата звонка: 2026-02-24 12:05:56, Гео: Калужская обл., Сумма долга: 1000000 руб
Город: Калуга

Отправка комментариев в Bitrix: ДА
Поля для Bitrix: Array
(
    [NAME] => Лариса
    [PHONE] => Array
        (
            [0] => Array
                (
                    [VALUE] => +79206167051
                    [VALUE_TYPE] => MOBILE
                )

        )

    [ASSIGNED_BY_ID] => 1
    [TITLE] => Новая заявка - +79206167051
    [OPENED] => Y
    [STATUS_ID] => NEW
    [SOURCE_ID] => 653
    [COMMENTS] => <b>Comments:</b> Запись разговора: https://786231.selcdn.ru/leads-m-records/records/CnVEp4kARZkeqXzFCqPT.mp3 Когда перезвонить: ближайшее время, Дата звонка: 2026-02-24 12:05:56, Гео: Калужская обл., Сумма долга: 1000000 руб<br><b>Город:</b> Калуга<br>
)

Bitrix Response: {"result":654109,"time":{"start":1771924005,"finish":1771924007.581606,"duration":2.581605911254883,"processing":2,"date_start":"2026-02-24T12:06:45+03:00","date_finish":"2026-02-24T12:06:47+03:00","operating_reset_at":1771924605,"operating":5.022287845611572}}
Статус: Успешно (Lead ID: 654109)
--------------------------------------------------

Время: 24.02.2026 12:11:00
Сервис: КЦ
From: Заявка из КЦ
Клиент: Array
(
    [name] => Владимир
    [phone] => +79056424162
    [email] => 
)

Город: Калуга (ID: не найден)
RAW Input: {"name":"\u0412\u043b\u0430\u0434\u0438\u043c\u0438\u0440","phone":"+79056424162","Comments":"\u0417\u0430\u043f\u0438\u0441\u044c \u0440\u0430\u0437\u0433\u043e\u0432\u043e\u0440\u0430: https:\/\/786231.selcdn.ru\/leads-m-records\/records\/r0aT2QnzhxvY4mm9eycv.mp3 \u041a\u043e\u0433\u0434\u0430 \u043f\u0435\u0440\u0435\u0437\u0432\u043e\u043d\u0438\u0442\u044c: \u0432 \u0431\u043b\u0438\u0436\u0430\u0439\u0448\u0435\u0435 \u0432\u0440\u0435\u043c\u044f , \u0414\u0430\u0442\u0430 \u0437\u0432\u043e\u043d\u043a\u0430: 2026-02-24 12:10:16, \u0413\u0435\u043e: \u041a\u0430\u043b\u0443\u0436\u0441\u043a\u0430\u044f \u043e\u0431\u043b., \u0421\u0443\u043c\u043c\u0430 \u0434\u043e\u043b\u0433\u0430: 1000000 \u0440\u0443\u0431","Gorod":"\u041a\u0430\u043b\u0443\u0433\u0430"}
POST: Array
(
)

Quiz/Комментарии: Array
(
)

Собранные комментарии (для лога): 
Comments: Запись разговора: https://786231.selcdn.ru/leads-m-records/records/r0aT2QnzhxvY4mm9eycv.mp3 Когда перезвонить: в ближайшее время , Дата звонка: 2026-02-24 12:10:16, Гео: Калужская обл., Сумма долга: 1000000 руб
Город: Калуга

Отправка комментариев в Bitrix: ДА
Поля для Bitrix: Array
(
    [NAME] => Владимир
    [PHONE] => Array
        (
            [0] => Array
                (
                    [VALUE] => +79056424162
                    [VALUE_TYPE] => MOBILE
                )

        )

    [ASSIGNED_BY_ID] => 1
    [TITLE] => Новая заявка - +79056424162
    [OPENED] => Y
    [STATUS_ID] => NEW
    [SOURCE_ID] => 653
    [COMMENTS] => <b>Comments:</b> Запись разговора: https://786231.selcdn.ru/leads-m-records/records/r0aT2QnzhxvY4mm9eycv.mp3 Когда перезвонить: в ближайшее время , Дата звонка: 2026-02-24 12:10:16, Гео: Калужская обл., Сумма долга: 1000000 руб<br><b>Город:</b> Калуга<br>
)

Bitrix Response: {"result":654113,"time":{"start":1771924260,"finish":1771924262.604303,"duration":2.6043028831481934,"processing":2,"date_start":"2026-02-24T12:11:00+03:00","date_finish":"2026-02-24T12:11:02+03:00","operating_reset_at":1771924860,"operating":6.758147954940796}}
Статус: Успешно (Lead ID: 654113)
--------------------------------------------------

Время: 24.02.2026 13:26:33
Сервис: КЦ
From: Заявка из КЦ
Клиент: Array
(
    [name] => Наталья
    [phone] => +79533330572
    [email] => 
)

Город: Калуга (ID: не найден)
RAW Input: {"name":"\u041d\u0430\u0442\u0430\u043b\u044c\u044f","phone":"+79533330572","Comments":"\u0417\u0430\u043f\u0438\u0441\u044c \u0440\u0430\u0437\u0433\u043e\u0432\u043e\u0440\u0430: https:\/\/786231.selcdn.ru\/leads-m-records\/records\/knEX1eUh2cqbUtHFySzl.mp3 \u041a\u043e\u0433\u0434\u0430 \u043f\u0435\u0440\u0435\u0437\u0432\u043e\u043d\u0438\u0442\u044c: \u0432 \u0431\u043b\u0438\u0436\u0430\u0439\u0448\u0435\u0435 \u0432\u0440\u0435\u043c\u044f, \u0414\u0430\u0442\u0430 \u0437\u0432\u043e\u043d\u043a\u0430: 2026-02-24 13:25:20, \u0413\u0435\u043e: \u041a\u0430\u043b\u0443\u0436\u0441\u043a\u0430\u044f \u043e\u0431\u043b., \u0421\u0443\u043c\u043c\u0430 \u0434\u043e\u043b\u0433\u0430: 260000 \u0440\u0443\u0431","Gorod":"\u041a\u0430\u043b\u0443\u0433\u0430"}
POST: Array
(
)

Quiz/Комментарии: Array
(
)

Собранные комментарии (для лога): 
Comments: Запись разговора: https://786231.selcdn.ru/leads-m-records/records/knEX1eUh2cqbUtHFySzl.mp3 Когда перезвонить: в ближайшее время, Дата звонка: 2026-02-24 13:25:20, Гео: Калужская обл., Сумма долга: 260000 руб
Город: Калуга

Отправка комментариев в Bitrix: ДА
Поля для Bitrix: Array
(
    [NAME] => Наталья
    [PHONE] => Array
        (
            [0] => Array
                (
                    [VALUE] => +79533330572
                    [VALUE_TYPE] => MOBILE
                )

        )

    [ASSIGNED_BY_ID] => 1
    [TITLE] => Новая заявка - +79533330572
    [OPENED] => Y
    [STATUS_ID] => NEW
    [SOURCE_ID] => 653
    [COMMENTS] => <b>Comments:</b> Запись разговора: https://786231.selcdn.ru/leads-m-records/records/knEX1eUh2cqbUtHFySzl.mp3 Когда перезвонить: в ближайшее время, Дата звонка: 2026-02-24 13:25:20, Гео: Калужская обл., Сумма долга: 260000 руб<br><b>Город:</b> Калуга<br>
)

Bitrix Response: {"result":654229,"time":{"start":1771928793,"finish":1771928796.244755,"duration":3.2447550296783447,"processing":3,"date_start":"2026-02-24T13:26:33+03:00","date_finish":"2026-02-24T13:26:36+03:00","operating_reset_at":1771929393,"operating":4.519758224487305}}
Статус: Успешно (Lead ID: 654229)
--------------------------------------------------

Время: 25.02.2026 10:55:45
Сервис: КЦ
From: Заявка из КЦ
Клиент: Array
(
    [name] => Владимир
    [phone] => +79023963403
    [email] => 
)

Город: Калуга (ID: не найден)
RAW Input: {"name":"\u0412\u043b\u0430\u0434\u0438\u043c\u0438\u0440","phone":"+79023963403","Comments":"\u0417\u0430\u043f\u0438\u0441\u044c \u0440\u0430\u0437\u0433\u043e\u0432\u043e\u0440\u0430: https:\/\/786231.selcdn.ru\/leads-m-records\/records\/iu9esPboCpHUoWH3roLw.mp3 \u041a\u043e\u0433\u0434\u0430 \u043f\u0435\u0440\u0435\u0437\u0432\u043e\u043d\u0438\u0442\u044c: \u0431\u043b\u0438\u0436\u0430\u0439\u0448\u0435\u0435 \u0432\u0440\u0435\u043c\u044f, \u0414\u0430\u0442\u0430 \u0437\u0432\u043e\u043d\u043a\u0430: 2026-02-25 10:54:03, \u0413\u0435\u043e: \u041a\u0430\u043b\u0443\u0436\u0441\u043a\u0430\u044f \u043e\u0431\u043b., \u0421\u0443\u043c\u043c\u0430 \u0434\u043e\u043b\u0433\u0430: 300000 \u0440\u0443\u0431","Gorod":"\u041a\u0430\u043b\u0443\u0433\u0430"}
POST: Array
(
)

Quiz/Комментарии: Array
(
)

Собранные комментарии (для лога): 
Comments: Запись разговора: https://786231.selcdn.ru/leads-m-records/records/iu9esPboCpHUoWH3roLw.mp3 Когда перезвонить: ближайшее время, Дата звонка: 2026-02-25 10:54:03, Гео: Калужская обл., Сумма долга: 300000 руб
Город: Калуга

Отправка комментариев в Bitrix: ДА
Поля для Bitrix: Array
(
    [NAME] => Владимир
    [PHONE] => Array
        (
            [0] => Array
                (
                    [VALUE] => +79023963403
                    [VALUE_TYPE] => MOBILE
                )

        )

    [ASSIGNED_BY_ID] => 1
    [TITLE] => Новая заявка - +79023963403
    [OPENED] => Y
    [STATUS_ID] => NEW
    [SOURCE_ID] => 653
    [COMMENTS] => <b>Comments:</b> Запись разговора: https://786231.selcdn.ru/leads-m-records/records/iu9esPboCpHUoWH3roLw.mp3 Когда перезвонить: ближайшее время, Дата звонка: 2026-02-25 10:54:03, Гео: Калужская обл., Сумма долга: 300000 руб<br><b>Город:</b> Калуга<br>
)

Bitrix Response: {"result":654843,"time":{"start":1772006145,"finish":1772006147.995184,"duration":2.9951839447021484,"processing":2,"date_start":"2026-02-25T10:55:45+03:00","date_finish":"2026-02-25T10:55:47+03:00","operating_reset_at":1772006745,"operating":19.742574214935303}}
Статус: Успешно (Lead ID: 654843)
--------------------------------------------------

Время: 25.02.2026 13:05:16
Сервис: КЦ
From: Заявка из КЦ
Клиент: Array
(
    [name] => Клиент
    [phone] => +79657023222
    [email] => 
)

Город: Калуга (ID: не найден)
RAW Input: {"name":"\u041a\u043b\u0438\u0435\u043d\u0442","phone":"+79657023222","Comments":"\u0417\u0430\u043f\u0438\u0441\u044c \u0440\u0430\u0437\u0433\u043e\u0432\u043e\u0440\u0430: https:\/\/786231.selcdn.ru\/leads-m-records\/records\/J3CHsXjhUzckXQw9EWoq.mp3 \u041a\u043e\u0433\u0434\u0430 \u043f\u0435\u0440\u0435\u0437\u0432\u043e\u043d\u0438\u0442\u044c: \u0412 \u0431\u043b\u0438\u0436\u0430\u0439\u0448\u0435\u0435 \u0432\u0440\u0435\u043c\u044f, \u0414\u0430\u0442\u0430 \u0437\u0432\u043e\u043d\u043a\u0430: 2026-02-25 13:04:04, \u0413\u0435\u043e: \u041a\u0430\u043b\u0443\u0436\u0441\u043a\u0430\u044f \u043e\u0431\u043b., \u0421\u0443\u043c\u043c\u0430 \u0434\u043e\u043b\u0433\u0430: 250000 \u0440\u0443\u0431","Gorod":"\u041a\u0430\u043b\u0443\u0433\u0430"}
POST: Array
(
)

Quiz/Комментарии: Array
(
)

Собранные комментарии (для лога): 
Comments: Запись разговора: https://786231.selcdn.ru/leads-m-records/records/J3CHsXjhUzckXQw9EWoq.mp3 Когда перезвонить: В ближайшее время, Дата звонка: 2026-02-25 13:04:04, Гео: Калужская обл., Сумма долга: 250000 руб
Город: Калуга

Отправка комментариев в Bitrix: ДА
Поля для Bitrix: Array
(
    [NAME] => Клиент
    [PHONE] => Array
        (
            [0] => Array
                (
                    [VALUE] => +79657023222
                    [VALUE_TYPE] => MOBILE
                )

        )

    [ASSIGNED_BY_ID] => 1
    [TITLE] => Новая заявка - +79657023222
    [OPENED] => Y
    [STATUS_ID] => NEW
    [SOURCE_ID] => 653
    [COMMENTS] => <b>Comments:</b> Запись разговора: https://786231.selcdn.ru/leads-m-records/records/J3CHsXjhUzckXQw9EWoq.mp3 Когда перезвонить: В ближайшее время, Дата звонка: 2026-02-25 13:04:04, Гео: Калужская обл., Сумма долга: 250000 руб<br><b>Город:</b> Калуга<br>
)

Bitrix Response: {"result":655001,"time":{"start":1772013916,"finish":1772013918.741583,"duration":2.7415831089019775,"processing":2,"date_start":"2026-02-25T13:05:16+03:00","date_finish":"2026-02-25T13:05:18+03:00","operating_reset_at":1772014516,"operating":2.382852077484131}}
Статус: Успешно (Lead ID: 655001)
--------------------------------------------------

Время: 25.02.2026 13:08:06
Сервис: КЦ
From: Заявка из КЦ
Клиент: Array
(
    [name] => Андрей
    [phone] => +79307579619
    [email] => 
)

Город: Калуга (ID: не найден)
RAW Input: {"name":"\u0410\u043d\u0434\u0440\u0435\u0439","phone":"+79307579619","Comments":"\u0417\u0430\u043f\u0438\u0441\u044c \u0440\u0430\u0437\u0433\u043e\u0432\u043e\u0440\u0430: https:\/\/786231.selcdn.ru\/leads-m-records\/records\/LlHsYSI1vpaRvFAS6nF6.mp3 \u041a\u043e\u0433\u0434\u0430 \u043f\u0435\u0440\u0435\u0437\u0432\u043e\u043d\u0438\u0442\u044c: \u0412 \u0431\u043b\u0438\u0436\u0430\u0439\u0448\u0435\u0435 \u0432\u0440\u0435\u043c\u044f, \u0414\u0430\u0442\u0430 \u0437\u0432\u043e\u043d\u043a\u0430: 2026-02-25 13:07:21, \u0413\u0435\u043e: \u041a\u0430\u043b\u0443\u0436\u0441\u043a\u0430\u044f \u043e\u0431\u043b., \u0421\u0443\u043c\u043c\u0430 \u0434\u043e\u043b\u0433\u0430: 1000000 \u0440\u0443\u0431","Gorod":"\u041a\u0430\u043b\u0443\u0433\u0430"}
POST: Array
(
)

Quiz/Комментарии: Array
(
)

Собранные комментарии (для лога): 
Comments: Запись разговора: https://786231.selcdn.ru/leads-m-records/records/LlHsYSI1vpaRvFAS6nF6.mp3 Когда перезвонить: В ближайшее время, Дата звонка: 2026-02-25 13:07:21, Гео: Калужская обл., Сумма долга: 1000000 руб
Город: Калуга

Отправка комментариев в Bitrix: ДА
Поля для Bitrix: Array
(
    [NAME] => Андрей
    [PHONE] => Array
        (
            [0] => Array
                (
                    [VALUE] => +79307579619
                    [VALUE_TYPE] => MOBILE
                )

        )

    [ASSIGNED_BY_ID] => 1
    [TITLE] => Новая заявка - +79307579619
    [OPENED] => Y
    [STATUS_ID] => NEW
    [SOURCE_ID] => 653
    [COMMENTS] => <b>Comments:</b> Запись разговора: https://786231.selcdn.ru/leads-m-records/records/LlHsYSI1vpaRvFAS6nF6.mp3 Когда перезвонить: В ближайшее время, Дата звонка: 2026-02-25 13:07:21, Гео: Калужская обл., Сумма долга: 1000000 руб<br><b>Город:</b> Калуга<br>
)

Bitrix Response: {"result":655005,"time":{"start":1772014086,"finish":1772014088.702736,"duration":2.7027359008789062,"processing":2,"date_start":"2026-02-25T13:08:06+03:00","date_finish":"2026-02-25T13:08:08+03:00","operating_reset_at":1772014686,"operating":7.438220977783203}}
Статус: Успешно (Lead ID: 655005)
--------------------------------------------------

Время: 25.02.2026 13:11:59
Сервис: КЦ
From: Заявка из КЦ
Клиент: Array
(
    [name] => Александр
    [phone] => +79533139612
    [email] => 
)

Город: Калуга (ID: не найден)
RAW Input: {"name":"\u0410\u043b\u0435\u043a\u0441\u0430\u043d\u0434\u0440","phone":"+79533139612","Comments":"\u0417\u0430\u043f\u0438\u0441\u044c \u0440\u0430\u0437\u0433\u043e\u0432\u043e\u0440\u0430: https:\/\/786231.selcdn.ru\/leads-m-records\/records\/28evyvm11Ygha4fPU6vw.mp3 \u041a\u043e\u0433\u0434\u0430 \u043f\u0435\u0440\u0435\u0437\u0432\u043e\u043d\u0438\u0442\u044c: \u0412 \u0431\u043b\u0438\u0436\u0430\u0439\u0448\u0435\u0435 \u0432\u0440\u0435\u043c\u044f, \u0414\u0430\u0442\u0430 \u0437\u0432\u043e\u043d\u043a\u0430: 2026-02-25 13:10:41, \u0413\u0435\u043e: \u041a\u0430\u043b\u0443\u0436\u0441\u043a\u0430\u044f \u043e\u0431\u043b., \u0421\u0443\u043c\u043c\u0430 \u0434\u043e\u043b\u0433\u0430: 250000 \u0440\u0443\u0431","Gorod":"\u041a\u0430\u043b\u0443\u0433\u0430"}
POST: Array
(
)

Quiz/Комментарии: Array
(
)

Собранные комментарии (для лога): 
Comments: Запись разговора: https://786231.selcdn.ru/leads-m-records/records/28evyvm11Ygha4fPU6vw.mp3 Когда перезвонить: В ближайшее время, Дата звонка: 2026-02-25 13:10:41, Гео: Калужская обл., Сумма долга: 250000 руб
Город: Калуга

Отправка комментариев в Bitrix: ДА
Поля для Bitrix: Array
(
    [NAME] => Александр
    [PHONE] => Array
        (
            [0] => Array
                (
                    [VALUE] => +79533139612
                    [VALUE_TYPE] => MOBILE
                )

        )

    [ASSIGNED_BY_ID] => 1
    [TITLE] => Новая заявка - +79533139612
    [OPENED] => Y
    [STATUS_ID] => NEW
    [SOURCE_ID] => 653
    [COMMENTS] => <b>Comments:</b> Запись разговора: https://786231.selcdn.ru/leads-m-records/records/28evyvm11Ygha4fPU6vw.mp3 Когда перезвонить: В ближайшее время, Дата звонка: 2026-02-25 13:10:41, Гео: Калужская обл., Сумма долга: 250000 руб<br><b>Город:</b> Калуга<br>
)

Bitrix Response: {"result":655011,"time":{"start":1772014319,"finish":1772014321.772548,"duration":2.772547960281372,"processing":2,"date_start":"2026-02-25T13:11:59+03:00","date_finish":"2026-02-25T13:12:01+03:00","operating_reset_at":1772014919,"operating":12.201512813568115}}
Статус: Успешно (Lead ID: 655011)
--------------------------------------------------

Время: 25.02.2026 13:16:06
Сервис: КЦ
From: Заявка из КЦ
Клиент: Array
(
    [name] => Валерий
    [phone] => +79105460689
    [email] => 
)

Город: Калуга (ID: не найден)
RAW Input: {"name":"\u0412\u0430\u043b\u0435\u0440\u0438\u0439","phone":"+79105460689","Comments":"\u0417\u0430\u043f\u0438\u0441\u044c \u0440\u0430\u0437\u0433\u043e\u0432\u043e\u0440\u0430: https:\/\/786231.selcdn.ru\/leads-m-records\/records\/HNTXVfGvoPSuSpL0o8fc.mp3 \u041a\u043e\u0433\u0434\u0430 \u043f\u0435\u0440\u0435\u0437\u0432\u043e\u043d\u0438\u0442\u044c: \u0432 \u0431\u043b\u0438\u0436 \u0432\u0440\u0435\u043c\u044f, \u0414\u0430\u0442\u0430 \u0437\u0432\u043e\u043d\u043a\u0430: 2026-02-25 13:15:18, \u0413\u0435\u043e: \u041a\u0430\u043b\u0443\u0436\u0441\u043a\u0430\u044f \u043e\u0431\u043b., \u0421\u0443\u043c\u043c\u0430 \u0434\u043e\u043b\u0433\u0430: 380000 \u0440\u0443\u0431","Gorod":"\u041a\u0430\u043b\u0443\u0433\u0430"}
POST: Array
(
)

Quiz/Комментарии: Array
(
)

Собранные комментарии (для лога): 
Comments: Запись разговора: https://786231.selcdn.ru/leads-m-records/records/HNTXVfGvoPSuSpL0o8fc.mp3 Когда перезвонить: в ближ время, Дата звонка: 2026-02-25 13:15:18, Гео: Калужская обл., Сумма долга: 380000 руб
Город: Калуга

Отправка комментариев в Bitrix: ДА
Поля для Bitrix: Array
(
    [NAME] => Валерий
    [PHONE] => Array
        (
            [0] => Array
                (
                    [VALUE] => +79105460689
                    [VALUE_TYPE] => MOBILE
                )

        )

    [ASSIGNED_BY_ID] => 1
    [TITLE] => Новая заявка - +79105460689
    [OPENED] => Y
    [STATUS_ID] => NEW
    [SOURCE_ID] => 653
    [COMMENTS] => <b>Comments:</b> Запись разговора: https://786231.selcdn.ru/leads-m-records/records/HNTXVfGvoPSuSpL0o8fc.mp3 Когда перезвонить: в ближ время, Дата звонка: 2026-02-25 13:15:18, Гео: Калужская обл., Сумма долга: 380000 руб<br><b>Город:</b> Калуга<br>
)

Bitrix Response: {"result":655017,"time":{"start":1772014566,"finish":1772014568.652133,"duration":2.652132987976074,"processing":2,"date_start":"2026-02-25T13:16:06+03:00","date_finish":"2026-02-25T13:16:08+03:00","operating_reset_at":1772015166,"operating":14.76374363899231}}
Статус: Успешно (Lead ID: 655017)
--------------------------------------------------

Время: 25.02.2026 14:42:16
Сервис: КЦ
From: Заявка из КЦ
Клиент: Array
(
    [name] => Александр
    [phone] => +79533313733
    [email] => 
)

Город: Калуга (ID: не найден)
RAW Input: {"name":"\u0410\u043b\u0435\u043a\u0441\u0430\u043d\u0434\u0440","phone":"+79533313733","Comments":"\u0417\u0430\u043f\u0438\u0441\u044c \u0440\u0430\u0437\u0433\u043e\u0432\u043e\u0440\u0430: https:\/\/786231.selcdn.ru\/leads-m-records\/records\/AEfy04kb0OTPaNqjiyMh.mp3 \u041a\u043e\u0433\u0434\u0430 \u043f\u0435\u0440\u0435\u0437\u0432\u043e\u043d\u0438\u0442\u044c: \u0431\u043b\u0438\u0436\u0430\u0439\u0448\u0435\u0435 \u0432\u0440\u0435\u043c\u044f, \u0414\u0430\u0442\u0430 \u0437\u0432\u043e\u043d\u043a\u0430: 2026-02-25 14:39:49, \u0413\u0435\u043e: \u041a\u0430\u043b\u0443\u0436\u0441\u043a\u0430\u044f \u043e\u0431\u043b., \u0421\u0443\u043c\u043c\u0430 \u0434\u043e\u043b\u0433\u0430: 250000 \u0440\u0443\u0431","Gorod":"\u041a\u0430\u043b\u0443\u0433\u0430"}
POST: Array
(
)

Quiz/Комментарии: Array
(
)

Собранные комментарии (для лога): 
Comments: Запись разговора: https://786231.selcdn.ru/leads-m-records/records/AEfy04kb0OTPaNqjiyMh.mp3 Когда перезвонить: ближайшее время, Дата звонка: 2026-02-25 14:39:49, Гео: Калужская обл., Сумма долга: 250000 руб
Город: Калуга

Отправка комментариев в Bitrix: ДА
Поля для Bitrix: Array
(
    [NAME] => Александр
    [PHONE] => Array
        (
            [0] => Array
                (
                    [VALUE] => +79533313733
                    [VALUE_TYPE] => MOBILE
                )

        )

    [ASSIGNED_BY_ID] => 1
    [TITLE] => Новая заявка - +79533313733
    [OPENED] => Y
    [STATUS_ID] => NEW
    [SOURCE_ID] => 653
    [COMMENTS] => <b>Comments:</b> Запись разговора: https://786231.selcdn.ru/leads-m-records/records/AEfy04kb0OTPaNqjiyMh.mp3 Когда перезвонить: ближайшее время, Дата звонка: 2026-02-25 14:39:49, Гео: Калужская обл., Сумма долга: 250000 руб<br><b>Город:</b> Калуга<br>
)

Bitrix Response: {"result":655129,"time":{"start":1772019736,"finish":1772019739.134635,"duration":3.1346349716186523,"processing":3,"date_start":"2026-02-25T14:42:16+03:00","date_finish":"2026-02-25T14:42:19+03:00","operating_reset_at":1772020336,"operating":12.995112895965576}}
Статус: Успешно (Lead ID: 655129)
--------------------------------------------------

Время: 25.02.2026 15:15:59
Сервис: КЦ
From: Заявка из КЦ
Клиент: Array
(
    [name] => Артур
    [phone] => +79200966675
    [email] => 
)

Город: Калуга (ID: не найден)
RAW Input: {"name":"\u0410\u0440\u0442\u0443\u0440","phone":"+79200966675","Comments":"\u0417\u0430\u043f\u0438\u0441\u044c \u0440\u0430\u0437\u0433\u043e\u0432\u043e\u0440\u0430: https:\/\/786231.selcdn.ru\/leads-m-records\/records\/ByprunSmJ0oWiaOS2M10.mp3 \u041a\u043e\u0433\u0434\u0430 \u043f\u0435\u0440\u0435\u0437\u0432\u043e\u043d\u0438\u0442\u044c: \u0431\u043b\u0438\u0436\u0430\u0439\u0448\u0435\u0435  \u0432\u0440\u0435\u043c\u044f, \u0414\u0430\u0442\u0430 \u0437\u0432\u043e\u043d\u043a\u0430: 2026-02-25 15:14:01, \u0413\u0435\u043e: \u041a\u0430\u043b\u0443\u0436\u0441\u043a\u0430\u044f \u043e\u0431\u043b., \u0421\u0443\u043c\u043c\u0430 \u0434\u043e\u043b\u0433\u0430: 1000000 \u0440\u0443\u0431","Gorod":"\u041a\u0430\u043b\u0443\u0433\u0430"}
POST: Array
(
)

Quiz/Комментарии: Array
(
)

Собранные комментарии (для лога): 
Comments: Запись разговора: https://786231.selcdn.ru/leads-m-records/records/ByprunSmJ0oWiaOS2M10.mp3 Когда перезвонить: ближайшее  время, Дата звонка: 2026-02-25 15:14:01, Гео: Калужская обл., Сумма долга: 1000000 руб
Город: Калуга

Отправка комментариев в Bitrix: ДА
Поля для Bitrix: Array
(
    [NAME] => Артур
    [PHONE] => Array
        (
            [0] => Array
                (
                    [VALUE] => +79200966675
                    [VALUE_TYPE] => MOBILE
                )

        )

    [ASSIGNED_BY_ID] => 1
    [TITLE] => Новая заявка - +79200966675
    [OPENED] => Y
    [STATUS_ID] => NEW
    [SOURCE_ID] => 653
    [COMMENTS] => <b>Comments:</b> Запись разговора: https://786231.selcdn.ru/leads-m-records/records/ByprunSmJ0oWiaOS2M10.mp3 Когда перезвонить: ближайшее  время, Дата звонка: 2026-02-25 15:14:01, Гео: Калужская обл., Сумма долга: 1000000 руб<br><b>Город:</b> Калуга<br>
)

Bitrix Response: {"result":655193,"time":{"start":1772021759,"finish":1772021761.995633,"duration":2.9956328868865967,"processing":2,"date_start":"2026-02-25T15:15:59+03:00","date_finish":"2026-02-25T15:16:01+03:00","operating_reset_at":1772022359,"operating":13.42283844947815}}
Статус: Успешно (Lead ID: 655193)
--------------------------------------------------

Время: 25.02.2026 16:03:39
Сервис: КЦ
From: Заявка из КЦ
Клиент: Array
(
    [name] => Алексей
    [phone] => +79950560891
    [email] => 
)

Город: Калуга (ID: не найден)
RAW Input: {"name":"\u0410\u043b\u0435\u043a\u0441\u0435\u0439","phone":"+79950560891","Comments":"\u0417\u0430\u043f\u0438\u0441\u044c \u0440\u0430\u0437\u0433\u043e\u0432\u043e\u0440\u0430: https:\/\/786231.selcdn.ru\/leads-m-records\/records\/hUzeP2nNnaXPT0JXrLfE.mp3 \u041a\u043e\u0433\u0434\u0430 \u043f\u0435\u0440\u0435\u0437\u0432\u043e\u043d\u0438\u0442\u044c: \u0431\u043b\u0438\u0436 \u0432\u0440., \u0414\u0430\u0442\u0430 \u0437\u0432\u043e\u043d\u043a\u0430: 2026-02-25 16:03:11, \u0413\u0435\u043e: \u041a\u0430\u043b\u0443\u0436\u0441\u043a\u0430\u044f \u043e\u0431\u043b., \u0421\u0443\u043c\u043c\u0430 \u0434\u043e\u043b\u0433\u0430: 800000 \u0440\u0443\u0431","Gorod":"\u041a\u0430\u043b\u0443\u0433\u0430"}
POST: Array
(
)

Quiz/Комментарии: Array
(
)

Собранные комментарии (для лога): 
Comments: Запись разговора: https://786231.selcdn.ru/leads-m-records/records/hUzeP2nNnaXPT0JXrLfE.mp3 Когда перезвонить: ближ вр., Дата звонка: 2026-02-25 16:03:11, Гео: Калужская обл., Сумма долга: 800000 руб
Город: Калуга

Отправка комментариев в Bitrix: ДА
Поля для Bitrix: Array
(
    [NAME] => Алексей
    [PHONE] => Array
        (
            [0] => Array
                (
                    [VALUE] => +79950560891
                    [VALUE_TYPE] => MOBILE
                )

        )

    [ASSIGNED_BY_ID] => 1
    [TITLE] => Новая заявка - +79950560891
    [OPENED] => Y
    [STATUS_ID] => NEW
    [SOURCE_ID] => 653
    [COMMENTS] => <b>Comments:</b> Запись разговора: https://786231.selcdn.ru/leads-m-records/records/hUzeP2nNnaXPT0JXrLfE.mp3 Когда перезвонить: ближ вр., Дата звонка: 2026-02-25 16:03:11, Гео: Калужская обл., Сумма долга: 800000 руб<br><b>Город:</b> Калуга<br>
)

Bitrix Response: {"result":655261,"time":{"start":1772024619,"finish":1772024621.790991,"duration":2.7909910678863525,"processing":2,"date_start":"2026-02-25T16:03:39+03:00","date_finish":"2026-02-25T16:03:41+03:00","operating_reset_at":1772025219,"operating":2.3822410106658936}}
Статус: Успешно (Lead ID: 655261)
--------------------------------------------------

Время: 25.02.2026 17:29:37
Сервис: КЦ
From: Заявка из КЦ
Клиент: Array
(
    [name] => Дмитрий
    [phone] => +79534699447
    [email] => 
)

Город: Калуга (ID: не найден)
RAW Input: {"name":"\u0414\u043c\u0438\u0442\u0440\u0438\u0439","phone":"+79534699447","Comments":"\u0417\u0430\u043f\u0438\u0441\u044c \u0440\u0430\u0437\u0433\u043e\u0432\u043e\u0440\u0430: https:\/\/786231.selcdn.ru\/leads-m-records\/records\/1Hl8kaH9Sq8zksevcWRF.mp3 \u041a\u043e\u0433\u0434\u0430 \u043f\u0435\u0440\u0435\u0437\u0432\u043e\u043d\u0438\u0442\u044c: \u0432 \u0431\u043b\u0438\u0436 \u0432\u0440\u0435\u043c\u044f, \u0414\u0430\u0442\u0430 \u0437\u0432\u043e\u043d\u043a\u0430: 2026-02-25 17:14:37, \u0413\u0435\u043e: \u041a\u0430\u043b\u0443\u0436\u0441\u043a\u0430\u044f \u043e\u0431\u043b., \u0421\u0443\u043c\u043c\u0430 \u0434\u043e\u043b\u0433\u0430: 250000 \u0440\u0443\u0431","Gorod":"\u041a\u0430\u043b\u0443\u0433\u0430"}
POST: Array
(
)

Quiz/Комментарии: Array
(
)

Собранные комментарии (для лога): 
Comments: Запись разговора: https://786231.selcdn.ru/leads-m-records/records/1Hl8kaH9Sq8zksevcWRF.mp3 Когда перезвонить: в ближ время, Дата звонка: 2026-02-25 17:14:37, Гео: Калужская обл., Сумма долга: 250000 руб
Город: Калуга

Отправка комментариев в Bitrix: ДА
Поля для Bitrix: Array
(
    [NAME] => Дмитрий
    [PHONE] => Array
        (
            [0] => Array
                (
                    [VALUE] => +79534699447
                    [VALUE_TYPE] => MOBILE
                )

        )

    [ASSIGNED_BY_ID] => 1
    [TITLE] => Новая заявка - +79534699447
    [OPENED] => Y
    [STATUS_ID] => NEW
    [SOURCE_ID] => 653
    [COMMENTS] => <b>Comments:</b> Запись разговора: https://786231.selcdn.ru/leads-m-records/records/1Hl8kaH9Sq8zksevcWRF.mp3 Когда перезвонить: в ближ время, Дата звонка: 2026-02-25 17:14:37, Гео: Калужская обл., Сумма долга: 250000 руб<br><b>Город:</b> Калуга<br>
)

Bitrix Response: {"result":655367,"time":{"start":1772029777,"finish":1772029780.078567,"duration":3.0785670280456543,"processing":3,"date_start":"2026-02-25T17:29:37+03:00","date_finish":"2026-02-25T17:29:40+03:00","operating_reset_at":1772030377,"operating":21.392404079437256}}
Статус: Успешно (Lead ID: 655367)
--------------------------------------------------

Время: 26.02.2026 12:37:35
Сервис: КЦ
From: Заявка из КЦ
Клиент: Array
(
    [name] => Сергей
    [phone] => +79186239992
    [email] => 
)

Город: Калуга (ID: не найден)
RAW Input: {"name":"\u0421\u0435\u0440\u0433\u0435\u0439","phone":"+79186239992","Comments":"\u0417\u0430\u043f\u0438\u0441\u044c \u0440\u0430\u0437\u0433\u043e\u0432\u043e\u0440\u0430: https:\/\/786231.selcdn.ru\/leads-m-records\/records\/iSQeAr3jo1UmLD0BjXUX.mp3 \u041a\u043e\u0433\u0434\u0430 \u043f\u0435\u0440\u0435\u0437\u0432\u043e\u043d\u0438\u0442\u044c: \u0447\u0435\u0440\u0435\u0437 \u0447\u0430\u0441, \u043f\u0440\u0438\u043c\u0435\u0440\u043d\u043e 13-40, \u0414\u0430\u0442\u0430 \u0437\u0432\u043e\u043d\u043a\u0430: 2026-02-26 12:36:44, \u0413\u0435\u043e: \u041a\u0430\u043b\u0443\u0436\u0441\u043a\u0430\u044f \u043e\u0431\u043b., \u0421\u0443\u043c\u043c\u0430 \u0434\u043e\u043b\u0433\u0430: 300000 \u0440\u0443\u0431","Gorod":"\u041a\u0430\u043b\u0443\u0433\u0430"}
POST: Array
(
)

Quiz/Комментарии: Array
(
)

Собранные комментарии (для лога): 
Comments: Запись разговора: https://786231.selcdn.ru/leads-m-records/records/iSQeAr3jo1UmLD0BjXUX.mp3 Когда перезвонить: через час, примерно 13-40, Дата звонка: 2026-02-26 12:36:44, Гео: Калужская обл., Сумма долга: 300000 руб
Город: Калуга

Отправка комментариев в Bitrix: ДА
Поля для Bitrix: Array
(
    [NAME] => Сергей
    [PHONE] => Array
        (
            [0] => Array
                (
                    [VALUE] => +79186239992
                    [VALUE_TYPE] => MOBILE
                )

        )

    [ASSIGNED_BY_ID] => 1
    [TITLE] => Новая заявка - +79186239992
    [OPENED] => Y
    [STATUS_ID] => NEW
    [SOURCE_ID] => 653
    [COMMENTS] => <b>Comments:</b> Запись разговора: https://786231.selcdn.ru/leads-m-records/records/iSQeAr3jo1UmLD0BjXUX.mp3 Когда перезвонить: через час, примерно 13-40, Дата звонка: 2026-02-26 12:36:44, Гео: Калужская обл., Сумма долга: 300000 руб<br><b>Город:</b> Калуга<br>
)

Bitrix Response: {"result":655813,"time":{"start":1772098655,"finish":1772098657.567124,"duration":2.5671238899230957,"processing":2,"date_start":"2026-02-26T12:37:35+03:00","date_finish":"2026-02-26T12:37:37+03:00","operating_reset_at":1772099255,"operating":9.463373899459839}}
Статус: Успешно (Lead ID: 655813)
--------------------------------------------------

Время: 26.02.2026 13:21:35
Сервис: КЦ
From: Заявка из КЦ
Клиент: Array
(
    [name] => Дмитрий
    [phone] => +79105276123
    [email] => 
)

Город: Калуга (ID: не найден)
RAW Input: {"name":"\u0414\u043c\u0438\u0442\u0440\u0438\u0439","phone":"+79105276123","Comments":"\u0417\u0430\u043f\u0438\u0441\u044c \u0440\u0430\u0437\u0433\u043e\u0432\u043e\u0440\u0430: https:\/\/786231.selcdn.ru\/leads-m-records\/records\/aDjMq3s2jZhSw7jZLIvB.mp3 \u041a\u043e\u0433\u0434\u0430 \u043f\u0435\u0440\u0435\u0437\u0432\u043e\u043d\u0438\u0442\u044c: \u0432 \u0431\u043b\u0438\u0436\u0430\u0439\u0448\u0435\u0435 \u0432\u0440\u0435\u043c\u044f , \u0414\u0430\u0442\u0430 \u0437\u0432\u043e\u043d\u043a\u0430: 2026-02-26 13:21:08, \u0413\u0435\u043e: \u041a\u0430\u043b\u0443\u0436\u0441\u043a\u0430\u044f \u043e\u0431\u043b., \u0421\u0443\u043c\u043c\u0430 \u0434\u043e\u043b\u0433\u0430: 500000 \u0440\u0443\u0431","Gorod":"\u041a\u0430\u043b\u0443\u0433\u0430"}
POST: Array
(
)

Quiz/Комментарии: Array
(
)

Собранные комментарии (для лога): 
Comments: Запись разговора: https://786231.selcdn.ru/leads-m-records/records/aDjMq3s2jZhSw7jZLIvB.mp3 Когда перезвонить: в ближайшее время , Дата звонка: 2026-02-26 13:21:08, Гео: Калужская обл., Сумма долга: 500000 руб
Город: Калуга

Отправка комментариев в Bitrix: ДА
Поля для Bitrix: Array
(
    [NAME] => Дмитрий
    [PHONE] => Array
        (
            [0] => Array
                (
                    [VALUE] => +79105276123
                    [VALUE_TYPE] => MOBILE
                )

        )

    [ASSIGNED_BY_ID] => 1
    [TITLE] => Новая заявка - +79105276123
    [OPENED] => Y
    [STATUS_ID] => NEW
    [SOURCE_ID] => 653
    [COMMENTS] => <b>Comments:</b> Запись разговора: https://786231.selcdn.ru/leads-m-records/records/aDjMq3s2jZhSw7jZLIvB.mp3 Когда перезвонить: в ближайшее время , Дата звонка: 2026-02-26 13:21:08, Гео: Калужская обл., Сумма долга: 500000 руб<br><b>Город:</b> Калуга<br>
)

Bitrix Response: {"result":655869,"time":{"start":1772101295,"finish":1772101297.929888,"duration":2.9298880100250244,"processing":2,"date_start":"2026-02-26T13:21:35+03:00","date_finish":"2026-02-26T13:21:37+03:00","operating_reset_at":1772101895,"operating":11.82764983177185}}
Статус: Успешно (Lead ID: 655869)
--------------------------------------------------

Время: 26.02.2026 13:24:09
Сервис: КЦ
From: Заявка из КЦ
Клиент: Array
(
    [name] => Полина
    [phone] => +79533371992
    [email] => 
)

Город: Калуга (ID: не найден)
RAW Input: {"name":"\u041f\u043e\u043b\u0438\u043d\u0430","phone":"+79533371992","Comments":"\u0417\u0430\u043f\u0438\u0441\u044c \u0440\u0430\u0437\u0433\u043e\u0432\u043e\u0440\u0430: https:\/\/786231.selcdn.ru\/leads-m-records\/records\/FecYFOPUBfXHbZggS4GB.mp3 \u041a\u043e\u0433\u0434\u0430 \u043f\u0435\u0440\u0435\u0437\u0432\u043e\u043d\u0438\u0442\u044c: \u043e\u0436\u0438\u0434\u0430\u0435\u0442 \u0437\u0432\u043e\u043d\u043a\u0430 , \u0414\u0430\u0442\u0430 \u0437\u0432\u043e\u043d\u043a\u0430: 2026-02-26 13:23:31, \u0413\u0435\u043e: \u041a\u0430\u043b\u0443\u0436\u0441\u043a\u0430\u044f \u043e\u0431\u043b., \u0421\u0443\u043c\u043c\u0430 \u0434\u043e\u043b\u0433\u0430: 250000 \u0440\u0443\u0431","Gorod":"\u041a\u0430\u043b\u0443\u0433\u0430"}
POST: Array
(
)

Quiz/Комментарии: Array
(
)

Собранные комментарии (для лога): 
Comments: Запись разговора: https://786231.selcdn.ru/leads-m-records/records/FecYFOPUBfXHbZggS4GB.mp3 Когда перезвонить: ожидает звонка , Дата звонка: 2026-02-26 13:23:31, Гео: Калужская обл., Сумма долга: 250000 руб
Город: Калуга

Отправка комментариев в Bitrix: ДА
Поля для Bitrix: Array
(
    [NAME] => Полина
    [PHONE] => Array
        (
            [0] => Array
                (
                    [VALUE] => +79533371992
                    [VALUE_TYPE] => MOBILE
                )

        )

    [ASSIGNED_BY_ID] => 1
    [TITLE] => Новая заявка - +79533371992
    [OPENED] => Y
    [STATUS_ID] => NEW
    [SOURCE_ID] => 653
    [COMMENTS] => <b>Comments:</b> Запись разговора: https://786231.selcdn.ru/leads-m-records/records/FecYFOPUBfXHbZggS4GB.mp3 Когда перезвонить: ожидает звонка , Дата звонка: 2026-02-26 13:23:31, Гео: Калужская обл., Сумма долга: 250000 руб<br><b>Город:</b> Калуга<br>
)

Bitrix Response: {"result":655873,"time":{"start":1772101449,"finish":1772101451.703366,"duration":2.7033660411834717,"processing":2,"date_start":"2026-02-26T13:24:09+03:00","date_finish":"2026-02-26T13:24:11+03:00","operating_reset_at":1772102049,"operating":11.912746667861938}}
Статус: Успешно (Lead ID: 655873)
--------------------------------------------------

Время: 26.02.2026 15:45:38
Сервис: КЦ
From: Заявка из КЦ
Клиент: Array
(
    [name] => Ольга
    [phone] => +79109162978
    [email] => 
)

Город: Калуга (ID: не найден)
RAW Input: {"name":"\u041e\u043b\u044c\u0433\u0430","phone":"+79109162978","Comments":"\u0417\u0430\u043f\u0438\u0441\u044c \u0440\u0430\u0437\u0433\u043e\u0432\u043e\u0440\u0430: https:\/\/786231.selcdn.ru\/leads-m-records\/records\/s92GVVb5P7zhkruV8TK5.mp3 \u041a\u043e\u0433\u0434\u0430 \u043f\u0435\u0440\u0435\u0437\u0432\u043e\u043d\u0438\u0442\u044c: \u0431\u043b\u0438\u0436\u0430\u0439\u0448\u0435\u0435 \u0432\u0440\u0435\u043c\u044f, \u0414\u0430\u0442\u0430 \u0437\u0432\u043e\u043d\u043a\u0430: 2026-02-26 15:45:21, \u0413\u0435\u043e: \u041a\u0430\u043b\u0443\u0436\u0441\u043a\u0430\u044f \u043e\u0431\u043b., \u0421\u0443\u043c\u043c\u0430 \u0434\u043e\u043b\u0433\u0430: 300000 \u0440\u0443\u0431","Gorod":"\u041a\u0430\u043b\u0443\u0433\u0430"}
POST: Array
(
)

Quiz/Комментарии: Array
(
)

Собранные комментарии (для лога): 
Comments: Запись разговора: https://786231.selcdn.ru/leads-m-records/records/s92GVVb5P7zhkruV8TK5.mp3 Когда перезвонить: ближайшее время, Дата звонка: 2026-02-26 15:45:21, Гео: Калужская обл., Сумма долга: 300000 руб
Город: Калуга

Отправка комментариев в Bitrix: ДА
Поля для Bitrix: Array
(
    [NAME] => Ольга
    [PHONE] => Array
        (
            [0] => Array
                (
                    [VALUE] => +79109162978
                    [VALUE_TYPE] => MOBILE
                )

        )

    [ASSIGNED_BY_ID] => 1
    [TITLE] => Новая заявка - +79109162978
    [OPENED] => Y
    [STATUS_ID] => NEW
    [SOURCE_ID] => 653
    [COMMENTS] => <b>Comments:</b> Запись разговора: https://786231.selcdn.ru/leads-m-records/records/s92GVVb5P7zhkruV8TK5.mp3 Когда перезвонить: ближайшее время, Дата звонка: 2026-02-26 15:45:21, Гео: Калужская обл., Сумма долга: 300000 руб<br><b>Город:</b> Калуга<br>
)

Bitrix Response: {"result":656071,"time":{"start":1772109938,"finish":1772109941.160321,"duration":3.160320997238159,"processing":3,"date_start":"2026-02-26T15:45:38+03:00","date_finish":"2026-02-26T15:45:41+03:00","operating_reset_at":1772110538,"operating":4.6031270027160645}}
Статус: Успешно (Lead ID: 656071)
--------------------------------------------------

Время: 26.02.2026 15:54:39
Сервис: КЦ
From: Заявка из КЦ
Клиент: Array
(
    [name] => Клиент
    [phone] => +79029345694
    [email] => 
)

Город: Калуга (ID: не найден)
RAW Input: {"name":"\u041a\u043b\u0438\u0435\u043d\u0442","phone":"+79029345694","Comments":"\u0417\u0430\u043f\u0438\u0441\u044c \u0440\u0430\u0437\u0433\u043e\u0432\u043e\u0440\u0430: https:\/\/786231.selcdn.ru\/leads-m-records\/records\/QRKweCkDGAYLR7IBoqwj.mp3 \u041a\u043e\u0433\u0434\u0430 \u043f\u0435\u0440\u0435\u0437\u0432\u043e\u043d\u0438\u0442\u044c: \u0412 \u0431\u043b\u0438\u0436\u0430\u0439\u0448\u0435\u0435 \u0432\u0440\u0435\u043c\u044f, \u0414\u0430\u0442\u0430 \u0437\u0432\u043e\u043d\u043a\u0430: 2026-02-26 15:54:27, \u0413\u0435\u043e: \u041a\u0430\u043b\u0443\u0436\u0441\u043a\u0430\u044f \u043e\u0431\u043b., \u0421\u0443\u043c\u043c\u0430 \u0434\u043e\u043b\u0433\u0430: 250000 \u0440\u0443\u0431","Gorod":"\u041a\u0430\u043b\u0443\u0433\u0430"}
POST: Array
(
)

Quiz/Комментарии: Array
(
)

Собранные комментарии (для лога): 
Comments: Запись разговора: https://786231.selcdn.ru/leads-m-records/records/QRKweCkDGAYLR7IBoqwj.mp3 Когда перезвонить: В ближайшее время, Дата звонка: 2026-02-26 15:54:27, Гео: Калужская обл., Сумма долга: 250000 руб
Город: Калуга

Отправка комментариев в Bitrix: ДА
Поля для Bitrix: Array
(
    [NAME] => Клиент
    [PHONE] => Array
        (
            [0] => Array
                (
                    [VALUE] => +79029345694
                    [VALUE_TYPE] => MOBILE
                )

        )

    [ASSIGNED_BY_ID] => 1
    [TITLE] => Новая заявка - +79029345694
    [OPENED] => Y
    [STATUS_ID] => NEW
    [SOURCE_ID] => 653
    [COMMENTS] => <b>Comments:</b> Запись разговора: https://786231.selcdn.ru/leads-m-records/records/QRKweCkDGAYLR7IBoqwj.mp3 Когда перезвонить: В ближайшее время, Дата звонка: 2026-02-26 15:54:27, Гео: Калужская обл., Сумма долга: 250000 руб<br><b>Город:</b> Калуга<br>
)

Bitrix Response: {"result":656089,"time":{"start":1772110480,"finish":1772110482.416402,"duration":2.4164021015167236,"processing":2,"date_start":"2026-02-26T15:54:40+03:00","date_finish":"2026-02-26T15:54:42+03:00","operating_reset_at":1772111080,"operating":16.171742916107178}}
Статус: Успешно (Lead ID: 656089)
--------------------------------------------------

Время: 26.02.2026 16:11:06
Сервис: КЦ
From: Заявка из КЦ
Клиент: Array
(
    [name] => Клиент
    [phone] => +79105124333
    [email] => 
)

Город: Калуга (ID: не найден)
RAW Input: {"name":"\u041a\u043b\u0438\u0435\u043d\u0442","phone":"+79105124333","Comments":"\u0417\u0430\u043f\u0438\u0441\u044c \u0440\u0430\u0437\u0433\u043e\u0432\u043e\u0440\u0430: https:\/\/786231.selcdn.ru\/leads-m-records\/records\/3yk1JQQ1WBmDnPXyQ8jA.mp3 \u041a\u043e\u0433\u0434\u0430 \u043f\u0435\u0440\u0435\u0437\u0432\u043e\u043d\u0438\u0442\u044c: \u0432 \u0431\u043b\u0438\u0436\u0430\u0439\u0448\u0435\u0435 \u0432\u0440\u0435\u043c\u044f, \u0414\u0430\u0442\u0430 \u0437\u0432\u043e\u043d\u043a\u0430: 2026-02-26 16:09:36, \u0413\u0435\u043e: \u041a\u0430\u043b\u0443\u0436\u0441\u043a\u0430\u044f \u043e\u0431\u043b., \u0421\u0443\u043c\u043c\u0430 \u0434\u043e\u043b\u0433\u0430: 1000000 \u0440\u0443\u0431","Gorod":"\u041a\u0430\u043b\u0443\u0433\u0430"}
POST: Array
(
)

Quiz/Комментарии: Array
(
)

Собранные комментарии (для лога): 
Comments: Запись разговора: https://786231.selcdn.ru/leads-m-records/records/3yk1JQQ1WBmDnPXyQ8jA.mp3 Когда перезвонить: в ближайшее время, Дата звонка: 2026-02-26 16:09:36, Гео: Калужская обл., Сумма долга: 1000000 руб
Город: Калуга

Отправка комментариев в Bitrix: ДА
Поля для Bitrix: Array
(
    [NAME] => Клиент
    [PHONE] => Array
        (
            [0] => Array
                (
                    [VALUE] => +79105124333
                    [VALUE_TYPE] => MOBILE
                )

        )

    [ASSIGNED_BY_ID] => 1
    [TITLE] => Новая заявка - +79105124333
    [OPENED] => Y
    [STATUS_ID] => NEW
    [SOURCE_ID] => 653
    [COMMENTS] => <b>Comments:</b> Запись разговора: https://786231.selcdn.ru/leads-m-records/records/3yk1JQQ1WBmDnPXyQ8jA.mp3 Когда перезвонить: в ближайшее время, Дата звонка: 2026-02-26 16:09:36, Гео: Калужская обл., Сумма долга: 1000000 руб<br><b>Город:</b> Калуга<br>
)

Bitrix Response: {"result":656105,"time":{"start":1772111466,"finish":1772111468.965847,"duration":2.9658470153808594,"processing":2,"date_start":"2026-02-26T16:11:06+03:00","date_finish":"2026-02-26T16:11:08+03:00","operating_reset_at":1772112066,"operating":12.494596242904663}}
Статус: Успешно (Lead ID: 656105)
--------------------------------------------------

Время: 26.02.2026 17:20:55
Сервис: КЦ
From: Заявка из КЦ
Клиент: Array
(
    [name] => Виталий
    [phone] => +79023992762
    [email] => 
)

Город: Калуга (ID: не найден)
RAW Input: {"name":"\u0412\u0438\u0442\u0430\u043b\u0438\u0439 ","phone":"+79023992762","Comments":"\u0417\u0430\u043f\u0438\u0441\u044c \u0440\u0430\u0437\u0433\u043e\u0432\u043e\u0440\u0430: https:\/\/786231.selcdn.ru\/leads-m-records\/records\/qostGqSxzcTpnsc8G6JJ.mp3 \u041a\u043e\u0433\u0434\u0430 \u043f\u0435\u0440\u0435\u0437\u0432\u043e\u043d\u0438\u0442\u044c: \u0432 \u0431\u043b\u0438\u0436\u0430\u0439\u0448\u0435\u0435 \u0432\u0440\u0435\u043c\u044f, \u0414\u0430\u0442\u0430 \u0437\u0432\u043e\u043d\u043a\u0430: 2026-02-26 17:17:45, \u0413\u0435\u043e: \u041a\u0430\u043b\u0443\u0436\u0441\u043a\u0430\u044f \u043e\u0431\u043b., \u0421\u0443\u043c\u043c\u0430 \u0434\u043e\u043b\u0433\u0430: 420000 \u0440\u0443\u0431","Gorod":"\u041a\u0430\u043b\u0443\u0433\u0430"}
POST: Array
(
)

Quiz/Комментарии: Array
(
)

Собранные комментарии (для лога): 
Comments: Запись разговора: https://786231.selcdn.ru/leads-m-records/records/qostGqSxzcTpnsc8G6JJ.mp3 Когда перезвонить: в ближайшее время, Дата звонка: 2026-02-26 17:17:45, Гео: Калужская обл., Сумма долга: 420000 руб
Город: Калуга

Отправка комментариев в Bitrix: ДА
Поля для Bitrix: Array
(
    [NAME] => Виталий
    [PHONE] => Array
        (
            [0] => Array
                (
                    [VALUE] => +79023992762
                    [VALUE_TYPE] => MOBILE
                )

        )

    [ASSIGNED_BY_ID] => 1
    [TITLE] => Новая заявка - +79023992762
    [OPENED] => Y
    [STATUS_ID] => NEW
    [SOURCE_ID] => 653
    [COMMENTS] => <b>Comments:</b> Запись разговора: https://786231.selcdn.ru/leads-m-records/records/qostGqSxzcTpnsc8G6JJ.mp3 Когда перезвонить: в ближайшее время, Дата звонка: 2026-02-26 17:17:45, Гео: Калужская обл., Сумма долга: 420000 руб<br><b>Город:</b> Калуга<br>
)

Bitrix Response: {"result":656187,"time":{"start":1772115655,"finish":1772115657.778,"duration":2.7780001163482666,"processing":2,"date_start":"2026-02-26T17:20:55+03:00","date_finish":"2026-02-26T17:20:57+03:00","operating_reset_at":1772116255,"operating":2.3283278942108154}}
Статус: Успешно (Lead ID: 656187)
--------------------------------------------------

