Время: 24.02.2026 11:30:01
Сервис: ЯД+ВК
From: Заявка из ЯД+ВК
Клиент: Array
(
    [name] => Владимир
    [phone] => 79533280555
    [email] => 
)

Город: Калуга (ID: не найден)
RAW Input: {"name":"Владимир","phone":"79533280555","gorod":"Калуга","Comments":"Калуга (300000) "}
POST: Array
(
)

Quiz/Комментарии: Array
(
)

Собранные комментарии (для лога): 
Comments: Калуга (300000)
Город: Калуга

Отправка комментариев в Bitrix: ДА
Поля для Bitrix: Array
(
    [NAME] => Владимир
    [PHONE] => Array
        (
            [0] => Array
                (
                    [VALUE] => 79533280555
                    [VALUE_TYPE] => MOBILE
                )

        )

    [ASSIGNED_BY_ID] => 1
    [TITLE] => Новая заявка - 79533280555
    [OPENED] => Y
    [STATUS_ID] => NEW
    [SOURCE_ID] => 1097
    [COMMENTS] => <b>Comments:</b> Калуга (300000)<br><b>Город:</b> Калуга<br>
)

Bitrix Response: {"result":654057,"time":{"start":1771921801,"finish":1771921803.842553,"duration":2.842552900314331,"processing":2,"date_start":"2026-02-24T11:30:01+03:00","date_finish":"2026-02-24T11:30:03+03:00","operating_reset_at":1771922401,"operating":2.7248830795288086}}
Статус: Успешно (Lead ID: 654057)
--------------------------------------------------

Время: 24.02.2026 18:14:00
Сервис: ЯД+ВК
From: Заявка из ЯД+ВК
Клиент: Array
(
    [name] => Ульяна
    [phone] => 79533321944
    [email] => 
)

Город: Людиново (ID: не найден)
RAW Input: {"name":"Ульяна","phone":"79533321944","gorod":"Людиново","Comments":"Людиново (300000) "}
POST: Array
(
)

Quiz/Комментарии: Array
(
)

Собранные комментарии (для лога): 
Comments: Людиново (300000)
Город: Людиново

Отправка комментариев в Bitrix: ДА
Поля для Bitrix: Array
(
    [NAME] => Ульяна
    [PHONE] => Array
        (
            [0] => Array
                (
                    [VALUE] => 79533321944
                    [VALUE_TYPE] => MOBILE
                )

        )

    [ASSIGNED_BY_ID] => 1
    [TITLE] => Новая заявка - 79533321944
    [OPENED] => Y
    [STATUS_ID] => NEW
    [SOURCE_ID] => 1097
    [COMMENTS] => <b>Comments:</b> Людиново (300000)<br><b>Город:</b> Людиново<br>
)

Bitrix Response: {"result":654579,"time":{"start":1771946040,"finish":1771946042.601263,"duration":2.6012630462646484,"processing":2,"date_start":"2026-02-24T18:14:00+03:00","date_finish":"2026-02-24T18:14:02+03:00","operating_reset_at":1771946640,"operating":17.065120220184326}}
Статус: Успешно (Lead ID: 654579)
--------------------------------------------------

Время: 26.02.2026 18:34:01
Сервис: ЯД+ВК
From: Заявка из ЯД+ВК
Клиент: Array
(
    [name] => Елена Сергеевна
    [phone] => 89109179254
    [email] => 
)

Город: Калужская область (ID: не найден)
RAW Input: {"name":"Елена Сергеевна","phone":"89109179254","gorod":"Калужская область","Comments":"Калужская область (300000) "}
POST: Array
(
)

Quiz/Комментарии: Array
(
)

Собранные комментарии (для лога): 
Comments: Калужская область (300000)
Город: Калужская область

Отправка комментариев в Bitrix: ДА
Поля для Bitrix: Array
(
    [NAME] => Елена Сергеевна
    [PHONE] => Array
        (
            [0] => Array
                (
                    [VALUE] => 89109179254
                    [VALUE_TYPE] => MOBILE
                )

        )

    [ASSIGNED_BY_ID] => 1
    [TITLE] => Новая заявка - 89109179254
    [OPENED] => Y
    [STATUS_ID] => NEW
    [SOURCE_ID] => 1097
    [COMMENTS] => <b>Comments:</b> Калужская область (300000)<br><b>Город:</b> Калужская область<br>
)

Bitrix Response: {"result":656225,"time":{"start":1772120041,"finish":1772120043.821465,"duration":2.821465015411377,"processing":2,"date_start":"2026-02-26T18:34:01+03:00","date_finish":"2026-02-26T18:34:03+03:00","operating_reset_at":1772120641,"operating":9.674511909484863}}
Статус: Успешно (Lead ID: 656225)
--------------------------------------------------

