Время: 26.02.2026 06:21:03
Сервис: Creatium
From: Заявка из Creatium
Клиент: Array
(
    [name] => Клиент
    [phone] => +79106021470
    [email] => 
)

Город: Калужская Область (ID: не найден)
RAW Input: {"name":"Клиент","phone":"+79106021470","Comments":"Страница: Калужская (ЦФР, ок40) ИП Шкляев - Я.Директ\nURL: https:\/\/dolgi-net24.online\/Kaluga_bez_dolgov\n\nКакие долги?- Списать все долги; Просрочки?- Нет; Сумма долга- Менее 250 000р\n\nРаботаете официально?: Нет\nВаша сумма долга?: Менее 250 000р\nЧто хотите получить, после СМС-результата? (90% проблем решается за одну консультацию): Списать все долги\nutm_medium: cpc\nutm_campaign: 707214091\nutm_content: 17600871878\nutm_term: как сделать банкротство бесплатно\n\nГеолокация: Россия, Калужская Область, Калуга\nIP: 94.242.169.170","Gorod":"Калужская Область","utm_source":"yandex","utm_medium":"cpc","utm_campaign":"707214091","utm
POST: Array
(
)

Quiz/Комментарии: Array
(
)

Собранные комментарии (для лога): 
Comments: Страница: Калужская (ЦФР, ок40) ИП Шкляев - Я.Директ
URL: https://dolgi-net24.online/Kaluga_bez_dolgov

Какие долги?- Списать все долги; Просрочки?- Нет; Сумма долга- Менее 250 000р

Работаете официально?: Нет
Ваша сумма долга?: Менее 250 000р
Что хотите получить, после СМС-результата? (90% проблем решается за одну консультацию): Списать все долги
utm_medium: cpc
utm_campaign: 707214091
utm_content: 17600871878
utm_term: как сделать банкротство бесплатно

Геолокация: Россия, Калужская Область, Калуга
IP: 94.242.169.170
Город: Калужская Область

Отправка комментариев в Bitrix: ДА
Поля для Bitrix: Array
(
    [UTM_SOURCE] => yandex
    [UTM_MEDIUM] => cpc
    [UTM_CAMPAIGN] => 707214091
    [UTM_CONTENT] => 17600871878
    [UTM_TERM] => как сделать банкротство бесплатно
    [NAME] => Клиент
    [PHONE] => Array
        (
            [0] => Array
                (
                    [VALUE] => +79106021470
                    [VALUE_TYPE] => MOBILE
                )

        )

    [ASSIGNED_BY_ID] => 1
    [TITLE] => Новая заявка - +79106021470
    [OPENED] => Y
    [STATUS_ID] => NEW
    [SOURCE_ID] => 1106
    [COMMENTS] => <b>Comments:</b> Страница: Калужская (ЦФР, ок40) ИП Шкляев - Я.Директ
URL: https://dolgi-net24.online/Kaluga_bez_dolgov

Какие долги?- Списать все долги; Просрочки?- Нет; Сумма долга- Менее 250 000р

Работаете официально?: Нет
Ваша сумма долга?: Менее 250 000р
Что хотите получить, после СМС-результата? (90% проблем решается за одну консультацию): Списать все долги
utm_medium: cpc
utm_campaign: 707214091
utm_content: 17600871878
utm_term: как сделать банкротство бесплатно

Геолокация: Россия, Калужская Область, Калуга
IP: 94.242.169.170<br><b>Город:</b> Калужская Область<br>
)

Bitrix Response: {"result":655533,"time":{"start":1772076063,"finish":1772076065.564885,"duration":2.564884901046753,"processing":2,"date_start":"2026-02-26T06:21:03+03:00","date_finish":"2026-02-26T06:21:05+03:00","operating_reset_at":1772076663,"operating":2.250709056854248}}
Статус: Успешно (Lead ID: 655533)
--------------------------------------------------

