Время: 24.02.2026 15:20:59
Сервис: ЯД+Робот
From: Заявка из ЯД+Робот
Клиент: Array
(
    [name] => Ламия
    [phone] => 79533241728
    [email] => 
)

Город: не определён (ID: не найден)
RAW Input: {"Comments":"Регион - Калужская обл. Сумма долга - 500000.00","name":" Ламия ","phone":"79533241728"}
POST: Array
(
)

Quiz/Комментарии: Array
(
)

Собранные комментарии (для лога): 
Comments: Регион - Калужская обл. Сумма долга - 500000.00

Отправка комментариев в Bitrix: ДА
Поля для Bitrix: Array
(
    [NAME] => Ламия
    [PHONE] => Array
        (
            [0] => Array
                (
                    [VALUE] => 79533241728
                    [VALUE_TYPE] => MOBILE
                )

        )

    [ASSIGNED_BY_ID] => 1
    [TITLE] => Новая заявка - 79533241728
    [OPENED] => Y
    [STATUS_ID] => NEW
    [SOURCE_ID] => 820
    [COMMENTS] => <b>Comments:</b> Регион - Калужская обл. Сумма долга - 500000.00<br>
)

Bitrix Response: {"result":654341,"time":{"start":1771935659,"finish":1771935662.196866,"duration":3.196866035461426,"processing":3,"date_start":"2026-02-24T15:20:59+03:00","date_finish":"2026-02-24T15:21:02+03:00","operating_reset_at":1771936259,"operating":6.666425943374634}}
Статус: Успешно (Lead ID: 654341)
--------------------------------------------------

Время: 24.02.2026 15:30:29
Сервис: ЯД+Робот
From: Заявка из ЯД+Робот
Клиент: Array
(
    [name] => Малинская Надежда Владимировна
    [phone] => 79611227870
    [email] => 
)

Город: не определён (ID: не найден)
RAW Input: {"Comments":"Регион - Калужская обл. Сумма долга - 300000.00","name":" Малинская Надежда Владимировна ","phone":"79611227870"}
POST: Array
(
)

Quiz/Комментарии: Array
(
)

Собранные комментарии (для лога): 
Comments: Регион - Калужская обл. Сумма долга - 300000.00

Отправка комментариев в Bitrix: ДА
Поля для Bitrix: Array
(
    [NAME] => Малинская Надежда Владимировна
    [PHONE] => Array
        (
            [0] => Array
                (
                    [VALUE] => 79611227870
                    [VALUE_TYPE] => MOBILE
                )

        )

    [ASSIGNED_BY_ID] => 1
    [TITLE] => Новая заявка - 79611227870
    [OPENED] => Y
    [STATUS_ID] => NEW
    [SOURCE_ID] => 820
    [COMMENTS] => <b>Comments:</b> Регион - Калужская обл. Сумма долга - 300000.00<br>
)

Bitrix Response: {"result":654355,"time":{"start":1771936229,"finish":1771936232.15646,"duration":3.1564600467681885,"processing":3,"date_start":"2026-02-24T15:30:29+03:00","date_finish":"2026-02-24T15:30:32+03:00","operating_reset_at":1771936829,"operating":8.794212102890015}}
Статус: Успешно (Lead ID: 654355)
--------------------------------------------------

Время: 24.02.2026 15:34:10
Сервис: ЯД+Робот
From: Заявка из ЯД+Робот
Клиент: Array
(
    [name] => Уточнить
    [phone] => 79105215522
    [email] => 
)

Город: не определён (ID: не найден)
RAW Input: {"Comments":"Регион - Калужская обл. Сумма долга - 300000.00","name":" Уточнить ","phone":"79105215522"}
POST: Array
(
)

Quiz/Комментарии: Array
(
)

Собранные комментарии (для лога): 
Comments: Регион - Калужская обл. Сумма долга - 300000.00

Отправка комментариев в Bitrix: ДА
Поля для Bitrix: Array
(
    [NAME] => Уточнить
    [PHONE] => Array
        (
            [0] => Array
                (
                    [VALUE] => 79105215522
                    [VALUE_TYPE] => MOBILE
                )

        )

    [ASSIGNED_BY_ID] => 1
    [TITLE] => Новая заявка - 79105215522
    [OPENED] => Y
    [STATUS_ID] => NEW
    [SOURCE_ID] => 820
    [COMMENTS] => <b>Comments:</b> Регион - Калужская обл. Сумма долга - 300000.00<br>
)

Bitrix Response: {"result":654363,"time":{"start":1771936450,"finish":1771936452.714701,"duration":2.714700937271118,"processing":2,"date_start":"2026-02-24T15:34:10+03:00","date_finish":"2026-02-24T15:34:12+03:00","operating_reset_at":1771937050,"operating":10.873921155929565}}
Статус: Успешно (Lead ID: 654363)
--------------------------------------------------

Время: 24.02.2026 15:42:51
Сервис: ЯД+Робот
From: Заявка из ЯД+Робот
Клиент: Array
(
    [name] => Вячеслав
    [phone] => 79533354207
    [email] => 
)

Город: не определён (ID: не найден)
RAW Input: {"Comments":"Регион - Калужская обл. Сумма долга - 300000.00","name":" Вячеслав ","phone":"79533354207"}
POST: Array
(
)

Quiz/Комментарии: Array
(
)

Собранные комментарии (для лога): 
Comments: Регион - Калужская обл. Сумма долга - 300000.00

Отправка комментариев в Bitrix: ДА
Поля для Bitrix: Array
(
    [NAME] => Вячеслав
    [PHONE] => Array
        (
            [0] => Array
                (
                    [VALUE] => 79533354207
                    [VALUE_TYPE] => MOBILE
                )

        )

    [ASSIGNED_BY_ID] => 1
    [TITLE] => Новая заявка - 79533354207
    [OPENED] => Y
    [STATUS_ID] => NEW
    [SOURCE_ID] => 820
    [COMMENTS] => <b>Comments:</b> Регион - Калужская обл. Сумма долга - 300000.00<br>
)

Bitrix Response: {"result":654371,"time":{"start":1771936971,"finish":1771936973.695192,"duration":2.6951920986175537,"processing":2,"date_start":"2026-02-24T15:42:51+03:00","date_finish":"2026-02-24T15:42:53+03:00","operating_reset_at":1771937571,"operating":9.010674238204956}}
Статус: Успешно (Lead ID: 654371)
--------------------------------------------------

Время: 24.02.2026 15:51:44
Сервис: ЯД+Робот
From: Заявка из ЯД+Робот
Клиент: Array
(
    [name] => Шабельская Жанна Владимировна
    [phone] => 79108634113
    [email] => 
)

Город: не определён (ID: не найден)
RAW Input: {"Comments":"Регион - Калужская обл. Сумма долга - 300000.00","name":" Шабельская Жанна Владимировна ","phone":"79108634113"}
POST: Array
(
)

Quiz/Комментарии: Array
(
)

Собранные комментарии (для лога): 
Comments: Регион - Калужская обл. Сумма долга - 300000.00

Отправка комментариев в Bitrix: ДА
Поля для Bitrix: Array
(
    [NAME] => Шабельская Жанна Владимировна
    [PHONE] => Array
        (
            [0] => Array
                (
                    [VALUE] => 79108634113
                    [VALUE_TYPE] => MOBILE
                )

        )

    [ASSIGNED_BY_ID] => 1
    [TITLE] => Новая заявка - 79108634113
    [OPENED] => Y
    [STATUS_ID] => NEW
    [SOURCE_ID] => 820
    [COMMENTS] => <b>Comments:</b> Регион - Калужская обл. Сумма долга - 300000.00<br>
)

Bitrix Response: {"result":654387,"time":{"start":1771937504,"finish":1771937507.289409,"duration":3.2894089221954346,"processing":3,"date_start":"2026-02-24T15:51:44+03:00","date_finish":"2026-02-24T15:51:47+03:00","operating_reset_at":1771938104,"operating":11.593705177307129}}
Статус: Успешно (Lead ID: 654387)
--------------------------------------------------

Время: 25.02.2026 15:15:08
Сервис: ЯД+Робот
From: Заявка из ЯД+Робот
Клиент: Array
(
    [name] => Семен Андреевич Семенов
    [phone] => 79066449735
    [email] => 
)

Город: не определён (ID: не найден)
RAW Input: {"Comments":"Регион - Калужская обл. Сумма долга - 300000.00","name":" Семен Андреевич Семенов ","phone":"79066449735"}
POST: Array
(
)

Quiz/Комментарии: Array
(
)

Собранные комментарии (для лога): 
Comments: Регион - Калужская обл. Сумма долга - 300000.00

Отправка комментариев в Bitrix: ДА
Поля для Bitrix: Array
(
    [NAME] => Семен Андреевич Семенов
    [PHONE] => Array
        (
            [0] => Array
                (
                    [VALUE] => 79066449735
                    [VALUE_TYPE] => MOBILE
                )

        )

    [ASSIGNED_BY_ID] => 1
    [TITLE] => Новая заявка - 79066449735
    [OPENED] => Y
    [STATUS_ID] => NEW
    [SOURCE_ID] => 820
    [COMMENTS] => <b>Comments:</b> Регион - Калужская обл. Сумма долга - 300000.00<br>
)

Bitrix Response: {"result":655191,"time":{"start":1772021708,"finish":1772021712.720508,"duration":4.720508098602295,"processing":4,"date_start":"2026-02-25T15:15:08+03:00","date_finish":"2026-02-25T15:15:12+03:00","operating_reset_at":1772022308,"operating":11.093016386032104}}
Статус: Успешно (Lead ID: 655191)
--------------------------------------------------

Время: 26.02.2026 11:35:07
Сервис: ЯД+Робот
From: Заявка из ЯД+Робот
Клиент: Array
(
    [name] => Анна
    [phone] => 79200922347
    [email] => 
)

Город: не определён (ID: не найден)
RAW Input: {"Comments":"Регион - Калужская обл. Сумма долга - 300000.00","name":" Анна ","phone":"79200922347"}
POST: Array
(
)

Quiz/Комментарии: Array
(
)

Собранные комментарии (для лога): 
Comments: Регион - Калужская обл. Сумма долга - 300000.00

Отправка комментариев в Bitrix: ДА
Поля для Bitrix: Array
(
    [NAME] => Анна
    [PHONE] => Array
        (
            [0] => Array
                (
                    [VALUE] => 79200922347
                    [VALUE_TYPE] => MOBILE
                )

        )

    [ASSIGNED_BY_ID] => 1
    [TITLE] => Новая заявка - 79200922347
    [OPENED] => Y
    [STATUS_ID] => NEW
    [SOURCE_ID] => 820
    [COMMENTS] => <b>Comments:</b> Регион - Калужская обл. Сумма долга - 300000.00<br>
)

Bitrix Response: {"result":655747,"time":{"start":1772094907,"finish":1772094910.312821,"duration":3.3128209114074707,"processing":3,"date_start":"2026-02-26T11:35:07+03:00","date_finish":"2026-02-26T11:35:10+03:00","operating_reset_at":1772095507,"operating":19.100570917129517}}
Статус: Успешно (Lead ID: 655747)
--------------------------------------------------

Время: 26.02.2026 15:14:00
Сервис: ЯД+Робот
From: Заявка из ЯД+Робот
Клиент: Array
(
    [name] => Уточнить
    [phone] => 79056433099
    [email] => 
)

Город: не определён (ID: не найден)
RAW Input: {"Comments":"Регион - Калужская обл. Сумма долга - 300000.00","name":" Уточнить ","phone":"79056433099"}
POST: Array
(
)

Quiz/Комментарии: Array
(
)

Собранные комментарии (для лога): 
Comments: Регион - Калужская обл. Сумма долга - 300000.00

Отправка комментариев в Bitrix: ДА
Поля для Bitrix: Array
(
    [NAME] => Уточнить
    [PHONE] => Array
        (
            [0] => Array
                (
                    [VALUE] => 79056433099
                    [VALUE_TYPE] => MOBILE
                )

        )

    [ASSIGNED_BY_ID] => 1
    [TITLE] => Новая заявка - 79056433099
    [OPENED] => Y
    [STATUS_ID] => NEW
    [SOURCE_ID] => 820
    [COMMENTS] => <b>Comments:</b> Регион - Калужская обл. Сумма долга - 300000.00<br>
)

Bitrix Response: {"result":656039,"time":{"start":1772108040,"finish":1772108043.16726,"duration":3.167259931564331,"processing":3,"date_start":"2026-02-26T15:14:00+03:00","date_finish":"2026-02-26T15:14:03+03:00","operating_reset_at":1772108640,"operating":15.617784261703491}}
Статус: Успешно (Lead ID: 656039)
--------------------------------------------------

