Время: 25.02.2026 12:54:47
Сервис: КЦ
From: Заявка из КЦ
Клиент: Array
(
    [name] => Тестовый лид 2
    [phone] => 79146004084
    [email] => 
)

Город: не определён (ID: не найден)
RAW Input: name=%D0%A2%D0%B5%D1%81%D1%82%D0%BE%D0%B2%D1%8B%D0%B9+%D0%BB%D0%B8%D0%B4+2&phone=+79146004084&Comments=%5Bp%5D_%D0%98%D0%BC%D1%8F%3A+%D0%A2%D0%B5%D1%81%D1%82%D0%BE%D0%B2%D1%8B%D0%B9+%D0%BB%D0%B8%D0%B4+2_%D0%A1%D1%83%D0%BC%D0%BC%D0%B0+%D0%B4%D0%BE%D0%BB%D0%B3%D0%B0%3A+1+000+000_%D0%92%D0%B8%D0%B4%D1%8B+%D0%B4%D0%BE%D0%BB%D0%B3%D0%B0%3A+%D0%A2%D0%B5%D1%81%D1%82_%D0%98%D0%BF%D0%BE%D1%82%D0%B5%D0%BA%D0%B0%2F%D0%B7%D0%B0%D0%BB%D0%BE%D0%B3%2F%D0%B0%D0%B2%D1%82%D0%BE%D0%BA%D1%80%D0%B5%D0%B4%D0%B8%D1%82%3A+%D0%A2%D0%B5%D1%81%D1%82_%D0%9F%D1%80%D0%BE%D1%81%D1%80%D0%BE%D1%87%D0%BA%D0%B8%3A+%D0%A2%D0%B5%D1%81%D1%82_%D0%A1%D1%80%D0%BE%D0%BA+%D0%BF%D1%80%D0%BE%D1%81%D1%80%D0%BE%D1%87%D0%B5%D0%BA%3A+_%D0%A0%D0%B5%D0%B3%D0%B8%D0%BE%D0%BD+%D0%BF%D1%80%D0%BE%D0%B6%D0%B8%D0%B2%D0%B0%D0%BD%D0%B8%D1%8F%3A+%D0%A1%D0%B2%D0%B5%D1%80%D0%B4%D0%BB%D0%BE%D0%B2%D1%81%D0%BA%D0%B0%D1%8F+%D0%BE%D0%B1%D0%BB%D0%B0%D1%81%D1%82%D1%8C_%D0%93%D0%BE%D1%80%D0%BE%D0%B4%3A+%D0%A2%D0%B5%D1%81%D1%82_%D0%9A%D0%BE%D0%BD%D1%82%D0%
POST: Array
(
    [name] => Тестовый лид 2
    [phone] =>  79146004084
    [Comments] => [p]_Имя: Тестовый лид 2_Сумма долга: 1 000 000_Виды долга: Тест_Ипотека/залог/автокредит: Тест_Просрочки: Тест_Срок просрочек: _Регион проживания: Свердловская область_Город: Тест_Контактный номер:  7146004084_Комментарий: Тест_[/p]
)

Quiz/Комментарии: Array
(
)

Собранные комментарии (для лога): 
Comments: [p]_Имя: Тестовый лид 2_Сумма долга: 1 000 000_Виды долга: Тест_Ипотека/залог/автокредит: Тест_Просрочки: Тест_Срок просрочек: _Регион проживания: Свердловская область_Город: Тест_Контактный номер:  7146004084_Комментарий: Тест_[/p]

Отправка комментариев в Bitrix: ДА
Поля для Bitrix: Array
(
    [NAME] => Тестовый лид 2
    [PHONE] => Array
        (
            [0] => Array
                (
                    [VALUE] => 79146004084
                    [VALUE_TYPE] => MOBILE
                )

        )

    [ASSIGNED_BY_ID] => 1
    [TITLE] => Новая заявка - 79146004084
    [OPENED] => Y
    [STATUS_ID] => NEW
    [SOURCE_ID] => 339
    [COMMENTS] => <b>Comments:</b> [p]_Имя: Тестовый лид 2_Сумма долга: 1 000 000_Виды долга: Тест_Ипотека/залог/автокредит: Тест_Просрочки: Тест_Срок просрочек: _Регион проживания: Свердловская область_Город: Тест_Контактный номер:  7146004084_Комментарий: Тест_[/p]<br>
)

Bitrix Response: {"result":654995,"time":{"start":1772013287,"finish":1772013289.632119,"duration":2.6321189403533936,"processing":2,"date_start":"2026-02-25T12:54:47+03:00","date_finish":"2026-02-25T12:54:49+03:00","operating_reset_at":1772013887,"operating":7.171041965484619}}
Статус: Успешно (Lead ID: 654995)
--------------------------------------------------

