Время: 25.02.2026 17:38:23
Сервис: КЦ
From: Заявка из КЦ
Клиент: Array
(
    [name] => Тест Тест Тест
    [phone] => 79846848413
    [email] => 
)

Город: Казань (ID: не найден)
RAW Input: {"phone":"79846848413","name":"\u0422\u0435\u0441\u0442 \u0422\u0435\u0441\u0442 \u0422\u0435\u0441\u0442","Comments":"","Gorod":"\u041a\u0430\u0437\u0430\u043d\u044c","utm_source":"ap-lead","utm_medium":"cc","utm_campaign":null,"utm_content":null,"utm_term":null}
POST: Array
(
)

Quiz/Комментарии: Array
(
)

Собранные комментарии (для лога): 
Город: Казань

Отправка комментариев в Bitrix: ДА
Поля для Bitrix: Array
(
    [NAME] => Тест Тест Тест
    [PHONE] => Array
        (
            [0] => Array
                (
                    [VALUE] => 79846848413
                    [VALUE_TYPE] => MOBILE
                )

        )

    [ASSIGNED_BY_ID] => 1
    [TITLE] => Новая заявка - 79846848413
    [OPENED] => Y
    [STATUS_ID] => NEW
    [SOURCE_ID] => 1058
    [COMMENTS] => <b>Город:</b> Казань<br>
)

Bitrix Response: {"result":655395,"time":{"start":1772030303,"finish":1772030305.720195,"duration":2.7201950550079346,"processing":2,"date_start":"2026-02-25T17:38:23+03:00","date_finish":"2026-02-25T17:38:25+03:00","operating_reset_at":1772030903,"operating":23.48060393333435}}
Статус: Успешно (Lead ID: 655395)
--------------------------------------------------

