Время: 20.02.2026 11:14:23
Сервис: КЦ
From: Заявка из КЦ
Клиент: Array
(
    [name] => Павел
    [phone] => 79272457148
    [email] => 
)

Город: Казань (ID: не найден)
RAW Input: {"name": "\u041f\u0430\u0432\u0435\u043b", "Comments": "\u0412\u0438\u043a\u0442\u043e\u0440\u0438\u044f 10:57, \u0434\u043e\u043b\u0433250\u0442- \u043c\u0438\u043a\u0440\u043e \u0437\u0430\u0439\u043c\u044b, \u043a\u0440\u0435\u0434\u0438\u0442\u044b, \u0435\u0441\u0442\u044c \u043f\u0440\u043e\u0441\u0440\u043e\u0447\u043a\u0438, \u0431\u0444\u043b \u043d\u0435\u0442, \u0437\u0430\u043b\u043e\u0433\u043e\u0432 \u043d\u0435\u0442. \u0433. \u041a\u0430\u0437\u0430\u043d\u044c", "phone": "79272457148", "Gorod": "\u041a\u0430\u0437\u0430\u043d\u044c"}
POST: Array
(
)

Quiz/Комментарии: Array
(
)

Собранные комментарии (для лога): 
Comments: Виктория 10:57, долг250т- микро займы, кредиты, есть просрочки, бфл нет, залогов нет. г. Казань
Город: Казань

Отправка комментариев в Bitrix: ДА
Поля для Bitrix: Array
(
    [NAME] => Павел
    [PHONE] => Array
        (
            [0] => Array
                (
                    [VALUE] => 79272457148
                    [VALUE_TYPE] => MOBILE
                )

        )

    [ASSIGNED_BY_ID] => 1
    [TITLE] => Новая заявка - 79272457148
    [OPENED] => Y
    [STATUS_ID] => NEW
    [SOURCE_ID] => 1073
    [COMMENTS] => <b>Comments:</b> Виктория 10:57, долг250т- микро займы, кредиты, есть просрочки, бфл нет, залогов нет. г. Казань<br><b>Город:</b> Казань<br>
)

Bitrix Response: {"result":652667,"time":{"start":1771575263,"finish":1771575265.909762,"duration":2.909761905670166,"processing":2,"date_start":"2026-02-20T11:14:23+03:00","date_finish":"2026-02-20T11:14:25+03:00","operating_reset_at":1771575863,"operating":6.920700788497925}}
Статус: Успешно (Lead ID: 652667)
--------------------------------------------------

Время: 20.02.2026 14:52:38
Сервис: КЦ
From: Заявка из КЦ
Клиент: Array
(
    [name] => Рафиль
    [phone] => 79172783922
    [email] => 
)

Город: Казань (ID: не найден)
RAW Input: {"name": "\u0420\u0430\u0444\u0438\u043b\u044c", "Comments": "\u0414\u0435\u043d\u0438\u0441, 14:38, 250 \u0442\u044b\u0441, \u043a\u0430\u0440\u0442\u044b, \u0437\u0430\u043b\u043e\u0433\u043e\u0432 \u043d\u0435\u0442, \u0411\u0424\u041b \u043d\u0435\u0442, \u0422\u044e\u043b\u044f\u0447\u0438\u043d\u0441\u043a\u0438\u0439 \u0440\u0430\u0439\u043e\u043d", "phone": "79172783922", "Gorod": "\u041a\u0430\u0437\u0430\u043d\u044c"}
POST: Array
(
)

Quiz/Комментарии: Array
(
)

Собранные комментарии (для лога): 
Comments: Денис, 14:38, 250 тыс, карты, залогов нет, БФЛ нет, Тюлячинский район
Город: Казань

Отправка комментариев в Bitrix: ДА
Поля для Bitrix: Array
(
    [NAME] => Рафиль
    [PHONE] => Array
        (
            [0] => Array
                (
                    [VALUE] => 79172783922
                    [VALUE_TYPE] => MOBILE
                )

        )

    [ASSIGNED_BY_ID] => 1
    [TITLE] => Новая заявка - 79172783922
    [OPENED] => Y
    [STATUS_ID] => NEW
    [SOURCE_ID] => 1073
    [COMMENTS] => <b>Comments:</b> Денис, 14:38, 250 тыс, карты, залогов нет, БФЛ нет, Тюлячинский район<br><b>Город:</b> Казань<br>
)

Bitrix Response: {"result":652979,"time":{"start":1771588358,"finish":1771588360.81919,"duration":2.81919002532959,"processing":2,"date_start":"2026-02-20T14:52:38+03:00","date_finish":"2026-02-20T14:52:40+03:00","operating_reset_at":1771588958,"operating":9.749531984329224}}
Статус: Успешно (Lead ID: 652979)
--------------------------------------------------

Время: 25.02.2026 12:55:18
Сервис: КЦ
From: Заявка из КЦ
Клиент: Array
(
    [name] => Вячеслав
    [phone] => 79870035616
    [email] => 
)

Город: Казань (ID: не найден)
RAW Input: {"name": "\u0412\u044f\u0447\u0435\u0441\u043b\u0430\u0432", "Comments": "\u041c\u0430\u0440\u0438\u043d\u0430 12,52/ \u0434\u043e\u043b\u0433 700 \u0442\u0440, \u043f\u043a \u043a\u043a, \u0434\u043b\u0438\u0442 \u043f\u0440\u043e\u0441\u0440, \u0437\u0430\u043b\u043e\u0433 \u043a\u0440\u0435\u0434 \u043d\u0435\u0442. \u0431\u0444\u043b \u0437\u0430 5 \u043b \u043d\u0435\u0442. \u0433 \u041a\u0430\u0437\u0430\u043d\u044c", "phone": "79870035616", "Gorod": "\u041a\u0430\u0437\u0430\u043d\u044c"}
POST: Array
(
)

Quiz/Комментарии: Array
(
)

Собранные комментарии (для лога): 
Comments: Марина 12,52/ долг 700 тр, пк кк, длит проср, залог кред нет. бфл за 5 л нет. г Казань
Город: Казань

Отправка комментариев в Bitrix: ДА
Поля для Bitrix: Array
(
    [NAME] => Вячеслав
    [PHONE] => Array
        (
            [0] => Array
                (
                    [VALUE] => 79870035616
                    [VALUE_TYPE] => MOBILE
                )

        )

    [ASSIGNED_BY_ID] => 1
    [TITLE] => Новая заявка - 79870035616
    [OPENED] => Y
    [STATUS_ID] => NEW
    [SOURCE_ID] => 1073
    [COMMENTS] => <b>Comments:</b> Марина 12,52/ долг 700 тр, пк кк, длит проср, залог кред нет. бфл за 5 л нет. г Казань<br><b>Город:</b> Казань<br>
)

Bitrix Response: {"result":654997,"time":{"start":1772013318,"finish":1772013320.958443,"duration":2.9584429264068604,"processing":2,"date_start":"2026-02-25T12:55:18+03:00","date_finish":"2026-02-25T12:55:20+03:00","operating_reset_at":1772013918,"operating":9.161402940750122}}
Статус: Успешно (Lead ID: 654997)
--------------------------------------------------

Время: 25.02.2026 14:54:47
Сервис: КЦ
From: Заявка из КЦ
Клиент: Array
(
    [name] => Маргарита
    [phone] => 79046764854
    [email] => 
)

Город: Казань (ID: не найден)
RAW Input: {"name": "\u041c\u0430\u0440\u0433\u0430\u0440\u0438\u0442\u0430", "Comments": "\u0414\u0435\u043d\u0438\u0441, 14:29, 400 \u0442\u044b\u0441 \u0416\u041a\u0425, 3 \u0447\u0435\u043b\u043e\u0432\u0435\u043a\u0430 \u043f\u0440\u043e\u043f\u0438\u0441\u0430\u043d\u043e, 200 \u0442\u044b\u0441 \u043a\u0440\u0435\u0434\u0438\u0442\u044b, \u043f\u0440\u043e\u0441\u044c\u0431\u0430 \u043f\u0440\u0435\u0434\u0432\u0430\u0440\u0438\u0442\u0435\u043b\u044c\u043d\u043e \u0421\u0432\u044f\u0437\u0430\u0442\u044c\u0441\u044f \u0447\u0435\u0440\u0435\u0437 \u0432\u0430\u0446\u0430\u043f \u0442\u0435\u043b\u0435\u0433\u0440\u0430\u043c\u043c, \u0437\u0430\u043b\u043e\u0433\u043e\u0432 \u043d\u0435\u0442, \u0411\u0424\u041b \u043d\u0435\u0442, \u041a\u0430\u0437\u0430\u043d\u044c", "phone": "79046764854", "Gorod": "\u041a\u0430\u0437\u0430\u043d\u044c"}
POST: Array
(
)

Quiz/Комментарии: Array
(
)

Собранные комментарии (для лога): 
Comments: Денис, 14:29, 400 тыс ЖКХ, 3 человека прописано, 200 тыс кредиты, просьба предварительно Связаться через вацап телеграмм, залогов нет, БФЛ нет, Казань
Город: Казань

Отправка комментариев в Bitrix: ДА
Поля для Bitrix: Array
(
    [NAME] => Маргарита
    [PHONE] => Array
        (
            [0] => Array
                (
                    [VALUE] => 79046764854
                    [VALUE_TYPE] => MOBILE
                )

        )

    [ASSIGNED_BY_ID] => 1
    [TITLE] => Новая заявка - 79046764854
    [OPENED] => Y
    [STATUS_ID] => NEW
    [SOURCE_ID] => 1073
    [COMMENTS] => <b>Comments:</b> Денис, 14:29, 400 тыс ЖКХ, 3 человека прописано, 200 тыс кредиты, просьба предварительно Связаться через вацап телеграмм, залогов нет, БФЛ нет, Казань<br><b>Город:</b> Казань<br>
)

Bitrix Response: {"result":655145,"time":{"start":1772020487,"finish":1772020489.473768,"duration":2.4737679958343506,"processing":2,"date_start":"2026-02-25T14:54:47+03:00","date_finish":"2026-02-25T14:54:49+03:00","operating_reset_at":1772021087,"operating":7.401608943939209}}
Статус: Успешно (Lead ID: 655145)
--------------------------------------------------

Время: 25.02.2026 14:57:47
Сервис: КЦ
From: Заявка из КЦ
Клиент: Array
(
    [name] => Марат
    [phone] => 79093096646
    [email] => 
)

Город: Казань (ID: не найден)
RAW Input: {"name": "\u041c\u0430\u0440\u0430\u0442", "Comments": "\u0414\u0435\u043d\u0438\u0441, 14:53, \u0431\u043e\u043b\u044c\u0448\u0435 250 \u0442\u044b\u0441, \u041f\u041a, \u0437\u0430\u043b\u043e\u0433\u043e\u0432 \u043d\u0435\u0442, \u0411\u0424\u041b \u043d\u0435\u0442, \u043d\u0443\u0436\u043d\u0430 \u0438\u0444\u043d \u043e  \u043a\u043e\u043c\u043f\u0430\u043d\u0438\u0438, \u041a\u0430\u0437\u0430\u043d\u044c", "phone": "79093096646", "Gorod": "\u041a\u0430\u0437\u0430\u043d\u044c"}
POST: Array
(
)

Quiz/Комментарии: Array
(
)

Собранные комментарии (для лога): 
Comments: Денис, 14:53, больше 250 тыс, ПК, залогов нет, БФЛ нет, нужна ифн о  компании, Казань
Город: Казань

Отправка комментариев в Bitrix: ДА
Поля для Bitrix: Array
(
    [NAME] => Марат
    [PHONE] => Array
        (
            [0] => Array
                (
                    [VALUE] => 79093096646
                    [VALUE_TYPE] => MOBILE
                )

        )

    [ASSIGNED_BY_ID] => 1
    [TITLE] => Новая заявка - 79093096646
    [OPENED] => Y
    [STATUS_ID] => NEW
    [SOURCE_ID] => 1073
    [COMMENTS] => <b>Comments:</b> Денис, 14:53, больше 250 тыс, ПК, залогов нет, БФЛ нет, нужна ифн о  компании, Казань<br><b>Город:</b> Казань<br>
)

Bitrix Response: {"result":655147,"time":{"start":1772020667,"finish":1772020669.359672,"duration":2.3596720695495605,"processing":2,"date_start":"2026-02-25T14:57:47+03:00","date_finish":"2026-02-25T14:57:49+03:00","operating_reset_at":1772021267,"operating":4.059593915939331}}
Статус: Успешно (Lead ID: 655147)
--------------------------------------------------

Время: 26.02.2026 10:56:29
Сервис: КЦ
From: Заявка из КЦ
Клиент: Array
(
    [name] => антон
    [phone] => 79196481935
    [email] => 
)

Город: Казань (ID: не найден)
RAW Input: {"name": "\u0430\u043d\u0442\u043e\u043d ", "Comments": "\u0410\u043d\u043d\u0430 10:53. 250 \u043c\u0444\u043e. \u043f\u0440\u043e\u0441\u0440\u043e\u0447\u043a\u0438. \u043d\u0430\u043b\u043e\u0433\u0438 60 \u0442 \u043f\u043e \u0438\u043f . \u0437\u0430\u043b\u043e\u0433\u0430 \u043d\u0435\u0442 .\u0431\u0444\u043b \u043d\u0435 \u043f\u0440\u043e\u0445\u043e\u0434\u0438\u043b. \u0433 \u041a\u0430\u0437\u0430\u043d\u044c", "phone": "79196481935", "Gorod": "\u041a\u0430\u0437\u0430\u043d\u044c"}
POST: Array
(
)

Quiz/Комментарии: Array
(
)

Собранные комментарии (для лога): 
Comments: Анна 10:53. 250 мфо. просрочки. налоги 60 т по ип . залога нет .бфл не проходил. г Казань
Город: Казань

Отправка комментариев в Bitrix: ДА
Поля для Bitrix: Array
(
    [NAME] => антон
    [PHONE] => Array
        (
            [0] => Array
                (
                    [VALUE] => 79196481935
                    [VALUE_TYPE] => MOBILE
                )

        )

    [ASSIGNED_BY_ID] => 1
    [TITLE] => Новая заявка - 79196481935
    [OPENED] => Y
    [STATUS_ID] => NEW
    [SOURCE_ID] => 1073
    [COMMENTS] => <b>Comments:</b> Анна 10:53. 250 мфо. просрочки. налоги 60 т по ип . залога нет .бфл не проходил. г Казань<br><b>Город:</b> Казань<br>
)

Bitrix Response: {"result":655693,"time":{"start":1772092589,"finish":1772092592.137994,"duration":3.1379940509796143,"processing":3,"date_start":"2026-02-26T10:56:29+03:00","date_finish":"2026-02-26T10:56:32+03:00","operating_reset_at":1772093189,"operating":10.208892583847046}}
Статус: Успешно (Lead ID: 655693)
--------------------------------------------------

Время: 26.02.2026 15:47:48
Сервис: КЦ
From: Заявка из КЦ
Клиент: Array
(
    [name] => Наиль
    [phone] => 79179022160
    [email] => 
)

Город: Казань (ID: не найден)
RAW Input: {"name": "\u041d\u0430\u0438\u043b\u044c", "Comments": "\u041c\u0430\u0440\u0438\u043d\u0430 15,41/\u0434\u043e\u043b\u0433 1,5 \u043c\u043b\u043d, \u0434\u043b\u0438\u0442 \u043f\u0440\u043e\u0441\u0440, \u0437\u0430\u043b\u043e\u0433 \u043a\u0440\u0435\u0434 \u043d\u0435\u0442. \u0431\u0444\u043b \u0437\u0430 5 \u043b \u043d\u0435\u0442. \u0433 \u041a\u0430\u0437\u0430\u043d\u044c", "phone": "79179022160", "Gorod": "\u041a\u0430\u0437\u0430\u043d\u044c"}
POST: Array
(
)

Quiz/Комментарии: Array
(
)

Собранные комментарии (для лога): 
Comments: Марина 15,41/долг 1,5 млн, длит проср, залог кред нет. бфл за 5 л нет. г Казань
Город: Казань

Отправка комментариев в Bitrix: ДА
Поля для Bitrix: Array
(
    [NAME] => Наиль
    [PHONE] => Array
        (
            [0] => Array
                (
                    [VALUE] => 79179022160
                    [VALUE_TYPE] => MOBILE
                )

        )

    [ASSIGNED_BY_ID] => 1
    [TITLE] => Новая заявка - 79179022160
    [OPENED] => Y
    [STATUS_ID] => NEW
    [SOURCE_ID] => 1073
    [COMMENTS] => <b>Comments:</b> Марина 15,41/долг 1,5 млн, длит проср, залог кред нет. бфл за 5 л нет. г Казань<br><b>Город:</b> Казань<br>
)

Bitrix Response: {"result":656073,"time":{"start":1772110068,"finish":1772110070.252406,"duration":2.252405881881714,"processing":2,"date_start":"2026-02-26T15:47:48+03:00","date_finish":"2026-02-26T15:47:50+03:00","operating_reset_at":1772110668,"operating":6.650766849517822}}
Статус: Успешно (Lead ID: 656073)
--------------------------------------------------

Время: 26.02.2026 16:25:15
Сервис: КЦ
From: Заявка из КЦ
Клиент: Array
(
    [name] => Ринат
    [phone] => 79172922387
    [email] => 
)

Город: Казань (ID: не найден)
RAW Input: {"name": "\u0420\u0438\u043d\u0430\u0442", "Comments": "\u0421\u0432\u0435\u0442\u043b\u0430\u043d\u0430 16:15, \u0414\u043e\u043b\u0433 700 \u0442\u044b\u0441, \u043f\u043a, \u043a\u043a, \u043d\u0430\u043b\u043e\u0433\u0438, \u0437\u0430\u043b\u043e\u0433\u043e\u0432 \u043d\u0435\u0442, \u0431\u0444\u043b \u043d\u0435\u0442.", "phone": "79172922387", "Gorod": "\u041a\u0430\u0437\u0430\u043d\u044c"}
POST: Array
(
)

Quiz/Комментарии: Array
(
)

Собранные комментарии (для лога): 
Comments: Светлана 16:15, Долг 700 тыс, пк, кк, налоги, залогов нет, бфл нет.
Город: Казань

Отправка комментариев в Bitrix: ДА
Поля для Bitrix: Array
(
    [NAME] => Ринат
    [PHONE] => Array
        (
            [0] => Array
                (
                    [VALUE] => 79172922387
                    [VALUE_TYPE] => MOBILE
                )

        )

    [ASSIGNED_BY_ID] => 1
    [TITLE] => Новая заявка - 79172922387
    [OPENED] => Y
    [STATUS_ID] => NEW
    [SOURCE_ID] => 1073
    [COMMENTS] => <b>Comments:</b> Светлана 16:15, Долг 700 тыс, пк, кк, налоги, залогов нет, бфл нет.<br><b>Город:</b> Казань<br>
)

Bitrix Response: {"result":656135,"time":{"start":1772112315,"finish":1772112317.283609,"duration":2.283608913421631,"processing":2,"date_start":"2026-02-26T16:25:15+03:00","date_finish":"2026-02-26T16:25:17+03:00","operating_reset_at":1772112915,"operating":10.490233182907104}}
Статус: Успешно (Lead ID: 656135)
--------------------------------------------------

Время: 26.02.2026 17:38:17
Сервис: КЦ
From: Заявка из КЦ
Клиент: Array
(
    [name] => Ольга
    [phone] => 79600360458
    [email] => 
)

Город: Казань (ID: не найден)
RAW Input: {"name": "\u041e\u043b\u044c\u0433\u0430 ", "Comments": "\u0410\u043d\u043d\u0430 17:32 \u041a\u0430\u0437\u0430\u043d\u044c 600\u0442 \u043f/\u043a \u0437\u0430\u043b\u043e\u0433\u0430 \u043d\u0435\u0442 \u0431\u0444\u043b \u043d\u0435\u0442 ", "phone": "79600360458", "Gorod": "\u041a\u0430\u0437\u0430\u043d\u044c"}
POST: Array
(
)

Quiz/Комментарии: Array
(
)

Собранные комментарии (для лога): 
Comments: Анна 17:32 Казань 600т п/к залога нет бфл нет
Город: Казань

Отправка комментариев в Bitrix: ДА
Поля для Bitrix: Array
(
    [NAME] => Ольга
    [PHONE] => Array
        (
            [0] => Array
                (
                    [VALUE] => 79600360458
                    [VALUE_TYPE] => MOBILE
                )

        )

    [ASSIGNED_BY_ID] => 1
    [TITLE] => Новая заявка - 79600360458
    [OPENED] => Y
    [STATUS_ID] => NEW
    [SOURCE_ID] => 1073
    [COMMENTS] => <b>Comments:</b> Анна 17:32 Казань 600т п/к залога нет бфл нет<br><b>Город:</b> Казань<br>
)

Bitrix Response: {"result":656195,"time":{"start":1772116697,"finish":1772116699.18097,"duration":2.1809699535369873,"processing":2,"date_start":"2026-02-26T17:38:17+03:00","date_finish":"2026-02-26T17:38:19+03:00","operating_reset_at":1772117297,"operating":1.8829059600830078}}
Статус: Успешно (Lead ID: 656195)
--------------------------------------------------

Время: 26.02.2026 17:43:19
Сервис: КЦ
From: Заявка из КЦ
Клиент: Array
(
    [name] => Рафаэль
    [phone] => 79093148090
    [email] => 
)

Город: Казань (ID: не найден)
RAW Input: {"name": "\u0420\u0430\u0444\u0430\u044d\u043b\u044c", "Comments": "\u0421\u0432\u0435\u0442\u043b\u0430\u043d\u0430 17.32/ \u043e\u043a\u043e\u043b\u043e1 \u043c\u043b\u043d \u043f\u043e\u0442\u0440\u0435\u0431/\u0437\u0430\u043b\u043e\u0433 \u043d\u0435\u0442 /\u0431\u0444\u043b \u043d\u0435\u0442/\u041a\u0430\u0437\u0430\u043d\u044c", "phone": "79093148090", "Gorod": "\u041a\u0430\u0437\u0430\u043d\u044c"}
POST: Array
(
)

Quiz/Комментарии: Array
(
)

Собранные комментарии (для лога): 
Comments: Светлана 17.32/ около1 млн потреб/залог нет /бфл нет/Казань
Город: Казань

Отправка комментариев в Bitrix: ДА
Поля для Bitrix: Array
(
    [NAME] => Рафаэль
    [PHONE] => Array
        (
            [0] => Array
                (
                    [VALUE] => 79093148090
                    [VALUE_TYPE] => MOBILE
                )

        )

    [ASSIGNED_BY_ID] => 1
    [TITLE] => Новая заявка - 79093148090
    [OPENED] => Y
    [STATUS_ID] => NEW
    [SOURCE_ID] => 1073
    [COMMENTS] => <b>Comments:</b> Светлана 17.32/ около1 млн потреб/залог нет /бфл нет/Казань<br><b>Город:</b> Казань<br>
)

Bitrix Response: {"result":656201,"time":{"start":1772116999,"finish":1772117001.535703,"duration":2.53570294380188,"processing":2,"date_start":"2026-02-26T17:43:19+03:00","date_finish":"2026-02-26T17:43:21+03:00","operating_reset_at":1772117599,"operating":3.8139569759368896}}
Статус: Успешно (Lead ID: 656201)
--------------------------------------------------

