Время: 20.02.2026 07:16:05
Сервис: Tilda
From: Заявка из Tilda
Клиент: Array
(
    [name] => 
    [phone] => +7 (977) 045-22-79
    [email] => 
)

Город: Орел (ID: 1126563)
RAW Input: %D0%A3%D0%BA%D0%B0%D0%B6%D0%B8%D1%82%D0%B5_%D0%BE%D0%B1%D1%89%D1%83%D1%8E_%D1%81%D1%83%D0%BC%D0%BC%D1%83_%D0%B2%D0%B0%D1%88%D0%B5%D0%B9_%D0%B7%D0%B0%D0%B4%D0%BE%D0%BB%D0%B6%D0%B5%D0%BD%D0%BD%D0%BE%D1%81%D1%82%D0%B8=500-1+000+000+%E2%82%BD&%D0%95%D1%81%D1%82%D1%8C_%D0%BB%D0%B8_%D1%83_%D0%B2%D0%B0%D1%81_%D0%B8%D0%BF%D0%BE%D1%82%D0%B5%D0%BA%D0%B0=%D0%9D%D0%B5%D1%82&%D0%92%D0%B0%D1%88_%D0%B5%D0%B6%D0%B5%D0%BC%D0%B5%D1%81%D1%8F%D1%87%D0%BD%D1%8B%D0%B9_%D0%BF%D0%BB%D0%B0%D1%82%D0%B5%D0%B6_%D0%BF%D0%BE_%D0%BA%D1%80%D0%B5%D0%B4%D0%B8%D1%82%D0%B0%D0%BC=25-35.000+%E2%82%BD&city=%D0%9E%D1%80%D0%B5%D0%BB&%D0%9A%D0%B0%D0%BA_%D0%B2%D0%B0%D0%BC_%D1%83%D0%B4%D0%BE%D0%B1%D0%BD%D0%B5%D0%B5_%D0%BF%D0%BE%D0%BB%D1%83%D1%87%D0%B8%D1%82%D1%8C_%D0%BA%D0%BE%D0%BD%D1%81%D1%83%D0%BB%D1%8C%D1%82%D0%B0%D1%86%D0%B8%D1%8E=MAX&Phone=%2B7+%28977%29+045-22-79&Checkbox=yes&tranid=13223037%3A8183724202&formid=form1861372491&utm_source=707307732&utm_medium=5718087081&utm_term=17606394700&utm_campaign=2357785755800043519
POST: Array
(
    [Укажите_общую_сумму_вашей_задолженности] => 500-1 000 000 ₽
    [Есть_ли_у_вас_ипотека] => Нет
    [Ваш_ежемесячный_платеж_по_кредитам] => 25-35.000 ₽
    [city] => Орел
    [Как_вам_удобнее_получить_консультацию] => MAX
    [Phone] => +7 (977) 045-22-79
    [Checkbox] => yes
    [tranid] => 13223037:8183724202
    [formid] => form1861372491
    [utm_source] => 707307732
    [utm_medium] => 5718087081
    [utm_term] => 17606394700
    [utm_campaign] => 2357785755800043519
)

Quiz/Комментарии: Array
(
)

Собранные комментарии (для лога): 
Укажите_общую_сумму_вашей_задолженности: 500-1 000 000 ₽
Есть_ли_у_вас_ипотека: Нет
Ваш_ежемесячный_платеж_по_кредитам: 25-35.000 ₽
Как_вам_удобнее_получить_консультацию: MAX
Checkbox: yes
Город: Орел

Отправка комментариев в Bitrix: ДА
Поля для Bitrix: Array
(
    [UTM_SOURCE] => 707307732
    [UTM_MEDIUM] => 5718087081
    [UTM_TERM] => 17606394700
    [UTM_CAMPAIGN] => 2357785755800043519
    [PHONE] => Array
        (
            [0] => Array
                (
                    [VALUE] => +79770452279
                    [VALUE_TYPE] => MOBILE
                )

        )

    [ASSIGNED_BY_ID] => 1
    [UF_CRM_GOROD] => 1126563
    [TITLE] => Заявка из Tilda
    [OPENED] => Y
    [STATUS_ID] => NEW
    [SOURCE_ID] => 1057
    [COMMENTS] => <b>Укажите_общую_сумму_вашей_задолженности:</b> 500-1 000 000 ₽<br><b>Есть_ли_у_вас_ипотека:</b> Нет<br><b>Ваш_ежемесячный_платеж_по_кредитам:</b> 25-35.000 ₽<br><b>Как_вам_удобнее_получить_консультацию:</b> MAX<br><b>Checkbox:</b> yes<br><b>Город:</b> Орел<br>
)

Bitrix Response: {"result":652443,"time":{"start":1771560965,"finish":1771560969.454551,"duration":4.4545509815216064,"processing":4,"date_start":"2026-02-20T07:16:05+03:00","date_finish":"2026-02-20T07:16:09+03:00","operating_reset_at":1771561565,"operating":3.458355188369751}}
Статус: Успешно (Lead ID: 652443)
--------------------------------------------------

Время: 20.02.2026 10:09:54
Сервис: Tilda
From: Заявка из Tilda
Клиент: Array
(
    [name] => 
    [phone] => +7 (980) 716-29-03
    [email] => 
)

Город: Калуга (ID: 5)
RAW Input: %D0%A3%D0%BA%D0%B0%D0%B6%D0%B8%D1%82%D0%B5_%D0%BE%D0%B1%D1%89%D1%83%D1%8E_%D1%81%D1%83%D0%BC%D0%BC%D1%83_%D0%B2%D0%B0%D1%88%D0%B5%D0%B9_%D0%B7%D0%B0%D0%B4%D0%BE%D0%BB%D0%B6%D0%B5%D0%BD%D0%BD%D0%BE%D1%81%D1%82%D0%B8=250-500+000+%E2%82%BD&%D0%95%D1%81%D1%82%D1%8C_%D0%BB%D0%B8_%D1%83_%D0%B2%D0%B0%D1%81_%D0%B8%D0%BF%D0%BE%D1%82%D0%B5%D0%BA%D0%B0=%D0%9D%D0%B5%D1%82&%D0%92%D0%B0%D1%88_%D0%B5%D0%B6%D0%B5%D0%BC%D0%B5%D1%81%D1%8F%D1%87%D0%BD%D1%8B%D0%B9_%D0%BF%D0%BB%D0%B0%D1%82%D0%B5%D0%B6_%D0%BF%D0%BE_%D0%BA%D1%80%D0%B5%D0%B4%D0%B8%D1%82%D0%B0%D0%BC=15-25.000+%E2%82%BD&city=%D0%9A%D0%B0%D0%BB%D1%83%D0%B3%D0%B0&%D0%9A%D0%B0%D0%BA_%D0%B2%D0%B0%D0%BC_%D1%83%D0%B4%D0%BE%D0%B1%D0%BD%D0%B5%D0%B5_%D0%BF%D0%BE%D0%BB%D1%83%D1%87%D0%B8%D1%82%D1%8C_%D0%BA%D0%BE%D0%BD%D1%81%D1%83%D0%BB%D1%8C%D1%82%D0%B0%D1%86%D0%B8%D1%8E=%D0%9F%D0%BE%D0%B7%D0%B2%D0%BE%D0%BD%D0%B8%D1%82%D0%B5&Phone=%2B7+%28980%29+716-29-03&Checkbox=yes&tranid=13223037%3A8184037112&formid=form1861372491&utm_source=707307732&utm_medium=57180
POST: Array
(
    [Укажите_общую_сумму_вашей_задолженности] => 250-500 000 ₽
    [Есть_ли_у_вас_ипотека] => Нет
    [Ваш_ежемесячный_платеж_по_кредитам] => 15-25.000 ₽
    [city] => Калуга
    [Как_вам_удобнее_получить_консультацию] => Позвоните
    [Phone] => +7 (980) 716-29-03
    [Checkbox] => yes
    [tranid] => 13223037:8184037112
    [formid] => form1861372491
    [utm_source] => 707307732
    [utm_medium] => 5718087081
    [utm_term] => 17606394700
    [utm_campaign] => 14430483730108514303
)

Quiz/Комментарии: Array
(
)

Собранные комментарии (для лога): 
Укажите_общую_сумму_вашей_задолженности: 250-500 000 ₽
Есть_ли_у_вас_ипотека: Нет
Ваш_ежемесячный_платеж_по_кредитам: 15-25.000 ₽
Как_вам_удобнее_получить_консультацию: Позвоните
Checkbox: yes
Город: Калуга

Отправка комментариев в Bitrix: ДА
Поля для Bitrix: Array
(
    [UTM_SOURCE] => 707307732
    [UTM_MEDIUM] => 5718087081
    [UTM_TERM] => 17606394700
    [UTM_CAMPAIGN] => 14430483730108514303
    [PHONE] => Array
        (
            [0] => Array
                (
                    [VALUE] => +79807162903
                    [VALUE_TYPE] => MOBILE
                )

        )

    [ASSIGNED_BY_ID] => 1
    [UF_CRM_GOROD] => 5
    [TITLE] => Заявка из Tilda
    [OPENED] => Y
    [STATUS_ID] => NEW
    [SOURCE_ID] => 1057
    [COMMENTS] => <b>Укажите_общую_сумму_вашей_задолженности:</b> 250-500 000 ₽<br><b>Есть_ли_у_вас_ипотека:</b> Нет<br><b>Ваш_ежемесячный_платеж_по_кредитам:</b> 15-25.000 ₽<br><b>Как_вам_удобнее_получить_консультацию:</b> Позвоните<br><b>Checkbox:</b> yes<br><b>Город:</b> Калуга<br>
)

Bitrix Response: {"result":652559,"time":{"start":1771571394,"finish":1771571398.261368,"duration":4.261368036270142,"processing":4,"date_start":"2026-02-20T10:09:54+03:00","date_finish":"2026-02-20T10:09:58+03:00","operating_reset_at":1771571994,"operating":6.601459980010986}}
Статус: Успешно (Lead ID: 652559)
--------------------------------------------------

Время: 20.02.2026 15:02:36
Сервис: Tilda
From: Заявка из Tilda
Клиент: Array
(
    [name] => 
    [phone] => +7 (920) 820-27-45
    [email] => 
)

Город: Орел (ID: 1126563)
RAW Input: %D0%A3%D0%BA%D0%B0%D0%B6%D0%B8%D1%82%D0%B5_%D0%BE%D0%B1%D1%89%D1%83%D1%8E_%D1%81%D1%83%D0%BC%D0%BC%D1%83_%D0%B2%D0%B0%D1%88%D0%B5%D0%B9_%D0%B7%D0%B0%D0%B4%D0%BE%D0%BB%D0%B6%D0%B5%D0%BD%D0%BD%D0%BE%D1%81%D1%82%D0%B8=250-500+000+%E2%82%BD&%D0%95%D1%81%D1%82%D1%8C_%D0%BB%D0%B8_%D1%83_%D0%B2%D0%B0%D1%81_%D0%B8%D0%BF%D0%BE%D1%82%D0%B5%D0%BA%D0%B0=%D0%9D%D0%B5%D1%82&%D0%92%D0%B0%D1%88_%D0%B5%D0%B6%D0%B5%D0%BC%D0%B5%D1%81%D1%8F%D1%87%D0%BD%D1%8B%D0%B9_%D0%BF%D0%BB%D0%B0%D1%82%D0%B5%D0%B6_%D0%BF%D0%BE_%D0%BA%D1%80%D0%B5%D0%B4%D0%B8%D1%82%D0%B0%D0%BC=15-25.000+%E2%82%BD&city=%D0%9E%D1%80%D0%B5%D0%BB&%D0%9A%D0%B0%D0%BA_%D0%B2%D0%B0%D0%BC_%D1%83%D0%B4%D0%BE%D0%B1%D0%BD%D0%B5%D0%B5_%D0%BF%D0%BE%D0%BB%D1%83%D1%87%D0%B8%D1%82%D1%8C_%D0%BA%D0%BE%D0%BD%D1%81%D1%83%D0%BB%D1%8C%D1%82%D0%B0%D1%86%D0%B8%D1%8E=MAX&Phone=%2B7+%28920%29+820-27-45&Checkbox=yes&tranid=13223037%3A8184891762&formid=form1861372491&utm_source=707307732&utm_medium=5718087081&utm_term=17606394699&utm_campaign=13840880412848029695
POST: Array
(
    [Укажите_общую_сумму_вашей_задолженности] => 250-500 000 ₽
    [Есть_ли_у_вас_ипотека] => Нет
    [Ваш_ежемесячный_платеж_по_кредитам] => 15-25.000 ₽
    [city] => Орел
    [Как_вам_удобнее_получить_консультацию] => MAX
    [Phone] => +7 (920) 820-27-45
    [Checkbox] => yes
    [tranid] => 13223037:8184891762
    [formid] => form1861372491
    [utm_source] => 707307732
    [utm_medium] => 5718087081
    [utm_term] => 17606394699
    [utm_campaign] => 13840880412848029695
)

Quiz/Комментарии: Array
(
)

Собранные комментарии (для лога): 
Укажите_общую_сумму_вашей_задолженности: 250-500 000 ₽
Есть_ли_у_вас_ипотека: Нет
Ваш_ежемесячный_платеж_по_кредитам: 15-25.000 ₽
Как_вам_удобнее_получить_консультацию: MAX
Checkbox: yes
Город: Орел

Отправка комментариев в Bitrix: ДА
Поля для Bitrix: Array
(
    [UTM_SOURCE] => 707307732
    [UTM_MEDIUM] => 5718087081
    [UTM_TERM] => 17606394699
    [UTM_CAMPAIGN] => 13840880412848029695
    [PHONE] => Array
        (
            [0] => Array
                (
                    [VALUE] => +79208202745
                    [VALUE_TYPE] => MOBILE
                )

        )

    [ASSIGNED_BY_ID] => 1
    [UF_CRM_GOROD] => 1126563
    [TITLE] => Заявка из Tilda
    [OPENED] => Y
    [STATUS_ID] => NEW
    [SOURCE_ID] => 1057
    [COMMENTS] => <b>Укажите_общую_сумму_вашей_задолженности:</b> 250-500 000 ₽<br><b>Есть_ли_у_вас_ипотека:</b> Нет<br><b>Ваш_ежемесячный_платеж_по_кредитам:</b> 15-25.000 ₽<br><b>Как_вам_удобнее_получить_консультацию:</b> MAX<br><b>Checkbox:</b> yes<br><b>Город:</b> Орел<br>
)

Bitrix Response: {"result":652985,"time":{"start":1771588956,"finish":1771588960.306542,"duration":4.306541919708252,"processing":4,"date_start":"2026-02-20T15:02:36+03:00","date_finish":"2026-02-20T15:02:40+03:00","operating_reset_at":1771589556,"operating":3.388068914413452}}
Статус: Успешно (Lead ID: 652985)
--------------------------------------------------

Время: 21.02.2026 07:59:31
Сервис: Tilda
From: Заявка из Tilda
Клиент: Array
(
    [name] => 
    [phone] => +7 (999) 620-71-82
    [email] => 
)

Город: Брянск (ID: 264605)
RAW Input: %D0%A3%D0%BA%D0%B0%D0%B6%D0%B8%D1%82%D0%B5_%D0%BE%D0%B1%D1%89%D1%83%D1%8E_%D1%81%D1%83%D0%BC%D0%BC%D1%83_%D0%B2%D0%B0%D1%88%D0%B5%D0%B9_%D0%B7%D0%B0%D0%B4%D0%BE%D0%BB%D0%B6%D0%B5%D0%BD%D0%BD%D0%BE%D1%81%D1%82%D0%B8=250-500+000+%E2%82%BD&%D0%95%D1%81%D1%82%D1%8C_%D0%BB%D0%B8_%D1%83_%D0%B2%D0%B0%D1%81_%D0%B8%D0%BF%D0%BE%D1%82%D0%B5%D0%BA%D0%B0=%D0%9D%D0%B5%D1%82&%D0%92%D0%B0%D1%88_%D0%B5%D0%B6%D0%B5%D0%BC%D0%B5%D1%81%D1%8F%D1%87%D0%BD%D1%8B%D0%B9_%D0%BF%D0%BB%D0%B0%D1%82%D0%B5%D0%B6_%D0%BF%D0%BE_%D0%BA%D1%80%D0%B5%D0%B4%D0%B8%D1%82%D0%B0%D0%BC=%D0%B4%D0%BE+15+000+%E2%82%BD&city=%D0%91%D1%80%D1%8F%D0%BD%D1%81%D0%BA&%D0%9A%D0%B0%D0%BA_%D0%B2%D0%B0%D0%BC_%D1%83%D0%B4%D0%BE%D0%B1%D0%BD%D0%B5%D0%B5_%D0%BF%D0%BE%D0%BB%D1%83%D1%87%D0%B8%D1%82%D1%8C_%D0%BA%D0%BE%D0%BD%D1%81%D1%83%D0%BB%D1%8C%D1%82%D0%B0%D1%86%D0%B8%D1%8E=WhatsApp&Phone=%2B7+%28999%29+620-71-82&Checkbox=yes&tranid=13223037%3A8186330002&formid=form1861372491&utm_source=707307732&utm_medium=5718087081&utm_term=17606394700&utm_campa
POST: Array
(
    [Укажите_общую_сумму_вашей_задолженности] => 250-500 000 ₽
    [Есть_ли_у_вас_ипотека] => Нет
    [Ваш_ежемесячный_платеж_по_кредитам] => до 15 000 ₽
    [city] => Брянск
    [Как_вам_удобнее_получить_консультацию] => WhatsApp
    [Phone] => +7 (999) 620-71-82
    [Checkbox] => yes
    [tranid] => 13223037:8186330002
    [formid] => form1861372491
    [utm_source] => 707307732
    [utm_medium] => 5718087081
    [utm_term] => 17606394700
    [utm_campaign] => 11755345489683021823
)

Quiz/Комментарии: Array
(
)

Собранные комментарии (для лога): 
Укажите_общую_сумму_вашей_задолженности: 250-500 000 ₽
Есть_ли_у_вас_ипотека: Нет
Ваш_ежемесячный_платеж_по_кредитам: до 15 000 ₽
Как_вам_удобнее_получить_консультацию: WhatsApp
Checkbox: yes
Город: Брянск

Отправка комментариев в Bitrix: ДА
Поля для Bitrix: Array
(
    [UTM_SOURCE] => 707307732
    [UTM_MEDIUM] => 5718087081
    [UTM_TERM] => 17606394700
    [UTM_CAMPAIGN] => 11755345489683021823
    [PHONE] => Array
        (
            [0] => Array
                (
                    [VALUE] => +79996207182
                    [VALUE_TYPE] => MOBILE
                )

        )

    [ASSIGNED_BY_ID] => 1
    [UF_CRM_GOROD] => 264605
    [TITLE] => Заявка из Tilda
    [OPENED] => Y
    [STATUS_ID] => NEW
    [SOURCE_ID] => 1057
    [COMMENTS] => <b>Укажите_общую_сумму_вашей_задолженности:</b> 250-500 000 ₽<br><b>Есть_ли_у_вас_ипотека:</b> Нет<br><b>Ваш_ежемесячный_платеж_по_кредитам:</b> до 15 000 ₽<br><b>Как_вам_удобнее_получить_консультацию:</b> WhatsApp<br><b>Checkbox:</b> yes<br><b>Город:</b> Брянск<br>
)

Bitrix Response: {"result":653173,"time":{"start":1771649971,"finish":1771649975.006407,"duration":4.006407022476196,"processing":4,"date_start":"2026-02-21T07:59:31+03:00","date_finish":"2026-02-21T07:59:35+03:00","operating_reset_at":1771650571,"operating":3.4101920127868652}}
Статус: Успешно (Lead ID: 653173)
--------------------------------------------------

Время: 21.02.2026 16:51:02
Сервис: Tilda
From: Заявка из Tilda
Клиент: Array
(
    [name] => 
    [phone] => +7 (977) 892-62-05
    [email] => 
)

Город: Калуга (ID: 5)
RAW Input: %D0%A3%D0%BA%D0%B0%D0%B6%D0%B8%D1%82%D0%B5_%D0%BE%D0%B1%D1%89%D1%83%D1%8E_%D1%81%D1%83%D0%BC%D0%BC%D1%83_%D0%B2%D0%B0%D1%88%D0%B5%D0%B9_%D0%B7%D0%B0%D0%B4%D0%BE%D0%BB%D0%B6%D0%B5%D0%BD%D0%BD%D0%BE%D1%81%D1%82%D0%B8=250-500+000+%E2%82%BD&%D0%95%D1%81%D1%82%D1%8C_%D0%BB%D0%B8_%D1%83_%D0%B2%D0%B0%D1%81_%D0%B8%D0%BF%D0%BE%D1%82%D0%B5%D0%BA%D0%B0=%D0%9D%D0%B5%D1%82&%D0%92%D0%B0%D1%88_%D0%B5%D0%B6%D0%B5%D0%BC%D0%B5%D1%81%D1%8F%D1%87%D0%BD%D1%8B%D0%B9_%D0%BF%D0%BB%D0%B0%D1%82%D0%B5%D0%B6_%D0%BF%D0%BE_%D0%BA%D1%80%D0%B5%D0%B4%D0%B8%D1%82%D0%B0%D0%BC=%D0%BE%D1%82+55.000+%E2%82%BD&city=%D0%9A%D0%B0%D0%BB%D1%83%D0%B3%D0%B0&%D0%9A%D0%B0%D0%BA_%D0%B2%D0%B0%D0%BC_%D1%83%D0%B4%D0%BE%D0%B1%D0%BD%D0%B5%D0%B5_%D0%BF%D0%BE%D0%BB%D1%83%D1%87%D0%B8%D1%82%D1%8C_%D0%BA%D0%BE%D0%BD%D1%81%D1%83%D0%BB%D1%8C%D1%82%D0%B0%D1%86%D0%B8%D1%8E=%D0%9F%D0%BE%D0%B7%D0%B2%D0%BE%D0%BD%D0%B8%D1%82%D0%B5&Phone=%2B7+%28977%29+892-62-05&Checkbox=yes&tranid=13223037%3A8187431222&formid=form1861372491&utm_source=707307730&utm_me
POST: Array
(
    [Укажите_общую_сумму_вашей_задолженности] => 250-500 000 ₽
    [Есть_ли_у_вас_ипотека] => Нет
    [Ваш_ежемесячный_платеж_по_кредитам] => от 55.000 ₽
    [city] => Калуга
    [Как_вам_удобнее_получить_консультацию] => Позвоните
    [Phone] => +7 (977) 892-62-05
    [Checkbox] => yes
    [tranid] => 13223037:8187431222
    [formid] => form1861372491
    [utm_source] => 707307730
    [utm_medium] => 5718087076
    [utm_term] => 17606394695
    [utm_campaign] => 8191053229138378751
)

Quiz/Комментарии: Array
(
)

Собранные комментарии (для лога): 
Укажите_общую_сумму_вашей_задолженности: 250-500 000 ₽
Есть_ли_у_вас_ипотека: Нет
Ваш_ежемесячный_платеж_по_кредитам: от 55.000 ₽
Как_вам_удобнее_получить_консультацию: Позвоните
Checkbox: yes
Город: Калуга

Отправка комментариев в Bitrix: ДА
Поля для Bitrix: Array
(
    [UTM_SOURCE] => 707307730
    [UTM_MEDIUM] => 5718087076
    [UTM_TERM] => 17606394695
    [UTM_CAMPAIGN] => 8191053229138378751
    [PHONE] => Array
        (
            [0] => Array
                (
                    [VALUE] => +79778926205
                    [VALUE_TYPE] => MOBILE
                )

        )

    [ASSIGNED_BY_ID] => 1
    [UF_CRM_GOROD] => 5
    [TITLE] => Заявка из Tilda
    [OPENED] => Y
    [STATUS_ID] => NEW
    [SOURCE_ID] => 1057
    [COMMENTS] => <b>Укажите_общую_сумму_вашей_задолженности:</b> 250-500 000 ₽<br><b>Есть_ли_у_вас_ипотека:</b> Нет<br><b>Ваш_ежемесячный_платеж_по_кредитам:</b> от 55.000 ₽<br><b>Как_вам_удобнее_получить_консультацию:</b> Позвоните<br><b>Checkbox:</b> yes<br><b>Город:</b> Калуга<br>
)

Bitrix Response: {"result":653379,"time":{"start":1771681862,"finish":1771681866.031898,"duration":4.031898021697998,"processing":4,"date_start":"2026-02-21T16:51:02+03:00","date_finish":"2026-02-21T16:51:06+03:00","operating_reset_at":1771682462,"operating":8.121405124664307}}
Статус: Успешно (Lead ID: 653379)
--------------------------------------------------

Время: 21.02.2026 20:21:53
Сервис: Tilda
From: Заявка из Tilda
Клиент: Array
(
    [name] => 
    [phone] => +7 (916) 549-42-99
    [email] => 
)

Город: Калуга (ID: 5)
RAW Input: %D0%A3%D0%BA%D0%B0%D0%B6%D0%B8%D1%82%D0%B5_%D0%BE%D0%B1%D1%89%D1%83%D1%8E_%D1%81%D1%83%D0%BC%D0%BC%D1%83_%D0%B2%D0%B0%D1%88%D0%B5%D0%B9_%D0%B7%D0%B0%D0%B4%D0%BE%D0%BB%D0%B6%D0%B5%D0%BD%D0%BD%D0%BE%D1%81%D1%82%D0%B8=500-1+000+000+%E2%82%BD&%D0%95%D1%81%D1%82%D1%8C_%D0%BB%D0%B8_%D1%83_%D0%B2%D0%B0%D1%81_%D0%B8%D0%BF%D0%BE%D1%82%D0%B5%D0%BA%D0%B0=%D0%9D%D0%B5%D1%82&%D0%92%D0%B0%D1%88_%D0%B5%D0%B6%D0%B5%D0%BC%D0%B5%D1%81%D1%8F%D1%87%D0%BD%D1%8B%D0%B9_%D0%BF%D0%BB%D0%B0%D1%82%D0%B5%D0%B6_%D0%BF%D0%BE_%D0%BA%D1%80%D0%B5%D0%B4%D0%B8%D1%82%D0%B0%D0%BC=35-45.000+%E2%82%BD&city=%D0%9A%D0%B0%D0%BB%D1%83%D0%B3%D0%B0&%D0%9A%D0%B0%D0%BA_%D0%B2%D0%B0%D0%BC_%D1%83%D0%B4%D0%BE%D0%B1%D0%BD%D0%B5%D0%B5_%D0%BF%D0%BE%D0%BB%D1%83%D1%87%D0%B8%D1%82%D1%8C_%D0%BA%D0%BE%D0%BD%D1%81%D1%83%D0%BB%D1%8C%D1%82%D0%B0%D1%86%D0%B8%D1%8E=MAX&Phone=%2B7+%28916%29+549-42-99&Checkbox=yes&tranid=13223037%3A8187850583&formid=form1861372491&utm_source=707307730&utm_medium=5718087076&utm_term=17606394694&utm_campaign=422311936
POST: Array
(
    [Укажите_общую_сумму_вашей_задолженности] => 500-1 000 000 ₽
    [Есть_ли_у_вас_ипотека] => Нет
    [Ваш_ежемесячный_платеж_по_кредитам] => 35-45.000 ₽
    [city] => Калуга
    [Как_вам_удобнее_получить_консультацию] => MAX
    [Phone] => +7 (916) 549-42-99
    [Checkbox] => yes
    [tranid] => 13223037:8187850583
    [formid] => form1861372491
    [utm_source] => 707307730
    [utm_medium] => 5718087076
    [utm_term] => 17606394694
    [utm_campaign] => 4223119362404909055
)

Quiz/Комментарии: Array
(
)

Собранные комментарии (для лога): 
Укажите_общую_сумму_вашей_задолженности: 500-1 000 000 ₽
Есть_ли_у_вас_ипотека: Нет
Ваш_ежемесячный_платеж_по_кредитам: 35-45.000 ₽
Как_вам_удобнее_получить_консультацию: MAX
Checkbox: yes
Город: Калуга

Отправка комментариев в Bitrix: ДА
Поля для Bitrix: Array
(
    [UTM_SOURCE] => 707307730
    [UTM_MEDIUM] => 5718087076
    [UTM_TERM] => 17606394694
    [UTM_CAMPAIGN] => 4223119362404909055
    [PHONE] => Array
        (
            [0] => Array
                (
                    [VALUE] => +79165494299
                    [VALUE_TYPE] => MOBILE
                )

        )

    [ASSIGNED_BY_ID] => 1
    [UF_CRM_GOROD] => 5
    [TITLE] => Заявка из Tilda
    [OPENED] => Y
    [STATUS_ID] => NEW
    [SOURCE_ID] => 1057
    [COMMENTS] => <b>Укажите_общую_сумму_вашей_задолженности:</b> 500-1 000 000 ₽<br><b>Есть_ли_у_вас_ипотека:</b> Нет<br><b>Ваш_ежемесячный_платеж_по_кредитам:</b> 35-45.000 ₽<br><b>Как_вам_удобнее_получить_консультацию:</b> MAX<br><b>Checkbox:</b> yes<br><b>Город:</b> Калуга<br>
)

Bitrix Response: {"result":653411,"time":{"start":1771694513,"finish":1771694516.756148,"duration":3.756148099899292,"processing":3,"date_start":"2026-02-21T20:21:53+03:00","date_finish":"2026-02-21T20:21:56+03:00","operating_reset_at":1771695113,"operating":5.342374086380005}}
Статус: Успешно (Lead ID: 653411)
--------------------------------------------------

Время: 22.02.2026 08:13:09
Сервис: Tilda
From: Заявка из Tilda
Клиент: Array
(
    [name] => 
    [phone] => +7 (906) 660-91-91
    [email] => 
)

Город: Орел (ID: 1126563)
RAW Input: %D0%A3%D0%BA%D0%B0%D0%B6%D0%B8%D1%82%D0%B5_%D0%BE%D0%B1%D1%89%D1%83%D1%8E_%D1%81%D1%83%D0%BC%D0%BC%D1%83_%D0%B2%D0%B0%D1%88%D0%B5%D0%B9_%D0%B7%D0%B0%D0%B4%D0%BE%D0%BB%D0%B6%D0%B5%D0%BD%D0%BD%D0%BE%D1%81%D1%82%D0%B8=%D0%BE%D1%82+1+000+000+%E2%82%BD&%D0%95%D1%81%D1%82%D1%8C_%D0%BB%D0%B8_%D1%83_%D0%B2%D0%B0%D1%81_%D0%B8%D0%BF%D0%BE%D1%82%D0%B5%D0%BA%D0%B0=%D0%9D%D0%B5%D1%82&%D0%92%D0%B0%D1%88_%D0%B5%D0%B6%D0%B5%D0%BC%D0%B5%D1%81%D1%8F%D1%87%D0%BD%D1%8B%D0%B9_%D0%BF%D0%BB%D0%B0%D1%82%D0%B5%D0%B6_%D0%BF%D0%BE_%D0%BA%D1%80%D0%B5%D0%B4%D0%B8%D1%82%D0%B0%D0%BC=35-45.000+%E2%82%BD&city=%D0%9E%D1%80%D0%B5%D0%BB&%D0%9A%D0%B0%D0%BA_%D0%B2%D0%B0%D0%BC_%D1%83%D0%B4%D0%BE%D0%B1%D0%BD%D0%B5%D0%B5_%D0%BF%D0%BE%D0%BB%D1%83%D1%87%D0%B8%D1%82%D1%8C_%D0%BA%D0%BE%D0%BD%D1%81%D1%83%D0%BB%D1%8C%D1%82%D0%B0%D1%86%D0%B8%D1%8E=MAX&Phone=%2B7+%28906%29+660-91-91&Checkbox=yes&tranid=13223037%3A8188442573&formid=form1861372491&utm_source=707307732&utm_medium=5718087081&utm_term=17606394700&utm_campaign=158195333707
POST: Array
(
    [Укажите_общую_сумму_вашей_задолженности] => от 1 000 000 ₽
    [Есть_ли_у_вас_ипотека] => Нет
    [Ваш_ежемесячный_платеж_по_кредитам] => 35-45.000 ₽
    [city] => Орел
    [Как_вам_удобнее_получить_консультацию] => MAX
    [Phone] => +7 (906) 660-91-91
    [Checkbox] => yes
    [tranid] => 13223037:8188442573
    [formid] => form1861372491
    [utm_source] => 707307732
    [utm_medium] => 5718087081
    [utm_term] => 17606394700
    [utm_campaign] => 1581953337074122751
)

Quiz/Комментарии: Array
(
)

Собранные комментарии (для лога): 
Укажите_общую_сумму_вашей_задолженности: от 1 000 000 ₽
Есть_ли_у_вас_ипотека: Нет
Ваш_ежемесячный_платеж_по_кредитам: 35-45.000 ₽
Как_вам_удобнее_получить_консультацию: MAX
Checkbox: yes
Город: Орел

Отправка комментариев в Bitrix: ДА
Поля для Bitrix: Array
(
    [UTM_SOURCE] => 707307732
    [UTM_MEDIUM] => 5718087081
    [UTM_TERM] => 17606394700
    [UTM_CAMPAIGN] => 1581953337074122751
    [PHONE] => Array
        (
            [0] => Array
                (
                    [VALUE] => +79066609191
                    [VALUE_TYPE] => MOBILE
                )

        )

    [ASSIGNED_BY_ID] => 1
    [UF_CRM_GOROD] => 1126563
    [TITLE] => Заявка из Tilda
    [OPENED] => Y
    [STATUS_ID] => NEW
    [SOURCE_ID] => 1057
    [COMMENTS] => <b>Укажите_общую_сумму_вашей_задолженности:</b> от 1 000 000 ₽<br><b>Есть_ли_у_вас_ипотека:</b> Нет<br><b>Ваш_ежемесячный_платеж_по_кредитам:</b> 35-45.000 ₽<br><b>Как_вам_удобнее_получить_консультацию:</b> MAX<br><b>Checkbox:</b> yes<br><b>Город:</b> Орел<br>
)

Bitrix Response: {"result":653457,"time":{"start":1771737189,"finish":1771737192.816599,"duration":3.816598892211914,"processing":3,"date_start":"2026-02-22T08:13:09+03:00","date_finish":"2026-02-22T08:13:12+03:00","operating_reset_at":1771737789,"operating":2.9262921810150146}}
Статус: Успешно (Lead ID: 653457)
--------------------------------------------------

Время: 22.02.2026 08:18:42
Сервис: Tilda
From: Заявка из Tilda
Клиент: Array
(
    [name] => 
    [phone] => +7 (915) 537-14-55
    [email] => 
)

Город: Брянск (ID: 264605)
RAW Input: %D0%A3%D0%BA%D0%B0%D0%B6%D0%B8%D1%82%D0%B5_%D0%BE%D0%B1%D1%89%D1%83%D1%8E_%D1%81%D1%83%D0%BC%D0%BC%D1%83_%D0%B2%D0%B0%D1%88%D0%B5%D0%B9_%D0%B7%D0%B0%D0%B4%D0%BE%D0%BB%D0%B6%D0%B5%D0%BD%D0%BD%D0%BE%D1%81%D1%82%D0%B8=250-500+000+%E2%82%BD&%D0%95%D1%81%D1%82%D1%8C_%D0%BB%D0%B8_%D1%83_%D0%B2%D0%B0%D1%81_%D0%B8%D0%BF%D0%BE%D1%82%D0%B5%D0%BA%D0%B0=%D0%94%D0%B0&%D0%92%D0%B0%D1%88_%D0%B5%D0%B6%D0%B5%D0%BC%D0%B5%D1%81%D1%8F%D1%87%D0%BD%D1%8B%D0%B9_%D0%BF%D0%BB%D0%B0%D1%82%D0%B5%D0%B6_%D0%BF%D0%BE_%D0%BA%D1%80%D0%B5%D0%B4%D0%B8%D1%82%D0%B0%D0%BC=35-45.000+%E2%82%BD&city=%D0%91%D1%80%D1%8F%D0%BD%D1%81%D0%BA&%D0%9A%D0%B0%D0%BA_%D0%B2%D0%B0%D0%BC_%D1%83%D0%B4%D0%BE%D0%B1%D0%BD%D0%B5%D0%B5_%D0%BF%D0%BE%D0%BB%D1%83%D1%87%D0%B8%D1%82%D1%8C_%D0%BA%D0%BE%D0%BD%D1%81%D1%83%D0%BB%D1%8C%D1%82%D0%B0%D1%86%D0%B8%D1%8E=%D0%9F%D0%BE%D0%B7%D0%B2%D0%BE%D0%BD%D0%B8%D1%82%D0%B5&Phone=%2B7+%28915%29+537-14-55&Checkbox=yes&tranid=13223037%3A8188448123&formid=form1861372491&utm_source=707307730&utm_medium=5718087076&
POST: Array
(
    [Укажите_общую_сумму_вашей_задолженности] => 250-500 000 ₽
    [Есть_ли_у_вас_ипотека] => Да
    [Ваш_ежемесячный_платеж_по_кредитам] => 35-45.000 ₽
    [city] => Брянск
    [Как_вам_удобнее_получить_консультацию] => Позвоните
    [Phone] => +7 (915) 537-14-55
    [Checkbox] => yes
    [tranid] => 13223037:8188448123
    [formid] => form1861372491
    [utm_source] => 707307730
    [utm_medium] => 5718087076
    [utm_term] => 17606394695
    [utm_campaign] => 14050091122973999103
)

Quiz/Комментарии: Array
(
)

Собранные комментарии (для лога): 
Укажите_общую_сумму_вашей_задолженности: 250-500 000 ₽
Есть_ли_у_вас_ипотека: Да
Ваш_ежемесячный_платеж_по_кредитам: 35-45.000 ₽
Как_вам_удобнее_получить_консультацию: Позвоните
Checkbox: yes
Город: Брянск

Отправка комментариев в Bitrix: ДА
Поля для Bitrix: Array
(
    [UTM_SOURCE] => 707307730
    [UTM_MEDIUM] => 5718087076
    [UTM_TERM] => 17606394695
    [UTM_CAMPAIGN] => 14050091122973999103
    [PHONE] => Array
        (
            [0] => Array
                (
                    [VALUE] => +79155371455
                    [VALUE_TYPE] => MOBILE
                )

        )

    [ASSIGNED_BY_ID] => 1
    [UF_CRM_GOROD] => 264605
    [TITLE] => Заявка из Tilda
    [OPENED] => Y
    [STATUS_ID] => NEW
    [SOURCE_ID] => 1057
    [COMMENTS] => <b>Укажите_общую_сумму_вашей_задолженности:</b> 250-500 000 ₽<br><b>Есть_ли_у_вас_ипотека:</b> Да<br><b>Ваш_ежемесячный_платеж_по_кредитам:</b> 35-45.000 ₽<br><b>Как_вам_удобнее_получить_консультацию:</b> Позвоните<br><b>Checkbox:</b> yes<br><b>Город:</b> Брянск<br>
)

Bitrix Response: {"result":653459,"time":{"start":1771737522,"finish":1771737525.852017,"duration":3.8520169258117676,"processing":3,"date_start":"2026-02-22T08:18:42+03:00","date_finish":"2026-02-22T08:18:45+03:00","operating_reset_at":1771738122,"operating":5.888052225112915}}
Статус: Успешно (Lead ID: 653459)
--------------------------------------------------

Время: 22.02.2026 10:05:20
Сервис: Tilda
From: Заявка из Tilda
Клиент: Array
(
    [name] => 
    [phone] => +7 (953) 296-51-56
    [email] => 
)

Город: Брянск (ID: 264605)
RAW Input: %D0%A3%D0%BA%D0%B0%D0%B6%D0%B8%D1%82%D0%B5_%D0%BE%D0%B1%D1%89%D1%83%D1%8E_%D1%81%D1%83%D0%BC%D0%BC%D1%83_%D0%B2%D0%B0%D1%88%D0%B5%D0%B9_%D0%B7%D0%B0%D0%B4%D0%BE%D0%BB%D0%B6%D0%B5%D0%BD%D0%BD%D0%BE%D1%81%D1%82%D0%B8=250-500+000+%E2%82%BD&%D0%95%D1%81%D1%82%D1%8C_%D0%BB%D0%B8_%D1%83_%D0%B2%D0%B0%D1%81_%D0%B8%D0%BF%D0%BE%D1%82%D0%B5%D0%BA%D0%B0=%D0%9D%D0%B5%D1%82&%D0%92%D0%B0%D1%88_%D0%B5%D0%B6%D0%B5%D0%BC%D0%B5%D1%81%D1%8F%D1%87%D0%BD%D1%8B%D0%B9_%D0%BF%D0%BB%D0%B0%D1%82%D0%B5%D0%B6_%D0%BF%D0%BE_%D0%BA%D1%80%D0%B5%D0%B4%D0%B8%D1%82%D0%B0%D0%BC=35-45.000+%E2%82%BD&city=%D0%91%D1%80%D1%8F%D0%BD%D1%81%D0%BA&%D0%9A%D0%B0%D0%BA_%D0%B2%D0%B0%D0%BC_%D1%83%D0%B4%D0%BE%D0%B1%D0%BD%D0%B5%D0%B5_%D0%BF%D0%BE%D0%BB%D1%83%D1%87%D0%B8%D1%82%D1%8C_%D0%BA%D0%BE%D0%BD%D1%81%D1%83%D0%BB%D1%8C%D1%82%D0%B0%D1%86%D0%B8%D1%8E=WhatsApp&Phone=%2B7+%28953%29+296-51-56&Checkbox=yes&tranid=13223037%3A8188598222&formid=form1861372491&utm_source=707307730&utm_medium=5718087076&utm_term=17606394695&utm_campaign=103257
POST: Array
(
    [Укажите_общую_сумму_вашей_задолженности] => 250-500 000 ₽
    [Есть_ли_у_вас_ипотека] => Нет
    [Ваш_ежемесячный_платеж_по_кредитам] => 35-45.000 ₽
    [city] => Брянск
    [Как_вам_удобнее_получить_консультацию] => WhatsApp
    [Phone] => +7 (953) 296-51-56
    [Checkbox] => yes
    [tranid] => 13223037:8188598222
    [formid] => form1861372491
    [utm_source] => 707307730
    [utm_medium] => 5718087076
    [utm_term] => 17606394695
    [utm_campaign] => 10325706531443572735
)

Quiz/Комментарии: Array
(
)

Собранные комментарии (для лога): 
Укажите_общую_сумму_вашей_задолженности: 250-500 000 ₽
Есть_ли_у_вас_ипотека: Нет
Ваш_ежемесячный_платеж_по_кредитам: 35-45.000 ₽
Как_вам_удобнее_получить_консультацию: WhatsApp
Checkbox: yes
Город: Брянск

Отправка комментариев в Bitrix: ДА
Поля для Bitrix: Array
(
    [UTM_SOURCE] => 707307730
    [UTM_MEDIUM] => 5718087076
    [UTM_TERM] => 17606394695
    [UTM_CAMPAIGN] => 10325706531443572735
    [PHONE] => Array
        (
            [0] => Array
                (
                    [VALUE] => +79532965156
                    [VALUE_TYPE] => MOBILE
                )

        )

    [ASSIGNED_BY_ID] => 1
    [UF_CRM_GOROD] => 264605
    [TITLE] => Заявка из Tilda
    [OPENED] => Y
    [STATUS_ID] => NEW
    [SOURCE_ID] => 1057
    [COMMENTS] => <b>Укажите_общую_сумму_вашей_задолженности:</b> 250-500 000 ₽<br><b>Есть_ли_у_вас_ипотека:</b> Нет<br><b>Ваш_ежемесячный_платеж_по_кредитам:</b> 35-45.000 ₽<br><b>Как_вам_удобнее_получить_консультацию:</b> WhatsApp<br><b>Checkbox:</b> yes<br><b>Город:</b> Брянск<br>
)

Bitrix Response: {"result":653491,"time":{"start":1771743920,"finish":1771743923.967948,"duration":3.9679479598999023,"processing":3,"date_start":"2026-02-22T10:05:20+03:00","date_finish":"2026-02-22T10:05:23+03:00","operating_reset_at":1771744520,"operating":3.055294990539551}}
Статус: Успешно (Lead ID: 653491)
--------------------------------------------------

Время: 22.02.2026 16:26:40
Сервис: Tilda
From: Заявка из Tilda
Клиент: Array
(
    [name] => 
    [phone] => +7 (906) 577-43-62
    [email] => 
)

Город: Орел (ID: 1126563)
RAW Input: %D0%A3%D0%BA%D0%B0%D0%B6%D0%B8%D1%82%D0%B5_%D0%BE%D0%B1%D1%89%D1%83%D1%8E_%D1%81%D1%83%D0%BC%D0%BC%D1%83_%D0%B2%D0%B0%D1%88%D0%B5%D0%B9_%D0%B7%D0%B0%D0%B4%D0%BE%D0%BB%D0%B6%D0%B5%D0%BD%D0%BD%D0%BE%D1%81%D1%82%D0%B8=%D0%B4%D0%BE+250+000+%E2%82%BD&%D0%95%D1%81%D1%82%D1%8C_%D0%BB%D0%B8_%D1%83_%D0%B2%D0%B0%D1%81_%D0%B8%D0%BF%D0%BE%D1%82%D0%B5%D0%BA%D0%B0=%D0%9D%D0%B5%D1%82&%D0%92%D0%B0%D1%88_%D0%B5%D0%B6%D0%B5%D0%BC%D0%B5%D1%81%D1%8F%D1%87%D0%BD%D1%8B%D0%B9_%D0%BF%D0%BB%D0%B0%D1%82%D0%B5%D0%B6_%D0%BF%D0%BE_%D0%BA%D1%80%D0%B5%D0%B4%D0%B8%D1%82%D0%B0%D0%BC=15-25.000+%E2%82%BD&city=%D0%9E%D1%80%D0%B5%D0%BB&%D0%9A%D0%B0%D0%BA_%D0%B2%D0%B0%D0%BC_%D1%83%D0%B4%D0%BE%D0%B1%D0%BD%D0%B5%D0%B5_%D0%BF%D0%BE%D0%BB%D1%83%D1%87%D0%B8%D1%82%D1%8C_%D0%BA%D0%BE%D0%BD%D1%81%D1%83%D0%BB%D1%8C%D1%82%D0%B0%D1%86%D0%B8%D1%8E=%D0%9F%D0%BE%D0%B7%D0%B2%D0%BE%D0%BD%D0%B8%D1%82%D0%B5&Phone=%2B7+%28906%29+577-43-62&Checkbox=yes&tranid=13223037%3A8189405782&formid=form1861372491&utm_source=707307732&utm_medium=57180870
POST: Array
(
    [Укажите_общую_сумму_вашей_задолженности] => до 250 000 ₽
    [Есть_ли_у_вас_ипотека] => Нет
    [Ваш_ежемесячный_платеж_по_кредитам] => 15-25.000 ₽
    [city] => Орел
    [Как_вам_удобнее_получить_консультацию] => Позвоните
    [Phone] => +7 (906) 577-43-62
    [Checkbox] => yes
    [tranid] => 13223037:8189405782
    [formid] => form1861372491
    [utm_source] => 707307732
    [utm_medium] => 5718087081
    [utm_term] => 17606394700
    [utm_campaign] => 1386896507203485695
)

Quiz/Комментарии: Array
(
)

Собранные комментарии (для лога): 
Укажите_общую_сумму_вашей_задолженности: до 250 000 ₽
Есть_ли_у_вас_ипотека: Нет
Ваш_ежемесячный_платеж_по_кредитам: 15-25.000 ₽
Как_вам_удобнее_получить_консультацию: Позвоните
Checkbox: yes
Город: Орел

Отправка комментариев в Bitrix: ДА
Поля для Bitrix: Array
(
    [UTM_SOURCE] => 707307732
    [UTM_MEDIUM] => 5718087081
    [UTM_TERM] => 17606394700
    [UTM_CAMPAIGN] => 1386896507203485695
    [PHONE] => Array
        (
            [0] => Array
                (
                    [VALUE] => +79065774362
                    [VALUE_TYPE] => MOBILE
                )

        )

    [ASSIGNED_BY_ID] => 1
    [UF_CRM_GOROD] => 1126563
    [TITLE] => Заявка из Tilda
    [OPENED] => Y
    [STATUS_ID] => NEW
    [SOURCE_ID] => 1057
    [COMMENTS] => <b>Укажите_общую_сумму_вашей_задолженности:</b> до 250 000 ₽<br><b>Есть_ли_у_вас_ипотека:</b> Нет<br><b>Ваш_ежемесячный_платеж_по_кредитам:</b> 15-25.000 ₽<br><b>Как_вам_удобнее_получить_консультацию:</b> Позвоните<br><b>Checkbox:</b> yes<br><b>Город:</b> Орел<br>
)

Bitrix Response: {"result":653593,"time":{"start":1771766800,"finish":1771766803.527797,"duration":3.527796983718872,"processing":3,"date_start":"2026-02-22T16:26:40+03:00","date_finish":"2026-02-22T16:26:43+03:00","operating_reset_at":1771767400,"operating":3.0790200233459473}}
Статус: Успешно (Lead ID: 653593)
--------------------------------------------------

Время: 23.02.2026 01:15:00
Сервис: Tilda
From: Заявка из Tilda
Клиент: Array
(
    [name] => 
    [phone] => +7 (960) 646-56-87
    [email] => 
)

Город: Орел (ID: 1126563)
RAW Input: %D0%A3%D0%BA%D0%B0%D0%B6%D0%B8%D1%82%D0%B5_%D0%BE%D0%B1%D1%89%D1%83%D1%8E_%D1%81%D1%83%D0%BC%D0%BC%D1%83_%D0%B2%D0%B0%D1%88%D0%B5%D0%B9_%D0%B7%D0%B0%D0%B4%D0%BE%D0%BB%D0%B6%D0%B5%D0%BD%D0%BD%D0%BE%D1%81%D1%82%D0%B8=250-500+000+%E2%82%BD&%D0%95%D1%81%D1%82%D1%8C_%D0%BB%D0%B8_%D1%83_%D0%B2%D0%B0%D1%81_%D0%B8%D0%BF%D0%BE%D1%82%D0%B5%D0%BA%D0%B0=%D0%9D%D0%B5%D1%82&%D0%92%D0%B0%D1%88_%D0%B5%D0%B6%D0%B5%D0%BC%D0%B5%D1%81%D1%8F%D1%87%D0%BD%D1%8B%D0%B9_%D0%BF%D0%BB%D0%B0%D1%82%D0%B5%D0%B6_%D0%BF%D0%BE_%D0%BA%D1%80%D0%B5%D0%B4%D0%B8%D1%82%D0%B0%D0%BC=%D0%BE%D1%82+55.000+%E2%82%BD&city=%D0%9E%D1%80%D0%B5%D0%BB&%D0%9A%D0%B0%D0%BA_%D0%B2%D0%B0%D0%BC_%D1%83%D0%B4%D0%BE%D0%B1%D0%BD%D0%B5%D0%B5_%D0%BF%D0%BE%D0%BB%D1%83%D1%87%D0%B8%D1%82%D1%8C_%D0%BA%D0%BE%D0%BD%D1%81%D1%83%D0%BB%D1%8C%D1%82%D0%B0%D1%86%D0%B8%D1%8E=%D0%9F%D0%BE%D0%B7%D0%B2%D0%BE%D0%BD%D0%B8%D1%82%D0%B5&Phone=%2B7+%28960%29+646-56-87&Checkbox=yes&tranid=13223037%3A8190248213&formid=form1861372491&utm_source=707307732&utm_medium=5718087
POST: Array
(
    [Укажите_общую_сумму_вашей_задолженности] => 250-500 000 ₽
    [Есть_ли_у_вас_ипотека] => Нет
    [Ваш_ежемесячный_платеж_по_кредитам] => от 55.000 ₽
    [city] => Орел
    [Как_вам_удобнее_получить_консультацию] => Позвоните
    [Phone] => +7 (960) 646-56-87
    [Checkbox] => yes
    [tranid] => 13223037:8190248213
    [formid] => form1861372491
    [utm_source] => 707307732
    [utm_medium] => 5718087081
    [utm_term] => 17606394700
    [utm_campaign] => 13296978660608704511
)

Quiz/Комментарии: Array
(
)

Собранные комментарии (для лога): 
Укажите_общую_сумму_вашей_задолженности: 250-500 000 ₽
Есть_ли_у_вас_ипотека: Нет
Ваш_ежемесячный_платеж_по_кредитам: от 55.000 ₽
Как_вам_удобнее_получить_консультацию: Позвоните
Checkbox: yes
Город: Орел

Отправка комментариев в Bitrix: ДА
Поля для Bitrix: Array
(
    [UTM_SOURCE] => 707307732
    [UTM_MEDIUM] => 5718087081
    [UTM_TERM] => 17606394700
    [UTM_CAMPAIGN] => 13296978660608704511
    [PHONE] => Array
        (
            [0] => Array
                (
                    [VALUE] => +79606465687
                    [VALUE_TYPE] => MOBILE
                )

        )

    [ASSIGNED_BY_ID] => 1
    [UF_CRM_GOROD] => 1126563
    [TITLE] => Заявка из Tilda
    [OPENED] => Y
    [STATUS_ID] => NEW
    [SOURCE_ID] => 1057
    [COMMENTS] => <b>Укажите_общую_сумму_вашей_задолженности:</b> 250-500 000 ₽<br><b>Есть_ли_у_вас_ипотека:</b> Нет<br><b>Ваш_ежемесячный_платеж_по_кредитам:</b> от 55.000 ₽<br><b>Как_вам_удобнее_получить_консультацию:</b> Позвоните<br><b>Checkbox:</b> yes<br><b>Город:</b> Орел<br>
)

Bitrix Response: {"result":653631,"time":{"start":1771798500,"finish":1771798504.127283,"duration":4.127283096313477,"processing":4,"date_start":"2026-02-23T01:15:00+03:00","date_finish":"2026-02-23T01:15:04+03:00","operating_reset_at":1771799100,"operating":3.137511968612671}}
Статус: Успешно (Lead ID: 653631)
--------------------------------------------------

Время: 23.02.2026 12:56:12
Сервис: Tilda
From: Заявка из Tilda
Клиент: Array
(
    [name] => 
    [phone] => +7 (991) 528-28-84
    [email] => 
)

Город: Тула (ID: 29407)
RAW Input: %D0%A3%D0%BA%D0%B0%D0%B6%D0%B8%D1%82%D0%B5_%D0%BE%D0%B1%D1%89%D1%83%D1%8E_%D1%81%D1%83%D0%BC%D0%BC%D1%83_%D0%B2%D0%B0%D1%88%D0%B5%D0%B9_%D0%B7%D0%B0%D0%B4%D0%BE%D0%BB%D0%B6%D0%B5%D0%BD%D0%BD%D0%BE%D1%81%D1%82%D0%B8=250-500+000+%E2%82%BD&%D0%95%D1%81%D1%82%D1%8C_%D0%BB%D0%B8_%D1%83_%D0%B2%D0%B0%D1%81_%D0%B8%D0%BF%D0%BE%D1%82%D0%B5%D0%BA%D0%B0=%D0%9D%D0%B5%D1%82&%D0%92%D0%B0%D1%88_%D0%B5%D0%B6%D0%B5%D0%BC%D0%B5%D1%81%D1%8F%D1%87%D0%BD%D1%8B%D0%B9_%D0%BF%D0%BB%D0%B0%D1%82%D0%B5%D0%B6_%D0%BF%D0%BE_%D0%BA%D1%80%D0%B5%D0%B4%D0%B8%D1%82%D0%B0%D0%BC=%D0%B4%D0%BE+15+000+%E2%82%BD&city=%D0%A2%D1%83%D0%BB%D0%B0&%D0%9A%D0%B0%D0%BA_%D0%B2%D0%B0%D0%BC_%D1%83%D0%B4%D0%BE%D0%B1%D0%BD%D0%B5%D0%B5_%D0%BF%D0%BE%D0%BB%D1%83%D1%87%D0%B8%D1%82%D1%8C_%D0%BA%D0%BE%D0%BD%D1%81%D1%83%D0%BB%D1%8C%D1%82%D0%B0%D1%86%D0%B8%D1%8E=MAX&Phone=%2B7+%28991%29+528-28-84&Checkbox=yes&tranid=13223037%3A8191019752&formid=form1861372491&utm_source=707307732&utm_medium=5718087081&utm_term=17606394700&utm_campaign=9621297910911
POST: Array
(
    [Укажите_общую_сумму_вашей_задолженности] => 250-500 000 ₽
    [Есть_ли_у_вас_ипотека] => Нет
    [Ваш_ежемесячный_платеж_по_кредитам] => до 15 000 ₽
    [city] => Тула
    [Как_вам_удобнее_получить_консультацию] => MAX
    [Phone] => +7 (991) 528-28-84
    [Checkbox] => yes
    [tranid] => 13223037:8191019752
    [formid] => form1861372491
    [utm_source] => 707307732
    [utm_medium] => 5718087081
    [utm_term] => 17606394700
    [utm_campaign] => 9621297910911860735
)

Quiz/Комментарии: Array
(
)

Собранные комментарии (для лога): 
Укажите_общую_сумму_вашей_задолженности: 250-500 000 ₽
Есть_ли_у_вас_ипотека: Нет
Ваш_ежемесячный_платеж_по_кредитам: до 15 000 ₽
Как_вам_удобнее_получить_консультацию: MAX
Checkbox: yes
Город: Тула

Отправка комментариев в Bitrix: ДА
Поля для Bitrix: Array
(
    [UTM_SOURCE] => 707307732
    [UTM_MEDIUM] => 5718087081
    [UTM_TERM] => 17606394700
    [UTM_CAMPAIGN] => 9621297910911860735
    [PHONE] => Array
        (
            [0] => Array
                (
                    [VALUE] => +79915282884
                    [VALUE_TYPE] => MOBILE
                )

        )

    [ASSIGNED_BY_ID] => 1
    [UF_CRM_GOROD] => 29407
    [TITLE] => Заявка из Tilda
    [OPENED] => Y
    [STATUS_ID] => NEW
    [SOURCE_ID] => 1057
    [COMMENTS] => <b>Укажите_общую_сумму_вашей_задолженности:</b> 250-500 000 ₽<br><b>Есть_ли_у_вас_ипотека:</b> Нет<br><b>Ваш_ежемесячный_платеж_по_кредитам:</b> до 15 000 ₽<br><b>Как_вам_удобнее_получить_консультацию:</b> MAX<br><b>Checkbox:</b> yes<br><b>Город:</b> Тула<br>
)

Bitrix Response: {"result":653727,"time":{"start":1771840572,"finish":1771840575.718643,"duration":3.7186429500579834,"processing":3,"date_start":"2026-02-23T12:56:12+03:00","date_finish":"2026-02-23T12:56:15+03:00","operating_reset_at":1771841172,"operating":3.0789670944213867}}
Статус: Успешно (Lead ID: 653727)
--------------------------------------------------

Время: 23.02.2026 13:54:47
Сервис: Tilda
From: Заявка из Tilda
Клиент: Array
(
    [name] => 
    [phone] => +7 (977) 712-44-84
    [email] => 
)

Город: Орел (ID: 1126563)
RAW Input: %D0%A3%D0%BA%D0%B0%D0%B6%D0%B8%D1%82%D0%B5_%D0%BE%D0%B1%D1%89%D1%83%D1%8E_%D1%81%D1%83%D0%BC%D0%BC%D1%83_%D0%B2%D0%B0%D1%88%D0%B5%D0%B9_%D0%B7%D0%B0%D0%B4%D0%BE%D0%BB%D0%B6%D0%B5%D0%BD%D0%BD%D0%BE%D1%81%D1%82%D0%B8=%D0%BE%D1%82+1+000+000+%E2%82%BD&%D0%95%D1%81%D1%82%D1%8C_%D0%BB%D0%B8_%D1%83_%D0%B2%D0%B0%D1%81_%D0%B8%D0%BF%D0%BE%D1%82%D0%B5%D0%BA%D0%B0=%D0%9D%D0%B5%D1%82&%D0%92%D0%B0%D1%88_%D0%B5%D0%B6%D0%B5%D0%BC%D0%B5%D1%81%D1%8F%D1%87%D0%BD%D1%8B%D0%B9_%D0%BF%D0%BB%D0%B0%D1%82%D0%B5%D0%B6_%D0%BF%D0%BE_%D0%BA%D1%80%D0%B5%D0%B4%D0%B8%D1%82%D0%B0%D0%BC=%D0%BE%D1%82+55.000+%E2%82%BD&city=%D0%9E%D1%80%D0%B5%D0%BB&%D0%9A%D0%B0%D0%BA_%D0%B2%D0%B0%D0%BC_%D1%83%D0%B4%D0%BE%D0%B1%D0%BD%D0%B5%D0%B5_%D0%BF%D0%BE%D0%BB%D1%83%D1%87%D0%B8%D1%82%D1%8C_%D0%BA%D0%BE%D0%BD%D1%81%D1%83%D0%BB%D1%8C%D1%82%D0%B0%D1%86%D0%B8%D1%8E=MAX&Phone=%2B7+%28977%29+712-44-84&Checkbox=yes&tranid=13223037%3A8191157942&formid=form1861372491&utm_source=707307732&utm_medium=5718087081&utm_term=17606394700&utm_campaign=63
POST: Array
(
    [Укажите_общую_сумму_вашей_задолженности] => от 1 000 000 ₽
    [Есть_ли_у_вас_ипотека] => Нет
    [Ваш_ежемесячный_платеж_по_кредитам] => от 55.000 ₽
    [city] => Орел
    [Как_вам_удобнее_получить_консультацию] => MAX
    [Phone] => +7 (977) 712-44-84
    [Checkbox] => yes
    [tranid] => 13223037:8191157942
    [formid] => form1861372491
    [utm_source] => 707307732
    [utm_medium] => 5718087081
    [utm_term] => 17606394700
    [utm_campaign] => 6384406306065743871
)

Quiz/Комментарии: Array
(
)

Собранные комментарии (для лога): 
Укажите_общую_сумму_вашей_задолженности: от 1 000 000 ₽
Есть_ли_у_вас_ипотека: Нет
Ваш_ежемесячный_платеж_по_кредитам: от 55.000 ₽
Как_вам_удобнее_получить_консультацию: MAX
Checkbox: yes
Город: Орел

Отправка комментариев в Bitrix: ДА
Поля для Bitrix: Array
(
    [UTM_SOURCE] => 707307732
    [UTM_MEDIUM] => 5718087081
    [UTM_TERM] => 17606394700
    [UTM_CAMPAIGN] => 6384406306065743871
    [PHONE] => Array
        (
            [0] => Array
                (
                    [VALUE] => +79777124484
                    [VALUE_TYPE] => MOBILE
                )

        )

    [ASSIGNED_BY_ID] => 1
    [UF_CRM_GOROD] => 1126563
    [TITLE] => Заявка из Tilda
    [OPENED] => Y
    [STATUS_ID] => NEW
    [SOURCE_ID] => 1057
    [COMMENTS] => <b>Укажите_общую_сумму_вашей_задолженности:</b> от 1 000 000 ₽<br><b>Есть_ли_у_вас_ипотека:</b> Нет<br><b>Ваш_ежемесячный_платеж_по_кредитам:</b> от 55.000 ₽<br><b>Как_вам_удобнее_получить_консультацию:</b> MAX<br><b>Checkbox:</b> yes<br><b>Город:</b> Орел<br>
)

Bitrix Response: {"result":653747,"time":{"start":1771844087,"finish":1771844090.774017,"duration":3.774017095565796,"processing":3,"date_start":"2026-02-23T13:54:47+03:00","date_finish":"2026-02-23T13:54:50+03:00","operating_reset_at":1771844687,"operating":8.961592435836792}}
Статус: Успешно (Lead ID: 653747)
--------------------------------------------------

Время: 23.02.2026 20:34:34
Сервис: Tilda
From: Заявка из Tilda
Клиент: Array
(
    [name] => 
    [phone] => +7 (953) 418-11-41
    [email] => 
)

Город: Орел (ID: 1126563)
RAW Input: %D0%A3%D0%BA%D0%B0%D0%B6%D0%B8%D1%82%D0%B5_%D0%BE%D0%B1%D1%89%D1%83%D1%8E_%D1%81%D1%83%D0%BC%D0%BC%D1%83_%D0%B2%D0%B0%D1%88%D0%B5%D0%B9_%D0%B7%D0%B0%D0%B4%D0%BE%D0%BB%D0%B6%D0%B5%D0%BD%D0%BD%D0%BE%D1%81%D1%82%D0%B8=250-500+000+%E2%82%BD&%D0%95%D1%81%D1%82%D1%8C_%D0%BB%D0%B8_%D1%83_%D0%B2%D0%B0%D1%81_%D0%B8%D0%BF%D0%BE%D1%82%D0%B5%D0%BA%D0%B0=%D0%9D%D0%B5%D1%82&%D0%92%D0%B0%D1%88_%D0%B5%D0%B6%D0%B5%D0%BC%D0%B5%D1%81%D1%8F%D1%87%D0%BD%D1%8B%D0%B9_%D0%BF%D0%BB%D0%B0%D1%82%D0%B5%D0%B6_%D0%BF%D0%BE_%D0%BA%D1%80%D0%B5%D0%B4%D0%B8%D1%82%D0%B0%D0%BC=15-25.000+%E2%82%BD&city=%D0%9E%D1%80%D0%B5%D0%BB&%D0%9A%D0%B0%D0%BA_%D0%B2%D0%B0%D0%BC_%D1%83%D0%B4%D0%BE%D0%B1%D0%BD%D0%B5%D0%B5_%D0%BF%D0%BE%D0%BB%D1%83%D1%87%D0%B8%D1%82%D1%8C_%D0%BA%D0%BE%D0%BD%D1%81%D1%83%D0%BB%D1%8C%D1%82%D0%B0%D1%86%D0%B8%D1%8E=WhatsApp&Phone=%2B7+%28953%29+418-11-41&Checkbox=yes&tranid=13223037%3A8192054472&formid=form1861372491&utm_source=707307730&utm_medium=5718087076&utm_term=17606394695&utm_campaign=888605340940946636
POST: Array
(
    [Укажите_общую_сумму_вашей_задолженности] => 250-500 000 ₽
    [Есть_ли_у_вас_ипотека] => Нет
    [Ваш_ежемесячный_платеж_по_кредитам] => 15-25.000 ₽
    [city] => Орел
    [Как_вам_удобнее_получить_консультацию] => WhatsApp
    [Phone] => +7 (953) 418-11-41
    [Checkbox] => yes
    [tranid] => 13223037:8192054472
    [formid] => form1861372491
    [utm_source] => 707307730
    [utm_medium] => 5718087076
    [utm_term] => 17606394695
    [utm_campaign] => 8886053409409466367
)

Quiz/Комментарии: Array
(
)

Собранные комментарии (для лога): 
Укажите_общую_сумму_вашей_задолженности: 250-500 000 ₽
Есть_ли_у_вас_ипотека: Нет
Ваш_ежемесячный_платеж_по_кредитам: 15-25.000 ₽
Как_вам_удобнее_получить_консультацию: WhatsApp
Checkbox: yes
Город: Орел

Отправка комментариев в Bitrix: ДА
Поля для Bitrix: Array
(
    [UTM_SOURCE] => 707307730
    [UTM_MEDIUM] => 5718087076
    [UTM_TERM] => 17606394695
    [UTM_CAMPAIGN] => 8886053409409466367
    [PHONE] => Array
        (
            [0] => Array
                (
                    [VALUE] => +79534181141
                    [VALUE_TYPE] => MOBILE
                )

        )

    [ASSIGNED_BY_ID] => 1
    [UF_CRM_GOROD] => 1126563
    [TITLE] => Заявка из Tilda
    [OPENED] => Y
    [STATUS_ID] => NEW
    [SOURCE_ID] => 1057
    [COMMENTS] => <b>Укажите_общую_сумму_вашей_задолженности:</b> 250-500 000 ₽<br><b>Есть_ли_у_вас_ипотека:</b> Нет<br><b>Ваш_ежемесячный_платеж_по_кредитам:</b> 15-25.000 ₽<br><b>Как_вам_удобнее_получить_консультацию:</b> WhatsApp<br><b>Checkbox:</b> yes<br><b>Город:</b> Орел<br>
)

Bitrix Response: {"result":653847,"time":{"start":1771868074,"finish":1771868077.854676,"duration":3.8546760082244873,"processing":3,"date_start":"2026-02-23T20:34:34+03:00","date_finish":"2026-02-23T20:34:37+03:00","operating_reset_at":1771868674,"operating":12.828869104385376}}
Статус: Успешно (Lead ID: 653847)
--------------------------------------------------

Время: 23.02.2026 20:36:06
Сервис: Tilda
From: Заявка из Tilda
Клиент: Array
(
    [name] => 
    [phone] => +7 (950) 690-04-60
    [email] => 
)

Город: Брянск (ID: 264605)
RAW Input: %D0%A3%D0%BA%D0%B0%D0%B6%D0%B8%D1%82%D0%B5_%D0%BE%D0%B1%D1%89%D1%83%D1%8E_%D1%81%D1%83%D0%BC%D0%BC%D1%83_%D0%B2%D0%B0%D1%88%D0%B5%D0%B9_%D0%B7%D0%B0%D0%B4%D0%BE%D0%BB%D0%B6%D0%B5%D0%BD%D0%BD%D0%BE%D1%81%D1%82%D0%B8=500-1+000+000+%E2%82%BD&%D0%95%D1%81%D1%82%D1%8C_%D0%BB%D0%B8_%D1%83_%D0%B2%D0%B0%D1%81_%D0%B8%D0%BF%D0%BE%D1%82%D0%B5%D0%BA%D0%B0=%D0%9D%D0%B5%D1%82&%D0%92%D0%B0%D1%88_%D0%B5%D0%B6%D0%B5%D0%BC%D0%B5%D1%81%D1%8F%D1%87%D0%BD%D1%8B%D0%B9_%D0%BF%D0%BB%D0%B0%D1%82%D0%B5%D0%B6_%D0%BF%D0%BE_%D0%BA%D1%80%D0%B5%D0%B4%D0%B8%D1%82%D0%B0%D0%BC=45-55.000+%E2%82%BD&city=%D0%91%D1%80%D1%8F%D0%BD%D1%81%D0%BA&%D0%9A%D0%B0%D0%BA_%D0%B2%D0%B0%D0%BC_%D1%83%D0%B4%D0%BE%D0%B1%D0%BD%D0%B5%D0%B5_%D0%BF%D0%BE%D0%BB%D1%83%D1%87%D0%B8%D1%82%D1%8C_%D0%BA%D0%BE%D0%BD%D1%81%D1%83%D0%BB%D1%8C%D1%82%D0%B0%D1%86%D0%B8%D1%8E=MAX&Phone=%2B7+%28950%29+690-04-60&Checkbox=yes&tranid=13223037%3A8192057193&formid=form1861372491&utm_source=707307730&utm_medium=5718087076&utm_term=17606394694&utm_campaign=165148774
POST: Array
(
    [Укажите_общую_сумму_вашей_задолженности] => 500-1 000 000 ₽
    [Есть_ли_у_вас_ипотека] => Нет
    [Ваш_ежемесячный_платеж_по_кредитам] => 45-55.000 ₽
    [city] => Брянск
    [Как_вам_удобнее_получить_консультацию] => MAX
    [Phone] => +7 (950) 690-04-60
    [Checkbox] => yes
    [tranid] => 13223037:8192057193
    [formid] => form1861372491
    [utm_source] => 707307730
    [utm_medium] => 5718087076
    [utm_term] => 17606394694
    [utm_campaign] => 1651487742751670271
)

Quiz/Комментарии: Array
(
)

Собранные комментарии (для лога): 
Укажите_общую_сумму_вашей_задолженности: 500-1 000 000 ₽
Есть_ли_у_вас_ипотека: Нет
Ваш_ежемесячный_платеж_по_кредитам: 45-55.000 ₽
Как_вам_удобнее_получить_консультацию: MAX
Checkbox: yes
Город: Брянск

Отправка комментариев в Bitrix: ДА
Поля для Bitrix: Array
(
    [UTM_SOURCE] => 707307730
    [UTM_MEDIUM] => 5718087076
    [UTM_TERM] => 17606394694
    [UTM_CAMPAIGN] => 1651487742751670271
    [PHONE] => Array
        (
            [0] => Array
                (
                    [VALUE] => +79506900460
                    [VALUE_TYPE] => MOBILE
                )

        )

    [ASSIGNED_BY_ID] => 1
    [UF_CRM_GOROD] => 264605
    [TITLE] => Заявка из Tilda
    [OPENED] => Y
    [STATUS_ID] => NEW
    [SOURCE_ID] => 1057
    [COMMENTS] => <b>Укажите_общую_сумму_вашей_задолженности:</b> 500-1 000 000 ₽<br><b>Есть_ли_у_вас_ипотека:</b> Нет<br><b>Ваш_ежемесячный_платеж_по_кредитам:</b> 45-55.000 ₽<br><b>Как_вам_удобнее_получить_консультацию:</b> MAX<br><b>Checkbox:</b> yes<br><b>Город:</b> Брянск<br>
)

Bitrix Response: {"result":653849,"time":{"start":1771868166,"finish":1771868169.338629,"duration":3.3386290073394775,"processing":3,"date_start":"2026-02-23T20:36:06+03:00","date_finish":"2026-02-23T20:36:09+03:00","operating_reset_at":1771868766,"operating":11.253136157989502}}
Статус: Успешно (Lead ID: 653849)
--------------------------------------------------

Время: 24.02.2026 08:27:40
Сервис: Tilda
From: Заявка из Tilda
Клиент: Array
(
    [name] => 
    [phone] => +7 (906) 663-19-95
    [email] => 
)

Город: Орел (ID: 1126563)
RAW Input: %D0%A3%D0%BA%D0%B0%D0%B6%D0%B8%D1%82%D0%B5_%D0%BE%D0%B1%D1%89%D1%83%D1%8E_%D1%81%D1%83%D0%BC%D0%BC%D1%83_%D0%B2%D0%B0%D1%88%D0%B5%D0%B9_%D0%B7%D0%B0%D0%B4%D0%BE%D0%BB%D0%B6%D0%B5%D0%BD%D0%BD%D0%BE%D1%81%D1%82%D0%B8=%D0%BE%D1%82+1+000+000+%E2%82%BD&%D0%95%D1%81%D1%82%D1%8C_%D0%BB%D0%B8_%D1%83_%D0%B2%D0%B0%D1%81_%D0%B8%D0%BF%D0%BE%D1%82%D0%B5%D0%BA%D0%B0=%D0%94%D0%B0&%D0%92%D0%B0%D1%88_%D0%B5%D0%B6%D0%B5%D0%BC%D0%B5%D1%81%D1%8F%D1%87%D0%BD%D1%8B%D0%B9_%D0%BF%D0%BB%D0%B0%D1%82%D0%B5%D0%B6_%D0%BF%D0%BE_%D0%BA%D1%80%D0%B5%D0%B4%D0%B8%D1%82%D0%B0%D0%BC=35-45.000+%E2%82%BD&city=%D0%9E%D1%80%D0%B5%D0%BB&%D0%9A%D0%B0%D0%BA_%D0%B2%D0%B0%D0%BC_%D1%83%D0%B4%D0%BE%D0%B1%D0%BD%D0%B5%D0%B5_%D0%BF%D0%BE%D0%BB%D1%83%D1%87%D0%B8%D1%82%D1%8C_%D0%BA%D0%BE%D0%BD%D1%81%D1%83%D0%BB%D1%8C%D1%82%D0%B0%D1%86%D0%B8%D1%8E=WhatsApp&Phone=%2B7+%28906%29+663-19-95&Checkbox=yes&tranid=13223037%3A8192743013&formid=form1861372491&utm_source=707307732&utm_medium=5718087081&utm_term=17606394700&utm_campaign=1611820521480
POST: Array
(
    [Укажите_общую_сумму_вашей_задолженности] => от 1 000 000 ₽
    [Есть_ли_у_вас_ипотека] => Да
    [Ваш_ежемесячный_платеж_по_кредитам] => 35-45.000 ₽
    [city] => Орел
    [Как_вам_удобнее_получить_консультацию] => WhatsApp
    [Phone] => +7 (906) 663-19-95
    [Checkbox] => yes
    [tranid] => 13223037:8192743013
    [formid] => form1861372491
    [utm_source] => 707307732
    [utm_medium] => 5718087081
    [utm_term] => 17606394700
    [utm_campaign] => 16118205214805458943
)

Quiz/Комментарии: Array
(
)

Собранные комментарии (для лога): 
Укажите_общую_сумму_вашей_задолженности: от 1 000 000 ₽
Есть_ли_у_вас_ипотека: Да
Ваш_ежемесячный_платеж_по_кредитам: 35-45.000 ₽
Как_вам_удобнее_получить_консультацию: WhatsApp
Checkbox: yes
Город: Орел

Отправка комментариев в Bitrix: ДА
Поля для Bitrix: Array
(
    [UTM_SOURCE] => 707307732
    [UTM_MEDIUM] => 5718087081
    [UTM_TERM] => 17606394700
    [UTM_CAMPAIGN] => 16118205214805458943
    [PHONE] => Array
        (
            [0] => Array
                (
                    [VALUE] => +79066631995
                    [VALUE_TYPE] => MOBILE
                )

        )

    [ASSIGNED_BY_ID] => 1
    [UF_CRM_GOROD] => 1126563
    [TITLE] => Заявка из Tilda
    [OPENED] => Y
    [STATUS_ID] => NEW
    [SOURCE_ID] => 1057
    [COMMENTS] => <b>Укажите_общую_сумму_вашей_задолженности:</b> от 1 000 000 ₽<br><b>Есть_ли_у_вас_ипотека:</b> Да<br><b>Ваш_ежемесячный_платеж_по_кредитам:</b> 35-45.000 ₽<br><b>Как_вам_удобнее_получить_консультацию:</b> WhatsApp<br><b>Checkbox:</b> yes<br><b>Город:</b> Орел<br>
)

Bitrix Response: {"result":653889,"time":{"start":1771910860,"finish":1771910863.879637,"duration":3.8796370029449463,"processing":3,"date_start":"2026-02-24T08:27:40+03:00","date_finish":"2026-02-24T08:27:43+03:00","operating_reset_at":1771911460,"operating":3.38639497756958}}
Статус: Успешно (Lead ID: 653889)
--------------------------------------------------

Время: 24.02.2026 08:55:36
Сервис: Tilda
From: Заявка из Tilda
Клиент: Array
(
    [name] => 
    [phone] => +7 (915) 503-60-11
    [email] => 
)

Город: Орел (ID: 1126563)
RAW Input: %D0%A3%D0%BA%D0%B0%D0%B6%D0%B8%D1%82%D0%B5_%D0%BE%D0%B1%D1%89%D1%83%D1%8E_%D1%81%D1%83%D0%BC%D0%BC%D1%83_%D0%B2%D0%B0%D1%88%D0%B5%D0%B9_%D0%B7%D0%B0%D0%B4%D0%BE%D0%BB%D0%B6%D0%B5%D0%BD%D0%BD%D0%BE%D1%81%D1%82%D0%B8=500-1+000+000+%E2%82%BD&%D0%95%D1%81%D1%82%D1%8C_%D0%BB%D0%B8_%D1%83_%D0%B2%D0%B0%D1%81_%D0%B8%D0%BF%D0%BE%D1%82%D0%B5%D0%BA%D0%B0=%D0%9D%D0%B5%D1%82&%D0%92%D0%B0%D1%88_%D0%B5%D0%B6%D0%B5%D0%BC%D0%B5%D1%81%D1%8F%D1%87%D0%BD%D1%8B%D0%B9_%D0%BF%D0%BB%D0%B0%D1%82%D0%B5%D0%B6_%D0%BF%D0%BE_%D0%BA%D1%80%D0%B5%D0%B4%D0%B8%D1%82%D0%B0%D0%BC=25-35.000+%E2%82%BD&city=%D0%9E%D1%80%D0%B5%D0%BB&%D0%9A%D0%B0%D0%BA_%D0%B2%D0%B0%D0%BC_%D1%83%D0%B4%D0%BE%D0%B1%D0%BD%D0%B5%D0%B5_%D0%BF%D0%BE%D0%BB%D1%83%D1%87%D0%B8%D1%82%D1%8C_%D0%BA%D0%BE%D0%BD%D1%81%D1%83%D0%BB%D1%8C%D1%82%D0%B0%D1%86%D0%B8%D1%8E=WhatsApp&Phone=%2B7+%28915%29+503-60-11&Checkbox=yes&tranid=13223037%3A8192795163&formid=form1861372491&utm_source=707307730&utm_medium=5718087076&utm_term=17606394696&utm_campaign=1702854786841837
POST: Array
(
    [Укажите_общую_сумму_вашей_задолженности] => 500-1 000 000 ₽
    [Есть_ли_у_вас_ипотека] => Нет
    [Ваш_ежемесячный_платеж_по_кредитам] => 25-35.000 ₽
    [city] => Орел
    [Как_вам_удобнее_получить_консультацию] => WhatsApp
    [Phone] => +7 (915) 503-60-11
    [Checkbox] => yes
    [tranid] => 13223037:8192795163
    [formid] => form1861372491
    [utm_source] => 707307730
    [utm_medium] => 5718087076
    [utm_term] => 17606394696
    [utm_campaign] => 17028547868418375679
)

Quiz/Комментарии: Array
(
)

Собранные комментарии (для лога): 
Укажите_общую_сумму_вашей_задолженности: 500-1 000 000 ₽
Есть_ли_у_вас_ипотека: Нет
Ваш_ежемесячный_платеж_по_кредитам: 25-35.000 ₽
Как_вам_удобнее_получить_консультацию: WhatsApp
Checkbox: yes
Город: Орел

Отправка комментариев в Bitrix: ДА
Поля для Bitrix: Array
(
    [UTM_SOURCE] => 707307730
    [UTM_MEDIUM] => 5718087076
    [UTM_TERM] => 17606394696
    [UTM_CAMPAIGN] => 17028547868418375679
    [PHONE] => Array
        (
            [0] => Array
                (
                    [VALUE] => +79155036011
                    [VALUE_TYPE] => MOBILE
                )

        )

    [ASSIGNED_BY_ID] => 1
    [UF_CRM_GOROD] => 1126563
    [TITLE] => Заявка из Tilda
    [OPENED] => Y
    [STATUS_ID] => NEW
    [SOURCE_ID] => 1057
    [COMMENTS] => <b>Укажите_общую_сумму_вашей_задолженности:</b> 500-1 000 000 ₽<br><b>Есть_ли_у_вас_ипотека:</b> Нет<br><b>Ваш_ежемесячный_платеж_по_кредитам:</b> 25-35.000 ₽<br><b>Как_вам_удобнее_получить_консультацию:</b> WhatsApp<br><b>Checkbox:</b> yes<br><b>Город:</b> Орел<br>
)

Bitrix Response: {"result":653893,"time":{"start":1771912536,"finish":1771912539.660527,"duration":3.660526990890503,"processing":3,"date_start":"2026-02-24T08:55:36+03:00","date_finish":"2026-02-24T08:55:39+03:00","operating_reset_at":1771913136,"operating":3.2332191467285156}}
Статус: Успешно (Lead ID: 653893)
--------------------------------------------------

Время: 24.02.2026 17:32:48
Сервис: Tilda
From: Заявка из Tilda
Клиент: Array
(
    [name] => 
    [phone] => +7 (919) 269-95-44
    [email] => 
)

Город: Орел (ID: 1126563)
RAW Input: %D0%A3%D0%BA%D0%B0%D0%B6%D0%B8%D1%82%D0%B5_%D0%BE%D0%B1%D1%89%D1%83%D1%8E_%D1%81%D1%83%D0%BC%D0%BC%D1%83_%D0%B2%D0%B0%D1%88%D0%B5%D0%B9_%D0%B7%D0%B0%D0%B4%D0%BE%D0%BB%D0%B6%D0%B5%D0%BD%D0%BD%D0%BE%D1%81%D1%82%D0%B8=500-1+000+000+%E2%82%BD&%D0%95%D1%81%D1%82%D1%8C_%D0%BB%D0%B8_%D1%83_%D0%B2%D0%B0%D1%81_%D0%B8%D0%BF%D0%BE%D1%82%D0%B5%D0%BA%D0%B0=%D0%9D%D0%B5%D1%82&%D0%92%D0%B0%D1%88_%D0%B5%D0%B6%D0%B5%D0%BC%D0%B5%D1%81%D1%8F%D1%87%D0%BD%D1%8B%D0%B9_%D0%BF%D0%BB%D0%B0%D1%82%D0%B5%D0%B6_%D0%BF%D0%BE_%D0%BA%D1%80%D0%B5%D0%B4%D0%B8%D1%82%D0%B0%D0%BC=25-35.000+%E2%82%BD&city=%D0%9E%D1%80%D0%B5%D0%BB&%D0%9A%D0%B0%D0%BA_%D0%B2%D0%B0%D0%BC_%D1%83%D0%B4%D0%BE%D0%B1%D0%BD%D0%B5%D0%B5_%D0%BF%D0%BE%D0%BB%D1%83%D1%87%D0%B8%D1%82%D1%8C_%D0%BA%D0%BE%D0%BD%D1%81%D1%83%D0%BB%D1%8C%D1%82%D0%B0%D1%86%D0%B8%D1%8E=MAX&Phone=%2B7+%28919%29+269-95-44&Checkbox=yes&tranid=13223037%3A8194308602&formid=form1861372491&utm_source=707307730&utm_medium=5718087076&utm_term=17606394695&utm_campaign=2296243811551019007
POST: Array
(
    [Укажите_общую_сумму_вашей_задолженности] => 500-1 000 000 ₽
    [Есть_ли_у_вас_ипотека] => Нет
    [Ваш_ежемесячный_платеж_по_кредитам] => 25-35.000 ₽
    [city] => Орел
    [Как_вам_удобнее_получить_консультацию] => MAX
    [Phone] => +7 (919) 269-95-44
    [Checkbox] => yes
    [tranid] => 13223037:8194308602
    [formid] => form1861372491
    [utm_source] => 707307730
    [utm_medium] => 5718087076
    [utm_term] => 17606394695
    [utm_campaign] => 2296243811551019007
)

Quiz/Комментарии: Array
(
)

Собранные комментарии (для лога): 
Укажите_общую_сумму_вашей_задолженности: 500-1 000 000 ₽
Есть_ли_у_вас_ипотека: Нет
Ваш_ежемесячный_платеж_по_кредитам: 25-35.000 ₽
Как_вам_удобнее_получить_консультацию: MAX
Checkbox: yes
Город: Орел

Отправка комментариев в Bitrix: ДА
Поля для Bitrix: Array
(
    [UTM_SOURCE] => 707307730
    [UTM_MEDIUM] => 5718087076
    [UTM_TERM] => 17606394695
    [UTM_CAMPAIGN] => 2296243811551019007
    [PHONE] => Array
        (
            [0] => Array
                (
                    [VALUE] => +79192699544
                    [VALUE_TYPE] => MOBILE
                )

        )

    [ASSIGNED_BY_ID] => 1
    [UF_CRM_GOROD] => 1126563
    [TITLE] => Заявка из Tilda
    [OPENED] => Y
    [STATUS_ID] => NEW
    [SOURCE_ID] => 1057
    [COMMENTS] => <b>Укажите_общую_сумму_вашей_задолженности:</b> 500-1 000 000 ₽<br><b>Есть_ли_у_вас_ипотека:</b> Нет<br><b>Ваш_ежемесячный_платеж_по_кредитам:</b> 25-35.000 ₽<br><b>Как_вам_удобнее_получить_консультацию:</b> MAX<br><b>Checkbox:</b> yes<br><b>Город:</b> Орел<br>
)

Bitrix Response: 
Статус: Ошибка CURL: Operation timed out after 15002 milliseconds with 0 bytes received
--------------------------------------------------

Время: 24.02.2026 23:14:50
Сервис: Tilda
From: Заявка из Tilda
Клиент: Array
(
    [name] => 
    [phone] => +7 (950) 925-95-50
    [email] => 
)

Город: Тула (ID: 29407)
RAW Input: %D0%A3%D0%BA%D0%B0%D0%B6%D0%B8%D1%82%D0%B5_%D0%BE%D0%B1%D1%89%D1%83%D1%8E_%D1%81%D1%83%D0%BC%D0%BC%D1%83_%D0%B2%D0%B0%D1%88%D0%B5%D0%B9_%D0%B7%D0%B0%D0%B4%D0%BE%D0%BB%D0%B6%D0%B5%D0%BD%D0%BD%D0%BE%D1%81%D1%82%D0%B8=500-1+000+000+%E2%82%BD&%D0%95%D1%81%D1%82%D1%8C_%D0%BB%D0%B8_%D1%83_%D0%B2%D0%B0%D1%81_%D0%B8%D0%BF%D0%BE%D1%82%D0%B5%D0%BA%D0%B0=%D0%9D%D0%B5%D1%82&%D0%92%D0%B0%D1%88_%D0%B5%D0%B6%D0%B5%D0%BC%D0%B5%D1%81%D1%8F%D1%87%D0%BD%D1%8B%D0%B9_%D0%BF%D0%BB%D0%B0%D1%82%D0%B5%D0%B6_%D0%BF%D0%BE_%D0%BA%D1%80%D0%B5%D0%B4%D0%B8%D1%82%D0%B0%D0%BC=35-45.000+%E2%82%BD&city=%D0%A2%D1%83%D0%BB%D0%B0&%D0%9A%D0%B0%D0%BA_%D0%B2%D0%B0%D0%BC_%D1%83%D0%B4%D0%BE%D0%B1%D0%BD%D0%B5%D0%B5_%D0%BF%D0%BE%D0%BB%D1%83%D1%87%D0%B8%D1%82%D1%8C_%D0%BA%D0%BE%D0%BD%D1%81%D1%83%D0%BB%D1%8C%D1%82%D0%B0%D1%86%D0%B8%D1%8E=WhatsApp&Phone=%2B7+%28950%29+925-95-50&Checkbox=yes&tranid=13223037%3A8195087092&formid=form1861372491&utm_source=707307730&utm_medium=5718087076&utm_term=17606394695&utm_campaign=1219474745015245
POST: Array
(
    [Укажите_общую_сумму_вашей_задолженности] => 500-1 000 000 ₽
    [Есть_ли_у_вас_ипотека] => Нет
    [Ваш_ежемесячный_платеж_по_кредитам] => 35-45.000 ₽
    [city] => Тула
    [Как_вам_удобнее_получить_консультацию] => WhatsApp
    [Phone] => +7 (950) 925-95-50
    [Checkbox] => yes
    [tranid] => 13223037:8195087092
    [formid] => form1861372491
    [utm_source] => 707307730
    [utm_medium] => 5718087076
    [utm_term] => 17606394695
    [utm_campaign] => 12194747450152452095
)

Quiz/Комментарии: Array
(
)

Собранные комментарии (для лога): 
Укажите_общую_сумму_вашей_задолженности: 500-1 000 000 ₽
Есть_ли_у_вас_ипотека: Нет
Ваш_ежемесячный_платеж_по_кредитам: 35-45.000 ₽
Как_вам_удобнее_получить_консультацию: WhatsApp
Checkbox: yes
Город: Тула

Отправка комментариев в Bitrix: ДА
Поля для Bitrix: Array
(
    [UTM_SOURCE] => 707307730
    [UTM_MEDIUM] => 5718087076
    [UTM_TERM] => 17606394695
    [UTM_CAMPAIGN] => 12194747450152452095
    [PHONE] => Array
        (
            [0] => Array
                (
                    [VALUE] => +79509259550
                    [VALUE_TYPE] => MOBILE
                )

        )

    [ASSIGNED_BY_ID] => 1
    [UF_CRM_GOROD] => 29407
    [TITLE] => Заявка из Tilda
    [OPENED] => Y
    [STATUS_ID] => NEW
    [SOURCE_ID] => 1057
    [COMMENTS] => <b>Укажите_общую_сумму_вашей_задолженности:</b> 500-1 000 000 ₽<br><b>Есть_ли_у_вас_ипотека:</b> Нет<br><b>Ваш_ежемесячный_платеж_по_кредитам:</b> 35-45.000 ₽<br><b>Как_вам_удобнее_получить_консультацию:</b> WhatsApp<br><b>Checkbox:</b> yes<br><b>Город:</b> Тула<br>
)

Bitrix Response: {"result":654669,"time":{"start":1771964090,"finish":1771964093.682014,"duration":3.682013988494873,"processing":3,"date_start":"2026-02-24T23:14:50+03:00","date_finish":"2026-02-24T23:14:53+03:00","operating_reset_at":1771964690,"operating":3.020071029663086}}
Статус: Успешно (Lead ID: 654669)
--------------------------------------------------

Время: 25.02.2026 07:01:56
Сервис: Tilda
From: Заявка из Tilda
Клиент: Array
(
    [name] => 
    [phone] => +7 (953) 319-74-24
    [email] => 
)

Город: Калуга (ID: 5)
RAW Input: %D0%A3%D0%BA%D0%B0%D0%B6%D0%B8%D1%82%D0%B5_%D0%BE%D0%B1%D1%89%D1%83%D1%8E_%D1%81%D1%83%D0%BC%D0%BC%D1%83_%D0%B2%D0%B0%D1%88%D0%B5%D0%B9_%D0%B7%D0%B0%D0%B4%D0%BE%D0%BB%D0%B6%D0%B5%D0%BD%D0%BD%D0%BE%D1%81%D1%82%D0%B8=%D0%BE%D1%82+1+000+000+%E2%82%BD&%D0%95%D1%81%D1%82%D1%8C_%D0%BB%D0%B8_%D1%83_%D0%B2%D0%B0%D1%81_%D0%B8%D0%BF%D0%BE%D1%82%D0%B5%D0%BA%D0%B0=%D0%94%D0%B0&%D0%92%D0%B0%D1%88_%D0%B5%D0%B6%D0%B5%D0%BC%D0%B5%D1%81%D1%8F%D1%87%D0%BD%D1%8B%D0%B9_%D0%BF%D0%BB%D0%B0%D1%82%D0%B5%D0%B6_%D0%BF%D0%BE_%D0%BA%D1%80%D0%B5%D0%B4%D0%B8%D1%82%D0%B0%D0%BC=%D0%BE%D1%82+55.000+%E2%82%BD&city=%D0%9A%D0%B0%D0%BB%D1%83%D0%B3%D0%B0&%D0%9A%D0%B0%D0%BA_%D0%B2%D0%B0%D0%BC_%D1%83%D0%B4%D0%BE%D0%B1%D0%BD%D0%B5%D0%B5_%D0%BF%D0%BE%D0%BB%D1%83%D1%87%D0%B8%D1%82%D1%8C_%D0%BA%D0%BE%D0%BD%D1%81%D1%83%D0%BB%D1%8C%D1%82%D0%B0%D1%86%D0%B8%D1%8E=%D0%9F%D0%BE%D0%B7%D0%B2%D0%BE%D0%BD%D0%B8%D1%82%D0%B5&Phone=%2B7+%28953%29+319-74-24&Checkbox=yes&tranid=13223037%3A8195401613&formid=form1861372491&utm_source=707307730&u
POST: Array
(
    [Укажите_общую_сумму_вашей_задолженности] => от 1 000 000 ₽
    [Есть_ли_у_вас_ипотека] => Да
    [Ваш_ежемесячный_платеж_по_кредитам] => от 55.000 ₽
    [city] => Калуга
    [Как_вам_удобнее_получить_консультацию] => Позвоните
    [Phone] => +7 (953) 319-74-24
    [Checkbox] => yes
    [tranid] => 13223037:8195401613
    [formid] => form1861372491
    [utm_source] => 707307730
    [utm_medium] => 5718087076
    [utm_term] => 17606394695
    [utm_campaign] => 4689677109201993727
)

Quiz/Комментарии: Array
(
)

Собранные комментарии (для лога): 
Укажите_общую_сумму_вашей_задолженности: от 1 000 000 ₽
Есть_ли_у_вас_ипотека: Да
Ваш_ежемесячный_платеж_по_кредитам: от 55.000 ₽
Как_вам_удобнее_получить_консультацию: Позвоните
Checkbox: yes
Город: Калуга

Отправка комментариев в Bitrix: ДА
Поля для Bitrix: Array
(
    [UTM_SOURCE] => 707307730
    [UTM_MEDIUM] => 5718087076
    [UTM_TERM] => 17606394695
    [UTM_CAMPAIGN] => 4689677109201993727
    [PHONE] => Array
        (
            [0] => Array
                (
                    [VALUE] => +79533197424
                    [VALUE_TYPE] => MOBILE
                )

        )

    [ASSIGNED_BY_ID] => 1
    [UF_CRM_GOROD] => 5
    [TITLE] => Заявка из Tilda
    [OPENED] => Y
    [STATUS_ID] => NEW
    [SOURCE_ID] => 1057
    [COMMENTS] => <b>Укажите_общую_сумму_вашей_задолженности:</b> от 1 000 000 ₽<br><b>Есть_ли_у_вас_ипотека:</b> Да<br><b>Ваш_ежемесячный_платеж_по_кредитам:</b> от 55.000 ₽<br><b>Как_вам_удобнее_получить_консультацию:</b> Позвоните<br><b>Checkbox:</b> yes<br><b>Город:</b> Калуга<br>
)

Bitrix Response: {"result":654703,"time":{"start":1771992116,"finish":1771992119.814769,"duration":3.8147690296173096,"processing":3,"date_start":"2026-02-25T07:01:56+03:00","date_finish":"2026-02-25T07:01:59+03:00","operating_reset_at":1771992716,"operating":3.439178943634033}}
Статус: Успешно (Lead ID: 654703)
--------------------------------------------------

Время: 25.02.2026 17:18:33
Сервис: Tilda
From: Заявка из Tilda
Клиент: Array
(
    [name] => 
    [phone] => +7 (919) 234-51-07
    [email] => 
)

Город: Тула (ID: 29407)
RAW Input: %D0%A3%D0%BA%D0%B0%D0%B6%D0%B8%D1%82%D0%B5_%D0%BE%D0%B1%D1%89%D1%83%D1%8E_%D1%81%D1%83%D0%BC%D0%BC%D1%83_%D0%B2%D0%B0%D1%88%D0%B5%D0%B9_%D0%B7%D0%B0%D0%B4%D0%BE%D0%BB%D0%B6%D0%B5%D0%BD%D0%BD%D0%BE%D1%81%D1%82%D0%B8=250-500+000+%E2%82%BD&%D0%95%D1%81%D1%82%D1%8C_%D0%BB%D0%B8_%D1%83_%D0%B2%D0%B0%D1%81_%D0%B8%D0%BF%D0%BE%D1%82%D0%B5%D0%BA%D0%B0=%D0%9D%D0%B5%D1%82&%D0%92%D0%B0%D1%88_%D0%B5%D0%B6%D0%B5%D0%BC%D0%B5%D1%81%D1%8F%D1%87%D0%BD%D1%8B%D0%B9_%D0%BF%D0%BB%D0%B0%D1%82%D0%B5%D0%B6_%D0%BF%D0%BE_%D0%BA%D1%80%D0%B5%D0%B4%D0%B8%D1%82%D0%B0%D0%BC=15-25.000+%E2%82%BD&city=%D0%A2%D1%83%D0%BB%D0%B0&%D0%9A%D0%B0%D0%BA_%D0%B2%D0%B0%D0%BC_%D1%83%D0%B4%D0%BE%D0%B1%D0%BD%D0%B5%D0%B5_%D0%BF%D0%BE%D0%BB%D1%83%D1%87%D0%B8%D1%82%D1%8C_%D0%BA%D0%BE%D0%BD%D1%81%D1%83%D0%BB%D1%8C%D1%82%D0%B0%D1%86%D0%B8%D1%8E=WhatsApp&Phone=%2B7+%28919%29+234-51-07&Checkbox=yes&tranid=13223037%3A8197186113&formid=form1861372491&utm_source=707307732&utm_medium=5718087081&utm_term=17606394698&utm_campaign=715142917046979788
POST: Array
(
    [Укажите_общую_сумму_вашей_задолженности] => 250-500 000 ₽
    [Есть_ли_у_вас_ипотека] => Нет
    [Ваш_ежемесячный_платеж_по_кредитам] => 15-25.000 ₽
    [city] => Тула
    [Как_вам_удобнее_получить_консультацию] => WhatsApp
    [Phone] => +7 (919) 234-51-07
    [Checkbox] => yes
    [tranid] => 13223037:8197186113
    [formid] => form1861372491
    [utm_source] => 707307732
    [utm_medium] => 5718087081
    [utm_term] => 17606394698
    [utm_campaign] => 7151429170469797887
)

Quiz/Комментарии: Array
(
)

Собранные комментарии (для лога): 
Укажите_общую_сумму_вашей_задолженности: 250-500 000 ₽
Есть_ли_у_вас_ипотека: Нет
Ваш_ежемесячный_платеж_по_кредитам: 15-25.000 ₽
Как_вам_удобнее_получить_консультацию: WhatsApp
Checkbox: yes
Город: Тула

Отправка комментариев в Bitrix: ДА
Поля для Bitrix: Array
(
    [UTM_SOURCE] => 707307732
    [UTM_MEDIUM] => 5718087081
    [UTM_TERM] => 17606394698
    [UTM_CAMPAIGN] => 7151429170469797887
    [PHONE] => Array
        (
            [0] => Array
                (
                    [VALUE] => +79192345107
                    [VALUE_TYPE] => MOBILE
                )

        )

    [ASSIGNED_BY_ID] => 1
    [UF_CRM_GOROD] => 29407
    [TITLE] => Заявка из Tilda
    [OPENED] => Y
    [STATUS_ID] => NEW
    [SOURCE_ID] => 1057
    [COMMENTS] => <b>Укажите_общую_сумму_вашей_задолженности:</b> 250-500 000 ₽<br><b>Есть_ли_у_вас_ипотека:</b> Нет<br><b>Ваш_ежемесячный_платеж_по_кредитам:</b> 15-25.000 ₽<br><b>Как_вам_удобнее_получить_консультацию:</b> WhatsApp<br><b>Checkbox:</b> yes<br><b>Город:</b> Тула<br>
)

Bitrix Response: {"result":655349,"time":{"start":1772029113,"finish":1772029117.476992,"duration":4.476991891860962,"processing":4,"date_start":"2026-02-25T17:18:33+03:00","date_finish":"2026-02-25T17:18:37+03:00","operating_reset_at":1772029713,"operating":5.995317220687866}}
Статус: Успешно (Lead ID: 655349)
--------------------------------------------------

Время: 26.02.2026 14:36:26
Сервис: Tilda
From: Заявка из Tilda
Клиент: Array
(
    [name] => 
    [phone] => +7 (919) 206-61-27
    [email] => 
)

Город: Орел (ID: 1126563)
RAW Input: %D0%A3%D0%BA%D0%B0%D0%B6%D0%B8%D1%82%D0%B5_%D0%BE%D0%B1%D1%89%D1%83%D1%8E_%D1%81%D1%83%D0%BC%D0%BC%D1%83_%D0%B2%D0%B0%D1%88%D0%B5%D0%B9_%D0%B7%D0%B0%D0%B4%D0%BE%D0%BB%D0%B6%D0%B5%D0%BD%D0%BD%D0%BE%D1%81%D1%82%D0%B8=500-1+000+000+%E2%82%BD&%D0%95%D1%81%D1%82%D1%8C_%D0%BB%D0%B8_%D1%83_%D0%B2%D0%B0%D1%81_%D0%B8%D0%BF%D0%BE%D1%82%D0%B5%D0%BA%D0%B0=%D0%94%D0%B0&%D0%92%D0%B0%D1%88_%D0%B5%D0%B6%D0%B5%D0%BC%D0%B5%D1%81%D1%8F%D1%87%D0%BD%D1%8B%D0%B9_%D0%BF%D0%BB%D0%B0%D1%82%D0%B5%D0%B6_%D0%BF%D0%BE_%D0%BA%D1%80%D0%B5%D0%B4%D0%B8%D1%82%D0%B0%D0%BC=%D0%B4%D0%BE+15+000+%E2%82%BD&city=%D0%9E%D1%80%D0%B5%D0%BB&%D0%9A%D0%B0%D0%BA_%D0%B2%D0%B0%D0%BC_%D1%83%D0%B4%D0%BE%D0%B1%D0%BD%D0%B5%D0%B5_%D0%BF%D0%BE%D0%BB%D1%83%D1%87%D0%B8%D1%82%D1%8C_%D0%BA%D0%BE%D0%BD%D1%81%D1%83%D0%BB%D1%8C%D1%82%D0%B0%D1%86%D0%B8%D1%8E=MAX&Phone=%2B7+%28919%29+206-61-27&Checkbox=yes&tranid=13223037%3A8199560023&formid=form1861372491&utm_source=707307730&utm_medium=5718087076&utm_term=17606394695&utm_campaign=64023877486808924
POST: Array
(
    [Укажите_общую_сумму_вашей_задолженности] => 500-1 000 000 ₽
    [Есть_ли_у_вас_ипотека] => Да
    [Ваш_ежемесячный_платеж_по_кредитам] => до 15 000 ₽
    [city] => Орел
    [Как_вам_удобнее_получить_консультацию] => MAX
    [Phone] => +7 (919) 206-61-27
    [Checkbox] => yes
    [tranid] => 13223037:8199560023
    [formid] => form1861372491
    [utm_source] => 707307730
    [utm_medium] => 5718087076
    [utm_term] => 17606394695
    [utm_campaign] => 6402387748680892415
)

Quiz/Комментарии: Array
(
)

Собранные комментарии (для лога): 
Укажите_общую_сумму_вашей_задолженности: 500-1 000 000 ₽
Есть_ли_у_вас_ипотека: Да
Ваш_ежемесячный_платеж_по_кредитам: до 15 000 ₽
Как_вам_удобнее_получить_консультацию: MAX
Checkbox: yes
Город: Орел

Отправка комментариев в Bitrix: ДА
Поля для Bitrix: Array
(
    [UTM_SOURCE] => 707307730
    [UTM_MEDIUM] => 5718087076
    [UTM_TERM] => 17606394695
    [UTM_CAMPAIGN] => 6402387748680892415
    [PHONE] => Array
        (
            [0] => Array
                (
                    [VALUE] => +79192066127
                    [VALUE_TYPE] => MOBILE
                )

        )

    [ASSIGNED_BY_ID] => 1
    [UF_CRM_GOROD] => 1126563
    [TITLE] => Заявка из Tilda
    [OPENED] => Y
    [STATUS_ID] => NEW
    [SOURCE_ID] => 1057
    [COMMENTS] => <b>Укажите_общую_сумму_вашей_задолженности:</b> 500-1 000 000 ₽<br><b>Есть_ли_у_вас_ипотека:</b> Да<br><b>Ваш_ежемесячный_платеж_по_кредитам:</b> до 15 000 ₽<br><b>Как_вам_удобнее_получить_консультацию:</b> MAX<br><b>Checkbox:</b> yes<br><b>Город:</b> Орел<br>
)

Bitrix Response: {"result":655981,"time":{"start":1772105786,"finish":1772105789.81414,"duration":3.8141400814056396,"processing":3,"date_start":"2026-02-26T14:36:26+03:00","date_finish":"2026-02-26T14:36:29+03:00","operating_reset_at":1772106386,"operating":8.798880815505981}}
Статус: Успешно (Lead ID: 655981)
--------------------------------------------------

Время: 27.02.2026 09:37:02
Сервис: Tilda
From: Заявка из Tilda
Клиент: Array
(
    [name] => 
    [phone] => +7 (910) 206-13-98
    [email] => 
)

Город: Орел (ID: 1126563)
RAW Input: %D0%A3%D0%BA%D0%B0%D0%B6%D0%B8%D1%82%D0%B5_%D0%BE%D0%B1%D1%89%D1%83%D1%8E_%D1%81%D1%83%D0%BC%D0%BC%D1%83_%D0%B2%D0%B0%D1%88%D0%B5%D0%B9_%D0%B7%D0%B0%D0%B4%D0%BE%D0%BB%D0%B6%D0%B5%D0%BD%D0%BD%D0%BE%D1%81%D1%82%D0%B8=250-500+000+%E2%82%BD&%D0%95%D1%81%D1%82%D1%8C_%D0%BB%D0%B8_%D1%83_%D0%B2%D0%B0%D1%81_%D0%B8%D0%BF%D0%BE%D1%82%D0%B5%D0%BA%D0%B0=%D0%9D%D0%B5%D1%82&%D0%92%D0%B0%D1%88_%D0%B5%D0%B6%D0%B5%D0%BC%D0%B5%D1%81%D1%8F%D1%87%D0%BD%D1%8B%D0%B9_%D0%BF%D0%BB%D0%B0%D1%82%D0%B5%D0%B6_%D0%BF%D0%BE_%D0%BA%D1%80%D0%B5%D0%B4%D0%B8%D1%82%D0%B0%D0%BC=15-25.000+%E2%82%BD&city=%D0%9E%D1%80%D0%B5%D0%BB&%D0%9A%D0%B0%D0%BA_%D0%B2%D0%B0%D0%BC_%D1%83%D0%B4%D0%BE%D0%B1%D0%BD%D0%B5%D0%B5_%D0%BF%D0%BE%D0%BB%D1%83%D1%87%D0%B8%D1%82%D1%8C_%D0%BA%D0%BE%D0%BD%D1%81%D1%83%D0%BB%D1%8C%D1%82%D0%B0%D1%86%D0%B8%D1%8E=%D0%9F%D0%BE%D0%B7%D0%B2%D0%BE%D0%BD%D0%B8%D1%82%D0%B5&Phone=%2B7+%28910%29+206-13-98&Checkbox=yes&tranid=13223037%3A8201494523&formid=form1861372491&utm_source=707307732&utm_medium=5718087081&utm_te
POST: Array
(
    [Укажите_общую_сумму_вашей_задолженности] => 250-500 000 ₽
    [Есть_ли_у_вас_ипотека] => Нет
    [Ваш_ежемесячный_платеж_по_кредитам] => 15-25.000 ₽
    [city] => Орел
    [Как_вам_удобнее_получить_консультацию] => Позвоните
    [Phone] => +7 (910) 206-13-98
    [Checkbox] => yes
    [tranid] => 13223037:8201494523
    [formid] => form1861372491
    [utm_source] => 707307732
    [utm_medium] => 5718087081
    [utm_term] => 17606394700
    [utm_campaign] => 757836570187268095
)

Quiz/Комментарии: Array
(
)

Собранные комментарии (для лога): 
Укажите_общую_сумму_вашей_задолженности: 250-500 000 ₽
Есть_ли_у_вас_ипотека: Нет
Ваш_ежемесячный_платеж_по_кредитам: 15-25.000 ₽
Как_вам_удобнее_получить_консультацию: Позвоните
Checkbox: yes
Город: Орел

Отправка комментариев в Bitrix: ДА
Поля для Bitrix: Array
(
    [UTM_SOURCE] => 707307732
    [UTM_MEDIUM] => 5718087081
    [UTM_TERM] => 17606394700
    [UTM_CAMPAIGN] => 757836570187268095
    [PHONE] => Array
        (
            [0] => Array
                (
                    [VALUE] => +79102061398
                    [VALUE_TYPE] => MOBILE
                )

        )

    [ASSIGNED_BY_ID] => 1
    [UF_CRM_GOROD] => 1126563
    [TITLE] => Заявка из Tilda
    [OPENED] => Y
    [STATUS_ID] => NEW
    [SOURCE_ID] => 1057
    [COMMENTS] => <b>Укажите_общую_сумму_вашей_задолженности:</b> 250-500 000 ₽<br><b>Есть_ли_у_вас_ипотека:</b> Нет<br><b>Ваш_ежемесячный_платеж_по_кредитам:</b> 15-25.000 ₽<br><b>Как_вам_удобнее_получить_консультацию:</b> Позвоните<br><b>Checkbox:</b> yes<br><b>Город:</b> Орел<br>
)

Bitrix Response: {"result":656391,"time":{"start":1772174222,"finish":1772174226.65704,"duration":4.657040119171143,"processing":4,"date_start":"2026-02-27T09:37:02+03:00","date_finish":"2026-02-27T09:37:06+03:00","operating_reset_at":1772174822,"operating":10.697464942932129}}
Статус: Успешно (Lead ID: 656391)
--------------------------------------------------

