Время: 24.02.2026 10:48:47
Сервис: КЦ
From: Заявка из КЦ
Клиент: Array
(
    [name] => Тестовый лид 2
    [phone] => +79243440005
    [email] => 
)

Город: не определён (ID: не найден)
RAW Input: name=%D0%A2%D0%B5%D1%81%D1%82%D0%BE%D0%B2%D1%8B%D0%B9+%D0%BB%D0%B8%D0%B4+2&phone=%2B79243440005&Comments=%5Bp%5D%0A%D0%98%D0%BC%D1%8F%3A+%D0%A2%D0%B5%D1%81%D1%82%D0%BE%D0%B2%D1%8B%D0%B9+%D0%BB%D0%B8%D0%B4+2%0A%D0%A1%D1%83%D0%BC%D0%BC%D0%B0+%D0%B4%D0%BE%D0%BB%D0%B3%D0%B0%3A+1+000+000%0A%D0%92%D0%B8%D0%B4%D1%8B+%D0%B4%D0%BE%D0%BB%D0%B3%D0%B0%3A+%D0%A2%D0%B5%D1%81%D1%82%0A%D0%98%D0%BF%D0%BE%D1%82%D0%B5%D0%BA%D0%B0%2F%D0%B7%D0%B0%D0%BB%D0%BE%D0%B3%2F%D0%B0%D0%B2%D1%82%D0%BE%D0%BA%D1%80%D0%B5%D0%B4%D0%B8%D1%82%3A+%D0%A2%D0%B5%D1%81%D1%82%0A%D0%9F%D1%80%D0%BE%D1%81%D1%80%D0%BE%D1%87%D0%BA%D0%B8%3A+%D0%A2%D0%B5%D1%81%D1%82%0A%D0%A1%D1%80%D0%BE%D0%BA+%D0%BF%D1%80%D0%BE%D1%81%D1%80%D0%BE%D1%87%D0%B5%D0%BA%3A+%0A%D0%A0%D0%B5%D0%B3%D0%B8%D0%BE%D0%BD+%D0%BF%D1%80%D0%BE%D0%B6%D0%B8%D0%B2%D0%B0%D0%BD%D0%B8%D1%8F%3A+%D0%A1%D0%B2%D0%B5%D1%80%D0%B4%D0%BB%D0%BE%D0%B2%D1%81%D0%BA%D0%B0%D1%8F+%D0%BE%D0%B1%D0%BB%D0%B0%D1%81%D1%82%D1%8C%0A%D0%93%D0%BE%D1%80%D0%BE%D0%B4%3A+%D0%A2%D0%B5%D1%81%D1%82%0A%D0%9A%D
POST: Array
(
    [name] => Тестовый лид 2
    [phone] => +79243440005
    [Comments] => [p]
Имя: Тестовый лид 2
Сумма долга: 1 000 000
Виды долга: Тест
Ипотека/залог/автокредит: Тест
Просрочки: Тест
Срок просрочек: 
Регион проживания: Свердловская область
Город: Тест
Контактный номер: +79243440005
Комментарий: Тест
[/p]
)

Quiz/Комментарии: Array
(
)

Собранные комментарии (для лога): 
Comments: [p]
Имя: Тестовый лид 2
Сумма долга: 1 000 000
Виды долга: Тест
Ипотека/залог/автокредит: Тест
Просрочки: Тест
Срок просрочек: 
Регион проживания: Свердловская область
Город: Тест
Контактный номер: +79243440005
Комментарий: Тест
[/p]

Отправка комментариев в Bitrix: ДА
Поля для Bitrix: Array
(
    [NAME] => Тестовый лид 2
    [PHONE] => Array
        (
            [0] => Array
                (
                    [VALUE] => +79243440005
                    [VALUE_TYPE] => MOBILE
                )

        )

    [ASSIGNED_BY_ID] => 1
    [TITLE] => Новая заявка - +79243440005
    [OPENED] => Y
    [STATUS_ID] => NEW
    [SOURCE_ID] => 777
    [COMMENTS] => <b>Comments:</b> [p]
Имя: Тестовый лид 2
Сумма долга: 1 000 000
Виды долга: Тест
Ипотека/залог/автокредит: Тест
Просрочки: Тест
Срок просрочек: 
Регион проживания: Свердловская область
Город: Тест
Контактный номер: +79243440005
Комментарий: Тест
[/p]<br>
)

Bitrix Response: {"result":654019,"time":{"start":1771919327,"finish":1771919329.389829,"duration":2.38982892036438,"processing":2,"date_start":"2026-02-24T10:48:47+03:00","date_finish":"2026-02-24T10:48:49+03:00","operating_reset_at":1771919927,"operating":10.782604932785034}}
Статус: Успешно (Lead ID: 654019)
--------------------------------------------------

Время: 25.02.2026 12:47:36
Сервис: КЦ
From: Заявка из КЦ
Клиент: Array
(
    [name] => Тестовый лид 2
    [phone] => 79243440005
    [email] => 
)

Город: не определён (ID: не найден)
RAW Input: name=%D0%A2%D0%B5%D1%81%D1%82%D0%BE%D0%B2%D1%8B%D0%B9+%D0%BB%D0%B8%D0%B4+2&phone=+79243440005&Comments=%D0%98%D0%BC%D1%8F%3A+%D0%A2%D0%B5%D1%81%D1%82%D0%BE%D0%B2%D1%8B%D0%B9+%D0%BB%D0%B8%D0%B4+2_%D0%A1%D1%83%D0%BC%D0%BC%D0%B0+%D0%B4%D0%BE%D0%BB%D0%B3%D0%B0%3A+1+000+000_%D0%92%D0%B8%D0%B4%D1%8B+%D0%B4%D0%BE%D0%BB%D0%B3%D0%B0%3A+%D0%A2%D0%B5%D1%81%D1%82_%D0%98%D0%BF%D0%BE%D1%82%D0%B5%D0%BA%D0%B0%2F%D0%B7%D0%B0%D0%BB%D0%BE%D0%B3%2F%D0%B0%D0%B2%D1%82%D0%BE%D0%BA%D1%80%D0%B5%D0%B4%D0%B8%D1%82%3A+%D0%A2%D0%B5%D1%81%D1%82_%D0%9F%D1%80%D0%BE%D1%81%D1%80%D0%BE%D1%87%D0%BA%D0%B8%3A+%D0%A2%D0%B5%D1%81%D1%82_%D0%A1%D1%80%D0%BE%D0%BA+%D0%BF%D1%80%D0%BE%D1%81%D1%80%D0%BE%D1%87%D0%B5%D0%BA%3A+_%D0%A0%D0%B5%D0%B3%D0%B8%D0%BE%D0%BD+%D0%BF%D1%80%D0%BE%D0%B6%D0%B8%D0%B2%D0%B0%D0%BD%D0%B8%D1%8F%3A+%D0%A1%D0%B2%D0%B5%D1%80%D0%B4%D0%BB%D0%BE%D0%B2%D1%81%D0%BA%D0%B0%D1%8F+%D0%BE%D0%B1%D0%BB%D0%B0%D1%81%D1%82%D1%8C_%D0%93%D0%BE%D1%80%D0%BE%D0%B4%3A+%D0%A2%D0%B5%D1%81%D1%82_%D0%9A%D0%BE%D0%BD%D1%82%D0%B0%D0%BA
POST: Array
(
    [name] => Тестовый лид 2
    [phone] =>  79243440005
    [Comments] => Имя: Тестовый лид 2_Сумма долга: 1 000 000_Виды долга: Тест_Ипотека/залог/автокредит: Тест_Просрочки: Тест_Срок просрочек: _Регион проживания: Свердловская область_Город: Тест_Контактный номер:  79243440005_Комментарий: Тест
)

Quiz/Комментарии: Array
(
)

Собранные комментарии (для лога): 
Comments: Имя: Тестовый лид 2_Сумма долга: 1 000 000_Виды долга: Тест_Ипотека/залог/автокредит: Тест_Просрочки: Тест_Срок просрочек: _Регион проживания: Свердловская область_Город: Тест_Контактный номер:  79243440005_Комментарий: Тест

Отправка комментариев в Bitrix: ДА
Поля для Bitrix: Array
(
    [NAME] => Тестовый лид 2
    [PHONE] => Array
        (
            [0] => Array
                (
                    [VALUE] => 79243440005
                    [VALUE_TYPE] => MOBILE
                )

        )

    [ASSIGNED_BY_ID] => 1
    [TITLE] => Новая заявка - 79243440005
    [OPENED] => Y
    [STATUS_ID] => NEW
    [SOURCE_ID] => 777
    [COMMENTS] => <b>Comments:</b> Имя: Тестовый лид 2_Сумма долга: 1 000 000_Виды долга: Тест_Ипотека/залог/автокредит: Тест_Просрочки: Тест_Срок просрочек: _Регион проживания: Свердловская область_Город: Тест_Контактный номер:  79243440005_Комментарий: Тест<br>
)

Bitrix Response: {"result":654987,"time":{"start":1772012856,"finish":1772012858.404992,"duration":2.40499210357666,"processing":2,"date_start":"2026-02-25T12:47:36+03:00","date_finish":"2026-02-25T12:47:38+03:00","operating_reset_at":1772013456,"operating":2.2671308517456055}}
Статус: Успешно (Lead ID: 654987)
--------------------------------------------------

