Время: 25.02.2026 17:36:12
Сервис: КЦ
From: Заявка из КЦ
Клиент: Array
(
    [name] => Тест Тест Тест
    [phone] => 79183120518
    [email] => 
)

Город: Нижний Новгород (ID: не найден)
RAW Input: {"phone":"79183120518","name":"\u0422\u0435\u0441\u0442 \u0422\u0435\u0441\u0442 \u0422\u0435\u0441\u0442","Comments":"","Gorod":"\u041d\u0438\u0436\u043d\u0438\u0439 \u041d\u043e\u0432\u0433\u043e\u0440\u043e\u0434","utm_source":"ap-lead","utm_medium":"cc","utm_campaign":null,"utm_content":null,"utm_term":null}
POST: Array
(
)

Quiz/Комментарии: Array
(
)

Собранные комментарии (для лога): 
Город: Нижний Новгород

Отправка комментариев в Bitrix: ДА
Поля для Bitrix: Array
(
    [NAME] => Тест Тест Тест
    [PHONE] => Array
        (
            [0] => Array
                (
                    [VALUE] => 79183120518
                    [VALUE_TYPE] => MOBILE
                )

        )

    [ASSIGNED_BY_ID] => 1
    [TITLE] => Новая заявка - 79183120518
    [OPENED] => Y
    [STATUS_ID] => NEW
    [SOURCE_ID] => 949
    [COMMENTS] => <b>Город:</b> Нижний Новгород<br>
)

Bitrix Response: {"result":655385,"time":{"start":1772030172,"finish":1772030174.338783,"duration":2.338783025741577,"processing":2,"date_start":"2026-02-25T17:36:12+03:00","date_finish":"2026-02-25T17:36:14+03:00","operating_reset_at":1772030772,"operating":17.224738121032715}}
Статус: Успешно (Lead ID: 655385)
--------------------------------------------------

Время: 25.02.2026 17:36:50
Сервис: КЦ
From: Заявка из КЦ
Клиент: Array
(
    [name] => Тест Тест Тест
    [phone] => 79813518613
    [email] => 
)

Город: Нижний Новгород (ID: не найден)
RAW Input: {"phone":"79813518613","name":"\u0422\u0435\u0441\u0442 \u0422\u0435\u0441\u0442 \u0422\u0435\u0441\u0442","Comments":"","Gorod":"\u041d\u0438\u0436\u043d\u0438\u0439 \u041d\u043e\u0432\u0433\u043e\u0440\u043e\u0434","utm_source":"ap-lead","utm_medium":"cc","utm_campaign":null,"utm_content":null,"utm_term":null}
POST: Array
(
)

Quiz/Комментарии: Array
(
)

Собранные комментарии (для лога): 
Город: Нижний Новгород

Отправка комментариев в Bitrix: ДА
Поля для Bitrix: Array
(
    [NAME] => Тест Тест Тест
    [PHONE] => Array
        (
            [0] => Array
                (
                    [VALUE] => 79813518613
                    [VALUE_TYPE] => MOBILE
                )

        )

    [ASSIGNED_BY_ID] => 1
    [TITLE] => Новая заявка - 79813518613
    [OPENED] => Y
    [STATUS_ID] => NEW
    [SOURCE_ID] => 949
    [COMMENTS] => <b>Город:</b> Нижний Новгород<br>
)

Bitrix Response: {"result":655389,"time":{"start":1772030210,"finish":1772030212.334572,"duration":2.3345720767974854,"processing":2,"date_start":"2026-02-25T17:36:50+03:00","date_finish":"2026-02-25T17:36:52+03:00","operating_reset_at":1772030810,"operating":19.31772518157959}}
Статус: Успешно (Lead ID: 655389)
--------------------------------------------------

