Время: 24.02.2026 17:26:00
Сервис: КЦ
From: Заявка из КЦ
Клиент: Array
(
    [name] => 5099261
    [phone] => 79991111111
    [email] => 
)

Город: не определён (ID: не найден)
RAW Input: {"TITLE": "Neuro_Agency", "Comments": "\u0422\u0435\u0441\u0442\u043e\u0432\u044b\u0439 \u043a\u043e\u043c\u043c\u0435\u043d\u0442\u0430\u0440\u0438\u0439", "phone": "79991111111", "NAME": "5099261"}
POST: Array
(
)

Quiz/Комментарии: Array
(
)

Собранные комментарии (для лога): 
Title: Neuro_Agency
Comments: Тестовый комментарий

Отправка комментариев в Bitrix: ДА
Поля для Bitrix: Array
(
    [NAME] => 5099261
    [PHONE] => Array
        (
            [0] => Array
                (
                    [VALUE] => 79991111111
                    [VALUE_TYPE] => MOBILE
                )

        )

    [ASSIGNED_BY_ID] => 1
    [TITLE] => Новая заявка - 79991111111
    [OPENED] => Y
    [STATUS_ID] => NEW
    [SOURCE_ID] => 952
    [COMMENTS] => <b>Title:</b> Neuro_Agency<br><b>Comments:</b> Тестовый комментарий<br>
)

Bitrix Response: {"result":654489,"time":{"start":1771943160,"finish":1771943163.197853,"duration":3.1978530883789062,"processing":3,"date_start":"2026-02-24T17:26:00+03:00","date_finish":"2026-02-24T17:26:03+03:00","operating_reset_at":1771943760,"operating":10.114041328430176}}
Статус: Успешно (Lead ID: 654489)
--------------------------------------------------

Время: 25.02.2026 09:14:56
Сервис: КЦ
From: Заявка из КЦ
Клиент: Array
(
    [name] => 5099261
    [phone] => +79182447902
    [email] => 
)

Город: не определён (ID: не найден)
RAW Input: {"TITLE": "Neuro_Agency", "name": "5099261", "phone": "+79182447902", "Comments": "\u0418\u043c\u044f - \u0412\u0430\u0441\u0438\u043b\u0438\u0439; \u0414\u043e\u043b\u0433 - \u0431\u043e\u043b\u0435\u0435 300 \u0442\u0440; \u0413\u043e\u0440\u043e\u0434 - \u041d\u0438\u0436\u043d\u0438\u0439 \u041d\u043e\u0432\u0433\u043e\u0440\u043e\u0434, \u041d\u0438\u0436\u0435\u0433\u043e\u0440\u043e\u0434\u0441\u043a\u0430\u044f \u043e\u0431\u043b\u0430\u0441\u0442\u044c; \u041f\u043e\u0440\u0443\u0447\u0438\u0442\u0435\u043b\u044c/\u0441\u043e\u0437\u0430\u0435\u043c\u0449\u0438\u043a - \u043d\u0435\u0442 \u0411\u0430\u043d\u043a\u0440\u043e\u0442\u0441\u0442\u0432\u043e - \u043d\u0435\u0442 \u0410\u0432\u0442\u043e\u043a\u0440\u0435\u0434\u0438\u0442 - \u043d\u0435\u0442 \u0418\u043f\u043e\u0442\u0435\u043a\u0430 - \u043d\u0435\u0442 \u0417\u0430\u043b\u043e\u0433 - \u043d\u0435\u0442 \u0413\u043e\u0442\u043e\u0432 \u043f\u0440\u0438\u043d\u044f\u0442\u044c \u0437\u0432\u043e\u043d\u043e\u043a
POST: Array
(
)

Quiz/Комментарии: Array
(
)

Собранные комментарии (для лога): 
Title: Neuro_Agency
Comments: Имя - Василий; Долг - более 300 тр; Город - Нижний Новгород, Нижегородская область; Поручитель/созаемщик - нет Банкротство - нет Автокредит - нет Ипотека - нет Залог - нет Готов принять звонок - да
Utm_content: https://drive.google.com/file/d/1PKxy3Kced4UNSA1JVS-ri3fe8R7E3I7J/view?usp=drivesdk

Отправка комментариев в Bitrix: ДА
Поля для Bitrix: Array
(
    [NAME] => 5099261
    [PHONE] => Array
        (
            [0] => Array
                (
                    [VALUE] => +79182447902
                    [VALUE_TYPE] => MOBILE
                )

        )

    [ASSIGNED_BY_ID] => 1
    [TITLE] => Новая заявка - +79182447902
    [OPENED] => Y
    [STATUS_ID] => NEW
    [SOURCE_ID] => 952
    [COMMENTS] => <b>Title:</b> Neuro_Agency<br><b>Comments:</b> Имя - Василий; Долг - более 300 тр; Город - Нижний Новгород, Нижегородская область; Поручитель/созаемщик - нет Банкротство - нет Автокредит - нет Ипотека - нет Залог - нет Готов принять звонок - да<br><b>Utm_content:</b> https://drive.google.com/file/d/1PKxy3Kced4UNSA1JVS-ri3fe8R7E3I7J/view?usp=drivesdk<br>
)

Bitrix Response: {"result":654757,"time":{"start":1772000096,"finish":1772000098.627661,"duration":2.6276609897613525,"processing":2,"date_start":"2026-02-25T09:14:56+03:00","date_finish":"2026-02-25T09:14:58+03:00","operating_reset_at":1772000696,"operating":13.060970067977905}}
Статус: Успешно (Lead ID: 654757)
--------------------------------------------------

Время: 25.02.2026 09:14:59
Сервис: КЦ
From: Заявка из КЦ
Клиент: Array
(
    [name] => 5099261
    [phone] => +79527587394
    [email] => 
)

Город: не определён (ID: не найден)
RAW Input: {"TITLE": "Neuro_Agency", "name": "5099261", "phone": "+79527587394", "Comments": "\u0418\u043c\u044f - \u0410\u043b\u043b\u0430 (\u043f\u043e \u0434\u043e\u0432\u0435\u0440\u0435\u043d\u043d\u043e\u0441\u0442\u0438); \u0414\u043e\u043b\u0433 \u2013 \u0431\u043e\u043b\u0435\u0435 300 \u0442\u0440; \u0413\u043e\u0440\u043e\u0434 - \u041a\u043e\u0432\u0435\u0440\u043d\u0438\u043d\u043e, \u041d\u0438\u0436\u0435\u0433\u043e\u0440\u043e\u0434\u0441\u043a\u0430\u044f \u043e\u0431\u043b\u0430\u0441\u0442\u044c; \u041f\u043e\u0440\u0443\u0447\u0438\u0442\u0435\u043b\u044c/\u0441\u043e\u0437\u0430\u0435\u043c\u0449\u0438\u043a - \u043d\u0435\u0442 \u0411\u0430\u043d\u043a\u0440\u043e\u0442\u0441\u0442\u0432\u043e - \u043d\u0435\u0442 \u0410\u0432\u0442\u043e\u043a\u0440\u0435\u0434\u0438\u0442 - \u043d\u0435\u0442 \u0418\u043f\u043e\u0442\u0435\u043a\u0430 - \u043d\u0435\u0442 \u0417\u0430\u043b\u043e\u0433 - \u043d\u0435\u0442 \u0413\u043e\u0442\u043e\u0432 \u043f\u0440\u0438\u043d\u044f\u044
POST: Array
(
)

Quiz/Комментарии: Array
(
)

Собранные комментарии (для лога): 
Title: Neuro_Agency
Comments: Имя - Алла (по доверенности); Долг – более 300 тр; Город - Ковернино, Нижегородская область; Поручитель/созаемщик - нет Банкротство - нет Автокредит - нет Ипотека - нет Залог - нет Готов принять звонок – да
Utm_content: https://drive.google.com/file/d/1_gVrik2V9fLw9DhWQeGfSSKFASGBHI_Z/view?usp=drivesdk

Отправка комментариев в Bitrix: ДА
Поля для Bitrix: Array
(
    [NAME] => 5099261
    [PHONE] => Array
        (
            [0] => Array
                (
                    [VALUE] => +79527587394
                    [VALUE_TYPE] => MOBILE
                )

        )

    [ASSIGNED_BY_ID] => 1
    [TITLE] => Новая заявка - +79527587394
    [OPENED] => Y
    [STATUS_ID] => NEW
    [SOURCE_ID] => 952
    [COMMENTS] => <b>Title:</b> Neuro_Agency<br><b>Comments:</b> Имя - Алла (по доверенности); Долг – более 300 тр; Город - Ковернино, Нижегородская область; Поручитель/созаемщик - нет Банкротство - нет Автокредит - нет Ипотека - нет Залог - нет Готов принять звонок – да<br><b>Utm_content:</b> https://drive.google.com/file/d/1_gVrik2V9fLw9DhWQeGfSSKFASGBHI_Z/view?usp=drivesdk<br>
)

Bitrix Response: {"result":654759,"time":{"start":1772000100,"finish":1772000102.174914,"duration":2.1749138832092285,"processing":2,"date_start":"2026-02-25T09:15:00+03:00","date_finish":"2026-02-25T09:15:02+03:00","operating_reset_at":1772000700,"operating":15.065024137496948}}
Статус: Успешно (Lead ID: 654759)
--------------------------------------------------

Время: 25.02.2026 09:15:03
Сервис: КЦ
From: Заявка из КЦ
Клиент: Array
(
    [name] => 5099261
    [phone] => +79026823307
    [email] => 
)

Город: не определён (ID: не найден)
RAW Input: {"TITLE": "Neuro_Agency", "name": "5099261", "phone": "+79026823307", "Comments": "\u0418\u043c\u044f - \u041d\u0430\u0442\u0430\u043b\u044c\u044f; \u0414\u043e\u043b\u0433 - 1.5\u043c\u043b\u043d; \u0413\u043e\u0440\u043e\u0434 - \u0428\u0430\u0445\u0443\u043d\u044c\u044f, \u041d\u0438\u0436\u0435\u0433\u043e\u0440\u043e\u0434\u0441\u043a\u0430\u044f \u043e\u0431\u043b\u0430\u0441\u0442\u044c; \u041f\u043e\u0440\u0443\u0447\u0438\u0442\u0435\u043b\u044c/\u0441\u043e\u0437\u0430\u0435\u043c\u0449\u0438\u043a - \u043d\u0435\u0442 \u0411\u0430\u043d\u043a\u0440\u043e\u0442\u0441\u0442\u0432\u043e - \u043d\u0435\u0442 \u0410\u0432\u0442\u043e\u043a\u0440\u0435\u0434\u0438\u0442 - \u043d\u0435\u0442 \u0418\u043f\u043e\u0442\u0435\u043a\u0430 - \u043d\u0435\u0442 \u0417\u0430\u043b\u043e\u0433 - \u043d\u0435\u0442 \u0413\u043e\u0442\u043e\u0432 \u043f\u0440\u0438\u043d\u044f\u0442\u044c \u0437\u0432\u043e\u043d\u043e\u043a - \u0434\u0430", "utm_content": "https://drive.google.com/file/d/1XW
POST: Array
(
)

Quiz/Комментарии: Array
(
)

Собранные комментарии (для лога): 
Title: Neuro_Agency
Comments: Имя - Наталья; Долг - 1.5млн; Город - Шахунья, Нижегородская область; Поручитель/созаемщик - нет Банкротство - нет Автокредит - нет Ипотека - нет Залог - нет Готов принять звонок - да
Utm_content: https://drive.google.com/file/d/1XWv4n7uwi663EcMwIHqvBl28NdlmHy1F/view?usp=drivesdk

Отправка комментариев в Bitrix: ДА
Поля для Bitrix: Array
(
    [NAME] => 5099261
    [PHONE] => Array
        (
            [0] => Array
                (
                    [VALUE] => +79026823307
                    [VALUE_TYPE] => MOBILE
                )

        )

    [ASSIGNED_BY_ID] => 1
    [TITLE] => Новая заявка - +79026823307
    [OPENED] => Y
    [STATUS_ID] => NEW
    [SOURCE_ID] => 952
    [COMMENTS] => <b>Title:</b> Neuro_Agency<br><b>Comments:</b> Имя - Наталья; Долг - 1.5млн; Город - Шахунья, Нижегородская область; Поручитель/созаемщик - нет Банкротство - нет Автокредит - нет Ипотека - нет Залог - нет Готов принять звонок - да<br><b>Utm_content:</b> https://drive.google.com/file/d/1XWv4n7uwi663EcMwIHqvBl28NdlmHy1F/view?usp=drivesdk<br>
)

Bitrix Response: {"result":654761,"time":{"start":1772000103,"finish":1772000105.884497,"duration":2.8844969272613525,"processing":2,"date_start":"2026-02-25T09:15:03+03:00","date_finish":"2026-02-25T09:15:05+03:00","operating_reset_at":1772000703,"operating":17.097150325775146}}
Статус: Успешно (Lead ID: 654761)
--------------------------------------------------

Время: 25.02.2026 11:11:17
Сервис: КЦ
From: Заявка из КЦ
Клиент: Array
(
    [name] => 5099261
    [phone] => +79306757116
    [email] => 
)

Город: не определён (ID: не найден)
RAW Input: {"TITLE": "Neuro_Agency", "name": "5099261", "phone": "+79306757116", "Comments": "\u0418\u043c\u044f - \u0410\u043d\u0430\u0441\u0442\u0430\u0441\u0438\u044f; \u0414\u043e\u043b\u0433 - \u0431\u043e\u043b\u0435\u0435 250 \u0442\u044b\u0441. \u0440\u0443\u0431; \u0413\u043e\u0440\u043e\u0434 - \u041a\u0441\u0442\u043e\u0432\u043e \u041d\u0438\u0436\u0435\u0433\u043e\u0440\u043e\u0434\u0441\u043a\u0430\u044f \u043e\u0431\u043b; \u041f\u043e\u0440\u0443\u0447\u0438\u0442\u0435\u043b\u044c/\u0441\u043e\u0437\u0430\u0435\u043c\u0449\u0438\u043a - \u043d\u0435\u0442 \u0411\u0430\u043d\u043a\u0440\u043e\u0442\u0441\u0442\u0432\u043e - \u043d\u0435\u0442 \u0410\u0432\u0442\u043e\u043a\u0440\u0435\u0434\u0438\u0442 - \u043d\u0435\u0442 \u0418\u043f\u043e\u0442\u0435\u043a\u0430 - \u043d\u0435\u0442 \u0417\u0430\u043b\u043e\u0433 -  \u043d\u0435\u0442 \u0413\u043e\u0442\u043e\u0432 \u043f\u0440\u0438\u043d\u044f\u0442\u044c \u0437\u0432\u043e\u043d\u043e\u043a - \u0434\u0430", "utm_content": "h
POST: Array
(
)

Quiz/Комментарии: Array
(
)

Собранные комментарии (для лога): 
Title: Neuro_Agency
Comments: Имя - Анастасия; Долг - более 250 тыс. руб; Город - Кстово Нижегородская обл; Поручитель/созаемщик - нет Банкротство - нет Автокредит - нет Ипотека - нет Залог -  нет Готов принять звонок - да
Utm_content: https://drive.google.com/file/d/1u7HgN_4elY0sysbetGtbaqqrFKn_gtPy/view?usp=drivesdk

Отправка комментариев в Bitrix: ДА
Поля для Bitrix: Array
(
    [NAME] => 5099261
    [PHONE] => Array
        (
            [0] => Array
                (
                    [VALUE] => +79306757116
                    [VALUE_TYPE] => MOBILE
                )

        )

    [ASSIGNED_BY_ID] => 1
    [TITLE] => Новая заявка - +79306757116
    [OPENED] => Y
    [STATUS_ID] => NEW
    [SOURCE_ID] => 952
    [COMMENTS] => <b>Title:</b> Neuro_Agency<br><b>Comments:</b> Имя - Анастасия; Долг - более 250 тыс. руб; Город - Кстово Нижегородская обл; Поручитель/созаемщик - нет Банкротство - нет Автокредит - нет Ипотека - нет Залог -  нет Готов принять звонок - да<br><b>Utm_content:</b> https://drive.google.com/file/d/1u7HgN_4elY0sysbetGtbaqqrFKn_gtPy/view?usp=drivesdk<br>
)

Bitrix Response: {"result":654853,"time":{"start":1772007077,"finish":1772007079.962144,"duration":2.962143898010254,"processing":2,"date_start":"2026-02-25T11:11:17+03:00","date_finish":"2026-02-25T11:11:19+03:00","operating_reset_at":1772007677,"operating":4.345661163330078}}
Статус: Успешно (Lead ID: 654853)
--------------------------------------------------

