Время: 21.02.2026 10:19:28
Сервис: Директ
From: Заявка из Директ
Клиент: Array
(
    [name] => Людмила Анатольевна
    [phone] => +79158070515
    [email] => 
)

Город: Брянская область (ID: 264605)
RAW Input: {"phone":"+79158070515","name":"\u041b\u044e\u0434\u043c\u0438\u043b\u0430 \u0410\u043d\u0430\u0442\u043e\u043b\u044c\u0435\u0432\u043d\u0430","utm_source":"yandex","utm_medium":"cpc","utm_campaign":"707329992","utm_content":"17607710054","Gorod":"\u0411\u0440\u044f\u043d\u0441\u043a\u0430\u044f \u043e\u0431\u043b\u0430\u0441\u0442\u044c"}
POST: Array
(
)

Quiz/Комментарии: Array
(
)

Собранные комментарии (для лога): 
Город: Брянская область

Отправка комментариев в Bitrix: ДА
Поля для Bitrix: Array
(
    [UTM_SOURCE] => yandex
    [UTM_MEDIUM] => cpc
    [UTM_CAMPAIGN] => 707329992
    [UTM_CONTENT] => 17607710054
    [NAME] => Людмила Анатольевна
    [PHONE] => Array
        (
            [0] => Array
                (
                    [VALUE] => +79158070515
                    [VALUE_TYPE] => MOBILE
                )

        )

    [ASSIGNED_BY_ID] => 1
    [TITLE] => Новая заявка - +79158070515
    [UF_CRM_GOROD] => 264605
    [OPENED] => Y
    [STATUS_ID] => NEW
    [SOURCE_ID] => 736
    [COMMENTS] => <b>Город:</b> Брянская область<br>
)

Bitrix Response: {"result":653235,"time":{"start":1771658368,"finish":1771658373.994775,"duration":5.994775056838989,"processing":4,"date_start":"2026-02-21T10:19:28+03:00","date_finish":"2026-02-21T10:19:33+03:00","operating_reset_at":1771658969,"operating":4.970959901809692}}
Статус: Успешно (Lead ID: 653235)
--------------------------------------------------

Время: 21.02.2026 10:19:41
Сервис: Директ
From: Заявка из Директ
Клиент: Array
(
    [name] => Людмила Анатольевна
    [phone] => +79158070515
    [email] => 
)

Город: Брянская область (ID: 264605)
RAW Input: {"phone":"+79158070515","name":"\u041b\u044e\u0434\u043c\u0438\u043b\u0430 \u0410\u043d\u0430\u0442\u043e\u043b\u044c\u0435\u0432\u043d\u0430","utm_source":"yandex","utm_medium":"cpc","utm_campaign":"707329992","utm_content":"17607710054","Gorod":"\u0411\u0440\u044f\u043d\u0441\u043a\u0430\u044f \u043e\u0431\u043b\u0430\u0441\u0442\u044c"}
POST: Array
(
)

Quiz/Комментарии: Array
(
)

Собранные комментарии (для лога): 
Город: Брянская область

Отправка комментариев в Bitrix: ДА
Поля для Bitrix: Array
(
    [UTM_SOURCE] => yandex
    [UTM_MEDIUM] => cpc
    [UTM_CAMPAIGN] => 707329992
    [UTM_CONTENT] => 17607710054
    [NAME] => Людмила Анатольевна
    [PHONE] => Array
        (
            [0] => Array
                (
                    [VALUE] => +79158070515
                    [VALUE_TYPE] => MOBILE
                )

        )

    [ASSIGNED_BY_ID] => 1
    [TITLE] => Новая заявка - +79158070515
    [UF_CRM_GOROD] => 264605
    [OPENED] => Y
    [STATUS_ID] => NEW
    [SOURCE_ID] => 736
    [COMMENTS] => <b>Город:</b> Брянская область<br>
)

Bitrix Response: {"result":653237,"time":{"start":1771658381,"finish":1771658386.132027,"duration":5.13202691078186,"processing":5,"date_start":"2026-02-21T10:19:41+03:00","date_finish":"2026-02-21T10:19:46+03:00","operating_reset_at":1771658981,"operating":9.965848922729492}}
Статус: Успешно (Lead ID: 653237)
--------------------------------------------------

Время: 21.02.2026 10:24:41
Сервис: Директ
From: Заявка из Директ
Клиент: Array
(
    [name] => Людмила Анатольевна
    [phone] => +79158070515
    [email] => 
)

Город: Брянская область (ID: 264605)
RAW Input: {"phone":"+79158070515","name":"\u041b\u044e\u0434\u043c\u0438\u043b\u0430 \u0410\u043d\u0430\u0442\u043e\u043b\u044c\u0435\u0432\u043d\u0430","utm_source":"yandex","utm_medium":"cpc","utm_campaign":"707329992","utm_content":"17607710054","Gorod":"\u0411\u0440\u044f\u043d\u0441\u043a\u0430\u044f \u043e\u0431\u043b\u0430\u0441\u0442\u044c"}
POST: Array
(
)

Quiz/Комментарии: Array
(
)

Собранные комментарии (для лога): 
Город: Брянская область

Отправка комментариев в Bitrix: ДА
Поля для Bitrix: Array
(
    [UTM_SOURCE] => yandex
    [UTM_MEDIUM] => cpc
    [UTM_CAMPAIGN] => 707329992
    [UTM_CONTENT] => 17607710054
    [NAME] => Людмила Анатольевна
    [PHONE] => Array
        (
            [0] => Array
                (
                    [VALUE] => +79158070515
                    [VALUE_TYPE] => MOBILE
                )

        )

    [ASSIGNED_BY_ID] => 1
    [TITLE] => Новая заявка - +79158070515
    [UF_CRM_GOROD] => 264605
    [OPENED] => Y
    [STATUS_ID] => NEW
    [SOURCE_ID] => 736
    [COMMENTS] => <b>Город:</b> Брянская область<br>
)

Bitrix Response: {"result":653239,"time":{"start":1771658681,"finish":1771658686.313886,"duration":5.313885927200317,"processing":5,"date_start":"2026-02-21T10:24:41+03:00","date_finish":"2026-02-21T10:24:46+03:00","operating_reset_at":1771659281,"operating":15.015039920806885}}
Статус: Успешно (Lead ID: 653239)
--------------------------------------------------

Время: 21.02.2026 10:29:44
Сервис: Директ
From: Заявка из Директ
Клиент: Array
(
    [name] => Людмила Анатольевна
    [phone] => +79158070515
    [email] => 
)

Город: Брянская область (ID: 264605)
RAW Input: {"phone":"+79158070515","name":"\u041b\u044e\u0434\u043c\u0438\u043b\u0430 \u0410\u043d\u0430\u0442\u043e\u043b\u044c\u0435\u0432\u043d\u0430","utm_source":"yandex","utm_medium":"cpc","utm_campaign":"707329992","utm_content":"17607710054","Gorod":"\u0411\u0440\u044f\u043d\u0441\u043a\u0430\u044f \u043e\u0431\u043b\u0430\u0441\u0442\u044c"}
POST: Array
(
)

Quiz/Комментарии: Array
(
)

Собранные комментарии (для лога): 
Город: Брянская область

Отправка комментариев в Bitrix: ДА
Поля для Bitrix: Array
(
    [UTM_SOURCE] => yandex
    [UTM_MEDIUM] => cpc
    [UTM_CAMPAIGN] => 707329992
    [UTM_CONTENT] => 17607710054
    [NAME] => Людмила Анатольевна
    [PHONE] => Array
        (
            [0] => Array
                (
                    [VALUE] => +79158070515
                    [VALUE_TYPE] => MOBILE
                )

        )

    [ASSIGNED_BY_ID] => 1
    [TITLE] => Новая заявка - +79158070515
    [UF_CRM_GOROD] => 264605
    [OPENED] => Y
    [STATUS_ID] => NEW
    [SOURCE_ID] => 736
    [COMMENTS] => <b>Город:</b> Брянская область<br>
)

Bitrix Response: {"result":653243,"time":{"start":1771658984,"finish":1771658989.217981,"duration":5.2179811000823975,"processing":5,"date_start":"2026-02-21T10:29:44+03:00","date_finish":"2026-02-21T10:29:49+03:00","operating_reset_at":1771659584,"operating":11.943981885910034}}
Статус: Успешно (Lead ID: 653243)
--------------------------------------------------

Время: 21.02.2026 11:06:25
Сервис: Директ
From: Заявка из Директ
Клиент: Array
(
    [name] => Дмитрий
    [phone] => +79103247315
    [email] => 
)

Город: Другой регион (ID: не найден)
RAW Input: {"phone":"+79103247315","name":"\u0414\u043c\u0438\u0442\u0440\u0438\u0439","utm_source":"yandex","utm_medium":"cpc","utm_campaign":"707329992","utm_content":"17607710054","Gorod":"\u0414\u0440\u0443\u0433\u043e\u0439 \u0440\u0435\u0433\u0438\u043e\u043d"}
POST: Array
(
)

Quiz/Комментарии: Array
(
)

Собранные комментарии (для лога): 
Город: Другой регион

Отправка комментариев в Bitrix: ДА
Поля для Bitrix: Array
(
    [UTM_SOURCE] => yandex
    [UTM_MEDIUM] => cpc
    [UTM_CAMPAIGN] => 707329992
    [UTM_CONTENT] => 17607710054
    [NAME] => Дмитрий
    [PHONE] => Array
        (
            [0] => Array
                (
                    [VALUE] => +79103247315
                    [VALUE_TYPE] => MOBILE
                )

        )

    [ASSIGNED_BY_ID] => 1
    [TITLE] => Новая заявка - +79103247315
    [UF_CRM_GOROD] => Другой регион
    [OPENED] => Y
    [STATUS_ID] => NEW
    [SOURCE_ID] => 736
    [COMMENTS] => <b>Город:</b> Другой регион<br>
)

Bitrix Response: {"result":653261,"time":{"start":1771661185,"finish":1771661189.423708,"duration":4.423707962036133,"processing":4,"date_start":"2026-02-21T11:06:25+03:00","date_finish":"2026-02-21T11:06:29+03:00","operating_reset_at":1771661785,"operating":4.153932094573975}}
Статус: Успешно (Lead ID: 653261)
--------------------------------------------------

Время: 21.02.2026 11:29:08
Сервис: Директ
From: Заявка из Директ
Клиент: Array
(
    [name] => Валерий
    [phone] => +79509184572
    [email] => 
)

Город: Другой регион (ID: не найден)
RAW Input: {"phone":"+79509184572","name":"\u0412\u0430\u043b\u0435\u0440\u0438\u0439","utm_source":"yandex","utm_medium":"cpc","utm_campaign":"707329992","utm_content":"17607710054","Gorod":"\u0414\u0440\u0443\u0433\u043e\u0439 \u0440\u0435\u0433\u0438\u043e\u043d"}
POST: Array
(
)

Quiz/Комментарии: Array
(
)

Собранные комментарии (для лога): 
Город: Другой регион

Отправка комментариев в Bitrix: ДА
Поля для Bitrix: Array
(
    [UTM_SOURCE] => yandex
    [UTM_MEDIUM] => cpc
    [UTM_CAMPAIGN] => 707329992
    [UTM_CONTENT] => 17607710054
    [NAME] => Валерий
    [PHONE] => Array
        (
            [0] => Array
                (
                    [VALUE] => +79509184572
                    [VALUE_TYPE] => MOBILE
                )

        )

    [ASSIGNED_BY_ID] => 1
    [TITLE] => Новая заявка - +79509184572
    [UF_CRM_GOROD] => Другой регион
    [OPENED] => Y
    [STATUS_ID] => NEW
    [SOURCE_ID] => 736
    [COMMENTS] => <b>Город:</b> Другой регион<br>
)

Bitrix Response: {"result":653269,"time":{"start":1771662549,"finish":1771662553.548874,"duration":4.5488739013671875,"processing":4,"date_start":"2026-02-21T11:29:09+03:00","date_finish":"2026-02-21T11:29:13+03:00","operating_reset_at":1771663149,"operating":6.192421913146973}}
Статус: Успешно (Lead ID: 653269)
--------------------------------------------------

Время: 21.02.2026 14:04:39
Сервис: Директ
From: Заявка из Директ
Клиент: Array
(
    [name] => Светлана
    [phone] => +79051745315
    [email] => 
)

Город: Брянская область (ID: 264605)
RAW Input: {"phone":"+79051745315","name":"\u0421\u0432\u0435\u0442\u043b\u0430\u043d\u0430","utm_source":"yandex","utm_medium":"cpc","utm_campaign":"707329992","utm_content":"17607710054","Gorod":"\u0411\u0440\u044f\u043d\u0441\u043a\u0430\u044f \u043e\u0431\u043b\u0430\u0441\u0442\u044c"}
POST: Array
(
)

Quiz/Комментарии: Array
(
)

Собранные комментарии (для лога): 
Город: Брянская область

Отправка комментариев в Bitrix: ДА
Поля для Bitrix: Array
(
    [UTM_SOURCE] => yandex
    [UTM_MEDIUM] => cpc
    [UTM_CAMPAIGN] => 707329992
    [UTM_CONTENT] => 17607710054
    [NAME] => Светлана
    [PHONE] => Array
        (
            [0] => Array
                (
                    [VALUE] => +79051745315
                    [VALUE_TYPE] => MOBILE
                )

        )

    [ASSIGNED_BY_ID] => 1
    [TITLE] => Новая заявка - +79051745315
    [UF_CRM_GOROD] => 264605
    [OPENED] => Y
    [STATUS_ID] => NEW
    [SOURCE_ID] => 736
    [COMMENTS] => <b>Город:</b> Брянская область<br>
)

Bitrix Response: {"result":653327,"time":{"start":1771671879,"finish":1771671884.772156,"duration":5.772156000137329,"processing":5,"date_start":"2026-02-21T14:04:39+03:00","date_finish":"2026-02-21T14:04:44+03:00","operating_reset_at":1771672479,"operating":6.892793893814087}}
Статус: Успешно (Lead ID: 653327)
--------------------------------------------------

Время: 21.02.2026 14:10:13
Сервис: Директ
From: Заявка из Директ
Клиент: Array
(
    [name] => Светлана
    [phone] => +79051745315
    [email] => 
)

Город: Брянская область (ID: 264605)
RAW Input: {"phone":"+79051745315","name":"\u0421\u0432\u0435\u0442\u043b\u0430\u043d\u0430","utm_source":"yandex","utm_medium":"cpc","utm_campaign":"707329992","utm_content":"17607710054","Gorod":"\u0411\u0440\u044f\u043d\u0441\u043a\u0430\u044f \u043e\u0431\u043b\u0430\u0441\u0442\u044c"}
POST: Array
(
)

Quiz/Комментарии: Array
(
)

Собранные комментарии (для лога): 
Город: Брянская область

Отправка комментариев в Bitrix: ДА
Поля для Bitrix: Array
(
    [UTM_SOURCE] => yandex
    [UTM_MEDIUM] => cpc
    [UTM_CAMPAIGN] => 707329992
    [UTM_CONTENT] => 17607710054
    [NAME] => Светлана
    [PHONE] => Array
        (
            [0] => Array
                (
                    [VALUE] => +79051745315
                    [VALUE_TYPE] => MOBILE
                )

        )

    [ASSIGNED_BY_ID] => 1
    [TITLE] => Новая заявка - +79051745315
    [UF_CRM_GOROD] => 264605
    [OPENED] => Y
    [STATUS_ID] => NEW
    [SOURCE_ID] => 736
    [COMMENTS] => <b>Город:</b> Брянская область<br>
)

Bitrix Response: {"result":653329,"time":{"start":1771672213,"finish":1771672218.818976,"duration":5.818975925445557,"processing":5,"date_start":"2026-02-21T14:10:13+03:00","date_finish":"2026-02-21T14:10:18+03:00","operating_reset_at":1771672813,"operating":10.146552085876465}}
Статус: Успешно (Lead ID: 653329)
--------------------------------------------------

Время: 21.02.2026 14:15:15
Сервис: Директ
From: Заявка из Директ
Клиент: Array
(
    [name] => Светлана
    [phone] => +79051745315
    [email] => 
)

Город: Брянская область (ID: 264605)
RAW Input: {"phone":"+79051745315","name":"\u0421\u0432\u0435\u0442\u043b\u0430\u043d\u0430","utm_source":"yandex","utm_medium":"cpc","utm_campaign":"707329992","utm_content":"17607710054","Gorod":"\u0411\u0440\u044f\u043d\u0441\u043a\u0430\u044f \u043e\u0431\u043b\u0430\u0441\u0442\u044c"}
POST: Array
(
)

Quiz/Комментарии: Array
(
)

Собранные комментарии (для лога): 
Город: Брянская область

Отправка комментариев в Bitrix: ДА
Поля для Bitrix: Array
(
    [UTM_SOURCE] => yandex
    [UTM_MEDIUM] => cpc
    [UTM_CAMPAIGN] => 707329992
    [UTM_CONTENT] => 17607710054
    [NAME] => Светлана
    [PHONE] => Array
        (
            [0] => Array
                (
                    [VALUE] => +79051745315
                    [VALUE_TYPE] => MOBILE
                )

        )

    [ASSIGNED_BY_ID] => 1
    [TITLE] => Новая заявка - +79051745315
    [UF_CRM_GOROD] => 264605
    [OPENED] => Y
    [STATUS_ID] => NEW
    [SOURCE_ID] => 736
    [COMMENTS] => <b>Город:</b> Брянская область<br>
)

Bitrix Response: {"result":653331,"time":{"start":1771672515,"finish":1771672520.73082,"duration":5.730819940567017,"processing":5,"date_start":"2026-02-21T14:15:15+03:00","date_finish":"2026-02-21T14:15:20+03:00","operating_reset_at":1771673115,"operating":10.238792181015015}}
Статус: Успешно (Lead ID: 653331)
--------------------------------------------------

Время: 21.02.2026 14:19:38
Сервис: Директ
From: Заявка из Директ
Клиент: Array
(
    [name] => Светлана
    [phone] => +79051745315
    [email] => 
)

Город: Брянская область (ID: 264605)
RAW Input: {"phone":"+79051745315","name":"\u0421\u0432\u0435\u0442\u043b\u0430\u043d\u0430","utm_source":"yandex","utm_medium":"cpc","utm_campaign":"707329992","utm_content":"17607710054","Gorod":"\u0411\u0440\u044f\u043d\u0441\u043a\u0430\u044f \u043e\u0431\u043b\u0430\u0441\u0442\u044c"}
POST: Array
(
)

Quiz/Комментарии: Array
(
)

Собранные комментарии (для лога): 
Город: Брянская область

Отправка комментариев в Bitrix: ДА
Поля для Bitrix: Array
(
    [UTM_SOURCE] => yandex
    [UTM_MEDIUM] => cpc
    [UTM_CAMPAIGN] => 707329992
    [UTM_CONTENT] => 17607710054
    [NAME] => Светлана
    [PHONE] => Array
        (
            [0] => Array
                (
                    [VALUE] => +79051745315
                    [VALUE_TYPE] => MOBILE
                )

        )

    [ASSIGNED_BY_ID] => 1
    [TITLE] => Новая заявка - +79051745315
    [UF_CRM_GOROD] => 264605
    [OPENED] => Y
    [STATUS_ID] => NEW
    [SOURCE_ID] => 736
    [COMMENTS] => <b>Город:</b> Брянская область<br>
)

Bitrix Response: {"result":653337,"time":{"start":1771672778,"finish":1771672783.990596,"duration":5.990596055984497,"processing":5,"date_start":"2026-02-21T14:19:38+03:00","date_finish":"2026-02-21T14:19:43+03:00","operating_reset_at":1771673378,"operating":15.4432852268219}}
Статус: Успешно (Lead ID: 653337)
--------------------------------------------------

Время: 22.02.2026 09:23:01
Сервис: Директ
From: Заявка из Директ
Клиент: Array
(
    [name] => Нина
    [phone] => +79200845861
    [email] => 
)

Город: Орловская область (ID: не найден)
RAW Input: {"phone":"+79200845861","name":"\u041d\u0438\u043d\u0430","utm_source":"yandex","utm_medium":"cpc","utm_campaign":"707329992","utm_content":"17607710054","Gorod":"\u041e\u0440\u043b\u043e\u0432\u0441\u043a\u0430\u044f \u043e\u0431\u043b\u0430\u0441\u0442\u044c"}
POST: Array
(
)

Quiz/Комментарии: Array
(
)

Собранные комментарии (для лога): 
Город: Орловская область

Отправка комментариев в Bitrix: ДА
Поля для Bitrix: Array
(
    [UTM_SOURCE] => yandex
    [UTM_MEDIUM] => cpc
    [UTM_CAMPAIGN] => 707329992
    [UTM_CONTENT] => 17607710054
    [NAME] => Нина
    [PHONE] => Array
        (
            [0] => Array
                (
                    [VALUE] => +79200845861
                    [VALUE_TYPE] => MOBILE
                )

        )

    [ASSIGNED_BY_ID] => 1
    [TITLE] => Новая заявка - +79200845861
    [UF_CRM_GOROD] => Орловская область
    [OPENED] => Y
    [STATUS_ID] => NEW
    [SOURCE_ID] => 736
    [COMMENTS] => <b>Город:</b> Орловская область<br>
)

Bitrix Response: {"result":653473,"time":{"start":1771741381,"finish":1771741386.047827,"duration":5.0478270053863525,"processing":5,"date_start":"2026-02-22T09:23:01+03:00","date_finish":"2026-02-22T09:23:06+03:00","operating_reset_at":1771741981,"operating":6.450362920761108}}
Статус: Успешно (Lead ID: 653473)
--------------------------------------------------

Время: 23.02.2026 17:16:17
Сервис: Директ
From: Заявка из Директ
Клиент: Array
(
    [name] => Елена
    [phone] => +79534181141
    [email] => 
)

Город: Орловская область (ID: не найден)
RAW Input: {"phone":"+79534181141","name":"\u0415\u043b\u0435\u043d\u0430","utm_source":"yandex","utm_medium":"cpc","utm_campaign":"707329992","utm_content":"17607710054","Gorod":"\u041e\u0440\u043b\u043e\u0432\u0441\u043a\u0430\u044f \u043e\u0431\u043b\u0430\u0441\u0442\u044c"}
POST: Array
(
)

Quiz/Комментарии: Array
(
)

Собранные комментарии (для лога): 
Город: Орловская область

Отправка комментариев в Bitrix: ДА
Поля для Bitrix: Array
(
    [UTM_SOURCE] => yandex
    [UTM_MEDIUM] => cpc
    [UTM_CAMPAIGN] => 707329992
    [UTM_CONTENT] => 17607710054
    [NAME] => Елена
    [PHONE] => Array
        (
            [0] => Array
                (
                    [VALUE] => +79534181141
                    [VALUE_TYPE] => MOBILE
                )

        )

    [ASSIGNED_BY_ID] => 1
    [TITLE] => Новая заявка - +79534181141
    [UF_CRM_GOROD] => Орловская область
    [OPENED] => Y
    [STATUS_ID] => NEW
    [SOURCE_ID] => 736
    [COMMENTS] => <b>Город:</b> Орловская область<br>
)

Bitrix Response: {"result":653797,"time":{"start":1771856177,"finish":1771856181.513393,"duration":4.513392925262451,"processing":4,"date_start":"2026-02-23T17:16:17+03:00","date_finish":"2026-02-23T17:16:21+03:00","operating_reset_at":1771856777,"operating":4.3597400188446045}}
Статус: Успешно (Lead ID: 653797)
--------------------------------------------------

Время: 23.02.2026 20:15:51
Сервис: Директ
From: Заявка из Директ
Клиент: Array
(
    [name] => Екатерина
    [phone] => +79539651387
    [email] => 
)

Город: Тульская область (ID: 29407)
RAW Input: {"phone":"+79539651387","name":"\u0415\u043a\u0430\u0442\u0435\u0440\u0438\u043d\u0430","utm_source":"yandex","utm_medium":"cpc","utm_campaign":"707329992","utm_content":"17607710056","Gorod":"\u0422\u0443\u043b\u044c\u0441\u043a\u0430\u044f \u043e\u0431\u043b\u0430\u0441\u0442\u044c"}
POST: Array
(
)

Quiz/Комментарии: Array
(
)

Собранные комментарии (для лога): 
Город: Тульская область

Отправка комментариев в Bitrix: ДА
Поля для Bitrix: Array
(
    [UTM_SOURCE] => yandex
    [UTM_MEDIUM] => cpc
    [UTM_CAMPAIGN] => 707329992
    [UTM_CONTENT] => 17607710056
    [NAME] => Екатерина
    [PHONE] => Array
        (
            [0] => Array
                (
                    [VALUE] => +79539651387
                    [VALUE_TYPE] => MOBILE
                )

        )

    [ASSIGNED_BY_ID] => 1
    [TITLE] => Новая заявка - +79539651387
    [UF_CRM_GOROD] => 29407
    [OPENED] => Y
    [STATUS_ID] => NEW
    [SOURCE_ID] => 736
    [COMMENTS] => <b>Город:</b> Тульская область<br>
)

Bitrix Response: {"result":653837,"time":{"start":1771866951,"finish":1771866956.441026,"duration":5.441025972366333,"processing":5,"date_start":"2026-02-23T20:15:51+03:00","date_finish":"2026-02-23T20:15:56+03:00","operating_reset_at":1771867551,"operating":4.7044970989227295}}
Статус: Успешно (Lead ID: 653837)
--------------------------------------------------

Время: 23.02.2026 20:25:22
Сервис: Директ
From: Заявка из Директ
Клиент: Array
(
    [name] => Екатерина
    [phone] => +79539651387
    [email] => 
)

Город: Тульская область (ID: 29407)
RAW Input: {"phone":"+79539651387","name":"\u0415\u043a\u0430\u0442\u0435\u0440\u0438\u043d\u0430","utm_source":"yandex","utm_medium":"cpc","utm_campaign":"707329992","utm_content":"17607710056","Gorod":"\u0422\u0443\u043b\u044c\u0441\u043a\u0430\u044f \u043e\u0431\u043b\u0430\u0441\u0442\u044c"}
POST: Array
(
)

Quiz/Комментарии: Array
(
)

Собранные комментарии (для лога): 
Город: Тульская область

Отправка комментариев в Bitrix: ДА
Поля для Bitrix: Array
(
    [UTM_SOURCE] => yandex
    [UTM_MEDIUM] => cpc
    [UTM_CAMPAIGN] => 707329992
    [UTM_CONTENT] => 17607710056
    [NAME] => Екатерина
    [PHONE] => Array
        (
            [0] => Array
                (
                    [VALUE] => +79539651387
                    [VALUE_TYPE] => MOBILE
                )

        )

    [ASSIGNED_BY_ID] => 1
    [TITLE] => Новая заявка - +79539651387
    [UF_CRM_GOROD] => 29407
    [OPENED] => Y
    [STATUS_ID] => NEW
    [SOURCE_ID] => 736
    [COMMENTS] => <b>Город:</b> Тульская область<br>
)

Bitrix Response: {"result":653841,"time":{"start":1771867522,"finish":1771867527.054318,"duration":5.054317951202393,"processing":5,"date_start":"2026-02-23T20:25:22+03:00","date_finish":"2026-02-23T20:25:27+03:00","operating_reset_at":1771868122,"operating":6.744266986846924}}
Статус: Успешно (Lead ID: 653841)
--------------------------------------------------

Время: 23.02.2026 20:33:05
Сервис: Директ
From: Заявка из Директ
Клиент: Array
(
    [name] => Екатерина
    [phone] => +79539651387
    [email] => 
)

Город: Тульская область (ID: 29407)
RAW Input: {"phone":"+79539651387","name":"\u0415\u043a\u0430\u0442\u0435\u0440\u0438\u043d\u0430","utm_source":"yandex","utm_medium":"cpc","utm_campaign":"707329992","utm_content":"17607710056","Gorod":"\u0422\u0443\u043b\u044c\u0441\u043a\u0430\u044f \u043e\u0431\u043b\u0430\u0441\u0442\u044c"}
POST: Array
(
)

Quiz/Комментарии: Array
(
)

Собранные комментарии (для лога): 
Город: Тульская область

Отправка комментариев в Bitrix: ДА
Поля для Bitrix: Array
(
    [UTM_SOURCE] => yandex
    [UTM_MEDIUM] => cpc
    [UTM_CAMPAIGN] => 707329992
    [UTM_CONTENT] => 17607710056
    [NAME] => Екатерина
    [PHONE] => Array
        (
            [0] => Array
                (
                    [VALUE] => +79539651387
                    [VALUE_TYPE] => MOBILE
                )

        )

    [ASSIGNED_BY_ID] => 1
    [TITLE] => Новая заявка - +79539651387
    [UF_CRM_GOROD] => 29407
    [OPENED] => Y
    [STATUS_ID] => NEW
    [SOURCE_ID] => 736
    [COMMENTS] => <b>Город:</b> Тульская область<br>
)

Bitrix Response: {"result":653843,"time":{"start":1771867985,"finish":1771867990.819832,"duration":5.81983208656311,"processing":5,"date_start":"2026-02-23T20:33:05+03:00","date_finish":"2026-02-23T20:33:10+03:00","operating_reset_at":1771868585,"operating":9.871511220932007}}
Статус: Успешно (Lead ID: 653843)
--------------------------------------------------

Время: 23.02.2026 20:37:32
Сервис: Директ
From: Заявка из Директ
Клиент: Array
(
    [name] => Екатерина
    [phone] => +79539651387
    [email] => 
)

Город: Тульская область (ID: 29407)
RAW Input: {"phone":"+79539651387","name":"\u0415\u043a\u0430\u0442\u0435\u0440\u0438\u043d\u0430","utm_source":"yandex","utm_medium":"cpc","utm_campaign":"707329992","utm_content":"17607710056","Gorod":"\u0422\u0443\u043b\u044c\u0441\u043a\u0430\u044f \u043e\u0431\u043b\u0430\u0441\u0442\u044c"}
POST: Array
(
)

Quiz/Комментарии: Array
(
)

Собранные комментарии (для лога): 
Город: Тульская область

Отправка комментариев в Bitrix: ДА
Поля для Bitrix: Array
(
    [UTM_SOURCE] => yandex
    [UTM_MEDIUM] => cpc
    [UTM_CAMPAIGN] => 707329992
    [UTM_CONTENT] => 17607710056
    [NAME] => Екатерина
    [PHONE] => Array
        (
            [0] => Array
                (
                    [VALUE] => +79539651387
                    [VALUE_TYPE] => MOBILE
                )

        )

    [ASSIGNED_BY_ID] => 1
    [TITLE] => Новая заявка - +79539651387
    [UF_CRM_GOROD] => 29407
    [OPENED] => Y
    [STATUS_ID] => NEW
    [SOURCE_ID] => 736
    [COMMENTS] => <b>Город:</b> Тульская область<br>
)

Bitrix Response: {"result":653851,"time":{"start":1771868253,"finish":1771868257.868727,"duration":4.868726968765259,"processing":4,"date_start":"2026-02-23T20:37:33+03:00","date_finish":"2026-02-23T20:37:37+03:00","operating_reset_at":1771868853,"operating":16.062922954559326}}
Статус: Успешно (Lead ID: 653851)
--------------------------------------------------

Время: 24.02.2026 09:29:08
Сервис: Директ
From: Заявка из Директ
Клиент: Array
(
    [name] => Марина
    [phone] => +79534422439
    [email] => 
)

Город: Тульская область (ID: 29407)
RAW Input: {"phone":"+79534422439","name":"\u041c\u0430\u0440\u0438\u043d\u0430","utm_source":"yandex","utm_medium":"cpc","utm_campaign":"707329992","utm_content":"17607710054","Gorod":"\u0422\u0443\u043b\u044c\u0441\u043a\u0430\u044f \u043e\u0431\u043b\u0430\u0441\u0442\u044c"}
POST: Array
(
)

Quiz/Комментарии: Array
(
)

Собранные комментарии (для лога): 
Город: Тульская область

Отправка комментариев в Bitrix: ДА
Поля для Bitrix: Array
(
    [UTM_SOURCE] => yandex
    [UTM_MEDIUM] => cpc
    [UTM_CAMPAIGN] => 707329992
    [UTM_CONTENT] => 17607710054
    [NAME] => Марина
    [PHONE] => Array
        (
            [0] => Array
                (
                    [VALUE] => +79534422439
                    [VALUE_TYPE] => MOBILE
                )

        )

    [ASSIGNED_BY_ID] => 1
    [TITLE] => Новая заявка - +79534422439
    [UF_CRM_GOROD] => 29407
    [OPENED] => Y
    [STATUS_ID] => NEW
    [SOURCE_ID] => 736
    [COMMENTS] => <b>Город:</b> Тульская область<br>
)

Bitrix Response: {"result":653937,"time":{"start":1771914548,"finish":1771914555.073993,"duration":7.073992967605591,"processing":6,"date_start":"2026-02-24T09:29:08+03:00","date_finish":"2026-02-24T09:29:15+03:00","operating_reset_at":1771915149,"operating":14.246161937713623}}
Статус: Успешно (Lead ID: 653937)
--------------------------------------------------

Время: 24.02.2026 09:29:49
Сервис: Директ
From: Заявка из Директ
Клиент: Array
(
    [name] => Марина
    [phone] => +79534422439
    [email] => 
)

Город: Тульская область (ID: 29407)
RAW Input: {"phone":"+79534422439","name":"\u041c\u0430\u0440\u0438\u043d\u0430","utm_source":"yandex","utm_medium":"cpc","utm_campaign":"707329992","utm_content":"17607710054","Gorod":"\u0422\u0443\u043b\u044c\u0441\u043a\u0430\u044f \u043e\u0431\u043b\u0430\u0441\u0442\u044c"}
POST: Array
(
)

Quiz/Комментарии: Array
(
)

Собранные комментарии (для лога): 
Город: Тульская область

Отправка комментариев в Bitrix: ДА
Поля для Bitrix: Array
(
    [UTM_SOURCE] => yandex
    [UTM_MEDIUM] => cpc
    [UTM_CAMPAIGN] => 707329992
    [UTM_CONTENT] => 17607710054
    [NAME] => Марина
    [PHONE] => Array
        (
            [0] => Array
                (
                    [VALUE] => +79534422439
                    [VALUE_TYPE] => MOBILE
                )

        )

    [ASSIGNED_BY_ID] => 1
    [TITLE] => Новая заявка - +79534422439
    [UF_CRM_GOROD] => 29407
    [OPENED] => Y
    [STATUS_ID] => NEW
    [SOURCE_ID] => 736
    [COMMENTS] => <b>Город:</b> Тульская область<br>
)

Bitrix Response: {"result":653939,"time":{"start":1771914589,"finish":1771914596.160339,"duration":7.160339117050171,"processing":7,"date_start":"2026-02-24T09:29:49+03:00","date_finish":"2026-02-24T09:29:56+03:00","operating_reset_at":1771915189,"operating":20.6977379322052}}
Статус: Успешно (Lead ID: 653939)
--------------------------------------------------

Время: 24.02.2026 09:40:04
Сервис: Директ
From: Заявка из Директ
Клиент: Array
(
    [name] => Марина
    [phone] => +79534422439
    [email] => 
)

Город: Тульская область (ID: 29407)
RAW Input: {"phone":"+79534422439","name":"\u041c\u0430\u0440\u0438\u043d\u0430","utm_source":"yandex","utm_medium":"cpc","utm_campaign":"707329992","utm_content":"17607710054","Gorod":"\u0422\u0443\u043b\u044c\u0441\u043a\u0430\u044f \u043e\u0431\u043b\u0430\u0441\u0442\u044c"}
POST: Array
(
)

Quiz/Комментарии: Array
(
)

Собранные комментарии (для лога): 
Город: Тульская область

Отправка комментариев в Bitrix: ДА
Поля для Bitrix: Array
(
    [UTM_SOURCE] => yandex
    [UTM_MEDIUM] => cpc
    [UTM_CAMPAIGN] => 707329992
    [UTM_CONTENT] => 17607710054
    [NAME] => Марина
    [PHONE] => Array
        (
            [0] => Array
                (
                    [VALUE] => +79534422439
                    [VALUE_TYPE] => MOBILE
                )

        )

    [ASSIGNED_BY_ID] => 1
    [TITLE] => Новая заявка - +79534422439
    [UF_CRM_GOROD] => 29407
    [OPENED] => Y
    [STATUS_ID] => NEW
    [SOURCE_ID] => 736
    [COMMENTS] => <b>Город:</b> Тульская область<br>
)

Bitrix Response: {"result":653947,"time":{"start":1771915204,"finish":1771915210.77879,"duration":6.77878999710083,"processing":6,"date_start":"2026-02-24T09:40:04+03:00","date_finish":"2026-02-24T09:40:10+03:00","operating_reset_at":1771915804,"operating":6.375079154968262}}
Статус: Успешно (Lead ID: 653947)
--------------------------------------------------

Время: 25.02.2026 19:31:35
Сервис: Директ
From: Заявка из Директ
Клиент: Array
(
    [name] => Марина
    [phone] => +79202866625
    [email] => 
)

Город: Орловская область (ID: не найден)
RAW Input: {"phone":"+79202866625","name":"\u041c\u0430\u0440\u0438\u043d\u0430","utm_source":"yandex","utm_medium":"cpc","utm_campaign":"707329992","utm_content":"17607710055","Gorod":"\u041e\u0440\u043b\u043e\u0432\u0441\u043a\u0430\u044f \u043e\u0431\u043b\u0430\u0441\u0442\u044c"}
POST: Array
(
)

Quiz/Комментарии: Array
(
)

Собранные комментарии (для лога): 
Город: Орловская область

Отправка комментариев в Bitrix: ДА
Поля для Bitrix: Array
(
    [UTM_SOURCE] => yandex
    [UTM_MEDIUM] => cpc
    [UTM_CAMPAIGN] => 707329992
    [UTM_CONTENT] => 17607710055
    [NAME] => Марина
    [PHONE] => Array
        (
            [0] => Array
                (
                    [VALUE] => +79202866625
                    [VALUE_TYPE] => MOBILE
                )

        )

    [ASSIGNED_BY_ID] => 1
    [TITLE] => Новая заявка - +79202866625
    [UF_CRM_GOROD] => Орловская область
    [OPENED] => Y
    [STATUS_ID] => NEW
    [SOURCE_ID] => 736
    [COMMENTS] => <b>Город:</b> Орловская область<br>
)

Bitrix Response: {"result":655453,"time":{"start":1772037095,"finish":1772037099.649063,"duration":4.6490631103515625,"processing":4,"date_start":"2026-02-25T19:31:35+03:00","date_finish":"2026-02-25T19:31:39+03:00","operating_reset_at":1772037695,"operating":6.890373945236206}}
Статус: Успешно (Lead ID: 655453)
--------------------------------------------------

Время: 26.02.2026 17:53:11
Сервис: Директ
From: Заявка из Директ
Клиент: Array
(
    [name] => Павел
    [phone] => +79521205024
    [email] => 
)

Город: Другой регион (ID: не найден)
RAW Input: {"phone":"+79521205024","name":"\u041f\u0430\u0432\u0435\u043b","utm_source":"yandex","utm_medium":"cpc","utm_campaign":"707329992","utm_content":"17607710053","Gorod":"\u0414\u0440\u0443\u0433\u043e\u0439 \u0440\u0435\u0433\u0438\u043e\u043d"}
POST: Array
(
)

Quiz/Комментарии: Array
(
)

Собранные комментарии (для лога): 
Город: Другой регион

Отправка комментариев в Bitrix: ДА
Поля для Bitrix: Array
(
    [UTM_SOURCE] => yandex
    [UTM_MEDIUM] => cpc
    [UTM_CAMPAIGN] => 707329992
    [UTM_CONTENT] => 17607710053
    [NAME] => Павел
    [PHONE] => Array
        (
            [0] => Array
                (
                    [VALUE] => +79521205024
                    [VALUE_TYPE] => MOBILE
                )

        )

    [ASSIGNED_BY_ID] => 1
    [TITLE] => Новая заявка - +79521205024
    [UF_CRM_GOROD] => Другой регион
    [OPENED] => Y
    [STATUS_ID] => NEW
    [SOURCE_ID] => 736
    [COMMENTS] => <b>Город:</b> Другой регион<br>
)

Bitrix Response: {"result":656207,"time":{"start":1772117591,"finish":1772117596.773858,"duration":5.773858070373535,"processing":4,"date_start":"2026-02-26T17:53:11+03:00","date_finish":"2026-02-26T17:53:16+03:00","operating_reset_at":1772118192,"operating":6.993628978729248}}
Статус: Успешно (Lead ID: 656207)
--------------------------------------------------

Время: 26.02.2026 17:54:52
Сервис: Директ
From: Заявка из Директ
Клиент: Array
(
    [name] => Павел
    [phone] => +79521205024
    [email] => 
)

Город: Другой регион (ID: не найден)
RAW Input: {"phone":"+79521205024","name":"\u041f\u0430\u0432\u0435\u043b","utm_source":"yandex","utm_medium":"cpc","utm_campaign":"707329992","utm_content":"17607710053","Gorod":"\u0414\u0440\u0443\u0433\u043e\u0439 \u0440\u0435\u0433\u0438\u043e\u043d"}
POST: Array
(
)

Quiz/Комментарии: Array
(
)

Собранные комментарии (для лога): 
Город: Другой регион

Отправка комментариев в Bitrix: ДА
Поля для Bitrix: Array
(
    [UTM_SOURCE] => yandex
    [UTM_MEDIUM] => cpc
    [UTM_CAMPAIGN] => 707329992
    [UTM_CONTENT] => 17607710053
    [NAME] => Павел
    [PHONE] => Array
        (
            [0] => Array
                (
                    [VALUE] => +79521205024
                    [VALUE_TYPE] => MOBILE
                )

        )

    [ASSIGNED_BY_ID] => 1
    [TITLE] => Новая заявка - +79521205024
    [UF_CRM_GOROD] => Другой регион
    [OPENED] => Y
    [STATUS_ID] => NEW
    [SOURCE_ID] => 736
    [COMMENTS] => <b>Город:</b> Другой регион<br>
)

Bitrix Response: {"result":656211,"time":{"start":1772117692,"finish":1772117697.50081,"duration":5.500809907913208,"processing":4,"date_start":"2026-02-26T17:54:52+03:00","date_finish":"2026-02-26T17:54:57+03:00","operating_reset_at":1772118293,"operating":13.5326247215271}}
Статус: Успешно (Lead ID: 656211)
--------------------------------------------------

Время: 26.02.2026 18:25:46
Сервис: Директ
From: Заявка из Директ
Клиент: Array
(
    [name] => Антон
    [phone] => +79524194651
    [email] => 
)

Город: Другой регион (ID: не найден)
RAW Input: {"phone":"+79524194651","name":"\u0410\u043d\u0442\u043e\u043d","utm_source":"yandex","utm_medium":"cpc","utm_campaign":"707329992","utm_content":"17607710054","Gorod":"\u0414\u0440\u0443\u0433\u043e\u0439 \u0440\u0435\u0433\u0438\u043e\u043d"}
POST: Array
(
)

Quiz/Комментарии: Array
(
)

Собранные комментарии (для лога): 
Город: Другой регион

Отправка комментариев в Bitrix: ДА
Поля для Bitrix: Array
(
    [UTM_SOURCE] => yandex
    [UTM_MEDIUM] => cpc
    [UTM_CAMPAIGN] => 707329992
    [UTM_CONTENT] => 17607710054
    [NAME] => Антон
    [PHONE] => Array
        (
            [0] => Array
                (
                    [VALUE] => +79524194651
                    [VALUE_TYPE] => MOBILE
                )

        )

    [ASSIGNED_BY_ID] => 1
    [TITLE] => Новая заявка - +79524194651
    [UF_CRM_GOROD] => Другой регион
    [OPENED] => Y
    [STATUS_ID] => NEW
    [SOURCE_ID] => 736
    [COMMENTS] => <b>Город:</b> Другой регион<br>
)

Bitrix Response: {"result":656223,"time":{"start":1772119546,"finish":1772119550.761477,"duration":4.761476993560791,"processing":4,"date_start":"2026-02-26T18:25:46+03:00","date_finish":"2026-02-26T18:25:50+03:00","operating_reset_at":1772120146,"operating":7.553323030471802}}
Статус: Успешно (Lead ID: 656223)
--------------------------------------------------

