Время: 24.02.2026 09:14:52
Сервис: Робот
From: Заявка из Робот
Клиент: Array
(
    [name] => 
    [phone] => 79398550878
    [email] => 
)

Город: Орёл (ID: не найден)
RAW Input: {"phone":"79398550878","name":"","Comments":"","Gorod":"\u041e\u0440\u0451\u043b","utm_source":"ap-lead","utm_medium":"ivr","utm_campaign":null,"utm_content":null,"utm_term":null}
POST: Array
(
)

Quiz/Комментарии: Array
(
)

Собранные комментарии (для лога): 
Город: Орёл

Отправка комментариев в Bitrix: ДА
Поля для Bitrix: Array
(
    [PHONE] => Array
        (
            [0] => Array
                (
                    [VALUE] => 79398550878
                    [VALUE_TYPE] => MOBILE
                )

        )

    [ASSIGNED_BY_ID] => 1
    [TITLE] => Новая заявка - 79398550878
    [OPENED] => Y
    [STATUS_ID] => NEW
    [SOURCE_ID] => 1076
    [COMMENTS] => <b>Город:</b> Орёл<br>
)

Bitrix Response: {"result":653919,"time":{"start":1771913692,"finish":1771913694.325467,"duration":2.325467109680176,"processing":2,"date_start":"2026-02-24T09:14:52+03:00","date_finish":"2026-02-24T09:14:54+03:00","operating_reset_at":1771914292,"operating":8.431398868560791}}
Статус: Успешно (Lead ID: 653919)
--------------------------------------------------

Время: 24.02.2026 09:16:21
Сервис: Робот
From: Заявка из Робот
Клиент: Array
(
    [name] => 
    [phone] => 79208096577
    [email] => 
)

Город: Орёл (ID: не найден)
RAW Input: {"phone":"79208096577","name":"","Comments":"","Gorod":"\u041e\u0440\u0451\u043b","utm_source":"ap-lead","utm_medium":"ivr","utm_campaign":null,"utm_content":null,"utm_term":null}
POST: Array
(
)

Quiz/Комментарии: Array
(
)

Собранные комментарии (для лога): 
Город: Орёл

Отправка комментариев в Bitrix: ДА
Поля для Bitrix: Array
(
    [PHONE] => Array
        (
            [0] => Array
                (
                    [VALUE] => 79208096577
                    [VALUE_TYPE] => MOBILE
                )

        )

    [ASSIGNED_BY_ID] => 1
    [TITLE] => Новая заявка - 79208096577
    [OPENED] => Y
    [STATUS_ID] => NEW
    [SOURCE_ID] => 1076
    [COMMENTS] => <b>Город:</b> Орёл<br>
)

Bitrix Response: {"result":653921,"time":{"start":1771913781,"finish":1771913783.465017,"duration":2.465017080307007,"processing":2,"date_start":"2026-02-24T09:16:21+03:00","date_finish":"2026-02-24T09:16:23+03:00","operating_reset_at":1771914381,"operating":10.607700824737549}}
Статус: Успешно (Lead ID: 653921)
--------------------------------------------------

Время: 24.02.2026 10:16:48
Сервис: Робот
From: Заявка из Робот
Клиент: Array
(
    [name] => 
    [phone] => 79092268028
    [email] => 
)

Город: Орёл (ID: не найден)
RAW Input: {"phone":"79092268028","name":"","Comments":"","Gorod":"\u041e\u0440\u0451\u043b","utm_source":"ap-lead","utm_medium":"ivr","utm_campaign":null,"utm_content":null,"utm_term":null}
POST: Array
(
)

Quiz/Комментарии: Array
(
)

Собранные комментарии (для лога): 
Город: Орёл

Отправка комментариев в Bitrix: ДА
Поля для Bitrix: Array
(
    [PHONE] => Array
        (
            [0] => Array
                (
                    [VALUE] => 79092268028
                    [VALUE_TYPE] => MOBILE
                )

        )

    [ASSIGNED_BY_ID] => 1
    [TITLE] => Новая заявка - 79092268028
    [OPENED] => Y
    [STATUS_ID] => NEW
    [SOURCE_ID] => 1076
    [COMMENTS] => <b>Город:</b> Орёл<br>
)

Bitrix Response: {"result":653979,"time":{"start":1771917408,"finish":1771917410.344831,"duration":2.3448309898376465,"processing":2,"date_start":"2026-02-24T10:16:48+03:00","date_finish":"2026-02-24T10:16:50+03:00","operating_reset_at":1771918008,"operating":2.1014320850372314}}
Статус: Успешно (Lead ID: 653979)
--------------------------------------------------

Время: 24.02.2026 10:18:53
Сервис: Робот
From: Заявка из Робот
Клиент: Array
(
    [name] => 
    [phone] => 79534792575
    [email] => 
)

Город: Орёл (ID: не найден)
RAW Input: {"phone":"79534792575","name":"","Comments":"","Gorod":"\u041e\u0440\u0451\u043b","utm_source":"ap-lead","utm_medium":"ivr","utm_campaign":null,"utm_content":null,"utm_term":null}
POST: Array
(
)

Quiz/Комментарии: Array
(
)

Собранные комментарии (для лога): 
Город: Орёл

Отправка комментариев в Bitrix: ДА
Поля для Bitrix: Array
(
    [PHONE] => Array
        (
            [0] => Array
                (
                    [VALUE] => 79534792575
                    [VALUE_TYPE] => MOBILE
                )

        )

    [ASSIGNED_BY_ID] => 1
    [TITLE] => Новая заявка - 79534792575
    [OPENED] => Y
    [STATUS_ID] => NEW
    [SOURCE_ID] => 1076
    [COMMENTS] => <b>Город:</b> Орёл<br>
)

Bitrix Response: {"result":653981,"time":{"start":1771917533,"finish":1771917535.48734,"duration":2.487339973449707,"processing":2,"date_start":"2026-02-24T10:18:53+03:00","date_finish":"2026-02-24T10:18:55+03:00","operating_reset_at":1771918133,"operating":4.318888187408447}}
Статус: Успешно (Lead ID: 653981)
--------------------------------------------------

Время: 25.02.2026 09:08:51
Сервис: Робот
From: Заявка из Робот
Клиент: Array
(
    [name] => Казаков Игорь Владимирович
    [phone] => 79961630518
    [email] => 
)

Город: Орёл (ID: не найден)
RAW Input: {"phone":"79961630518","name":"\u041a\u0430\u0437\u0430\u043a\u043e\u0432 \u0418\u0433\u043e\u0440\u044c \u0412\u043b\u0430\u0434\u0438\u043c\u0438\u0440\u043e\u0432\u0438\u0447","Comments":"","Gorod":"\u041e\u0440\u0451\u043b","utm_source":"ap-lead","utm_medium":"ivr","utm_campaign":null,"utm_content":null,"utm_term":null}
POST: Array
(
)

Quiz/Комментарии: Array
(
)

Собранные комментарии (для лога): 
Город: Орёл

Отправка комментариев в Bitrix: ДА
Поля для Bitrix: Array
(
    [NAME] => Казаков Игорь Владимирович
    [PHONE] => Array
        (
            [0] => Array
                (
                    [VALUE] => 79961630518
                    [VALUE_TYPE] => MOBILE
                )

        )

    [ASSIGNED_BY_ID] => 1
    [TITLE] => Новая заявка - 79961630518
    [OPENED] => Y
    [STATUS_ID] => NEW
    [SOURCE_ID] => 1076
    [COMMENTS] => <b>Город:</b> Орёл<br>
)

Bitrix Response: {"result":654741,"time":{"start":1771999731,"finish":1771999733.262268,"duration":2.26226806640625,"processing":2,"date_start":"2026-02-25T09:08:51+03:00","date_finish":"2026-02-25T09:08:53+03:00","operating_reset_at":1772000331,"operating":12.630614519119263}}
Статус: Успешно (Lead ID: 654741)
--------------------------------------------------

Время: 25.02.2026 09:10:43
Сервис: Робот
From: Заявка из Робот
Клиент: Array
(
    [name] => Беляков Антон Юрьевич
    [phone] => 79817475387
    [email] => 
)

Город: Орёл (ID: не найден)
RAW Input: {"phone":"79817475387","name":"\u0411\u0435\u043b\u044f\u043a\u043e\u0432 \u0410\u043d\u0442\u043e\u043d \u042e\u0440\u044c\u0435\u0432\u0438\u0447","Comments":"","Gorod":"\u041e\u0440\u0451\u043b","utm_source":"ap-lead","utm_medium":"ivr","utm_campaign":null,"utm_content":null,"utm_term":null}
POST: Array
(
)

Quiz/Комментарии: Array
(
)

Собранные комментарии (для лога): 
Город: Орёл

Отправка комментариев в Bitrix: ДА
Поля для Bitrix: Array
(
    [NAME] => Беляков Антон Юрьевич
    [PHONE] => Array
        (
            [0] => Array
                (
                    [VALUE] => 79817475387
                    [VALUE_TYPE] => MOBILE
                )

        )

    [ASSIGNED_BY_ID] => 1
    [TITLE] => Новая заявка - 79817475387
    [OPENED] => Y
    [STATUS_ID] => NEW
    [SOURCE_ID] => 1076
    [COMMENTS] => <b>Город:</b> Орёл<br>
)

Bitrix Response: {"result":654747,"time":{"start":1771999843,"finish":1771999845.735732,"duration":2.735732078552246,"processing":2,"date_start":"2026-02-25T09:10:43+03:00","date_finish":"2026-02-25T09:10:45+03:00","operating_reset_at":1772000443,"operating":6.919425010681152}}
Статус: Успешно (Lead ID: 654747)
--------------------------------------------------

Время: 25.02.2026 09:13:07
Сервис: Робот
From: Заявка из Робот
Клиент: Array
(
    [name] => Москалева Наталья Михайловна
    [phone] => 79536294344
    [email] => 
)

Город: Орёл (ID: не найден)
RAW Input: {"phone":"79536294344","name":"\u041c\u043e\u0441\u043a\u0430\u043b\u0435\u0432\u0430 \u041d\u0430\u0442\u0430\u043b\u044c\u044f \u041c\u0438\u0445\u0430\u0439\u043b\u043e\u0432\u043d\u0430","Comments":"","Gorod":"\u041e\u0440\u0451\u043b","utm_source":"ap-lead","utm_medium":"ivr","utm_campaign":null,"utm_content":null,"utm_term":null}
POST: Array
(
)

Quiz/Комментарии: Array
(
)

Собранные комментарии (для лога): 
Город: Орёл

Отправка комментариев в Bitrix: ДА
Поля для Bitrix: Array
(
    [NAME] => Москалева Наталья Михайловна
    [PHONE] => Array
        (
            [0] => Array
                (
                    [VALUE] => 79536294344
                    [VALUE_TYPE] => MOBILE
                )

        )

    [ASSIGNED_BY_ID] => 1
    [TITLE] => Новая заявка - 79536294344
    [OPENED] => Y
    [STATUS_ID] => NEW
    [SOURCE_ID] => 1076
    [COMMENTS] => <b>Город:</b> Орёл<br>
)

Bitrix Response: {"result":654753,"time":{"start":1771999987,"finish":1771999989.70204,"duration":2.702039957046509,"processing":2,"date_start":"2026-02-25T09:13:07+03:00","date_finish":"2026-02-25T09:13:09+03:00","operating_reset_at":1772000587,"operating":8.970211029052734}}
Статус: Успешно (Lead ID: 654753)
--------------------------------------------------

Время: 25.02.2026 09:14:54
Сервис: Робот
From: Заявка из Робот
Клиент: Array
(
    [name] => Витренко Антонина Михайловна
    [phone] => 79102032702
    [email] => 
)

Город: Орёл (ID: не найден)
RAW Input: {"phone":"79102032702","name":"\u0412\u0438\u0442\u0440\u0435\u043d\u043a\u043e \u0410\u043d\u0442\u043e\u043d\u0438\u043d\u0430 \u041c\u0438\u0445\u0430\u0439\u043b\u043e\u0432\u043d\u0430","Comments":"","Gorod":"\u041e\u0440\u0451\u043b","utm_source":"ap-lead","utm_medium":"ivr","utm_campaign":null,"utm_content":null,"utm_term":null}
POST: Array
(
)

Quiz/Комментарии: Array
(
)

Собранные комментарии (для лога): 
Город: Орёл

Отправка комментариев в Bitrix: ДА
Поля для Bitrix: Array
(
    [NAME] => Витренко Антонина Михайловна
    [PHONE] => Array
        (
            [0] => Array
                (
                    [VALUE] => 79102032702
                    [VALUE_TYPE] => MOBILE
                )

        )

    [ASSIGNED_BY_ID] => 1
    [TITLE] => Новая заявка - 79102032702
    [OPENED] => Y
    [STATUS_ID] => NEW
    [SOURCE_ID] => 1076
    [COMMENTS] => <b>Город:</b> Орёл<br>
)

Bitrix Response: {"result":654755,"time":{"start":1772000094,"finish":1772000096.284111,"duration":2.2841110229492188,"processing":2,"date_start":"2026-02-25T09:14:54+03:00","date_finish":"2026-02-25T09:14:56+03:00","operating_reset_at":1772000694,"operating":11.00099515914917}}
Статус: Успешно (Lead ID: 654755)
--------------------------------------------------

Время: 25.02.2026 09:26:26
Сервис: Робот
From: Заявка из Робот
Клиент: Array
(
    [name] => Фоменко Пётр Алексеевич
    [phone] => 79538102980
    [email] => 
)

Город: Орёл (ID: не найден)
RAW Input: {"phone":"79538102980","name":"\u0424\u043e\u043c\u0435\u043d\u043a\u043e \u041f\u0451\u0442\u0440 \u0410\u043b\u0435\u043a\u0441\u0435\u0435\u0432\u0438\u0447","Comments":"","Gorod":"\u041e\u0440\u0451\u043b","utm_source":"ap-lead","utm_medium":"ivr","utm_campaign":null,"utm_content":null,"utm_term":null}
POST: Array
(
)

Quiz/Комментарии: Array
(
)

Собранные комментарии (для лога): 
Город: Орёл

Отправка комментариев в Bitrix: ДА
Поля для Bitrix: Array
(
    [NAME] => Фоменко Пётр Алексеевич
    [PHONE] => Array
        (
            [0] => Array
                (
                    [VALUE] => 79538102980
                    [VALUE_TYPE] => MOBILE
                )

        )

    [ASSIGNED_BY_ID] => 1
    [TITLE] => Новая заявка - 79538102980
    [OPENED] => Y
    [STATUS_ID] => NEW
    [SOURCE_ID] => 1076
    [COMMENTS] => <b>Город:</b> Орёл<br>
)

Bitrix Response: {"result":654773,"time":{"start":1772000787,"finish":1772000789.287076,"duration":2.287075996398926,"processing":2,"date_start":"2026-02-25T09:26:27+03:00","date_finish":"2026-02-25T09:26:29+03:00","operating_reset_at":1772001387,"operating":6.764125823974609}}
Статус: Успешно (Lead ID: 654773)
--------------------------------------------------

Время: 25.02.2026 17:24:57
Сервис: Робот
From: Заявка из Робот
Клиент: Array
(
    [name] => Тест Тест Тест
    [phone] => 79153153153
    [email] => 
)

Город: Орел (ID: не найден)
RAW Input: {"phone":"79153153153","name":"\u0422\u0435\u0441\u0442 \u0422\u0435\u0441\u0442 \u0422\u0435\u0441\u0442","Comments":"","Gorod":"\u041e\u0440\u0435\u043b","utm_source":"ap-lead","utm_medium":"cc","utm_campaign":null,"utm_content":null,"utm_term":null}
POST: Array
(
)

Quiz/Комментарии: Array
(
)

Собранные комментарии (для лога): 
Город: Орел

Отправка комментариев в Bitrix: ДА
Поля для Bitrix: Array
(
    [NAME] => Тест Тест Тест
    [PHONE] => Array
        (
            [0] => Array
                (
                    [VALUE] => 79153153153
                    [VALUE_TYPE] => MOBILE
                )

        )

    [ASSIGNED_BY_ID] => 1
    [TITLE] => Новая заявка - 79153153153
    [OPENED] => Y
    [STATUS_ID] => NEW
    [SOURCE_ID] => 1076
    [COMMENTS] => <b>Город:</b> Орел<br>
)

Bitrix Response: {"result":655363,"time":{"start":1772029497,"finish":1772029499.742181,"duration":2.7421810626983643,"processing":2,"date_start":"2026-02-25T17:24:57+03:00","date_finish":"2026-02-25T17:24:59+03:00","operating_reset_at":1772030097,"operating":22.836180210113525}}
Статус: Успешно (Lead ID: 655363)
--------------------------------------------------

Время: 25.02.2026 17:33:05
Сервис: Робот
From: Заявка из Робот
Клиент: Array
(
    [name] => Тест Тест Тест
    [phone] => 79841351335
    [email] => 
)

Город: Орел (ID: не найден)
RAW Input: {"phone":"79841351335","name":"\u0422\u0435\u0441\u0442 \u0422\u0435\u0441\u0442 \u0422\u0435\u0441\u0442","Comments":"","Gorod":"\u041e\u0440\u0435\u043b","utm_source":"ap-lead","utm_medium":"cc","utm_campaign":null,"utm_content":null,"utm_term":null}
POST: Array
(
)

Quiz/Комментарии: Array
(
)

Собранные комментарии (для лога): 
Город: Орел

Отправка комментариев в Bitrix: ДА
Поля для Bitrix: Array
(
    [NAME] => Тест Тест Тест
    [PHONE] => Array
        (
            [0] => Array
                (
                    [VALUE] => 79841351335
                    [VALUE_TYPE] => MOBILE
                )

        )

    [ASSIGNED_BY_ID] => 1
    [TITLE] => Новая заявка - 79841351335
    [OPENED] => Y
    [STATUS_ID] => NEW
    [SOURCE_ID] => 1076
    [COMMENTS] => <b>Город:</b> Орел<br>
)

Bitrix Response: {"result":655377,"time":{"start":1772029985,"finish":1772029988.015688,"duration":3.015687942504883,"processing":3,"date_start":"2026-02-25T17:33:05+03:00","date_finish":"2026-02-25T17:33:08+03:00","operating_reset_at":1772030585,"operating":21.3256938457489}}
Статус: Успешно (Lead ID: 655377)
--------------------------------------------------

Время: 26.02.2026 10:00:41
Сервис: Робот
From: Заявка из Робот
Клиент: Array
(
    [name] => Нет Елена Анатольевна
    [phone] => 79208160344
    [email] => 
)

Город: Орёл (ID: не найден)
RAW Input: {"phone":"79208160344","name":"\u041d\u0435\u0442 \u0415\u043b\u0435\u043d\u0430 \u0410\u043d\u0430\u0442\u043e\u043b\u044c\u0435\u0432\u043d\u0430","Comments":"","Gorod":"\u041e\u0440\u0451\u043b","utm_source":"ap-lead","utm_medium":"cc","utm_campaign":null,"utm_content":null,"utm_term":null}
POST: Array
(
)

Quiz/Комментарии: Array
(
)

Собранные комментарии (для лога): 
Город: Орёл

Отправка комментариев в Bitrix: ДА
Поля для Bitrix: Array
(
    [NAME] => Нет Елена Анатольевна
    [PHONE] => Array
        (
            [0] => Array
                (
                    [VALUE] => 79208160344
                    [VALUE_TYPE] => MOBILE
                )

        )

    [ASSIGNED_BY_ID] => 1
    [TITLE] => Новая заявка - 79208160344
    [OPENED] => Y
    [STATUS_ID] => NEW
    [SOURCE_ID] => 1076
    [COMMENTS] => <b>Город:</b> Орёл<br>
)

Bitrix Response: {"result":655633,"time":{"start":1772089242,"finish":1772089244.147804,"duration":2.147804021835327,"processing":2,"date_start":"2026-02-26T10:00:42+03:00","date_finish":"2026-02-26T10:00:44+03:00","operating_reset_at":1772089842,"operating":4.381757020950317}}
Статус: Успешно (Lead ID: 655633)
--------------------------------------------------

