Время: 25.02.2026 17:35:12
Сервис: КЦ
From: Заявка из КЦ
Клиент: Array
(
    [name] => Тест Тест Тест
    [phone] => 79115416813
    [email] => 
)

Город: Орел (ID: не найден)
RAW Input: {"phone":"79115416813","name":"\u0422\u0435\u0441\u0442 \u0422\u0435\u0441\u0442 \u0422\u0435\u0441\u0442","Comments":"","Gorod":"\u041e\u0440\u0435\u043b","utm_source":"ap-lead","utm_medium":"cc","utm_campaign":null,"utm_content":null,"utm_term":null}
POST: Array
(
)

Quiz/Комментарии: Array
(
)

Собранные комментарии (для лога): 
Город: Орел

Отправка комментариев в Bitrix: ДА
Поля для Bitrix: Array
(
    [NAME] => Тест Тест Тест
    [PHONE] => Array
        (
            [0] => Array
                (
                    [VALUE] => 79115416813
                    [VALUE_TYPE] => MOBILE
                )

        )

    [ASSIGNED_BY_ID] => 1
    [TITLE] => Новая заявка - 79115416813
    [OPENED] => Y
    [STATUS_ID] => NEW
    [SOURCE_ID] => 870
    [COMMENTS] => <b>Город:</b> Орел<br>
)

Bitrix Response: {"result":655383,"time":{"start":1772030112,"finish":1772030114.87369,"duration":2.873689889907837,"processing":2,"date_start":"2026-02-25T17:35:12+03:00","date_finish":"2026-02-25T17:35:14+03:00","operating_reset_at":1772030712,"operating":15.173492193222046}}
Статус: Успешно (Lead ID: 655383)
--------------------------------------------------

