Время: 22.02.2026 11:55:08
Сервис: ВК
From: Заявка из ВК
Клиент: Array
(
    [name] => Гусейнова
    [phone] => +79102615679
    [email] => 
)

Город: Орёл (ID: не найден)
RAW Input: {
    "name": "\u0413\u0443\u0441\u0435\u0439\u043d\u043e\u0432\u0430",
    "phone": "+79102615679",
    "Comments": "\u0427\u0442\u043e \u0431\u044b \u0432\u044b \u0445\u043e\u0442\u0435\u043b\u0438 \u0443\u0437\u043d\u0430\u0442\u044c \u0432 \u043f\u0435\u0440\u0432\u0443\u044e \u043e\u0447\u0435\u0440\u0435\u0434\u044c?: \u041f\u043e\u0434\u0445\u043e\u0434\u0438\u0442 \u043b\u0438 \u043c\u043d\u0435 \u0441\u043f\u0438\u0441\u0430\u043d\u0438\u0435 \u0434\u043e\u043b\u0433\u0430?\n\u041e\u0431\u0449\u0430\u044f \u0441\u0443\u043c\u043c\u0430 \u0434\u043e\u043b\u0433\u043e\u0432 (\u0430\u043a\u0442\u0438\u0432\u043d\u044b\u0435\n\u043a\u0440\u0435\u0434\u0438\u0442\u044b / \u0437\u0430\u0439\u043c\u044b, \u0437\u0430\u0434\u043e\u043b\u0436\u0435\u043d\u043d\u043e\u0441\u0442\u0438):: 250 000 - 500 000\n\u041a\u0430\u043a \u0443\u0434\u043e\u0431\u043d\u043e \u043f\u043e\u043b\u0443\u0447\u0438\u0442\u044c \u0440\u0435\u0437\u0443\u043b\u044c\u0442\u0430\u0442?: \u041f\u043e MAX",
POST: Array
(
)

Quiz/Комментарии: Array
(
)

Собранные комментарии (для лога): 
Comments: Что бы вы хотели узнать в первую очередь?: Подходит ли мне списание долга?
Общая сумма долгов (активные
кредиты / займы, задолженности):: 250 000 - 500 000
Как удобно получить результат?: По MAX
Город: Орёл

Отправка комментариев в Bitrix: ДА
Поля для Bitrix: Array
(
    [UTM_SOURCE] => VK-ADS
    [UTM_MEDIUM] => 17069244
    [UTM_CAMPAIGN] => 129787458
    [UTM_CONTENT] => 208272423
    [UTM_TERM] => 630323
    [NAME] => Гусейнова
    [PHONE] => Array
        (
            [0] => Array
                (
                    [VALUE] => +79102615679
                    [VALUE_TYPE] => MOBILE
                )

        )

    [ASSIGNED_BY_ID] => 1
    [TITLE] => Новая заявка - +79102615679
    [OPENED] => Y
    [STATUS_ID] => NEW
    [SOURCE_ID] => 891
    [COMMENTS] => <b>Comments:</b> Что бы вы хотели узнать в первую очередь?: Подходит ли мне списание долга?
Общая сумма долгов (активные
кредиты / займы, задолженности):: 250 000 - 500 000
Как удобно получить результат?: По MAX<br><b>Город:</b> Орёл<br>
)

Bitrix Response: {"result":653525,"time":{"start":1771750509,"finish":1771750511.163854,"duration":2.163853883743286,"processing":2,"date_start":"2026-02-22T11:55:09+03:00","date_finish":"2026-02-22T11:55:11+03:00","operating_reset_at":1771751109,"operating":2.1153228282928467}}
Статус: Успешно (Lead ID: 653525)
--------------------------------------------------

