Время: 26.02.2026 12:42:04
Сервис: Tilda
ОШИБКА ВАЛИДАЦИИ: Телефон не указан
Клиент: Array
(
    [name] => 
    [phone] => 
    [email] => 
)

RAW Input: test=test
POST: Array
(
    [test] => test
)

Статус: Ошибка валидации телефона
--------------------------------------------------

Время: 26.02.2026 14:03:00
Сервис: Tilda
From: Заявка из Tilda
Клиент: Array
(
    [name] => 
    [phone] => +7 (918) 177-16-56
    [email] => 
)

Город: не определён (ID: не найден)
RAW Input: per1=%D0%BE%D1%82+500+000+%D0%B4%D0%BE+1+000+000+%D1%80%D1%83%D0%B1.&per2=%D0%91%D0%BE%D0%BB%D0%B5%D0%B5+3+%D0%BC%D0%B5%D1%81%D1%8F%D1%86%D0%B5%D0%B2&per3=%D0%9F%D0%B5%D0%BD%D1%81%D0%B8%D0%BE%D0%BD%D0%B5%D1%80&per4=3+%D0%B8+%D0%B1%D0%BE%D0%BB%D0%B5%D0%B5&per5=WhatsApp&phone=%2B7+%28918%29+177-16-56&tranid=7025517%3A8199455683&formid=form1810796731
POST: Array
(
    [per1] => от 500 000 до 1 000 000 руб.
    [per2] => Более 3 месяцев
    [per3] => Пенсионер
    [per4] => 3 и более
    [per5] => WhatsApp
    [phone] => +7 (918) 177-16-56
    [tranid] => 7025517:8199455683
    [formid] => form1810796731
)

Quiz/Комментарии: Array
(
)

Собранные комментарии (для лога): 
Per1: от 500 000 до 1 000 000 руб.
Per2: Более 3 месяцев
Per3: Пенсионер
Per4: 3 и более
Per5: WhatsApp

Отправка комментариев в Bitrix: ДА
Поля для Bitrix: Array
(
    [PHONE] => Array
        (
            [0] => Array
                (
                    [VALUE] => +79181771656
                    [VALUE_TYPE] => MOBILE
                )

        )

    [ASSIGNED_BY_ID] => 1
    [TITLE] => Заявка из Tilda
    [OPENED] => Y
    [STATUS_ID] => NEW
    [SOURCE_ID] => 1059
    [COMMENTS] => <b>Per1:</b> от 500 000 до 1 000 000 руб.<br><b>Per2:</b> Более 3 месяцев<br><b>Per3:</b> Пенсионер<br><b>Per4:</b> 3 и более<br><b>Per5:</b> WhatsApp<br>
)

Bitrix Response: {"result":655931,"time":{"start":1772103780,"finish":1772103783.248761,"duration":3.248760938644409,"processing":2,"date_start":"2026-02-26T14:03:00+03:00","date_finish":"2026-02-26T14:03:03+03:00","operating_reset_at":1772104381,"operating":6.805212020874023}}
Статус: Успешно (Lead ID: 655931)
--------------------------------------------------

Время: 26.02.2026 20:45:29
Сервис: Tilda
From: Заявка из Tilda
Клиент: Array
(
    [name] => 
    [phone] => +7 (903) 882-69-01
    [email] => 
)

Город: не определён (ID: не найден)
RAW Input: per1=%D0%BE%D1%82+500+000+%D0%B4%D0%BE+1+000+000+%D1%80%D1%83%D0%B1.&per2=%D0%91%D0%BE%D0%BB%D0%B5%D0%B5+3+%D0%BC%D0%B5%D1%81%D1%8F%D1%86%D0%B5%D0%B2&per3=%D0%A0%D0%B0%D0%B1%D0%BE%D1%82%D0%B0%D1%8E+%D0%BE%D1%84%D0%B8%D1%86%D0%B8%D0%B0%D0%BB%D1%8C%D0%BD%D0%BE&per4=3+%D0%B8+%D0%B1%D0%BE%D0%BB%D0%B5%D0%B5&per5=Telegram&phone=%2B7+%28903%29+882-69-01&tranid=7025517%3A8200560893&formid=form1810796731&utm_source=yandex_orel&utm_medium=cpc&utm_campaign=706899987&utm_content=17583223138&utm_term=---autotargeting
POST: Array
(
    [per1] => от 500 000 до 1 000 000 руб.
    [per2] => Более 3 месяцев
    [per3] => Работаю официально
    [per4] => 3 и более
    [per5] => Telegram
    [phone] => +7 (903) 882-69-01
    [tranid] => 7025517:8200560893
    [formid] => form1810796731
    [utm_source] => yandex_orel
    [utm_medium] => cpc
    [utm_campaign] => 706899987
    [utm_content] => 17583223138
    [utm_term] => ---autotargeting
)

Quiz/Комментарии: Array
(
)

Собранные комментарии (для лога): 
Per1: от 500 000 до 1 000 000 руб.
Per2: Более 3 месяцев
Per3: Работаю официально
Per4: 3 и более
Per5: Telegram

Отправка комментариев в Bitrix: ДА
Поля для Bitrix: Array
(
    [UTM_SOURCE] => yandex_orel
    [UTM_MEDIUM] => cpc
    [UTM_CAMPAIGN] => 706899987
    [UTM_CONTENT] => 17583223138
    [UTM_TERM] => ---autotargeting
    [PHONE] => Array
        (
            [0] => Array
                (
                    [VALUE] => +79038826901
                    [VALUE_TYPE] => MOBILE
                )

        )

    [ASSIGNED_BY_ID] => 1
    [TITLE] => Заявка из Tilda
    [OPENED] => Y
    [STATUS_ID] => NEW
    [SOURCE_ID] => 1059
    [COMMENTS] => <b>Per1:</b> от 500 000 до 1 000 000 руб.<br><b>Per2:</b> Более 3 месяцев<br><b>Per3:</b> Работаю официально<br><b>Per4:</b> 3 и более<br><b>Per5:</b> Telegram<br>
)

Bitrix Response: {"result":656277,"time":{"start":1772127929,"finish":1772127931.937722,"duration":2.9377219676971436,"processing":2,"date_start":"2026-02-26T20:45:29+03:00","date_finish":"2026-02-26T20:45:31+03:00","operating_reset_at":1772128529,"operating":1.9806618690490723}}
Статус: Успешно (Lead ID: 656277)
--------------------------------------------------

