Время: 20.02.2026 12:12:00
Сервис: ЯД+ВК
From: Заявка из ЯД+ВК
Клиент: Array
(
    [name] => Иван
    [phone] => 79208140607
    [email] => 
)

Город: г.Орел (ID: не найден)
RAW Input: {"name":"Иван","phone":"79208140607","gorod":"г.Орел","Comments":"г.Орел (300000) долг по жкх,бфл и залог нет,звонок 20.02 в ближ время"}
POST: Array
(
)

Quiz/Комментарии: Array
(
)

Собранные комментарии (для лога): 
Comments: г.Орел (300000) долг по жкх,бфл и залог нет,звонок 20.02 в ближ время
Город: г.Орел

Отправка комментариев в Bitrix: ДА
Поля для Bitrix: Array
(
    [NAME] => Иван
    [PHONE] => Array
        (
            [0] => Array
                (
                    [VALUE] => 79208140607
                    [VALUE_TYPE] => MOBILE
                )

        )

    [ASSIGNED_BY_ID] => 1
    [TITLE] => Новая заявка - 79208140607
    [OPENED] => Y
    [STATUS_ID] => NEW
    [SOURCE_ID] => 1081
    [COMMENTS] => <b>Comments:</b> г.Орел (300000) долг по жкх,бфл и залог нет,звонок 20.02 в ближ время<br><b>Город:</b> г.Орел<br>
)

Bitrix Response: {"result":652751,"time":{"start":1771578721,"finish":1771578723.369074,"duration":2.3690741062164307,"processing":2,"date_start":"2026-02-20T12:12:01+03:00","date_finish":"2026-02-20T12:12:03+03:00","operating_reset_at":1771579321,"operating":7.16453218460083}}
Статус: Успешно (Lead ID: 652751)
--------------------------------------------------

Время: 20.02.2026 18:19:00
Сервис: ЯД+ВК
From: Заявка из ЯД+ВК
Клиент: Array
(
    [name] => Ольга
    [phone] => 79606427558
    [email] => 
)

Город: Орел (ID: не найден)
RAW Input: {"name":"Ольга","phone":"79606427558","gorod":"Орел","Comments":"Орел (300000) "}
POST: Array
(
)

Quiz/Комментарии: Array
(
)

Собранные комментарии (для лога): 
Comments: Орел (300000)
Город: Орел

Отправка комментариев в Bitrix: ДА
Поля для Bitrix: Array
(
    [NAME] => Ольга
    [PHONE] => Array
        (
            [0] => Array
                (
                    [VALUE] => 79606427558
                    [VALUE_TYPE] => MOBILE
                )

        )

    [ASSIGNED_BY_ID] => 1
    [TITLE] => Новая заявка - 79606427558
    [OPENED] => Y
    [STATUS_ID] => NEW
    [SOURCE_ID] => 1081
    [COMMENTS] => <b>Comments:</b> Орел (300000)<br><b>Город:</b> Орел<br>
)

Bitrix Response: {"result":653117,"time":{"start":1771600740,"finish":1771600742.67928,"duration":2.6792800426483154,"processing":2,"date_start":"2026-02-20T18:19:00+03:00","date_finish":"2026-02-20T18:19:02+03:00","operating_reset_at":1771601340,"operating":7.824893236160278}}
Статус: Успешно (Lead ID: 653117)
--------------------------------------------------

Время: 23.02.2026 13:53:00
Сервис: ЯД+ВК
From: Заявка из ЯД+ВК
Клиент: Array
(
    [name] => Владимир
    [phone] => 79586559581
    [email] => 
)

Город: Орел (ID: не найден)
RAW Input: {"name":"Владимир","phone":"79586559581","gorod":"Орел","Comments":"Орел (368000) долг жены"}
POST: Array
(
)

Quiz/Комментарии: Array
(
)

Собранные комментарии (для лога): 
Comments: Орел (368000) долг жены
Город: Орел

Отправка комментариев в Bitrix: ДА
Поля для Bitrix: Array
(
    [NAME] => Владимир
    [PHONE] => Array
        (
            [0] => Array
                (
                    [VALUE] => 79586559581
                    [VALUE_TYPE] => MOBILE
                )

        )

    [ASSIGNED_BY_ID] => 1
    [TITLE] => Новая заявка - 79586559581
    [OPENED] => Y
    [STATUS_ID] => NEW
    [SOURCE_ID] => 1081
    [COMMENTS] => <b>Comments:</b> Орел (368000) долг жены<br><b>Город:</b> Орел<br>
)

Bitrix Response: {"result":653745,"time":{"start":1771843980,"finish":1771843982.574099,"duration":2.574099063873291,"processing":2,"date_start":"2026-02-23T13:53:00+03:00","date_finish":"2026-02-23T13:53:02+03:00","operating_reset_at":1771844580,"operating":5.94680643081665}}
Статус: Успешно (Lead ID: 653745)
--------------------------------------------------

Время: 23.02.2026 16:18:01
Сервис: ЯД+ВК
From: Заявка из ЯД+ВК
Клиент: Array
(
    [name] => Ирина
    [phone] => 79103095007
    [email] => 
)

Город: Орел (ID: не найден)
RAW Input: {"name":"Ирина","phone":"79103095007","gorod":"Орел","Comments":"Орел (400000) (ПК, КК), бфл и залога нет. Звонить 24.2 в ближ час.\""}
POST: Array
(
)

Quiz/Комментарии: Array
(
)

Собранные комментарии (для лога): 
Comments: Орел (400000) (ПК, КК), бфл и залога нет. Звонить 24.2 в ближ час.&quot;
Город: Орел

Отправка комментариев в Bitrix: ДА
Поля для Bitrix: Array
(
    [NAME] => Ирина
    [PHONE] => Array
        (
            [0] => Array
                (
                    [VALUE] => 79103095007
                    [VALUE_TYPE] => MOBILE
                )

        )

    [ASSIGNED_BY_ID] => 1
    [TITLE] => Новая заявка - 79103095007
    [OPENED] => Y
    [STATUS_ID] => NEW
    [SOURCE_ID] => 1081
    [COMMENTS] => <b>Comments:</b> Орел (400000) (ПК, КК), бфл и залога нет. Звонить 24.2 в ближ час.&quot;<br><b>Город:</b> Орел<br>
)

Bitrix Response: {"result":653787,"time":{"start":1771852681,"finish":1771852683.308143,"duration":2.308142900466919,"processing":2,"date_start":"2026-02-23T16:18:01+03:00","date_finish":"2026-02-23T16:18:03+03:00","operating_reset_at":1771853281,"operating":2.0309300422668457}}
Статус: Успешно (Lead ID: 653787)
--------------------------------------------------

Время: 23.02.2026 17:47:01
Сервис: ЯД+ВК
From: Заявка из ЯД+ВК
Клиент: Array
(
    [name] => Андрей
    [phone] => 79538151985
    [email] => 
)

Город: Орел (ID: не найден)
RAW Input: {"name":"Андрей","phone":"79538151985","gorod":"Орел","Comments":"Орел (300000) "}
POST: Array
(
)

Quiz/Комментарии: Array
(
)

Собранные комментарии (для лога): 
Comments: Орел (300000)
Город: Орел

Отправка комментариев в Bitrix: ДА
Поля для Bitrix: Array
(
    [NAME] => Андрей
    [PHONE] => Array
        (
            [0] => Array
                (
                    [VALUE] => 79538151985
                    [VALUE_TYPE] => MOBILE
                )

        )

    [ASSIGNED_BY_ID] => 1
    [TITLE] => Новая заявка - 79538151985
    [OPENED] => Y
    [STATUS_ID] => NEW
    [SOURCE_ID] => 1081
    [COMMENTS] => <b>Comments:</b> Орел (300000)<br><b>Город:</b> Орел<br>
)

Bitrix Response: {"result":653803,"time":{"start":1771858021,"finish":1771858023.526574,"duration":2.526573896408081,"processing":2,"date_start":"2026-02-23T17:47:01+03:00","date_finish":"2026-02-23T17:47:03+03:00","operating_reset_at":1771858621,"operating":1.763597011566162}}
Статус: Успешно (Lead ID: 653803)
--------------------------------------------------

Время: 23.02.2026 17:51:08
Сервис: ЯД+ВК
From: Заявка из ЯД+ВК
Клиент: Array
(
    [name] => Артем Александрович
    [phone] => 79536146204
    [email] => 
)

Город: Орел (ID: не найден)
RAW Input: {"name":"Артем Александрович","phone":"79536146204","gorod":"Орел","Comments":"Орел (300000) "}
POST: Array
(
)

Quiz/Комментарии: Array
(
)

Собранные комментарии (для лога): 
Comments: Орел (300000)
Город: Орел

Отправка комментариев в Bitrix: ДА
Поля для Bitrix: Array
(
    [NAME] => Артем Александрович
    [PHONE] => Array
        (
            [0] => Array
                (
                    [VALUE] => 79536146204
                    [VALUE_TYPE] => MOBILE
                )

        )

    [ASSIGNED_BY_ID] => 1
    [TITLE] => Новая заявка - 79536146204
    [OPENED] => Y
    [STATUS_ID] => NEW
    [SOURCE_ID] => 1081
    [COMMENTS] => <b>Comments:</b> Орел (300000)<br><b>Город:</b> Орел<br>
)

Bitrix Response: {"result":653805,"time":{"start":1771858269,"finish":1771858270.818624,"duration":1.8186240196228027,"processing":1,"date_start":"2026-02-23T17:51:09+03:00","date_finish":"2026-02-23T17:51:10+03:00","operating_reset_at":1771858869,"operating":3.486006021499634}}
Статус: Успешно (Lead ID: 653805)
--------------------------------------------------

Время: 23.02.2026 17:53:00
Сервис: ЯД+ВК
From: Заявка из ЯД+ВК
Клиент: Array
(
    [name] => Татьяна
    [phone] => 79534736517
    [email] => 
)

Город: Орел (ID: не найден)
RAW Input: {"name":"Татьяна","phone":"79534736517","gorod":"Орел","Comments":"Орел (300000) "}
POST: Array
(
)

Quiz/Комментарии: Array
(
)

Собранные комментарии (для лога): 
Comments: Орел (300000)
Город: Орел

Отправка комментариев в Bitrix: ДА
Поля для Bitrix: Array
(
    [NAME] => Татьяна
    [PHONE] => Array
        (
            [0] => Array
                (
                    [VALUE] => 79534736517
                    [VALUE_TYPE] => MOBILE
                )

        )

    [ASSIGNED_BY_ID] => 1
    [TITLE] => Новая заявка - 79534736517
    [OPENED] => Y
    [STATUS_ID] => NEW
    [SOURCE_ID] => 1081
    [COMMENTS] => <b>Comments:</b> Орел (300000)<br><b>Город:</b> Орел<br>
)

Bitrix Response: {"result":653807,"time":{"start":1771858380,"finish":1771858382.521984,"duration":2.521984100341797,"processing":2,"date_start":"2026-02-23T17:53:00+03:00","date_finish":"2026-02-23T17:53:02+03:00","operating_reset_at":1771858980,"operating":5.301131010055542}}
Статус: Успешно (Lead ID: 653807)
--------------------------------------------------

Время: 23.02.2026 17:56:00
Сервис: ЯД+ВК
From: Заявка из ЯД+ВК
Клиент: Array
(
    [name] => Виктор Николаевич
    [phone] => 79004866413
    [email] => 
)

Город: Орел (ID: не найден)
RAW Input: {"name":"Виктор Николаевич","phone":"79004866413","gorod":"Орел","Comments":"Орел (300000) "}
POST: Array
(
)

Quiz/Комментарии: Array
(
)

Собранные комментарии (для лога): 
Comments: Орел (300000)
Город: Орел

Отправка комментариев в Bitrix: ДА
Поля для Bitrix: Array
(
    [NAME] => Виктор Николаевич
    [PHONE] => Array
        (
            [0] => Array
                (
                    [VALUE] => 79004866413
                    [VALUE_TYPE] => MOBILE
                )

        )

    [ASSIGNED_BY_ID] => 1
    [TITLE] => Новая заявка - 79004866413
    [OPENED] => Y
    [STATUS_ID] => NEW
    [SOURCE_ID] => 1081
    [COMMENTS] => <b>Comments:</b> Орел (300000)<br><b>Город:</b> Орел<br>
)

Bitrix Response: {"result":653809,"time":{"start":1771858560,"finish":1771858562.484463,"duration":2.4844629764556885,"processing":2,"date_start":"2026-02-23T17:56:00+03:00","date_finish":"2026-02-23T17:56:02+03:00","operating_reset_at":1771859160,"operating":7.217617034912109}}
Статус: Успешно (Lead ID: 653809)
--------------------------------------------------

Время: 23.02.2026 18:00:00
Сервис: ЯД+ВК
From: Заявка из ЯД+ВК
Клиент: Array
(
    [name] => Светлана
    [phone] => 79004873530
    [email] => 
)

Город: Орел (ID: не найден)
RAW Input: {"name":"Светлана","phone":"79004873530","gorod":"Орел","Comments":"Орел (300000) "}
POST: Array
(
)

Quiz/Комментарии: Array
(
)

Собранные комментарии (для лога): 
Comments: Орел (300000)
Город: Орел

Отправка комментариев в Bitrix: ДА
Поля для Bitrix: Array
(
    [NAME] => Светлана
    [PHONE] => Array
        (
            [0] => Array
                (
                    [VALUE] => 79004873530
                    [VALUE_TYPE] => MOBILE
                )

        )

    [ASSIGNED_BY_ID] => 1
    [TITLE] => Новая заявка - 79004873530
    [OPENED] => Y
    [STATUS_ID] => NEW
    [SOURCE_ID] => 1081
    [COMMENTS] => <b>Comments:</b> Орел (300000)<br><b>Город:</b> Орел<br>
)

Bitrix Response: {"result":653813,"time":{"start":1771858800,"finish":1771858803.001967,"duration":3.001966953277588,"processing":3,"date_start":"2026-02-23T18:00:00+03:00","date_finish":"2026-02-23T18:00:03+03:00","operating_reset_at":1771859400,"operating":9.557371854782104}}
Статус: Успешно (Lead ID: 653813)
--------------------------------------------------

Время: 23.02.2026 18:03:00
Сервис: ЯД+ВК
From: Заявка из ЯД+ВК
Клиент: Array
(
    [name] => Елизавета
    [phone] => 79004839731
    [email] => 
)

Город: Орел (ID: не найден)
RAW Input: {"name":"Елизавета","phone":"79004839731","gorod":"Орел","Comments":"Орел (300000) "}
POST: Array
(
)

Quiz/Комментарии: Array
(
)

Собранные комментарии (для лога): 
Comments: Орел (300000)
Город: Орел

Отправка комментариев в Bitrix: ДА
Поля для Bitrix: Array
(
    [NAME] => Елизавета
    [PHONE] => Array
        (
            [0] => Array
                (
                    [VALUE] => 79004839731
                    [VALUE_TYPE] => MOBILE
                )

        )

    [ASSIGNED_BY_ID] => 1
    [TITLE] => Новая заявка - 79004839731
    [OPENED] => Y
    [STATUS_ID] => NEW
    [SOURCE_ID] => 1081
    [COMMENTS] => <b>Comments:</b> Орел (300000)<br><b>Город:</b> Орел<br>
)

Bitrix Response: {"result":653815,"time":{"start":1771858980,"finish":1771858982.33627,"duration":2.3362700939178467,"processing":2,"date_start":"2026-02-23T18:03:00+03:00","date_finish":"2026-02-23T18:03:02+03:00","operating_reset_at":1771859580,"operating":7.821594953536987}}
Статус: Успешно (Lead ID: 653815)
--------------------------------------------------

