Время: 24.02.2026 15:22:13
Сервис: ЯД+Робот
From: Заявка из ЯД+Робот
Клиент: Array
(
    [name] => Уточнить
    [phone] => 79957323870
    [email] => 
)

Город: не определён (ID: не найден)
RAW Input: {"Comments":"Регион - Орловская обл. Сумма долга - 300000.00","name":" Уточнить ","phone":"79957323870"}
POST: Array
(
)

Quiz/Комментарии: Array
(
)

Собранные комментарии (для лога): 
Comments: Регион - Орловская обл. Сумма долга - 300000.00

Отправка комментариев в Bitrix: ДА
Поля для Bitrix: Array
(
    [NAME] => Уточнить
    [PHONE] => Array
        (
            [0] => Array
                (
                    [VALUE] => 79957323870
                    [VALUE_TYPE] => MOBILE
                )

        )

    [ASSIGNED_BY_ID] => 1
    [TITLE] => Новая заявка - 79957323870
    [OPENED] => Y
    [STATUS_ID] => NEW
    [SOURCE_ID] => 869
    [COMMENTS] => <b>Comments:</b> Регион - Орловская обл. Сумма долга - 300000.00<br>
)

Bitrix Response: {"result":654343,"time":{"start":1771935733,"finish":1771935735.858768,"duration":2.8587679862976074,"processing":2,"date_start":"2026-02-24T15:22:13+03:00","date_finish":"2026-02-24T15:22:15+03:00","operating_reset_at":1771936333,"operating":6.802159786224365}}
Статус: Успешно (Lead ID: 654343)
--------------------------------------------------

Время: 24.02.2026 15:30:27
Сервис: ЯД+Робот
From: Заявка из ЯД+Робот
Клиент: Array
(
    [name] => Татьяна
    [phone] => 79951787286
    [email] => 
)

Город: не определён (ID: не найден)
RAW Input: {"Comments":"Регион - Орловская обл. Сумма долга - 280000.00","name":" Татьяна ","phone":"79951787286"}
POST: Array
(
)

Quiz/Комментарии: Array
(
)

Собранные комментарии (для лога): 
Comments: Регион - Орловская обл. Сумма долга - 280000.00

Отправка комментариев в Bitrix: ДА
Поля для Bitrix: Array
(
    [NAME] => Татьяна
    [PHONE] => Array
        (
            [0] => Array
                (
                    [VALUE] => 79951787286
                    [VALUE_TYPE] => MOBILE
                )

        )

    [ASSIGNED_BY_ID] => 1
    [TITLE] => Новая заявка - 79951787286
    [OPENED] => Y
    [STATUS_ID] => NEW
    [SOURCE_ID] => 869
    [COMMENTS] => <b>Comments:</b> Регион - Орловская обл. Сумма долга - 280000.00<br>
)

Bitrix Response: {"result":654353,"time":{"start":1771936227,"finish":1771936229.626771,"duration":2.6267709732055664,"processing":2,"date_start":"2026-02-24T15:30:27+03:00","date_finish":"2026-02-24T15:30:29+03:00","operating_reset_at":1771936827,"operating":6.494516134262085}}
Статус: Успешно (Lead ID: 654353)
--------------------------------------------------

Время: 25.02.2026 15:41:08
Сервис: ЯД+Робот
From: Заявка из ЯД+Робот
Клиент: Array
(
    [name] => Тюфтяков Дмитрий Сергеевич
    [phone] => 79102073811
    [email] => 
)

Город: не определён (ID: не найден)
RAW Input: {"Comments":"Регион - Орловская обл. Сумма долга - 300000.00","name":" Тюфтяков Дмитрий Сергеевич ","phone":"79102073811"}
POST: Array
(
)

Quiz/Комментарии: Array
(
)

Собранные комментарии (для лога): 
Comments: Регион - Орловская обл. Сумма долга - 300000.00

Отправка комментариев в Bitrix: ДА
Поля для Bitrix: Array
(
    [NAME] => Тюфтяков Дмитрий Сергеевич
    [PHONE] => Array
        (
            [0] => Array
                (
                    [VALUE] => 79102073811
                    [VALUE_TYPE] => MOBILE
                )

        )

    [ASSIGNED_BY_ID] => 1
    [TITLE] => Новая заявка - 79102073811
    [OPENED] => Y
    [STATUS_ID] => NEW
    [SOURCE_ID] => 869
    [COMMENTS] => <b>Comments:</b> Регион - Орловская обл. Сумма долга - 300000.00<br>
)

Bitrix Response: {"result":655225,"time":{"start":1772023268,"finish":1772023270.491192,"duration":2.491192102432251,"processing":2,"date_start":"2026-02-25T15:41:08+03:00","date_finish":"2026-02-25T15:41:10+03:00","operating_reset_at":1772023868,"operating":7.334946632385254}}
Статус: Успешно (Lead ID: 655225)
--------------------------------------------------

Время: 25.02.2026 15:50:50
Сервис: ЯД+Робот
From: Заявка из ЯД+Робот
Клиент: Array
(
    [name] => Степанов Сергей Васильевич
    [phone] => 79202867679
    [email] => 
)

Город: не определён (ID: не найден)
RAW Input: {"Comments":"Регион - Орловская обл. Сумма долга - 300000.00","name":" Степанов Сергей Васильевич ","phone":"79202867679"}
POST: Array
(
)

Quiz/Комментарии: Array
(
)

Собранные комментарии (для лога): 
Comments: Регион - Орловская обл. Сумма долга - 300000.00

Отправка комментариев в Bitrix: ДА
Поля для Bitrix: Array
(
    [NAME] => Степанов Сергей Васильевич
    [PHONE] => Array
        (
            [0] => Array
                (
                    [VALUE] => 79202867679
                    [VALUE_TYPE] => MOBILE
                )

        )

    [ASSIGNED_BY_ID] => 1
    [TITLE] => Новая заявка - 79202867679
    [OPENED] => Y
    [STATUS_ID] => NEW
    [SOURCE_ID] => 869
    [COMMENTS] => <b>Comments:</b> Регион - Орловская обл. Сумма долга - 300000.00<br>
)

Bitrix Response: {"result":655247,"time":{"start":1772023850,"finish":1772023852.489058,"duration":2.489058017730713,"processing":2,"date_start":"2026-02-25T15:50:50+03:00","date_finish":"2026-02-25T15:50:52+03:00","operating_reset_at":1772024450,"operating":11.751899003982544}}
Статус: Успешно (Lead ID: 655247)
--------------------------------------------------

Время: 26.02.2026 11:44:44
Сервис: ЯД+Робот
From: Заявка из ЯД+Робот
Клиент: Array
(
    [name] => Николай Петрович
    [phone] => 79102077744
    [email] => 
)

Город: не определён (ID: не найден)
RAW Input: {"Comments":"Регион - Орловская обл. Сумма долга - 300000.00","name":" Николай Петрович","phone":"79102077744"}
POST: Array
(
)

Quiz/Комментарии: Array
(
)

Собранные комментарии (для лога): 
Comments: Регион - Орловская обл. Сумма долга - 300000.00

Отправка комментариев в Bitrix: ДА
Поля для Bitrix: Array
(
    [NAME] => Николай Петрович
    [PHONE] => Array
        (
            [0] => Array
                (
                    [VALUE] => 79102077744
                    [VALUE_TYPE] => MOBILE
                )

        )

    [ASSIGNED_BY_ID] => 1
    [TITLE] => Новая заявка - 79102077744
    [OPENED] => Y
    [STATUS_ID] => NEW
    [SOURCE_ID] => 869
    [COMMENTS] => <b>Comments:</b> Регион - Орловская обл. Сумма долга - 300000.00<br>
)

Bitrix Response: {"result":655763,"time":{"start":1772095484,"finish":1772095487.039027,"duration":3.039026975631714,"processing":3,"date_start":"2026-02-26T11:44:44+03:00","date_finish":"2026-02-26T11:44:47+03:00","operating_reset_at":1772096084,"operating":16.940922021865845}}
Статус: Успешно (Lead ID: 655763)
--------------------------------------------------

Время: 26.02.2026 14:54:11
Сервис: ЯД+Робот
From: Заявка из ЯД+Робот
Клиент: Array
(
    [name] => Абубакир
    [phone] => 79913447702
    [email] => 
)

Город: не определён (ID: не найден)
RAW Input: {"Comments":"Регион - Орловская обл. Сумма долга - 300000.00","name":" Абубакир ","phone":"79913447702"}
POST: Array
(
)

Quiz/Комментарии: Array
(
)

Собранные комментарии (для лога): 
Comments: Регион - Орловская обл. Сумма долга - 300000.00

Отправка комментариев в Bitrix: ДА
Поля для Bitrix: Array
(
    [NAME] => Абубакир
    [PHONE] => Array
        (
            [0] => Array
                (
                    [VALUE] => 79913447702
                    [VALUE_TYPE] => MOBILE
                )

        )

    [ASSIGNED_BY_ID] => 1
    [TITLE] => Новая заявка - 79913447702
    [OPENED] => Y
    [STATUS_ID] => NEW
    [SOURCE_ID] => 869
    [COMMENTS] => <b>Comments:</b> Регион - Орловская обл. Сумма долга - 300000.00<br>
)

Bitrix Response: {"result":656011,"time":{"start":1772106851,"finish":1772106853.995533,"duration":2.995532989501953,"processing":2,"date_start":"2026-02-26T14:54:11+03:00","date_finish":"2026-02-26T14:54:13+03:00","operating_reset_at":1772107451,"operating":24.442153453826904}}
Статус: Успешно (Lead ID: 656011)
--------------------------------------------------

