Время: 25.02.2026 21:08:03
Сервис: Директ
From: Заявка из Директ
Клиент: Array
(
    [name] => 
    [phone] => +7 (676) 878-78-56
    [email] => 
)

Город: не определён (ID: не найден)
RAW Input: {"fields":{"TITLE":"Заявка юрмаркетинг.рф","NAME":"","SECOND_NAME":"","LAST_NAME":"","STATUS_ID":"NEW","OPENED":"Y","ASSIGNED_BY_ID":1,"SOURCE_DESCRIPTION":"траффикс Орел","SOURCE_ID":null,"COMMENTS":"<div><b>Перед кем у вас долги? :</b>  Банки/Микрозаймы;</div> <div><b>На вас зарегистрирована собственность? :</b>  Единственная квартира/дом;</div> <div><b>Какая общая сумма задолженности? :</b>  От 300 000 до 500 000 рублей;</div> <div><b>Номер телефона :</b>  +7 (676) 878-78-56;</div> <div><b>utm_campaign :</b>  {region_name};</div> <div><b>Имя :</b> ;</div> <div><b>Номер :</b> +7 (676) 878-78-56;</div> ","PHONE":[{"VALUE":"+7 (676) 878-78-56"}]},"params":{"REGISTER_SONET_EVENT":"Y"}}
POST: Array
(
)

Quiz/Комментарии: Array
(
)

Собранные комментарии (для лога): 
Комментарий (Bitrix): &lt;div&gt;&lt;b&gt;Перед кем у вас долги? :&lt;/b&gt;  Банки/Микрозаймы;&lt;/div&gt; &lt;div&gt;&lt;b&gt;На вас зарегистрирована собственность? :&lt;/b&gt;  Единственная квартира/дом;&lt;/div&gt; &lt;div&gt;&lt;b&gt;Какая общая сумма задолженности? :&lt;/b&gt;  От 300 000 до 500 000 рублей;&lt;/div&gt; &lt;div&gt;&lt;b&gt;Номер телефона :&lt;/b&gt;  +7 (676) 878-78-56;&lt;/div&gt; &lt;div&gt;&lt;b&gt;utm_campaign :&lt;/b&gt;  {region_name};&lt;/div&gt; &lt;div&gt;&lt;b&gt;Имя :&lt;/b&gt; ;&lt;/div&gt; &lt;div&gt;&lt;b&gt;Номер :&lt;/b&gt; +7 (676) 878-78-56;&lt;/div&gt; 
Fields: Заявка юрмаркетинг.рф
Params: Y

Отправка комментариев в Bitrix: ДА
Поля для Bitrix: Array
(
    [TITLE] => Новая заявка - +7 (676) 878-78-56
    [NAME] => 
    [SECOND_NAME] => 
    [LAST_NAME] => 
    [STATUS_ID] => NEW
    [OPENED] => Y
    [ASSIGNED_BY_ID] => 1
    [SOURCE_DESCRIPTION] => траффикс Орел
    [SOURCE_ID] => 868
    [COMMENTS] => <b>Комментарий (Bitrix):</b> &lt;div&gt;&lt;b&gt;Перед кем у вас долги? :&lt;/b&gt;  Банки/Микрозаймы;&lt;/div&gt; &lt;div&gt;&lt;b&gt;На вас зарегистрирована собственность? :&lt;/b&gt;  Единственная квартира/дом;&lt;/div&gt; &lt;div&gt;&lt;b&gt;Какая общая сумма задолженности? :&lt;/b&gt;  От 300 000 до 500 000 рублей;&lt;/div&gt; &lt;div&gt;&lt;b&gt;Номер телефона :&lt;/b&gt;  +7 (676) 878-78-56;&lt;/div&gt; &lt;div&gt;&lt;b&gt;utm_campaign :&lt;/b&gt;  {region_name};&lt;/div&gt; &lt;div&gt;&lt;b&gt;Имя :&lt;/b&gt; ;&lt;/div&gt; &lt;div&gt;&lt;b&gt;Номер :&lt;/b&gt; +7 (676) 878-78-56;&lt;/div&gt; <br><b>Fields:</b> Заявка юрмаркетинг.рф<br><b>Params:</b> Y<br>
    [PHONE] => Array
        (
            [0] => Array
                (
                    [VALUE] => +76768787856
                    [VALUE_TYPE] => MOBILE
                )

        )

)

Bitrix Response: {"result":655475,"time":{"start":1772042883,"finish":1772042885.697577,"duration":2.6975769996643066,"processing":2,"date_start":"2026-02-25T21:08:03+03:00","date_finish":"2026-02-25T21:08:05+03:00","operating_reset_at":1772043483,"operating":3.798759937286377}}
Статус: Успешно (Lead ID: 655475)
--------------------------------------------------

Время: 25.02.2026 22:35:04
Сервис: Директ
From: Заявка из Директ
Клиент: Array
(
    [name] => 
    [phone] => +7 (953) 471-51-79
    [email] => 
)

Город: не определён (ID: не найден)
RAW Input: {"fields":{"TITLE":"Заявка юрмаркетинг.рф","NAME":"","SECOND_NAME":"","LAST_NAME":"","STATUS_ID":"NEW","OPENED":"Y","ASSIGNED_BY_ID":1,"SOURCE_DESCRIPTION":"траффикс Орел","SOURCE_ID":null,"COMMENTS":"<div><b>Перед кем у вас долги? :</b>  Банки/Микрозаймы;</div> <div><b>На вас зарегистрирована собственность? :</b>  Единственная квартира/дом;</div> <div><b>Какая общая сумма задолженности? :</b>  От 300 000 до 500 000 рублей;</div> <div><b>Номер телефона :</b>  +7 (953) 471-51-79;</div> <div><b>Имя :</b> ;</div> <div><b>Номер :</b> +7 (953) 471-51-79;</div> ","PHONE":[{"VALUE":"+7 (953) 471-51-79"}]},"params":{"REGISTER_SONET_EVENT":"Y"}}
POST: Array
(
)

Quiz/Комментарии: Array
(
)

Собранные комментарии (для лога): 
Комментарий (Bitrix): &lt;div&gt;&lt;b&gt;Перед кем у вас долги? :&lt;/b&gt;  Банки/Микрозаймы;&lt;/div&gt; &lt;div&gt;&lt;b&gt;На вас зарегистрирована собственность? :&lt;/b&gt;  Единственная квартира/дом;&lt;/div&gt; &lt;div&gt;&lt;b&gt;Какая общая сумма задолженности? :&lt;/b&gt;  От 300 000 до 500 000 рублей;&lt;/div&gt; &lt;div&gt;&lt;b&gt;Номер телефона :&lt;/b&gt;  +7 (953) 471-51-79;&lt;/div&gt; &lt;div&gt;&lt;b&gt;Имя :&lt;/b&gt; ;&lt;/div&gt; &lt;div&gt;&lt;b&gt;Номер :&lt;/b&gt; +7 (953) 471-51-79;&lt;/div&gt; 
Fields: Заявка юрмаркетинг.рф
Params: Y

Отправка комментариев в Bitrix: ДА
Поля для Bitrix: Array
(
    [TITLE] => Новая заявка - +7 (953) 471-51-79
    [NAME] => 
    [SECOND_NAME] => 
    [LAST_NAME] => 
    [STATUS_ID] => NEW
    [OPENED] => Y
    [ASSIGNED_BY_ID] => 1
    [SOURCE_DESCRIPTION] => траффикс Орел
    [SOURCE_ID] => 868
    [COMMENTS] => <b>Комментарий (Bitrix):</b> &lt;div&gt;&lt;b&gt;Перед кем у вас долги? :&lt;/b&gt;  Банки/Микрозаймы;&lt;/div&gt; &lt;div&gt;&lt;b&gt;На вас зарегистрирована собственность? :&lt;/b&gt;  Единственная квартира/дом;&lt;/div&gt; &lt;div&gt;&lt;b&gt;Какая общая сумма задолженности? :&lt;/b&gt;  От 300 000 до 500 000 рублей;&lt;/div&gt; &lt;div&gt;&lt;b&gt;Номер телефона :&lt;/b&gt;  +7 (953) 471-51-79;&lt;/div&gt; &lt;div&gt;&lt;b&gt;Имя :&lt;/b&gt; ;&lt;/div&gt; &lt;div&gt;&lt;b&gt;Номер :&lt;/b&gt; +7 (953) 471-51-79;&lt;/div&gt; <br><b>Fields:</b> Заявка юрмаркетинг.рф<br><b>Params:</b> Y<br>
    [PHONE] => Array
        (
            [0] => Array
                (
                    [VALUE] => +79534715179
                    [VALUE_TYPE] => MOBILE
                )

        )

)

Bitrix Response: {"result":655491,"time":{"start":1772048104,"finish":1772048106.165502,"duration":2.1655020713806152,"processing":2,"date_start":"2026-02-25T22:35:04+03:00","date_finish":"2026-02-25T22:35:06+03:00","operating_reset_at":1772048704,"operating":1.8997609615325928}}
Статус: Успешно (Lead ID: 655491)
--------------------------------------------------

