Время: 24.02.2026 17:28:35
Сервис: Базы + КЦ
From: Заявка из Базы + КЦ
Клиент: Array
(
    [name] => ТЕСТ
    [phone] => +79998887776
    [email] => 
)

Город: Орел (ID: не найден)
RAW Input: {"name": "\u0422\u0415\u0421\u0422 ", "Comments": "\u0442\u0435\u0441\u0442\u043e\u0432\u044b\u0439 \u043b\u0438\u0434", "phone": "+79998887776", "Gorod": "\u041e\u0440\u0435\u043b"}
POST: Array
(
)

Quiz/Комментарии: Array
(
)

Собранные комментарии (для лога): 
Comments: тестовый лид
Город: Орел

Отправка комментариев в Bitrix: ДА
Поля для Bitrix: Array
(
    [NAME] => ТЕСТ
    [PHONE] => Array
        (
            [0] => Array
                (
                    [VALUE] => +79998887776
                    [VALUE_TYPE] => MOBILE
                )

        )

    [ASSIGNED_BY_ID] => 1
    [TITLE] => Новая заявка - +79998887776
    [OPENED] => Y
    [STATUS_ID] => NEW
    [SOURCE_ID] => 886
    [COMMENTS] => <b>Comments:</b> тестовый лид<br><b>Город:</b> Орел<br>
)

Bitrix Response: {"result":654509,"time":{"start":1771943315,"finish":1771943317.092675,"duration":2.092674970626831,"processing":2,"date_start":"2026-02-24T17:28:35+03:00","date_finish":"2026-02-24T17:28:37+03:00","operating_reset_at":1771943915,"operating":30.421727418899536}}
Статус: Успешно (Lead ID: 654509)
--------------------------------------------------

Время: 26.02.2026 12:45:40
Сервис: Базы + КЦ
From: Заявка из Базы + КЦ
Клиент: Array
(
    [name] => Владимир
    [phone] => 79534751591
    [email] => 
)

Город: Орел (ID: не найден)
RAW Input: {"name": "\u0412\u043b\u0430\u0434\u0438\u043c\u0438\u0440", "Comments": "\u0421\u0432\u0435\u0442\u043b\u0430\u043d\u0430 12.38/1 \u043c\u043b\u043d 500 \u0442\u044b\u0441 \u043f\u043e\u0442\u0440\u0435\u0431 \u043f\u043b\u0430\u0442\u0438\u0442 \u0431\u0435\u0437 \u043f\u0440\u043e\u0441\u0440\u043e\u0447\u0435\u043a/\u0438\u043f\u043e\u0442\u0435\u043a\u0430 \u0435\u0434.\u0436\u0438\u043b\u044c\u0435 \u043f\u043b\u0430\u0442\u0438\u0442 \u0431\u0435\u0437 \u043f\u0440\u043e\u0441\u0440\u043e\u0447\u0435\u043a/\u0431\u0444\u043b \u043d\u0435\u0442/\u041e\u0440\u0435\u043b", "phone": "79534751591", "Gorod": "\u041e\u0440\u0435\u043b"}
POST: Array
(
)

Quiz/Комментарии: Array
(
)

Собранные комментарии (для лога): 
Comments: Светлана 12.38/1 млн 500 тыс потреб платит без просрочек/ипотека ед.жилье платит без просрочек/бфл нет/Орел
Город: Орел

Отправка комментариев в Bitrix: ДА
Поля для Bitrix: Array
(
    [NAME] => Владимир
    [PHONE] => Array
        (
            [0] => Array
                (
                    [VALUE] => 79534751591
                    [VALUE_TYPE] => MOBILE
                )

        )

    [ASSIGNED_BY_ID] => 1
    [TITLE] => Новая заявка - 79534751591
    [OPENED] => Y
    [STATUS_ID] => NEW
    [SOURCE_ID] => 886
    [COMMENTS] => <b>Comments:</b> Светлана 12.38/1 млн 500 тыс потреб платит без просрочек/ипотека ед.жилье платит без просрочек/бфл нет/Орел<br><b>Город:</b> Орел<br>
)

Bitrix Response: {"result":655827,"time":{"start":1772099140,"finish":1772099142.511783,"duration":2.5117828845977783,"processing":2,"date_start":"2026-02-26T12:45:40+03:00","date_finish":"2026-02-26T12:45:42+03:00","operating_reset_at":1772099740,"operating":10.313076972961426}}
Статус: Успешно (Lead ID: 655827)
--------------------------------------------------

