Время: 24.02.2026 09:07:03
Сервис: ЯД+ВК+КЦ
From: Заявка из ЯД+ВК+КЦ
Клиент: Array
(
    [name] => Елена
    [phone] => 79155036011
    [email] => 
)

Город: Орел, Орловская область (ID: не найден)
RAW Input: {"name": "\u0415\u043b\u0435\u043d\u0430", "Comments": "\u0421\u0443\u043c\u043c\u0430 \u0434\u043e\u043b\u0433\u043e\u0432: 600 \u0442\u044b\u0441. \n\u0422\u0438\u043f \u0434\u043e\u043b\u0433\u0430: \u043a\u0440\u0435\u0434\u0438\u0442\u043d\u044b\u0435,\u0437\u0430\u0439\u043c\u044b. \n\u0418\u043f\u043e\u0442\u0435\u043a\u0430: \u043d\u0435\u0442.\n \u0420\u0435\u0433\u0438\u043e\u043d: \u041e\u0440\u0435\u043b, \u041e\u0440\u043b\u043e\u0432\u0441\u043a\u0430\u044f \u043e\u0431\u043b\u0430\u0441\u0442\u044c. \n\u0414\u043e\u043f\u043e\u043b\u043d\u0438\u0442\u0435\u043b\u044c\u043d\u0430\u044f \u0438\u043d\u0444\u043e\u0440\u043c\u0430\u0446\u0438\u044f: ", "phone": "79155036011", "Gorod": "\u041e\u0440\u0435\u043b, \u041e\u0440\u043b\u043e\u0432\u0441\u043a\u0430\u044f \u043e\u0431\u043b\u0430\u0441\u0442\u044c"}
POST: Array
(
)

Quiz/Комментарии: Array
(
)

Собранные комментарии (для лога): 
Comments: Сумма долгов: 600 тыс. 
Тип долга: кредитные,займы. 
Ипотека: нет.
 Регион: Орел, Орловская область. 
Дополнительная информация:
Город: Орел, Орловская область

Отправка комментариев в Bitrix: ДА
Поля для Bitrix: Array
(
    [NAME] => Елена
    [PHONE] => Array
        (
            [0] => Array
                (
                    [VALUE] => 79155036011
                    [VALUE_TYPE] => MOBILE
                )

        )

    [ASSIGNED_BY_ID] => 1
    [TITLE] => Новая заявка - 79155036011
    [OPENED] => Y
    [STATUS_ID] => NEW
    [SOURCE_ID] => 875
    [COMMENTS] => <b>Comments:</b> Сумма долгов: 600 тыс. 
Тип долга: кредитные,займы. 
Ипотека: нет.
 Регион: Орел, Орловская область. 
Дополнительная информация:<br><b>Город:</b> Орел, Орловская область<br>
)

Bitrix Response: {"result":653905,"time":{"start":1771913223,"finish":1771913225.523452,"duration":2.523452043533325,"processing":2,"date_start":"2026-02-24T09:07:03+03:00","date_finish":"2026-02-24T09:07:05+03:00","operating_reset_at":1771913823,"operating":11.14374303817749}}
Статус: Успешно (Lead ID: 653905)
--------------------------------------------------

Время: 26.02.2026 12:57:18
Сервис: ЯД+ВК+КЦ
From: Заявка из ЯД+ВК+КЦ
Клиент: Array
(
    [name] => Дарья
    [phone] => 79251819556
    [email] => 
)

Город: Орловская область Орёл (ID: не найден)
RAW Input: {"name": "\u0414\u0430\u0440\u044c\u044f ", "Comments": "\u0421\u0443\u043c\u043c\u0430 \u0434\u043e\u043b\u0433\u043e\u0432: \u0431\u043e\u043b\u0435\u0435 300 \u0442\u044b\u0441. \n\u0422\u0438\u043f \u0434\u043e\u043b\u0433\u0430: \u041a\u0440\u0435\u0434\u0438\u0442\u043d\u044b\u0435. \n\u0418\u043f\u043e\u0442\u0435\u043a\u0430: \u041d\u0435\u0442.\n \u0420\u0435\u0433\u0438\u043e\u043d: \u041e\u0440\u0451\u043b. \n\u0414\u043e\u043f\u043e\u043b\u043d\u0438\u0442\u0435\u043b\u044c\u043d\u0430\u044f \u0438\u043d\u0444\u043e\u0440\u043c\u0430\u0446\u0438\u044f: \u0434\u043e\u043b\u0433\u0438 \u043f\u0430\u0440\u043d\u044f", "phone": "79251819556", "Gorod": "\u041e\u0440\u043b\u043e\u0432\u0441\u043a\u0430\u044f \u043e\u0431\u043b\u0430\u0441\u0442\u044c \u041e\u0440\u0451\u043b"}
POST: Array
(
)

Quiz/Комментарии: Array
(
)

Собранные комментарии (для лога): 
Comments: Сумма долгов: более 300 тыс. 
Тип долга: Кредитные. 
Ипотека: Нет.
 Регион: Орёл. 
Дополнительная информация: долги парня
Город: Орловская область Орёл

Отправка комментариев в Bitrix: ДА
Поля для Bitrix: Array
(
    [NAME] => Дарья
    [PHONE] => Array
        (
            [0] => Array
                (
                    [VALUE] => 79251819556
                    [VALUE_TYPE] => MOBILE
                )

        )

    [ASSIGNED_BY_ID] => 1
    [TITLE] => Новая заявка - 79251819556
    [OPENED] => Y
    [STATUS_ID] => NEW
    [SOURCE_ID] => 875
    [COMMENTS] => <b>Comments:</b> Сумма долгов: более 300 тыс. 
Тип долга: Кредитные. 
Ипотека: Нет.
 Регион: Орёл. 
Дополнительная информация: долги парня<br><b>Город:</b> Орловская область Орёл<br>
)

Bitrix Response: {"result":655835,"time":{"start":1772099838,"finish":1772099840.731936,"duration":2.731935977935791,"processing":2,"date_start":"2026-02-26T12:57:18+03:00","date_finish":"2026-02-26T12:57:20+03:00","operating_reset_at":1772100438,"operating":4.410218000411987}}
Статус: Успешно (Lead ID: 655835)
--------------------------------------------------

Время: 27.02.2026 08:54:11
Сервис: ЯД+ВК+КЦ
From: Заявка из ЯД+ВК+КЦ
Клиент: Array
(
    [name] => Евгений
    [phone] => 79534140634
    [email] => 
)

Город: Ливны, Орловская область (ID: не найден)
RAW Input: {"name": "\u0415\u0432\u0433\u0435\u043d\u0438\u0439", "Comments": "\u0421\u0443\u043c\u043c\u0430 \u0434\u043e\u043b\u0433\u043e\u0432: 400 \u0442\u044b\u0441 \u0436\u043a\u0445 ,45 \u0442\u044b\u0441. \n\u0422\u0438\u043f \u0434\u043e\u043b\u0433\u0430: \u0436\u043a\u0445 \u043f\u0440\u043e\u043f\u0438\u0441\u0430\u043d\u043e 2,\u043a\u0440\u0435\u0434\u0438\u0442\u044b  . \n\u0418\u043f\u043e\u0442\u0435\u043a\u0430: \u043d\u0435\u0442.\n \u0420\u0435\u0433\u0438\u043e\u043d: \u041b\u0438\u0432\u043d\u044b, \u041e\u0440\u043b\u043e\u0432\u0441\u043a\u0430\u044f \u043e\u0431\u043b\u0430\u0441\u0442\u044c. \n\u0414\u043e\u043f\u043e\u043b\u043d\u0438\u0442\u0435\u043b\u044c\u043d\u0430\u044f \u0438\u043d\u0444\u043e\u0440\u043c\u0430\u0446\u0438\u044f: ", "phone": "79534140634", "Gorod": "\u041b\u0438\u0432\u043d\u044b, \u041e\u0440\u043b\u043e\u0432\u0441\u043a\u0430\u044f \u043e\u0431\u043b\u0430\u0441\u0442\u044c"}
POST: Array
(
)

Quiz/Комментарии: Array
(
)

Собранные комментарии (для лога): 
Comments: Сумма долгов: 400 тыс жкх ,45 тыс. 
Тип долга: жкх прописано 2,кредиты  . 
Ипотека: нет.
 Регион: Ливны, Орловская область. 
Дополнительная информация:
Город: Ливны, Орловская область

Отправка комментариев в Bitrix: ДА
Поля для Bitrix: Array
(
    [NAME] => Евгений
    [PHONE] => Array
        (
            [0] => Array
                (
                    [VALUE] => 79534140634
                    [VALUE_TYPE] => MOBILE
                )

        )

    [ASSIGNED_BY_ID] => 1
    [TITLE] => Новая заявка - 79534140634
    [OPENED] => Y
    [STATUS_ID] => NEW
    [SOURCE_ID] => 875
    [COMMENTS] => <b>Comments:</b> Сумма долгов: 400 тыс жкх ,45 тыс. 
Тип долга: жкх прописано 2,кредиты  . 
Ипотека: нет.
 Регион: Ливны, Орловская область. 
Дополнительная информация:<br><b>Город:</b> Ливны, Орловская область<br>
)

Bitrix Response: {"result":656343,"time":{"start":1772171651,"finish":1772171654.112316,"duration":3.1123158931732178,"processing":3,"date_start":"2026-02-27T08:54:11+03:00","date_finish":"2026-02-27T08:54:14+03:00","operating_reset_at":1772172251,"operating":2.1872870922088623}}
Статус: Успешно (Lead ID: 656343)
--------------------------------------------------

