Время: 23.02.2026 09:39:27
Сервис: КЦ
From: Заявка из КЦ
Клиент: Array
(
    [name] => Test Имя
    [phone] => +79171111112
    [email] => 
)

Город: Орел (ID: не найден)
RAW Input: {"name":"Test \u0418\u043c\u044f","phone":"+79171111112","Comments":"\u0417\u0430\u043f\u0438\u0441\u044c \u0440\u0430\u0437\u0433\u043e\u0432\u043e\u0440\u0430: https:\/\/786231.selcdn.ru\/leads-m-records\/records\/test.mp3 \u041a\u043e\u0433\u0434\u0430 \u043f\u0435\u0440\u0435\u0437\u0432\u043e\u043d\u0438\u0442\u044c: \u041d\u0438\u043a\u043e\u0433\u0434\u0430 - \u0434\u043b\u044f \u0442\u0435\u0441\u0442\u0430, \u0414\u0430\u0442\u0430 \u0437\u0432\u043e\u043d\u043a\u0430: 2026-02-23 09:27:28, \u0413\u0435\u043e: \u041e\u0440\u043b\u043e\u0432\u0441\u043a\u0430\u044f \u043e\u0431\u043b., \u0421\u0443\u043c\u043c\u0430 \u0434\u043e\u043b\u0433\u0430: 50000 \u0440\u0443\u0431","Gorod":"\u041e\u0440\u0435\u043b"}
POST: Array
(
)

Quiz/Комментарии: Array
(
)

Собранные комментарии (для лога): 
Comments: Запись разговора: https://786231.selcdn.ru/leads-m-records/records/test.mp3 Когда перезвонить: Никогда - для теста, Дата звонка: 2026-02-23 09:27:28, Гео: Орловская обл., Сумма долга: 50000 руб
Город: Орел

Отправка комментариев в Bitrix: ДА
Поля для Bitrix: Array
(
    [NAME] => Test Имя
    [PHONE] => Array
        (
            [0] => Array
                (
                    [VALUE] => +79171111112
                    [VALUE_TYPE] => MOBILE
                )

        )

    [ASSIGNED_BY_ID] => 1
    [TITLE] => Новая заявка - +79171111112
    [OPENED] => Y
    [STATUS_ID] => NEW
    [SOURCE_ID] => 885
    [COMMENTS] => <b>Comments:</b> Запись разговора: https://786231.selcdn.ru/leads-m-records/records/test.mp3 Когда перезвонить: Никогда - для теста, Дата звонка: 2026-02-23 09:27:28, Гео: Орловская обл., Сумма долга: 50000 руб<br><b>Город:</b> Орел<br>
)

Bitrix Response: {"result":653669,"time":{"start":1771828767,"finish":1771828769.644547,"duration":2.6445469856262207,"processing":2,"date_start":"2026-02-23T09:39:27+03:00","date_finish":"2026-02-23T09:39:29+03:00","operating_reset_at":1771829367,"operating":5.90017294883728}}
Статус: Успешно (Lead ID: 653669)
--------------------------------------------------

Время: 24.02.2026 10:22:07
Сервис: КЦ
From: Заявка из КЦ
Клиент: Array
(
    [name] => Сергей Петрович.
    [phone] => +79586550920
    [email] => 
)

Город: Орел (ID: не найден)
RAW Input: {"name":"\u0421\u0435\u0440\u0433\u0435\u0439 \u041f\u0435\u0442\u0440\u043e\u0432\u0438\u0447.","phone":"+79586550920","Comments":"\u0417\u0430\u043f\u0438\u0441\u044c \u0440\u0430\u0437\u0433\u043e\u0432\u043e\u0440\u0430: https:\/\/786231.selcdn.ru\/leads-m-records\/records\/4T5zKWWZtTKyCPeMrVvf.mp3 \u041a\u043e\u0433\u0434\u0430 \u043f\u0435\u0440\u0435\u0437\u0432\u043e\u043d\u0438\u0442\u044c: \u0432 \u0431\u043b\u0438\u0436\u0430\u0439\u0448\u0435\u0435 \u0432\u0440\u0435\u043c\u044f \u043e\u0436\u0438\u0434\u0430\u0435\u0442 \u0437\u0432\u043e\u043d\u043e\u043a., \u0414\u0430\u0442\u0430 \u0437\u0432\u043e\u043d\u043a\u0430: 2026-02-24 10:21:45, \u0413\u0435\u043e: \u041e\u0440\u043b\u043e\u0432\u0441\u043a\u0430\u044f \u043e\u0431\u043b., \u0421\u0443\u043c\u043c\u0430 \u0434\u043e\u043b\u0433\u0430: 300000 \u0440\u0443\u0431","Gorod":"\u041e\u0440\u0435\u043b"}
POST: Array
(
)

Quiz/Комментарии: Array
(
)

Собранные комментарии (для лога): 
Comments: Запись разговора: https://786231.selcdn.ru/leads-m-records/records/4T5zKWWZtTKyCPeMrVvf.mp3 Когда перезвонить: в ближайшее время ожидает звонок., Дата звонка: 2026-02-24 10:21:45, Гео: Орловская обл., Сумма долга: 300000 руб
Город: Орел

Отправка комментариев в Bitrix: ДА
Поля для Bitrix: Array
(
    [NAME] => Сергей Петрович.
    [PHONE] => Array
        (
            [0] => Array
                (
                    [VALUE] => +79586550920
                    [VALUE_TYPE] => MOBILE
                )

        )

    [ASSIGNED_BY_ID] => 1
    [TITLE] => Новая заявка - +79586550920
    [OPENED] => Y
    [STATUS_ID] => NEW
    [SOURCE_ID] => 885
    [COMMENTS] => <b>Comments:</b> Запись разговора: https://786231.selcdn.ru/leads-m-records/records/4T5zKWWZtTKyCPeMrVvf.mp3 Когда перезвонить: в ближайшее время ожидает звонок., Дата звонка: 2026-02-24 10:21:45, Гео: Орловская обл., Сумма долга: 300000 руб<br><b>Город:</b> Орел<br>
)

Bitrix Response: {"result":653993,"time":{"start":1771917727,"finish":1771917729.510695,"duration":2.510694980621338,"processing":2,"date_start":"2026-02-24T10:22:07+03:00","date_finish":"2026-02-24T10:22:09+03:00","operating_reset_at":1771918327,"operating":16.07947015762329}}
Статус: Успешно (Lead ID: 653993)
--------------------------------------------------

Время: 24.02.2026 10:22:27
Сервис: КЦ
From: Заявка из КЦ
Клиент: Array
(
    [name] => Игорь
    [phone] => +79534143663
    [email] => 
)

Город: Орел (ID: не найден)
RAW Input: {"name":"\u0418\u0433\u043e\u0440\u044c","phone":"+79534143663","Comments":"\u0417\u0430\u043f\u0438\u0441\u044c \u0440\u0430\u0437\u0433\u043e\u0432\u043e\u0440\u0430: https:\/\/786231.selcdn.ru\/leads-m-records\/records\/KJUKQ9XtAHi5So6f92Jm.mp3 \u041a\u043e\u0433\u0434\u0430 \u043f\u0435\u0440\u0435\u0437\u0432\u043e\u043d\u0438\u0442\u044c: \u0432 \u0431\u043b\u0438\u0436\u0430\u0439\u0448\u0435\u0435 \u0432\u0440\u0435\u043c\u044f, \u0414\u0430\u0442\u0430 \u0437\u0432\u043e\u043d\u043a\u0430: 2026-02-24 10:20:56, \u0413\u0435\u043e: \u041e\u0440\u043b\u043e\u0432\u0441\u043a\u0430\u044f \u043e\u0431\u043b., \u0421\u0443\u043c\u043c\u0430 \u0434\u043e\u043b\u0433\u0430: 350000 \u0440\u0443\u0431","Gorod":"\u041e\u0440\u0435\u043b"}
POST: Array
(
)

Quiz/Комментарии: Array
(
)

Собранные комментарии (для лога): 
Comments: Запись разговора: https://786231.selcdn.ru/leads-m-records/records/KJUKQ9XtAHi5So6f92Jm.mp3 Когда перезвонить: в ближайшее время, Дата звонка: 2026-02-24 10:20:56, Гео: Орловская обл., Сумма долга: 350000 руб
Город: Орел

Отправка комментариев в Bitrix: ДА
Поля для Bitrix: Array
(
    [NAME] => Игорь
    [PHONE] => Array
        (
            [0] => Array
                (
                    [VALUE] => +79534143663
                    [VALUE_TYPE] => MOBILE
                )

        )

    [ASSIGNED_BY_ID] => 1
    [TITLE] => Новая заявка - +79534143663
    [OPENED] => Y
    [STATUS_ID] => NEW
    [SOURCE_ID] => 885
    [COMMENTS] => <b>Comments:</b> Запись разговора: https://786231.selcdn.ru/leads-m-records/records/KJUKQ9XtAHi5So6f92Jm.mp3 Когда перезвонить: в ближайшее время, Дата звонка: 2026-02-24 10:20:56, Гео: Орловская обл., Сумма долга: 350000 руб<br><b>Город:</b> Орел<br>
)

Bitrix Response: {"result":653997,"time":{"start":1771917748,"finish":1771917750.280367,"duration":2.280366897583008,"processing":2,"date_start":"2026-02-24T10:22:28+03:00","date_finish":"2026-02-24T10:22:30+03:00","operating_reset_at":1771918348,"operating":20.878544330596924}}
Статус: Успешно (Lead ID: 653997)
--------------------------------------------------

Время: 24.02.2026 12:26:45
Сервис: КЦ
From: Заявка из КЦ
Клиент: Array
(
    [name] => Николай
    [phone] => +79536104007
    [email] => 
)

Город: Орел (ID: не найден)
RAW Input: {"name":"\u041d\u0438\u043a\u043e\u043b\u0430\u0439","phone":"+79536104007","Comments":"\u0417\u0430\u043f\u0438\u0441\u044c \u0440\u0430\u0437\u0433\u043e\u0432\u043e\u0440\u0430: https:\/\/786231.selcdn.ru\/leads-m-records\/records\/s1DAE4cWJMtCI2gIJE2f.mp3 \u041a\u043e\u0433\u0434\u0430 \u043f\u0435\u0440\u0435\u0437\u0432\u043e\u043d\u0438\u0442\u044c: \u0412 \u0431\u043b\u0438\u0436\u0430\u0439\u0448\u0435\u0435 \u0432\u0440\u0435\u043c\u044f, \u0414\u0430\u0442\u0430 \u0437\u0432\u043e\u043d\u043a\u0430: 2026-02-24 12:26:22, \u0413\u0435\u043e: \u041e\u0440\u043b\u043e\u0432\u0441\u043a\u0430\u044f \u043e\u0431\u043b., \u0421\u0443\u043c\u043c\u0430 \u0434\u043e\u043b\u0433\u0430: 250000 \u0440\u0443\u0431","Gorod":"\u041e\u0440\u0435\u043b"}
POST: Array
(
)

Quiz/Комментарии: Array
(
)

Собранные комментарии (для лога): 
Comments: Запись разговора: https://786231.selcdn.ru/leads-m-records/records/s1DAE4cWJMtCI2gIJE2f.mp3 Когда перезвонить: В ближайшее время, Дата звонка: 2026-02-24 12:26:22, Гео: Орловская обл., Сумма долга: 250000 руб
Город: Орел

Отправка комментариев в Bitrix: ДА
Поля для Bitrix: Array
(
    [NAME] => Николай
    [PHONE] => Array
        (
            [0] => Array
                (
                    [VALUE] => +79536104007
                    [VALUE_TYPE] => MOBILE
                )

        )

    [ASSIGNED_BY_ID] => 1
    [TITLE] => Новая заявка - +79536104007
    [OPENED] => Y
    [STATUS_ID] => NEW
    [SOURCE_ID] => 885
    [COMMENTS] => <b>Comments:</b> Запись разговора: https://786231.selcdn.ru/leads-m-records/records/s1DAE4cWJMtCI2gIJE2f.mp3 Когда перезвонить: В ближайшее время, Дата звонка: 2026-02-24 12:26:22, Гео: Орловская обл., Сумма долга: 250000 руб<br><b>Город:</b> Орел<br>
)

Bitrix Response: {"result":654151,"time":{"start":1771925205,"finish":1771925207.762101,"duration":2.7621009349823,"processing":2,"date_start":"2026-02-24T12:26:45+03:00","date_finish":"2026-02-24T12:26:47+03:00","operating_reset_at":1771925805,"operating":15.736249446868896}}
Статус: Успешно (Lead ID: 654151)
--------------------------------------------------

Время: 24.02.2026 12:42:00
Сервис: КЦ
From: Заявка из КЦ
Клиент: Array
(
    [name] => Наталья
    [phone] => +79534781160
    [email] => 
)

Город: Орел (ID: не найден)
RAW Input: {"name":"\u041d\u0430\u0442\u0430\u043b\u044c\u044f","phone":"+79534781160","Comments":"\u0417\u0430\u043f\u0438\u0441\u044c \u0440\u0430\u0437\u0433\u043e\u0432\u043e\u0440\u0430: https:\/\/786231.selcdn.ru\/leads-m-records\/records\/Ztj9kJGnbxvn5jryEunt.mp3 \u041a\u043e\u0433\u0434\u0430 \u043f\u0435\u0440\u0435\u0437\u0432\u043e\u043d\u0438\u0442\u044c: \u0431\u043b\u0438\u0436\u0430\u0439\u0448\u0435\u0435 \u0432\u0440\u0435\u043c\u044f, \u0414\u0430\u0442\u0430 \u0437\u0432\u043e\u043d\u043a\u0430: 2026-02-24 12:41:32, \u0413\u0435\u043e: \u041e\u0440\u043b\u043e\u0432\u0441\u043a\u0430\u044f \u043e\u0431\u043b., \u0421\u0443\u043c\u043c\u0430 \u0434\u043e\u043b\u0433\u0430: 340000 \u0440\u0443\u0431","Gorod":"\u041e\u0440\u0435\u043b"}
POST: Array
(
)

Quiz/Комментарии: Array
(
)

Собранные комментарии (для лога): 
Comments: Запись разговора: https://786231.selcdn.ru/leads-m-records/records/Ztj9kJGnbxvn5jryEunt.mp3 Когда перезвонить: ближайшее время, Дата звонка: 2026-02-24 12:41:32, Гео: Орловская обл., Сумма долга: 340000 руб
Город: Орел

Отправка комментариев в Bitrix: ДА
Поля для Bitrix: Array
(
    [NAME] => Наталья
    [PHONE] => Array
        (
            [0] => Array
                (
                    [VALUE] => +79534781160
                    [VALUE_TYPE] => MOBILE
                )

        )

    [ASSIGNED_BY_ID] => 1
    [TITLE] => Новая заявка - +79534781160
    [OPENED] => Y
    [STATUS_ID] => NEW
    [SOURCE_ID] => 885
    [COMMENTS] => <b>Comments:</b> Запись разговора: https://786231.selcdn.ru/leads-m-records/records/Ztj9kJGnbxvn5jryEunt.mp3 Когда перезвонить: ближайшее время, Дата звонка: 2026-02-24 12:41:32, Гео: Орловская обл., Сумма долга: 340000 руб<br><b>Город:</b> Орел<br>
)

Bitrix Response: {"result":654173,"time":{"start":1771926120,"finish":1771926122.501922,"duration":2.5019218921661377,"processing":2,"date_start":"2026-02-24T12:42:00+03:00","date_finish":"2026-02-24T12:42:02+03:00","operating_reset_at":1771926720,"operating":8.787570714950562}}
Статус: Успешно (Lead ID: 654173)
--------------------------------------------------

Время: 24.02.2026 13:28:36
Сервис: КЦ
From: Заявка из КЦ
Клиент: Array
(
    [name] => Александр
    [phone] => +79103050231
    [email] => 
)

Город: Орел (ID: не найден)
RAW Input: {"name":"\u0410\u043b\u0435\u043a\u0441\u0430\u043d\u0434\u0440 ","phone":"+79103050231","Comments":"\u0417\u0430\u043f\u0438\u0441\u044c \u0440\u0430\u0437\u0433\u043e\u0432\u043e\u0440\u0430: https:\/\/786231.selcdn.ru\/leads-m-records\/records\/ktkWrkYxU6pRdfR9odXf.mp3 \u041a\u043e\u0433\u0434\u0430 \u043f\u0435\u0440\u0435\u0437\u0432\u043e\u043d\u0438\u0442\u044c: \u0432 \u0431\u043b\u0438\u0436\u0430\u0439\u0448\u0435\u0435 \u0432\u0440\u0435\u043c\u044f, \u0414\u0430\u0442\u0430 \u0437\u0432\u043e\u043d\u043a\u0430: 2026-02-24 13:26:26, \u0413\u0435\u043e: \u041e\u0440\u043b\u043e\u0432\u0441\u043a\u0430\u044f \u043e\u0431\u043b., \u0421\u0443\u043c\u043c\u0430 \u0434\u043e\u043b\u0433\u0430: 1000000 \u0440\u0443\u0431","Gorod":"\u041e\u0440\u0435\u043b"}
POST: Array
(
)

Quiz/Комментарии: Array
(
)

Собранные комментарии (для лога): 
Comments: Запись разговора: https://786231.selcdn.ru/leads-m-records/records/ktkWrkYxU6pRdfR9odXf.mp3 Когда перезвонить: в ближайшее время, Дата звонка: 2026-02-24 13:26:26, Гео: Орловская обл., Сумма долга: 1000000 руб
Город: Орел

Отправка комментариев в Bitrix: ДА
Поля для Bitrix: Array
(
    [NAME] => Александр
    [PHONE] => Array
        (
            [0] => Array
                (
                    [VALUE] => +79103050231
                    [VALUE_TYPE] => MOBILE
                )

        )

    [ASSIGNED_BY_ID] => 1
    [TITLE] => Новая заявка - +79103050231
    [OPENED] => Y
    [STATUS_ID] => NEW
    [SOURCE_ID] => 885
    [COMMENTS] => <b>Comments:</b> Запись разговора: https://786231.selcdn.ru/leads-m-records/records/ktkWrkYxU6pRdfR9odXf.mp3 Когда перезвонить: в ближайшее время, Дата звонка: 2026-02-24 13:26:26, Гео: Орловская обл., Сумма долга: 1000000 руб<br><b>Город:</b> Орел<br>
)

Bitrix Response: {"result":654231,"time":{"start":1771928917,"finish":1771928919.013906,"duration":2.0139060020446777,"processing":2,"date_start":"2026-02-24T13:28:37+03:00","date_finish":"2026-02-24T13:28:39+03:00","operating_reset_at":1771929517,"operating":6.435943126678467}}
Статус: Успешно (Lead ID: 654231)
--------------------------------------------------

Время: 24.02.2026 13:52:51
Сервис: КЦ
From: Заявка из КЦ
Клиент: Array
(
    [name] => Наталья
    [phone] => +79103007529
    [email] => 
)

Город: Орел (ID: не найден)
RAW Input: {"name":"\u041d\u0430\u0442\u0430\u043b\u044c\u044f","phone":"+79103007529","Comments":"\u0417\u0430\u043f\u0438\u0441\u044c \u0440\u0430\u0437\u0433\u043e\u0432\u043e\u0440\u0430: https:\/\/786231.selcdn.ru\/leads-m-records\/records\/9zzpgOPhibRbrcOMkKRh.mp3 \u041a\u043e\u0433\u0434\u0430 \u043f\u0435\u0440\u0435\u0437\u0432\u043e\u043d\u0438\u0442\u044c: \u0441\u0435\u0433\u043e\u0434\u043d\u044f, \u0414\u0430\u0442\u0430 \u0437\u0432\u043e\u043d\u043a\u0430: 2026-02-24 13:52:33, \u0413\u0435\u043e: \u041e\u0440\u043b\u043e\u0432\u0441\u043a\u0430\u044f \u043e\u0431\u043b., \u0421\u0443\u043c\u043c\u0430 \u0434\u043e\u043b\u0433\u0430: 400000 \u0440\u0443\u0431","Gorod":"\u041e\u0440\u0435\u043b"}
POST: Array
(
)

Quiz/Комментарии: Array
(
)

Собранные комментарии (для лога): 
Comments: Запись разговора: https://786231.selcdn.ru/leads-m-records/records/9zzpgOPhibRbrcOMkKRh.mp3 Когда перезвонить: сегодня, Дата звонка: 2026-02-24 13:52:33, Гео: Орловская обл., Сумма долга: 400000 руб
Город: Орел

Отправка комментариев в Bitrix: ДА
Поля для Bitrix: Array
(
    [NAME] => Наталья
    [PHONE] => Array
        (
            [0] => Array
                (
                    [VALUE] => +79103007529
                    [VALUE_TYPE] => MOBILE
                )

        )

    [ASSIGNED_BY_ID] => 1
    [TITLE] => Новая заявка - +79103007529
    [OPENED] => Y
    [STATUS_ID] => NEW
    [SOURCE_ID] => 885
    [COMMENTS] => <b>Comments:</b> Запись разговора: https://786231.selcdn.ru/leads-m-records/records/9zzpgOPhibRbrcOMkKRh.mp3 Когда перезвонить: сегодня, Дата звонка: 2026-02-24 13:52:33, Гео: Орловская обл., Сумма долга: 400000 руб<br><b>Город:</b> Орел<br>
)

Bitrix Response: {"result":654271,"time":{"start":1771930371,"finish":1771930373.730942,"duration":2.7309420108795166,"processing":2,"date_start":"2026-02-24T13:52:51+03:00","date_finish":"2026-02-24T13:52:53+03:00","operating_reset_at":1771930971,"operating":10.637314796447754}}
Статус: Успешно (Lead ID: 654271)
--------------------------------------------------

Время: 24.02.2026 14:51:14
Сервис: КЦ
From: Заявка из КЦ
Клиент: Array
(
    [name] => Александр
    [phone] => +79092286848
    [email] => 
)

Город: Орел (ID: не найден)
RAW Input: {"name":"\u0410\u043b\u0435\u043a\u0441\u0430\u043d\u0434\u0440","phone":"+79092286848","Comments":"\u0417\u0430\u043f\u0438\u0441\u044c \u0440\u0430\u0437\u0433\u043e\u0432\u043e\u0440\u0430: https:\/\/786231.selcdn.ru\/leads-m-records\/records\/6Cc39iNzdngbP8njonte.mp3 \u041a\u043e\u0433\u0434\u0430 \u043f\u0435\u0440\u0435\u0437\u0432\u043e\u043d\u0438\u0442\u044c: \u0432 \u0431\u043b\u0438\u0436\u0430\u0439\u0448\u0435\u0435 \u0432\u0440\u0435\u043c\u044f \u043e\u0436\u0438\u0434\u0430\u0435\u0442 \u0437\u0432\u043e\u043d\u043e\u043a., \u0414\u0430\u0442\u0430 \u0437\u0432\u043e\u043d\u043a\u0430: 2026-02-24 14:51:07, \u0413\u0435\u043e: \u041e\u0440\u043b\u043e\u0432\u0441\u043a\u0430\u044f \u043e\u0431\u043b., \u0421\u0443\u043c\u043c\u0430 \u0434\u043e\u043b\u0433\u0430: 300000 \u0440\u0443\u0431","Gorod":"\u041e\u0440\u0435\u043b"}
POST: Array
(
)

Quiz/Комментарии: Array
(
)

Собранные комментарии (для лога): 
Comments: Запись разговора: https://786231.selcdn.ru/leads-m-records/records/6Cc39iNzdngbP8njonte.mp3 Когда перезвонить: в ближайшее время ожидает звонок., Дата звонка: 2026-02-24 14:51:07, Гео: Орловская обл., Сумма долга: 300000 руб
Город: Орел

Отправка комментариев в Bitrix: ДА
Поля для Bitrix: Array
(
    [NAME] => Александр
    [PHONE] => Array
        (
            [0] => Array
                (
                    [VALUE] => +79092286848
                    [VALUE_TYPE] => MOBILE
                )

        )

    [ASSIGNED_BY_ID] => 1
    [TITLE] => Новая заявка - +79092286848
    [OPENED] => Y
    [STATUS_ID] => NEW
    [SOURCE_ID] => 885
    [COMMENTS] => <b>Comments:</b> Запись разговора: https://786231.selcdn.ru/leads-m-records/records/6Cc39iNzdngbP8njonte.mp3 Когда перезвонить: в ближайшее время ожидает звонок., Дата звонка: 2026-02-24 14:51:07, Гео: Орловская обл., Сумма долга: 300000 руб<br><b>Город:</b> Орел<br>
)

Bitrix Response: {"result":654313,"time":{"start":1771933874,"finish":1771933876.569424,"duration":2.5694239139556885,"processing":2,"date_start":"2026-02-24T14:51:14+03:00","date_finish":"2026-02-24T14:51:16+03:00","operating_reset_at":1771934474,"operating":2.0934340953826904}}
Статус: Успешно (Lead ID: 654313)
--------------------------------------------------

Время: 24.02.2026 14:59:51
Сервис: КЦ
From: Заявка из КЦ
Клиент: Array
(
    [name] => Ирина
    [phone] => +79536133702
    [email] => 
)

Город: Орел (ID: не найден)
RAW Input: {"name":"\u0418\u0440\u0438\u043d\u0430","phone":"+79536133702","Comments":"\u0417\u0430\u043f\u0438\u0441\u044c \u0440\u0430\u0437\u0433\u043e\u0432\u043e\u0440\u0430: https:\/\/786231.selcdn.ru\/leads-m-records\/records\/doHgVL2rf6xU55UB6DCm.mp3 \u041a\u043e\u0433\u0434\u0430 \u043f\u0435\u0440\u0435\u0437\u0432\u043e\u043d\u0438\u0442\u044c: \u0431\u043b\u0438\u0436\u0430\u0439\u0448\u0435\u0435 \u0432\u0440\u0435\u043c\u044f, \u0414\u0430\u0442\u0430 \u0437\u0432\u043e\u043d\u043a\u0430: 2026-02-24 14:59:30, \u0413\u0435\u043e: \u041e\u0440\u043b\u043e\u0432\u0441\u043a\u0430\u044f \u043e\u0431\u043b., \u0421\u0443\u043c\u043c\u0430 \u0434\u043e\u043b\u0433\u0430: 670000 \u0440\u0443\u0431","Gorod":"\u041e\u0440\u0435\u043b"}
POST: Array
(
)

Quiz/Комментарии: Array
(
)

Собранные комментарии (для лога): 
Comments: Запись разговора: https://786231.selcdn.ru/leads-m-records/records/doHgVL2rf6xU55UB6DCm.mp3 Когда перезвонить: ближайшее время, Дата звонка: 2026-02-24 14:59:30, Гео: Орловская обл., Сумма долга: 670000 руб
Город: Орел

Отправка комментариев в Bitrix: ДА
Поля для Bitrix: Array
(
    [NAME] => Ирина
    [PHONE] => Array
        (
            [0] => Array
                (
                    [VALUE] => +79536133702
                    [VALUE_TYPE] => MOBILE
                )

        )

    [ASSIGNED_BY_ID] => 1
    [TITLE] => Новая заявка - +79536133702
    [OPENED] => Y
    [STATUS_ID] => NEW
    [SOURCE_ID] => 885
    [COMMENTS] => <b>Comments:</b> Запись разговора: https://786231.selcdn.ru/leads-m-records/records/doHgVL2rf6xU55UB6DCm.mp3 Когда перезвонить: ближайшее время, Дата звонка: 2026-02-24 14:59:30, Гео: Орловская обл., Сумма долга: 670000 руб<br><b>Город:</b> Орел<br>
)

Bitrix Response: {"result":654315,"time":{"start":1771934391,"finish":1771934393.715947,"duration":2.715946912765503,"processing":2,"date_start":"2026-02-24T14:59:51+03:00","date_finish":"2026-02-24T14:59:53+03:00","operating_reset_at":1771934991,"operating":4.103934288024902}}
Статус: Успешно (Lead ID: 654315)
--------------------------------------------------

Время: 25.02.2026 12:28:33
Сервис: КЦ
From: Заявка из КЦ
Клиент: Array
(
    [name] => Сергей
    [phone] => +79960791732
    [email] => 
)

Город: Орел (ID: не найден)
RAW Input: {"name":"\u0421\u0435\u0440\u0433\u0435\u0439","phone":"+79960791732","Comments":"\u0417\u0430\u043f\u0438\u0441\u044c \u0440\u0430\u0437\u0433\u043e\u0432\u043e\u0440\u0430: https:\/\/786231.selcdn.ru\/leads-m-records\/records\/XXrWMrVW2li5OVBWNsNF.mp3 \u041a\u043e\u0433\u0434\u0430 \u043f\u0435\u0440\u0435\u0437\u0432\u043e\u043d\u0438\u0442\u044c: \u043f\u0435\u0440\u0435\u0437\u0432\u043e\u043d\u0438\u0442\u044c \u0447\u0435\u0440\u0435\u0437 \u0447\u0430\u0441, \u0414\u0430\u0442\u0430 \u0437\u0432\u043e\u043d\u043a\u0430: 2026-02-25 12:27:33, \u0413\u0435\u043e: \u041e\u0440\u043b\u043e\u0432\u0441\u043a\u0430\u044f \u043e\u0431\u043b., \u0421\u0443\u043c\u043c\u0430 \u0434\u043e\u043b\u0433\u0430: 1000000 \u0440\u0443\u0431","Gorod":"\u041e\u0440\u0435\u043b"}
POST: Array
(
)

Quiz/Комментарии: Array
(
)

Собранные комментарии (для лога): 
Comments: Запись разговора: https://786231.selcdn.ru/leads-m-records/records/XXrWMrVW2li5OVBWNsNF.mp3 Когда перезвонить: перезвонить через час, Дата звонка: 2026-02-25 12:27:33, Гео: Орловская обл., Сумма долга: 1000000 руб
Город: Орел

Отправка комментариев в Bitrix: ДА
Поля для Bitrix: Array
(
    [NAME] => Сергей
    [PHONE] => Array
        (
            [0] => Array
                (
                    [VALUE] => +79960791732
                    [VALUE_TYPE] => MOBILE
                )

        )

    [ASSIGNED_BY_ID] => 1
    [TITLE] => Новая заявка - +79960791732
    [OPENED] => Y
    [STATUS_ID] => NEW
    [SOURCE_ID] => 885
    [COMMENTS] => <b>Comments:</b> Запись разговора: https://786231.selcdn.ru/leads-m-records/records/XXrWMrVW2li5OVBWNsNF.mp3 Когда перезвонить: перезвонить через час, Дата звонка: 2026-02-25 12:27:33, Гео: Орловская обл., Сумма долга: 1000000 руб<br><b>Город:</b> Орел<br>
)

Bitrix Response: {"result":654953,"time":{"start":1772011713,"finish":1772011715.573443,"duration":2.5734429359436035,"processing":2,"date_start":"2026-02-25T12:28:33+03:00","date_finish":"2026-02-25T12:28:35+03:00","operating_reset_at":1772012313,"operating":15.903563261032104}}
Статус: Успешно (Lead ID: 654953)
--------------------------------------------------

Время: 25.02.2026 15:06:33
Сервис: КЦ
From: Заявка из КЦ
Клиент: Array
(
    [name] => Евгений
    [phone] => +79536268671
    [email] => 
)

Город: Орел (ID: не найден)
RAW Input: {"name":"\u0415\u0432\u0433\u0435\u043d\u0438\u0439","phone":"+79536268671","Comments":"\u0417\u0430\u043f\u0438\u0441\u044c \u0440\u0430\u0437\u0433\u043e\u0432\u043e\u0440\u0430: https:\/\/786231.selcdn.ru\/leads-m-records\/records\/olxBpJ7yPgstQHWsyMKM.mp3 \u041a\u043e\u0433\u0434\u0430 \u043f\u0435\u0440\u0435\u0437\u0432\u043e\u043d\u0438\u0442\u044c: \u0447\u0435\u0440\u0435\u0437 15-20 \u043c\u0438\u043d\u0443\u0442, \u0414\u0430\u0442\u0430 \u0437\u0432\u043e\u043d\u043a\u0430: 2026-02-25 15:05:14, \u0413\u0435\u043e: \u041e\u0440\u043b\u043e\u0432\u0441\u043a\u0430\u044f \u043e\u0431\u043b., \u0421\u0443\u043c\u043c\u0430 \u0434\u043e\u043b\u0433\u0430: 850000 \u0440\u0443\u0431","Gorod":"\u041e\u0440\u0435\u043b"}
POST: Array
(
)

Quiz/Комментарии: Array
(
)

Собранные комментарии (для лога): 
Comments: Запись разговора: https://786231.selcdn.ru/leads-m-records/records/olxBpJ7yPgstQHWsyMKM.mp3 Когда перезвонить: через 15-20 минут, Дата звонка: 2026-02-25 15:05:14, Гео: Орловская обл., Сумма долга: 850000 руб
Город: Орел

Отправка комментариев в Bitrix: ДА
Поля для Bitrix: Array
(
    [NAME] => Евгений
    [PHONE] => Array
        (
            [0] => Array
                (
                    [VALUE] => +79536268671
                    [VALUE_TYPE] => MOBILE
                )

        )

    [ASSIGNED_BY_ID] => 1
    [TITLE] => Новая заявка - +79536268671
    [OPENED] => Y
    [STATUS_ID] => NEW
    [SOURCE_ID] => 885
    [COMMENTS] => <b>Comments:</b> Запись разговора: https://786231.selcdn.ru/leads-m-records/records/olxBpJ7yPgstQHWsyMKM.mp3 Когда перезвонить: через 15-20 минут, Дата звонка: 2026-02-25 15:05:14, Гео: Орловская обл., Сумма долга: 850000 руб<br><b>Город:</b> Орел<br>
)

Bitrix Response: {"result":655173,"time":{"start":1772021193,"finish":1772021195.867987,"duration":2.8679869174957275,"processing":2,"date_start":"2026-02-25T15:06:33+03:00","date_finish":"2026-02-25T15:06:35+03:00","operating_reset_at":1772021793,"operating":13.892352104187012}}
Статус: Успешно (Lead ID: 655173)
--------------------------------------------------

Время: 26.02.2026 10:32:18
Сервис: КЦ
From: Заявка из КЦ
Клиент: Array
(
    [name] => Елена
    [phone] => +79102629887
    [email] => 
)

Город: Орел (ID: не найден)
RAW Input: {"name":"\u0415\u043b\u0435\u043d\u0430","phone":"+79102629887","Comments":"\u0417\u0430\u043f\u0438\u0441\u044c \u0440\u0430\u0437\u0433\u043e\u0432\u043e\u0440\u0430: https:\/\/786231.selcdn.ru\/leads-m-records\/records\/BOE6mcqH2ZIJsktVP1jx.mp3 \u041a\u043e\u0433\u0434\u0430 \u043f\u0435\u0440\u0435\u0437\u0432\u043e\u043d\u0438\u0442\u044c: \u0432 \u0431\u043b\u0438\u0436\u0430\u0439\u0448\u0435\u0435 \u0432\u0440\u0435\u043c\u044f, \u0414\u0430\u0442\u0430 \u0437\u0432\u043e\u043d\u043a\u0430: 2026-02-26 10:31:08, \u0413\u0435\u043e: \u041e\u0440\u043b\u043e\u0432\u0441\u043a\u0430\u044f \u043e\u0431\u043b., \u0421\u0443\u043c\u043c\u0430 \u0434\u043e\u043b\u0433\u0430: 600000 \u0440\u0443\u0431","Gorod":"\u041e\u0440\u0435\u043b"}
POST: Array
(
)

Quiz/Комментарии: Array
(
)

Собранные комментарии (для лога): 
Comments: Запись разговора: https://786231.selcdn.ru/leads-m-records/records/BOE6mcqH2ZIJsktVP1jx.mp3 Когда перезвонить: в ближайшее время, Дата звонка: 2026-02-26 10:31:08, Гео: Орловская обл., Сумма долга: 600000 руб
Город: Орел

Отправка комментариев в Bitrix: ДА
Поля для Bitrix: Array
(
    [NAME] => Елена
    [PHONE] => Array
        (
            [0] => Array
                (
                    [VALUE] => +79102629887
                    [VALUE_TYPE] => MOBILE
                )

        )

    [ASSIGNED_BY_ID] => 1
    [TITLE] => Новая заявка - +79102629887
    [OPENED] => Y
    [STATUS_ID] => NEW
    [SOURCE_ID] => 885
    [COMMENTS] => <b>Comments:</b> Запись разговора: https://786231.selcdn.ru/leads-m-records/records/BOE6mcqH2ZIJsktVP1jx.mp3 Когда перезвонить: в ближайшее время, Дата звонка: 2026-02-26 10:31:08, Гео: Орловская обл., Сумма долга: 600000 руб<br><b>Город:</b> Орел<br>
)

Bitrix Response: {"result":655663,"time":{"start":1772091138,"finish":1772091140.454449,"duration":2.454448938369751,"processing":2,"date_start":"2026-02-26T10:32:18+03:00","date_finish":"2026-02-26T10:32:20+03:00","operating_reset_at":1772091738,"operating":6.709090709686279}}
Статус: Успешно (Lead ID: 655663)
--------------------------------------------------

Время: 26.02.2026 13:53:24
Сервис: КЦ
From: Заявка из КЦ
Клиент: Array
(
    [name] => Владимир
    [phone] => +79004836747
    [email] => 
)

Город: Орел (ID: не найден)
RAW Input: {"name":"\u0412\u043b\u0430\u0434\u0438\u043c\u0438\u0440","phone":"+79004836747","Comments":"\u0417\u0430\u043f\u0438\u0441\u044c \u0440\u0430\u0437\u0433\u043e\u0432\u043e\u0440\u0430: https:\/\/786231.selcdn.ru\/leads-m-records\/records\/plwk8u6fA57SgJ0Tkfyl.mp3 \u041a\u043e\u0433\u0434\u0430 \u043f\u0435\u0440\u0435\u0437\u0432\u043e\u043d\u0438\u0442\u044c: \u0431\u043b\u0438\u0436\u0430\u0439\u0448\u0435\u0435  \u0432\u0440\u0435\u043c\u044f, \u0414\u0430\u0442\u0430 \u0437\u0432\u043e\u043d\u043a\u0430: 2026-02-26 13:51:18, \u0413\u0435\u043e: \u041e\u0440\u043b\u043e\u0432\u0441\u043a\u0430\u044f \u043e\u0431\u043b., \u0421\u0443\u043c\u043c\u0430 \u0434\u043e\u043b\u0433\u0430: 1000000 \u0440\u0443\u0431","Gorod":"\u041e\u0440\u0435\u043b"}
POST: Array
(
)

Quiz/Комментарии: Array
(
)

Собранные комментарии (для лога): 
Comments: Запись разговора: https://786231.selcdn.ru/leads-m-records/records/plwk8u6fA57SgJ0Tkfyl.mp3 Когда перезвонить: ближайшее  время, Дата звонка: 2026-02-26 13:51:18, Гео: Орловская обл., Сумма долга: 1000000 руб
Город: Орел

Отправка комментариев в Bitrix: ДА
Поля для Bitrix: Array
(
    [NAME] => Владимир
    [PHONE] => Array
        (
            [0] => Array
                (
                    [VALUE] => +79004836747
                    [VALUE_TYPE] => MOBILE
                )

        )

    [ASSIGNED_BY_ID] => 1
    [TITLE] => Новая заявка - +79004836747
    [OPENED] => Y
    [STATUS_ID] => NEW
    [SOURCE_ID] => 885
    [COMMENTS] => <b>Comments:</b> Запись разговора: https://786231.selcdn.ru/leads-m-records/records/plwk8u6fA57SgJ0Tkfyl.mp3 Когда перезвонить: ближайшее  время, Дата звонка: 2026-02-26 13:51:18, Гео: Орловская обл., Сумма долга: 1000000 руб<br><b>Город:</b> Орел<br>
)

Bitrix Response: {"result":655919,"time":{"start":1772103204,"finish":1772103206.815131,"duration":2.8151309490203857,"processing":2,"date_start":"2026-02-26T13:53:24+03:00","date_finish":"2026-02-26T13:53:26+03:00","operating_reset_at":1772103804,"operating":12.683228731155396}}
Статус: Успешно (Lead ID: 655919)
--------------------------------------------------

Время: 26.02.2026 16:05:18
Сервис: КЦ
From: Заявка из КЦ
Клиент: Array
(
    [name] => Татьяна
    [phone] => +79103005683
    [email] => 
)

Город: Орел (ID: не найден)
RAW Input: {"name":"\u0422\u0430\u0442\u044c\u044f\u043d\u0430","phone":"+79103005683","Comments":"\u0417\u0430\u043f\u0438\u0441\u044c \u0440\u0430\u0437\u0433\u043e\u0432\u043e\u0440\u0430: https:\/\/786231.selcdn.ru\/leads-m-records\/records\/ROJq8KhOeSO6JX1YXYx8.mp3 \u041a\u043e\u0433\u0434\u0430 \u043f\u0435\u0440\u0435\u0437\u0432\u043e\u043d\u0438\u0442\u044c: \u0441\u0435\u0433\u043e\u0434\u043d\u044f, \u0414\u0430\u0442\u0430 \u0437\u0432\u043e\u043d\u043a\u0430: 2026-02-26 16:04:57, \u0413\u0435\u043e: \u041e\u0440\u043b\u043e\u0432\u0441\u043a\u0430\u044f \u043e\u0431\u043b., \u0421\u0443\u043c\u043c\u0430 \u0434\u043e\u043b\u0433\u0430: 600000 \u0440\u0443\u0431","Gorod":"\u041e\u0440\u0435\u043b"}
POST: Array
(
)

Quiz/Комментарии: Array
(
)

Собранные комментарии (для лога): 
Comments: Запись разговора: https://786231.selcdn.ru/leads-m-records/records/ROJq8KhOeSO6JX1YXYx8.mp3 Когда перезвонить: сегодня, Дата звонка: 2026-02-26 16:04:57, Гео: Орловская обл., Сумма долга: 600000 руб
Город: Орел

Отправка комментариев в Bitrix: ДА
Поля для Bitrix: Array
(
    [NAME] => Татьяна
    [PHONE] => Array
        (
            [0] => Array
                (
                    [VALUE] => +79103005683
                    [VALUE_TYPE] => MOBILE
                )

        )

    [ASSIGNED_BY_ID] => 1
    [TITLE] => Новая заявка - +79103005683
    [OPENED] => Y
    [STATUS_ID] => NEW
    [SOURCE_ID] => 885
    [COMMENTS] => <b>Comments:</b> Запись разговора: https://786231.selcdn.ru/leads-m-records/records/ROJq8KhOeSO6JX1YXYx8.mp3 Когда перезвонить: сегодня, Дата звонка: 2026-02-26 16:04:57, Гео: Орловская обл., Сумма долга: 600000 руб<br><b>Город:</b> Орел<br>
)

Bitrix Response: {"result":656099,"time":{"start":1772111118,"finish":1772111120.975142,"duration":2.975142002105713,"processing":2,"date_start":"2026-02-26T16:05:18+03:00","date_finish":"2026-02-26T16:05:20+03:00","operating_reset_at":1772111718,"operating":7.688313007354736}}
Статус: Успешно (Lead ID: 656099)
--------------------------------------------------

Время: 26.02.2026 16:12:14
Сервис: КЦ
From: Заявка из КЦ
Клиент: Array
(
    [name] => Татьяна
    [phone] => +79536220259
    [email] => 
)

Город: Орел (ID: не найден)
RAW Input: {"name":"\u0422\u0430\u0442\u044c\u044f\u043d\u0430","phone":"+79536220259","Comments":"\u0417\u0430\u043f\u0438\u0441\u044c \u0440\u0430\u0437\u0433\u043e\u0432\u043e\u0440\u0430: https:\/\/786231.selcdn.ru\/leads-m-records\/records\/OvaIvMT9mtkQhOldHGxh.mp3 \u041a\u043e\u0433\u0434\u0430 \u043f\u0435\u0440\u0435\u0437\u0432\u043e\u043d\u0438\u0442\u044c: \u0412 \u0431\u043b\u0438\u0436\u0430\u0439\u0448\u0435\u0435 \u0432\u0440\u0435\u043c\u044f, \u0414\u0430\u0442\u0430 \u0437\u0432\u043e\u043d\u043a\u0430: 2026-02-26 16:11:54, \u0413\u0435\u043e: \u041e\u0440\u043b\u043e\u0432\u0441\u043a\u0430\u044f \u043e\u0431\u043b., \u0421\u0443\u043c\u043c\u0430 \u0434\u043e\u043b\u0433\u0430: 250000 \u0440\u0443\u0431","Gorod":"\u041e\u0440\u0435\u043b"}
POST: Array
(
)

Quiz/Комментарии: Array
(
)

Собранные комментарии (для лога): 
Comments: Запись разговора: https://786231.selcdn.ru/leads-m-records/records/OvaIvMT9mtkQhOldHGxh.mp3 Когда перезвонить: В ближайшее время, Дата звонка: 2026-02-26 16:11:54, Гео: Орловская обл., Сумма долга: 250000 руб
Город: Орел

Отправка комментариев в Bitrix: ДА
Поля для Bitrix: Array
(
    [NAME] => Татьяна
    [PHONE] => Array
        (
            [0] => Array
                (
                    [VALUE] => +79536220259
                    [VALUE_TYPE] => MOBILE
                )

        )

    [ASSIGNED_BY_ID] => 1
    [TITLE] => Новая заявка - +79536220259
    [OPENED] => Y
    [STATUS_ID] => NEW
    [SOURCE_ID] => 885
    [COMMENTS] => <b>Comments:</b> Запись разговора: https://786231.selcdn.ru/leads-m-records/records/OvaIvMT9mtkQhOldHGxh.mp3 Когда перезвонить: В ближайшее время, Дата звонка: 2026-02-26 16:11:54, Гео: Орловская обл., Сумма долга: 250000 руб<br><b>Город:</b> Орел<br>
)

Bitrix Response: {"result":656109,"time":{"start":1772111534,"finish":1772111536.782525,"duration":2.782525062561035,"processing":2,"date_start":"2026-02-26T16:12:14+03:00","date_finish":"2026-02-26T16:12:16+03:00","operating_reset_at":1772112134,"operating":11.170466899871826}}
Статус: Успешно (Lead ID: 656109)
--------------------------------------------------

