Время: 21.02.2026 20:04:38
Сервис: Creatium
From: Заявка из Creatium
Клиент: Array
(
    [name] => Клиент
    [phone] => +79803606941
    [email] => 
)

Город: Москва (ID: не найден)
RAW Input: {"name":"Клиент","phone":"+79803606941","Comments":"Страница: Орловская (ЦФР, ок18) ИП Шкляев - Я.Директ\nURL: https:\/\/dolgi-net24.online\/Orlovskaia_bez_dolgov\n\nКакие долги?- Микрозаймы; Просрочки?- Да; Сумма долга- Более 300 000р\n\nКакие долги имеете?: Микрозаймы\nИмеете просрочку платежей?: Да\nУкажите сумму долга? (Если долг менее 300 000р, помочь нельзя): Более 300 000р\nutm_medium: cpc\nutm_campaign: 705027260\nutm_content: 17422708118\nutm_term: как списать налоги\n\nГеолокация: Россия, Москва, Москва\nIP: 213.87.150.71","Gorod":"Москва","utm_source":"yandex","utm_medium":"cpc","utm_campaign":"705027260","utm_content":"17422708118","utm_term":"как списать налоги"}
POST: Array
(
)

Quiz/Комментарии: Array
(
)

Собранные комментарии (для лога): 
Comments: Страница: Орловская (ЦФР, ок18) ИП Шкляев - Я.Директ
URL: https://dolgi-net24.online/Orlovskaia_bez_dolgov

Какие долги?- Микрозаймы; Просрочки?- Да; Сумма долга- Более 300 000р

Какие долги имеете?: Микрозаймы
Имеете просрочку платежей?: Да
Укажите сумму долга? (Если долг менее 300 000р, помочь нельзя): Более 300 000р
utm_medium: cpc
utm_campaign: 705027260
utm_content: 17422708118
utm_term: как списать налоги

Геолокация: Россия, Москва, Москва
IP: 213.87.150.71
Город: Москва

Отправка комментариев в Bitrix: ДА
Поля для Bitrix: Array
(
    [UTM_SOURCE] => yandex
    [UTM_MEDIUM] => cpc
    [UTM_CAMPAIGN] => 705027260
    [UTM_CONTENT] => 17422708118
    [UTM_TERM] => как списать налоги
    [NAME] => Клиент
    [PHONE] => Array
        (
            [0] => Array
                (
                    [VALUE] => +79803606941
                    [VALUE_TYPE] => MOBILE
                )

        )

    [ASSIGNED_BY_ID] => 1
    [TITLE] => Новая заявка - +79803606941
    [OPENED] => Y
    [STATUS_ID] => NEW
    [SOURCE_ID] => 1002
    [COMMENTS] => <b>Comments:</b> Страница: Орловская (ЦФР, ок18) ИП Шкляев - Я.Директ
URL: https://dolgi-net24.online/Orlovskaia_bez_dolgov

Какие долги?- Микрозаймы; Просрочки?- Да; Сумма долга- Более 300 000р

Какие долги имеете?: Микрозаймы
Имеете просрочку платежей?: Да
Укажите сумму долга? (Если долг менее 300 000р, помочь нельзя): Более 300 000р
utm_medium: cpc
utm_campaign: 705027260
utm_content: 17422708118
utm_term: как списать налоги

Геолокация: Россия, Москва, Москва
IP: 213.87.150.71<br><b>Город:</b> Москва<br>
)

Bitrix Response: {"result":653407,"time":{"start":1771693478,"finish":1771693480.770057,"duration":2.770056962966919,"processing":2,"date_start":"2026-02-21T20:04:38+03:00","date_finish":"2026-02-21T20:04:40+03:00","operating_reset_at":1771694078,"operating":2.0803720951080322}}
Статус: Успешно (Lead ID: 653407)
--------------------------------------------------

Время: 24.02.2026 13:32:00
Сервис: Creatium
From: Заявка из Creatium
Клиент: Array
(
    [name] => Клиент
    [phone] => +79256661122
    [email] => 
)

Город: Алматы (ID: не найден)
RAW Input: {"name":"Клиент","phone":"+79256661122","Comments":"Страница: Ростовская (Юфинкон- ок12) ИП Шкляев - Я.Директ\nURL: https:\/\/net-dolzhnikoff.online\/Rostovskaia-bez-dolgov\n\nКакие долги?- Другие долги; Просрочки?- Нет; Сумма долга- Более 250 000р\n\nЕсть имущество, которое нужно сохранить?: Нет\nКакие у вас долги?: Другие долги\nВаша сумма задолженности? (Автоматом можно списать, если сумма более 250 т.р): Более 250 000р\n\nГеолокация: Казахстан, Алматы, Алматы\nIP: 91.198.101.151","Gorod":"Алматы"}
POST: Array
(
)

Quiz/Комментарии: Array
(
)

Собранные комментарии (для лога): 
Comments: Страница: Ростовская (Юфинкон- ок12) ИП Шкляев - Я.Директ
URL: https://net-dolzhnikoff.online/Rostovskaia-bez-dolgov

Какие долги?- Другие долги; Просрочки?- Нет; Сумма долга- Более 250 000р

Есть имущество, которое нужно сохранить?: Нет
Какие у вас долги?: Другие долги
Ваша сумма задолженности? (Автоматом можно списать, если сумма более 250 т.р): Более 250 000р

Геолокация: Казахстан, Алматы, Алматы
IP: 91.198.101.151
Город: Алматы

Отправка комментариев в Bitrix: ДА
Поля для Bitrix: Array
(
    [NAME] => Клиент
    [PHONE] => Array
        (
            [0] => Array
                (
                    [VALUE] => +79256661122
                    [VALUE_TYPE] => MOBILE
                )

        )

    [ASSIGNED_BY_ID] => 1
    [TITLE] => Новая заявка - +79256661122
    [OPENED] => Y
    [STATUS_ID] => NEW
    [SOURCE_ID] => 1002
    [COMMENTS] => <b>Comments:</b> Страница: Ростовская (Юфинкон- ок12) ИП Шкляев - Я.Директ
URL: https://net-dolzhnikoff.online/Rostovskaia-bez-dolgov

Какие долги?- Другие долги; Просрочки?- Нет; Сумма долга- Более 250 000р

Есть имущество, которое нужно сохранить?: Нет
Какие у вас долги?: Другие долги
Ваша сумма задолженности? (Автоматом можно списать, если сумма более 250 т.р): Более 250 000р

Геолокация: Казахстан, Алматы, Алматы
IP: 91.198.101.151<br><b>Город:</b> Алматы<br>
)

Bitrix Response: {"result":654241,"time":{"start":1771929120,"finish":1771929122.912875,"duration":2.912874937057495,"processing":2,"date_start":"2026-02-24T13:32:00+03:00","date_finish":"2026-02-24T13:32:02+03:00","operating_reset_at":1771929720,"operating":18.402676343917847}}
Статус: Успешно (Lead ID: 654241)
--------------------------------------------------

