Время: 26.02.2026 17:46:37
Сервис: Senler
ОШИБКА ВАЛИДАЦИИ: Телефон не указан
Клиент: Array
(
    [name] => 
    [phone] => 
    [email] => 
    [birthdate] => 
)

RAW Input: {"object":{"bdate":"13.01.2001","city_id":66,"country_id":1,"date":"2026-02-26 17:46:36","domain":"testuser","first_name":"TestName","group_id":573935,"last_name":"TestFam","photo":"https://vk.ru/images/camera_100.png","relation":1,"sex":2,"subscriptions":[{"data":"15.05.2012 12:19:17","source":"hand","subscription_id":3,"time":54388},{"data":"15.05.2012 12:20:17","source":"hand","subscription_id":4,"time":65894}],"unixtime":1772117196,"utms":{"utm_campaign":"test_campaign","utm_content":"test_c
POST: Array
(
)

Статус: Ошибка валидации телефона
--------------------------------------------------

Время: 26.02.2026 17:46:43
Сервис: Senler
ОШИБКА ВАЛИДАЦИИ: Телефон не указан
Клиент: Array
(
    [name] => 
    [phone] => 
    [email] => 
    [birthdate] => 
)

RAW Input: {"object":{"bdate":"13.01.2001","city_id":66,"country_id":1,"date":"2026-02-26 17:46:43","domain":"testuser","first_name":"TestName","group_id":573935,"last_name":"TestFam","photo":"https://vk.ru/images/camera_100.png","relation":1,"sex":2,"subscriptions":[{"data":"15.05.2012 12:19:17","source":"hand","subscription_id":3,"time":54388},{"data":"15.05.2012 12:20:17","source":"hand","subscription_id":4,"time":65894}],"unixtime":1772117203,"utms":{"utm_campaign":"test_campaign","utm_content":"test_c
POST: Array
(
)

Статус: Ошибка валидации телефона
--------------------------------------------------

Время: 26.02.2026 17:55:18
Сервис: Senler
ОШИБКА ВАЛИДАЦИИ: Телефон не указан
Клиент: Array
(
    [name] => 
    [phone] => 
    [email] => 
    [birthdate] => 
)

RAW Input: {"object":{"bdate":"02.02.1993","city_id":183,"country_id":null,"date":"08.12.2025 13:58:46","domain":"m_vladimir_v","first_name":"Владимир","group_id":573935,"last_name":"Моор","photo":"https://sun6-20.vkuserphoto.ru/s/v1/ig2/Todkh0U1WmeKXj876pIb6wJbTrpbWfkWEefRX6boAekGnzIHeYBg9liNE2TCBEzyON9UrnrtZVGS3N7rLxovX6ny.jpg?quality=95\u0026crop=0,0,1918,1918\u0026as=32x32,48x48,72x72,108x108,160x160,240x240,360x360,480x480,540x540,640x640,720x720,1080x1080,1280x1280,1440x1440\u0026ava=1\u0
POST: Array
(
)

Статус: Ошибка валидации телефона
--------------------------------------------------

Время: 26.02.2026 18:09:03
Сервис: Senler
ОШИБКА ВАЛИДАЦИИ: Телефон не указан
Клиент: Array
(
    [name] => 
    [phone] => 
    [email] => 
    [birthdate] => 
)

RAW Input: {"object":{"bdate":"02.02.1993","city_id":183,"country_id":null,"date":"08.12.2025 13:58:46","domain":"m_vladimir_v","first_name":"Владимир","group_id":573935,"last_name":"Моор","photo":"https://sun6-20.vkuserphoto.ru/s/v1/ig2/Todkh0U1WmeKXj876pIb6wJbTrpbWfkWEefRX6boAekGnzIHeYBg9liNE2TCBEzyON9UrnrtZVGS3N7rLxovX6ny.jpg?quality=95\u0026crop=0,0,1918,1918\u0026as=32x32,48x48,72x72,108x108,160x160,240x240,360x360,480x480,540x540,640x640,720x720,1080x1080,1280x1280,1440x1440\u0026ava=1\u0
POST: Array
(
)

Статус: Ошибка валидации телефона
--------------------------------------------------

Время: 26.02.2026 18:25:22
Сервис: Senler
From: Заявка из Senler
Клиент: Array
(
    [name] => Владимир Моор
    [phone] => +79254445566
    [email] => 
    [birthdate] => 1993-02-02
)

Город: не определён (ID: не найден)
RAW Input: fields%5BTITLE%5D=%D0%97%D0%B0%D1%8F%D0%B2%D0%BA%D0%B0+Senler%3A+%2B79254445566&fields%5BNAME%5D=%D0%92%D0%BB%D0%B0%D0%B4%D0%B8%D0%BC%D0%B8%D1%80+%D0%9C%D0%BE%D0%BE%D1%80&fields%5BCOMMENTS%5D=%3D%3D%3D+%D0%94%D0%90%D0%9D%D0%9D%D0%AB%D0%95+%D0%98%D0%97+SENLER+%3D%3D%3D%0A%0A%D0%94%D0%B0%D1%82%D0%B0%3A+08.12.2025+13%3A58%3A46%0A%0A---+%D0%94%D0%B0%D0%BD%D0%BD%D1%8B%D0%B5+%D0%B8%D0%B7+%D1%84%D0%BE%D1%80%D0%BC%D1%8B+---%0A%0AOVERDUE%3A+%D0%9D%D0%B5%D1%82%2C+%D0%BE%D0%BF%D0%BB%D0%B0%D1%87%D0%B8%D0%B2%D0%B0%D1%8E+%D0%B4%D0%BE%D0%BB%D0%B3%D0%B8+%D0%B2%D0%BE%D0%B2%D1%80%D0%B5%D0%BC%D1%8F%0APHONE%3A+79254445566%0APROPERTY%3A+%D0%94%D0%B0%2C+%D0%B5%D1%81%D1%82%D1%8C+%D0%B8%D0%BC%D1%83%D1%89%D0%B5%D1%81%D1%82%D0%B2%D0%BE%0ASUM%3A+300+000+-+500+000+%D1%80%D1%83%D0%B1.%0AYM_UID%3A+1695115501156175497%0A%0A---+%D0%9F%D0%BE%D0%BB%D1%8C%D0%B7%D0%BE%D0%B2%D0%B0%D1%82%D0%B5%D0%BB%D1%8C+VK+---%0A%0A%D0%98%D0%BC%D1%8F%3A+%D0%92%D0%BB%D0%B0%D0%B4%D0%B8%D0%BC%D0%B8%D1%80+%D0%9C%D0%BE%D0%BE%D1%80%0A%D0%94%D0
POST: Array
(
    [fields] => Array
        (
            [TITLE] => Заявка Senler: +79254445566
            [NAME] => Владимир Моор
            [COMMENTS] => === ДАННЫЕ ИЗ SENLER ===

Дата: 08.12.2025 13:58:46

--- Данные из формы ---

OVERDUE: Нет, оплачиваю долги вовремя
PHONE: 79254445566
PROPERTY: Да, есть имущество
SUM: 300 000 - 500 000 руб.
YM_UID: 1695115501156175497

--- Пользователь VK ---

Имя: Владимир Моор
Дата рождения: 02.02.1993
Пол: Мужской
VK: https://vk.com/m_vladimir_v

            [ASSIGNED_BY_ID] => 1
            [SOURCE_ID] => 1032
            [SOURCE_DESCRIPTION] => Senler
            [PHONE] => Array
                (
                    [0] => Array
                        (
                            [VALUE] => +79254445566
                            [VALUE_TYPE] => WORK
                        )

                )

            [BIRTHDATE] => 1993-02-02
        )

    [params] => Array
        (
            [REGISTER_SONET_EVENT] => Y
        )

)

Quiz/Комментарии: Array
(
)

Собранные комментарии (для лога): 
Комментарий (Bitrix): === ДАННЫЕ ИЗ SENLER ===

Дата: 08.12.2025 13:58:46

--- Данные из формы ---

OVERDUE: Нет, оплачиваю долги вовремя
PHONE: 79254445566
PROPERTY: Да, есть имущество
SUM: 300 000 - 500 000 руб.
YM_UID: 1695115501156175497

--- Пользователь VK ---

Имя: Владимир Моор
Дата рождения: 02.02.1993
Пол: Мужской
VK: https://vk.com/m_vladimir_v

Fields: Заявка Senler: +79254445566
Params: Y

Отправка комментариев в Bitrix: ДА
Поля для Bitrix: Array
(
    [TITLE] => Заявка Senler: +79254445566
    [NAME] => Владимир Моор
    [COMMENTS] => <b>Комментарий (Bitrix):</b> === ДАННЫЕ ИЗ SENLER ===

Дата: 08.12.2025 13:58:46

--- Данные из формы ---

OVERDUE: Нет, оплачиваю долги вовремя
PHONE: 79254445566
PROPERTY: Да, есть имущество
SUM: 300 000 - 500 000 руб.
YM_UID: 1695115501156175497

--- Пользователь VK ---

Имя: Владимир Моор
Дата рождения: 02.02.1993
Пол: Мужской
VK: https://vk.com/m_vladimir_v
<br><b>Fields:</b> Заявка Senler: +79254445566<br><b>Params:</b> Y<br>
    [ASSIGNED_BY_ID] => 1
    [SOURCE_ID] => 1032
    [SOURCE_DESCRIPTION] => Senler
    [PHONE] => Array
        (
            [0] => Array
                (
                    [VALUE] => +79254445566
                    [VALUE_TYPE] => MOBILE
                )

        )

    [BIRTHDATE] => 1993-02-02
    [OPENED] => Y
    [STATUS_ID] => NEW
)

Bitrix Response: {"result":656221,"time":{"start":1772119522,"finish":1772119525.339787,"duration":3.339787006378174,"processing":3,"date_start":"2026-02-26T18:25:22+03:00","date_finish":"2026-02-26T18:25:25+03:00","operating_reset_at":1772120122,"operating":3.1721670627593994}}
Статус: Успешно (Lead ID: 656221)
--------------------------------------------------

Время: 26.02.2026 18:56:19
Сервис: Senler
From: Заявка из Senler
Клиент: Array
(
    [name] => Владимир Моор
    [phone] => +79253332211
    [email] => 
    [birthdate] => 1993-02-02
)

Город: не определён (ID: не найден)
RAW Input: fields%5BTITLE%5D=%D0%97%D0%B0%D1%8F%D0%B2%D0%BA%D0%B0+Senler%3A+%2B79253332211&fields%5BNAME%5D=%D0%92%D0%BB%D0%B0%D0%B4%D0%B8%D0%BC%D0%B8%D1%80+%D0%9C%D0%BE%D0%BE%D1%80&fields%5BCOMMENTS%5D=%3D%3D%3D+%D0%94%D0%90%D0%9D%D0%9D%D0%AB%D0%95+%D0%98%D0%97+SENLER+%3D%3D%3D%0A%0A%D0%94%D0%B0%D1%82%D0%B0%3A+26.02.2026+18%3A54%3A04%0A%0A---+%D0%94%D0%B0%D0%BD%D0%BD%D1%8B%D0%B5+%D0%B8%D0%B7+%D1%84%D0%BE%D1%80%D0%BC%D1%8B+---%0A%0AOVERDUE%3A+%D0%9D%D0%B5%D1%82%2C+%D0%BE%D0%BF%D0%BB%D0%B0%D1%87%D0%B8%D0%B2%D0%B0%D1%8E+%D0%B4%D0%BE%D0%BB%D0%B3%D0%B8+%D0%B2%D0%BE%D0%B2%D1%80%D0%B5%D0%BC%D1%8F%0APHONE%3A+79253332211%0APROPERTY%3A+%D0%9D%D0%B5%D1%82%2C+%D0%B8%D0%BC%D1%83%D1%89%D0%B5%D1%81%D1%82%D0%B2%D0%B0+%D0%BD%D0%B5%D1%82%0ASUM%3A+200+000+-+300+000+%D1%80%D1%83%D0%B1.%0AYM_UID%3A+1695115501156175497%0A%0A---+%D0%9F%D0%BE%D0%BB%D1%8C%D0%B7%D0%BE%D0%B2%D0%B0%D1%82%D0%B5%D0%BB%D1%8C+VK+---%0A%0A%D0%98%D0%BC%D1%8F%3A+%D0%92%D0%BB%D0%B0%D0%B4%D0%B8%D0%BC%D0%B8%D1%80+%D0%9C%D0%BE%D0%BE%D1%80%0A%D0%94%D0
POST: Array
(
    [fields] => Array
        (
            [TITLE] => Заявка Senler: +79253332211
            [NAME] => Владимир Моор
            [COMMENTS] => === ДАННЫЕ ИЗ SENLER ===

Дата: 26.02.2026 18:54:04

--- Данные из формы ---

OVERDUE: Нет, оплачиваю долги вовремя
PHONE: 79253332211
PROPERTY: Нет, имущества нет
SUM: 200 000 - 300 000 руб.
YM_UID: 1695115501156175497

--- Пользователь VK ---

Имя: Владимир Моор
Дата рождения: 02.02.1993
Пол: Мужской
VK: https://vk.com/m_vladimir_v

            [ASSIGNED_BY_ID] => 1
            [SOURCE_ID] => 1032
            [SOURCE_DESCRIPTION] => Senler
            [PHONE] => Array
                (
                    [0] => Array
                        (
                            [VALUE] => +79253332211
                            [VALUE_TYPE] => WORK
                        )

                )

            [BIRTHDATE] => 1993-02-02
        )

    [params] => Array
        (
            [REGISTER_SONET_EVENT] => Y
        )

)

Quiz/Комментарии: Array
(
)

Собранные комментарии (для лога): 
Комментарий (Bitrix): === ДАННЫЕ ИЗ SENLER ===

Дата: 26.02.2026 18:54:04

--- Данные из формы ---

OVERDUE: Нет, оплачиваю долги вовремя
PHONE: 79253332211
PROPERTY: Нет, имущества нет
SUM: 200 000 - 300 000 руб.
YM_UID: 1695115501156175497

--- Пользователь VK ---

Имя: Владимир Моор
Дата рождения: 02.02.1993
Пол: Мужской
VK: https://vk.com/m_vladimir_v

Fields: Заявка Senler: +79253332211
Params: Y

Отправка комментариев в Bitrix: ДА
Поля для Bitrix: Array
(
    [TITLE] => Заявка Senler: +79253332211
    [NAME] => Владимир Моор
    [COMMENTS] => <b>Комментарий (Bitrix):</b> === ДАННЫЕ ИЗ SENLER ===

Дата: 26.02.2026 18:54:04

--- Данные из формы ---

OVERDUE: Нет, оплачиваю долги вовремя
PHONE: 79253332211
PROPERTY: Нет, имущества нет
SUM: 200 000 - 300 000 руб.
YM_UID: 1695115501156175497

--- Пользователь VK ---

Имя: Владимир Моор
Дата рождения: 02.02.1993
Пол: Мужской
VK: https://vk.com/m_vladimir_v
<br><b>Fields:</b> Заявка Senler: +79253332211<br><b>Params:</b> Y<br>
    [ASSIGNED_BY_ID] => 1
    [SOURCE_ID] => 1032
    [SOURCE_DESCRIPTION] => Senler
    [PHONE] => Array
        (
            [0] => Array
                (
                    [VALUE] => +79253332211
                    [VALUE_TYPE] => MOBILE
                )

        )

    [BIRTHDATE] => 1993-02-02
    [OPENED] => Y
    [STATUS_ID] => NEW
)

Bitrix Response: {"result":656243,"time":{"start":1772121379,"finish":1772121381.2709,"duration":2.270900011062622,"processing":2,"date_start":"2026-02-26T18:56:19+03:00","date_finish":"2026-02-26T18:56:21+03:00","operating_reset_at":1772121979,"operating":4.154289960861206}}
Статус: Успешно (Lead ID: 656243)
--------------------------------------------------

