Время: 26.02.2026 12:43:35
Сервис: Tilda
ОШИБКА ВАЛИДАЦИИ: Телефон не указан
Клиент: Array
(
    [name] => 
    [phone] => 
    [email] => 
)

RAW Input: test=test
POST: Array
(
    [test] => test
)

Статус: Ошибка валидации телефона
--------------------------------------------------

Время: 26.02.2026 14:04:35
Сервис: Tilda
From: Заявка из Tilda
Клиент: Array
(
    [name] => 
    [phone] => +7 (918) 181-66-61
    [email] => 
)

Город: не определён (ID: не найден)
RAW Input: %D0%A1%D1%83%D0%BC%D0%BC%D0%B0_%D0%B2%D0%B0%D1%88%D0%B5%D0%B9_%D0%B7%D0%B0%D0%B4%D0%BE%D0%BB%D0%B6%D0%B5%D0%BD%D0%BD%D0%BE%D1%81%D1%82%D0%B8=%D0%9E%D1%82+2+000+000+%D0%B4%D0%BE+5+000+000+%D1%80%D1%83%D0%B1%D0%BB%D0%B5%D0%B9&%D0%A2%D0%B5%D0%BA%D1%83%D1%89%D0%B8%D0%B9_%D1%81%D1%80%D0%BE%D0%BA_%D0%BF%D1%80%D0%BE%D1%81%D1%80%D0%BE%D1%87%D0%BA%D0%B8_%D0%BF%D0%BE_%D0%BA%D1%80%D0%B5%D0%B4%D0%B8%D1%82%D0%B0%D0%BC=%D0%91%D0%BE%D0%BB%D0%B5%D0%B5+3+%D0%BC%D0%B5%D1%81%D1%8F%D1%86%D0%B5%D0%B2&%D0%92%D0%B0%D1%88_%D1%82%D1%80%D1%83%D0%B4%D0%BE%D0%B2%D0%BE%D0%B9_%D1%81%D1%82%D0%B0%D1%82%D1%83%D1%81=%D0%9D%D0%B5+%D1%80%D0%B0%D0%B1%D0%BE%D1%82%D0%B0%D1%8E&%D0%A1%D0%BA%D0%BE%D0%BB%D1%8C%D0%BA%D0%BE_%D1%83_%D0%B2%D0%B0%D1%81_%D0%BA%D1%80%D0%B5%D0%B4%D0%B8%D1%82%D0%BE%D0%B2_%D0%B8_%D0%BA%D1%80%D0%B5%D0%B4%D0%B8%D1%82%D0%BD%D1%8B%D1%85_%D0%BA%D0%B0%D1%80%D1%82_%D0%B2%D0%BE_%D0%B2%D1%81%D0%B5%D1%85_%D0%B1%D0%B0%D0%BD%D0%BA%D0%B0%D1%85=2&%D0%9A%D1%83%D0%B4%D0%B0_%D0%BF%D1%80%D0%B8%D1%81%D0%BB%D0%B0%D1%82%D1%8
POST: Array
(
    [Сумма_вашей_задолженности] => От 2 000 000 до 5 000 000 рублей
    [Текущий_срок_просрочки_по_кредитам] => Более 3 месяцев
    [Ваш_трудовой_статус] => Не работаю
    [Сколько_у_вас_кредитов_и_кредитных_карт_во_всех_банках] => 2
    [Куда_прислать_результаты_опроса] => По номеру телефона
    [Phone] => +7 (918) 181-66-61
    [tranid] => 7025517:8199460683
    [formid] => form1867653551
)

Quiz/Комментарии: Array
(
)

Собранные комментарии (для лога): 
Сумма_вашей_задолженности: От 2 000 000 до 5 000 000 рублей
Текущий_срок_просрочки_по_кредитам: Более 3 месяцев
Ваш_трудовой_статус: Не работаю
Сколько_у_вас_кредитов_и_кредитных_карт_во_всех_банках: 2
Куда_прислать_результаты_опроса: По номеру телефона

Отправка комментариев в Bitrix: ДА
Поля для Bitrix: Array
(
    [PHONE] => Array
        (
            [0] => Array
                (
                    [VALUE] => +79181816661
                    [VALUE_TYPE] => MOBILE
                )

        )

    [ASSIGNED_BY_ID] => 1
    [TITLE] => Заявка из Tilda
    [OPENED] => Y
    [STATUS_ID] => NEW
    [SOURCE_ID] => 319
    [COMMENTS] => <b>Сумма_вашей_задолженности:</b> От 2 000 000 до 5 000 000 рублей<br><b>Текущий_срок_просрочки_по_кредитам:</b> Более 3 месяцев<br><b>Ваш_трудовой_статус:</b> Не работаю<br><b>Сколько_у_вас_кредитов_и_кредитных_карт_во_всех_банках:</b> 2<br><b>Куда_прислать_результаты_опроса:</b> По номеру телефона<br>
)

Bitrix Response: {"result":655939,"time":{"start":1772103875,"finish":1772103877.802286,"duration":2.80228590965271,"processing":2,"date_start":"2026-02-26T14:04:35+03:00","date_finish":"2026-02-26T14:04:37+03:00","operating_reset_at":1772104475,"operating":11.036251068115234}}
Статус: Успешно (Lead ID: 655939)
--------------------------------------------------

