Время: 24.02.2026 12:48:56
Сервис: Микс
From: Заявка из Микс
Клиент: Array
(
    [name] => тест mid
    [phone] => 79099993311
    [email] => 
)

Город: не определён (ID: не найден)
RAW Input: {"Comments":"Регион - Пензенская обл. Сумма долга - 300000.00","name":" тест mid  ","phone":"79099993311"}
POST: Array
(
)

Quiz/Комментарии: Array
(
)

Собранные комментарии (для лога): 
Comments: Регион - Пензенская обл. Сумма долга - 300000.00

Отправка комментариев в Bitrix: ДА
Поля для Bitrix: Array
(
    [NAME] => тест mid
    [PHONE] => Array
        (
            [0] => Array
                (
                    [VALUE] => 79099993311
                    [VALUE_TYPE] => MOBILE
                )

        )

    [ASSIGNED_BY_ID] => 1
    [TITLE] => Новая заявка - 79099993311
    [OPENED] => Y
    [STATUS_ID] => NEW
    [SOURCE_ID] => 1116
    [COMMENTS] => <b>Comments:</b> Регион - Пензенская обл. Сумма долга - 300000.00<br>
)

Bitrix Response: {"result":654183,"time":{"start":1771926536,"finish":1771926538.874569,"duration":2.8745689392089844,"processing":2,"date_start":"2026-02-24T12:48:56+03:00","date_finish":"2026-02-24T12:48:58+03:00","operating_reset_at":1771927136,"operating":9.001686096191406}}
Статус: Успешно (Lead ID: 654183)
--------------------------------------------------

Время: 25.02.2026 15:14:05
Сервис: Микс
From: Заявка из Микс
Клиент: Array
(
    [name] => Игорь
    [phone] => 79512992095
    [email] => 
)

Город: не определён (ID: не найден)
RAW Input: {"Comments":"Регион - Пензенская обл. Сумма долга - 300000.00","name":" Игорь ","phone":"79512992095"}
POST: Array
(
)

Quiz/Комментарии: Array
(
)

Собранные комментарии (для лога): 
Comments: Регион - Пензенская обл. Сумма долга - 300000.00

Отправка комментариев в Bitrix: ДА
Поля для Bitrix: Array
(
    [NAME] => Игорь
    [PHONE] => Array
        (
            [0] => Array
                (
                    [VALUE] => 79512992095
                    [VALUE_TYPE] => MOBILE
                )

        )

    [ASSIGNED_BY_ID] => 1
    [TITLE] => Новая заявка - 79512992095
    [OPENED] => Y
    [STATUS_ID] => NEW
    [SOURCE_ID] => 1116
    [COMMENTS] => <b>Comments:</b> Регион - Пензенская обл. Сумма долга - 300000.00<br>
)

Bitrix Response: {"result":655187,"time":{"start":1772021645,"finish":1772021647.653392,"duration":2.6533920764923096,"processing":2,"date_start":"2026-02-25T15:14:05+03:00","date_finish":"2026-02-25T15:14:07+03:00","operating_reset_at":1772022245,"operating":6.788695335388184}}
Статус: Успешно (Lead ID: 655187)
--------------------------------------------------

Время: 25.02.2026 15:22:41
Сервис: Микс
From: Заявка из Микс
Клиент: Array
(
    [name] => Никита
    [phone] => 79869376067
    [email] => 
)

Город: не определён (ID: не найден)
RAW Input: {"Comments":"Регион - Пензенская обл. Сумма долга - 300000.00","name":" Никита ","phone":"79869376067"}
POST: Array
(
)

Quiz/Комментарии: Array
(
)

Собранные комментарии (для лога): 
Comments: Регион - Пензенская обл. Сумма долга - 300000.00

Отправка комментариев в Bitrix: ДА
Поля для Bitrix: Array
(
    [NAME] => Никита
    [PHONE] => Array
        (
            [0] => Array
                (
                    [VALUE] => 79869376067
                    [VALUE_TYPE] => MOBILE
                )

        )

    [ASSIGNED_BY_ID] => 1
    [TITLE] => Новая заявка - 79869376067
    [OPENED] => Y
    [STATUS_ID] => NEW
    [SOURCE_ID] => 1116
    [COMMENTS] => <b>Comments:</b> Регион - Пензенская обл. Сумма долга - 300000.00<br>
)

Bitrix Response: {"result":655205,"time":{"start":1772022161,"finish":1772022164.200811,"duration":3.2008109092712402,"processing":3,"date_start":"2026-02-25T15:22:41+03:00","date_finish":"2026-02-25T15:22:44+03:00","operating_reset_at":1772022761,"operating":15.438680410385132}}
Статус: Успешно (Lead ID: 655205)
--------------------------------------------------

Время: 26.02.2026 13:59:29
Сервис: Микс
From: Заявка из Микс
Клиент: Array
(
    [name] => Тагиль
    [phone] => 79003162102
    [email] => 
)

Город: не определён (ID: не найден)
RAW Input: {"Comments":"Регион - Пензенская обл. Сумма долга - 300000.00","name":" Тагиль ","phone":"79003162102"}
POST: Array
(
)

Quiz/Комментарии: Array
(
)

Собранные комментарии (для лога): 
Comments: Регион - Пензенская обл. Сумма долга - 300000.00

Отправка комментариев в Bitrix: ДА
Поля для Bitrix: Array
(
    [NAME] => Тагиль
    [PHONE] => Array
        (
            [0] => Array
                (
                    [VALUE] => 79003162102
                    [VALUE_TYPE] => MOBILE
                )

        )

    [ASSIGNED_BY_ID] => 1
    [TITLE] => Новая заявка - 79003162102
    [OPENED] => Y
    [STATUS_ID] => NEW
    [SOURCE_ID] => 1116
    [COMMENTS] => <b>Comments:</b> Регион - Пензенская обл. Сумма долга - 300000.00<br>
)

Bitrix Response: {"result":655927,"time":{"start":1772103569,"finish":1772103571.991477,"duration":2.9914770126342773,"processing":2,"date_start":"2026-02-26T13:59:29+03:00","date_finish":"2026-02-26T13:59:31+03:00","operating_reset_at":1772104169,"operating":15.041821718215942}}
Статус: Успешно (Lead ID: 655927)
--------------------------------------------------

