Время: 26.02.2026 14:12:12
Сервис: Tilda
ОШИБКА ВАЛИДАЦИИ: Телефон не указан
Клиент: Array
(
    [name] => 
    [phone] => 
    [email] => 
)

RAW Input: test=test
POST: Array
(
    [test] => test
)

Статус: Ошибка валидации телефона
--------------------------------------------------

Время: 26.02.2026 14:13:38
Сервис: Tilda
From: Заявка из Tilda
Клиент: Array
(
    [name] => 
    [phone] => +7 (988) 171-71-61
    [email] => 
)

Город: не определён (ID: не найден)
RAW Input: %D0%A1%D1%83%D0%BC%D0%BC%D0%B0_%D0%B2%D0%B0%D1%88%D0%B5%D0%B9_%D0%B7%D0%B0%D0%B4%D0%BE%D0%BB%D0%B6%D0%B5%D0%BD%D0%BD%D0%BE%D1%81%D1%82%D0%B8=%D0%9E%D1%82+1+000+000+%D0%B4%D0%BE+2+000+000+%D1%80%D1%83%D0%B1%D0%BB%D0%B5%D0%B9&%D0%A2%D0%B5%D0%BA%D1%83%D1%89%D0%B8%D0%B9_%D1%81%D1%80%D0%BE%D0%BA_%D0%BF%D1%80%D0%BE%D1%81%D1%80%D0%BE%D1%87%D0%BA%D0%B8_%D0%BF%D0%BE_%D0%BA%D1%80%D0%B5%D0%B4%D0%B8%D1%82%D0%B0%D0%BC=%D0%91%D0%BE%D0%BB%D0%B5%D0%B5+3+%D0%BC%D0%B5%D1%81%D1%8F%D1%86%D0%B5%D0%B2&%D0%92%D0%B0%D1%88_%D1%82%D1%80%D1%83%D0%B4%D0%BE%D0%B2%D0%BE%D0%B9_%D1%81%D1%82%D0%B0%D1%82%D1%83%D1%81=%D0%9F%D0%B5%D0%BD%D1%81%D0%B8%D0%BE%D0%BD%D0%B5%D1%80&%D0%A1%D0%BA%D0%BE%D0%BB%D1%8C%D0%BA%D0%BE_%D1%83_%D0%B2%D0%B0%D1%81_%D0%BA%D1%80%D0%B5%D0%B4%D0%B8%D1%82%D0%BE%D0%B2_%D0%B8_%D0%BA%D1%80%D0%B5%D0%B4%D0%B8%D1%82%D0%BD%D1%8B%D1%85_%D0%BA%D0%B0%D1%80%D1%82_%D0%B2%D0%BE_%D0%B2%D1%81%D0%B5%D1%85_%D0%B1%D0%B0%D0%BD%D0%BA%D0%B0%D1%85=3+%D0%B8+%D0%B1%D0%BE%D0%BB%D0%B5%D0%B5&%D0%9A%D1%83%D0%B4%D0%B0_%D0%BF%D1%
POST: Array
(
    [Сумма_вашей_задолженности] => От 1 000 000 до 2 000 000 рублей
    [Текущий_срок_просрочки_по_кредитам] => Более 3 месяцев
    [Ваш_трудовой_статус] => Пенсионер
    [Сколько_у_вас_кредитов_и_кредитных_карт_во_всех_банках] => 3 и более
    [Куда_прислать_результаты_опроса] => По номеру телефона
    [Phone] => +7 (988) 171-71-61
    [tranid] => 4282502:8199489133
    [formid] => form482818189
    [utm_source] => yandex
    [utm_medium] => cpc
    [utm_campaign] => 703198552
    [utm_content] => 17281602545
    [utm_term] => ---autotargeting
    [utm_region] => ulyanovsk
)

Quiz/Комментарии: Array
(
)

Собранные комментарии (для лога): 
Сумма_вашей_задолженности: От 1 000 000 до 2 000 000 рублей
Текущий_срок_просрочки_по_кредитам: Более 3 месяцев
Ваш_трудовой_статус: Пенсионер
Сколько_у_вас_кредитов_и_кредитных_карт_во_всех_банках: 3 и более
Куда_прислать_результаты_опроса: По номеру телефона

Отправка комментариев в Bitrix: ДА
Поля для Bitrix: Array
(
    [UTM_SOURCE] => yandex
    [UTM_MEDIUM] => cpc
    [UTM_CAMPAIGN] => 703198552
    [UTM_CONTENT] => 17281602545
    [UTM_TERM] => ---autotargeting
    [PHONE] => Array
        (
            [0] => Array
                (
                    [VALUE] => +79881717161
                    [VALUE_TYPE] => MOBILE
                )

        )

    [ASSIGNED_BY_ID] => 1
    [TITLE] => Заявка из Tilda
    [OPENED] => Y
    [STATUS_ID] => NEW
    [SOURCE_ID] => 168
    [COMMENTS] => <b>Сумма_вашей_задолженности:</b> От 1 000 000 до 2 000 000 рублей<br><b>Текущий_срок_просрочки_по_кредитам:</b> Более 3 месяцев<br><b>Ваш_трудовой_статус:</b> Пенсионер<br><b>Сколько_у_вас_кредитов_и_кредитных_карт_во_всех_банках:</b> 3 и более<br><b>Куда_прислать_результаты_опроса:</b> По номеру телефона<br>
)

Bitrix Response: {"result":655955,"time":{"start":1772104418,"finish":1772104421.086383,"duration":3.086383104324341,"processing":3,"date_start":"2026-02-26T14:13:38+03:00","date_finish":"2026-02-26T14:13:41+03:00","operating_reset_at":1772105018,"operating":9.353570222854614}}
Статус: Успешно (Lead ID: 655955)
--------------------------------------------------

Время: 26.02.2026 14:22:11
Сервис: Tilda
From: Заявка из Tilda
Клиент: Array
(
    [name] => 
    [phone] => +7 (988) 989-19-02
    [email] => 
)

Город: не определён (ID: не найден)
RAW Input: %D0%A1%D1%83%D0%BC%D0%BC%D0%B0_%D0%B2%D0%B0%D1%88%D0%B5%D0%B9_%D0%B7%D0%B0%D0%B4%D0%BE%D0%BB%D0%B6%D0%B5%D0%BD%D0%BD%D0%BE%D1%81%D1%82%D0%B8=%D0%9E%D1%82+300+000+%D0%B4%D0%BE+500+000+%D1%80%D1%83%D0%B1%D0%BB%D0%B5%D0%B9&%D0%A2%D0%B5%D0%BA%D1%83%D1%89%D0%B8%D0%B9_%D1%81%D1%80%D0%BE%D0%BA_%D0%BF%D1%80%D0%BE%D1%81%D1%80%D0%BE%D1%87%D0%BA%D0%B8_%D0%BF%D0%BE_%D0%BA%D1%80%D0%B5%D0%B4%D0%B8%D1%82%D0%B0%D0%BC=%D0%91%D0%BE%D0%BB%D0%B5%D0%B5+3+%D0%BC%D0%B5%D1%81%D1%8F%D1%86%D0%B5%D0%B2&%D0%92%D0%B0%D1%88_%D1%82%D1%80%D1%83%D0%B4%D0%BE%D0%B2%D0%BE%D0%B9_%D1%81%D1%82%D0%B0%D1%82%D1%83%D1%81=%D0%9F%D0%B5%D0%BD%D1%81%D0%B8%D0%BE%D0%BD%D0%B5%D1%80&%D0%A1%D0%BA%D0%BE%D0%BB%D1%8C%D0%BA%D0%BE_%D1%83_%D0%B2%D0%B0%D1%81_%D0%BA%D1%80%D0%B5%D0%B4%D0%B8%D1%82%D0%BE%D0%B2_%D0%B8_%D0%BA%D1%80%D0%B5%D0%B4%D0%B8%D1%82%D0%BD%D1%8B%D1%85_%D0%BA%D0%B0%D1%80%D1%82_%D0%B2%D0%BE_%D0%B2%D1%81%D0%B5%D1%85_%D0%B1%D0%B0%D0%BD%D0%BA%D0%B0%D1%85=3+%D0%B8+%D0%B1%D0%BE%D0%BB%D0%B5%D0%B5&%D0%9A%D1%83%D0%B4%D0%B0_%D0%BF%D1%80%D
POST: Array
(
    [Сумма_вашей_задолженности] => От 300 000 до 500 000 рублей
    [Текущий_срок_просрочки_по_кредитам] => Более 3 месяцев
    [Ваш_трудовой_статус] => Пенсионер
    [Сколько_у_вас_кредитов_и_кредитных_карт_во_всех_банках] => 3 и более
    [Куда_прислать_результаты_опроса] => WhatsApp
    [phone] => +7 (988) 989-19-02
    [tranid] => 4282502:8199515693
    [formid] => form1257293731
)

Quiz/Комментарии: Array
(
)

Собранные комментарии (для лога): 
Сумма_вашей_задолженности: От 300 000 до 500 000 рублей
Текущий_срок_просрочки_по_кредитам: Более 3 месяцев
Ваш_трудовой_статус: Пенсионер
Сколько_у_вас_кредитов_и_кредитных_карт_во_всех_банках: 3 и более
Куда_прислать_результаты_опроса: WhatsApp

Отправка комментариев в Bitrix: ДА
Поля для Bitrix: Array
(
    [PHONE] => Array
        (
            [0] => Array
                (
                    [VALUE] => +79889891902
                    [VALUE_TYPE] => MOBILE
                )

        )

    [ASSIGNED_BY_ID] => 1
    [TITLE] => Заявка из Tilda
    [OPENED] => Y
    [STATUS_ID] => NEW
    [SOURCE_ID] => 168
    [COMMENTS] => <b>Сумма_вашей_задолженности:</b> От 300 000 до 500 000 рублей<br><b>Текущий_срок_просрочки_по_кредитам:</b> Более 3 месяцев<br><b>Ваш_трудовой_статус:</b> Пенсионер<br><b>Сколько_у_вас_кредитов_и_кредитных_карт_во_всех_банках:</b> 3 и более<br><b>Куда_прислать_результаты_опроса:</b> WhatsApp<br>
)

Bitrix Response: {"result":655963,"time":{"start":1772104931,"finish":1772104933.805176,"duration":2.805176019668579,"processing":2,"date_start":"2026-02-26T14:22:11+03:00","date_finish":"2026-02-26T14:22:13+03:00","operating_reset_at":1772105531,"operating":5.0787672996521}}
Статус: Успешно (Lead ID: 655963)
--------------------------------------------------

Время: 27.02.2026 05:37:17
Сервис: Tilda
From: Заявка из Tilda
Клиент: Array
(
    [name] => 
    [phone] => +7 (909) 412-22-62
    [email] => 
)

Город: не определён (ID: не найден)
RAW Input: %D0%A1%D1%83%D0%BC%D0%BC%D0%B0_%D0%B2%D0%B0%D1%88%D0%B5%D0%B9_%D0%B7%D0%B0%D0%B4%D0%BE%D0%BB%D0%B6%D0%B5%D0%BD%D0%BD%D0%BE%D1%81%D1%82%D0%B8=%D0%9E%D1%82+2+000+000+%D0%B4%D0%BE+5+000+000+%D1%80%D1%83%D0%B1%D0%BB%D0%B5%D0%B9&%D0%A2%D0%B5%D0%BA%D1%83%D1%89%D0%B8%D0%B9_%D1%81%D1%80%D0%BE%D0%BA_%D0%BF%D1%80%D0%BE%D1%81%D1%80%D0%BE%D1%87%D0%BA%D0%B8_%D0%BF%D0%BE_%D0%BA%D1%80%D0%B5%D0%B4%D0%B8%D1%82%D0%B0%D0%BC=%D0%91%D0%BE%D0%BB%D0%B5%D0%B5+3+%D0%BC%D0%B5%D1%81%D1%8F%D1%86%D0%B5%D0%B2&%D0%92%D0%B0%D1%88_%D1%82%D1%80%D1%83%D0%B4%D0%BE%D0%B2%D0%BE%D0%B9_%D1%81%D1%82%D0%B0%D1%82%D1%83%D1%81=%D0%A0%D0%B0%D0%B1%D0%BE%D1%82%D0%B0%D1%8E+%D0%BE%D1%84%D0%B8%D1%86%D0%B8%D0%B0%D0%BB%D1%8C%D0%BD%D0%BE&%D0%A1%D0%BA%D0%BE%D0%BB%D1%8C%D0%BA%D0%BE_%D1%83_%D0%B2%D0%B0%D1%81_%D0%BA%D1%80%D0%B5%D0%B4%D0%B8%D1%82%D0%BE%D0%B2_%D0%B8_%D0%BA%D1%80%D0%B5%D0%B4%D0%B8%D1%82%D0%BD%D1%8B%D1%85_%D0%BA%D0%B0%D1%80%D1%82_%D0%B2%D0%BE_%D0%B2%D1%81%D0%B5%D1%85_%D0%B1%D0%B0%D0%BD%D0%BA%D0%B0%D1%85=3+%D0%B8+%D0%B1%D0%BE%D0%B
POST: Array
(
    [Сумма_вашей_задолженности] => От 2 000 000 до 5 000 000 рублей
    [Текущий_срок_просрочки_по_кредитам] => Более 3 месяцев
    [Ваш_трудовой_статус] => Работаю официально
    [Сколько_у_вас_кредитов_и_кредитных_карт_во_всех_банках] => 3 и более
    [Куда_прислать_результаты_опроса] => WhatsApp
    [Phone] => +7 (909) 412-22-62
    [tranid] => 4282502:8201153603
    [formid] => form482818189
)

Quiz/Комментарии: Array
(
)

Собранные комментарии (для лога): 
Сумма_вашей_задолженности: От 2 000 000 до 5 000 000 рублей
Текущий_срок_просрочки_по_кредитам: Более 3 месяцев
Ваш_трудовой_статус: Работаю официально
Сколько_у_вас_кредитов_и_кредитных_карт_во_всех_банках: 3 и более
Куда_прислать_результаты_опроса: WhatsApp

Отправка комментариев в Bitrix: ДА
Поля для Bitrix: Array
(
    [PHONE] => Array
        (
            [0] => Array
                (
                    [VALUE] => +79094122262
                    [VALUE_TYPE] => MOBILE
                )

        )

    [ASSIGNED_BY_ID] => 1
    [TITLE] => Заявка из Tilda
    [OPENED] => Y
    [STATUS_ID] => NEW
    [SOURCE_ID] => 168
    [COMMENTS] => <b>Сумма_вашей_задолженности:</b> От 2 000 000 до 5 000 000 рублей<br><b>Текущий_срок_просрочки_по_кредитам:</b> Более 3 месяцев<br><b>Ваш_трудовой_статус:</b> Работаю официально<br><b>Сколько_у_вас_кредитов_и_кредитных_карт_во_всех_банках:</b> 3 и более<br><b>Куда_прислать_результаты_опроса:</b> WhatsApp<br>
)

Bitrix Response: {"result":656317,"time":{"start":1772159837,"finish":1772159839.530654,"duration":2.530653953552246,"processing":2,"date_start":"2026-02-27T05:37:17+03:00","date_finish":"2026-02-27T05:37:19+03:00","operating_reset_at":1772160437,"operating":1.8880717754364014}}
Статус: Успешно (Lead ID: 656317)
--------------------------------------------------

Время: 27.02.2026 09:36:28
Сервис: Tilda
From: Заявка из Tilda
Клиент: Array
(
    [name] => 
    [phone] => +7 (904) 340-48-01
    [email] => 
)

Город: не определён (ID: не найден)
RAW Input: %D0%A1%D1%83%D0%BC%D0%BC%D0%B0_%D0%B2%D0%B0%D1%88%D0%B5%D0%B9_%D0%B7%D0%B0%D0%B4%D0%BE%D0%BB%D0%B6%D0%B5%D0%BD%D0%BD%D0%BE%D1%81%D1%82%D0%B8=%D0%9E%D1%82+200+000+%D0%B4%D0%BE+500+000+%D1%80%D1%83%D0%B1%D0%BB%D0%B5%D0%B9&%D0%A2%D0%B5%D0%BA%D1%83%D1%89%D0%B8%D0%B9_%D1%81%D1%80%D0%BE%D0%BA_%D0%BF%D1%80%D0%BE%D1%81%D1%80%D0%BE%D1%87%D0%BA%D0%B8_%D0%BF%D0%BE_%D0%BA%D1%80%D0%B5%D0%B4%D0%B8%D1%82%D0%B0%D0%BC=%D0%91%D0%BE%D0%BB%D0%B5%D0%B5+3+%D0%BC%D0%B5%D1%81%D1%8F%D1%86%D0%B5%D0%B2&%D0%92%D0%B0%D1%88_%D1%82%D1%80%D1%83%D0%B4%D0%BE%D0%B2%D0%BE%D0%B9_%D1%81%D1%82%D0%B0%D1%82%D1%83%D1%81=%D0%9F%D0%B5%D0%BD%D1%81%D0%B8%D0%BE%D0%BD%D0%B5%D1%80&%D0%A1%D0%BA%D0%BE%D0%BB%D1%8C%D0%BA%D0%BE_%D1%83_%D0%B2%D0%B0%D1%81_%D0%BA%D1%80%D0%B5%D0%B4%D0%B8%D1%82%D0%BE%D0%B2_%D0%B8_%D0%BA%D1%80%D0%B5%D0%B4%D0%B8%D1%82%D0%BD%D1%8B%D1%85_%D0%BA%D0%B0%D1%80%D1%82_%D0%B2%D0%BE_%D0%B2%D1%81%D0%B5%D1%85_%D0%B1%D0%B0%D0%BD%D0%BA%D0%B0%D1%85=1&%D0%9A%D1%83%D0%B4%D0%B0_%D0%BF%D1%80%D0%B8%D1%81%D0%BB%D0%B0%D1%82%D1%8C_%D1
POST: Array
(
    [Сумма_вашей_задолженности] => От 200 000 до 500 000 рублей
    [Текущий_срок_просрочки_по_кредитам] => Более 3 месяцев
    [Ваш_трудовой_статус] => Пенсионер
    [Сколько_у_вас_кредитов_и_кредитных_карт_во_всех_банках] => 1
    [Куда_прислать_результаты_опроса] => По номеру телефона
    [Phone] => +7 (904) 340-48-01
    [tranid] => 4282502:8201492862
    [formid] => form482818189
)

Quiz/Комментарии: Array
(
)

Собранные комментарии (для лога): 
Сумма_вашей_задолженности: От 200 000 до 500 000 рублей
Текущий_срок_просрочки_по_кредитам: Более 3 месяцев
Ваш_трудовой_статус: Пенсионер
Сколько_у_вас_кредитов_и_кредитных_карт_во_всех_банках: 1
Куда_прислать_результаты_опроса: По номеру телефона

Отправка комментариев в Bitrix: ДА
Поля для Bitrix: Array
(
    [PHONE] => Array
        (
            [0] => Array
                (
                    [VALUE] => +79043404801
                    [VALUE_TYPE] => MOBILE
                )

        )

    [ASSIGNED_BY_ID] => 1
    [TITLE] => Заявка из Tilda
    [OPENED] => Y
    [STATUS_ID] => NEW
    [SOURCE_ID] => 168
    [COMMENTS] => <b>Сумма_вашей_задолженности:</b> От 200 000 до 500 000 рублей<br><b>Текущий_срок_просрочки_по_кредитам:</b> Более 3 месяцев<br><b>Ваш_трудовой_статус:</b> Пенсионер<br><b>Сколько_у_вас_кредитов_и_кредитных_карт_во_всех_банках:</b> 1<br><b>Куда_прислать_результаты_опроса:</b> По номеру телефона<br>
)

Bitrix Response: {"result":656389,"time":{"start":1772174188,"finish":1772174191.324767,"duration":3.3247671127319336,"processing":3,"date_start":"2026-02-27T09:36:28+03:00","date_finish":"2026-02-27T09:36:31+03:00","operating_reset_at":1772174788,"operating":15.092436790466309}}
Статус: Успешно (Lead ID: 656389)
--------------------------------------------------

