Время: 20.02.2026 09:00:28
Сервис: Робот
From: Заявка из Робот
Клиент: Array
(
    [name] => ДЕНИС - -
    [phone] => 79381044554
    [email] => 
)

Город: ШАХТЫ (ID: не найден)
RAW Input: {
 "name": "ДЕНИС - -",
    "phone": "79381044554",
 "Comments": "",
    "Region": "Ростовская область",
    "Gorod": "ШАХТЫ",
    "utm_source": "",
    "utm_medium": "",
    "utm_campaign": "",
    "utm_content": "",
    "utm_term": ""
}
POST: Array
(
)

Quiz/Комментарии: Array
(
)

Собранные комментарии (для лога): 
Город: ШАХТЫ

Отправка комментариев в Bitrix: ДА
Поля для Bitrix: Array
(
    [NAME] => ДЕНИС - -
    [PHONE] => Array
        (
            [0] => Array
                (
                    [VALUE] => 79381044554
                    [VALUE_TYPE] => MOBILE
                )

        )

    [ASSIGNED_BY_ID] => 1
    [TITLE] => Новая заявка - 79381044554
    [OPENED] => Y
    [STATUS_ID] => NEW
    [SOURCE_ID] => 1113
    [COMMENTS] => <b>Город:</b> ШАХТЫ<br>
)

Bitrix Response: {"result":652455,"time":{"start":1771567228,"finish":1771567232.024038,"duration":4.024038076400757,"processing":4,"date_start":"2026-02-20T09:00:28+03:00","date_finish":"2026-02-20T09:00:32+03:00","operating_reset_at":1771567828,"operating":3.3395779132843018}}
Статус: Успешно (Lead ID: 652455)
--------------------------------------------------

Время: 20.02.2026 09:00:29
Сервис: Робот
From: Заявка из Робот
Клиент: Array
(
    [name] => АЛЕКСАНДР - АНАТОЛЬЕВИЧ
    [phone] => 79381038887
    [email] => 
)

Город: ТАГАНРОГ (ID: не найден)
RAW Input: {
 "name": "АЛЕКСАНДР - АНАТОЛЬЕВИЧ",
    "phone": "79381038887",
 "Comments": "",
    "Region": "Ростовская область",
    "Gorod": "ТАГАНРОГ",
    "utm_source": "",
    "utm_medium": "",
    "utm_campaign": "",
    "utm_content": "",
    "utm_term": ""
}
POST: Array
(
)

Quiz/Комментарии: Array
(
)

Собранные комментарии (для лога): 
Город: ТАГАНРОГ

Отправка комментариев в Bitrix: ДА
Поля для Bitrix: Array
(
    [NAME] => АЛЕКСАНДР - АНАТОЛЬЕВИЧ
    [PHONE] => Array
        (
            [0] => Array
                (
                    [VALUE] => 79381038887
                    [VALUE_TYPE] => MOBILE
                )

        )

    [ASSIGNED_BY_ID] => 1
    [TITLE] => Новая заявка - 79381038887
    [OPENED] => Y
    [STATUS_ID] => NEW
    [SOURCE_ID] => 1113
    [COMMENTS] => <b>Город:</b> ТАГАНРОГ<br>
)

Bitrix Response: {"result":652459,"time":{"start":1771567230,"finish":1771567232.524597,"duration":2.524596929550171,"processing":2,"date_start":"2026-02-20T09:00:30+03:00","date_finish":"2026-02-20T09:00:32+03:00","operating_reset_at":1771567830,"operating":5.780404806137085}}
Статус: Успешно (Lead ID: 652459)
--------------------------------------------------

Время: 20.02.2026 09:10:31
Сервис: Робот
From: Заявка из Робот
Клиент: Array
(
    [name] => ВЛАДИСЛАВ - ЮРЬЕВИЧ
    [phone] => 79381233053
    [email] => 
)

Город: РОСТОВ-НА-ДОНУ (ID: не найден)
RAW Input: {
 "name": "ВЛАДИСЛАВ - ЮРЬЕВИЧ",
    "phone": "79381233053",
 "Comments": "",
    "Region": "Ростовская область",
    "Gorod": "РОСТОВ-НА-ДОНУ",
    "utm_source": "",
    "utm_medium": "",
    "utm_campaign": "",
    "utm_content": "",
    "utm_term": ""
}
POST: Array
(
)

Quiz/Комментарии: Array
(
)

Собранные комментарии (для лога): 
Город: РОСТОВ-НА-ДОНУ

Отправка комментариев в Bitrix: ДА
Поля для Bitrix: Array
(
    [NAME] => ВЛАДИСЛАВ - ЮРЬЕВИЧ
    [PHONE] => Array
        (
            [0] => Array
                (
                    [VALUE] => 79381233053
                    [VALUE_TYPE] => MOBILE
                )

        )

    [ASSIGNED_BY_ID] => 1
    [TITLE] => Новая заявка - 79381233053
    [OPENED] => Y
    [STATUS_ID] => NEW
    [SOURCE_ID] => 1113
    [COMMENTS] => <b>Город:</b> РОСТОВ-НА-ДОНУ<br>
)

Bitrix Response: {"result":652475,"time":{"start":1771567831,"finish":1771567834.105163,"duration":3.105163097381592,"processing":3,"date_start":"2026-02-20T09:10:31+03:00","date_finish":"2026-02-20T09:10:34+03:00","operating_reset_at":1771568431,"operating":4.602750062942505}}
Статус: Успешно (Lead ID: 652475)
--------------------------------------------------

Время: 20.02.2026 09:20:18
Сервис: Робот
From: Заявка из Робот
Клиент: Array
(
    [name] => АНАТОЛИЙ - ДМИТРИЕВИЧ
    [phone] => 79381434944
    [email] => 
)

Город: РОСТОВ-НА-ДОНУ (ID: не найден)
RAW Input: {
 "name": "АНАТОЛИЙ - ДМИТРИЕВИЧ",
    "phone": "79381434944",
 "Comments": "",
    "Region": "Ростовская область",
    "Gorod": "РОСТОВ-НА-ДОНУ",
    "utm_source": "",
    "utm_medium": "",
    "utm_campaign": "",
    "utm_content": "",
    "utm_term": ""
}
POST: Array
(
)

Quiz/Комментарии: Array
(
)

Собранные комментарии (для лога): 
Город: РОСТОВ-НА-ДОНУ

Отправка комментариев в Bitrix: ДА
Поля для Bitrix: Array
(
    [NAME] => АНАТОЛИЙ - ДМИТРИЕВИЧ
    [PHONE] => Array
        (
            [0] => Array
                (
                    [VALUE] => 79381434944
                    [VALUE_TYPE] => MOBILE
                )

        )

    [ASSIGNED_BY_ID] => 1
    [TITLE] => Новая заявка - 79381434944
    [OPENED] => Y
    [STATUS_ID] => NEW
    [SOURCE_ID] => 1113
    [COMMENTS] => <b>Город:</b> РОСТОВ-НА-ДОНУ<br>
)

Bitrix Response: {"result":652491,"time":{"start":1771568418,"finish":1771568420.69696,"duration":2.696959972381592,"processing":2,"date_start":"2026-02-20T09:20:18+03:00","date_finish":"2026-02-20T09:20:20+03:00","operating_reset_at":1771569018,"operating":2.4859259128570557}}
Статус: Успешно (Lead ID: 652491)
--------------------------------------------------

Время: 20.02.2026 09:30:13
Сервис: Робот
From: Заявка из Робот
Клиент: Array
(
    [name] => СЕРГЕЙ - МОИСЕЕВИЧ
    [phone] => 79381506368
    [email] => 
)

Город: РОСТОВ-НА-ДОНУ (ID: не найден)
RAW Input: {
 "name": "СЕРГЕЙ - МОИСЕЕВИЧ",
    "phone": "79381506368",
 "Comments": "",
    "Region": "Ростовская область",
    "Gorod": "РОСТОВ-НА-ДОНУ",
    "utm_source": "",
    "utm_medium": "",
    "utm_campaign": "",
    "utm_content": "",
    "utm_term": ""
}
POST: Array
(
)

Quiz/Комментарии: Array
(
)

Собранные комментарии (для лога): 
Город: РОСТОВ-НА-ДОНУ

Отправка комментариев в Bitrix: ДА
Поля для Bitrix: Array
(
    [NAME] => СЕРГЕЙ - МОИСЕЕВИЧ
    [PHONE] => Array
        (
            [0] => Array
                (
                    [VALUE] => 79381506368
                    [VALUE_TYPE] => MOBILE
                )

        )

    [ASSIGNED_BY_ID] => 1
    [TITLE] => Новая заявка - 79381506368
    [OPENED] => Y
    [STATUS_ID] => NEW
    [SOURCE_ID] => 1113
    [COMMENTS] => <b>Город:</b> РОСТОВ-НА-ДОНУ<br>
)

Bitrix Response: {"result":652515,"time":{"start":1771569013,"finish":1771569016.421052,"duration":3.4210519790649414,"processing":3,"date_start":"2026-02-20T09:30:13+03:00","date_finish":"2026-02-20T09:30:16+03:00","operating_reset_at":1771569613,"operating":4.909742832183838}}
Статус: Успешно (Lead ID: 652515)
--------------------------------------------------

Время: 20.02.2026 13:57:13
Сервис: Робот
From: Заявка из Робот
Клиент: Array
(
    [name] => СЕРГЕЙ - НИКОЛАЕВИЧ
    [phone] => 79286651067
    [email] => 
)

Город: - (ID: не найден)
RAW Input: {
 "name": "СЕРГЕЙ - НИКОЛАЕВИЧ",
    "phone": "79286651067",
 "Comments": "",
    "Region": "Ростовская область",
    "Gorod": "-",
    "utm_source": "",
    "utm_medium": "",
    "utm_campaign": "",
    "utm_content": "",
    "utm_term": ""
}
POST: Array
(
)

Quiz/Комментарии: Array
(
)

Собранные комментарии (для лога): 
Город: -

Отправка комментариев в Bitrix: ДА
Поля для Bitrix: Array
(
    [NAME] => СЕРГЕЙ - НИКОЛАЕВИЧ
    [PHONE] => Array
        (
            [0] => Array
                (
                    [VALUE] => 79286651067
                    [VALUE_TYPE] => MOBILE
                )

        )

    [ASSIGNED_BY_ID] => 1
    [TITLE] => Новая заявка - 79286651067
    [OPENED] => Y
    [STATUS_ID] => NEW
    [SOURCE_ID] => 1113
    [COMMENTS] => <b>Город:</b> -<br>
)

Bitrix Response: {"result":652923,"time":{"start":1771585033,"finish":1771585035.668463,"duration":2.6684629917144775,"processing":2,"date_start":"2026-02-20T13:57:13+03:00","date_finish":"2026-02-20T13:57:15+03:00","operating_reset_at":1771585633,"operating":2.1648271083831787}}
Статус: Успешно (Lead ID: 652923)
--------------------------------------------------

Время: 21.02.2026 09:00:21
Сервис: Робот
From: Заявка из Робот
Клиент: Array
(
    [name] => Алексей
    [phone] => 79915765020
    [email] => 
)

Город: Таганрог (ID: не найден)
RAW Input: {
 "name": "Алексей",
    "phone": "79915765020",
 "Comments": "",
    "Region": "Ростовская область",
    "Gorod": "Таганрог",
    "utm_source": "",
    "utm_medium": "",
    "utm_campaign": "",
    "utm_content": "",
    "utm_term": ""
}
POST: Array
(
)

Quiz/Комментарии: Array
(
)

Собранные комментарии (для лога): 
Город: Таганрог

Отправка комментариев в Bitrix: ДА
Поля для Bitrix: Array
(
    [NAME] => Алексей
    [PHONE] => Array
        (
            [0] => Array
                (
                    [VALUE] => 79915765020
                    [VALUE_TYPE] => MOBILE
                )

        )

    [ASSIGNED_BY_ID] => 1
    [TITLE] => Новая заявка - 79915765020
    [OPENED] => Y
    [STATUS_ID] => NEW
    [SOURCE_ID] => 1113
    [COMMENTS] => <b>Город:</b> Таганрог<br>
)

Bitrix Response: {"result":653179,"time":{"start":1771653621,"finish":1771653623.327567,"duration":2.3275671005249023,"processing":2,"date_start":"2026-02-21T09:00:21+03:00","date_finish":"2026-02-21T09:00:23+03:00","operating_reset_at":1771654221,"operating":2.118360996246338}}
Статус: Успешно (Lead ID: 653179)
--------------------------------------------------

Время: 21.02.2026 09:10:11
Сервис: Робот
From: Заявка из Робот
Клиент: Array
(
    [name] => АЙБАНЖИЛ - АРАУЛЕВНА
    [phone] => 79282947549
    [email] => 
)

Город: - (ID: не найден)
RAW Input: {
 "name": "АЙБАНЖИЛ - АРАУЛЕВНА",
    "phone": "79282947549",
 "Comments": "",
    "Region": "Ростовская область",
    "Gorod": "-",
    "utm_source": "",
    "utm_medium": "",
    "utm_campaign": "",
    "utm_content": "",
    "utm_term": ""
}
POST: Array
(
)

Quiz/Комментарии: Array
(
)

Собранные комментарии (для лога): 
Город: -

Отправка комментариев в Bitrix: ДА
Поля для Bitrix: Array
(
    [NAME] => АЙБАНЖИЛ - АРАУЛЕВНА
    [PHONE] => Array
        (
            [0] => Array
                (
                    [VALUE] => 79282947549
                    [VALUE_TYPE] => MOBILE
                )

        )

    [ASSIGNED_BY_ID] => 1
    [TITLE] => Новая заявка - 79282947549
    [OPENED] => Y
    [STATUS_ID] => NEW
    [SOURCE_ID] => 1113
    [COMMENTS] => <b>Город:</b> -<br>
)

Bitrix Response: {"result":653187,"time":{"start":1771654211,"finish":1771654213.727067,"duration":2.727066993713379,"processing":2,"date_start":"2026-02-21T09:10:11+03:00","date_finish":"2026-02-21T09:10:13+03:00","operating_reset_at":1771654811,"operating":4.3511106967926025}}
Статус: Успешно (Lead ID: 653187)
--------------------------------------------------

Время: 21.02.2026 09:20:10
Сервис: Робот
From: Заявка из Робот
Клиент: Array
(
    [name] => Сергей Владимирович
    [phone] => 79281414124
    [email] => 
)

Город: Город Рубеженский (ID: не найден)
RAW Input: {
 "name": "Сергей Владимирович ",
    "phone": "79281414124",
 "Comments": "",
    "Region": "Ростовская область",
    "Gorod": "Город Рубеженский",
    "utm_source": "",
    "utm_medium": "",
    "utm_campaign": "",
    "utm_content": "",
    "utm_term": ""
}
POST: Array
(
)

Quiz/Комментарии: Array
(
)

Собранные комментарии (для лога): 
Город: Город Рубеженский

Отправка комментариев в Bitrix: ДА
Поля для Bitrix: Array
(
    [NAME] => Сергей Владимирович
    [PHONE] => Array
        (
            [0] => Array
                (
                    [VALUE] => 79281414124
                    [VALUE_TYPE] => MOBILE
                )

        )

    [ASSIGNED_BY_ID] => 1
    [TITLE] => Новая заявка - 79281414124
    [OPENED] => Y
    [STATUS_ID] => NEW
    [SOURCE_ID] => 1113
    [COMMENTS] => <b>Город:</b> Город Рубеженский<br>
)

Bitrix Response: {"result":653195,"time":{"start":1771654810,"finish":1771654812.646125,"duration":2.646125078201294,"processing":2,"date_start":"2026-02-21T09:20:10+03:00","date_finish":"2026-02-21T09:20:12+03:00","operating_reset_at":1771655410,"operating":2.0490331649780273}}
Статус: Успешно (Lead ID: 653195)
--------------------------------------------------

Время: 21.02.2026 09:30:10
Сервис: Робот
From: Заявка из Робот
Клиент: Array
(
    [name] => ОКСАНА - ВИКТОРОВНА
    [phone] => 79282719748
    [email] => 
)

Город: ТАГАНРОГ (ID: не найден)
RAW Input: {
 "name": "ОКСАНА - ВИКТОРОВНА",
    "phone": "79282719748",
 "Comments": "",
    "Region": "Ростовская область",
    "Gorod": "ТАГАНРОГ",
    "utm_source": "",
    "utm_medium": "",
    "utm_campaign": "",
    "utm_content": "",
    "utm_term": ""
}
POST: Array
(
)

Quiz/Комментарии: Array
(
)

Собранные комментарии (для лога): 
Город: ТАГАНРОГ

Отправка комментариев в Bitrix: ДА
Поля для Bitrix: Array
(
    [NAME] => ОКСАНА - ВИКТОРОВНА
    [PHONE] => Array
        (
            [0] => Array
                (
                    [VALUE] => 79282719748
                    [VALUE_TYPE] => MOBILE
                )

        )

    [ASSIGNED_BY_ID] => 1
    [TITLE] => Новая заявка - 79282719748
    [OPENED] => Y
    [STATUS_ID] => NEW
    [SOURCE_ID] => 1113
    [COMMENTS] => <b>Город:</b> ТАГАНРОГ<br>
)

Bitrix Response: {"result":653207,"time":{"start":1771655410,"finish":1771655412.521863,"duration":2.5218629837036133,"processing":2,"date_start":"2026-02-21T09:30:10+03:00","date_finish":"2026-02-21T09:30:12+03:00","operating_reset_at":1771656010,"operating":1.9060850143432617}}
Статус: Успешно (Lead ID: 653207)
--------------------------------------------------

Время: 21.02.2026 09:37:33
Сервис: Робот
From: Заявка из Робот
Клиент: Array
(
    [name] => ВИКТОР - ВАЛЕНТИНОВИЧ
    [phone] => 79281052364
    [email] => 
)

Город: ШАХТЫ (ID: не найден)
RAW Input: {
 "name": "ВИКТОР - ВАЛЕНТИНОВИЧ",
    "phone": "79281052364",
 "Comments": "",
    "Region": "Ростовская область",
    "Gorod": "ШАХТЫ",
    "utm_source": "",
    "utm_medium": "",
    "utm_campaign": "",
    "utm_content": "",
    "utm_term": ""
}
POST: Array
(
)

Quiz/Комментарии: Array
(
)

Собранные комментарии (для лога): 
Город: ШАХТЫ

Отправка комментариев в Bitrix: ДА
Поля для Bitrix: Array
(
    [NAME] => ВИКТОР - ВАЛЕНТИНОВИЧ
    [PHONE] => Array
        (
            [0] => Array
                (
                    [VALUE] => 79281052364
                    [VALUE_TYPE] => MOBILE
                )

        )

    [ASSIGNED_BY_ID] => 1
    [TITLE] => Новая заявка - 79281052364
    [OPENED] => Y
    [STATUS_ID] => NEW
    [SOURCE_ID] => 1113
    [COMMENTS] => <b>Город:</b> ШАХТЫ<br>
)

Bitrix Response: {"result":653217,"time":{"start":1771655853,"finish":1771655855.544825,"duration":2.5448250770568848,"processing":2,"date_start":"2026-02-21T09:37:33+03:00","date_finish":"2026-02-21T09:37:35+03:00","operating_reset_at":1771656453,"operating":5.649489164352417}}
Статус: Успешно (Lead ID: 653217)
--------------------------------------------------

Время: 21.02.2026 09:40:29
Сервис: Робот
From: Заявка из Робот
Клиент: Array
(
    [name] => МАРИЯ - -
    [phone] => 79230475707
    [email] => 
)

Город: РОСТОВ-НА-ДОНУ (ID: не найден)
RAW Input: {
 "name": "МАРИЯ - -",
    "phone": "79230475707",
 "Comments": "",
    "Region": "Ростовская область",
    "Gorod": "РОСТОВ-НА-ДОНУ",
    "utm_source": "",
    "utm_medium": "",
    "utm_campaign": "",
    "utm_content": "",
    "utm_term": ""
}
POST: Array
(
)

Quiz/Комментарии: Array
(
)

Собранные комментарии (для лога): 
Город: РОСТОВ-НА-ДОНУ

Отправка комментариев в Bitrix: ДА
Поля для Bitrix: Array
(
    [NAME] => МАРИЯ - -
    [PHONE] => Array
        (
            [0] => Array
                (
                    [VALUE] => 79230475707
                    [VALUE_TYPE] => MOBILE
                )

        )

    [ASSIGNED_BY_ID] => 1
    [TITLE] => Новая заявка - 79230475707
    [OPENED] => Y
    [STATUS_ID] => NEW
    [SOURCE_ID] => 1113
    [COMMENTS] => <b>Город:</b> РОСТОВ-НА-ДОНУ<br>
)

Bitrix Response: {"result":653221,"time":{"start":1771656029,"finish":1771656031.321723,"duration":2.321722984313965,"processing":2,"date_start":"2026-02-21T09:40:29+03:00","date_finish":"2026-02-21T09:40:31+03:00","operating_reset_at":1771656629,"operating":5.6194751262664795}}
Статус: Успешно (Lead ID: 653221)
--------------------------------------------------

Время: 22.02.2026 09:00:20
Сервис: Робот
From: Заявка из Робот
Клиент: Array
(
    [name] => НИКОЛАЙ - НИКОЛАЕВИЧ
    [phone] => 79381211722
    [email] => 
)

Город: МОРОЗОВСК (ID: не найден)
RAW Input: {
 "name": "НИКОЛАЙ - НИКОЛАЕВИЧ",
    "phone": "79381211722",
 "Comments": "",
    "Region": "Ростовская область",
    "Gorod": "МОРОЗОВСК",
    "utm_source": "",
    "utm_medium": "",
    "utm_campaign": "",
    "utm_content": "",
    "utm_term": ""
}
POST: Array
(
)

Quiz/Комментарии: Array
(
)

Собранные комментарии (для лога): 
Город: МОРОЗОВСК

Отправка комментариев в Bitrix: ДА
Поля для Bitrix: Array
(
    [NAME] => НИКОЛАЙ - НИКОЛАЕВИЧ
    [PHONE] => Array
        (
            [0] => Array
                (
                    [VALUE] => 79381211722
                    [VALUE_TYPE] => MOBILE
                )

        )

    [ASSIGNED_BY_ID] => 1
    [TITLE] => Новая заявка - 79381211722
    [OPENED] => Y
    [STATUS_ID] => NEW
    [SOURCE_ID] => 1113
    [COMMENTS] => <b>Город:</b> МОРОЗОВСК<br>
)

Bitrix Response: {"result":653465,"time":{"start":1771740020,"finish":1771740022.546213,"duration":2.546212911605835,"processing":2,"date_start":"2026-02-22T09:00:20+03:00","date_finish":"2026-02-22T09:00:22+03:00","operating_reset_at":1771740620,"operating":1.9526300430297852}}
Статус: Успешно (Lead ID: 653465)
--------------------------------------------------

Время: 22.02.2026 09:10:15
Сервис: Робот
From: Заявка из Робот
Клиент: Array
(
    [name] => Иван
    [phone] => 79518227707
    [email] => 
)

Город: Ростов на Дону (ID: не найден)
RAW Input: {
 "name": "Иван ",
    "phone": "79518227707  ",
 "Comments": "",
    "Region": "Ростовская область",
    "Gorod": "Ростов на Дону ",
    "utm_source": "",
    "utm_medium": "",
    "utm_campaign": "",
    "utm_content": "",
    "utm_term": ""
}
POST: Array
(
)

Quiz/Комментарии: Array
(
)

Собранные комментарии (для лога): 
Город: Ростов на Дону

Отправка комментариев в Bitrix: ДА
Поля для Bitrix: Array
(
    [NAME] => Иван
    [PHONE] => Array
        (
            [0] => Array
                (
                    [VALUE] => 79518227707
                    [VALUE_TYPE] => MOBILE
                )

        )

    [ASSIGNED_BY_ID] => 1
    [TITLE] => Новая заявка - 79518227707
    [OPENED] => Y
    [STATUS_ID] => NEW
    [SOURCE_ID] => 1113
    [COMMENTS] => <b>Город:</b> Ростов на Дону<br>
)

Bitrix Response: {"result":653469,"time":{"start":1771740615,"finish":1771740617.396738,"duration":2.396738052368164,"processing":2,"date_start":"2026-02-22T09:10:15+03:00","date_finish":"2026-02-22T09:10:17+03:00","operating_reset_at":1771741215,"operating":1.8360037803649902}}
Статус: Успешно (Lead ID: 653469)
--------------------------------------------------

Время: 22.02.2026 09:20:20
Сервис: Робот
From: Заявка из Робот
Клиент: Array
(
    [name] => надежда
    [phone] => 79286186561
    [email] => 
)

Город: аксай (ID: не найден)
RAW Input: {
 "name": "надежда",
    "phone": "79286186561",
 "Comments": "",
    "Region": "Ростовская область",
    "Gorod": "аксай",
    "utm_source": "",
    "utm_medium": "",
    "utm_campaign": "",
    "utm_content": "",
    "utm_term": ""
}
POST: Array
(
)

Quiz/Комментарии: Array
(
)

Собранные комментарии (для лога): 
Город: аксай

Отправка комментариев в Bitrix: ДА
Поля для Bitrix: Array
(
    [NAME] => надежда
    [PHONE] => Array
        (
            [0] => Array
                (
                    [VALUE] => 79286186561
                    [VALUE_TYPE] => MOBILE
                )

        )

    [ASSIGNED_BY_ID] => 1
    [TITLE] => Новая заявка - 79286186561
    [OPENED] => Y
    [STATUS_ID] => NEW
    [SOURCE_ID] => 1113
    [COMMENTS] => <b>Город:</b> аксай<br>
)

Bitrix Response: {"result":653471,"time":{"start":1771741220,"finish":1771741222.383636,"duration":2.383635997772217,"processing":2,"date_start":"2026-02-22T09:20:20+03:00","date_finish":"2026-02-22T09:20:22+03:00","operating_reset_at":1771741820,"operating":1.850492000579834}}
Статус: Успешно (Lead ID: 653471)
--------------------------------------------------

Время: 22.02.2026 09:35:31
Сервис: Робот
From: Заявка из Робот
Клиент: Array
(
    [name] => ЮРИЙ - ЮРЬЕВИЧ
    [phone] => 79289038735
    [email] => 
)

Город: - (ID: не найден)
RAW Input: {
 "name": "ЮРИЙ - ЮРЬЕВИЧ",
    "phone": "79289038735",
 "Comments": "",
    "Region": "Ростовская область",
    "Gorod": "-",
    "utm_source": "",
    "utm_medium": "",
    "utm_campaign": "",
    "utm_content": "",
    "utm_term": ""
}
POST: Array
(
)

Quiz/Комментарии: Array
(
)

Собранные комментарии (для лога): 
Город: -

Отправка комментариев в Bitrix: ДА
Поля для Bitrix: Array
(
    [NAME] => ЮРИЙ - ЮРЬЕВИЧ
    [PHONE] => Array
        (
            [0] => Array
                (
                    [VALUE] => 79289038735
                    [VALUE_TYPE] => MOBILE
                )

        )

    [ASSIGNED_BY_ID] => 1
    [TITLE] => Новая заявка - 79289038735
    [OPENED] => Y
    [STATUS_ID] => NEW
    [SOURCE_ID] => 1113
    [COMMENTS] => <b>Город:</b> -<br>
)

Bitrix Response: {"result":653477,"time":{"start":1771742131,"finish":1771742133.526819,"duration":2.5268189907073975,"processing":2,"date_start":"2026-02-22T09:35:31+03:00","date_finish":"2026-02-22T09:35:33+03:00","operating_reset_at":1771742731,"operating":3.7857542037963867}}
Статус: Успешно (Lead ID: 653477)
--------------------------------------------------

Время: 22.02.2026 09:40:38
Сервис: Робот
From: Заявка из Робот
Клиент: Array
(
    [name] => ВЛАДИМИР - НИКОЛАЕВИЧ
    [phone] => 79281155812
    [email] => 
)

Город: - (ID: не найден)
RAW Input: {
 "name": "ВЛАДИМИР - НИКОЛАЕВИЧ",
    "phone": "79281155812",
 "Comments": "",
    "Region": "Ростовская область",
    "Gorod": "-",
    "utm_source": "",
    "utm_medium": "",
    "utm_campaign": "",
    "utm_content": "",
    "utm_term": ""
}
POST: Array
(
)

Quiz/Комментарии: Array
(
)

Собранные комментарии (для лога): 
Город: -

Отправка комментариев в Bitrix: ДА
Поля для Bitrix: Array
(
    [NAME] => ВЛАДИМИР - НИКОЛАЕВИЧ
    [PHONE] => Array
        (
            [0] => Array
                (
                    [VALUE] => 79281155812
                    [VALUE_TYPE] => MOBILE
                )

        )

    [ASSIGNED_BY_ID] => 1
    [TITLE] => Новая заявка - 79281155812
    [OPENED] => Y
    [STATUS_ID] => NEW
    [SOURCE_ID] => 1113
    [COMMENTS] => <b>Город:</b> -<br>
)

Bitrix Response: {"result":653481,"time":{"start":1771742438,"finish":1771742440.15968,"duration":2.159679889678955,"processing":2,"date_start":"2026-02-22T09:40:38+03:00","date_finish":"2026-02-22T09:40:40+03:00","operating_reset_at":1771743038,"operating":3.703754186630249}}
Статус: Успешно (Lead ID: 653481)
--------------------------------------------------

Время: 23.02.2026 09:00:21
Сервис: Робот
From: Заявка из Робот
Клиент: Array
(
    [name] => Татьяна
    [phone] => 79282145587
    [email] => 
)

Город: Зерноград (ID: не найден)
RAW Input: {
 "name": "Татьяна ",
    "phone": "79282145587  ",
 "Comments": "",
    "Region": "Ростовская область",
    "Gorod": "Зерноград ",
    "utm_source": "",
    "utm_medium": "",
    "utm_campaign": "",
    "utm_content": "",
    "utm_term": ""
}
POST: Array
(
)

Quiz/Комментарии: Array
(
)

Собранные комментарии (для лога): 
Город: Зерноград

Отправка комментариев в Bitrix: ДА
Поля для Bitrix: Array
(
    [NAME] => Татьяна
    [PHONE] => Array
        (
            [0] => Array
                (
                    [VALUE] => 79282145587
                    [VALUE_TYPE] => MOBILE
                )

        )

    [ASSIGNED_BY_ID] => 1
    [TITLE] => Новая заявка - 79282145587
    [OPENED] => Y
    [STATUS_ID] => NEW
    [SOURCE_ID] => 1113
    [COMMENTS] => <b>Город:</b> Зерноград<br>
)

Bitrix Response: {"result":653645,"time":{"start":1771826421,"finish":1771826423.87146,"duration":2.8714599609375,"processing":2,"date_start":"2026-02-23T09:00:21+03:00","date_finish":"2026-02-23T09:00:23+03:00","operating_reset_at":1771827021,"operating":2.140307903289795}}
Статус: Успешно (Lead ID: 653645)
--------------------------------------------------

Время: 23.02.2026 09:10:11
Сервис: Робот
From: Заявка из Робот
Клиент: Array
(
    [name] => РОБЕРТ - МНАЦАКАНОВИЧ
    [phone] => 79281058929
    [email] => 
)

Город: БАТАЙСК (ID: не найден)
RAW Input: {
 "name": "РОБЕРТ - МНАЦАКАНОВИЧ",
    "phone": "79281058929",
 "Comments": "",
    "Region": "Ростовская область",
    "Gorod": "БАТАЙСК",
    "utm_source": "",
    "utm_medium": "",
    "utm_campaign": "",
    "utm_content": "",
    "utm_term": ""
}
POST: Array
(
)

Quiz/Комментарии: Array
(
)

Собранные комментарии (для лога): 
Город: БАТАЙСК

Отправка комментариев в Bitrix: ДА
Поля для Bitrix: Array
(
    [NAME] => РОБЕРТ - МНАЦАКАНОВИЧ
    [PHONE] => Array
        (
            [0] => Array
                (
                    [VALUE] => 79281058929
                    [VALUE_TYPE] => MOBILE
                )

        )

    [ASSIGNED_BY_ID] => 1
    [TITLE] => Новая заявка - 79281058929
    [OPENED] => Y
    [STATUS_ID] => NEW
    [SOURCE_ID] => 1113
    [COMMENTS] => <b>Город:</b> БАТАЙСК<br>
)

Bitrix Response: {"result":653653,"time":{"start":1771827011,"finish":1771827013.873936,"duration":2.8739359378814697,"processing":2,"date_start":"2026-02-23T09:10:11+03:00","date_finish":"2026-02-23T09:10:13+03:00","operating_reset_at":1771827611,"operating":4.0843939781188965}}
Статус: Успешно (Lead ID: 653653)
--------------------------------------------------

Время: 23.02.2026 09:20:11
Сервис: Робот
From: Заявка из Робот
Клиент: Array
(
    [name] => ВАЛЕНТИН - НИКОЛАЕВИЧ
    [phone] => 79289668517
    [email] => 
)

Город: РОСТОВ-НА-ДОНУ (ID: не найден)
RAW Input: {
 "name": "ВАЛЕНТИН - НИКОЛАЕВИЧ",
    "phone": "79289668517",
 "Comments": "",
    "Region": "Ростовская область",
    "Gorod": "РОСТОВ-НА-ДОНУ",
    "utm_source": "",
    "utm_medium": "",
    "utm_campaign": "",
    "utm_content": "",
    "utm_term": ""
}
POST: Array
(
)

Quiz/Комментарии: Array
(
)

Собранные комментарии (для лога): 
Город: РОСТОВ-НА-ДОНУ

Отправка комментариев в Bitrix: ДА
Поля для Bitrix: Array
(
    [NAME] => ВАЛЕНТИН - НИКОЛАЕВИЧ
    [PHONE] => Array
        (
            [0] => Array
                (
                    [VALUE] => 79289668517
                    [VALUE_TYPE] => MOBILE
                )

        )

    [ASSIGNED_BY_ID] => 1
    [TITLE] => Новая заявка - 79289668517
    [OPENED] => Y
    [STATUS_ID] => NEW
    [SOURCE_ID] => 1113
    [COMMENTS] => <b>Город:</b> РОСТОВ-НА-ДОНУ<br>
)

Bitrix Response: {"result":653663,"time":{"start":1771827611,"finish":1771827613.280318,"duration":2.280318021774292,"processing":2,"date_start":"2026-02-23T09:20:11+03:00","date_finish":"2026-02-23T09:20:13+03:00","operating_reset_at":1771828211,"operating":3.7658889293670654}}
Статус: Успешно (Lead ID: 653663)
--------------------------------------------------

Время: 23.02.2026 09:30:07
Сервис: Робот
From: Заявка из Робот
Клиент: Array
(
    [name] => АЛЕКСАНДР - ВИКТОРОВИЧ
    [phone] => 79289546033
    [email] => 
)

Город: РОСТОВ-НА-ДОНУ (ID: не найден)
RAW Input: {
 "name": "АЛЕКСАНДР - ВИКТОРОВИЧ",
    "phone": "79289546033",
 "Comments": "",
    "Region": "Ростовская область",
    "Gorod": "РОСТОВ-НА-ДОНУ",
    "utm_source": "",
    "utm_medium": "",
    "utm_campaign": "",
    "utm_content": "",
    "utm_term": ""
}
POST: Array
(
)

Quiz/Комментарии: Array
(
)

Собранные комментарии (для лога): 
Город: РОСТОВ-НА-ДОНУ

Отправка комментариев в Bitrix: ДА
Поля для Bitrix: Array
(
    [NAME] => АЛЕКСАНДР - ВИКТОРОВИЧ
    [PHONE] => Array
        (
            [0] => Array
                (
                    [VALUE] => 79289546033
                    [VALUE_TYPE] => MOBILE
                )

        )

    [ASSIGNED_BY_ID] => 1
    [TITLE] => Новая заявка - 79289546033
    [OPENED] => Y
    [STATUS_ID] => NEW
    [SOURCE_ID] => 1113
    [COMMENTS] => <b>Город:</b> РОСТОВ-НА-ДОНУ<br>
)

Bitrix Response: {"result":653665,"time":{"start":1771828207,"finish":1771828209.17066,"duration":2.1706600189208984,"processing":2,"date_start":"2026-02-23T09:30:07+03:00","date_finish":"2026-02-23T09:30:09+03:00","operating_reset_at":1771828807,"operating":1.9377930164337158}}
Статус: Успешно (Lead ID: 653665)
--------------------------------------------------

Время: 23.02.2026 09:40:08
Сервис: Робот
From: Заявка из Робот
Клиент: Array
(
    [name] => Виктор Ефимович
    [phone] => 79281546724
    [email] => 
)

Город: Город Красный Сулин (ID: не найден)
RAW Input: {
 "name": "Виктор Ефимович ",
    "phone": "79281546724",
 "Comments": "",
    "Region": "Ростовская область",
    "Gorod": "Город Красный Сулин",
    "utm_source": "",
    "utm_medium": "",
    "utm_campaign": "",
    "utm_content": "",
    "utm_term": ""
}
POST: Array
(
)

Quiz/Комментарии: Array
(
)

Собранные комментарии (для лога): 
Город: Город Красный Сулин

Отправка комментариев в Bitrix: ДА
Поля для Bitrix: Array
(
    [NAME] => Виктор Ефимович
    [PHONE] => Array
        (
            [0] => Array
                (
                    [VALUE] => 79281546724
                    [VALUE_TYPE] => MOBILE
                )

        )

    [ASSIGNED_BY_ID] => 1
    [TITLE] => Новая заявка - 79281546724
    [OPENED] => Y
    [STATUS_ID] => NEW
    [SOURCE_ID] => 1113
    [COMMENTS] => <b>Город:</b> Город Красный Сулин<br>
)

Bitrix Response: {"result":653675,"time":{"start":1771828808,"finish":1771828810.517201,"duration":2.5172009468078613,"processing":2,"date_start":"2026-02-23T09:40:08+03:00","date_finish":"2026-02-23T09:40:10+03:00","operating_reset_at":1771829408,"operating":7.879009962081909}}
Статус: Успешно (Lead ID: 653675)
--------------------------------------------------

Время: 24.02.2026 09:00:58
Сервис: Робот
From: Заявка из Робот
Клиент: Array
(
    [name] => ОЛЬГА - НИКОЛАЕВНА
    [phone] => 79281682796
    [email] => 
)

Город: НОВОШАХТИНСК (ID: не найден)
RAW Input: {
 "name": "ОЛЬГА - НИКОЛАЕВНА",
    "phone": "79281682796",
 "Comments": "",
    "Region": "Ростовская область",
    "Gorod": "НОВОШАХТИНСК",
    "utm_source": "",
    "utm_medium": "",
    "utm_campaign": "",
    "utm_content": "",
    "utm_term": ""
}
POST: Array
(
)

Quiz/Комментарии: Array
(
)

Собранные комментарии (для лога): 
Город: НОВОШАХТИНСК

Отправка комментариев в Bitrix: ДА
Поля для Bitrix: Array
(
    [NAME] => ОЛЬГА - НИКОЛАЕВНА
    [PHONE] => Array
        (
            [0] => Array
                (
                    [VALUE] => 79281682796
                    [VALUE_TYPE] => MOBILE
                )

        )

    [ASSIGNED_BY_ID] => 1
    [TITLE] => Новая заявка - 79281682796
    [OPENED] => Y
    [STATUS_ID] => NEW
    [SOURCE_ID] => 1113
    [COMMENTS] => <b>Город:</b> НОВОШАХТИНСК<br>
)

Bitrix Response: {"result":653895,"time":{"start":1771912858,"finish":1771912861.310024,"duration":3.3100240230560303,"processing":3,"date_start":"2026-02-24T09:00:58+03:00","date_finish":"2026-02-24T09:01:01+03:00","operating_reset_at":1771913458,"operating":5.6148841381073}}
Статус: Успешно (Lead ID: 653895)
--------------------------------------------------

Время: 24.02.2026 12:46:59
Сервис: Робот
From: Заявка из Робот
Клиент: Array
(
    [name] => ЛЮДМИЛА - -
    [phone] => 79384077558
    [email] => 
)

Город: - (ID: не найден)
RAW Input: {
 "name": "ЛЮДМИЛА - -",
    "phone": "79384077558",
 "Comments": "",
    "Region": "Ростовская область",
    "Gorod": "-",
    "utm_source": "",
    "utm_medium": "",
    "utm_campaign": "",
    "utm_content": "",
    "utm_term": ""
}
POST: Array
(
)

Quiz/Комментарии: Array
(
)

Собранные комментарии (для лога): 
Город: -

Отправка комментариев в Bitrix: ДА
Поля для Bitrix: Array
(
    [NAME] => ЛЮДМИЛА - -
    [PHONE] => Array
        (
            [0] => Array
                (
                    [VALUE] => 79384077558
                    [VALUE_TYPE] => MOBILE
                )

        )

    [ASSIGNED_BY_ID] => 1
    [TITLE] => Новая заявка - 79384077558
    [OPENED] => Y
    [STATUS_ID] => NEW
    [SOURCE_ID] => 1113
    [COMMENTS] => <b>Город:</b> -<br>
)

Bitrix Response: {"result":654181,"time":{"start":1771926420,"finish":1771926422.315116,"duration":2.3151159286499023,"processing":2,"date_start":"2026-02-24T12:47:00+03:00","date_finish":"2026-02-24T12:47:02+03:00","operating_reset_at":1771927020,"operating":6.819432020187378}}
Статус: Успешно (Lead ID: 654181)
--------------------------------------------------

Время: 24.02.2026 13:29:34
Сервис: Робот
From: Заявка из Робот
Клиент: Array
(
    [name] => Навья
    [phone] => 79281991502
    [email] => 
)

Город: Зерноградский район (ID: не найден)
RAW Input: {
 "name": "Навья",
    "phone": "79281991502",
 "Comments": "",
    "Region": "Ростовская область",
    "Gorod": "Зерноградский район",
    "utm_source": "",
    "utm_medium": "",
    "utm_campaign": "",
    "utm_content": "",
    "utm_term": ""
}
POST: Array
(
)

Quiz/Комментарии: Array
(
)

Собранные комментарии (для лога): 
Город: Зерноградский район

Отправка комментариев в Bitrix: ДА
Поля для Bitrix: Array
(
    [NAME] => Навья
    [PHONE] => Array
        (
            [0] => Array
                (
                    [VALUE] => 79281991502
                    [VALUE_TYPE] => MOBILE
                )

        )

    [ASSIGNED_BY_ID] => 1
    [TITLE] => Новая заявка - 79281991502
    [OPENED] => Y
    [STATUS_ID] => NEW
    [SOURCE_ID] => 1113
    [COMMENTS] => <b>Город:</b> Зерноградский район<br>
)

Bitrix Response: {"result":654235,"time":{"start":1771928974,"finish":1771928976.430814,"duration":2.430814027786255,"processing":2,"date_start":"2026-02-24T13:29:34+03:00","date_finish":"2026-02-24T13:29:36+03:00","operating_reset_at":1771929574,"operating":14.129855155944824}}
Статус: Успешно (Lead ID: 654235)
--------------------------------------------------

Время: 24.02.2026 13:29:42
Сервис: Робот
From: Заявка из Робот
Клиент: Array
(
    [name] => НАТАЛЬЯ - ИВАНОВНА
    [phone] => 79281683355
    [email] => 
)

Город: ПУХОВ (ID: не найден)
RAW Input: {
 "name": "НАТАЛЬЯ - ИВАНОВНА",
    "phone": "79281683355",
 "Comments": "",
    "Region": "Ростовская область",
    "Gorod": "ПУХОВ",
    "utm_source": "",
    "utm_medium": "",
    "utm_campaign": "",
    "utm_content": "",
    "utm_term": ""
}
POST: Array
(
)

Quiz/Комментарии: Array
(
)

Собранные комментарии (для лога): 
Город: ПУХОВ

Отправка комментариев в Bitrix: ДА
Поля для Bitrix: Array
(
    [NAME] => НАТАЛЬЯ - ИВАНОВНА
    [PHONE] => Array
        (
            [0] => Array
                (
                    [VALUE] => 79281683355
                    [VALUE_TYPE] => MOBILE
                )

        )

    [ASSIGNED_BY_ID] => 1
    [TITLE] => Новая заявка - 79281683355
    [OPENED] => Y
    [STATUS_ID] => NEW
    [SOURCE_ID] => 1113
    [COMMENTS] => <b>Город:</b> ПУХОВ<br>
)

Bitrix Response: {"result":654237,"time":{"start":1771928982,"finish":1771928984.687908,"duration":2.6879079341888428,"processing":2,"date_start":"2026-02-24T13:29:42+03:00","date_finish":"2026-02-24T13:29:44+03:00","operating_reset_at":1771929582,"operating":16.242507219314575}}
Статус: Успешно (Lead ID: 654237)
--------------------------------------------------

Время: 25.02.2026 09:00:52
Сервис: Робот
From: Заявка из Робот
Клиент: Array
(
    [name] => Александр
    [phone] => 79281502120
    [email] => 
)

Город: Цимлянск (ID: не найден)
RAW Input: {
 "name": "Александр",
    "phone": "79281502120",
 "Comments": "",
    "Region": "Ростовская область",
    "Gorod": "Цимлянск",
    "utm_source": "",
    "utm_medium": "",
    "utm_campaign": "",
    "utm_content": "",
    "utm_term": ""
}
POST: Array
(
)

Quiz/Комментарии: Array
(
)

Собранные комментарии (для лога): 
Город: Цимлянск

Отправка комментариев в Bitrix: ДА
Поля для Bitrix: Array
(
    [NAME] => Александр
    [PHONE] => Array
        (
            [0] => Array
                (
                    [VALUE] => 79281502120
                    [VALUE_TYPE] => MOBILE
                )

        )

    [ASSIGNED_BY_ID] => 1
    [TITLE] => Новая заявка - 79281502120
    [OPENED] => Y
    [STATUS_ID] => NEW
    [SOURCE_ID] => 1113
    [COMMENTS] => <b>Город:</b> Цимлянск<br>
)

Bitrix Response: {"result":654735,"time":{"start":1771999253,"finish":1771999255.86411,"duration":2.864109992980957,"processing":2,"date_start":"2026-02-25T09:00:53+03:00","date_finish":"2026-02-25T09:00:55+03:00","operating_reset_at":1771999853,"operating":12.776289463043213}}
Статус: Успешно (Lead ID: 654735)
--------------------------------------------------

Время: 25.02.2026 10:41:17
Сервис: Робот
From: Заявка из Робот
Клиент: Array
(
    [name] => Альберт
    [phone] => 79287666300
    [email] => 
)

Город: азовский район,  маргаритово село (ID: не найден)
RAW Input: {
 "name": "Альберт ",
    "phone": "79287666300",
 "Comments": "",
    "Region": "Ростовская область",
    "Gorod": "азовский район,  маргаритово село ",
    "utm_source": "",
    "utm_medium": "",
    "utm_campaign": "",
    "utm_content": "",
    "utm_term": ""
}
POST: Array
(
)

Quiz/Комментарии: Array
(
)

Собранные комментарии (для лога): 
Город: азовский район,  маргаритово село

Отправка комментариев в Bitrix: ДА
Поля для Bitrix: Array
(
    [NAME] => Альберт
    [PHONE] => Array
        (
            [0] => Array
                (
                    [VALUE] => 79287666300
                    [VALUE_TYPE] => MOBILE
                )

        )

    [ASSIGNED_BY_ID] => 1
    [TITLE] => Новая заявка - 79287666300
    [OPENED] => Y
    [STATUS_ID] => NEW
    [SOURCE_ID] => 1113
    [COMMENTS] => <b>Город:</b> азовский район,  маргаритово село<br>
)

Bitrix Response: {"result":654825,"time":{"start":1772005277,"finish":1772005280.180611,"duration":3.1806108951568604,"processing":3,"date_start":"2026-02-25T10:41:17+03:00","date_finish":"2026-02-25T10:41:20+03:00","operating_reset_at":1772005877,"operating":4.9408979415893555}}
Статус: Успешно (Lead ID: 654825)
--------------------------------------------------

Время: 25.02.2026 12:27:34
Сервис: Робот
From: Заявка из Робот
Клиент: Array
(
    [name] => Назир
    [phone] => 79281963957
    [email] => 
)

Город: Ростов на Дону (ID: не найден)
RAW Input: {
 "name": "Назир",
    "phone": "79281963957",
 "Comments": "",
    "Region": "Ростовская область",
    "Gorod": "Ростов на Дону",
    "utm_source": "",
    "utm_medium": "",
    "utm_campaign": "",
    "utm_content": "",
    "utm_term": ""
}
POST: Array
(
)

Quiz/Комментарии: Array
(
)

Собранные комментарии (для лога): 
Город: Ростов на Дону

Отправка комментариев в Bitrix: ДА
Поля для Bitrix: Array
(
    [NAME] => Назир
    [PHONE] => Array
        (
            [0] => Array
                (
                    [VALUE] => 79281963957
                    [VALUE_TYPE] => MOBILE
                )

        )

    [ASSIGNED_BY_ID] => 1
    [TITLE] => Новая заявка - 79281963957
    [OPENED] => Y
    [STATUS_ID] => NEW
    [SOURCE_ID] => 1113
    [COMMENTS] => <b>Город:</b> Ростов на Дону<br>
)

Bitrix Response: {"result":654949,"time":{"start":1772011655,"finish":1772011657.562385,"duration":2.562385082244873,"processing":2,"date_start":"2026-02-25T12:27:35+03:00","date_finish":"2026-02-25T12:27:37+03:00","operating_reset_at":1772012255,"operating":13.641791343688965}}
Статус: Успешно (Lead ID: 654949)
--------------------------------------------------

Время: 25.02.2026 12:31:26
Сервис: Робот
From: Заявка из Робот
Клиент: Array
(
    [name] => Владимир
    [phone] => 79381210685
    [email] => 
)

Город: Ростов на Дону (ID: не найден)
RAW Input: {
 "name": "Владимир",
    "phone": "79381210685",
 "Comments": "",
    "Region": "Ростовская область",
    "Gorod": "Ростов на Дону",
    "utm_source": "",
    "utm_medium": "",
    "utm_campaign": "",
    "utm_content": "",
    "utm_term": ""
}
POST: Array
(
)

Quiz/Комментарии: Array
(
)

Собранные комментарии (для лога): 
Город: Ростов на Дону

Отправка комментариев в Bitrix: ДА
Поля для Bitrix: Array
(
    [NAME] => Владимир
    [PHONE] => Array
        (
            [0] => Array
                (
                    [VALUE] => 79381210685
                    [VALUE_TYPE] => MOBILE
                )

        )

    [ASSIGNED_BY_ID] => 1
    [TITLE] => Новая заявка - 79381210685
    [OPENED] => Y
    [STATUS_ID] => NEW
    [SOURCE_ID] => 1113
    [COMMENTS] => <b>Город:</b> Ростов на Дону<br>
)

Bitrix Response: {"result":654959,"time":{"start":1772011886,"finish":1772011889.500837,"duration":3.5008370876312256,"processing":2,"date_start":"2026-02-25T12:31:26+03:00","date_finish":"2026-02-25T12:31:29+03:00","operating_reset_at":1772012487,"operating":26.797573566436768}}
Статус: Успешно (Lead ID: 654959)
--------------------------------------------------

Время: 25.02.2026 12:54:04
Сервис: Робот
From: Заявка из Робот
Клиент: Array
(
    [name] => АНАСТАСИЯ - НИКОЛАЕВНА
    [phone] => 79381632946
    [email] => 
)

Город: - (ID: не найден)
RAW Input: {
 "name": "АНАСТАСИЯ - НИКОЛАЕВНА",
    "phone": "79381632946",
 "Comments": "",
    "Region": "Ростовская область",
    "Gorod": "-",
    "utm_source": "",
    "utm_medium": "",
    "utm_campaign": "",
    "utm_content": "",
    "utm_term": ""
}
POST: Array
(
)

Quiz/Комментарии: Array
(
)

Собранные комментарии (для лога): 
Город: -

Отправка комментариев в Bitrix: ДА
Поля для Bitrix: Array
(
    [NAME] => АНАСТАСИЯ - НИКОЛАЕВНА
    [PHONE] => Array
        (
            [0] => Array
                (
                    [VALUE] => 79381632946
                    [VALUE_TYPE] => MOBILE
                )

        )

    [ASSIGNED_BY_ID] => 1
    [TITLE] => Новая заявка - 79381632946
    [OPENED] => Y
    [STATUS_ID] => NEW
    [SOURCE_ID] => 1113
    [COMMENTS] => <b>Город:</b> -<br>
)

Bitrix Response: {"result":654993,"time":{"start":1772013244,"finish":1772013246.744765,"duration":2.744765043258667,"processing":2,"date_start":"2026-02-25T12:54:04+03:00","date_finish":"2026-02-25T12:54:06+03:00","operating_reset_at":1772013844,"operating":4.74467396736145}}
Статус: Успешно (Lead ID: 654993)
--------------------------------------------------

Время: 26.02.2026 10:02:26
Сервис: Робот
From: Заявка из Робот
Клиент: Array
(
    [name] => НИКОЛАЙ - ИВАНОВИЧ
    [phone] => 79289060027
    [email] => 
)

Город: МИЛЛЕРОВО (ID: не найден)
RAW Input: {
 "name": "НИКОЛАЙ - ИВАНОВИЧ",
    "phone": "79289060027",
 "Comments": "",
    "Region": "Ростовская область",
    "Gorod": "МИЛЛЕРОВО",
    "utm_source": "",
    "utm_medium": "",
    "utm_campaign": "",
    "utm_content": "",
    "utm_term": ""
}
POST: Array
(
)

Quiz/Комментарии: Array
(
)

Собранные комментарии (для лога): 
Город: МИЛЛЕРОВО

Отправка комментариев в Bitrix: ДА
Поля для Bitrix: Array
(
    [NAME] => НИКОЛАЙ - ИВАНОВИЧ
    [PHONE] => Array
        (
            [0] => Array
                (
                    [VALUE] => 79289060027
                    [VALUE_TYPE] => MOBILE
                )

        )

    [ASSIGNED_BY_ID] => 1
    [TITLE] => Новая заявка - 79289060027
    [OPENED] => Y
    [STATUS_ID] => NEW
    [SOURCE_ID] => 1113
    [COMMENTS] => <b>Город:</b> МИЛЛЕРОВО<br>
)

Bitrix Response: {"result":655637,"time":{"start":1772089346,"finish":1772089348.284271,"duration":2.284271001815796,"processing":2,"date_start":"2026-02-26T10:02:26+03:00","date_finish":"2026-02-26T10:02:28+03:00","operating_reset_at":1772089946,"operating":9.137335300445557}}
Статус: Успешно (Lead ID: 655637)
--------------------------------------------------

Время: 26.02.2026 10:02:35
Сервис: Робот
From: Заявка из Робот
Клиент: Array
(
    [name] => СЕРГЕЙ - НИКОЛАЕВИЧ
    [phone] => 79287653511
    [email] => 
)

Город: РОСТОВ-НА-ДОНУ (ID: не найден)
RAW Input: {
 "name": "СЕРГЕЙ - НИКОЛАЕВИЧ",
    "phone": "79287653511",
 "Comments": "",
    "Region": "Ростовская область",
    "Gorod": "РОСТОВ-НА-ДОНУ",
    "utm_source": "",
    "utm_medium": "",
    "utm_campaign": "",
    "utm_content": "",
    "utm_term": ""
}
POST: Array
(
)

Quiz/Комментарии: Array
(
)

Собранные комментарии (для лога): 
Город: РОСТОВ-НА-ДОНУ

Отправка комментариев в Bitrix: ДА
Поля для Bitrix: Array
(
    [NAME] => СЕРГЕЙ - НИКОЛАЕВИЧ
    [PHONE] => Array
        (
            [0] => Array
                (
                    [VALUE] => 79287653511
                    [VALUE_TYPE] => MOBILE
                )

        )

    [ASSIGNED_BY_ID] => 1
    [TITLE] => Новая заявка - 79287653511
    [OPENED] => Y
    [STATUS_ID] => NEW
    [SOURCE_ID] => 1113
    [COMMENTS] => <b>Город:</b> РОСТОВ-НА-ДОНУ<br>
)

Bitrix Response: {"result":655639,"time":{"start":1772089355,"finish":1772089357.998938,"duration":2.9989380836486816,"processing":2,"date_start":"2026-02-26T10:02:35+03:00","date_finish":"2026-02-26T10:02:37+03:00","operating_reset_at":1772089955,"operating":11.412824392318726}}
Статус: Успешно (Lead ID: 655639)
--------------------------------------------------

Время: 26.02.2026 10:17:11
Сервис: Робот
From: Заявка из Робот
Клиент: Array
(
    [name] => ЕВГЕНИЯ - АЛЕКСАНДРОВНА
    [phone] => 79282965327
    [email] => 
)

Город: - (ID: не найден)
RAW Input: {
 "name": "ЕВГЕНИЯ - АЛЕКСАНДРОВНА",
    "phone": "79282965327",
 "Comments": "",
    "Region": "Ростовская область",
    "Gorod": "-",
    "utm_source": "",
    "utm_medium": "",
    "utm_campaign": "",
    "utm_content": "",
    "utm_term": ""
}
POST: Array
(
)

Quiz/Комментарии: Array
(
)

Собранные комментарии (для лога): 
Город: -

Отправка комментариев в Bitrix: ДА
Поля для Bitrix: Array
(
    [NAME] => ЕВГЕНИЯ - АЛЕКСАНДРОВНА
    [PHONE] => Array
        (
            [0] => Array
                (
                    [VALUE] => 79282965327
                    [VALUE_TYPE] => MOBILE
                )

        )

    [ASSIGNED_BY_ID] => 1
    [TITLE] => Новая заявка - 79282965327
    [OPENED] => Y
    [STATUS_ID] => NEW
    [SOURCE_ID] => 1113
    [COMMENTS] => <b>Город:</b> -<br>
)

Bitrix Response: {"result":655651,"time":{"start":1772090231,"finish":1772090233.771831,"duration":2.7718310356140137,"processing":2,"date_start":"2026-02-26T10:17:11+03:00","date_finish":"2026-02-26T10:17:13+03:00","operating_reset_at":1772090831,"operating":9.274981021881104}}
Статус: Успешно (Lead ID: 655651)
--------------------------------------------------

Время: 26.02.2026 10:38:48
Сервис: Робот
From: Заявка из Робот
Клиент: Array
(
    [name] => ОКСАНА - АЛЕКСАНДРОВНА
    [phone] => 79281897554
    [email] => 
)

Город: ШАХТЫ (ID: не найден)
RAW Input: {
 "name": "ОКСАНА - АЛЕКСАНДРОВНА",
    "phone": "79281897554",
 "Comments": "",
    "Region": "Ростовская область",
    "Gorod": "ШАХТЫ",
    "utm_source": "",
    "utm_medium": "",
    "utm_campaign": "",
    "utm_content": "",
    "utm_term": ""
}
POST: Array
(
)

Quiz/Комментарии: Array
(
)

Собранные комментарии (для лога): 
Город: ШАХТЫ

Отправка комментариев в Bitrix: ДА
Поля для Bitrix: Array
(
    [NAME] => ОКСАНА - АЛЕКСАНДРОВНА
    [PHONE] => Array
        (
            [0] => Array
                (
                    [VALUE] => 79281897554
                    [VALUE_TYPE] => MOBILE
                )

        )

    [ASSIGNED_BY_ID] => 1
    [TITLE] => Новая заявка - 79281897554
    [OPENED] => Y
    [STATUS_ID] => NEW
    [SOURCE_ID] => 1113
    [COMMENTS] => <b>Город:</b> ШАХТЫ<br>
)

Bitrix Response: {"result":655675,"time":{"start":1772091528,"finish":1772091531.349529,"duration":3.3495290279388428,"processing":3,"date_start":"2026-02-26T10:38:48+03:00","date_finish":"2026-02-26T10:38:51+03:00","operating_reset_at":1772092128,"operating":9.439208030700684}}
Статус: Успешно (Lead ID: 655675)
--------------------------------------------------

Время: 26.02.2026 10:39:16
Сервис: Робот
From: Заявка из Робот
Клиент: Array
(
    [name] => ЮРИЙ - -
    [phone] => 79287756065
    [email] => 
)

Город: - (ID: не найден)
RAW Input: {
 "name": "ЮРИЙ - -",
    "phone": "79287756065",
 "Comments": "",
    "Region": "Ростовская область",
    "Gorod": "-",
    "utm_source": "",
    "utm_medium": "",
    "utm_campaign": "",
    "utm_content": "",
    "utm_term": ""
}
POST: Array
(
)

Quiz/Комментарии: Array
(
)

Собранные комментарии (для лога): 
Город: -

Отправка комментариев в Bitrix: ДА
Поля для Bitrix: Array
(
    [NAME] => ЮРИЙ - -
    [PHONE] => Array
        (
            [0] => Array
                (
                    [VALUE] => 79287756065
                    [VALUE_TYPE] => MOBILE
                )

        )

    [ASSIGNED_BY_ID] => 1
    [TITLE] => Новая заявка - 79287756065
    [OPENED] => Y
    [STATUS_ID] => NEW
    [SOURCE_ID] => 1113
    [COMMENTS] => <b>Город:</b> -<br>
)

Bitrix Response: {"result":655677,"time":{"start":1772091556,"finish":1772091559.234897,"duration":3.2348968982696533,"processing":3,"date_start":"2026-02-26T10:39:16+03:00","date_finish":"2026-02-26T10:39:19+03:00","operating_reset_at":1772092156,"operating":11.713715076446533}}
Статус: Успешно (Lead ID: 655677)
--------------------------------------------------

Время: 27.02.2026 09:04:26
Сервис: Робот
From: Заявка из Робот
Клиент: Array
(
    [name] => Александр
    [phone] => 79385261129
    [email] => 
)

Город: Дубовское (ID: не найден)
RAW Input: {
 "name": "Александр",
    "phone": "79385261129",
 "Comments": "",
    "Region": "Ростовская область",
    "Gorod": "Дубовское",
    "utm_source": "",
    "utm_medium": "",
    "utm_campaign": "",
    "utm_content": "",
    "utm_term": ""
}
POST: Array
(
)

Quiz/Комментарии: Array
(
)

Собранные комментарии (для лога): 
Город: Дубовское

Отправка комментариев в Bitrix: ДА
Поля для Bitrix: Array
(
    [NAME] => Александр
    [PHONE] => Array
        (
            [0] => Array
                (
                    [VALUE] => 79385261129
                    [VALUE_TYPE] => MOBILE
                )

        )

    [ASSIGNED_BY_ID] => 1
    [TITLE] => Новая заявка - 79385261129
    [OPENED] => Y
    [STATUS_ID] => NEW
    [SOURCE_ID] => 1113
    [COMMENTS] => <b>Город:</b> Дубовское<br>
)

Bitrix Response: {"result":656347,"time":{"start":1772172266,"finish":1772172269.312136,"duration":3.312135934829712,"processing":3,"date_start":"2026-02-27T09:04:26+03:00","date_finish":"2026-02-27T09:04:29+03:00","operating_reset_at":1772172866,"operating":5.090602874755859}}
Статус: Успешно (Lead ID: 656347)
--------------------------------------------------

