Время: 26.02.2026 16:03:28
Сервис: ВКонтакте (Lead Forms)
ОШИБКА ВАЛИДАЦИИ: Телефон не указан
Клиент: Array
(
    [name] => 
    [phone] => 
    [email] => 
)

RAW Input: {"group_id":215516124,"type":"lead_forms_new","event_id":"6948ba24e442ea028a46c756e45b018830d6eb6a","v":"5.199","object":{"lead_id":4328377,"group_id":215516124,"user_id":302761710,"form_id":2,"form_name":"Форма для постов Ростов","answers":[{"key":"first_name","question":"Имя","answer":"Владимир тест2"},{"key":"phone_number","question":"Номер телефона","answer":"+77777777702"}]},"secret":"98n9879798m"}
POST: Array
(
)

Статус: Ошибка валидации телефона
--------------------------------------------------

Время: 26.02.2026 16:03:39
Сервис: ВКонтакте (Lead Forms)
ОШИБКА ВАЛИДАЦИИ: Телефон не указан
Клиент: Array
(
    [name] => 
    [phone] => 
    [email] => 
)

RAW Input: {"group_id":215516124,"type":"lead_forms_new","event_id":"6948ba24e442ea028a46c756e45b018830d6eb6a","v":"5.199","object":{"lead_id":4328377,"group_id":215516124,"user_id":302761710,"form_id":2,"form_name":"Форма для постов Ростов","answers":[{"key":"first_name","question":"Имя","answer":"Владимир тест2"},{"key":"phone_number","question":"Номер телефона","answer":"+77777777702"}]},"secret":"98n9879798m"}
POST: Array
(
)

Статус: Ошибка валидации телефона
--------------------------------------------------

Время: 26.02.2026 16:06:39
Сервис: ВКонтакте (Lead Forms)
ОШИБКА ВАЛИДАЦИИ: Телефон не указан
Клиент: Array
(
    [name] => 
    [phone] => 
    [email] => 
)

RAW Input: {"group_id":215516124,"type":"lead_forms_new","event_id":"6948ba24e442ea028a46c756e45b018830d6eb6a","v":"5.199","object":{"lead_id":4328377,"group_id":215516124,"user_id":302761710,"form_id":2,"form_name":"Форма для постов Ростов","answers":[{"key":"first_name","question":"Имя","answer":"Владимир тест2"},{"key":"phone_number","question":"Номер телефона","answer":"+77777777702"}]},"secret":"98n9879798m"}
POST: Array
(
)

Статус: Ошибка валидации телефона
--------------------------------------------------

Время: 26.02.2026 16:11:53
Сервис: ВКонтакте (Lead Forms)
From: Заявка из ВКонтакте (Lead Forms)
Клиент: Array
(
    [name] => Владимир тест3
    [phone] => +77777777792
    [email] => 
)

Город: не определён (ID: не найден)
RAW Input: {"group_id":215516124,"type":"lead_forms_new","event_id":"b2a8208206b1c7ea3868d5d72ff2ea957300fcf1","v":"5.199","object":{"lead_id":4328379,"group_id":215516124,"user_id":302761710,"form_id":2,"form_name":"Форма для постов Ростов","answers":[{"key":"first_name","question":"Имя","answer":"Владимир тест3"},{"key":"phone_number","question":"Номер телефона","answer":"+77777777792"}]},"secret":"98n9879798m"}
POST: Array
(
)

Quiz/Комментарии: Array
(
)

Собранные комментарии (для лога): 
First_name: Владимир тест3
Phone_number: +77777777792
Form_name: Форма для постов Ростов
Form_id: 2
Group_id: 215516124
Answers: {&quot;first_name&quot;:&quot;Владимир тест3&quot;,&quot;phone_number&quot;:&quot;+77777777792&quot;}

Отправка комментариев в Bitrix: ДА
Поля для Bitrix: Array
(
    [NAME] => Владимир тест3
    [PHONE] => Array
        (
            [0] => Array
                (
                    [VALUE] => +77777777792
                    [VALUE_TYPE] => MOBILE
                )

        )

    [TITLE] => Заявка из ВКонтакте (Lead Forms)
    [ASSIGNED_BY_ID] => 1
    [OPENED] => Y
    [STATUS_ID] => NEW
    [SOURCE_ID] => 922
    [COMMENTS] => <b>First_name:</b> Владимир тест3<br><b>Phone_number:</b> +77777777792<br><b>Form_name:</b> Форма для постов Ростов<br><b>Form_id:</b> 2<br><b>Group_id:</b> 215516124<br><b>Answers:</b> {&quot;first_name&quot;:&quot;Владимир тест3&quot;,&quot;phone_number&quot;:&quot;+77777777792&quot;}<br>
)

Bitrix Response: {"result":656107,"time":{"start":1772111513,"finish":1772111515.818377,"duration":2.8183770179748535,"processing":2,"date_start":"2026-02-26T16:11:53+03:00","date_finish":"2026-02-26T16:11:55+03:00","operating_reset_at":1772112113,"operating":14.832531213760376}}
Статус: Успешно (Lead ID: 656107)
--------------------------------------------------

Время: 26.02.2026 16:16:40
Сервис: ВКонтакте (Lead Forms)
From: Заявка из ВКонтакте (Lead Forms)
Клиент: Array
(
    [name] => Владимир тест2
    [phone] => +77777777702
    [email] => 
)

Город: не определён (ID: не найден)
RAW Input: {"group_id":215516124,"type":"lead_forms_new","event_id":"6948ba24e442ea028a46c756e45b018830d6eb6a","v":"5.199","object":{"lead_id":4328377,"group_id":215516124,"user_id":302761710,"form_id":2,"form_name":"Форма для постов Ростов","answers":[{"key":"first_name","question":"Имя","answer":"Владимир тест2"},{"key":"phone_number","question":"Номер телефона","answer":"+77777777702"}]},"secret":"98n9879798m"}
POST: Array
(
)

Quiz/Комментарии: Array
(
)

Собранные комментарии (для лога): 
First_name: Владимир тест2
Phone_number: +77777777702
Form_name: Форма для постов Ростов
Form_id: 2
Group_id: 215516124
Answers: {&quot;first_name&quot;:&quot;Владимир тест2&quot;,&quot;phone_number&quot;:&quot;+77777777702&quot;}

Отправка комментариев в Bitrix: ДА
Поля для Bitrix: Array
(
    [NAME] => Владимир тест2
    [PHONE] => Array
        (
            [0] => Array
                (
                    [VALUE] => +77777777702
                    [VALUE_TYPE] => MOBILE
                )

        )

    [TITLE] => Заявка из ВКонтакте (Lead Forms)
    [ASSIGNED_BY_ID] => 1
    [OPENED] => Y
    [STATUS_ID] => NEW
    [SOURCE_ID] => 922
    [COMMENTS] => <b>First_name:</b> Владимир тест2<br><b>Phone_number:</b> +77777777702<br><b>Form_name:</b> Форма для постов Ростов<br><b>Form_id:</b> 2<br><b>Group_id:</b> 215516124<br><b>Answers:</b> {&quot;first_name&quot;:&quot;Владимир тест2&quot;,&quot;phone_number&quot;:&quot;+77777777702&quot;}<br>
)

Bitrix Response: {"result":656121,"time":{"start":1772111800,"finish":1772111802.42607,"duration":2.426069974899292,"processing":2,"date_start":"2026-02-26T16:16:40+03:00","date_finish":"2026-02-26T16:16:42+03:00","operating_reset_at":1772112400,"operating":13.524122714996338}}
Статус: Успешно (Lead ID: 656121)
--------------------------------------------------

Время: 26.02.2026 16:22:22
Сервис: ВКонтакте (Lead Forms)
From: Заявка из ВКонтакте (Lead Forms)
Клиент: Array
(
    [name] => Владимир тест1
    [phone] => +77777777701
    [email] => 
)

Город: не определён (ID: не найден)
RAW Input: {"group_id":215516124,"type":"lead_forms_new","event_id":"22317aa1a6ed7746a917622ec5e5f71e099052a5","v":"5.199","object":{"lead_id":4328387,"group_id":215516124,"user_id":302761710,"form_id":2,"form_name":"Форма для постов Ростов","answers":[{"key":"first_name","question":"Имя","answer":"Владимир тест1"},{"key":"phone_number","question":"Номер телефона","answer":"+77777777701"}]},"secret":"98n9879798m"}
POST: Array
(
)

Quiz/Комментарии: Array
(
)

Собранные комментарии (для лога): 
First_name: Владимир тест1
Phone_number: +77777777701
Form_name: Форма для постов Ростов
Form_id: 2
Group_id: 215516124
Answers: {&quot;first_name&quot;:&quot;Владимир тест1&quot;,&quot;phone_number&quot;:&quot;+77777777701&quot;}

Отправка комментариев в Bitrix: ДА
Поля для Bitrix: Array
(
    [NAME] => Владимир тест1
    [PHONE] => Array
        (
            [0] => Array
                (
                    [VALUE] => +77777777701
                    [VALUE_TYPE] => MOBILE
                )

        )

    [TITLE] => Заявка из ВКонтакте (Lead Forms)
    [ASSIGNED_BY_ID] => 1
    [OPENED] => Y
    [STATUS_ID] => NEW
    [SOURCE_ID] => 922
    [COMMENTS] => <b>First_name:</b> Владимир тест1<br><b>Phone_number:</b> +77777777701<br><b>Form_name:</b> Форма для постов Ростов<br><b>Form_id:</b> 2<br><b>Group_id:</b> 215516124<br><b>Answers:</b> {&quot;first_name&quot;:&quot;Владимир тест1&quot;,&quot;phone_number&quot;:&quot;+77777777701&quot;}<br>
)

Bitrix Response: {"result":656131,"time":{"start":1772112142,"finish":1772112144.903883,"duration":2.9038829803466797,"processing":2,"date_start":"2026-02-26T16:22:22+03:00","date_finish":"2026-02-26T16:22:24+03:00","operating_reset_at":1772112742,"operating":10.741477966308594}}
Статус: Успешно (Lead ID: 656131)
--------------------------------------------------

