Время: 24.02.2026 12:19:23
Сервис: Микс
From: Заявка из Микс
Клиент: Array
(
    [name] => тест mid
    [phone] => 79883334114
    [email] => 
)

Город: не определён (ID: не найден)
RAW Input: {"Comments":"Регион - Пензенская обл. Сумма долга - 300000.00","name":" тест mid ","phone":"79883334114"}
POST: Array
(
)

Quiz/Комментарии: Array
(
)

Собранные комментарии (для лога): 
Comments: Регион - Пензенская обл. Сумма долга - 300000.00

Отправка комментариев в Bitrix: ДА
Поля для Bitrix: Array
(
    [NAME] => тест mid
    [PHONE] => Array
        (
            [0] => Array
                (
                    [VALUE] => 79883334114
                    [VALUE_TYPE] => MOBILE
                )

        )

    [ASSIGNED_BY_ID] => 1
    [TITLE] => Новая заявка - 79883334114
    [OPENED] => Y
    [STATUS_ID] => NEW
    [SOURCE_ID] => 1090
    [COMMENTS] => <b>Comments:</b> Регион - Пензенская обл. Сумма долга - 300000.00<br>
)

Bitrix Response: {"result":654135,"time":{"start":1771924763,"finish":1771924765.712377,"duration":2.7123770713806152,"processing":2,"date_start":"2026-02-24T12:19:23+03:00","date_finish":"2026-02-24T12:19:25+03:00","operating_reset_at":1771925363,"operating":11.02203893661499}}
Статус: Успешно (Lead ID: 654135)
--------------------------------------------------

Время: 24.02.2026 12:45:19
Сервис: Микс
From: Заявка из Микс
Клиент: Array
(
    [name] => тест mid пнз
    [phone] => 79998887676
    [email] => 
)

Город: не определён (ID: не найден)
RAW Input: {"Comments":"Регион - Пензенская обл. Сумма долга - 300000.00","name":" тест mid пнз ","phone":"79998887676"}
POST: Array
(
)

Quiz/Комментарии: Array
(
)

Собранные комментарии (для лога): 
Comments: Регион - Пензенская обл. Сумма долга - 300000.00

Отправка комментариев в Bitrix: ДА
Поля для Bitrix: Array
(
    [NAME] => тест mid пнз
    [PHONE] => Array
        (
            [0] => Array
                (
                    [VALUE] => 79998887676
                    [VALUE_TYPE] => MOBILE
                )

        )

    [ASSIGNED_BY_ID] => 1
    [TITLE] => Новая заявка - 79998887676
    [OPENED] => Y
    [STATUS_ID] => NEW
    [SOURCE_ID] => 1090
    [COMMENTS] => <b>Comments:</b> Регион - Пензенская обл. Сумма долга - 300000.00<br>
)

Bitrix Response: {"result":654177,"time":{"start":1771926319,"finish":1771926322.276443,"duration":3.2764430046081543,"processing":3,"date_start":"2026-02-24T12:45:19+03:00","date_finish":"2026-02-24T12:45:22+03:00","operating_reset_at":1771926919,"operating":9.163893699645996}}
Статус: Успешно (Lead ID: 654177)
--------------------------------------------------

Время: 24.02.2026 15:33:07
Сервис: Микс
From: Заявка из Микс
Клиент: Array
(
    [name] => Нина
    [phone] => 79520713576
    [email] => 
)

Город: не определён (ID: не найден)
RAW Input: {"Comments":"Регион - Республика Мордовия Сумма долга - 300000.00","name":" Нина ","phone":"79520713576"}
POST: Array
(
)

Quiz/Комментарии: Array
(
)

Собранные комментарии (для лога): 
Comments: Регион - Республика Мордовия Сумма долга - 300000.00

Отправка комментариев в Bitrix: ДА
Поля для Bitrix: Array
(
    [NAME] => Нина
    [PHONE] => Array
        (
            [0] => Array
                (
                    [VALUE] => 79520713576
                    [VALUE_TYPE] => MOBILE
                )

        )

    [ASSIGNED_BY_ID] => 1
    [TITLE] => Новая заявка - 79520713576
    [OPENED] => Y
    [STATUS_ID] => NEW
    [SOURCE_ID] => 1090
    [COMMENTS] => <b>Comments:</b> Регион - Республика Мордовия Сумма долга - 300000.00<br>
)

Bitrix Response: {"result":654361,"time":{"start":1771936387,"finish":1771936390.174109,"duration":3.1741089820861816,"processing":3,"date_start":"2026-02-24T15:33:07+03:00","date_finish":"2026-02-24T15:33:10+03:00","operating_reset_at":1771936987,"operating":8.540975093841553}}
Статус: Успешно (Lead ID: 654361)
--------------------------------------------------

Время: 26.02.2026 11:51:49
Сервис: Микс
From: Заявка из Микс
Клиент: Array
(
    [name] => Уточнить
    [phone] => 79170080926
    [email] => 
)

Город: не определён (ID: не найден)
RAW Input: {"Comments":"Регион - Республика Мордовия Сумма долга - 300000.00","name":" Уточнить ","phone":"79170080926"}
POST: Array
(
)

Quiz/Комментарии: Array
(
)

Собранные комментарии (для лога): 
Comments: Регион - Республика Мордовия Сумма долга - 300000.00

Отправка комментариев в Bitrix: ДА
Поля для Bitrix: Array
(
    [NAME] => Уточнить
    [PHONE] => Array
        (
            [0] => Array
                (
                    [VALUE] => 79170080926
                    [VALUE_TYPE] => MOBILE
                )

        )

    [ASSIGNED_BY_ID] => 1
    [TITLE] => Новая заявка - 79170080926
    [OPENED] => Y
    [STATUS_ID] => NEW
    [SOURCE_ID] => 1090
    [COMMENTS] => <b>Comments:</b> Регион - Республика Мордовия Сумма долга - 300000.00<br>
)

Bitrix Response: {"result":655769,"time":{"start":1772095909,"finish":1772095911.776813,"duration":2.77681303024292,"processing":2,"date_start":"2026-02-26T11:51:49+03:00","date_finish":"2026-02-26T11:51:51+03:00","operating_reset_at":1772096509,"operating":11.489780902862549}}
Статус: Успешно (Lead ID: 655769)
--------------------------------------------------

