Время: 20.02.2026 11:37:39
Сервис: ЯД+Робот
From: Заявка из ЯД+Робот
Клиент: Array
(
    [name] => Евгений
    [phone] => 79805994906
    [email] => 
)

Город: не определён (ID: не найден)
RAW Input: {"Comments":"Тульская обл. 300000.00","name":" Евгений ","phone":"79805994906"}
POST: Array
(
)

Quiz/Комментарии: Array
(
)

Собранные комментарии (для лога): 
Comments: Тульская обл. 300000.00

Отправка комментариев в Bitrix: ДА
Поля для Bitrix: Array
(
    [NAME] => Евгений
    [PHONE] => Array
        (
            [0] => Array
                (
                    [VALUE] => 79805994906
                    [VALUE_TYPE] => MOBILE
                )

        )

    [ASSIGNED_BY_ID] => 1
    [TITLE] => Новая заявка - 79805994906
    [OPENED] => Y
    [STATUS_ID] => NEW
    [SOURCE_ID] => 815
    [COMMENTS] => <b>Comments:</b> Тульская обл. 300000.00<br>
)

Bitrix Response: {"result":652697,"time":{"start":1771576659,"finish":1771576661.586032,"duration":2.586031913757324,"processing":2,"date_start":"2026-02-20T11:37:39+03:00","date_finish":"2026-02-20T11:37:41+03:00","operating_reset_at":1771577259,"operating":7.608242988586426}}
Статус: Успешно (Lead ID: 652697)
--------------------------------------------------

Время: 20.02.2026 12:11:36
Сервис: ЯД+Робот
From: Заявка из ЯД+Робот
Клиент: Array
(
    [name] => Уточнить
    [phone] => 79534255053
    [email] => 
)

Город: не определён (ID: не найден)
RAW Input: {"Comments":"Тульская обл. 300000.00","name":" Уточнить ","phone":"79534255053"}
POST: Array
(
)

Quiz/Комментарии: Array
(
)

Собранные комментарии (для лога): 
Comments: Тульская обл. 300000.00

Отправка комментариев в Bitrix: ДА
Поля для Bitrix: Array
(
    [NAME] => Уточнить
    [PHONE] => Array
        (
            [0] => Array
                (
                    [VALUE] => 79534255053
                    [VALUE_TYPE] => MOBILE
                )

        )

    [ASSIGNED_BY_ID] => 1
    [TITLE] => Новая заявка - 79534255053
    [OPENED] => Y
    [STATUS_ID] => NEW
    [SOURCE_ID] => 815
    [COMMENTS] => <b>Comments:</b> Тульская обл. 300000.00<br>
)

Bitrix Response: {"result":652749,"time":{"start":1771578696,"finish":1771578699.563797,"duration":3.5637969970703125,"processing":2,"date_start":"2026-02-20T12:11:36+03:00","date_finish":"2026-02-20T12:11:39+03:00","operating_reset_at":1771579297,"operating":7.328050136566162}}
Статус: Успешно (Lead ID: 652749)
--------------------------------------------------

Время: 20.02.2026 12:36:21
Сервис: ЯД+Робот
From: Заявка из ЯД+Робот
Клиент: Array
(
    [name] => Сергей
    [phone] => 79586638962
    [email] => 
)

Город: не определён (ID: не найден)
RAW Input: {"Comments":"Тульская обл. 4500000.00","name":" Сергей ","phone":"79586638962"}
POST: Array
(
)

Quiz/Комментарии: Array
(
)

Собранные комментарии (для лога): 
Comments: Тульская обл. 4500000.00

Отправка комментариев в Bitrix: ДА
Поля для Bitrix: Array
(
    [NAME] => Сергей
    [PHONE] => Array
        (
            [0] => Array
                (
                    [VALUE] => 79586638962
                    [VALUE_TYPE] => MOBILE
                )

        )

    [ASSIGNED_BY_ID] => 1
    [TITLE] => Новая заявка - 79586638962
    [OPENED] => Y
    [STATUS_ID] => NEW
    [SOURCE_ID] => 815
    [COMMENTS] => <b>Comments:</b> Тульская обл. 4500000.00<br>
)

Bitrix Response: {"result":652817,"time":{"start":1771580181,"finish":1771580183.481504,"duration":2.481503963470459,"processing":2,"date_start":"2026-02-20T12:36:21+03:00","date_finish":"2026-02-20T12:36:23+03:00","operating_reset_at":1771580781,"operating":23.925899028778076}}
Статус: Успешно (Lead ID: 652817)
--------------------------------------------------

Время: 24.02.2026 12:23:22
Сервис: ЯД+Робот
From: Заявка из ЯД+Робот
Клиент: Array
(
    [name] => Елена
    [phone] => 79092622033
    [email] => 
)

Город: не определён (ID: не найден)
RAW Input: {"Comments":"Тульская обл. 300000.00","name":" Елена ","phone":"79092622033"}
POST: Array
(
)

Quiz/Комментарии: Array
(
)

Собранные комментарии (для лога): 
Comments: Тульская обл. 300000.00

Отправка комментариев в Bitrix: ДА
Поля для Bitrix: Array
(
    [NAME] => Елена
    [PHONE] => Array
        (
            [0] => Array
                (
                    [VALUE] => 79092622033
                    [VALUE_TYPE] => MOBILE
                )

        )

    [ASSIGNED_BY_ID] => 1
    [TITLE] => Новая заявка - 79092622033
    [OPENED] => Y
    [STATUS_ID] => NEW
    [SOURCE_ID] => 815
    [COMMENTS] => <b>Comments:</b> Тульская обл. 300000.00<br>
)

Bitrix Response: {"result":654141,"time":{"start":1771925002,"finish":1771925005.027119,"duration":3.0271189212799072,"processing":3,"date_start":"2026-02-24T12:23:22+03:00","date_finish":"2026-02-24T12:23:25+03:00","operating_reset_at":1771925602,"operating":9.083320379257202}}
Статус: Успешно (Lead ID: 654141)
--------------------------------------------------

Время: 25.02.2026 15:01:57
Сервис: ЯД+Робот
From: Заявка из ЯД+Робот
Клиент: Array
(
    [name] => Уточнить
    [phone] => 79065349322
    [email] => 
)

Город: не определён (ID: не найден)
RAW Input: {"Comments":"Тульская обл. 300000.00","name":" Уточнить ","phone":"79065349322"}
POST: Array
(
)

Quiz/Комментарии: Array
(
)

Собранные комментарии (для лога): 
Comments: Тульская обл. 300000.00

Отправка комментариев в Bitrix: ДА
Поля для Bitrix: Array
(
    [NAME] => Уточнить
    [PHONE] => Array
        (
            [0] => Array
                (
                    [VALUE] => 79065349322
                    [VALUE_TYPE] => MOBILE
                )

        )

    [ASSIGNED_BY_ID] => 1
    [TITLE] => Новая заявка - 79065349322
    [OPENED] => Y
    [STATUS_ID] => NEW
    [SOURCE_ID] => 815
    [COMMENTS] => <b>Comments:</b> Тульская обл. 300000.00<br>
)

Bitrix Response: {"result":655159,"time":{"start":1772020917,"finish":1772020919.684616,"duration":2.6846160888671875,"processing":2,"date_start":"2026-02-25T15:01:57+03:00","date_finish":"2026-02-25T15:01:59+03:00","operating_reset_at":1772021517,"operating":6.347915887832642}}
Статус: Успешно (Lead ID: 655159)
--------------------------------------------------

Время: 25.02.2026 15:17:28
Сервис: ЯД+Робот
From: Заявка из ЯД+Робот
Клиент: Array
(
    [name] => Василий
    [phone] => 79539736832
    [email] => 
)

Город: не определён (ID: не найден)
RAW Input: {"Comments":"Тульская обл. 300000.00","name":" Василий ","phone":"79539736832"}
POST: Array
(
)

Quiz/Комментарии: Array
(
)

Собранные комментарии (для лога): 
Comments: Тульская обл. 300000.00

Отправка комментариев в Bitrix: ДА
Поля для Bitrix: Array
(
    [NAME] => Василий
    [PHONE] => Array
        (
            [0] => Array
                (
                    [VALUE] => 79539736832
                    [VALUE_TYPE] => MOBILE
                )

        )

    [ASSIGNED_BY_ID] => 1
    [TITLE] => Новая заявка - 79539736832
    [OPENED] => Y
    [STATUS_ID] => NEW
    [SOURCE_ID] => 815
    [COMMENTS] => <b>Comments:</b> Тульская обл. 300000.00<br>
)

Bitrix Response: {"result":655199,"time":{"start":1772021848,"finish":1772021850.689215,"duration":2.6892149448394775,"processing":2,"date_start":"2026-02-25T15:17:28+03:00","date_finish":"2026-02-25T15:17:30+03:00","operating_reset_at":1772022448,"operating":13.44042444229126}}
Статус: Успешно (Lead ID: 655199)
--------------------------------------------------

Время: 25.02.2026 15:26:02
Сервис: ЯД+Робот
From: Заявка из ЯД+Робот
Клиент: Array
(
    [name] => Уточнить
    [phone] => 79997958874
    [email] => 
)

Город: не определён (ID: не найден)
RAW Input: {"Comments":"Тульская обл. 300000.00","name":" Уточнить ","phone":"79997958874"}
POST: Array
(
)

Quiz/Комментарии: Array
(
)

Собранные комментарии (для лога): 
Comments: Тульская обл. 300000.00

Отправка комментариев в Bitrix: ДА
Поля для Bitrix: Array
(
    [NAME] => Уточнить
    [PHONE] => Array
        (
            [0] => Array
                (
                    [VALUE] => 79997958874
                    [VALUE_TYPE] => MOBILE
                )

        )

    [ASSIGNED_BY_ID] => 1
    [TITLE] => Новая заявка - 79997958874
    [OPENED] => Y
    [STATUS_ID] => NEW
    [SOURCE_ID] => 815
    [COMMENTS] => <b>Comments:</b> Тульская обл. 300000.00<br>
)

Bitrix Response: {"result":655211,"time":{"start":1772022362,"finish":1772022365.22622,"duration":3.226219892501831,"processing":3,"date_start":"2026-02-25T15:26:02+03:00","date_finish":"2026-02-25T15:26:05+03:00","operating_reset_at":1772022962,"operating":8.984055280685425}}
Статус: Успешно (Lead ID: 655211)
--------------------------------------------------

Время: 25.02.2026 15:34:35
Сервис: ЯД+Робот
From: Заявка из ЯД+Робот
Клиент: Array
(
    [name] => Елена
    [phone] => 79330321893
    [email] => 
)

Город: не определён (ID: не найден)
RAW Input: {"Comments":"Тульская обл. 300000.00","name":" Елена ","phone":"79330321893"}
POST: Array
(
)

Quiz/Комментарии: Array
(
)

Собранные комментарии (для лога): 
Comments: Тульская обл. 300000.00

Отправка комментариев в Bitrix: ДА
Поля для Bitrix: Array
(
    [NAME] => Елена
    [PHONE] => Array
        (
            [0] => Array
                (
                    [VALUE] => 79330321893
                    [VALUE_TYPE] => MOBILE
                )

        )

    [ASSIGNED_BY_ID] => 1
    [TITLE] => Новая заявка - 79330321893
    [OPENED] => Y
    [STATUS_ID] => NEW
    [SOURCE_ID] => 815
    [COMMENTS] => <b>Comments:</b> Тульская обл. 300000.00<br>
)

Bitrix Response: {"result":655217,"time":{"start":1772022875,"finish":1772022877.928964,"duration":2.9289638996124268,"processing":2,"date_start":"2026-02-25T15:34:35+03:00","date_finish":"2026-02-25T15:34:37+03:00","operating_reset_at":1772023475,"operating":10.458760976791382}}
Статус: Успешно (Lead ID: 655217)
--------------------------------------------------

Время: 25.02.2026 15:43:12
Сервис: ЯД+Робот
From: Заявка из ЯД+Робот
Клиент: Array
(
    [name] => Светлана
    [phone] => 79606180333
    [email] => 
)

Город: не определён (ID: не найден)
RAW Input: {"Comments":"Тульская обл. 300000.00","name":" Светлана ","phone":"79606180333"}
POST: Array
(
)

Quiz/Комментарии: Array
(
)

Собранные комментарии (для лога): 
Comments: Тульская обл. 300000.00

Отправка комментариев в Bitrix: ДА
Поля для Bitrix: Array
(
    [NAME] => Светлана
    [PHONE] => Array
        (
            [0] => Array
                (
                    [VALUE] => 79606180333
                    [VALUE_TYPE] => MOBILE
                )

        )

    [ASSIGNED_BY_ID] => 1
    [TITLE] => Новая заявка - 79606180333
    [OPENED] => Y
    [STATUS_ID] => NEW
    [SOURCE_ID] => 815
    [COMMENTS] => <b>Comments:</b> Тульская обл. 300000.00<br>
)

Bitrix Response: {"result":655231,"time":{"start":1772023392,"finish":1772023394.475823,"duration":2.475822925567627,"processing":2,"date_start":"2026-02-25T15:43:12+03:00","date_finish":"2026-02-25T15:43:14+03:00","operating_reset_at":1772023992,"operating":12.468049764633179}}
Статус: Успешно (Lead ID: 655231)
--------------------------------------------------

Время: 26.02.2026 14:53:06
Сервис: ЯД+Робот
From: Заявка из ЯД+Робот
Клиент: Array
(
    [name] => Габидова Самира
    [phone] => 79606036871
    [email] => 
)

Город: не определён (ID: не найден)
RAW Input: {"Comments":"Тульская обл. 300000.00","name":"Габидова Самира ","phone":"79606036871"}
POST: Array
(
)

Quiz/Комментарии: Array
(
)

Собранные комментарии (для лога): 
Comments: Тульская обл. 300000.00

Отправка комментариев в Bitrix: ДА
Поля для Bitrix: Array
(
    [NAME] => Габидова Самира
    [PHONE] => Array
        (
            [0] => Array
                (
                    [VALUE] => 79606036871
                    [VALUE_TYPE] => MOBILE
                )

        )

    [ASSIGNED_BY_ID] => 1
    [TITLE] => Новая заявка - 79606036871
    [OPENED] => Y
    [STATUS_ID] => NEW
    [SOURCE_ID] => 815
    [COMMENTS] => <b>Comments:</b> Тульская обл. 300000.00<br>
)

Bitrix Response: {"result":656007,"time":{"start":1772106786,"finish":1772106788.367158,"duration":2.3671579360961914,"processing":2,"date_start":"2026-02-26T14:53:06+03:00","date_finish":"2026-02-26T14:53:08+03:00","operating_reset_at":1772107386,"operating":15.642310619354248}}
Статус: Успешно (Lead ID: 656007)
--------------------------------------------------

Время: 26.02.2026 15:18:20
Сервис: ЯД+Робот
From: Заявка из ЯД+Робот
Клиент: Array
(
    [name] => Максим
    [phone] => 79509279665
    [email] => 
)

Город: не определён (ID: не найден)
RAW Input: {"Comments":"Тульская обл. 300000.00","name":" Максим ","phone":"79509279665"}
POST: Array
(
)

Quiz/Комментарии: Array
(
)

Собранные комментарии (для лога): 
Comments: Тульская обл. 300000.00

Отправка комментариев в Bitrix: ДА
Поля для Bitrix: Array
(
    [NAME] => Максим
    [PHONE] => Array
        (
            [0] => Array
                (
                    [VALUE] => 79509279665
                    [VALUE_TYPE] => MOBILE
                )

        )

    [ASSIGNED_BY_ID] => 1
    [TITLE] => Новая заявка - 79509279665
    [OPENED] => Y
    [STATUS_ID] => NEW
    [SOURCE_ID] => 815
    [COMMENTS] => <b>Comments:</b> Тульская обл. 300000.00<br>
)

Bitrix Response: {"result":656045,"time":{"start":1772108300,"finish":1772108303.056031,"duration":3.0560309886932373,"processing":3,"date_start":"2026-02-26T15:18:20+03:00","date_finish":"2026-02-26T15:18:23+03:00","operating_reset_at":1772108900,"operating":24.700698375701904}}
Статус: Успешно (Lead ID: 656045)
--------------------------------------------------

Время: 26.02.2026 15:27:09
Сервис: ЯД+Робот
From: Заявка из ЯД+Робот
Клиент: Array
(
    [name] => Елена
    [phone] => 79539662203
    [email] => 
)

Город: не определён (ID: не найден)
RAW Input: {"Comments":"Тульская обл. 300000.00","name":" Елена ","phone":"79539662203"}
POST: Array
(
)

Quiz/Комментарии: Array
(
)

Собранные комментарии (для лога): 
Comments: Тульская обл. 300000.00

Отправка комментариев в Bitrix: ДА
Поля для Bitrix: Array
(
    [NAME] => Елена
    [PHONE] => Array
        (
            [0] => Array
                (
                    [VALUE] => 79539662203
                    [VALUE_TYPE] => MOBILE
                )

        )

    [ASSIGNED_BY_ID] => 1
    [TITLE] => Новая заявка - 79539662203
    [OPENED] => Y
    [STATUS_ID] => NEW
    [SOURCE_ID] => 815
    [COMMENTS] => <b>Comments:</b> Тульская обл. 300000.00<br>
)

Bitrix Response: {"result":656059,"time":{"start":1772108829,"finish":1772108831.67716,"duration":2.6771600246429443,"processing":2,"date_start":"2026-02-26T15:27:09+03:00","date_finish":"2026-02-26T15:27:11+03:00","operating_reset_at":1772109429,"operating":6.969370126724243}}
Статус: Успешно (Lead ID: 656059)
--------------------------------------------------

Время: 26.02.2026 15:35:25
Сервис: ЯД+Робот
From: Заявка из ЯД+Робот
Клиент: Array
(
    [name] => Александр
    [phone] => 79964326907
    [email] => 
)

Город: не определён (ID: не найден)
RAW Input: {"Comments":"Тульская обл. 300000.00","name":" Александр ","phone":"79964326907"}
POST: Array
(
)

Quiz/Комментарии: Array
(
)

Собранные комментарии (для лога): 
Comments: Тульская обл. 300000.00

Отправка комментариев в Bitrix: ДА
Поля для Bitrix: Array
(
    [NAME] => Александр
    [PHONE] => Array
        (
            [0] => Array
                (
                    [VALUE] => 79964326907
                    [VALUE_TYPE] => MOBILE
                )

        )

    [ASSIGNED_BY_ID] => 1
    [TITLE] => Новая заявка - 79964326907
    [OPENED] => Y
    [STATUS_ID] => NEW
    [SOURCE_ID] => 815
    [COMMENTS] => <b>Comments:</b> Тульская обл. 300000.00<br>
)

Bitrix Response: {"result":656067,"time":{"start":1772109325,"finish":1772109327.472954,"duration":2.472954034805298,"processing":2,"date_start":"2026-02-26T15:35:25+03:00","date_finish":"2026-02-26T15:35:27+03:00","operating_reset_at":1772109925,"operating":4.405130863189697}}
Статус: Успешно (Lead ID: 656067)
--------------------------------------------------

