Время: 24.02.2026 13:50:11
Сервис: Creatium
From: Заявка из Creatium
Клиент: Array
(
    [name] => Клиент
    [phone] => +79065363565
    [email] => 
)

Город: Тульская Область (ID: не найден)
RAW Input: {"name":"Клиент","phone":"+79065363565","Comments":"Страница: Тульская (ЦФР, ок19) ИП Шкляев - Я.Директ\nURL: https:\/\/dolgi-net24.online\/Tula_bez_dolgov\n\nКакие долги?- ЖКХ ; Просрочки?- Нет; Сумма долга- Менее 250 000р\n\nЕсть имущество, которое нужно сохранить?: Нет\nКакие у вас долги?: ЖКХ \nВаша сумма задолженности? (Автоматом можно списать, если сумма более 250 т.р): Менее 250 000р\nutm_medium: cpc\nutm_campaign: 707216787\nutm_content: 17601007741\nutm_term: как списать налоги\n\nГеолокация: Россия, Тульская Область, Щекино\nIP: 95.26.32.61","Gorod":"Тульская Область","utm_source":"yandex","utm_medium":"cpc","utm_campaign":"707216787","utm_content":"17601007741","utm_term":"как списать налоги"}
POST: Array
(
)

Quiz/Комментарии: Array
(
)

Собранные комментарии (для лога): 
Comments: Страница: Тульская (ЦФР, ок19) ИП Шкляев - Я.Директ
URL: https://dolgi-net24.online/Tula_bez_dolgov

Какие долги?- ЖКХ ; Просрочки?- Нет; Сумма долга- Менее 250 000р

Есть имущество, которое нужно сохранить?: Нет
Какие у вас долги?: ЖКХ 
Ваша сумма задолженности? (Автоматом можно списать, если сумма более 250 т.р): Менее 250 000р
utm_medium: cpc
utm_campaign: 707216787
utm_content: 17601007741
utm_term: как списать налоги

Геолокация: Россия, Тульская Область, Щекино
IP: 95.26.32.61
Город: Тульская Область

Отправка комментариев в Bitrix: ДА
Поля для Bitrix: Array
(
    [UTM_SOURCE] => yandex
    [UTM_MEDIUM] => cpc
    [UTM_CAMPAIGN] => 707216787
    [UTM_CONTENT] => 17601007741
    [UTM_TERM] => как списать налоги
    [NAME] => Клиент
    [PHONE] => Array
        (
            [0] => Array
                (
                    [VALUE] => +79065363565
                    [VALUE_TYPE] => MOBILE
                )

        )

    [ASSIGNED_BY_ID] => 1
    [TITLE] => Новая заявка - +79065363565
    [OPENED] => Y
    [STATUS_ID] => NEW
    [SOURCE_ID] => 1107
    [COMMENTS] => <b>Comments:</b> Страница: Тульская (ЦФР, ок19) ИП Шкляев - Я.Директ
URL: https://dolgi-net24.online/Tula_bez_dolgov

Какие долги?- ЖКХ ; Просрочки?- Нет; Сумма долга- Менее 250 000р

Есть имущество, которое нужно сохранить?: Нет
Какие у вас долги?: ЖКХ 
Ваша сумма задолженности? (Автоматом можно списать, если сумма более 250 т.р): Менее 250 000р
utm_medium: cpc
utm_campaign: 707216787
utm_content: 17601007741
utm_term: как списать налоги

Геолокация: Россия, Тульская Область, Щекино
IP: 95.26.32.61<br><b>Город:</b> Тульская Область<br>
)

Bitrix Response: {"result":654263,"time":{"start":1771930211,"finish":1771930214.021073,"duration":3.02107310295105,"processing":3,"date_start":"2026-02-24T13:50:11+03:00","date_finish":"2026-02-24T13:50:14+03:00","operating_reset_at":1771930811,"operating":8.619783878326416}}
Статус: Успешно (Lead ID: 654263)
--------------------------------------------------

Время: 25.02.2026 00:30:44
Сервис: Creatium
From: Заявка из Creatium
Клиент: Array
(
    [name] => Клиент
    [phone] => +79539502814
    [email] => 
)

Город: Северная Голландия (ID: не найден)
RAW Input: {"name":"Клиент","phone":"+79539502814","Comments":"Страница: Тульская (ЦФР, ок19) ИП Шкляев - Я.Директ\nURL: https:\/\/dolgi-net24.online\/Tula_bez_dolgov\n\nКакие долги?- Займ; Просрочки?- Нет; Сумма долга- Менее 250 000р\n\nЕсть имущество, которое нужно сохранить?: Нет\nКакие у вас долги?: Займ\nВаша сумма задолженности? (Автоматом можно списать, если сумма более 250 т.р): Менее 250 000р\nutm_medium: cpc\nutm_campaign: 707216787\nutm_content: 17601008522\nutm_term: как списать долги по кредитам\n\nГеолокация: Нидерланды, Северная Голландия, Амстердам\nIP: 86.54.29.218","Gorod":"Северная Голландия","utm_source":"yandex","utm_medium":"cpc","utm_campaign":"707216787","utm_content":"17601008522","utm
POST: Array
(
)

Quiz/Комментарии: Array
(
)

Собранные комментарии (для лога): 
Comments: Страница: Тульская (ЦФР, ок19) ИП Шкляев - Я.Директ
URL: https://dolgi-net24.online/Tula_bez_dolgov

Какие долги?- Займ; Просрочки?- Нет; Сумма долга- Менее 250 000р

Есть имущество, которое нужно сохранить?: Нет
Какие у вас долги?: Займ
Ваша сумма задолженности? (Автоматом можно списать, если сумма более 250 т.р): Менее 250 000р
utm_medium: cpc
utm_campaign: 707216787
utm_content: 17601008522
utm_term: как списать долги по кредитам

Геолокация: Нидерланды, Северная Голландия, Амстердам
IP: 86.54.29.218
Город: Северная Голландия

Отправка комментариев в Bitrix: ДА
Поля для Bitrix: Array
(
    [UTM_SOURCE] => yandex
    [UTM_MEDIUM] => cpc
    [UTM_CAMPAIGN] => 707216787
    [UTM_CONTENT] => 17601008522
    [UTM_TERM] => как списать долги по кредитам
    [NAME] => Клиент
    [PHONE] => Array
        (
            [0] => Array
                (
                    [VALUE] => +79539502814
                    [VALUE_TYPE] => MOBILE
                )

        )

    [ASSIGNED_BY_ID] => 1
    [TITLE] => Новая заявка - +79539502814
    [OPENED] => Y
    [STATUS_ID] => NEW
    [SOURCE_ID] => 1107
    [COMMENTS] => <b>Comments:</b> Страница: Тульская (ЦФР, ок19) ИП Шкляев - Я.Директ
URL: https://dolgi-net24.online/Tula_bez_dolgov

Какие долги?- Займ; Просрочки?- Нет; Сумма долга- Менее 250 000р

Есть имущество, которое нужно сохранить?: Нет
Какие у вас долги?: Займ
Ваша сумма задолженности? (Автоматом можно списать, если сумма более 250 т.р): Менее 250 000р
utm_medium: cpc
utm_campaign: 707216787
utm_content: 17601008522
utm_term: как списать долги по кредитам

Геолокация: Нидерланды, Северная Голландия, Амстердам
IP: 86.54.29.218<br><b>Город:</b> Северная Голландия<br>
)

Bitrix Response: {"result":654681,"time":{"start":1771968645,"finish":1771968647.115822,"duration":2.1158220767974854,"processing":2,"date_start":"2026-02-25T00:30:45+03:00","date_finish":"2026-02-25T00:30:47+03:00","operating_reset_at":1771969245,"operating":2.0571811199188232}}
Статус: Успешно (Lead ID: 654681)
--------------------------------------------------

Время: 25.02.2026 18:40:17
Сервис: Creatium
From: Заявка из Creatium
Клиент: Array
(
    [name] => Клиент
    [phone] => +79157810763
    [email] => 
)

Город: Москва (ID: не найден)
RAW Input: {"name":"Клиент","phone":"+79157810763","Comments":"Страница: Тульская (ЦФР, ок19) ИП Шкляев - Я.Директ\nURL: https:\/\/dolgi-net24.online\/Tula_bez_dolgov\n\nКакие долги?- Займ; Просрочки?- Нет; Сумма долга- Более 250 000р\n\nЕсть имущество, которое нужно сохранить?: Нет\nКакие у вас долги?: Займ\nВаша сумма задолженности? (Автоматом можно списать, если сумма более 250 т.р): Более 250 000р\nutm_medium: cpc\nutm_campaign: 707216787\nutm_content: 17601007091\nutm_term: Банкротство\n\nГеолокация: Россия, Москва, Москва\nIP: 213.87.146.62","Gorod":"Москва","utm_source":"yandex","utm_medium":"cpc","utm_campaign":"707216787","utm_content":"17601007091","utm_term":"Банкротство"}
POST: Array
(
)

Quiz/Комментарии: Array
(
)

Собранные комментарии (для лога): 
Comments: Страница: Тульская (ЦФР, ок19) ИП Шкляев - Я.Директ
URL: https://dolgi-net24.online/Tula_bez_dolgov

Какие долги?- Займ; Просрочки?- Нет; Сумма долга- Более 250 000р

Есть имущество, которое нужно сохранить?: Нет
Какие у вас долги?: Займ
Ваша сумма задолженности? (Автоматом можно списать, если сумма более 250 т.р): Более 250 000р
utm_medium: cpc
utm_campaign: 707216787
utm_content: 17601007091
utm_term: Банкротство

Геолокация: Россия, Москва, Москва
IP: 213.87.146.62
Город: Москва

Отправка комментариев в Bitrix: ДА
Поля для Bitrix: Array
(
    [UTM_SOURCE] => yandex
    [UTM_MEDIUM] => cpc
    [UTM_CAMPAIGN] => 707216787
    [UTM_CONTENT] => 17601007091
    [UTM_TERM] => Банкротство
    [NAME] => Клиент
    [PHONE] => Array
        (
            [0] => Array
                (
                    [VALUE] => +79157810763
                    [VALUE_TYPE] => MOBILE
                )

        )

    [ASSIGNED_BY_ID] => 1
    [TITLE] => Новая заявка - +79157810763
    [OPENED] => Y
    [STATUS_ID] => NEW
    [SOURCE_ID] => 1107
    [COMMENTS] => <b>Comments:</b> Страница: Тульская (ЦФР, ок19) ИП Шкляев - Я.Директ
URL: https://dolgi-net24.online/Tula_bez_dolgov

Какие долги?- Займ; Просрочки?- Нет; Сумма долга- Более 250 000р

Есть имущество, которое нужно сохранить?: Нет
Какие у вас долги?: Займ
Ваша сумма задолженности? (Автоматом можно списать, если сумма более 250 т.р): Более 250 000р
utm_medium: cpc
utm_campaign: 707216787
utm_content: 17601007091
utm_term: Банкротство

Геолокация: Россия, Москва, Москва
IP: 213.87.146.62<br><b>Город:</b> Москва<br>
)

Bitrix Response: {"result":655437,"time":{"start":1772034017,"finish":1772034019.543107,"duration":2.543107032775879,"processing":2,"date_start":"2026-02-25T18:40:17+03:00","date_finish":"2026-02-25T18:40:19+03:00","operating_reset_at":1772034617,"operating":5.949496507644653}}
Статус: Успешно (Lead ID: 655437)
--------------------------------------------------

