Время: 20.02.2026 16:38:01
Сервис: КЦ
From: Заявка из КЦ
Клиент: Array
(
    [name] => Лариса Николаевна
    [phone] => 79202798467
    [email] => 
)

Город: Тула (ID: не найден)
RAW Input: {"name":"Лариса Николаевна","phone":"79202798467","gorod":"Тула","Comments":"Тула (600000) мфо  жкх ,кредит ,залога и бфл  нет ,звонок 20 .2 в ближ час"}
POST: Array
(
)

Quiz/Комментарии: Array
(
)

Собранные комментарии (для лога): 
Comments: Тула (600000) мфо  жкх ,кредит ,залога и бфл  нет ,звонок 20 .2 в ближ час
Город: Тула

Отправка комментариев в Bitrix: ДА
Поля для Bitrix: Array
(
    [NAME] => Лариса Николаевна
    [PHONE] => Array
        (
            [0] => Array
                (
                    [VALUE] => 79202798467
                    [VALUE_TYPE] => MOBILE
                )

        )

    [ASSIGNED_BY_ID] => 1
    [TITLE] => Новая заявка - 79202798467
    [OPENED] => Y
    [STATUS_ID] => NEW
    [SOURCE_ID] => 1083
    [COMMENTS] => <b>Comments:</b> Тула (600000) мфо  жкх ,кредит ,залога и бфл  нет ,звонок 20 .2 в ближ час<br><b>Город:</b> Тула<br>
)

Bitrix Response: {"result":653057,"time":{"start":1771594681,"finish":1771594683.434891,"duration":2.4348909854888916,"processing":2,"date_start":"2026-02-20T16:38:01+03:00","date_finish":"2026-02-20T16:38:03+03:00","operating_reset_at":1771595281,"operating":2.191309928894043}}
Статус: Успешно (Lead ID: 653057)
--------------------------------------------------

Время: 22.02.2026 12:56:01
Сервис: КЦ
From: Заявка из КЦ
Клиент: Array
(
    [name] => Наталья
    [phone] => 79509102867
    [email] => 
)

Город: Тульская область (ID: не найден)
RAW Input: {"name":"Наталья","phone":"79509102867","gorod":"Тульская область","Comments":"Тульская область (300000) "}
POST: Array
(
)

Quiz/Комментарии: Array
(
)

Собранные комментарии (для лога): 
Comments: Тульская область (300000)
Город: Тульская область

Отправка комментариев в Bitrix: ДА
Поля для Bitrix: Array
(
    [NAME] => Наталья
    [PHONE] => Array
        (
            [0] => Array
                (
                    [VALUE] => 79509102867
                    [VALUE_TYPE] => MOBILE
                )

        )

    [ASSIGNED_BY_ID] => 1
    [TITLE] => Новая заявка - 79509102867
    [OPENED] => Y
    [STATUS_ID] => NEW
    [SOURCE_ID] => 1083
    [COMMENTS] => <b>Comments:</b> Тульская область (300000)<br><b>Город:</b> Тульская область<br>
)

Bitrix Response: {"result":653541,"time":{"start":1771754161,"finish":1771754163.304917,"duration":2.304917097091675,"processing":2,"date_start":"2026-02-22T12:56:01+03:00","date_finish":"2026-02-22T12:56:03+03:00","operating_reset_at":1771754761,"operating":1.9516150951385498}}
Статус: Успешно (Lead ID: 653541)
--------------------------------------------------

Время: 22.02.2026 12:58:00
Сервис: КЦ
From: Заявка из КЦ
Клиент: Array
(
    [name] => Мария Александровна
    [phone] => 79028464463
    [email] => 
)

Город: Тульская область (ID: не найден)
RAW Input: {"name":"Мария Александровна","phone":"79028464463","gorod":"Тульская область","Comments":"Тульская область (300000) "}
POST: Array
(
)

Quiz/Комментарии: Array
(
)

Собранные комментарии (для лога): 
Comments: Тульская область (300000)
Город: Тульская область

Отправка комментариев в Bitrix: ДА
Поля для Bitrix: Array
(
    [NAME] => Мария Александровна
    [PHONE] => Array
        (
            [0] => Array
                (
                    [VALUE] => 79028464463
                    [VALUE_TYPE] => MOBILE
                )

        )

    [ASSIGNED_BY_ID] => 1
    [TITLE] => Новая заявка - 79028464463
    [OPENED] => Y
    [STATUS_ID] => NEW
    [SOURCE_ID] => 1083
    [COMMENTS] => <b>Comments:</b> Тульская область (300000)<br><b>Город:</b> Тульская область<br>
)

Bitrix Response: {"result":653543,"time":{"start":1771754280,"finish":1771754282.493524,"duration":2.4935240745544434,"processing":2,"date_start":"2026-02-22T12:58:00+03:00","date_finish":"2026-02-22T12:58:02+03:00","operating_reset_at":1771754880,"operating":3.923258066177368}}
Статус: Успешно (Lead ID: 653543)
--------------------------------------------------

Время: 22.02.2026 12:59:00
Сервис: КЦ
From: Заявка из КЦ
Клиент: Array
(
    [name] => Игорь
    [phone] => 79997836938
    [email] => 
)

Город: Тульская область (ID: не найден)
RAW Input: {"name":"Игорь","phone":"79997836938","gorod":"Тульская область","Comments":"Тульская область (300000) "}
POST: Array
(
)

Quiz/Комментарии: Array
(
)

Собранные комментарии (для лога): 
Comments: Тульская область (300000)
Город: Тульская область

Отправка комментариев в Bitrix: ДА
Поля для Bitrix: Array
(
    [NAME] => Игорь
    [PHONE] => Array
        (
            [0] => Array
                (
                    [VALUE] => 79997836938
                    [VALUE_TYPE] => MOBILE
                )

        )

    [ASSIGNED_BY_ID] => 1
    [TITLE] => Новая заявка - 79997836938
    [OPENED] => Y
    [STATUS_ID] => NEW
    [SOURCE_ID] => 1083
    [COMMENTS] => <b>Comments:</b> Тульская область (300000)<br><b>Город:</b> Тульская область<br>
)

Bitrix Response: {"result":653545,"time":{"start":1771754340,"finish":1771754343.363702,"duration":3.3637020587921143,"processing":3,"date_start":"2026-02-22T12:59:00+03:00","date_finish":"2026-02-22T12:59:03+03:00","operating_reset_at":1771754940,"operating":6.387925148010254}}
Статус: Успешно (Lead ID: 653545)
--------------------------------------------------

Время: 23.02.2026 15:37:01
Сервис: КЦ
From: Заявка из КЦ
Клиент: Array
(
    [name] => Ксения
    [phone] => 79520168523
    [email] => 
)

Город: Тула (ID: не найден)
RAW Input: {"name":"Ксения","phone":"79520168523","gorod":"Тула","Comments":"Тула (300000) "}
POST: Array
(
)

Quiz/Комментарии: Array
(
)

Собранные комментарии (для лога): 
Comments: Тула (300000)
Город: Тула

Отправка комментариев в Bitrix: ДА
Поля для Bitrix: Array
(
    [NAME] => Ксения
    [PHONE] => Array
        (
            [0] => Array
                (
                    [VALUE] => 79520168523
                    [VALUE_TYPE] => MOBILE
                )

        )

    [ASSIGNED_BY_ID] => 1
    [TITLE] => Новая заявка - 79520168523
    [OPENED] => Y
    [STATUS_ID] => NEW
    [SOURCE_ID] => 1083
    [COMMENTS] => <b>Comments:</b> Тула (300000)<br><b>Город:</b> Тула<br>
)

Bitrix Response: {"result":653779,"time":{"start":1771850221,"finish":1771850223.402654,"duration":2.402653932571411,"processing":2,"date_start":"2026-02-23T15:37:01+03:00","date_finish":"2026-02-23T15:37:03+03:00","operating_reset_at":1771850821,"operating":3.6466128826141357}}
Статус: Успешно (Lead ID: 653779)
--------------------------------------------------

Время: 24.02.2026 11:48:00
Сервис: КЦ
From: Заявка из КЦ
Клиент: Array
(
    [name] => Александр
    [phone] => 79534217489
    [email] => 
)

Город: Тула (ID: не найден)
RAW Input: {"name":"Александр","phone":"79534217489","gorod":"Тула","Comments":"Тула (400000) жкх штрафы,залога и бфл нет ,звонок 24.2 в ближ час"}
POST: Array
(
)

Quiz/Комментарии: Array
(
)

Собранные комментарии (для лога): 
Comments: Тула (400000) жкх штрафы,залога и бфл нет ,звонок 24.2 в ближ час
Город: Тула

Отправка комментариев в Bitrix: ДА
Поля для Bitrix: Array
(
    [NAME] => Александр
    [PHONE] => Array
        (
            [0] => Array
                (
                    [VALUE] => 79534217489
                    [VALUE_TYPE] => MOBILE
                )

        )

    [ASSIGNED_BY_ID] => 1
    [TITLE] => Новая заявка - 79534217489
    [OPENED] => Y
    [STATUS_ID] => NEW
    [SOURCE_ID] => 1083
    [COMMENTS] => <b>Comments:</b> Тула (400000) жкх штрафы,залога и бфл нет ,звонок 24.2 в ближ час<br><b>Город:</b> Тула<br>
)

Bitrix Response: {"result":654081,"time":{"start":1771922880,"finish":1771922882.94379,"duration":2.9437899589538574,"processing":2,"date_start":"2026-02-24T11:48:00+03:00","date_finish":"2026-02-24T11:48:02+03:00","operating_reset_at":1771923480,"operating":6.801063060760498}}
Статус: Успешно (Lead ID: 654081)
--------------------------------------------------

Время: 24.02.2026 15:36:00
Сервис: КЦ
From: Заявка из КЦ
Клиент: Array
(
    [name] => Мария
    [phone] => 79586633580
    [email] => 
)

Город: Тульская область (ID: не найден)
RAW Input: {"name":"Мария","phone":"79586633580","gorod":"Тульская область","Comments":"Тульская область (500000) пк,мфо,залога и бфл нет,ждет звонок 24.02 в 17.00"}
POST: Array
(
)

Quiz/Комментарии: Array
(
)

Собранные комментарии (для лога): 
Comments: Тульская область (500000) пк,мфо,залога и бфл нет,ждет звонок 24.02 в 17.00
Город: Тульская область

Отправка комментариев в Bitrix: ДА
Поля для Bitrix: Array
(
    [NAME] => Мария
    [PHONE] => Array
        (
            [0] => Array
                (
                    [VALUE] => 79586633580
                    [VALUE_TYPE] => MOBILE
                )

        )

    [ASSIGNED_BY_ID] => 1
    [TITLE] => Новая заявка - 79586633580
    [OPENED] => Y
    [STATUS_ID] => NEW
    [SOURCE_ID] => 1083
    [COMMENTS] => <b>Comments:</b> Тульская область (500000) пк,мфо,залога и бфл нет,ждет звонок 24.02 в 17.00<br><b>Город:</b> Тульская область<br>
)

Bitrix Response: {"result":654365,"time":{"start":1771936560,"finish":1771936563.082935,"duration":3.082935094833374,"processing":3,"date_start":"2026-02-24T15:36:00+03:00","date_finish":"2026-02-24T15:36:03+03:00","operating_reset_at":1771937160,"operating":13.089261293411255}}
Статус: Успешно (Lead ID: 654365)
--------------------------------------------------

Время: 24.02.2026 17:22:01
Сервис: КЦ
From: Заявка из КЦ
Клиент: Array
(
    [name] => Владимир
    [phone] => 79539664732
    [email] => 
)

Город: Тульская область (ID: не найден)
RAW Input: {"name":"Владимир","phone":"79539664732","gorod":"Тульская область","Comments":"Тульская область (360000) пк.залога и бфл нет.звонок 24,02 в течение часа"}
POST: Array
(
)

Quiz/Комментарии: Array
(
)

Собранные комментарии (для лога): 
Comments: Тульская область (360000) пк.залога и бфл нет.звонок 24,02 в течение часа
Город: Тульская область

Отправка комментариев в Bitrix: ДА
Поля для Bitrix: Array
(
    [NAME] => Владимир
    [PHONE] => Array
        (
            [0] => Array
                (
                    [VALUE] => 79539664732
                    [VALUE_TYPE] => MOBILE
                )

        )

    [ASSIGNED_BY_ID] => 1
    [TITLE] => Новая заявка - 79539664732
    [OPENED] => Y
    [STATUS_ID] => NEW
    [SOURCE_ID] => 1083
    [COMMENTS] => <b>Comments:</b> Тульская область (360000) пк.залога и бфл нет.звонок 24,02 в течение часа<br><b>Город:</b> Тульская область<br>
)

Bitrix Response: {"result":654479,"time":{"start":1771942921,"finish":1771942923.816446,"duration":2.81644606590271,"processing":2,"date_start":"2026-02-24T17:22:01+03:00","date_finish":"2026-02-24T17:22:03+03:00","operating_reset_at":1771943521,"operating":2.1350879669189453}}
Статус: Успешно (Lead ID: 654479)
--------------------------------------------------

Время: 24.02.2026 17:27:01
Сервис: КЦ
From: Заявка из КЦ
Клиент: Array
(
    [name] => Зинаида
    [phone] => 79520169198
    [email] => 
)

Город: Тула (ID: не найден)
RAW Input: {"name":"Зинаида","phone":"79520169198","gorod":"Тула","Comments":"Тула (5000000) "}
POST: Array
(
)

Quiz/Комментарии: Array
(
)

Собранные комментарии (для лога): 
Comments: Тула (5000000)
Город: Тула

Отправка комментариев в Bitrix: ДА
Поля для Bitrix: Array
(
    [NAME] => Зинаида
    [PHONE] => Array
        (
            [0] => Array
                (
                    [VALUE] => 79520169198
                    [VALUE_TYPE] => MOBILE
                )

        )

    [ASSIGNED_BY_ID] => 1
    [TITLE] => Новая заявка - 79520169198
    [OPENED] => Y
    [STATUS_ID] => NEW
    [SOURCE_ID] => 1083
    [COMMENTS] => <b>Comments:</b> Тула (5000000)<br><b>Город:</b> Тула<br>
)

Bitrix Response: {"result":654505,"time":{"start":1771943221,"finish":1771943223.549773,"duration":2.5497729778289795,"processing":2,"date_start":"2026-02-24T17:27:01+03:00","date_finish":"2026-02-24T17:27:03+03:00","operating_reset_at":1771943821,"operating":26.410648345947266}}
Статус: Успешно (Lead ID: 654505)
--------------------------------------------------

Время: 24.02.2026 17:28:00
Сервис: КЦ
From: Заявка из КЦ
Клиент: Array
(
    [name] => Татьяна
    [phone] => 79027546354
    [email] => 
)

Город: Тула (ID: не найден)
RAW Input: {"name":"Татьяна","phone":"79027546354","gorod":"Тула","Comments":"Тула (300000) "}
POST: Array
(
)

Quiz/Комментарии: Array
(
)

Собранные комментарии (для лога): 
Comments: Тула (300000)
Город: Тула

Отправка комментариев в Bitrix: ДА
Поля для Bitrix: Array
(
    [NAME] => Татьяна
    [PHONE] => Array
        (
            [0] => Array
                (
                    [VALUE] => 79027546354
                    [VALUE_TYPE] => MOBILE
                )

        )

    [ASSIGNED_BY_ID] => 1
    [TITLE] => Новая заявка - 79027546354
    [OPENED] => Y
    [STATUS_ID] => NEW
    [SOURCE_ID] => 1083
    [COMMENTS] => <b>Comments:</b> Тула (300000)<br><b>Город:</b> Тула<br>
)

Bitrix Response: {"result":654507,"time":{"start":1771943280,"finish":1771943282.694456,"duration":2.694456100463867,"processing":2,"date_start":"2026-02-24T17:28:00+03:00","date_finish":"2026-02-24T17:28:02+03:00","operating_reset_at":1771943880,"operating":28.529375314712524}}
Статус: Успешно (Lead ID: 654507)
--------------------------------------------------

Время: 24.02.2026 17:30:01
Сервис: КЦ
From: Заявка из КЦ
Клиент: Array
(
    [name] => Анастасия
    [phone] => 79029079684
    [email] => 
)

Город: Тула (ID: не найден)
RAW Input: {"name":"Анастасия","phone":"79029079684","gorod":"Тула","Comments":"Тула (300000) "}
POST: Array
(
)

Quiz/Комментарии: Array
(
)

Собранные комментарии (для лога): 
Comments: Тула (300000)
Город: Тула

Отправка комментариев в Bitrix: ДА
Поля для Bitrix: Array
(
    [NAME] => Анастасия
    [PHONE] => Array
        (
            [0] => Array
                (
                    [VALUE] => 79029079684
                    [VALUE_TYPE] => MOBILE
                )

        )

    [ASSIGNED_BY_ID] => 1
    [TITLE] => Новая заявка - 79029079684
    [OPENED] => Y
    [STATUS_ID] => NEW
    [SOURCE_ID] => 1083
    [COMMENTS] => <b>Comments:</b> Тула (300000)<br><b>Город:</b> Тула<br>
)

Bitrix Response: 
Статус: Ошибка CURL: Operation timed out after 15002 milliseconds with 0 bytes received
--------------------------------------------------

Время: 24.02.2026 17:32:00
Сервис: КЦ
From: Заявка из КЦ
Клиент: Array
(
    [name] => Клавдия Николаевна
    [phone] => 79534247723
    [email] => 
)

Город: Тула (ID: не найден)
RAW Input: {"name":"Клавдия Николаевна","phone":"79534247723","gorod":"Тула","Comments":"Тула (300000) "}
POST: Array
(
)

Quiz/Комментарии: Array
(
)

Собранные комментарии (для лога): 
Comments: Тула (300000)
Город: Тула

Отправка комментариев в Bitrix: ДА
Поля для Bitrix: Array
(
    [NAME] => Клавдия Николаевна
    [PHONE] => Array
        (
            [0] => Array
                (
                    [VALUE] => 79534247723
                    [VALUE_TYPE] => MOBILE
                )

        )

    [ASSIGNED_BY_ID] => 1
    [TITLE] => Новая заявка - 79534247723
    [OPENED] => Y
    [STATUS_ID] => NEW
    [SOURCE_ID] => 1083
    [COMMENTS] => <b>Comments:</b> Тула (300000)<br><b>Город:</b> Тула<br>
)

Bitrix Response: {"result":654517,"time":{"start":1771943520,"finish":1771943522.868531,"duration":2.8685309886932373,"processing":2,"date_start":"2026-02-24T17:32:00+03:00","date_finish":"2026-02-24T17:32:02+03:00","operating_reset_at":1771944120,"operating":135.7747564315796}}
Статус: Успешно (Lead ID: 654517)
--------------------------------------------------

Время: 24.02.2026 17:33:01
Сервис: КЦ
From: Заявка из КЦ
Клиент: Array
(
    [name] => Роман Сергеевич
    [phone] => 79531942112
    [email] => 
)

Город: Тула (ID: не найден)
RAW Input: {"name":"Роман Сергеевич","phone":"79531942112","gorod":"Тула","Comments":"Тула (300000) "}
POST: Array
(
)

Quiz/Комментарии: Array
(
)

Собранные комментарии (для лога): 
Comments: Тула (300000)
Город: Тула

Отправка комментариев в Bitrix: ДА
Поля для Bitrix: Array
(
    [NAME] => Роман Сергеевич
    [PHONE] => Array
        (
            [0] => Array
                (
                    [VALUE] => 79531942112
                    [VALUE_TYPE] => MOBILE
                )

        )

    [ASSIGNED_BY_ID] => 1
    [TITLE] => Новая заявка - 79531942112
    [OPENED] => Y
    [STATUS_ID] => NEW
    [SOURCE_ID] => 1083
    [COMMENTS] => <b>Comments:</b> Тула (300000)<br><b>Город:</b> Тула<br>
)

Bitrix Response: {"result":654527,"time":{"start":1771943582,"finish":1771943585.546249,"duration":3.5462489128112793,"processing":3,"date_start":"2026-02-24T17:33:02+03:00","date_finish":"2026-02-24T17:33:05+03:00","operating_reset_at":1771944182,"operating":139.23585629463196}}
Статус: Успешно (Lead ID: 654527)
--------------------------------------------------

Время: 24.02.2026 17:35:00
Сервис: КЦ
From: Заявка из КЦ
Клиент: Array
(
    [name] => Адолат
    [phone] => 79539621404
    [email] => 
)

Город: Тула (ID: не найден)
RAW Input: {"name":"Адолат","phone":"79539621404","gorod":"Тула","Comments":"Тула (300000) "}
POST: Array
(
)

Quiz/Комментарии: Array
(
)

Собранные комментарии (для лога): 
Comments: Тула (300000)
Город: Тула

Отправка комментариев в Bitrix: ДА
Поля для Bitrix: Array
(
    [NAME] => Адолат
    [PHONE] => Array
        (
            [0] => Array
                (
                    [VALUE] => 79539621404
                    [VALUE_TYPE] => MOBILE
                )

        )

    [ASSIGNED_BY_ID] => 1
    [TITLE] => Новая заявка - 79539621404
    [OPENED] => Y
    [STATUS_ID] => NEW
    [SOURCE_ID] => 1083
    [COMMENTS] => <b>Comments:</b> Тула (300000)<br><b>Город:</b> Тула<br>
)

Bitrix Response: {"result":654529,"time":{"start":1771943700,"finish":1771943702.63329,"duration":2.6332900524139404,"processing":2,"date_start":"2026-02-24T17:35:00+03:00","date_finish":"2026-02-24T17:35:02+03:00","operating_reset_at":1771944300,"operating":186.78446459770203}}
Статус: Успешно (Lead ID: 654529)
--------------------------------------------------

Время: 24.02.2026 17:37:00
Сервис: КЦ
From: Заявка из КЦ
Клиент: Array
(
    [name] => Маруся
    [phone] => 79531831751
    [email] => 
)

Город: Тула (ID: не найден)
RAW Input: {"name":"Маруся","phone":"79531831751","gorod":"Тула","Comments":"Тула (300000) "}
POST: Array
(
)

Quiz/Комментарии: Array
(
)

Собранные комментарии (для лога): 
Comments: Тула (300000)
Город: Тула

Отправка комментариев в Bitrix: ДА
Поля для Bitrix: Array
(
    [NAME] => Маруся
    [PHONE] => Array
        (
            [0] => Array
                (
                    [VALUE] => 79531831751
                    [VALUE_TYPE] => MOBILE
                )

        )

    [ASSIGNED_BY_ID] => 1
    [TITLE] => Новая заявка - 79531831751
    [OPENED] => Y
    [STATUS_ID] => NEW
    [SOURCE_ID] => 1083
    [COMMENTS] => <b>Comments:</b> Тула (300000)<br><b>Город:</b> Тула<br>
)

Bitrix Response: {"result":654535,"time":{"start":1771943820,"finish":1771943822.738727,"duration":2.73872709274292,"processing":2,"date_start":"2026-02-24T17:37:00+03:00","date_finish":"2026-02-24T17:37:02+03:00","operating_reset_at":1771944420,"operating":172.45640063285828}}
Статус: Успешно (Lead ID: 654535)
--------------------------------------------------

Время: 24.02.2026 17:38:00
Сервис: КЦ
From: Заявка из КЦ
Клиент: Array
(
    [name] => Руслан Валентинович
    [phone] => 79029011954
    [email] => 
)

Город: Тула (ID: не найден)
RAW Input: {"name":"Руслан Валентинович","phone":"79029011954","gorod":"Тула","Comments":"Тула (300000) "}
POST: Array
(
)

Quiz/Комментарии: Array
(
)

Собранные комментарии (для лога): 
Comments: Тула (300000)
Город: Тула

Отправка комментариев в Bitrix: ДА
Поля для Bitrix: Array
(
    [NAME] => Руслан Валентинович
    [PHONE] => Array
        (
            [0] => Array
                (
                    [VALUE] => 79029011954
                    [VALUE_TYPE] => MOBILE
                )

        )

    [ASSIGNED_BY_ID] => 1
    [TITLE] => Новая заявка - 79029011954
    [OPENED] => Y
    [STATUS_ID] => NEW
    [SOURCE_ID] => 1083
    [COMMENTS] => <b>Comments:</b> Тула (300000)<br><b>Город:</b> Тула<br>
)

Bitrix Response: {"result":654537,"time":{"start":1771943880,"finish":1771943882.96518,"duration":2.965179920196533,"processing":2,"date_start":"2026-02-24T17:38:00+03:00","date_finish":"2026-02-24T17:38:02+03:00","operating_reset_at":1771944480,"operating":170.6327874660492}}
Статус: Успешно (Lead ID: 654537)
--------------------------------------------------

Время: 24.02.2026 17:41:01
Сервис: КЦ
From: Заявка из КЦ
Клиент: Array
(
    [name] => Виктория
    [phone] => 79534220221
    [email] => 
)

Город: Тула (ID: не найден)
RAW Input: {"name":"Виктория","phone":"79534220221","gorod":"Тула","Comments":"Тула (300000) "}
POST: Array
(
)

Quiz/Комментарии: Array
(
)

Собранные комментарии (для лога): 
Comments: Тула (300000)
Город: Тула

Отправка комментариев в Bitrix: ДА
Поля для Bitrix: Array
(
    [NAME] => Виктория
    [PHONE] => Array
        (
            [0] => Array
                (
                    [VALUE] => 79534220221
                    [VALUE_TYPE] => MOBILE
                )

        )

    [ASSIGNED_BY_ID] => 1
    [TITLE] => Новая заявка - 79534220221
    [OPENED] => Y
    [STATUS_ID] => NEW
    [SOURCE_ID] => 1083
    [COMMENTS] => <b>Comments:</b> Тула (300000)<br><b>Город:</b> Тула<br>
)

Bitrix Response: {"result":654541,"time":{"start":1771944061,"finish":1771944063.302507,"duration":2.302506923675537,"processing":2,"date_start":"2026-02-24T17:41:01+03:00","date_finish":"2026-02-24T17:41:03+03:00","operating_reset_at":1771944661,"operating":67.39804530143738}}
Статус: Успешно (Lead ID: 654541)
--------------------------------------------------

Время: 25.02.2026 09:56:00
Сервис: КЦ
From: Заявка из КЦ
Клиент: Array
(
    [name] => Светлана
    [phone] => 79028403856
    [email] => 
)

Город: Ефремов (ID: не найден)
RAW Input: {"name":"Светлана","phone":"79028403856","gorod":"Ефремов","Comments":"Ефремов (300000) жкх ( пропис 1) и мфо, залога и бфл нет, ждет звонок 25.02 в 17:00"}
POST: Array
(
)

Quiz/Комментарии: Array
(
)

Собранные комментарии (для лога): 
Comments: Ефремов (300000) жкх ( пропис 1) и мфо, залога и бфл нет, ждет звонок 25.02 в 17:00
Город: Ефремов

Отправка комментариев в Bitrix: ДА
Поля для Bitrix: Array
(
    [NAME] => Светлана
    [PHONE] => Array
        (
            [0] => Array
                (
                    [VALUE] => 79028403856
                    [VALUE_TYPE] => MOBILE
                )

        )

    [ASSIGNED_BY_ID] => 1
    [TITLE] => Новая заявка - 79028403856
    [OPENED] => Y
    [STATUS_ID] => NEW
    [SOURCE_ID] => 1083
    [COMMENTS] => <b>Comments:</b> Ефремов (300000) жкх ( пропис 1) и мфо, залога и бфл нет, ждет звонок 25.02 в 17:00<br><b>Город:</b> Ефремов<br>
)

Bitrix Response: {"result":654793,"time":{"start":1772002560,"finish":1772002563.184424,"duration":3.1844239234924316,"processing":3,"date_start":"2026-02-25T09:56:00+03:00","date_finish":"2026-02-25T09:56:03+03:00","operating_reset_at":1772003160,"operating":7.115638017654419}}
Статус: Успешно (Lead ID: 654793)
--------------------------------------------------

Время: 25.02.2026 10:28:00
Сервис: КЦ
From: Заявка из КЦ
Клиент: Array
(
    [name] => Татьяна
    [phone] => 79539662419
    [email] => 
)

Город: Тула (ID: не найден)
RAW Input: {"name":"Татьяна","phone":"79539662419","gorod":"Тула","Comments":"Тула (300000) "}
POST: Array
(
)

Quiz/Комментарии: Array
(
)

Собранные комментарии (для лога): 
Comments: Тула (300000)
Город: Тула

Отправка комментариев в Bitrix: ДА
Поля для Bitrix: Array
(
    [NAME] => Татьяна
    [PHONE] => Array
        (
            [0] => Array
                (
                    [VALUE] => 79539662419
                    [VALUE_TYPE] => MOBILE
                )

        )

    [ASSIGNED_BY_ID] => 1
    [TITLE] => Новая заявка - 79539662419
    [OPENED] => Y
    [STATUS_ID] => NEW
    [SOURCE_ID] => 1083
    [COMMENTS] => <b>Comments:</b> Тула (300000)<br><b>Город:</b> Тула<br>
)

Bitrix Response: {"result":654815,"time":{"start":1772004480,"finish":1772004483.678774,"duration":3.678774118423462,"processing":3,"date_start":"2026-02-25T10:28:00+03:00","date_finish":"2026-02-25T10:28:03+03:00","operating_reset_at":1772005080,"operating":3.019315004348755}}
Статус: Успешно (Lead ID: 654815)
--------------------------------------------------

Время: 25.02.2026 12:06:00
Сервис: КЦ
From: Заявка из КЦ
Клиент: Array
(
    [name] => Наталья
    [phone] => 79878298097
    [email] => 
)

Город: Тула (ID: не найден)
RAW Input: {"name":"Наталья","phone":"79878298097","gorod":"Тула","Comments":"Тула (300000) "}
POST: Array
(
)

Quiz/Комментарии: Array
(
)

Собранные комментарии (для лога): 
Comments: Тула (300000)
Город: Тула

Отправка комментариев в Bitrix: ДА
Поля для Bitrix: Array
(
    [NAME] => Наталья
    [PHONE] => Array
        (
            [0] => Array
                (
                    [VALUE] => 79878298097
                    [VALUE_TYPE] => MOBILE
                )

        )

    [ASSIGNED_BY_ID] => 1
    [TITLE] => Новая заявка - 79878298097
    [OPENED] => Y
    [STATUS_ID] => NEW
    [SOURCE_ID] => 1083
    [COMMENTS] => <b>Comments:</b> Тула (300000)<br><b>Город:</b> Тула<br>
)

Bitrix Response: {"result":654907,"time":{"start":1772010360,"finish":1772010363.152301,"duration":3.152301073074341,"processing":3,"date_start":"2026-02-25T12:06:00+03:00","date_finish":"2026-02-25T12:06:03+03:00","operating_reset_at":1772010960,"operating":2.1693460941314697}}
Статус: Успешно (Lead ID: 654907)
--------------------------------------------------

Время: 25.02.2026 12:14:00
Сервис: КЦ
From: Заявка из КЦ
Клиент: Array
(
    [name] => Алексей Александрович
    [phone] => 79029078115
    [email] => 
)

Город: Тула (ID: не найден)
RAW Input: {"name":"Алексей Александрович","phone":"79029078115","gorod":"Тула","Comments":"Тула (300000) "}
POST: Array
(
)

Quiz/Комментарии: Array
(
)

Собранные комментарии (для лога): 
Comments: Тула (300000)
Город: Тула

Отправка комментариев в Bitrix: ДА
Поля для Bitrix: Array
(
    [NAME] => Алексей Александрович
    [PHONE] => Array
        (
            [0] => Array
                (
                    [VALUE] => 79029078115
                    [VALUE_TYPE] => MOBILE
                )

        )

    [ASSIGNED_BY_ID] => 1
    [TITLE] => Новая заявка - 79029078115
    [OPENED] => Y
    [STATUS_ID] => NEW
    [SOURCE_ID] => 1083
    [COMMENTS] => <b>Comments:</b> Тула (300000)<br><b>Город:</b> Тула<br>
)

Bitrix Response: {"result":654919,"time":{"start":1772010840,"finish":1772010843.057223,"duration":3.057223081588745,"processing":3,"date_start":"2026-02-25T12:14:00+03:00","date_finish":"2026-02-25T12:14:03+03:00","operating_reset_at":1772011440,"operating":8.807322025299072}}
Статус: Успешно (Lead ID: 654919)
--------------------------------------------------

Время: 25.02.2026 12:17:00
Сервис: КЦ
From: Заявка из КЦ
Клиент: Array
(
    [name] => Михаил
    [phone] => 79534233872
    [email] => 
)

Город: Тула (ID: не найден)
RAW Input: {"name":"Михаил","phone":"79534233872","gorod":"Тула","Comments":"Тула (300000) "}
POST: Array
(
)

Quiz/Комментарии: Array
(
)

Собранные комментарии (для лога): 
Comments: Тула (300000)
Город: Тула

Отправка комментариев в Bitrix: ДА
Поля для Bitrix: Array
(
    [NAME] => Михаил
    [PHONE] => Array
        (
            [0] => Array
                (
                    [VALUE] => 79534233872
                    [VALUE_TYPE] => MOBILE
                )

        )

    [ASSIGNED_BY_ID] => 1
    [TITLE] => Новая заявка - 79534233872
    [OPENED] => Y
    [STATUS_ID] => NEW
    [SOURCE_ID] => 1083
    [COMMENTS] => <b>Comments:</b> Тула (300000)<br><b>Город:</b> Тула<br>
)

Bitrix Response: {"result":654927,"time":{"start":1772011021,"finish":1772011023.599787,"duration":2.5997869968414307,"processing":2,"date_start":"2026-02-25T12:17:01+03:00","date_finish":"2026-02-25T12:17:03+03:00","operating_reset_at":1772011621,"operating":15.001192092895508}}
Статус: Успешно (Lead ID: 654927)
--------------------------------------------------

Время: 26.02.2026 09:32:00
Сервис: КЦ
From: Заявка из КЦ
Клиент: Array
(
    [name] => Марина
    [phone] => 79612632313
    [email] => 
)

Город: Тульская область (ID: не найден)
RAW Input: {"name":"Марина","phone":"79612632313","gorod":"Тульская область","Comments":"Тульская область (300000) пк,кк,мфо,жкх,залога и бфл нет,ждет звонок 26.02 в 10.30"}
POST: Array
(
)

Quiz/Комментарии: Array
(
)

Собранные комментарии (для лога): 
Comments: Тульская область (300000) пк,кк,мфо,жкх,залога и бфл нет,ждет звонок 26.02 в 10.30
Город: Тульская область

Отправка комментариев в Bitrix: ДА
Поля для Bitrix: Array
(
    [NAME] => Марина
    [PHONE] => Array
        (
            [0] => Array
                (
                    [VALUE] => 79612632313
                    [VALUE_TYPE] => MOBILE
                )

        )

    [ASSIGNED_BY_ID] => 1
    [TITLE] => Новая заявка - 79612632313
    [OPENED] => Y
    [STATUS_ID] => NEW
    [SOURCE_ID] => 1083
    [COMMENTS] => <b>Comments:</b> Тульская область (300000) пк,кк,мфо,жкх,залога и бфл нет,ждет звонок 26.02 в 10.30<br><b>Город:</b> Тульская область<br>
)

Bitrix Response: {"result":655597,"time":{"start":1772087520,"finish":1772087523.019159,"duration":3.0191590785980225,"processing":3,"date_start":"2026-02-26T09:32:00+03:00","date_finish":"2026-02-26T09:32:03+03:00","operating_reset_at":1772088120,"operating":9.466977834701538}}
Статус: Успешно (Lead ID: 655597)
--------------------------------------------------

Время: 26.02.2026 14:53:00
Сервис: КЦ
From: Заявка из КЦ
Клиент: Array
(
    [name] => Галина
    [phone] => 79026979638
    [email] => 
)

Город: Тула (ID: не найден)
RAW Input: {"name":"Галина","phone":"79026979638","gorod":"Тула","Comments":"Тула (800000) налог и жкх, залога и бфл нет, звонок ждет 26.02 в 16:00"}
POST: Array
(
)

Quiz/Комментарии: Array
(
)

Собранные комментарии (для лога): 
Comments: Тула (800000) налог и жкх, залога и бфл нет, звонок ждет 26.02 в 16:00
Город: Тула

Отправка комментариев в Bitrix: ДА
Поля для Bitrix: Array
(
    [NAME] => Галина
    [PHONE] => Array
        (
            [0] => Array
                (
                    [VALUE] => 79026979638
                    [VALUE_TYPE] => MOBILE
                )

        )

    [ASSIGNED_BY_ID] => 1
    [TITLE] => Новая заявка - 79026979638
    [OPENED] => Y
    [STATUS_ID] => NEW
    [SOURCE_ID] => 1083
    [COMMENTS] => <b>Comments:</b> Тула (800000) налог и жкх, залога и бфл нет, звонок ждет 26.02 в 16:00<br><b>Город:</b> Тула<br>
)

Bitrix Response: {"result":656005,"time":{"start":1772106780,"finish":1772106782.959463,"duration":2.959462881088257,"processing":2,"date_start":"2026-02-26T14:53:00+03:00","date_finish":"2026-02-26T14:53:02+03:00","operating_reset_at":1772107380,"operating":13.423815488815308}}
Статус: Успешно (Lead ID: 656005)
--------------------------------------------------

