Время: 24.02.2026 11:38:52
Сервис: Директ
From: Заявка из Директ
Клиент: Array
(
    [name] => Маргарита
    [phone] => +79779295325
    [email] => 
)

Город: Тула (ID: не найден)
RAW Input: {"name":"\u041c\u0430\u0440\u0433\u0430\u0440\u0438\u0442\u0430","phone":"+79779295325","Gorod":"\u0422\u0443\u043b\u0430","utm_source":"yandex","utm_medium":"cpc","utm_campaign":"116878802","utm_content":"16728053524"}
POST: Array
(
)

Quiz/Комментарии: Array
(
)

Собранные комментарии (для лога): 
Город: Тула

Отправка комментариев в Bitrix: ДА
Поля для Bitrix: Array
(
    [UTM_SOURCE] => yandex
    [UTM_MEDIUM] => cpc
    [UTM_CAMPAIGN] => 116878802
    [UTM_CONTENT] => 16728053524
    [NAME] => Маргарита
    [PHONE] => Array
        (
            [0] => Array
                (
                    [VALUE] => +79779295325
                    [VALUE_TYPE] => MOBILE
                )

        )

    [ASSIGNED_BY_ID] => 1
    [TITLE] => Новая заявка - +79779295325
    [OPENED] => Y
    [STATUS_ID] => NEW
    [SOURCE_ID] => 148
    [COMMENTS] => <b>Город:</b> Тула<br>
)

Bitrix Response: {"result":654067,"time":{"start":1771922332,"finish":1771922334.765315,"duration":2.765315055847168,"processing":2,"date_start":"2026-02-24T11:38:52+03:00","date_finish":"2026-02-24T11:38:54+03:00","operating_reset_at":1771922932,"operating":10.820938110351562}}
Статус: Успешно (Lead ID: 654067)
--------------------------------------------------

Время: 24.02.2026 14:33:29
Сервис: Директ
From: Заявка из Директ
Клиент: Array
(
    [name] => Екатерина
    [phone] => +79531852263
    [email] => 
)

Город: Тула (ID: не найден)
RAW Input: {"name":"\u0415\u043a\u0430\u0442\u0435\u0440\u0438\u043d\u0430","phone":"+79531852263","Gorod":"\u0422\u0443\u043b\u0430","utm_source":"yandex","utm_medium":"cpc","utm_campaign":"116878802","utm_content":"16728053524"}
POST: Array
(
)

Quiz/Комментарии: Array
(
)

Собранные комментарии (для лога): 
Город: Тула

Отправка комментариев в Bitrix: ДА
Поля для Bitrix: Array
(
    [UTM_SOURCE] => yandex
    [UTM_MEDIUM] => cpc
    [UTM_CAMPAIGN] => 116878802
    [UTM_CONTENT] => 16728053524
    [NAME] => Екатерина
    [PHONE] => Array
        (
            [0] => Array
                (
                    [VALUE] => +79531852263
                    [VALUE_TYPE] => MOBILE
                )

        )

    [ASSIGNED_BY_ID] => 1
    [TITLE] => Новая заявка - +79531852263
    [OPENED] => Y
    [STATUS_ID] => NEW
    [SOURCE_ID] => 148
    [COMMENTS] => <b>Город:</b> Тула<br>
)

Bitrix Response: {"result":654301,"time":{"start":1771932809,"finish":1771932811.740708,"duration":2.740708112716675,"processing":2,"date_start":"2026-02-24T14:33:29+03:00","date_finish":"2026-02-24T14:33:31+03:00","operating_reset_at":1771933409,"operating":2.4707579612731934}}
Статус: Успешно (Lead ID: 654301)
--------------------------------------------------

Время: 24.02.2026 15:48:30
Сервис: Директ
From: Заявка из Директ
Клиент: Array
(
    [name] => Дарья
    [phone] => +79101535858
    [email] => 
)

Город: Тула (ID: не найден)
RAW Input: {"name":"\u0414\u0430\u0440\u044c\u044f","phone":"+79101535858","Gorod":"\u0422\u0443\u043b\u0430","utm_source":"yandex","utm_medium":"cpc","utm_campaign":"116878802","utm_content":"16728053524"}
POST: Array
(
)

Quiz/Комментарии: Array
(
)

Собранные комментарии (для лога): 
Город: Тула

Отправка комментариев в Bitrix: ДА
Поля для Bitrix: Array
(
    [UTM_SOURCE] => yandex
    [UTM_MEDIUM] => cpc
    [UTM_CAMPAIGN] => 116878802
    [UTM_CONTENT] => 16728053524
    [NAME] => Дарья
    [PHONE] => Array
        (
            [0] => Array
                (
                    [VALUE] => +79101535858
                    [VALUE_TYPE] => MOBILE
                )

        )

    [ASSIGNED_BY_ID] => 1
    [TITLE] => Новая заявка - +79101535858
    [OPENED] => Y
    [STATUS_ID] => NEW
    [SOURCE_ID] => 148
    [COMMENTS] => <b>Город:</b> Тула<br>
)

Bitrix Response: {"result":654379,"time":{"start":1771937310,"finish":1771937312.791053,"duration":2.791053056716919,"processing":2,"date_start":"2026-02-24T15:48:30+03:00","date_finish":"2026-02-24T15:48:32+03:00","operating_reset_at":1771937910,"operating":6.805401086807251}}
Статус: Успешно (Lead ID: 654379)
--------------------------------------------------

Время: 24.02.2026 15:50:08
Сервис: Директ
From: Заявка из Директ
Клиент: Array
(
    [name] => Наталья
    [phone] => +79531944348
    [email] => 
)

Город: Тула (ID: не найден)
RAW Input: {"name":"\u041d\u0430\u0442\u0430\u043b\u044c\u044f","phone":"+79531944348","Gorod":"\u0422\u0443\u043b\u0430","utm_source":"yandex","utm_medium":"cpc","utm_campaign":"116878802","utm_content":"16728053524"}
POST: Array
(
)

Quiz/Комментарии: Array
(
)

Собранные комментарии (для лога): 
Город: Тула

Отправка комментариев в Bitrix: ДА
Поля для Bitrix: Array
(
    [UTM_SOURCE] => yandex
    [UTM_MEDIUM] => cpc
    [UTM_CAMPAIGN] => 116878802
    [UTM_CONTENT] => 16728053524
    [NAME] => Наталья
    [PHONE] => Array
        (
            [0] => Array
                (
                    [VALUE] => +79531944348
                    [VALUE_TYPE] => MOBILE
                )

        )

    [ASSIGNED_BY_ID] => 1
    [TITLE] => Новая заявка - +79531944348
    [OPENED] => Y
    [STATUS_ID] => NEW
    [SOURCE_ID] => 148
    [COMMENTS] => <b>Город:</b> Тула<br>
)

Bitrix Response: {"result":654385,"time":{"start":1771937408,"finish":1771937411.284639,"duration":3.2846388816833496,"processing":3,"date_start":"2026-02-24T15:50:08+03:00","date_finish":"2026-02-24T15:50:11+03:00","operating_reset_at":1771938008,"operating":9.301684141159058}}
Статус: Успешно (Lead ID: 654385)
--------------------------------------------------

Время: 25.02.2026 04:29:27
Сервис: Директ
From: Заявка из Директ
Клиент: Array
(
    [name] => Наталия
    [phone] => +79935381167
    [email] => 
)

Город: Тула (ID: не найден)
RAW Input: {"name":"\u041d\u0430\u0442\u0430\u043b\u0438\u044f","phone":"+79935381167","Gorod":"\u0422\u0443\u043b\u0430","utm_source":"yandex","utm_medium":"cpc","utm_campaign":"116878802","utm_content":"16728053524"}
POST: Array
(
)

Quiz/Комментарии: Array
(
)

Собранные комментарии (для лога): 
Город: Тула

Отправка комментариев в Bitrix: ДА
Поля для Bitrix: Array
(
    [UTM_SOURCE] => yandex
    [UTM_MEDIUM] => cpc
    [UTM_CAMPAIGN] => 116878802
    [UTM_CONTENT] => 16728053524
    [NAME] => Наталия
    [PHONE] => Array
        (
            [0] => Array
                (
                    [VALUE] => +79935381167
                    [VALUE_TYPE] => MOBILE
                )

        )

    [ASSIGNED_BY_ID] => 1
    [TITLE] => Новая заявка - +79935381167
    [OPENED] => Y
    [STATUS_ID] => NEW
    [SOURCE_ID] => 148
    [COMMENTS] => <b>Город:</b> Тула<br>
)

Bitrix Response: {"result":654691,"time":{"start":1771982967,"finish":1771982969.434412,"duration":2.4344120025634766,"processing":2,"date_start":"2026-02-25T04:29:27+03:00","date_finish":"2026-02-25T04:29:29+03:00","operating_reset_at":1771983567,"operating":2.1450469493865967}}
Статус: Успешно (Lead ID: 654691)
--------------------------------------------------

Время: 25.02.2026 08:44:04
Сервис: Директ
From: Заявка из Директ
Клиент: Array
(
    [name] => Татьяна.
    [phone] => +79531889860
    [email] => 
)

Город: Тула (ID: не найден)
RAW Input: {"name":"\u0422\u0430\u0442\u044c\u044f\u043d\u0430.","phone":"+79531889860","Gorod":"\u0422\u0443\u043b\u0430","utm_source":"yandex","utm_medium":"cpc","utm_campaign":"116878802","utm_content":"16728053523"}
POST: Array
(
)

Quiz/Комментарии: Array
(
)

Собранные комментарии (для лога): 
Город: Тула

Отправка комментариев в Bitrix: ДА
Поля для Bitrix: Array
(
    [UTM_SOURCE] => yandex
    [UTM_MEDIUM] => cpc
    [UTM_CAMPAIGN] => 116878802
    [UTM_CONTENT] => 16728053523
    [NAME] => Татьяна.
    [PHONE] => Array
        (
            [0] => Array
                (
                    [VALUE] => +79531889860
                    [VALUE_TYPE] => MOBILE
                )

        )

    [ASSIGNED_BY_ID] => 1
    [TITLE] => Новая заявка - +79531889860
    [OPENED] => Y
    [STATUS_ID] => NEW
    [SOURCE_ID] => 148
    [COMMENTS] => <b>Город:</b> Тула<br>
)

Bitrix Response: {"result":654723,"time":{"start":1771998244,"finish":1771998246.610065,"duration":2.61006498336792,"processing":2,"date_start":"2026-02-25T08:44:04+03:00","date_finish":"2026-02-25T08:44:06+03:00","operating_reset_at":1771998844,"operating":7.733536720275879}}
Статус: Успешно (Lead ID: 654723)
--------------------------------------------------

Время: 25.02.2026 12:23:42
Сервис: Директ
From: Заявка из Директ
Клиент: Array
(
    [name] => Александр
    [phone] => +79156936943
    [email] => 
)

Город: Тула (ID: не найден)
RAW Input: {"name":"\u0410\u043b\u0435\u043a\u0441\u0430\u043d\u0434\u0440","phone":"+79156936943","Gorod":"\u0422\u0443\u043b\u0430","utm_source":"yandex","utm_medium":"cpc","utm_campaign":"116878802","utm_content":"16728053524"}
POST: Array
(
)

Quiz/Комментарии: Array
(
)

Собранные комментарии (для лога): 
Город: Тула

Отправка комментариев в Bitrix: ДА
Поля для Bitrix: Array
(
    [UTM_SOURCE] => yandex
    [UTM_MEDIUM] => cpc
    [UTM_CAMPAIGN] => 116878802
    [UTM_CONTENT] => 16728053524
    [NAME] => Александр
    [PHONE] => Array
        (
            [0] => Array
                (
                    [VALUE] => +79156936943
                    [VALUE_TYPE] => MOBILE
                )

        )

    [ASSIGNED_BY_ID] => 1
    [TITLE] => Новая заявка - +79156936943
    [OPENED] => Y
    [STATUS_ID] => NEW
    [SOURCE_ID] => 148
    [COMMENTS] => <b>Город:</b> Тула<br>
)

Bitrix Response: {"result":654935,"time":{"start":1772011422,"finish":1772011425.434629,"duration":3.434628963470459,"processing":3,"date_start":"2026-02-25T12:23:42+03:00","date_finish":"2026-02-25T12:23:45+03:00","operating_reset_at":1772012022,"operating":15.29194450378418}}
Статус: Успешно (Lead ID: 654935)
--------------------------------------------------

Время: 25.02.2026 12:23:46
Сервис: Директ
From: Заявка из Директ
Клиент: Array
(
    [name] => Александр
    [phone] => +79156936943
    [email] => 
)

Город: Тула (ID: не найден)
RAW Input: {"name":"\u0410\u043b\u0435\u043a\u0441\u0430\u043d\u0434\u0440","phone":"+79156936943","Gorod":"\u0422\u0443\u043b\u0430","utm_source":"yandex","utm_medium":"cpc","utm_campaign":"116878802","utm_content":"16728053524"}
POST: Array
(
)

Quiz/Комментарии: Array
(
)

Собранные комментарии (для лога): 
Город: Тула

Отправка комментариев в Bitrix: ДА
Поля для Bitrix: Array
(
    [UTM_SOURCE] => yandex
    [UTM_MEDIUM] => cpc
    [UTM_CAMPAIGN] => 116878802
    [UTM_CONTENT] => 16728053524
    [NAME] => Александр
    [PHONE] => Array
        (
            [0] => Array
                (
                    [VALUE] => +79156936943
                    [VALUE_TYPE] => MOBILE
                )

        )

    [ASSIGNED_BY_ID] => 1
    [TITLE] => Новая заявка - +79156936943
    [OPENED] => Y
    [STATUS_ID] => NEW
    [SOURCE_ID] => 148
    [COMMENTS] => <b>Город:</b> Тула<br>
)

Bitrix Response: {"result":654937,"time":{"start":1772011426,"finish":1772011429.169835,"duration":3.169835090637207,"processing":3,"date_start":"2026-02-25T12:23:46+03:00","date_finish":"2026-02-25T12:23:49+03:00","operating_reset_at":1772012026,"operating":17.636272430419922}}
Статус: Успешно (Lead ID: 654937)
--------------------------------------------------

Время: 25.02.2026 13:19:34
Сервис: Директ
From: Заявка из Директ
Клиент: Array
(
    [name] => Варя
    [phone] => +79330287178
    [email] => 
)

Город: Тула (ID: не найден)
RAW Input: {"name":"\u0412\u0430\u0440\u044f","phone":"+79330287178","Gorod":"\u0422\u0443\u043b\u0430","utm_source":"yandex","utm_medium":"cpc","utm_campaign":"116878802","utm_content":"16728053524"}
POST: Array
(
)

Quiz/Комментарии: Array
(
)

Собранные комментарии (для лога): 
Город: Тула

Отправка комментариев в Bitrix: ДА
Поля для Bitrix: Array
(
    [UTM_SOURCE] => yandex
    [UTM_MEDIUM] => cpc
    [UTM_CAMPAIGN] => 116878802
    [UTM_CONTENT] => 16728053524
    [NAME] => Варя
    [PHONE] => Array
        (
            [0] => Array
                (
                    [VALUE] => +79330287178
                    [VALUE_TYPE] => MOBILE
                )

        )

    [ASSIGNED_BY_ID] => 1
    [TITLE] => Новая заявка - +79330287178
    [OPENED] => Y
    [STATUS_ID] => NEW
    [SOURCE_ID] => 148
    [COMMENTS] => <b>Город:</b> Тула<br>
)

Bitrix Response: {"result":655025,"time":{"start":1772014774,"finish":1772014776.601655,"duration":2.6016550064086914,"processing":2,"date_start":"2026-02-25T13:19:34+03:00","date_finish":"2026-02-25T13:19:36+03:00","operating_reset_at":1772015374,"operating":12.033518552780151}}
Статус: Успешно (Lead ID: 655025)
--------------------------------------------------

Время: 25.02.2026 22:39:50
Сервис: Директ
From: Заявка из Директ
Клиент: Array
(
    [name] => Александр
    [phone] => +79509121567
    [email] => 
)

Город: Тула (ID: не найден)
RAW Input: {"name":"\u0410\u043b\u0435\u043a\u0441\u0430\u043d\u0434\u0440","phone":"+79509121567","Gorod":"\u0422\u0443\u043b\u0430","utm_source":"yandex","utm_medium":"cpc","utm_campaign":"116878802","utm_content":"16728053524"}
POST: Array
(
)

Quiz/Комментарии: Array
(
)

Собранные комментарии (для лога): 
Город: Тула

Отправка комментариев в Bitrix: ДА
Поля для Bitrix: Array
(
    [UTM_SOURCE] => yandex
    [UTM_MEDIUM] => cpc
    [UTM_CAMPAIGN] => 116878802
    [UTM_CONTENT] => 16728053524
    [NAME] => Александр
    [PHONE] => Array
        (
            [0] => Array
                (
                    [VALUE] => +79509121567
                    [VALUE_TYPE] => MOBILE
                )

        )

    [ASSIGNED_BY_ID] => 1
    [TITLE] => Новая заявка - +79509121567
    [OPENED] => Y
    [STATUS_ID] => NEW
    [SOURCE_ID] => 148
    [COMMENTS] => <b>Город:</b> Тула<br>
)

Bitrix Response: {"result":655493,"time":{"start":1772048390,"finish":1772048392.382795,"duration":2.3827950954437256,"processing":2,"date_start":"2026-02-25T22:39:50+03:00","date_finish":"2026-02-25T22:39:52+03:00","operating_reset_at":1772048990,"operating":4.027533054351807}}
Статус: Успешно (Lead ID: 655493)
--------------------------------------------------

Время: 26.02.2026 13:12:52
Сервис: Директ
From: Заявка из Директ
Клиент: Array
(
    [name] => Сергей
    [phone] => +79617685713
    [email] => 
)

Город: Тула (ID: не найден)
RAW Input: {"name":"\u0421\u0435\u0440\u0433\u0435\u0439","phone":"+79617685713","Gorod":"\u0422\u0443\u043b\u0430","utm_source":"yandex","utm_medium":"cpc","utm_campaign":"116878802","utm_content":"16728053524"}
POST: Array
(
)

Quiz/Комментарии: Array
(
)

Собранные комментарии (для лога): 
Город: Тула

Отправка комментариев в Bitrix: ДА
Поля для Bitrix: Array
(
    [UTM_SOURCE] => yandex
    [UTM_MEDIUM] => cpc
    [UTM_CAMPAIGN] => 116878802
    [UTM_CONTENT] => 16728053524
    [NAME] => Сергей
    [PHONE] => Array
        (
            [0] => Array
                (
                    [VALUE] => +79617685713
                    [VALUE_TYPE] => MOBILE
                )

        )

    [ASSIGNED_BY_ID] => 1
    [TITLE] => Новая заявка - +79617685713
    [OPENED] => Y
    [STATUS_ID] => NEW
    [SOURCE_ID] => 148
    [COMMENTS] => <b>Город:</b> Тула<br>
)

Bitrix Response: {"result":655855,"time":{"start":1772100772,"finish":1772100774.520763,"duration":2.5207629203796387,"processing":2,"date_start":"2026-02-26T13:12:52+03:00","date_finish":"2026-02-26T13:12:54+03:00","operating_reset_at":1772101372,"operating":14.26244306564331}}
Статус: Успешно (Lead ID: 655855)
--------------------------------------------------

Время: 27.02.2026 09:13:53
Сервис: Директ
From: Заявка из Директ
Клиент: Array
(
    [name] => ГаллеНадия
    [phone] => +79800147593
    [email] => 
)

Город: Тула (ID: не найден)
RAW Input: {"name":"\u0413\u0430\u043b\u043b\u0435\u041d\u0430\u0434\u0438\u044f","phone":"+79800147593","Gorod":"\u0422\u0443\u043b\u0430","utm_source":"yandex","utm_medium":"cpc","utm_campaign":"116878802","utm_content":"16728053524"}
POST: Array
(
)

Quiz/Комментарии: Array
(
)

Собранные комментарии (для лога): 
Город: Тула

Отправка комментариев в Bitrix: ДА
Поля для Bitrix: Array
(
    [UTM_SOURCE] => yandex
    [UTM_MEDIUM] => cpc
    [UTM_CAMPAIGN] => 116878802
    [UTM_CONTENT] => 16728053524
    [NAME] => ГаллеНадия
    [PHONE] => Array
        (
            [0] => Array
                (
                    [VALUE] => +79800147593
                    [VALUE_TYPE] => MOBILE
                )

        )

    [ASSIGNED_BY_ID] => 1
    [TITLE] => Новая заявка - +79800147593
    [OPENED] => Y
    [STATUS_ID] => NEW
    [SOURCE_ID] => 148
    [COMMENTS] => <b>Город:</b> Тула<br>
)

Bitrix Response: {"result":656365,"time":{"start":1772172833,"finish":1772172836.222975,"duration":3.222975015640259,"processing":3,"date_start":"2026-02-27T09:13:53+03:00","date_finish":"2026-02-27T09:13:56+03:00","operating_reset_at":1772173433,"operating":20.45458984375}}
Статус: Успешно (Lead ID: 656365)
--------------------------------------------------

