Время: 24.02.2026 21:38:18
Сервис: Директ
ОШИБКА ВАЛИДАЦИИ: Телефон не указан
Клиент: Array
(
    [name] => 
    [phone] => 
    [email] => 
)

RAW Input: {"fields":{"TITLE":"Заявка юрмаркетинг.рф","NAME":"","SECOND_NAME":"","LAST_NAME":"","STATUS_ID":"NEW","OPENED":"Y","ASSIGNED_BY_ID":1,"SOURCE_DESCRIPTION":"траффикс Тула","SOURCE_ID":null,"COMMENTS":"<div><b>Перед кем у вас долги? :</b>  Банки/Микрозаймы;</div> <div><b>На вас зарегистрирована собственность? :</b>  Единственная квартира/дом;</div> <div><b>Какая общая 
POST: Array
(
)

Статус: Ошибка валидации телефона
--------------------------------------------------

Время: 24.02.2026 22:32:49
Сервис: Директ
ОШИБКА ВАЛИДАЦИИ: Телефон не указан
Клиент: Array
(
    [name] => 
    [phone] => 
    [email] => 
)

RAW Input: {"fields":{"TITLE":"Заявка юрмаркетинг.рф","NAME":"","SECOND_NAME":"","LAST_NAME":"","STATUS_ID":"NEW","OPENED":"Y","ASSIGNED_BY_ID":1,"SOURCE_DESCRIPTION":"траффикс Тула","SOURCE_ID":null,"COMMENTS":"<div><b>Перед кем у вас долги? :</b>  Банки/Микрозаймы;</div> <div><b>На вас зарегистрирована собственность? :</b>  Единственная квартира/дом;</div> <div><b>Какая общая 
POST: Array
(
)

Статус: Ошибка валидации телефона
--------------------------------------------------

Время: 25.02.2026 16:42:27
Сервис: Директ
From: Заявка из Директ
Клиент: Array
(
    [name] => Иванов Иван Иванович
    [phone] => +79009999999
    [email] => 
)

Город: не определён (ID: не найден)
RAW Input: {"fields":{"TITLE":"Заявка юрмаркетинг.рф","NAME":"Иванов Иван Иванович","SECOND_NAME":"","LAST_NAME":"","STATUS_ID":"NEW","OPENED":"Y","ASSIGNED_BY_ID":1,"SOURCE_DESCRIPTION":"траффикс Тула","SOURCE_ID":null,"COMMENTS":"Тестовое сообщение","PHONE":[{"VALUE":"+79009999999"}]},"params":{"REGISTER_SONET_EVENT":"Y"}}
POST: Array
(
)

Quiz/Комментарии: Array
(
)

Собранные комментарии (для лога): 
Комментарий (Bitrix): Тестовое сообщение
Fields: Заявка юрмаркетинг.рф
Params: Y

Отправка комментариев в Bitrix: ДА
Поля для Bitrix: Array
(
    [TITLE] => Новая заявка - +79009999999
    [NAME] => Иванов Иван Иванович
    [SECOND_NAME] => 
    [LAST_NAME] => 
    [STATUS_ID] => NEW
    [OPENED] => Y
    [ASSIGNED_BY_ID] => 1
    [SOURCE_DESCRIPTION] => траффикс Тула
    [SOURCE_ID] => 762
    [COMMENTS] => <b>Комментарий (Bitrix):</b> Тестовое сообщение<br><b>Fields:</b> Заявка юрмаркетинг.рф<br><b>Params:</b> Y<br>
    [PHONE] => Array
        (
            [0] => Array
                (
                    [VALUE] => +79009999999
                    [VALUE_TYPE] => MOBILE
                )

        )

)

Bitrix Response: {"result":655293,"time":{"start":1772026947,"finish":1772026949.972226,"duration":2.9722259044647217,"processing":2,"date_start":"2026-02-25T16:42:27+03:00","date_finish":"2026-02-25T16:42:29+03:00","operating_reset_at":1772027547,"operating":12.93032193183899}}
Статус: Успешно (Lead ID: 655293)
--------------------------------------------------

Время: 25.02.2026 16:47:00
Сервис: Директ
From: Заявка из Директ
Клиент: Array
(
    [name] => Иванов Иван Иванович
    [phone] => +79009999999
    [email] => 
)

Город: не определён (ID: не найден)
RAW Input: {"fields":{"TITLE":"Заявка юрмаркетинг.рф","NAME":"Иванов Иван Иванович","SECOND_NAME":"","LAST_NAME":"","STATUS_ID":"NEW","OPENED":"Y","ASSIGNED_BY_ID":1,"SOURCE_DESCRIPTION":"РФ","SOURCE_ID":null,"COMMENTS":"Тестовое сообщение","PHONE":[{"VALUE":"+79009999999"}]},"params":{"REGISTER_SONET_EVENT":"Y"}}
POST: Array
(
)

Quiz/Комментарии: Array
(
)

Собранные комментарии (для лога): 
Комментарий (Bitrix): Тестовое сообщение
Fields: Заявка юрмаркетинг.рф
Params: Y

Отправка комментариев в Bitrix: ДА
Поля для Bitrix: Array
(
    [TITLE] => Новая заявка - +79009999999
    [NAME] => Иванов Иван Иванович
    [SECOND_NAME] => 
    [LAST_NAME] => 
    [STATUS_ID] => NEW
    [OPENED] => Y
    [ASSIGNED_BY_ID] => 1
    [SOURCE_DESCRIPTION] => РФ
    [SOURCE_ID] => 762
    [COMMENTS] => <b>Комментарий (Bitrix):</b> Тестовое сообщение<br><b>Fields:</b> Заявка юрмаркетинг.рф<br><b>Params:</b> Y<br>
    [PHONE] => Array
        (
            [0] => Array
                (
                    [VALUE] => +79009999999
                    [VALUE_TYPE] => MOBILE
                )

        )

)

Bitrix Response: {"result":655299,"time":{"start":1772027220,"finish":1772027223.05715,"duration":3.057149887084961,"processing":3,"date_start":"2026-02-25T16:47:00+03:00","date_finish":"2026-02-25T16:47:03+03:00","operating_reset_at":1772027820,"operating":15.226559162139893}}
Статус: Успешно (Lead ID: 655299)
--------------------------------------------------

Время: 25.02.2026 16:54:04
Сервис: Директ
From: Заявка из Директ
Клиент: Array
(
    [name] => 
    [phone] => +7 (923) 423-42-34
    [email] => 
)

Город: не определён (ID: не найден)
RAW Input: {"fields":{"TITLE":"Заявка юрмаркетинг.рф","NAME":"","SECOND_NAME":"","LAST_NAME":"","STATUS_ID":"NEW","OPENED":"Y","ASSIGNED_BY_ID":1,"SOURCE_DESCRIPTION":"траффикс Тула","SOURCE_ID":null,"COMMENTS":"<div><b>Перед кем у вас долги? :</b>  Банки/Микрозаймы;</div> <div><b>На вас зарегистрирована собственность? :</b>  Единственная квартира/дом;</div> <div><b>Какая общая сумма задолженности? :</b>  От 300 000 до 500 000 рублей;</div> <div><b>Номер телефона :</b>  +7 (923) 423-42-34;</div> <div><b>utm_campaign :</b>  {region_name};</div> <div><b>Имя :</b> ;</div> <div><b>Номер :</b> +7 (923) 423-42-34;</div> ","PHONE":[{"VALUE":"+7 (923) 423-42-34"}]},"params":{"REGISTER_SONET_EVENT":"Y"}}
POST: Array
(
)

Quiz/Комментарии: Array
(
)

Собранные комментарии (для лога): 
Комментарий (Bitrix): &lt;div&gt;&lt;b&gt;Перед кем у вас долги? :&lt;/b&gt;  Банки/Микрозаймы;&lt;/div&gt; &lt;div&gt;&lt;b&gt;На вас зарегистрирована собственность? :&lt;/b&gt;  Единственная квартира/дом;&lt;/div&gt; &lt;div&gt;&lt;b&gt;Какая общая сумма задолженности? :&lt;/b&gt;  От 300 000 до 500 000 рублей;&lt;/div&gt; &lt;div&gt;&lt;b&gt;Номер телефона :&lt;/b&gt;  +7 (923) 423-42-34;&lt;/div&gt; &lt;div&gt;&lt;b&gt;utm_campaign :&lt;/b&gt;  {region_name};&lt;/div&gt; &lt;div&gt;&lt;b&gt;Имя :&lt;/b&gt; ;&lt;/div&gt; &lt;div&gt;&lt;b&gt;Номер :&lt;/b&gt; +7 (923) 423-42-34;&lt;/div&gt; 
Fields: Заявка юрмаркетинг.рф
Params: Y

Отправка комментариев в Bitrix: ДА
Поля для Bitrix: Array
(
    [TITLE] => Новая заявка - +7 (923) 423-42-34
    [NAME] => 
    [SECOND_NAME] => 
    [LAST_NAME] => 
    [STATUS_ID] => NEW
    [OPENED] => Y
    [ASSIGNED_BY_ID] => 1
    [SOURCE_DESCRIPTION] => траффикс Тула
    [SOURCE_ID] => 762
    [COMMENTS] => <b>Комментарий (Bitrix):</b> &lt;div&gt;&lt;b&gt;Перед кем у вас долги? :&lt;/b&gt;  Банки/Микрозаймы;&lt;/div&gt; &lt;div&gt;&lt;b&gt;На вас зарегистрирована собственность? :&lt;/b&gt;  Единственная квартира/дом;&lt;/div&gt; &lt;div&gt;&lt;b&gt;Какая общая сумма задолженности? :&lt;/b&gt;  От 300 000 до 500 000 рублей;&lt;/div&gt; &lt;div&gt;&lt;b&gt;Номер телефона :&lt;/b&gt;  +7 (923) 423-42-34;&lt;/div&gt; &lt;div&gt;&lt;b&gt;utm_campaign :&lt;/b&gt;  {region_name};&lt;/div&gt; &lt;div&gt;&lt;b&gt;Имя :&lt;/b&gt; ;&lt;/div&gt; &lt;div&gt;&lt;b&gt;Номер :&lt;/b&gt; +7 (923) 423-42-34;&lt;/div&gt; <br><b>Fields:</b> Заявка юрмаркетинг.рф<br><b>Params:</b> Y<br>
    [PHONE] => Array
        (
            [0] => Array
                (
                    [VALUE] => +79234234234
                    [VALUE_TYPE] => MOBILE
                )

        )

)

Bitrix Response: {"result":655313,"time":{"start":1772027644,"finish":1772027647.341741,"duration":3.3417410850524902,"processing":3,"date_start":"2026-02-25T16:54:04+03:00","date_finish":"2026-02-25T16:54:07+03:00","operating_reset_at":1772028244,"operating":12.290101051330566}}
Статус: Успешно (Lead ID: 655313)
--------------------------------------------------

