Время: 25.02.2026 18:54:06
Сервис: Tilda
ОШИБКА ВАЛИДАЦИИ: Телефон не указан
Клиент: Array
(
    [name] => 
    [phone] => 
    [email] => 
)

RAW Input: test=test
POST: Array
(
    [test] => test
)

Статус: Ошибка валидации телефона
--------------------------------------------------

Время: 25.02.2026 18:56:41
Сервис: Tilda
From: Заявка из Tilda
Клиент: Array
(
    [name] => тест
    [phone] => +7 (777) 777-22-33
    [email] => 
)

Город: не определён (ID: не найден)
RAW Input: Name=%D1%82%D0%B5%D1%81%D1%82&Phone=%2B7+%28777%29+777-22-33&Textarea=%D1%88%D1%82%D1%88%D1%80%D1%88%D0%B3&tranid=8278175%3A8197465753&formid=form867523807
POST: Array
(
    [Name] => тест
    [Phone] => +7 (777) 777-22-33
    [Textarea] => штшршг
    [tranid] => 8278175:8197465753
    [formid] => form867523807
)

Quiz/Комментарии: Array
(
)

Собранные комментарии (для лога): 
Textarea: штшршг

Отправка комментариев в Bitrix: ДА
Поля для Bitrix: Array
(
    [NAME] => тест
    [PHONE] => Array
        (
            [0] => Array
                (
                    [VALUE] => +77777772233
                    [VALUE_TYPE] => MOBILE
                )

        )

    [ASSIGNED_BY_ID] => 1
    [TITLE] => Заявка из Tilda
    [OPENED] => Y
    [STATUS_ID] => NEW
    [SOURCE_ID] => 627
    [COMMENTS] => <b>Textarea:</b> штшршг<br>
)

Bitrix Response: {"result":655445,"time":{"start":1772035001,"finish":1772035003.646328,"duration":2.6463279724121094,"processing":2,"date_start":"2026-02-25T18:56:41+03:00","date_finish":"2026-02-25T18:56:43+03:00","operating_reset_at":1772035601,"operating":4.073936223983765}}
Статус: Успешно (Lead ID: 655445)
--------------------------------------------------

Время: 26.02.2026 16:33:32
Сервис: Tilda
From: Заявка из Tilda
Клиент: Array
(
    [name] => Альбина
    [phone] => +7 (995) 610-76-81
    [email] => 
)

Город: не определён (ID: не найден)
RAW Input: Name=%D0%90%D0%BB%D1%8C%D0%B1%D0%B8%D0%BD%D0%B0&Phone=%2B7+%28995%29+610-76-81&tranid=8278175%3A8199914783&formid=form867523787
POST: Array
(
    [Name] => Альбина
    [Phone] => +7 (995) 610-76-81
    [tranid] => 8278175:8199914783
    [formid] => form867523787
)

Quiz/Комментарии: Array
(
)

Собранные комментарии (для лога): 

Отправка комментариев в Bitrix: ДА
Поля для Bitrix: Array
(
    [NAME] => Альбина
    [PHONE] => Array
        (
            [0] => Array
                (
                    [VALUE] => +79956107681
                    [VALUE_TYPE] => MOBILE
                )

        )

    [ASSIGNED_BY_ID] => 1
    [TITLE] => Заявка из Tilda
    [OPENED] => Y
    [STATUS_ID] => NEW
    [SOURCE_ID] => 627
)

Bitrix Response: {"result":656147,"time":{"start":1772112812,"finish":1772112814.389974,"duration":2.3899741172790527,"processing":2,"date_start":"2026-02-26T16:33:32+03:00","date_finish":"2026-02-26T16:33:34+03:00","operating_reset_at":1772113412,"operating":9.160953044891357}}
Статус: Успешно (Lead ID: 656147)
--------------------------------------------------

