Время: 26.02.2026 11:12:24
Сервис: Tilda
ОШИБКА ВАЛИДАЦИИ: Телефон не указан
Клиент: Array
(
    [name] => 
    [phone] => 
    [email] => 
)

RAW Input: test=test
POST: Array
(
    [test] => test
)

Статус: Ошибка валидации телефона
--------------------------------------------------

Время: 26.02.2026 11:13:13
Сервис: Tilda
From: Заявка из Tilda
Клиент: Array
(
    [name] => 
    [phone] => +7 (910) 613-10-01
    [email] => 
)

Город: не определён (ID: не найден)
RAW Input: per1=%D0%BE%D1%82+500+000+%D0%B4%D0%BE+1+000+000+%D1%80%D1%83%D0%B1.&per2=%D0%91%D0%BE%D0%BB%D0%B5%D0%B5+3+%D0%BC%D0%B5%D1%81%D1%8F%D1%86%D0%B5%D0%B2&per3=%D0%9F%D0%B5%D0%BD%D1%81%D0%B8%D0%BE%D0%BD%D0%B5%D1%80&per4=3+%D0%B8+%D0%B1%D0%BE%D0%BB%D0%B5%D0%B5&per5=WhatsApp&phone=%2B7+%28910%29+613-10-01&tranid=7025517%3A8198920863&formid=form1794476021
POST: Array
(
    [per1] => от 500 000 до 1 000 000 руб.
    [per2] => Более 3 месяцев
    [per3] => Пенсионер
    [per4] => 3 и более
    [per5] => WhatsApp
    [phone] => +7 (910) 613-10-01
    [tranid] => 7025517:8198920863
    [formid] => form1794476021
)

Quiz/Комментарии: Array
(
)

Собранные комментарии (для лога): 
Per1: от 500 000 до 1 000 000 руб.
Per2: Более 3 месяцев
Per3: Пенсионер
Per4: 3 и более
Per5: WhatsApp

Отправка комментариев в Bitrix: ДА
Поля для Bitrix: Array
(
    [PHONE] => Array
        (
            [0] => Array
                (
                    [VALUE] => +79106131001
                    [VALUE_TYPE] => MOBILE
                )

        )

    [ASSIGNED_BY_ID] => 1
    [TITLE] => Заявка из Tilda
    [OPENED] => Y
    [STATUS_ID] => NEW
    [SOURCE_ID] => 991
    [COMMENTS] => <b>Per1:</b> от 500 000 до 1 000 000 руб.<br><b>Per2:</b> Более 3 месяцев<br><b>Per3:</b> Пенсионер<br><b>Per4:</b> 3 и более<br><b>Per5:</b> WhatsApp<br>
)

Bitrix Response: {"result":655711,"time":{"start":1772093593,"finish":1772093595.960219,"duration":2.960218906402588,"processing":2,"date_start":"2026-02-26T11:13:13+03:00","date_finish":"2026-02-26T11:13:15+03:00","operating_reset_at":1772094193,"operating":9.677903175354004}}
Статус: Успешно (Lead ID: 655711)
--------------------------------------------------

