Время: 25.02.2026 09:31:33
Сервис: КЦ
From: Заявка из КЦ
Клиент: Array
(
    [name] => ТЕСТ
    [phone] => 79110000116
    [email] => 
)

Город: не определён (ID: не найден)
RAW Input: {"lead_name":"\u041b\u0438\u0434 \u041a\u0426 \u041c\u0438\u0440 \u0431\u0435\u0437 \u0434\u043e\u043b\u0433\u043e\u0432","name":"\u0422\u0415\u0421\u0422","phone":"79110000116","phones":["79110000116"],"comment":"[p]\n\u0418\u043c\u044f: \u0422\u0415\u0421\u0422\n\u0418\u043f\u043e\u0442\u0435\u043a\u0430: \u043d\u0435\u0442\n\u0410\u0432\u0442\u043e\u043a\u0440\u0435\u0434\u0438\u0442: \u043d\u0435\u0442\n\u0413\u043e\u0442\u043e\u0432 \u043f\u043e\u0442\u0435\u0440\u044f\u0442\u044c \u0437\u0430\u043b\u043e\u0433\u043e\u0432\u043e\u0435 \u0438\u043c\u0443\u0449\u0435\u0441\u0442\u0432\u043e? \n\u0421\u0443\u043c\u043c\u0430 \u0434\u043e\u043b\u0433\u0430: \u0411\u043e\u043b\u0435\u0435 300.000. \n\u0413\u043e\u0440\u043e\u0434: \u0422\u0415\u0421\u0422\n\u0420\u0435\u0433\u0438\u043e\u043d: \u0423\u043b\u044c\u044f\u043d\u043e\u0432\u0441\u043a\u0430\u044f \u043e\u0431\u043b\u0430\u0441\u0442\u044c\n\u0422\u043e\u0447\u043d\u0430\u044f \u0441\u0443\u043c\u043c\u0430 \u0434\u043e\u04
POST: Array
(
)

Quiz/Комментарии: Array
(
)

Собранные комментарии (для лога): 
Lead_name: Лид КЦ Мир без долгов
Phones: 79110000116
Comment: [p]
Имя: ТЕСТ
Ипотека: нет
Автокредит: нет
Готов потерять залоговое имущество? 
Сумма долга: Более 300.000. 
Город: ТЕСТ
Регион: Ульяновская область
Точная сумма долга: 2 000 000
Ссылка на запись звонка: 
Источник: БФЛ КЦ. 
Имя сотрудника: Вероника
[/p]. 
Имя сотрудника: Вероника.. &lt;br/&gt;Имя сотрудника: Вероника.

Отправка комментариев в Bitrix: ДА
Поля для Bitrix: Array
(
    [NAME] => ТЕСТ
    [PHONE] => Array
        (
            [0] => Array
                (
                    [VALUE] => 79110000116
                    [VALUE_TYPE] => MOBILE
                )

        )

    [ASSIGNED_BY_ID] => 1
    [TITLE] => Новая заявка - 79110000116
    [OPENED] => Y
    [STATUS_ID] => NEW
    [SOURCE_ID] => 1023
    [COMMENTS] => <b>Lead_name:</b> Лид КЦ Мир без долгов<br><b>Phones:</b> 79110000116<br><b>Comment:</b> [p]
Имя: ТЕСТ
Ипотека: нет
Автокредит: нет
Готов потерять залоговое имущество? 
Сумма долга: Более 300.000. 
Город: ТЕСТ
Регион: Ульяновская область
Точная сумма долга: 2 000 000
Ссылка на запись звонка: 
Источник: БФЛ КЦ. 
Имя сотрудника: Вероника
[/p]. 
Имя сотрудника: Вероника.. &lt;br/&gt;Имя сотрудника: Вероника.<br>
)

Bitrix Response: {"result":654779,"time":{"start":1772001093,"finish":1772001096.318132,"duration":3.318131923675537,"processing":3,"date_start":"2026-02-25T09:31:33+03:00","date_finish":"2026-02-25T09:31:36+03:00","operating_reset_at":1772001693,"operating":11.706202745437622}}
Статус: Успешно (Lead ID: 654779)
--------------------------------------------------

Время: 25.02.2026 12:31:10
Сервис: КЦ
From: Заявка из КЦ
Клиент: Array
(
    [name] => ТЕСТ
    [phone] => 79110000125
    [email] => 
)

Город: не определён (ID: не найден)
RAW Input: {"lead_name":"\u041b\u0438\u0434 \u041a\u0426 \u041c\u0438\u0440 \u0431\u0435\u0437 \u0434\u043e\u043b\u0433\u043e\u0432","name":"\u0422\u0415\u0421\u0422","phone":"79110000125","phones":["79110000125"],"comment":"[p]\n\u0418\u043c\u044f: \u0422\u0415\u0421\u0422\n\u0418\u043f\u043e\u0442\u0435\u043a\u0430: \u043d\u0435\u0442\n\u0410\u0432\u0442\u043e\u043a\u0440\u0435\u0434\u0438\u0442: \u043d\u0435\u0442\n\u0413\u043e\u0442\u043e\u0432 \u043f\u043e\u0442\u0435\u0440\u044f\u0442\u044c \u0437\u0430\u043b\u043e\u0433\u043e\u0432\u043e\u0435 \u0438\u043c\u0443\u0449\u0435\u0441\u0442\u0432\u043e? \n\u0421\u0443\u043c\u043c\u0430 \u0434\u043e\u043b\u0433\u0430: \u0411\u043e\u043b\u0435\u0435 300.000. \n\u0413\u043e\u0440\u043e\u0434: \u0422\u0415\u0421\u0422\n\u0420\u0435\u0433\u0438\u043e\u043d: \u0423\u043b\u044c\u044f\u043d\u043e\u0432\u0441\u043a\u0430\u044f \u043e\u0431\u043b\u0430\u0441\u0442\u044c\n\u0422\u043e\u0447\u043d\u0430\u044f \u0441\u0443\u043c\u043c\u0430 \u0434\u043e\u04
POST: Array
(
)

Quiz/Комментарии: Array
(
)

Собранные комментарии (для лога): 
Lead_name: Лид КЦ Мир без долгов
Phones: 79110000125
Comment: [p]
Имя: ТЕСТ
Ипотека: нет
Автокредит: нет
Готов потерять залоговое имущество? 
Сумма долга: Более 300.000. 
Город: ТЕСТ
Регион: Ульяновская область
Точная сумма долга: 2 000 000
Ссылка на запись звонка: 
Источник: БФЛ КЦ. 
Имя сотрудника: Вероника
[/p]. &lt;br/&gt;Имя сотрудника: Вероника.

Отправка комментариев в Bitrix: ДА
Поля для Bitrix: Array
(
    [NAME] => ТЕСТ
    [PHONE] => Array
        (
            [0] => Array
                (
                    [VALUE] => 79110000125
                    [VALUE_TYPE] => MOBILE
                )

        )

    [ASSIGNED_BY_ID] => 1
    [TITLE] => Новая заявка - 79110000125
    [OPENED] => Y
    [STATUS_ID] => NEW
    [SOURCE_ID] => 1023
    [COMMENTS] => <b>Lead_name:</b> Лид КЦ Мир без долгов<br><b>Phones:</b> 79110000125<br><b>Comment:</b> [p]
Имя: ТЕСТ
Ипотека: нет
Автокредит: нет
Готов потерять залоговое имущество? 
Сумма долга: Более 300.000. 
Город: ТЕСТ
Регион: Ульяновская область
Точная сумма долга: 2 000 000
Ссылка на запись звонка: 
Источник: БФЛ КЦ. 
Имя сотрудника: Вероника
[/p]. &lt;br/&gt;Имя сотрудника: Вероника.<br>
)

Bitrix Response: {"result":654957,"time":{"start":1772011870,"finish":1772011873.585522,"duration":3.585521936416626,"processing":2,"date_start":"2026-02-25T12:31:10+03:00","date_finish":"2026-02-25T12:31:13+03:00","operating_reset_at":1772012471,"operating":24.318942546844482}}
Статус: Успешно (Lead ID: 654957)
--------------------------------------------------

Время: 26.02.2026 08:31:56
Сервис: КЦ
From: Заявка из КЦ
Клиент: Array
(
    [name] => Олег
    [phone] => 79022120066
    [email] => 
)

Город: не определён (ID: не найден)
RAW Input: {"lead_name":"\u041b\u0438\u0434 \u041a\u0426 \u041c\u0438\u0440 \u0411\u0435\u0437 \u0414\u043e\u043b\u0433\u043e\u0432","name":"\u041e\u043b\u0435\u0433","phone":"79022120066","phones":["79022120066"],"comment":"\u0418\u043c\u044f: \u041e\u043b\u0435\u0433. \n\u0418\u043f\u043e\u0442\u0435\u043a\u0430: \u041d\u0435\u0442. \n\u0410\u0432\u0442\u043e\u043a\u0440\u0435\u0434\u0438\u0442: \u041d\u0435\u0442. \n\u0413\u043e\u0442\u043e\u0432 \u043f\u043e\u0442\u0435\u0440\u044f\u0442\u044c \u0437\u0430\u043b\u043e\u0433\u043e\u0432\u043e\u0435 \u0438\u043c\u0443\u0449\u0435\u0441\u0442\u0432\u043e? . \n\u0421\u0443\u043c\u043c\u0430 \u0434\u043e\u043b\u0433\u0430: \u0411\u043e\u043b\u0435\u0435 300.000. \n\u0413\u043e\u0440\u043e\u0434: \u0423\u043b\u044c\u044f\u043d\u043e\u0432\u0441\u043a, \u0423\u043b\u044c\u044f\u043d\u043e\u0432\u0441\u043a \u0423\u043b\u044c\u044f\u043d\u043e\u0432\u0441\u043a\u0430\u044f \u043e\u0431\u043b\u0430\u0441\u0442\u044c, \u0420\u043e\u0441\u0441\u0438\u04
POST: Array
(
)

Quiz/Комментарии: Array
(
)

Собранные комментарии (для лога): 
Lead_name: Лид КЦ Мир Без Долгов
Phones: 79022120066
Comment: Имя: Олег. 
Ипотека: Нет. 
Автокредит: Нет. 
Готов потерять залоговое имущество? . 
Сумма долга: Более 300.000. 
Город: Ульяновск, Ульяновск Ульяновская область, Россия. 
Регион: Ульяновская область. 
Точная сумма долга: 800.000. 
Источник: БФЛ КЦ. &lt;br/&gt;Имя сотрудника: Виктория.

Отправка комментариев в Bitrix: ДА
Поля для Bitrix: Array
(
    [NAME] => Олег
    [PHONE] => Array
        (
            [0] => Array
                (
                    [VALUE] => 79022120066
                    [VALUE_TYPE] => MOBILE
                )

        )

    [ASSIGNED_BY_ID] => 1
    [TITLE] => Новая заявка - 79022120066
    [OPENED] => Y
    [STATUS_ID] => NEW
    [SOURCE_ID] => 1023
    [COMMENTS] => <b>Lead_name:</b> Лид КЦ Мир Без Долгов<br><b>Phones:</b> 79022120066<br><b>Comment:</b> Имя: Олег. 
Ипотека: Нет. 
Автокредит: Нет. 
Готов потерять залоговое имущество? . 
Сумма долга: Более 300.000. 
Город: Ульяновск, Ульяновск Ульяновская область, Россия. 
Регион: Ульяновская область. 
Точная сумма долга: 800.000. 
Источник: БФЛ КЦ. &lt;br/&gt;Имя сотрудника: Виктория.<br>
)

Bitrix Response: {"result":655549,"time":{"start":1772083916,"finish":1772083919.216459,"duration":3.216459035873413,"processing":3,"date_start":"2026-02-26T08:31:56+03:00","date_finish":"2026-02-26T08:31:59+03:00","operating_reset_at":1772084516,"operating":2.2771170139312744}}
Статус: Успешно (Lead ID: 655549)
--------------------------------------------------

Время: 26.02.2026 08:47:32
Сервис: КЦ
From: Заявка из КЦ
Клиент: Array
(
    [name] => Николай
    [phone] => 79041914771
    [email] => 
)

Город: не определён (ID: не найден)
RAW Input: {"lead_name":"\u041b\u0438\u0434 \u041a\u0426 \u041c\u0438\u0440 \u0411\u0435\u0437 \u0414\u043e\u043b\u0433\u043e\u0432","name":"\u041d\u0438\u043a\u043e\u043b\u0430\u0439","phone":"79041914771","phones":["79041914771"],"comment":"\u0418\u043c\u044f: \u041d\u0438\u043a\u043e\u043b\u0430\u0439. \n\u0418\u043f\u043e\u0442\u0435\u043a\u0430: \u041d\u0435\u0442. \n\u0410\u0432\u0442\u043e\u043a\u0440\u0435\u0434\u0438\u0442: \u041d\u0435\u0442. \n\u0413\u043e\u0442\u043e\u0432 \u043f\u043e\u0442\u0435\u0440\u044f\u0442\u044c \u0437\u0430\u043b\u043e\u0433\u043e\u0432\u043e\u0435 \u0438\u043c\u0443\u0449\u0435\u0441\u0442\u0432\u043e? . \n\u0421\u0443\u043c\u043c\u0430 \u0434\u043e\u043b\u0433\u0430: \u0411\u043e\u043b\u0435\u0435 300.000. \n\u0413\u043e\u0440\u043e\u0434: \u0411\u0438\u0440\u044e\u0447\u0451\u0432\u043a\u0430. \n\u0420\u0435\u0433\u0438\u043e\u043d: \u0423\u043b\u044c\u044f\u043d\u043e\u0432\u0441\u043a\u0430\u044f \u043e\u0431\u043b\u0430\u0441\u0442\u044c. \n\u0422\u043
POST: Array
(
)

Quiz/Комментарии: Array
(
)

Собранные комментарии (для лога): 
Lead_name: Лид КЦ Мир Без Долгов
Phones: 79041914771
Comment: Имя: Николай. 
Ипотека: Нет. 
Автокредит: Нет. 
Готов потерять залоговое имущество? . 
Сумма долга: Более 300.000. 
Город: Бирючёвка. 
Регион: Ульяновская область. 
Точная сумма долга: 10000000. 
Ссылка на запись звонка: [url=https://ccmbd.bitrix24.ru/~zRG9Q]https://ccmbd.bitrix24.ru/~zRG9Q[/url] 
Источник: БФЛ КЦ. &lt;br/&gt;Имя сотрудника: Ирина.

Отправка комментариев в Bitrix: ДА
Поля для Bitrix: Array
(
    [NAME] => Николай
    [PHONE] => Array
        (
            [0] => Array
                (
                    [VALUE] => 79041914771
                    [VALUE_TYPE] => MOBILE
                )

        )

    [ASSIGNED_BY_ID] => 1
    [TITLE] => Новая заявка - 79041914771
    [OPENED] => Y
    [STATUS_ID] => NEW
    [SOURCE_ID] => 1023
    [COMMENTS] => <b>Lead_name:</b> Лид КЦ Мир Без Долгов<br><b>Phones:</b> 79041914771<br><b>Comment:</b> Имя: Николай. 
Ипотека: Нет. 
Автокредит: Нет. 
Готов потерять залоговое имущество? . 
Сумма долга: Более 300.000. 
Город: Бирючёвка. 
Регион: Ульяновская область. 
Точная сумма долга: 10000000. 
Ссылка на запись звонка: [url=https://ccmbd.bitrix24.ru/~zRG9Q]https://ccmbd.bitrix24.ru/~zRG9Q[/url] 
Источник: БФЛ КЦ. &lt;br/&gt;Имя сотрудника: Ирина.<br>
)

Bitrix Response: {"result":655551,"time":{"start":1772084852,"finish":1772084855.016316,"duration":3.0163159370422363,"processing":3,"date_start":"2026-02-26T08:47:32+03:00","date_finish":"2026-02-26T08:47:35+03:00","operating_reset_at":1772085452,"operating":2.2672481536865234}}
Статус: Успешно (Lead ID: 655551)
--------------------------------------------------

Время: 26.02.2026 16:06:04
Сервис: КЦ
From: Заявка из КЦ
Клиент: Array
(
    [name] => ТЕСТ
    [phone] => 79110000128
    [email] => 
)

Город: не определён (ID: не найден)
RAW Input: {"lead_name":"\u041b\u0438\u0434 \u041a\u0426 \u041c\u0438\u0440 \u0431\u0435\u0437 \u0434\u043e\u043b\u0433\u043e\u0432","name":"\u0422\u0415\u0421\u0422","phone":"79110000128","phones":["79110000128"],"comment":"[p]\n\u0418\u043c\u044f: \u0422\u0415\u0421\u0422\n\u0418\u043f\u043e\u0442\u0435\u043a\u0430: \u043d\u0435\u0442\n\u0410\u0432\u0442\u043e\u043a\u0440\u0435\u0434\u0438\u0442: \u043d\u0435\u0442\n\u0413\u043e\u0442\u043e\u0432 \u043f\u043e\u0442\u0435\u0440\u044f\u0442\u044c \u0437\u0430\u043b\u043e\u0433\u043e\u0432\u043e\u0435 \u0438\u043c\u0443\u0449\u0435\u0441\u0442\u0432\u043e? \n\u0421\u0443\u043c\u043c\u0430 \u0434\u043e\u043b\u0433\u0430: \u0411\u043e\u043b\u0435\u0435 300.000. \n\u0413\u043e\u0440\u043e\u0434: \u0422\u0415\u0421\u0422\n\u0420\u0435\u0433\u0438\u043e\u043d: \u0423\u043b\u044c\u044f\u043d\u043e\u0432\u0441\u043a\u0430\u044f \u043e\u0431\u043b\u0430\u0441\u0442\u044c\n\u0422\u043e\u0447\u043d\u0430\u044f \u0441\u0443\u043c\u043c\u0430 \u0434\u043e\u04
POST: Array
(
)

Quiz/Комментарии: Array
(
)

Собранные комментарии (для лога): 
Lead_name: Лид КЦ Мир без долгов
Phones: 79110000128
Comment: [p]
Имя: ТЕСТ
Ипотека: нет
Автокредит: нет
Готов потерять залоговое имущество? 
Сумма долга: Более 300.000. 
Город: ТЕСТ
Регион: Ульяновская область
Точная сумма долга: 2 000 000
Ссылка на запись звонка: 
Источник: БФЛ КЦ. 
Имя сотрудника: Вероника
[/p]. &lt;br/&gt;Имя сотрудника: Вероника.

Отправка комментариев в Bitrix: ДА
Поля для Bitrix: Array
(
    [NAME] => ТЕСТ
    [PHONE] => Array
        (
            [0] => Array
                (
                    [VALUE] => 79110000128
                    [VALUE_TYPE] => MOBILE
                )

        )

    [ASSIGNED_BY_ID] => 1
    [TITLE] => Новая заявка - 79110000128
    [OPENED] => Y
    [STATUS_ID] => NEW
    [SOURCE_ID] => 1023
    [COMMENTS] => <b>Lead_name:</b> Лид КЦ Мир без долгов<br><b>Phones:</b> 79110000128<br><b>Comment:</b> [p]
Имя: ТЕСТ
Ипотека: нет
Автокредит: нет
Готов потерять залоговое имущество? 
Сумма долга: Более 300.000. 
Город: ТЕСТ
Регион: Ульяновская область
Точная сумма долга: 2 000 000
Ссылка на запись звонка: 
Источник: БФЛ КЦ. 
Имя сотрудника: Вероника
[/p]. &lt;br/&gt;Имя сотрудника: Вероника.<br>
)

Bitrix Response: {"result":656101,"time":{"start":1772111164,"finish":1772111166.685061,"duration":2.685060977935791,"processing":2,"date_start":"2026-02-26T16:06:04+03:00","date_finish":"2026-02-26T16:06:06+03:00","operating_reset_at":1772111764,"operating":10.113396167755127}}
Статус: Успешно (Lead ID: 656101)
--------------------------------------------------

