Время: 25.02.2026 08:14:46
Сервис: КЦ
From: Заявка из КЦ
Клиент: Array
(
    [name] => Тестовый тест
    [phone] => 79111111122
    [email] => 
)

Город: Йошкар-Ола (ID: не найден)
RAW Input: {
 "name": "Тестовый тест",
    "phone": "79111111122",
 "Comments": "Оператор 300000 Залог [p]_Тестовый комментарий_[/p]",
    "Gorod": "Йошкар-Ола",
    "utm_source": "",
    "utm_medium": "",
    "utm_campaign": "",
    "utm_content": "",
    "utm_term": ""
}
POST: Array
(
)

Quiz/Комментарии: Array
(
)

Собранные комментарии (для лога): 
Comments: Оператор 300000 Залог [p]_Тестовый комментарий_[/p]
Город: Йошкар-Ола

Отправка комментариев в Bitrix: ДА
Поля для Bitrix: Array
(
    [NAME] => Тестовый тест
    [PHONE] => Array
        (
            [0] => Array
                (
                    [VALUE] => 79111111122
                    [VALUE_TYPE] => MOBILE
                )

        )

    [ASSIGNED_BY_ID] => 1
    [TITLE] => Новая заявка - 79111111122
    [OPENED] => Y
    [STATUS_ID] => NEW
    [SOURCE_ID] => 1031
    [COMMENTS] => <b>Comments:</b> Оператор 300000 Залог [p]_Тестовый комментарий_[/p]<br><b>Город:</b> Йошкар-Ола<br>
)

Bitrix Response: {"result":654713,"time":{"start":1771996487,"finish":1771996489.302896,"duration":2.302896022796631,"processing":2,"date_start":"2026-02-25T08:14:47+03:00","date_finish":"2026-02-25T08:14:49+03:00","operating_reset_at":1771997087,"operating":6.713257789611816}}
Статус: Успешно (Lead ID: 654713)
--------------------------------------------------

