Время: 25.02.2026 11:55:06
Сервис: Tilda
ОШИБКА ВАЛИДАЦИИ: Телефон не указан
Клиент: Array
(
    [name] => 
    [phone] => 
    [email] => 
)

RAW Input: test=test
POST: Array
(
    [test] => test
)

Статус: Ошибка валидации телефона
--------------------------------------------------

Время: 25.02.2026 12:34:55
Сервис: Tilda
From: Заявка из Tilda
Клиент: Array
(
    [name] => Тест Ульяновск
    [phone] => +7 (933) 333-33-33
    [email] => 
)

Город: не определён (ID: не найден)
RAW Input: counter=G-Restrukturizaciya-%D0%A3%D0%BB%D1%8C%D1%8F%D0%BD%D0%BE%D0%B2%D1%81%D0%BA&01__%D0%9E%D0%B1%D1%89%D0%B0%D1%8F_%D1%81%D1%83%D0%BC%D0%BC%D0%B0_%D0%B7%D0%B0%D0%B4%D0%BE%D0%BB%D0%B6%D0%B5%D0%BD%D0%BD%D0%BE%D1%81%D1%82%D0%B5%D0%B9=500+000+-+1+000+000+%D1%80%D1%83%D0%B1%D0%BB%D0%B5%D0%B9&02__%D0%92%D0%B0%D1%88_%D0%BE%D1%84%D0%B8%D1%86%D0%B8%D0%B0%D0%BB%D1%8C%D0%BD%D1%8B%D0%B9_%D0%B4%D0%BE%D1%85%D0%BE%D0%B4_%D0%B2_%D0%BC%D0%B5%D1%81%D1%8F%D1%86=%D0%9D%D0%B5%D1%82+%D0%BE%D1%84%D0%B8%D1%86%D0%B8%D0%B0%D0%BB%D1%8C%D0%BD%D0%BE%D0%B3%D0%BE+%D0%B4%D0%BE%D1%85%D0%BE%D0%B4%D0%B0&03__%D0%95%D1%81%D1%82%D1%8C_%D0%BB%D0%B8_%D1%83_%D0%B2%D0%B0%D1%81_%D0%B8%D0%BF%D0%BE%D1%82%D0%B5%D0%BA%D0%B0_%D0%B8%D0%BB%D0%B8_%D0%B0%D0%B2%D1%82%D0%BE%D0%BA%D1%80%D0%B5%D0%B4%D0%B8%D1%82=%D0%9D%D0%B5%D1%82&04__%D0%9F%D1%80%D0%BE%D1%82%D0%B8%D0%B2_%D0%B2%D0%B0%D1%81_%D0%B2%D0%BE%D0%B7%D0%B1%D1%83%D0%B6%D0%B4%D0%B0%D0%BB%D0%BE%D1%81%D1%8C_%D0%B8%D1%81%D0%BF%D0%BE%D0%BB%D0%BD%D0%B8%D1%82%D0%B5%D0%BB%D1%8C%D0%BD%D0%BE
POST: Array
(
    [counter] => G-Restrukturizaciya-Ульяновск
    [01__Общая_сумма_задолженностей] => 500 000 - 1 000 000 рублей
    [02__Ваш_официальный_доход_в_месяц] => Нет официального дохода
    [03__Есть_ли_у_вас_ипотека_или_автокредит] => Нет
    [04__Против_вас_возбуждалось_исполнительное_производство_в_ФССП] => Нет
    [Как_вам_удобнее_получить_результат] => Бесплатная телефонная консультация
    [Phone] => +7 (933) 333-33-33
    [name] => Тест Ульяновск
    [tranid] => 3897434:8196249972
    [COOKIES] => _ym_uid=1710499569649596766; _ym_d=1759568800; tildauid=1770756146486.313904; _ym_isad=2; tildasid=1772012014369.107863; _ym_visorc=w; previousUrl=bankrotstvo-rf.tilda.ws%2Fr-ulyanovsk
    [formid] => form1842602441
)

Quiz/Комментарии: Array
(
)

Собранные комментарии (для лога): 
Counter: G-Restrukturizaciya-Ульяновск
01__Общая_сумма_задолженностей: 500 000 - 1 000 000 рублей
02__Ваш_официальный_доход_в_месяц: Нет официального дохода
03__Есть_ли_у_вас_ипотека_или_автокредит: Нет
04__Против_вас_возбуждалось_исполнительное_производство_в_ФССП: Нет
Как_вам_удобнее_получить_результат: Бесплатная телефонная консультация
Cookies: _ym_uid=1710499569649596766; _ym_d=1759568800; tildauid=1770756146486.313904; _ym_isad=2; tildasid=1772012014369.107863; _ym_visorc=w; previousUrl=bankrotstvo-rf.tilda.ws%2Fr-ulyanovsk

Отправка комментариев в Bitrix: ДА
Поля для Bitrix: Array
(
    [NAME] => Тест Ульяновск
    [PHONE] => Array
        (
            [0] => Array
                (
                    [VALUE] => +79333333333
                    [VALUE_TYPE] => MOBILE
                )

        )

    [ASSIGNED_BY_ID] => 1
    [TITLE] => Заявка из Tilda
    [OPENED] => Y
    [STATUS_ID] => NEW
    [SOURCE_ID] => 1064
    [COMMENTS] => <b>Counter:</b> G-Restrukturizaciya-Ульяновск<br><b>01__Общая_сумма_задолженностей:</b> 500 000 - 1 000 000 рублей<br><b>02__Ваш_официальный_доход_в_месяц:</b> Нет официального дохода<br><b>03__Есть_ли_у_вас_ипотека_или_автокредит:</b> Нет<br><b>04__Против_вас_возбуждалось_исполнительное_производство_в_ФССП:</b> Нет<br><b>Как_вам_удобнее_получить_результат:</b> Бесплатная телефонная консультация<br><b>Cookies:</b> _ym_uid=1710499569649596766; _ym_d=1759568800; tildauid=1770756146486.313904; _ym_isad=2; tildasid=1772012014369.107863; _ym_visorc=w; previousUrl=bankrotstvo-rf.tilda.ws%2Fr-ulyanovsk<br>
)

Bitrix Response: {"result":654973,"time":{"start":1772012095,"finish":1772012098.300971,"duration":3.300971031188965,"processing":3,"date_start":"2026-02-25T12:34:55+03:00","date_finish":"2026-02-25T12:34:58+03:00","operating_reset_at":1772012695,"operating":34.60246419906616}}
Статус: Успешно (Lead ID: 654973)
--------------------------------------------------

Время: 25.02.2026 14:40:24
Сервис: Tilda
From: Заявка из Tilda
Клиент: Array
(
    [name] => Сергей
    [phone] => +7 (917) 634-89-40
    [email] => 
)

Город: не определён (ID: не найден)
RAW Input: counter=G-Restrukturizaciya-%D0%A3%D0%BB%D1%8C%D1%8F%D0%BD%D0%BE%D0%B2%D1%81%D0%BA&01__%D0%9E%D0%B1%D1%89%D0%B0%D1%8F_%D1%81%D1%83%D0%BC%D0%BC%D0%B0_%D0%B7%D0%B0%D0%B4%D0%BE%D0%BB%D0%B6%D0%B5%D0%BD%D0%BD%D0%BE%D1%81%D1%82%D0%B5%D0%B9=300+000+-+500+000+%D1%80%D1%83%D0%B1%D0%BB%D0%B5%D0%B9&02__%D0%92%D0%B0%D1%88_%D0%BE%D1%84%D0%B8%D1%86%D0%B8%D0%B0%D0%BB%D1%8C%D0%BD%D1%8B%D0%B9_%D0%B4%D0%BE%D1%85%D0%BE%D0%B4_%D0%B2_%D0%BC%D0%B5%D1%81%D1%8F%D1%86=20+000+-+50+000+%D1%80%D1%83%D0%B1%D0%BB%D0%B5%D0%B9&03__%D0%95%D1%81%D1%82%D1%8C_%D0%BB%D0%B8_%D1%83_%D0%B2%D0%B0%D1%81_%D0%B8%D0%BF%D0%BE%D1%82%D0%B5%D0%BA%D0%B0_%D0%B8%D0%BB%D0%B8_%D0%B0%D0%B2%D1%82%D0%BE%D0%BA%D1%80%D0%B5%D0%B4%D0%B8%D1%82=%D0%95%D1%81%D1%82%D1%8C&04__%D0%9F%D1%80%D0%BE%D1%82%D0%B8%D0%B2_%D0%B2%D0%B0%D1%81_%D0%B2%D0%BE%D0%B7%D0%B1%D1%83%D0%B6%D0%B4%D0%B0%D0%BB%D0%BE%D1%81%D1%8C_%D0%B8%D1%81%D0%BF%D0%BE%D0%BB%D0%BD%D0%B8%D1%82%D0%B5%D0%BB%D1%8C%D0%BD%D0%BE%D0%B5_%D0%BF%D1%80%D0%BE%D0%B8%D0%B7%D0%B2%D0%BE%D0%B4%D1%81%D1%82%D0%B
POST: Array
(
    [counter] => G-Restrukturizaciya-Ульяновск
    [01__Общая_сумма_задолженностей] => 300 000 - 500 000 рублей
    [02__Ваш_официальный_доход_в_месяц] => 20 000 - 50 000 рублей
    [03__Есть_ли_у_вас_ипотека_или_автокредит] => Есть
    [04__Против_вас_возбуждалось_исполнительное_производство_в_ФССП] => Точно не знаю
    [Как_вам_удобнее_получить_результат] => Упрощённый ответ в СМС
    [Phone] => +7 (917) 634-89-40
    [name] => Сергей
    [tranid] => 3897434:8196688763
    [COOKIES] => TILDAUTM=utm_source%3Dmarketing_nayden%7C%7C%7Cutm_medium%3Dcpc%7C%7C%7Cutm_campaign%3D706726311%7C%7C%7Cutm_content%3D1900076605287219995%7C%7C%7Cutm_term%3D---autotargeting%7C%7C%7C; _ym_uid=1772019553976718941; _ym_d=1772019553; tildauid=1772019553549.524381; tildasid=1772019553549.473725; previousUrl=bankrotstvo-rf.tilda.ws%2Fr-ulyanovsk; _ym_isad=2; _ym_visorc=w
    [formid] => form1842602441
    [utm_source] => marketing_nayden
    [utm_medium] => cpc
    [utm_campaign] => 706726311
    [utm_content] => 1900076605287219995
    [utm_term] => ---autotargeting
)

Quiz/Комментарии: Array
(
)

Собранные комментарии (для лога): 
Counter: G-Restrukturizaciya-Ульяновск
01__Общая_сумма_задолженностей: 300 000 - 500 000 рублей
02__Ваш_официальный_доход_в_месяц: 20 000 - 50 000 рублей
03__Есть_ли_у_вас_ипотека_или_автокредит: Есть
04__Против_вас_возбуждалось_исполнительное_производство_в_ФССП: Точно не знаю
Как_вам_удобнее_получить_результат: Упрощённый ответ в СМС
Cookies: TILDAUTM=utm_source%3Dmarketing_nayden%7C%7C%7Cutm_medium%3Dcpc%7C%7C%7Cutm_campaign%3D706726311%7C%7C%7Cutm_content%3D1900076605287219995%7C%7C%7Cutm_term%3D---autotargeting%7C%7C%7C; _ym_uid=1772019553976718941; _ym_d=1772019553; tildauid=1772019553549.524381; tildasid=1772019553549.473725; previousUrl=bankrotstvo-rf.tilda.ws%2Fr-ulyanovsk; _ym_isad=2; _ym_visorc=w

Отправка комментариев в Bitrix: ДА
Поля для Bitrix: Array
(
    [UTM_SOURCE] => marketing_nayden
    [UTM_MEDIUM] => cpc
    [UTM_CAMPAIGN] => 706726311
    [UTM_CONTENT] => 1900076605287219995
    [UTM_TERM] => ---autotargeting
    [NAME] => Сергей
    [PHONE] => Array
        (
            [0] => Array
                (
                    [VALUE] => +79176348940
                    [VALUE_TYPE] => MOBILE
                )

        )

    [ASSIGNED_BY_ID] => 1
    [TITLE] => Заявка из Tilda
    [OPENED] => Y
    [STATUS_ID] => NEW
    [SOURCE_ID] => 1064
    [COMMENTS] => <b>Counter:</b> G-Restrukturizaciya-Ульяновск<br><b>01__Общая_сумма_задолженностей:</b> 300 000 - 500 000 рублей<br><b>02__Ваш_официальный_доход_в_месяц:</b> 20 000 - 50 000 рублей<br><b>03__Есть_ли_у_вас_ипотека_или_автокредит:</b> Есть<br><b>04__Против_вас_возбуждалось_исполнительное_производство_в_ФССП:</b> Точно не знаю<br><b>Как_вам_удобнее_получить_результат:</b> Упрощённый ответ в СМС<br><b>Cookies:</b> TILDAUTM=utm_source%3Dmarketing_nayden%7C%7C%7Cutm_medium%3Dcpc%7C%7C%7Cutm_campaign%3D706726311%7C%7C%7Cutm_content%3D1900076605287219995%7C%7C%7Cutm_term%3D---autotargeting%7C%7C%7C; _ym_uid=1772019553976718941; _ym_d=1772019553; tildauid=1772019553549.524381; tildasid=1772019553549.473725; previousUrl=bankrotstvo-rf.tilda.ws%2Fr-ulyanovsk; _ym_isad=2; _ym_visorc=w<br>
)

Bitrix Response: {"result":655123,"time":{"start":1772019624,"finish":1772019627.268116,"duration":3.268115997314453,"processing":3,"date_start":"2026-02-25T14:40:24+03:00","date_finish":"2026-02-25T14:40:27+03:00","operating_reset_at":1772020224,"operating":10.478421926498413}}
Статус: Успешно (Lead ID: 655123)
--------------------------------------------------

Время: 26.02.2026 06:52:20
Сервис: Tilda
From: Заявка из Tilda
Клиент: Array
(
    [name] => Марина
    [phone] => +7 (902) 357-99-60
    [email] => 
)

Город: не определён (ID: не найден)
RAW Input: counter=G-Restrukturizaciya-%D0%A3%D0%BB%D1%8C%D1%8F%D0%BD%D0%BE%D0%B2%D1%81%D0%BA&01__%D0%9E%D0%B1%D1%89%D0%B0%D1%8F_%D1%81%D1%83%D0%BC%D0%BC%D0%B0_%D0%B7%D0%B0%D0%B4%D0%BE%D0%BB%D0%B6%D0%B5%D0%BD%D0%BD%D0%BE%D1%81%D1%82%D0%B5%D0%B9=250+000+-+300+000+%D1%80%D1%83%D0%B1%D0%BB%D0%B5%D0%B9&02__%D0%92%D0%B0%D1%88_%D0%BE%D1%84%D0%B8%D1%86%D0%B8%D0%B0%D0%BB%D1%8C%D0%BD%D1%8B%D0%B9_%D0%B4%D0%BE%D1%85%D0%BE%D0%B4_%D0%B2_%D0%BC%D0%B5%D1%81%D1%8F%D1%86=%D0%9D%D0%B5%D1%82+%D0%BE%D1%84%D0%B8%D1%86%D0%B8%D0%B0%D0%BB%D1%8C%D0%BD%D0%BE%D0%B3%D0%BE+%D0%B4%D0%BE%D1%85%D0%BE%D0%B4%D0%B0&03__%D0%95%D1%81%D1%82%D1%8C_%D0%BB%D0%B8_%D1%83_%D0%B2%D0%B0%D1%81_%D0%B8%D0%BF%D0%BE%D1%82%D0%B5%D0%BA%D0%B0_%D0%B8%D0%BB%D0%B8_%D0%B0%D0%B2%D1%82%D0%BE%D0%BA%D1%80%D0%B5%D0%B4%D0%B8%D1%82=%D0%9D%D0%B5%D1%82&04__%D0%9F%D1%80%D0%BE%D1%82%D0%B8%D0%B2_%D0%B2%D0%B0%D1%81_%D0%B2%D0%BE%D0%B7%D0%B1%D1%83%D0%B6%D0%B4%D0%B0%D0%BB%D0%BE%D1%81%D1%8C_%D0%B8%D1%81%D0%BF%D0%BE%D0%BB%D0%BD%D0%B8%D1%82%D0%B5%D0%BB%D1%8C%D0%BD%D0%BE%D
POST: Array
(
    [counter] => G-Restrukturizaciya-Ульяновск
    [01__Общая_сумма_задолженностей] => 250 000 - 300 000 рублей
    [02__Ваш_официальный_доход_в_месяц] => Нет официального дохода
    [03__Есть_ли_у_вас_ипотека_или_автокредит] => Нет
    [04__Против_вас_возбуждалось_исполнительное_производство_в_ФССП] => Точно не знаю
    [Как_вам_удобнее_получить_результат] => Мессенджер MAX
    [Phone] => +7 (902) 357-99-60
    [name] => Марина
    [tranid] => 3897434:8198361283
    [COOKIES] => TILDAUTM=utm_source%3Dmarketing_nayden%7C%7C%7Cutm_medium%3Dcpc%7C%7C%7Cutm_campaign%3D706726311%7C%7C%7Cutm_content%3D1900076605287219995%7C%7C%7Cutm_term%3D---autotargeting%7C%7C%7C; tildauid=1772078338630.196021; tildasid=1772078338630.926500; previousUrl=bankrotstvo-rf.tilda.ws%2Fr-ulyanovsk; _ym_uid=1772078339815655309; _ym_d=1772078339; _ym_visorc=w; _ym_isad=2
    [formid] => form1842602441
    [utm_source] => marketing_nayden
    [utm_medium] => cpc
    [utm_campaign] => 706726311
    [utm_content] => 1900076605287219995
    [utm_term] => ---autotargeting
)

Quiz/Комментарии: Array
(
)

Собранные комментарии (для лога): 
Counter: G-Restrukturizaciya-Ульяновск
01__Общая_сумма_задолженностей: 250 000 - 300 000 рублей
02__Ваш_официальный_доход_в_месяц: Нет официального дохода
03__Есть_ли_у_вас_ипотека_или_автокредит: Нет
04__Против_вас_возбуждалось_исполнительное_производство_в_ФССП: Точно не знаю
Как_вам_удобнее_получить_результат: Мессенджер MAX
Cookies: TILDAUTM=utm_source%3Dmarketing_nayden%7C%7C%7Cutm_medium%3Dcpc%7C%7C%7Cutm_campaign%3D706726311%7C%7C%7Cutm_content%3D1900076605287219995%7C%7C%7Cutm_term%3D---autotargeting%7C%7C%7C; tildauid=1772078338630.196021; tildasid=1772078338630.926500; previousUrl=bankrotstvo-rf.tilda.ws%2Fr-ulyanovsk; _ym_uid=1772078339815655309; _ym_d=1772078339; _ym_visorc=w; _ym_isad=2

Отправка комментариев в Bitrix: ДА
Поля для Bitrix: Array
(
    [UTM_SOURCE] => marketing_nayden
    [UTM_MEDIUM] => cpc
    [UTM_CAMPAIGN] => 706726311
    [UTM_CONTENT] => 1900076605287219995
    [UTM_TERM] => ---autotargeting
    [NAME] => Марина
    [PHONE] => Array
        (
            [0] => Array
                (
                    [VALUE] => +79023579960
                    [VALUE_TYPE] => MOBILE
                )

        )

    [ASSIGNED_BY_ID] => 1
    [TITLE] => Заявка из Tilda
    [OPENED] => Y
    [STATUS_ID] => NEW
    [SOURCE_ID] => 1064
    [COMMENTS] => <b>Counter:</b> G-Restrukturizaciya-Ульяновск<br><b>01__Общая_сумма_задолженностей:</b> 250 000 - 300 000 рублей<br><b>02__Ваш_официальный_доход_в_месяц:</b> Нет официального дохода<br><b>03__Есть_ли_у_вас_ипотека_или_автокредит:</b> Нет<br><b>04__Против_вас_возбуждалось_исполнительное_производство_в_ФССП:</b> Точно не знаю<br><b>Как_вам_удобнее_получить_результат:</b> Мессенджер MAX<br><b>Cookies:</b> TILDAUTM=utm_source%3Dmarketing_nayden%7C%7C%7Cutm_medium%3Dcpc%7C%7C%7Cutm_campaign%3D706726311%7C%7C%7Cutm_content%3D1900076605287219995%7C%7C%7Cutm_term%3D---autotargeting%7C%7C%7C; tildauid=1772078338630.196021; tildasid=1772078338630.926500; previousUrl=bankrotstvo-rf.tilda.ws%2Fr-ulyanovsk; _ym_uid=1772078339815655309; _ym_d=1772078339; _ym_visorc=w; _ym_isad=2<br>
)

Bitrix Response: {"result":655539,"time":{"start":1772077940,"finish":1772077942.725255,"duration":2.725255012512207,"processing":2,"date_start":"2026-02-26T06:52:20+03:00","date_finish":"2026-02-26T06:52:22+03:00","operating_reset_at":1772078540,"operating":4.406731128692627}}
Статус: Успешно (Lead ID: 655539)
--------------------------------------------------

Время: 26.02.2026 16:25:49
Сервис: Tilda
From: Заявка из Tilda
Клиент: Array
(
    [name] => Александр
    [phone] => +7 (996) 157-93-94
    [email] => 
)

Город: не определён (ID: не найден)
RAW Input: counter=G-Restrukturizaciya-%D0%A3%D0%BB%D1%8C%D1%8F%D0%BD%D0%BE%D0%B2%D1%81%D0%BA&01__%D0%9E%D0%B1%D1%89%D0%B0%D1%8F_%D1%81%D1%83%D0%BC%D0%BC%D0%B0_%D0%B7%D0%B0%D0%B4%D0%BE%D0%BB%D0%B6%D0%B5%D0%BD%D0%BD%D0%BE%D1%81%D1%82%D0%B5%D0%B9=%D0%91%D0%BE%D0%BB%D0%B5%D0%B5+1+000+000+%D1%80%D1%83%D0%B1%D0%BB%D0%B5%D0%B9&02__%D0%92%D0%B0%D1%88_%D0%BE%D1%84%D0%B8%D1%86%D0%B8%D0%B0%D0%BB%D1%8C%D0%BD%D1%8B%D0%B9_%D0%B4%D0%BE%D1%85%D0%BE%D0%B4_%D0%B2_%D0%BC%D0%B5%D1%81%D1%8F%D1%86=%D0%91%D0%BE%D0%BB%D0%B5%D0%B5+50+000+%D1%80%D1%83%D0%B1%D0%BB%D0%B5%D0%B9&03__%D0%95%D1%81%D1%82%D1%8C_%D0%BB%D0%B8_%D1%83_%D0%B2%D0%B0%D1%81_%D0%B8%D0%BF%D0%BE%D1%82%D0%B5%D0%BA%D0%B0_%D0%B8%D0%BB%D0%B8_%D0%B0%D0%B2%D1%82%D0%BE%D0%BA%D1%80%D0%B5%D0%B4%D0%B8%D1%82=%D0%95%D1%81%D1%82%D1%8C&04__%D0%9F%D1%80%D0%BE%D1%82%D0%B8%D0%B2_%D0%B2%D0%B0%D1%81_%D0%B2%D0%BE%D0%B7%D0%B1%D1%83%D0%B6%D0%B4%D0%B0%D0%BB%D0%BE%D1%81%D1%8C_%D0%B8%D1%81%D0%BF%D0%BE%D0%BB%D0%BD%D0%B8%D1%82%D0%B5%D0%BB%D1%8C%D0%BD%D0%BE%D0%B5_%D0%BF%D1%80%D0%BE%D
POST: Array
(
    [counter] => G-Restrukturizaciya-Ульяновск
    [01__Общая_сумма_задолженностей] => Более 1 000 000 рублей
    [02__Ваш_официальный_доход_в_месяц] => Более 50 000 рублей
    [03__Есть_ли_у_вас_ипотека_или_автокредит] => Есть
    [04__Против_вас_возбуждалось_исполнительное_производство_в_ФССП] => Нет
    [Как_вам_удобнее_получить_результат] => Мессенджер MAX
    [Phone] => +7 (996) 157-93-94
    [name] => Александр
    [tranid] => 3897434:8199892703
    [COOKIES] => _ym_uid=1731245665578697054; _ym_d=1765848289; TILDAUTM=utm_source%3Dmarketing_nayden%7C%7C%7Cutm_medium%3Dcpc%7C%7C%7Cutm_campaign%3D706726311%7C%7C%7Cutm_content%3D1900076605287219995%7C%7C%7Cutm_term%3D---autotargeting%7C%7C%7C; tildauid=1769834379333.179612; tildasid=1772112233636.628247; _ym_visorc=w; _ym_isad=2; previousUrl=bankrotstvo-rf.tilda.ws%2Fr-ulyanovsk
    [formid] => form1842602441
    [utm_source] => marketing_nayden
    [utm_medium] => cpc
    [utm_campaign] => 706726311
    [utm_content] => 1900076605287219995
    [utm_term] => ---autotargeting
)

Quiz/Комментарии: Array
(
)

Собранные комментарии (для лога): 
Counter: G-Restrukturizaciya-Ульяновск
01__Общая_сумма_задолженностей: Более 1 000 000 рублей
02__Ваш_официальный_доход_в_месяц: Более 50 000 рублей
03__Есть_ли_у_вас_ипотека_или_автокредит: Есть
04__Против_вас_возбуждалось_исполнительное_производство_в_ФССП: Нет
Как_вам_удобнее_получить_результат: Мессенджер MAX
Cookies: _ym_uid=1731245665578697054; _ym_d=1765848289; TILDAUTM=utm_source%3Dmarketing_nayden%7C%7C%7Cutm_medium%3Dcpc%7C%7C%7Cutm_campaign%3D706726311%7C%7C%7Cutm_content%3D1900076605287219995%7C%7C%7Cutm_term%3D---autotargeting%7C%7C%7C; tildauid=1769834379333.179612; tildasid=1772112233636.628247; _ym_visorc=w; _ym_isad=2; previousUrl=bankrotstvo-rf.tilda.ws%2Fr-ulyanovsk

Отправка комментариев в Bitrix: ДА
Поля для Bitrix: Array
(
    [UTM_SOURCE] => marketing_nayden
    [UTM_MEDIUM] => cpc
    [UTM_CAMPAIGN] => 706726311
    [UTM_CONTENT] => 1900076605287219995
    [UTM_TERM] => ---autotargeting
    [NAME] => Александр
    [PHONE] => Array
        (
            [0] => Array
                (
                    [VALUE] => +79961579394
                    [VALUE_TYPE] => MOBILE
                )

        )

    [ASSIGNED_BY_ID] => 1
    [TITLE] => Заявка из Tilda
    [OPENED] => Y
    [STATUS_ID] => NEW
    [SOURCE_ID] => 1064
    [COMMENTS] => <b>Counter:</b> G-Restrukturizaciya-Ульяновск<br><b>01__Общая_сумма_задолженностей:</b> Более 1 000 000 рублей<br><b>02__Ваш_официальный_доход_в_месяц:</b> Более 50 000 рублей<br><b>03__Есть_ли_у_вас_ипотека_или_автокредит:</b> Есть<br><b>04__Против_вас_возбуждалось_исполнительное_производство_в_ФССП:</b> Нет<br><b>Как_вам_удобнее_получить_результат:</b> Мессенджер MAX<br><b>Cookies:</b> _ym_uid=1731245665578697054; _ym_d=1765848289; TILDAUTM=utm_source%3Dmarketing_nayden%7C%7C%7Cutm_medium%3Dcpc%7C%7C%7Cutm_campaign%3D706726311%7C%7C%7Cutm_content%3D1900076605287219995%7C%7C%7Cutm_term%3D---autotargeting%7C%7C%7C; tildauid=1769834379333.179612; tildasid=1772112233636.628247; _ym_visorc=w; _ym_isad=2; previousUrl=bankrotstvo-rf.tilda.ws%2Fr-ulyanovsk<br>
)

Bitrix Response: {"result":656137,"time":{"start":1772112350,"finish":1772112352.633234,"duration":2.6332340240478516,"processing":2,"date_start":"2026-02-26T16:25:50+03:00","date_finish":"2026-02-26T16:25:52+03:00","operating_reset_at":1772112950,"operating":13.047113180160522}}
Статус: Успешно (Lead ID: 656137)
--------------------------------------------------

Время: 27.02.2026 03:46:56
Сервис: Tilda
From: Заявка из Tilda
Клиент: Array
(
    [name] => Олеся
    [phone] => +7 (904) 181-10-00
    [email] => 
)

Город: не определён (ID: не найден)
RAW Input: counter=G-Restrukturizaciya-%D0%A3%D0%BB%D1%8C%D1%8F%D0%BD%D0%BE%D0%B2%D1%81%D0%BA&01__%D0%9E%D0%B1%D1%89%D0%B0%D1%8F_%D1%81%D1%83%D0%BC%D0%BC%D0%B0_%D0%B7%D0%B0%D0%B4%D0%BE%D0%BB%D0%B6%D0%B5%D0%BD%D0%BD%D0%BE%D1%81%D1%82%D0%B5%D0%B9=500+000+-+1+000+000+%D1%80%D1%83%D0%B1%D0%BB%D0%B5%D0%B9&02__%D0%92%D0%B0%D1%88_%D0%BE%D1%84%D0%B8%D1%86%D0%B8%D0%B0%D0%BB%D1%8C%D0%BD%D1%8B%D0%B9_%D0%B4%D0%BE%D1%85%D0%BE%D0%B4_%D0%B2_%D0%BC%D0%B5%D1%81%D1%8F%D1%86=%D0%91%D0%BE%D0%BB%D0%B5%D0%B5+50+000+%D1%80%D1%83%D0%B1%D0%BB%D0%B5%D0%B9&03__%D0%95%D1%81%D1%82%D1%8C_%D0%BB%D0%B8_%D1%83_%D0%B2%D0%B0%D1%81_%D0%B8%D0%BF%D0%BE%D1%82%D0%B5%D0%BA%D0%B0_%D0%B8%D0%BB%D0%B8_%D0%B0%D0%B2%D1%82%D0%BE%D0%BA%D1%80%D0%B5%D0%B4%D0%B8%D1%82=%D0%9D%D0%B5%D1%82&04__%D0%9F%D1%80%D0%BE%D1%82%D0%B8%D0%B2_%D0%B2%D0%B0%D1%81_%D0%B2%D0%BE%D0%B7%D0%B1%D1%83%D0%B6%D0%B4%D0%B0%D0%BB%D0%BE%D1%81%D1%8C_%D0%B8%D1%81%D0%BF%D0%BE%D0%BB%D0%BD%D0%B8%D1%82%D0%B5%D0%BB%D1%8C%D0%BD%D0%BE%D0%B5_%D0%BF%D1%80%D0%BE%D0%B8%D0%B7%D0%B2%D0%BE%D0%B
POST: Array
(
    [counter] => G-Restrukturizaciya-Ульяновск
    [01__Общая_сумма_задолженностей] => 500 000 - 1 000 000 рублей
    [02__Ваш_официальный_доход_в_месяц] => Более 50 000 рублей
    [03__Есть_ли_у_вас_ипотека_или_автокредит] => Нет
    [04__Против_вас_возбуждалось_исполнительное_производство_в_ФССП] => Нет
    [Как_вам_удобнее_получить_результат] => Мессенджер MAX
    [Phone] => +7 (904) 181-10-00
    [name] => Олеся
    [tranid] => 3897434:8201095652
    [COOKIES] => _ym_d=1772153168; _ym_isad=2; _ym_uid=1772153168117260129; _ym_visorc=w; _ym_fa=10954.QB7yWdZVY5zTUwKYzTuezm1A1_oYMmb7zML-MnQmvC4kND9pWM4E4M821Bla1Rry.hHubpouHYvRoUiAlXRrQWSwgNmQ%2C; previousUrl=bankrotstvo-rf.tilda.ws%2Fr-ulyanovsk; tildasid=1772153167883.326473; tildauid=1772153167883.783589; TILDAUTM=utm_source%3Dmarketing_nayden%7C%7C%7Cutm_medium%3Dcpc%7C%7C%7Cutm_campaign%3D706726311%7C%7C%7Cutm_content%3D1900076605287219995%7C%7C%7Cutm_term%3D---autotargeting%7C%7C%7C
    [formid] => form1842602441
    [utm_source] => marketing_nayden
    [utm_medium] => cpc
    [utm_campaign] => 706726311
    [utm_content] => 1900076605287219995
    [utm_term] => ---autotargeting
)

Quiz/Комментарии: Array
(
)

Собранные комментарии (для лога): 
Counter: G-Restrukturizaciya-Ульяновск
01__Общая_сумма_задолженностей: 500 000 - 1 000 000 рублей
02__Ваш_официальный_доход_в_месяц: Более 50 000 рублей
03__Есть_ли_у_вас_ипотека_или_автокредит: Нет
04__Против_вас_возбуждалось_исполнительное_производство_в_ФССП: Нет
Как_вам_удобнее_получить_результат: Мессенджер MAX
Cookies: _ym_d=1772153168; _ym_isad=2; _ym_uid=1772153168117260129; _ym_visorc=w; _ym_fa=10954.QB7yWdZVY5zTUwKYzTuezm1A1_oYMmb7zML-MnQmvC4kND9pWM4E4M821Bla1Rry.hHubpouHYvRoUiAlXRrQWSwgNmQ%2C; previousUrl=bankrotstvo-rf.tilda.ws%2Fr-ulyanovsk; tildasid=1772153167883.326473; tildauid=1772153167883.783589; TILDAUTM=utm_source%3Dmarketing_nayden%7C%7C%7Cutm_medium%3Dcpc%7C%7C%7Cutm_campaign%3D706726311%7C%7C%7Cutm_content%3D1900076605287219995%7C%7C%7Cutm_term%3D---autotargeting%7C%7C%7C

Отправка комментариев в Bitrix: ДА
Поля для Bitrix: Array
(
    [UTM_SOURCE] => marketing_nayden
    [UTM_MEDIUM] => cpc
    [UTM_CAMPAIGN] => 706726311
    [UTM_CONTENT] => 1900076605287219995
    [UTM_TERM] => ---autotargeting
    [NAME] => Олеся
    [PHONE] => Array
        (
            [0] => Array
                (
                    [VALUE] => +79041811000
                    [VALUE_TYPE] => MOBILE
                )

        )

    [ASSIGNED_BY_ID] => 1
    [TITLE] => Заявка из Tilda
    [OPENED] => Y
    [STATUS_ID] => NEW
    [SOURCE_ID] => 1064
    [COMMENTS] => <b>Counter:</b> G-Restrukturizaciya-Ульяновск<br><b>01__Общая_сумма_задолженностей:</b> 500 000 - 1 000 000 рублей<br><b>02__Ваш_официальный_доход_в_месяц:</b> Более 50 000 рублей<br><b>03__Есть_ли_у_вас_ипотека_или_автокредит:</b> Нет<br><b>04__Против_вас_возбуждалось_исполнительное_производство_в_ФССП:</b> Нет<br><b>Как_вам_удобнее_получить_результат:</b> Мессенджер MAX<br><b>Cookies:</b> _ym_d=1772153168; _ym_isad=2; _ym_uid=1772153168117260129; _ym_visorc=w; _ym_fa=10954.QB7yWdZVY5zTUwKYzTuezm1A1_oYMmb7zML-MnQmvC4kND9pWM4E4M821Bla1Rry.hHubpouHYvRoUiAlXRrQWSwgNmQ%2C; previousUrl=bankrotstvo-rf.tilda.ws%2Fr-ulyanovsk; tildasid=1772153167883.326473; tildauid=1772153167883.783589; TILDAUTM=utm_source%3Dmarketing_nayden%7C%7C%7Cutm_medium%3Dcpc%7C%7C%7Cutm_campaign%3D706726311%7C%7C%7Cutm_content%3D1900076605287219995%7C%7C%7Cutm_term%3D---autotargeting%7C%7C%7C<br>
)

Bitrix Response: {"result":656311,"time":{"start":1772153216,"finish":1772153219.087534,"duration":3.087533950805664,"processing":3,"date_start":"2026-02-27T03:46:56+03:00","date_finish":"2026-02-27T03:46:59+03:00","operating_reset_at":1772153816,"operating":2.253923177719116}}
Статус: Успешно (Lead ID: 656311)
--------------------------------------------------

