Время: 20.02.2026 14:41:06
Сервис: КЦ
From: Заявка из КЦ
Клиент: Array
(
    [name] => Арам
    [phone] => +79051495246
    [email] => 
)

Город: Владимир (ID: не найден)
RAW Input: {"name":"Арам","phone":"+79051495246","Comments":"Данные от поставщика:\n- Название лида: INDI\n- Сумма долга: 300000|RUB\n- Какие кредиты?: кредитные карты, долг ФССП\n- Есть ли залоговые кредиты?: нет\n- Город: Владимир\n- Телефон с интернетом: да","Gorod":"Владимир","origin_id":"b24-0twkpe:deal:2553","originator_id":"b24-0twkpe","lead_title":"INDI","title":"INDI"}
POST: Array
(
)

Quiz/Комментарии: Array
(
)

Собранные комментарии (для лога): 
Comments: Данные от поставщика:
- Название лида: INDI
- Сумма долга: 300000|RUB
- Какие кредиты?: кредитные карты, долг ФССП
- Есть ли залоговые кредиты?: нет
- Город: Владимир
- Телефон с интернетом: да
Origin_id: b24-0twkpe:deal:2553
Originator_id: b24-0twkpe
Lead_title: INDI
Title: INDI
Город: Владимир

Отправка комментариев в Bitrix: ДА
Поля для Bitrix: Array
(
    [NAME] => Арам
    [PHONE] => Array
        (
            [0] => Array
                (
                    [VALUE] => +79051495246
                    [VALUE_TYPE] => MOBILE
                )

        )

    [ASSIGNED_BY_ID] => 1
    [TITLE] => Новая заявка - +79051495246
    [OPENED] => Y
    [STATUS_ID] => NEW
    [SOURCE_ID] => 978
    [COMMENTS] => <b>Comments:</b> Данные от поставщика:
- Название лида: INDI
- Сумма долга: 300000|RUB
- Какие кредиты?: кредитные карты, долг ФССП
- Есть ли залоговые кредиты?: нет
- Город: Владимир
- Телефон с интернетом: да<br><b>Origin_id:</b> b24-0twkpe:deal:2553<br><b>Originator_id:</b> b24-0twkpe<br><b>Lead_title:</b> INDI<br><b>Title:</b> INDI<br><b>Город:</b> Владимир<br>
)

Bitrix Response: {"result":652973,"time":{"start":1771587666,"finish":1771587668.970129,"duration":2.9701290130615234,"processing":2,"date_start":"2026-02-20T14:41:06+03:00","date_finish":"2026-02-20T14:41:08+03:00","operating_reset_at":1771588266,"operating":7.100206136703491}}
Статус: Успешно (Lead ID: 652973)
--------------------------------------------------

