Время: 25.02.2026 17:21:48
Сервис: КЦ
From: Заявка из КЦ
Клиент: Array
(
    [name] => Тест Тест Тест
    [phone] => 79846815135
    [email] => 
)

Город: Владимир (ID: не найден)
RAW Input: {"phone":"79846815135","name":"\u0422\u0435\u0441\u0442 \u0422\u0435\u0441\u0442 \u0422\u0435\u0441\u0442","Comments":"","Gorod":"\u0412\u043b\u0430\u0434\u0438\u043c\u0438\u0440","utm_source":"ap-lead","utm_medium":"cc","utm_campaign":null,"utm_content":null,"utm_term":null}
POST: Array
(
)

Quiz/Комментарии: Array
(
)

Собранные комментарии (для лога): 
Город: Владимир

Отправка комментариев в Bitrix: ДА
Поля для Bitrix: Array
(
    [NAME] => Тест Тест Тест
    [PHONE] => Array
        (
            [0] => Array
                (
                    [VALUE] => 79846815135
                    [VALUE_TYPE] => MOBILE
                )

        )

    [ASSIGNED_BY_ID] => 1
    [TITLE] => Новая заявка - 79846815135
    [OPENED] => Y
    [STATUS_ID] => NEW
    [SOURCE_ID] => 584
    [COMMENTS] => <b>Город:</b> Владимир<br>
)

Bitrix Response: {"result":655353,"time":{"start":1772029308,"finish":1772029310.805771,"duration":2.8057711124420166,"processing":2,"date_start":"2026-02-25T17:21:48+03:00","date_finish":"2026-02-25T17:21:50+03:00","operating_reset_at":1772029908,"operating":10.103146314620972}}
Статус: Успешно (Lead ID: 655353)
--------------------------------------------------

Время: 27.02.2026 09:11:50
Сервис: КЦ
From: Заявка из КЦ
Клиент: Array
(
    [name] => Дмитрий
    [phone] => 79040347005
    [email] => 
)

Город: Муром (ID: не найден)
RAW Input: {"phone":"79040347005","name":"\u0414\u043c\u0438\u0442\u0440\u0438\u0439","Comments":"","Gorod":"\u041c\u0443\u0440\u043e\u043c","utm_source":"ap-lead","utm_medium":"cc","utm_campaign":null,"utm_content":null,"utm_term":null}
POST: Array
(
)

Quiz/Комментарии: Array
(
)

Собранные комментарии (для лога): 
Город: Муром

Отправка комментариев в Bitrix: ДА
Поля для Bitrix: Array
(
    [NAME] => Дмитрий
    [PHONE] => Array
        (
            [0] => Array
                (
                    [VALUE] => 79040347005
                    [VALUE_TYPE] => MOBILE
                )

        )

    [ASSIGNED_BY_ID] => 1
    [TITLE] => Новая заявка - 79040347005
    [OPENED] => Y
    [STATUS_ID] => NEW
    [SOURCE_ID] => 584
    [COMMENTS] => <b>Город:</b> Муром<br>
)

Bitrix Response: {"result":656357,"time":{"start":1772172710,"finish":1772172713.244163,"duration":3.2441630363464355,"processing":3,"date_start":"2026-02-27T09:11:50+03:00","date_finish":"2026-02-27T09:11:53+03:00","operating_reset_at":1772173310,"operating":12.47815990447998}}
Статус: Успешно (Lead ID: 656357)
--------------------------------------------------

Время: 27.02.2026 09:12:55
Сервис: КЦ
From: Заявка из КЦ
Клиент: Array
(
    [name] => Дмитрий
    [phone] => 79051461011
    [email] => 
)

Город: Киржач (ID: не найден)
RAW Input: {"phone":"79051461011","name":"\u0414\u043c\u0438\u0442\u0440\u0438\u0439 ","Comments":"","Gorod":"\u041a\u0438\u0440\u0436\u0430\u0447","utm_source":"ap-lead","utm_medium":"cc","utm_campaign":null,"utm_content":null,"utm_term":null}
POST: Array
(
)

Quiz/Комментарии: Array
(
)

Собранные комментарии (для лога): 
Город: Киржач

Отправка комментариев в Bitrix: ДА
Поля для Bitrix: Array
(
    [NAME] => Дмитрий
    [PHONE] => Array
        (
            [0] => Array
                (
                    [VALUE] => 79051461011
                    [VALUE_TYPE] => MOBILE
                )

        )

    [ASSIGNED_BY_ID] => 1
    [TITLE] => Новая заявка - 79051461011
    [OPENED] => Y
    [STATUS_ID] => NEW
    [SOURCE_ID] => 584
    [COMMENTS] => <b>Город:</b> Киржач<br>
)

Bitrix Response: {"result":656363,"time":{"start":1772172775,"finish":1772172778.573173,"duration":3.5731730461120605,"processing":3,"date_start":"2026-02-27T09:12:55+03:00","date_finish":"2026-02-27T09:12:58+03:00","operating_reset_at":1772173375,"operating":17.993284940719604}}
Статус: Успешно (Lead ID: 656363)
--------------------------------------------------

Время: 27.02.2026 09:16:18
Сервис: КЦ
From: Заявка из КЦ
Клиент: Array
(
    [name] => Ирина
    [phone] => 79190185310
    [email] => 
)

Город: Ковров (ID: не найден)
RAW Input: {"phone":"79190185310","name":"\u0418\u0440\u0438\u043d\u0430 ","Comments":"","Gorod":"\u041a\u043e\u0432\u0440\u043e\u0432","utm_source":"ap-lead","utm_medium":"cc","utm_campaign":null,"utm_content":null,"utm_term":null}
POST: Array
(
)

Quiz/Комментарии: Array
(
)

Собранные комментарии (для лога): 
Город: Ковров

Отправка комментариев в Bitrix: ДА
Поля для Bitrix: Array
(
    [NAME] => Ирина
    [PHONE] => Array
        (
            [0] => Array
                (
                    [VALUE] => 79190185310
                    [VALUE_TYPE] => MOBILE
                )

        )

    [ASSIGNED_BY_ID] => 1
    [TITLE] => Новая заявка - 79190185310
    [OPENED] => Y
    [STATUS_ID] => NEW
    [SOURCE_ID] => 584
    [COMMENTS] => <b>Город:</b> Ковров<br>
)

Bitrix Response: {"result":656367,"time":{"start":1772172978,"finish":1772172980.359297,"duration":2.359297037124634,"processing":2,"date_start":"2026-02-27T09:16:18+03:00","date_finish":"2026-02-27T09:16:20+03:00","operating_reset_at":1772173578,"operating":17.446881771087646}}
Статус: Успешно (Lead ID: 656367)
--------------------------------------------------

Время: 27.02.2026 09:34:09
Сервис: КЦ
From: Заявка из КЦ
Клиент: Array
(
    [name] => Анатолий  Александрович
    [phone] => 79209256985
    [email] => 
)

Город: Ковров (ID: не найден)
RAW Input: {"phone":"79209256985","name":"\u0410\u043d\u0430\u0442\u043e\u043b\u0438\u0439  \u0410\u043b\u0435\u043a\u0441\u0430\u043d\u0434\u0440\u043e\u0432\u0438\u0447  ","Comments":"","Gorod":"\u041a\u043e\u0432\u0440\u043e\u0432","utm_source":"ap-lead","utm_medium":"cc","utm_campaign":null,"utm_content":null,"utm_term":null}
POST: Array
(
)

Quiz/Комментарии: Array
(
)

Собранные комментарии (для лога): 
Город: Ковров

Отправка комментариев в Bitrix: ДА
Поля для Bitrix: Array
(
    [NAME] => Анатолий  Александрович
    [PHONE] => Array
        (
            [0] => Array
                (
                    [VALUE] => 79209256985
                    [VALUE_TYPE] => MOBILE
                )

        )

    [ASSIGNED_BY_ID] => 1
    [TITLE] => Новая заявка - 79209256985
    [OPENED] => Y
    [STATUS_ID] => NEW
    [SOURCE_ID] => 584
    [COMMENTS] => <b>Город:</b> Ковров<br>
)

Bitrix Response: {"result":656387,"time":{"start":1772174049,"finish":1772174051.38416,"duration":2.384160041809082,"processing":2,"date_start":"2026-02-27T09:34:09+03:00","date_finish":"2026-02-27T09:34:11+03:00","operating_reset_at":1772174649,"operating":12.74476170539856}}
Статус: Успешно (Lead ID: 656387)
--------------------------------------------------

