Время: 26.02.2026 10:09:41
Сервис: Tilda
ОШИБКА ВАЛИДАЦИИ: Телефон не указан
Клиент: Array
(
    [name] => 
    [phone] => 
    [email] => 
)

RAW Input: test=test
POST: Array
(
    [test] => test
)

Статус: Ошибка валидации телефона
--------------------------------------------------

Время: 26.02.2026 10:10:37
Сервис: Tilda
From: Заявка из Tilda
Клиент: Array
(
    [name] => тест
    [phone] => +7 (777) 777-55-01
    [email] => 
)

Город: не определён (ID: не найден)
RAW Input: Name=%D1%82%D0%B5%D1%81%D1%82&Phone=%2B7+%28777%29+777-55-01&tranid=10595753%3A8198733893&formid=form958901906
POST: Array
(
    [Name] => тест
    [Phone] => +7 (777) 777-55-01
    [tranid] => 10595753:8198733893
    [formid] => form958901906
)

Quiz/Комментарии: Array
(
)

Собранные комментарии (для лога): 

Отправка комментариев в Bitrix: ДА
Поля для Bitrix: Array
(
    [NAME] => тест
    [PHONE] => Array
        (
            [0] => Array
                (
                    [VALUE] => +77777775501
                    [VALUE_TYPE] => MOBILE
                )

        )

    [ASSIGNED_BY_ID] => 1
    [TITLE] => Заявка из Tilda
    [OPENED] => Y
    [STATUS_ID] => NEW
    [SOURCE_ID] => 703
)

Bitrix Response: {"result":655647,"time":{"start":1772089837,"finish":1772089839.651147,"duration":2.65114688873291,"processing":2,"date_start":"2026-02-26T10:10:37+03:00","date_finish":"2026-02-26T10:10:39+03:00","operating_reset_at":1772090437,"operating":11.734589338302612}}
Статус: Успешно (Lead ID: 655647)
--------------------------------------------------

