Время: 20.02.2026 15:57:18
Сервис: КЦ
From: Заявка из КЦ
Клиент: Array
(
    [name] => Екатерина
    [phone] => 79190274027
    [email] => 
)

Город: Владимир (ID: не найден)
RAW Input: {"name": "\u0415\u043a\u0430\u0442\u0435\u0440\u0438\u043d\u0430", "Comments": "\u0414\u0435\u043d\u0438\u0441, 15:51, 300 \u0442\u044b\u0441, \u0437\u0430\u0439\u043c\u044b, \u0437\u0430\u043b\u043e\u0433\u043e\u0432 \u043d\u0435\u0442, \u0411\u0424\u041b \u043d\u0435\u0442, \u041a\u043e\u043b\u044c\u0447\u0443\u0433\u0438\u043d\u043e", "phone": "79190274027", "Gorod": "\u0412\u043b\u0430\u0434\u0438\u043c\u0438\u0440"}
POST: Array
(
)

Quiz/Комментарии: Array
(
)

Собранные комментарии (для лога): 
Comments: Денис, 15:51, 300 тыс, займы, залогов нет, БФЛ нет, Кольчугино
Город: Владимир

Отправка комментариев в Bitrix: ДА
Поля для Bitrix: Array
(
    [NAME] => Екатерина
    [PHONE] => Array
        (
            [0] => Array
                (
                    [VALUE] => 79190274027
                    [VALUE_TYPE] => MOBILE
                )

        )

    [ASSIGNED_BY_ID] => 1
    [TITLE] => Новая заявка - 79190274027
    [OPENED] => Y
    [STATUS_ID] => NEW
    [SOURCE_ID] => 970
    [COMMENTS] => <b>Comments:</b> Денис, 15:51, 300 тыс, займы, залогов нет, БФЛ нет, Кольчугино<br><b>Город:</b> Владимир<br>
)

Bitrix Response: {"result":653019,"time":{"start":1771592238,"finish":1771592241.060664,"duration":3.060663938522339,"processing":2,"date_start":"2026-02-20T15:57:18+03:00","date_finish":"2026-02-20T15:57:21+03:00","operating_reset_at":1771592839,"operating":4.19340705871582}}
Статус: Успешно (Lead ID: 653019)
--------------------------------------------------

Время: 24.02.2026 15:00:04
Сервис: КЦ
From: Заявка из КЦ
Клиент: Array
(
    [name] => Алексей
    [phone] => 79190217160
    [email] => 
)

Город: Владимир (ID: не найден)
RAW Input: {"name": "\u0410\u043b\u0435\u043a\u0441\u0435\u0439", "Comments": "\u0410\u043d\u043d\u0430 14:40 \u0412\u043b\u0430\u0434\u0438\u043c\u0438\u0440 460\u0442 \u043c\u0444\u043e \u0437\u0430\u043b\u043e\u0433\u0430 \u043d\u0435\u0442 \u0431\u0444\u043b \u043d\u0435\u0442 ", "phone": "79190217160", "Gorod": "\u0412\u043b\u0430\u0434\u0438\u043c\u0438\u0440"}
POST: Array
(
)

Quiz/Комментарии: Array
(
)

Собранные комментарии (для лога): 
Comments: Анна 14:40 Владимир 460т мфо залога нет бфл нет
Город: Владимир

Отправка комментариев в Bitrix: ДА
Поля для Bitrix: Array
(
    [NAME] => Алексей
    [PHONE] => Array
        (
            [0] => Array
                (
                    [VALUE] => 79190217160
                    [VALUE_TYPE] => MOBILE
                )

        )

    [ASSIGNED_BY_ID] => 1
    [TITLE] => Новая заявка - 79190217160
    [OPENED] => Y
    [STATUS_ID] => NEW
    [SOURCE_ID] => 970
    [COMMENTS] => <b>Comments:</b> Анна 14:40 Владимир 460т мфо залога нет бфл нет<br><b>Город:</b> Владимир<br>
)

Bitrix Response: {"result":654317,"time":{"start":1771934404,"finish":1771934406.439605,"duration":2.4396049976348877,"processing":2,"date_start":"2026-02-24T15:00:04+03:00","date_finish":"2026-02-24T15:00:06+03:00","operating_reset_at":1771935004,"operating":6.2832794189453125}}
Статус: Успешно (Lead ID: 654317)
--------------------------------------------------

Время: 24.02.2026 16:52:36
Сервис: КЦ
From: Заявка из КЦ
Клиент: Array
(
    [name] => Александр
    [phone] => 79056124825
    [email] => 
)

Город: Владимир (ID: не найден)
RAW Input: {"name": "\u0410\u043b\u0435\u043a\u0441\u0430\u043d\u0434\u0440", "Comments": "\u0412\u0438\u043a\u0442\u043e\u0440\u0438\u044f 16:36. \u0434\u043e\u043b\u0433 600\u0442, \u0435\u0441\u0442\u044c \u043f\u0440\u043e\u0441\u0440\u043e\u0447\u043a\u0438,\u0437\u0430\u043b\u043e\u0433\u043e\u0432 \u043d\u0435\u0442, \u0431\u0444\u043b \u043d\u0435\u0442.\u0433.\u0412\u043b\u0430\u0434\u0438\u043c\u0438\u0440. \u0436\u0434\u0435\u0442 \u0437\u0432\u043e\u043d\u043a\u0430 \u0437\u0430\u0432\u0442\u0440\u0430", "phone": "79056124825", "Gorod": "\u0412\u043b\u0430\u0434\u0438\u043c\u0438\u0440"}
POST: Array
(
)

Quiz/Комментарии: Array
(
)

Собранные комментарии (для лога): 
Comments: Виктория 16:36. долг 600т, есть просрочки,залогов нет, бфл нет.г.Владимир. ждет звонка завтра
Город: Владимир

Отправка комментариев в Bitrix: ДА
Поля для Bitrix: Array
(
    [NAME] => Александр
    [PHONE] => Array
        (
            [0] => Array
                (
                    [VALUE] => 79056124825
                    [VALUE_TYPE] => MOBILE
                )

        )

    [ASSIGNED_BY_ID] => 1
    [TITLE] => Новая заявка - 79056124825
    [OPENED] => Y
    [STATUS_ID] => NEW
    [SOURCE_ID] => 970
    [COMMENTS] => <b>Comments:</b> Виктория 16:36. долг 600т, есть просрочки,залогов нет, бфл нет.г.Владимир. ждет звонка завтра<br><b>Город:</b> Владимир<br>
)

Bitrix Response: {"result":654443,"time":{"start":1771941156,"finish":1771941158.894629,"duration":2.8946290016174316,"processing":2,"date_start":"2026-02-24T16:52:36+03:00","date_finish":"2026-02-24T16:52:38+03:00","operating_reset_at":1771941756,"operating":2.1375749111175537}}
Статус: Успешно (Lead ID: 654443)
--------------------------------------------------

Время: 25.02.2026 11:19:42
Сервис: КЦ
From: Заявка из КЦ
Клиент: Array
(
    [name] => Валентина
    [phone] => 79028829527
    [email] => 
)

Город: Владимир (ID: не найден)
RAW Input: {"name": "\u0412\u0430\u043b\u0435\u043d\u0442\u0438\u043d\u0430", "Comments": "\u0414\u0435\u043d\u0438\u0441, 11:08, \u0431\u043e\u043b\u044c\u0448\u0435 300 \u0442\u044b\u0441, \u043f\u043a, \u043a\u043a, \u0437\u0430\u043b\u043e\u0433\u043e\u0432 \u043d\u0435\u0442, \u0411\u0424\u041b \u043d\u0435\u0442, \u041a\u043e\u0432\u0440\u043e\u0432", "phone": "79028829527", "Gorod": "\u0412\u043b\u0430\u0434\u0438\u043c\u0438\u0440"}
POST: Array
(
)

Quiz/Комментарии: Array
(
)

Собранные комментарии (для лога): 
Comments: Денис, 11:08, больше 300 тыс, пк, кк, залогов нет, БФЛ нет, Ковров
Город: Владимир

Отправка комментариев в Bitrix: ДА
Поля для Bitrix: Array
(
    [NAME] => Валентина
    [PHONE] => Array
        (
            [0] => Array
                (
                    [VALUE] => 79028829527
                    [VALUE_TYPE] => MOBILE
                )

        )

    [ASSIGNED_BY_ID] => 1
    [TITLE] => Новая заявка - 79028829527
    [OPENED] => Y
    [STATUS_ID] => NEW
    [SOURCE_ID] => 970
    [COMMENTS] => <b>Comments:</b> Денис, 11:08, больше 300 тыс, пк, кк, залогов нет, БФЛ нет, Ковров<br><b>Город:</b> Владимир<br>
)

Bitrix Response: {"result":654859,"time":{"start":1772007582,"finish":1772007584.674832,"duration":2.6748321056365967,"processing":2,"date_start":"2026-02-25T11:19:42+03:00","date_finish":"2026-02-25T11:19:44+03:00","operating_reset_at":1772008182,"operating":11.446282386779785}}
Статус: Успешно (Lead ID: 654859)
--------------------------------------------------

Время: 25.02.2026 13:30:54
Сервис: КЦ
From: Заявка из КЦ
Клиент: Array
(
    [name] => Виктория
    [phone] => 79101741239
    [email] => 
)

Город: Владимир (ID: не найден)
RAW Input: {"name": "\u0412\u0438\u043a\u0442\u043e\u0440\u0438\u044f", "Comments": "\u0410\u043d\u0434\u0440\u0435\u0439 13:27, \u0434\u043e\u043b\u0433 274, \u041c\u0424\u041e, \u0437\u0430\u043b\u043e\u0433\u0430 \u043d\u0435\u0442, \u0411\u0424\u041b \u043d\u0435\u0442, \u041f\u0435\u0442\u0443\u0448\u043a\u0438", "phone": "79101741239", "Gorod": "\u0412\u043b\u0430\u0434\u0438\u043c\u0438\u0440"}
POST: Array
(
)

Quiz/Комментарии: Array
(
)

Собранные комментарии (для лога): 
Comments: Андрей 13:27, долг 274, МФО, залога нет, БФЛ нет, Петушки
Город: Владимир

Отправка комментариев в Bitrix: ДА
Поля для Bitrix: Array
(
    [NAME] => Виктория
    [PHONE] => Array
        (
            [0] => Array
                (
                    [VALUE] => 79101741239
                    [VALUE_TYPE] => MOBILE
                )

        )

    [ASSIGNED_BY_ID] => 1
    [TITLE] => Новая заявка - 79101741239
    [OPENED] => Y
    [STATUS_ID] => NEW
    [SOURCE_ID] => 970
    [COMMENTS] => <b>Comments:</b> Андрей 13:27, долг 274, МФО, залога нет, БФЛ нет, Петушки<br><b>Город:</b> Владимир<br>
)

Bitrix Response: {"result":655035,"time":{"start":1772015455,"finish":1772015459.901909,"duration":4.901909112930298,"processing":4,"date_start":"2026-02-25T13:30:55+03:00","date_finish":"2026-02-25T13:30:59+03:00","operating_reset_at":1772016055,"operating":7.228844881057739}}
Статус: Успешно (Lead ID: 655035)
--------------------------------------------------

