Время: 20.02.2026 12:20:38
Сервис: КЦ
From: Заявка из КЦ
Клиент: Array
(
    [name] => Валентина
    [phone] => 79020983238
    [email] => 
)

Город: Волгоград (ID: не найден)
RAW Input: Gorod=%D0%92%D0%BE%D0%BB%D0%B3%D0%BE%D0%B3%D1%80%D0%B0%D0%B4&Comments=%D0%97%D0%B0%D0%BF%D0%B8%D1%81%D1%8C+%D1%80%D0%B0%D0%B7%D0%B3%D0%BE%D0%B2%D0%BE%D1%80%D0%B0%3A+https%3A%2F%2F786231.selcdn.ru%2Fleads-m-records%2Frecords%2Fja4rqUQX2w6tVkuBgJYV.mp3+%D0%9A%D0%BE%D0%B3%D0%B4%D0%B0+%D0%BF%D0%B5%D1%80%D0%B5%D0%B7%D0%B2%D0%BE%D0%BD%D0%B8%D1%82%D1%8C%3A+%D0%B2+%D0%B1%D0%BB%D0%B8%D0%B6%D0%B0%D0%B9%D1%88%D0%B5%D0%B5+%D0%B2%D1%80%D0%B5%D0%BC%D1%8F+%2C+%D0%94%D0%B0%D1%82%D0%B0+%D0%B7%D0%B2%D0%BE%D0%BD%D0%BA%D0%B0%3A+2026-02-20+12%3A20%3A12%2C+%D0%93%D0%B5%D0%BE%3A+%D0%92%D0%BE%D0%BB%D0%B3%D0%BE%D0%B3%D1%80%D0%B0%D0%B4%D1%81%D0%BA%D0%B0%D1%8F+%D0%BE%D0%B1%D0%BB.%2C+%D0%A1%D1%83%D0%BC%D0%BC%D0%B0+%D0%B4%D0%BE%D0%BB%D0%B3%D0%B0%3A+250000+%D1%80%D1%83%D0%B1&name=%D0%92%D0%B0%D0%BB%D0%B5%D0%BD%D1%82%D0%B8%D0%BD%D0%B0&phone=79020983238
POST: Array
(
    [Gorod] => Волгоград
    [Comments] => Запись разговора: https://786231.selcdn.ru/leads-m-records/records/ja4rqUQX2w6tVkuBgJYV.mp3 Когда перезвонить: в ближайшее время , Дата звонка: 2026-02-20 12:20:12, Гео: Волгоградская обл., Сумма долга: 250000 руб
    [name] => Валентина
    [phone] => 79020983238
)

Quiz/Комментарии: Array
(
)

Собранные комментарии (для лога): 
Comments: Запись разговора: https://786231.selcdn.ru/leads-m-records/records/ja4rqUQX2w6tVkuBgJYV.mp3 Когда перезвонить: в ближайшее время , Дата звонка: 2026-02-20 12:20:12, Гео: Волгоградская обл., Сумма долга: 250000 руб
Город: Волгоград

Отправка комментариев в Bitrix: ДА
Поля для Bitrix: Array
(
    [NAME] => Валентина
    [PHONE] => Array
        (
            [0] => Array
                (
                    [VALUE] => 79020983238
                    [VALUE_TYPE] => MOBILE
                )

        )

    [ASSIGNED_BY_ID] => 1
    [TITLE] => Новая заявка - 79020983238
    [OPENED] => Y
    [STATUS_ID] => NEW
    [SOURCE_ID] => 1085
    [COMMENTS] => <b>Comments:</b> Запись разговора: https://786231.selcdn.ru/leads-m-records/records/ja4rqUQX2w6tVkuBgJYV.mp3 Когда перезвонить: в ближайшее время , Дата звонка: 2026-02-20 12:20:12, Гео: Волгоградская обл., Сумма долга: 250000 руб<br><b>Город:</b> Волгоград<br>
)

Bitrix Response: {"result":652781,"time":{"start":1771579238,"finish":1771579241.125365,"duration":3.1253650188446045,"processing":3,"date_start":"2026-02-20T12:20:38+03:00","date_finish":"2026-02-20T12:20:41+03:00","operating_reset_at":1771579838,"operating":13.9636070728302}}
Статус: Успешно (Lead ID: 652781)
--------------------------------------------------

Время: 20.02.2026 12:53:25
Сервис: КЦ
From: Заявка из КЦ
Клиент: Array
(
    [name] => Максим
    [phone] => 79195464764
    [email] => 
)

Город: Волгоград (ID: не найден)
RAW Input: Gorod=%D0%92%D0%BE%D0%BB%D0%B3%D0%BE%D0%B3%D1%80%D0%B0%D0%B4&Comments=%D0%97%D0%B0%D0%BF%D0%B8%D1%81%D1%8C+%D1%80%D0%B0%D0%B7%D0%B3%D0%BE%D0%B2%D0%BE%D1%80%D0%B0%3A+https%3A%2F%2F786231.selcdn.ru%2Fleads-m-records%2Frecords%2FGy2QoT3Qom2EjMKX7lfF.mp3+%D0%9A%D0%BE%D0%B3%D0%B4%D0%B0+%D0%BF%D0%B5%D1%80%D0%B5%D0%B7%D0%B2%D0%BE%D0%BD%D0%B8%D1%82%D1%8C%3A+%D0%B2+%D0%B1%D0%BB%D0%B8%D0%B6%D0%B0%D0%B9%D1%88%D0%B5%D0%B5+%D0%B2%D1%80%D0%B5%D0%BC%D1%8F+%2C+%D0%94%D0%B0%D1%82%D0%B0+%D0%B7%D0%B2%D0%BE%D0%BD%D0%BA%D0%B0%3A+2026-02-20+12%3A43%3A25%2C+%D0%93%D0%B5%D0%BE%3A+%D0%92%D0%BE%D0%BB%D0%B3%D0%BE%D0%B3%D1%80%D0%B0%D0%B4%D1%81%D0%BA%D0%B0%D1%8F+%D0%BE%D0%B1%D0%BB.%2C+%D0%A1%D1%83%D0%BC%D0%BC%D0%B0+%D0%B4%D0%BE%D0%BB%D0%B3%D0%B0%3A+400000+%D1%80%D1%83%D0%B1&name=%D0%9C%D0%B0%D0%BA%D1%81%D0%B8%D0%BC&phone=79195464764
POST: Array
(
    [Gorod] => Волгоград
    [Comments] => Запись разговора: https://786231.selcdn.ru/leads-m-records/records/Gy2QoT3Qom2EjMKX7lfF.mp3 Когда перезвонить: в ближайшее время , Дата звонка: 2026-02-20 12:43:25, Гео: Волгоградская обл., Сумма долга: 400000 руб
    [name] => Максим
    [phone] => 79195464764
)

Quiz/Комментарии: Array
(
)

Собранные комментарии (для лога): 
Comments: Запись разговора: https://786231.selcdn.ru/leads-m-records/records/Gy2QoT3Qom2EjMKX7lfF.mp3 Когда перезвонить: в ближайшее время , Дата звонка: 2026-02-20 12:43:25, Гео: Волгоградская обл., Сумма долга: 400000 руб
Город: Волгоград

Отправка комментариев в Bitrix: ДА
Поля для Bitrix: Array
(
    [NAME] => Максим
    [PHONE] => Array
        (
            [0] => Array
                (
                    [VALUE] => 79195464764
                    [VALUE_TYPE] => MOBILE
                )

        )

    [ASSIGNED_BY_ID] => 1
    [TITLE] => Новая заявка - 79195464764
    [OPENED] => Y
    [STATUS_ID] => NEW
    [SOURCE_ID] => 1085
    [COMMENTS] => <b>Comments:</b> Запись разговора: https://786231.selcdn.ru/leads-m-records/records/Gy2QoT3Qom2EjMKX7lfF.mp3 Когда перезвонить: в ближайшее время , Дата звонка: 2026-02-20 12:43:25, Гео: Волгоградская обл., Сумма долга: 400000 руб<br><b>Город:</b> Волгоград<br>
)

Bitrix Response: {"result":652849,"time":{"start":1771581205,"finish":1771581207.875621,"duration":2.8756210803985596,"processing":2,"date_start":"2026-02-20T12:53:25+03:00","date_finish":"2026-02-20T12:53:27+03:00","operating_reset_at":1771581805,"operating":20.259134769439697}}
Статус: Успешно (Lead ID: 652849)
--------------------------------------------------

Время: 20.02.2026 16:14:26
Сервис: КЦ
From: Заявка из КЦ
Клиент: Array
(
    [name] => Ольга
    [phone] => 79044123396
    [email] => 
)

Город: Волгоград (ID: не найден)
RAW Input: Gorod=%D0%92%D0%BE%D0%BB%D0%B3%D0%BE%D0%B3%D1%80%D0%B0%D0%B4&Comments=%D0%97%D0%B0%D0%BF%D0%B8%D1%81%D1%8C+%D1%80%D0%B0%D0%B7%D0%B3%D0%BE%D0%B2%D0%BE%D1%80%D0%B0%3A+https%3A%2F%2F786231.selcdn.ru%2Fleads-m-records%2Frecords%2FtMgiNQ3RdMviIDu8M3z2.mp3+%D0%9A%D0%BE%D0%B3%D0%B4%D0%B0+%D0%BF%D0%B5%D1%80%D0%B5%D0%B7%D0%B2%D0%BE%D0%BD%D0%B8%D1%82%D1%8C%3A+%D0%92+%D0%B1%D0%BB%D0%B8%D0%B6%D0%B0%D0%B9%D1%88%D0%B5%D0%B5+%D0%B2%D1%80%D0%B5%D0%BC%D1%8F%2C+%D0%94%D0%B0%D1%82%D0%B0+%D0%B7%D0%B2%D0%BE%D0%BD%D0%BA%D0%B0%3A+2026-02-20+16%3A05%3A25%2C+%D0%93%D0%B5%D0%BE%3A+%D0%92%D0%BE%D0%BB%D0%B3%D0%BE%D0%B3%D1%80%D0%B0%D0%B4%D1%81%D0%BA%D0%B0%D1%8F+%D0%BE%D0%B1%D0%BB.%2C+%D0%A1%D1%83%D0%BC%D0%BC%D0%B0+%D0%B4%D0%BE%D0%BB%D0%B3%D0%B0%3A+250000+%D1%80%D1%83%D0%B1&name=%D0%9E%D0%BB%D1%8C%D0%B3%D0%B0&phone=79044123396
POST: Array
(
    [Gorod] => Волгоград
    [Comments] => Запись разговора: https://786231.selcdn.ru/leads-m-records/records/tMgiNQ3RdMviIDu8M3z2.mp3 Когда перезвонить: В ближайшее время, Дата звонка: 2026-02-20 16:05:25, Гео: Волгоградская обл., Сумма долга: 250000 руб
    [name] => Ольга
    [phone] => 79044123396
)

Quiz/Комментарии: Array
(
)

Собранные комментарии (для лога): 
Comments: Запись разговора: https://786231.selcdn.ru/leads-m-records/records/tMgiNQ3RdMviIDu8M3z2.mp3 Когда перезвонить: В ближайшее время, Дата звонка: 2026-02-20 16:05:25, Гео: Волгоградская обл., Сумма долга: 250000 руб
Город: Волгоград

Отправка комментариев в Bitrix: ДА
Поля для Bitrix: Array
(
    [NAME] => Ольга
    [PHONE] => Array
        (
            [0] => Array
                (
                    [VALUE] => 79044123396
                    [VALUE_TYPE] => MOBILE
                )

        )

    [ASSIGNED_BY_ID] => 1
    [TITLE] => Новая заявка - 79044123396
    [OPENED] => Y
    [STATUS_ID] => NEW
    [SOURCE_ID] => 1085
    [COMMENTS] => <b>Comments:</b> Запись разговора: https://786231.selcdn.ru/leads-m-records/records/tMgiNQ3RdMviIDu8M3z2.mp3 Когда перезвонить: В ближайшее время, Дата звонка: 2026-02-20 16:05:25, Гео: Волгоградская обл., Сумма долга: 250000 руб<br><b>Город:</b> Волгоград<br>
)

Bitrix Response: {"result":653037,"time":{"start":1771593266,"finish":1771593268.166625,"duration":2.1666250228881836,"processing":2,"date_start":"2026-02-20T16:14:26+03:00","date_finish":"2026-02-20T16:14:28+03:00","operating_reset_at":1771593866,"operating":13.420506954193115}}
Статус: Успешно (Lead ID: 653037)
--------------------------------------------------

Время: 20.02.2026 16:15:42
Сервис: КЦ
From: Заявка из КЦ
Клиент: Array
(
    [name] => Алексей
    [phone] => 79044197992
    [email] => 
)

Город: Волгоград (ID: не найден)
RAW Input: Gorod=%D0%92%D0%BE%D0%BB%D0%B3%D0%BE%D0%B3%D1%80%D0%B0%D0%B4&Comments=%D0%97%D0%B0%D0%BF%D0%B8%D1%81%D1%8C+%D1%80%D0%B0%D0%B7%D0%B3%D0%BE%D0%B2%D0%BE%D1%80%D0%B0%3A+https%3A%2F%2F786231.selcdn.ru%2Fleads-m-records%2Frecords%2Fr4edyO1Me2TyzUzfg4pA.mp3+%D0%9A%D0%BE%D0%B3%D0%B4%D0%B0+%D0%BF%D0%B5%D1%80%D0%B5%D0%B7%D0%B2%D0%BE%D0%BD%D0%B8%D1%82%D1%8C%3A+%D0%92+%D0%B1%D0%BB%D0%B8%D0%B6%D0%B0%D0%B9%D1%88%D0%B5%D0%B5+%D0%B2%D1%80%D0%B5%D0%BC%D1%8F%2C+%D0%94%D0%B0%D1%82%D0%B0+%D0%B7%D0%B2%D0%BE%D0%BD%D0%BA%D0%B0%3A+2026-02-20+16%3A04%3A42%2C+%D0%93%D0%B5%D0%BE%3A+%D0%92%D0%BE%D0%BB%D0%B3%D0%BE%D0%B3%D1%80%D0%B0%D0%B4%D1%81%D0%BA%D0%B0%D1%8F+%D0%BE%D0%B1%D0%BB.%2C+%D0%A1%D1%83%D0%BC%D0%BC%D0%B0+%D0%B4%D0%BE%D0%BB%D0%B3%D0%B0%3A+1000000+%D1%80%D1%83%D0%B1&name=%D0%90%D0%BB%D0%B5%D0%BA%D1%81%D0%B5%D0%B9&phone=79044197992
POST: Array
(
    [Gorod] => Волгоград
    [Comments] => Запись разговора: https://786231.selcdn.ru/leads-m-records/records/r4edyO1Me2TyzUzfg4pA.mp3 Когда перезвонить: В ближайшее время, Дата звонка: 2026-02-20 16:04:42, Гео: Волгоградская обл., Сумма долга: 1000000 руб
    [name] => Алексей
    [phone] => 79044197992
)

Quiz/Комментарии: Array
(
)

Собранные комментарии (для лога): 
Comments: Запись разговора: https://786231.selcdn.ru/leads-m-records/records/r4edyO1Me2TyzUzfg4pA.mp3 Когда перезвонить: В ближайшее время, Дата звонка: 2026-02-20 16:04:42, Гео: Волгоградская обл., Сумма долга: 1000000 руб
Город: Волгоград

Отправка комментариев в Bitrix: ДА
Поля для Bitrix: Array
(
    [NAME] => Алексей
    [PHONE] => Array
        (
            [0] => Array
                (
                    [VALUE] => 79044197992
                    [VALUE_TYPE] => MOBILE
                )

        )

    [ASSIGNED_BY_ID] => 1
    [TITLE] => Новая заявка - 79044197992
    [OPENED] => Y
    [STATUS_ID] => NEW
    [SOURCE_ID] => 1085
    [COMMENTS] => <b>Comments:</b> Запись разговора: https://786231.selcdn.ru/leads-m-records/records/r4edyO1Me2TyzUzfg4pA.mp3 Когда перезвонить: В ближайшее время, Дата звонка: 2026-02-20 16:04:42, Гео: Волгоградская обл., Сумма долга: 1000000 руб<br><b>Город:</b> Волгоград<br>
)

Bitrix Response: {"result":653041,"time":{"start":1771593342,"finish":1771593344.867069,"duration":2.8670690059661865,"processing":2,"date_start":"2026-02-20T16:15:42+03:00","date_finish":"2026-02-20T16:15:44+03:00","operating_reset_at":1771593942,"operating":15.253804683685303}}
Статус: Успешно (Lead ID: 653041)
--------------------------------------------------

Время: 24.02.2026 09:51:45
Сервис: КЦ
From: Заявка из КЦ
Клиент: Array
(
    [name] => Валерий
    [phone] => 79044229347
    [email] => 
)

Город: Волгоград (ID: не найден)
RAW Input: Gorod=%D0%92%D0%BE%D0%BB%D0%B3%D0%BE%D0%B3%D1%80%D0%B0%D0%B4&Comments=%D0%97%D0%B0%D0%BF%D0%B8%D1%81%D1%8C+%D1%80%D0%B0%D0%B7%D0%B3%D0%BE%D0%B2%D0%BE%D1%80%D0%B0%3A+https%3A%2F%2F786231.selcdn.ru%2Fleads-m-records%2Frecords%2FcEhAaKlKrDbmpYnPsHeJ.mp3+%D0%9A%D0%BE%D0%B3%D0%B4%D0%B0+%D0%BF%D0%B5%D1%80%D0%B5%D0%B7%D0%B2%D0%BE%D0%BD%D0%B8%D1%82%D1%8C%3A+%D0%B1%D0%BB%D0%B8%D0%B6%D0%B0%D0%B9%D1%88%D0%B5%D0%B5+%D0%B2%D1%80%D0%B5%D0%BC%D1%8F%2C+%D0%94%D0%B0%D1%82%D0%B0+%D0%B7%D0%B2%D0%BE%D0%BD%D0%BA%D0%B0%3A+2026-02-24+09%3A51%3A01%2C+%D0%93%D0%B5%D0%BE%3A+%D0%92%D0%BE%D0%BB%D0%B3%D0%BE%D0%B3%D1%80%D0%B0%D0%B4%D1%81%D0%BA%D0%B0%D1%8F+%D0%BE%D0%B1%D0%BB.%2C+%D0%A1%D1%83%D0%BC%D0%BC%D0%B0+%D0%B4%D0%BE%D0%BB%D0%B3%D0%B0%3A+250000+%D1%80%D1%83%D0%B1&name=%D0%92%D0%B0%D0%BB%D0%B5%D1%80%D0%B8%D0%B9&phone=79044229347
POST: Array
(
    [Gorod] => Волгоград
    [Comments] => Запись разговора: https://786231.selcdn.ru/leads-m-records/records/cEhAaKlKrDbmpYnPsHeJ.mp3 Когда перезвонить: ближайшее время, Дата звонка: 2026-02-24 09:51:01, Гео: Волгоградская обл., Сумма долга: 250000 руб
    [name] => Валерий
    [phone] => 79044229347
)

Quiz/Комментарии: Array
(
)

Собранные комментарии (для лога): 
Comments: Запись разговора: https://786231.selcdn.ru/leads-m-records/records/cEhAaKlKrDbmpYnPsHeJ.mp3 Когда перезвонить: ближайшее время, Дата звонка: 2026-02-24 09:51:01, Гео: Волгоградская обл., Сумма долга: 250000 руб
Город: Волгоград

Отправка комментариев в Bitrix: ДА
Поля для Bitrix: Array
(
    [NAME] => Валерий
    [PHONE] => Array
        (
            [0] => Array
                (
                    [VALUE] => 79044229347
                    [VALUE_TYPE] => MOBILE
                )

        )

    [ASSIGNED_BY_ID] => 1
    [TITLE] => Новая заявка - 79044229347
    [OPENED] => Y
    [STATUS_ID] => NEW
    [SOURCE_ID] => 1085
    [COMMENTS] => <b>Comments:</b> Запись разговора: https://786231.selcdn.ru/leads-m-records/records/cEhAaKlKrDbmpYnPsHeJ.mp3 Когда перезвонить: ближайшее время, Дата звонка: 2026-02-24 09:51:01, Гео: Волгоградская обл., Сумма долга: 250000 руб<br><b>Город:</b> Волгоград<br>
)

Bitrix Response: {"result":653961,"time":{"start":1771915905,"finish":1771915907.786166,"duration":2.786165952682495,"processing":2,"date_start":"2026-02-24T09:51:45+03:00","date_finish":"2026-02-24T09:51:47+03:00","operating_reset_at":1771916505,"operating":2.198784112930298}}
Статус: Успешно (Lead ID: 653961)
--------------------------------------------------

Время: 24.02.2026 12:10:04
Сервис: КЦ
From: Заявка из КЦ
Клиент: Array
(
    [name] => Сергей
    [phone] => 79297851849
    [email] => 
)

Город: Волгоград (ID: не найден)
RAW Input: Gorod=%D0%92%D0%BE%D0%BB%D0%B3%D0%BE%D0%B3%D1%80%D0%B0%D0%B4&Comments=%D0%97%D0%B0%D0%BF%D0%B8%D1%81%D1%8C+%D1%80%D0%B0%D0%B7%D0%B3%D0%BE%D0%B2%D0%BE%D1%80%D0%B0%3A+https%3A%2F%2F786231.selcdn.ru%2Fleads-m-records%2Frecords%2FfDkNct8QTtf0ORITUERw.mp3+%D0%9A%D0%BE%D0%B3%D0%B4%D0%B0+%D0%BF%D0%B5%D1%80%D0%B5%D0%B7%D0%B2%D0%BE%D0%BD%D0%B8%D1%82%D1%8C%3A+%D0%BF%D1%80%D0%B8%D0%BC%D0%B5%D1%80%D0%BD%D0%BE+16-30%2C+%D0%94%D0%B0%D1%82%D0%B0+%D0%B7%D0%B2%D0%BE%D0%BD%D0%BA%D0%B0%3A+2026-02-24+12%3A09%3A14%2C+%D0%93%D0%B5%D0%BE%3A+%D0%92%D0%BE%D0%BB%D0%B3%D0%BE%D0%B3%D1%80%D0%B0%D0%B4%D1%81%D0%BA%D0%B0%D1%8F+%D0%BE%D0%B1%D0%BB.%2C+%D0%A1%D1%83%D0%BC%D0%BC%D0%B0+%D0%B4%D0%BE%D0%BB%D0%B3%D0%B0%3A+300000+%D1%80%D1%83%D0%B1&name=%D0%A1%D0%B5%D1%80%D0%B3%D0%B5%D0%B9&phone=79297851849
POST: Array
(
    [Gorod] => Волгоград
    [Comments] => Запись разговора: https://786231.selcdn.ru/leads-m-records/records/fDkNct8QTtf0ORITUERw.mp3 Когда перезвонить: примерно 16-30, Дата звонка: 2026-02-24 12:09:14, Гео: Волгоградская обл., Сумма долга: 300000 руб
    [name] => Сергей
    [phone] => 79297851849
)

Quiz/Комментарии: Array
(
)

Собранные комментарии (для лога): 
Comments: Запись разговора: https://786231.selcdn.ru/leads-m-records/records/fDkNct8QTtf0ORITUERw.mp3 Когда перезвонить: примерно 16-30, Дата звонка: 2026-02-24 12:09:14, Гео: Волгоградская обл., Сумма долга: 300000 руб
Город: Волгоград

Отправка комментариев в Bitrix: ДА
Поля для Bitrix: Array
(
    [NAME] => Сергей
    [PHONE] => Array
        (
            [0] => Array
                (
                    [VALUE] => 79297851849
                    [VALUE_TYPE] => MOBILE
                )

        )

    [ASSIGNED_BY_ID] => 1
    [TITLE] => Новая заявка - 79297851849
    [OPENED] => Y
    [STATUS_ID] => NEW
    [SOURCE_ID] => 1085
    [COMMENTS] => <b>Comments:</b> Запись разговора: https://786231.selcdn.ru/leads-m-records/records/fDkNct8QTtf0ORITUERw.mp3 Когда перезвонить: примерно 16-30, Дата звонка: 2026-02-24 12:09:14, Гео: Волгоградская обл., Сумма долга: 300000 руб<br><b>Город:</b> Волгоград<br>
)

Bitrix Response: {"result":654111,"time":{"start":1771924204,"finish":1771924206.888033,"duration":2.888032913208008,"processing":2,"date_start":"2026-02-24T12:10:04+03:00","date_finish":"2026-02-24T12:10:06+03:00","operating_reset_at":1771924804,"operating":4.501245021820068}}
Статус: Успешно (Lead ID: 654111)
--------------------------------------------------

Время: 24.02.2026 12:13:20
Сервис: КЦ
From: Заявка из КЦ
Клиент: Array
(
    [name] => Клиент
    [phone] => 79608916485
    [email] => 
)

Город: Волгоград (ID: не найден)
RAW Input: Gorod=%D0%92%D0%BE%D0%BB%D0%B3%D0%BE%D0%B3%D1%80%D0%B0%D0%B4&Comments=%D0%97%D0%B0%D0%BF%D0%B8%D1%81%D1%8C+%D1%80%D0%B0%D0%B7%D0%B3%D0%BE%D0%B2%D0%BE%D1%80%D0%B0%3A+https%3A%2F%2F786231.selcdn.ru%2Fleads-m-records%2Frecords%2F3k1CJ12ROzjPxa5AovCn.mp3+%D0%9A%D0%BE%D0%B3%D0%B4%D0%B0+%D0%BF%D0%B5%D1%80%D0%B5%D0%B7%D0%B2%D0%BE%D0%BD%D0%B8%D1%82%D1%8C%3A+%D0%B2+%D0%B1%D0%BB%D0%B8%D0%B6%D0%B0%D0%B9%D1%88%D0%B5%D0%B5+%D0%B2%D1%80%D0%B5%D0%BC%D1%8F%2C+%D0%94%D0%B0%D1%82%D0%B0+%D0%B7%D0%B2%D0%BE%D0%BD%D0%BA%D0%B0%3A+2026-02-24+12%3A12%3A12%2C+%D0%93%D0%B5%D0%BE%3A+%D0%92%D0%BE%D0%BB%D0%B3%D0%BE%D0%B3%D1%80%D0%B0%D0%B4%D1%81%D0%BA%D0%B0%D1%8F+%D0%BE%D0%B1%D0%BB.%2C+%D0%A1%D1%83%D0%BC%D0%BC%D0%B0+%D0%B4%D0%BE%D0%BB%D0%B3%D0%B0%3A+250000+%D1%80%D1%83%D0%B1&name=%D0%9A%D0%BB%D0%B8%D0%B5%D0%BD%D1%82&phone=79608916485
POST: Array
(
    [Gorod] => Волгоград
    [Comments] => Запись разговора: https://786231.selcdn.ru/leads-m-records/records/3k1CJ12ROzjPxa5AovCn.mp3 Когда перезвонить: в ближайшее время, Дата звонка: 2026-02-24 12:12:12, Гео: Волгоградская обл., Сумма долга: 250000 руб
    [name] => Клиент
    [phone] => 79608916485
)

Quiz/Комментарии: Array
(
)

Собранные комментарии (для лога): 
Comments: Запись разговора: https://786231.selcdn.ru/leads-m-records/records/3k1CJ12ROzjPxa5AovCn.mp3 Когда перезвонить: в ближайшее время, Дата звонка: 2026-02-24 12:12:12, Гео: Волгоградская обл., Сумма долга: 250000 руб
Город: Волгоград

Отправка комментариев в Bitrix: ДА
Поля для Bitrix: Array
(
    [NAME] => Клиент
    [PHONE] => Array
        (
            [0] => Array
                (
                    [VALUE] => 79608916485
                    [VALUE_TYPE] => MOBILE
                )

        )

    [ASSIGNED_BY_ID] => 1
    [TITLE] => Новая заявка - 79608916485
    [OPENED] => Y
    [STATUS_ID] => NEW
    [SOURCE_ID] => 1085
    [COMMENTS] => <b>Comments:</b> Запись разговора: https://786231.selcdn.ru/leads-m-records/records/3k1CJ12ROzjPxa5AovCn.mp3 Когда перезвонить: в ближайшее время, Дата звонка: 2026-02-24 12:12:12, Гео: Волгоградская обл., Сумма долга: 250000 руб<br><b>Город:</b> Волгоград<br>
)

Bitrix Response: {"result":654127,"time":{"start":1771924404,"finish":1771924406.338389,"duration":2.3383889198303223,"processing":2,"date_start":"2026-02-24T12:13:24+03:00","date_finish":"2026-02-24T12:13:26+03:00","operating_reset_at":1771925004,"operating":8.774073839187622}}
Статус: Успешно (Lead ID: 654127)
--------------------------------------------------

Время: 24.02.2026 12:25:32
Сервис: КЦ
From: Заявка из КЦ
Клиент: Array
(
    [name] => Наталья.
    [phone] => 79910833529
    [email] => 
)

Город: Волгоград (ID: не найден)
RAW Input: Gorod=%D0%92%D0%BE%D0%BB%D0%B3%D0%BE%D0%B3%D1%80%D0%B0%D0%B4&Comments=%D0%97%D0%B0%D0%BF%D0%B8%D1%81%D1%8C+%D1%80%D0%B0%D0%B7%D0%B3%D0%BE%D0%B2%D0%BE%D1%80%D0%B0%3A+https%3A%2F%2F786231.selcdn.ru%2Fleads-m-records%2Frecords%2FumbfAUxMgS2dMurwjISE.mp3+%D0%9A%D0%BE%D0%B3%D0%B4%D0%B0+%D0%BF%D0%B5%D1%80%D0%B5%D0%B7%D0%B2%D0%BE%D0%BD%D0%B8%D1%82%D1%8C%3A+%D0%B2+%D0%B1%D0%BB%D0%B8%D0%B6%D0%B0%D0%B9%D1%88%D0%B5%D0%B5+%D0%B2%D1%80%D0%B5%D0%BC%D1%8F+%D0%BE%D0%B6%D0%B8%D0%B4%D0%B0%D0%B5%D1%82+%D0%B7%D0%B2%D0%BE%D0%BD%D0%BE%D0%BA.%2C+%D0%94%D0%B0%D1%82%D0%B0+%D0%B7%D0%B2%D0%BE%D0%BD%D0%BA%D0%B0%3A+2026-02-24+12%3A25%3A10%2C+%D0%93%D0%B5%D0%BE%3A+%D0%92%D0%BE%D0%BB%D0%B3%D0%BE%D0%B3%D1%80%D0%B0%D0%B4%D1%81%D0%BA%D0%B0%D1%8F+%D0%BE%D0%B1%D0%BB.%2C+%D0%A1%D1%83%D0%BC%D0%BC%D0%B0+%D0%B4%D0%BE%D0%BB%D0%B3%D0%B0%3A+250000+%D1%80%D1%83%D0%B1&name=%D0%9D%D0%B0%D1%82%D0%B0%D0%BB%D1%8C%D1%8F.&phone=79910833529
POST: Array
(
    [Gorod] => Волгоград
    [Comments] => Запись разговора: https://786231.selcdn.ru/leads-m-records/records/umbfAUxMgS2dMurwjISE.mp3 Когда перезвонить: в ближайшее время ожидает звонок., Дата звонка: 2026-02-24 12:25:10, Гео: Волгоградская обл., Сумма долга: 250000 руб
    [name] => Наталья.
    [phone] => 79910833529
)

Quiz/Комментарии: Array
(
)

Собранные комментарии (для лога): 
Comments: Запись разговора: https://786231.selcdn.ru/leads-m-records/records/umbfAUxMgS2dMurwjISE.mp3 Когда перезвонить: в ближайшее время ожидает звонок., Дата звонка: 2026-02-24 12:25:10, Гео: Волгоградская обл., Сумма долга: 250000 руб
Город: Волгоград

Отправка комментариев в Bitrix: ДА
Поля для Bitrix: Array
(
    [NAME] => Наталья.
    [PHONE] => Array
        (
            [0] => Array
                (
                    [VALUE] => 79910833529
                    [VALUE_TYPE] => MOBILE
                )

        )

    [ASSIGNED_BY_ID] => 1
    [TITLE] => Новая заявка - 79910833529
    [OPENED] => Y
    [STATUS_ID] => NEW
    [SOURCE_ID] => 1085
    [COMMENTS] => <b>Comments:</b> Запись разговора: https://786231.selcdn.ru/leads-m-records/records/umbfAUxMgS2dMurwjISE.mp3 Когда перезвонить: в ближайшее время ожидает звонок., Дата звонка: 2026-02-24 12:25:10, Гео: Волгоградская обл., Сумма долга: 250000 руб<br><b>Город:</b> Волгоград<br>
)

Bitrix Response: {"result":654145,"time":{"start":1771925132,"finish":1771925134.493434,"duration":2.493433952331543,"processing":2,"date_start":"2026-02-24T12:25:32+03:00","date_finish":"2026-02-24T12:25:34+03:00","operating_reset_at":1771925732,"operating":11.33516240119934}}
Статус: Успешно (Lead ID: 654145)
--------------------------------------------------

Время: 24.02.2026 12:30:10
Сервис: КЦ
From: Заявка из КЦ
Клиент: Array
(
    [name] => Виктор
    [phone] => 79806187814
    [email] => 
)

Город: Волгоград (ID: не найден)
RAW Input: Gorod=%D0%92%D0%BE%D0%BB%D0%B3%D0%BE%D0%B3%D1%80%D0%B0%D0%B4&Comments=%D0%97%D0%B0%D0%BF%D0%B8%D1%81%D1%8C+%D1%80%D0%B0%D0%B7%D0%B3%D0%BE%D0%B2%D0%BE%D1%80%D0%B0%3A+https%3A%2F%2F786231.selcdn.ru%2Fleads-m-records%2Frecords%2FJPa1DCXQoEmMtjBjIVwy.mp3+%D0%9A%D0%BE%D0%B3%D0%B4%D0%B0+%D0%BF%D0%B5%D1%80%D0%B5%D0%B7%D0%B2%D0%BE%D0%BD%D0%B8%D1%82%D1%8C%3A+%D0%B2+%D0%B1%D0%BB%D0%B8%D0%B6%D0%B0%D0%B9%D1%88%D0%B5%D0%B5+%D0%B2%D1%80%D0%B5%D0%BC%D1%8F%2C+%D0%94%D0%B0%D1%82%D0%B0+%D0%B7%D0%B2%D0%BE%D0%BD%D0%BA%D0%B0%3A+2026-02-24+12%3A29%3A38%2C+%D0%93%D0%B5%D0%BE%3A+%D0%92%D0%BE%D0%BB%D0%B3%D0%BE%D0%B3%D1%80%D0%B0%D0%B4%D1%81%D0%BA%D0%B0%D1%8F+%D0%BE%D0%B1%D0%BB.%2C+%D0%A1%D1%83%D0%BC%D0%BC%D0%B0+%D0%B4%D0%BE%D0%BB%D0%B3%D0%B0%3A+1000000+%D1%80%D1%83%D0%B1&name=%D0%92%D0%B8%D0%BA%D1%82%D0%BE%D1%80+&phone=79806187814
POST: Array
(
    [Gorod] => Волгоград
    [Comments] => Запись разговора: https://786231.selcdn.ru/leads-m-records/records/JPa1DCXQoEmMtjBjIVwy.mp3 Когда перезвонить: в ближайшее время, Дата звонка: 2026-02-24 12:29:38, Гео: Волгоградская обл., Сумма долга: 1000000 руб
    [name] => Виктор 
    [phone] => 79806187814
)

Quiz/Комментарии: Array
(
)

Собранные комментарии (для лога): 
Comments: Запись разговора: https://786231.selcdn.ru/leads-m-records/records/JPa1DCXQoEmMtjBjIVwy.mp3 Когда перезвонить: в ближайшее время, Дата звонка: 2026-02-24 12:29:38, Гео: Волгоградская обл., Сумма долга: 1000000 руб
Город: Волгоград

Отправка комментариев в Bitrix: ДА
Поля для Bitrix: Array
(
    [NAME] => Виктор
    [PHONE] => Array
        (
            [0] => Array
                (
                    [VALUE] => 79806187814
                    [VALUE_TYPE] => MOBILE
                )

        )

    [ASSIGNED_BY_ID] => 1
    [TITLE] => Новая заявка - 79806187814
    [OPENED] => Y
    [STATUS_ID] => NEW
    [SOURCE_ID] => 1085
    [COMMENTS] => <b>Comments:</b> Запись разговора: https://786231.selcdn.ru/leads-m-records/records/JPa1DCXQoEmMtjBjIVwy.mp3 Когда перезвонить: в ближайшее время, Дата звонка: 2026-02-24 12:29:38, Гео: Волгоградская обл., Сумма долга: 1000000 руб<br><b>Город:</b> Волгоград<br>
)

Bitrix Response: {"result":654157,"time":{"start":1771925410,"finish":1771925412.629806,"duration":2.6298060417175293,"processing":2,"date_start":"2026-02-24T12:30:10+03:00","date_finish":"2026-02-24T12:30:12+03:00","operating_reset_at":1771926010,"operating":15.66652250289917}}
Статус: Успешно (Lead ID: 654157)
--------------------------------------------------

Время: 24.02.2026 12:34:33
Сервис: КЦ
From: Заявка из КЦ
Клиент: Array
(
    [name] => Светлана
    [phone] => 79178428464
    [email] => 
)

Город: Волгоград (ID: не найден)
RAW Input: Gorod=%D0%92%D0%BE%D0%BB%D0%B3%D0%BE%D0%B3%D1%80%D0%B0%D0%B4&Comments=%D0%97%D0%B0%D0%BF%D0%B8%D1%81%D1%8C+%D1%80%D0%B0%D0%B7%D0%B3%D0%BE%D0%B2%D0%BE%D1%80%D0%B0%3A+https%3A%2F%2F786231.selcdn.ru%2Fleads-m-records%2Frecords%2F6KHXoykwviyOn8ywMDgK.mp3+%D0%9A%D0%BE%D0%B3%D0%B4%D0%B0+%D0%BF%D0%B5%D1%80%D0%B5%D0%B7%D0%B2%D0%BE%D0%BD%D0%B8%D1%82%D1%8C%3A+%D0%92+%D0%B1%D0%BB%D0%B8%D0%B6%D0%B0%D0%B9%D1%88%D0%B5%D0%B5+%D0%B2%D1%80%D0%B5%D0%BC%D1%8F%2C+%D0%94%D0%B0%D1%82%D0%B0+%D0%B7%D0%B2%D0%BE%D0%BD%D0%BA%D0%B0%3A+2026-02-24+12%3A33%3A49%2C+%D0%93%D0%B5%D0%BE%3A+%D0%92%D0%BE%D0%BB%D0%B3%D0%BE%D0%B3%D1%80%D0%B0%D0%B4%D1%81%D0%BA%D0%B0%D1%8F+%D0%BE%D0%B1%D0%BB.%2C+%D0%A1%D1%83%D0%BC%D0%BC%D0%B0+%D0%B4%D0%BE%D0%BB%D0%B3%D0%B0%3A+500000+%D1%80%D1%83%D0%B1&name=%D0%A1%D0%B2%D0%B5%D1%82%D0%BB%D0%B0%D0%BD%D0%B0&phone=79178428464
POST: Array
(
    [Gorod] => Волгоград
    [Comments] => Запись разговора: https://786231.selcdn.ru/leads-m-records/records/6KHXoykwviyOn8ywMDgK.mp3 Когда перезвонить: В ближайшее время, Дата звонка: 2026-02-24 12:33:49, Гео: Волгоградская обл., Сумма долга: 500000 руб
    [name] => Светлана
    [phone] => 79178428464
)

Quiz/Комментарии: Array
(
)

Собранные комментарии (для лога): 
Comments: Запись разговора: https://786231.selcdn.ru/leads-m-records/records/6KHXoykwviyOn8ywMDgK.mp3 Когда перезвонить: В ближайшее время, Дата звонка: 2026-02-24 12:33:49, Гео: Волгоградская обл., Сумма долга: 500000 руб
Город: Волгоград

Отправка комментариев в Bitrix: ДА
Поля для Bitrix: Array
(
    [NAME] => Светлана
    [PHONE] => Array
        (
            [0] => Array
                (
                    [VALUE] => 79178428464
                    [VALUE_TYPE] => MOBILE
                )

        )

    [ASSIGNED_BY_ID] => 1
    [TITLE] => Новая заявка - 79178428464
    [OPENED] => Y
    [STATUS_ID] => NEW
    [SOURCE_ID] => 1085
    [COMMENTS] => <b>Comments:</b> Запись разговора: https://786231.selcdn.ru/leads-m-records/records/6KHXoykwviyOn8ywMDgK.mp3 Когда перезвонить: В ближайшее время, Дата звонка: 2026-02-24 12:33:49, Гео: Волгоградская обл., Сумма долга: 500000 руб<br><b>Город:</b> Волгоград<br>
)

Bitrix Response: {"result":654165,"time":{"start":1771925673,"finish":1771925675.915494,"duration":2.915493965148926,"processing":2,"date_start":"2026-02-24T12:34:33+03:00","date_finish":"2026-02-24T12:34:35+03:00","operating_reset_at":1771926273,"operating":15.82666826248169}}
Статус: Успешно (Lead ID: 654165)
--------------------------------------------------

Время: 24.02.2026 13:10:31
Сервис: КЦ
From: Заявка из КЦ
Клиент: Array
(
    [name] => Игорь
    [phone] => 79053356613
    [email] => 
)

Город: Волгоград (ID: не найден)
RAW Input: Gorod=%D0%92%D0%BE%D0%BB%D0%B3%D0%BE%D0%B3%D1%80%D0%B0%D0%B4&Comments=%D0%97%D0%B0%D0%BF%D0%B8%D1%81%D1%8C+%D1%80%D0%B0%D0%B7%D0%B3%D0%BE%D0%B2%D0%BE%D1%80%D0%B0%3A+https%3A%2F%2F786231.selcdn.ru%2Fleads-m-records%2Frecords%2F3uOsgQdphGlDznbufEfM.mp3+%D0%9A%D0%BE%D0%B3%D0%B4%D0%B0+%D0%BF%D0%B5%D1%80%D0%B5%D0%B7%D0%B2%D0%BE%D0%BD%D0%B8%D1%82%D1%8C%3A+%D0%B1%D0%BB%D0%B8%D0%B6%D0%B0%D0%B9%D1%88%D0%B5%D0%B5+%D0%B2%D1%80%D0%B5%D0%BC%D1%8F%2C+%D0%94%D0%B0%D1%82%D0%B0+%D0%B7%D0%B2%D0%BE%D0%BD%D0%BA%D0%B0%3A+2026-02-24+13%3A10%3A24%2C+%D0%93%D0%B5%D0%BE%3A+%D0%92%D0%BE%D0%BB%D0%B3%D0%BE%D0%B3%D1%80%D0%B0%D0%B4%D1%81%D0%BA%D0%B0%D1%8F+%D0%BE%D0%B1%D0%BB.%2C+%D0%A1%D1%83%D0%BC%D0%BC%D0%B0+%D0%B4%D0%BE%D0%BB%D0%B3%D0%B0%3A+450000+%D1%80%D1%83%D0%B1&name=%D0%98%D0%B3%D0%BE%D1%80%D1%8C&phone=79053356613
POST: Array
(
    [Gorod] => Волгоград
    [Comments] => Запись разговора: https://786231.selcdn.ru/leads-m-records/records/3uOsgQdphGlDznbufEfM.mp3 Когда перезвонить: ближайшее время, Дата звонка: 2026-02-24 13:10:24, Гео: Волгоградская обл., Сумма долга: 450000 руб
    [name] => Игорь
    [phone] => 79053356613
)

Quiz/Комментарии: Array
(
)

Собранные комментарии (для лога): 
Comments: Запись разговора: https://786231.selcdn.ru/leads-m-records/records/3uOsgQdphGlDznbufEfM.mp3 Когда перезвонить: ближайшее время, Дата звонка: 2026-02-24 13:10:24, Гео: Волгоградская обл., Сумма долга: 450000 руб
Город: Волгоград

Отправка комментариев в Bitrix: ДА
Поля для Bitrix: Array
(
    [NAME] => Игорь
    [PHONE] => Array
        (
            [0] => Array
                (
                    [VALUE] => 79053356613
                    [VALUE_TYPE] => MOBILE
                )

        )

    [ASSIGNED_BY_ID] => 1
    [TITLE] => Новая заявка - 79053356613
    [OPENED] => Y
    [STATUS_ID] => NEW
    [SOURCE_ID] => 1085
    [COMMENTS] => <b>Comments:</b> Запись разговора: https://786231.selcdn.ru/leads-m-records/records/3uOsgQdphGlDznbufEfM.mp3 Когда перезвонить: ближайшее время, Дата звонка: 2026-02-24 13:10:24, Гео: Волгоградская обл., Сумма долга: 450000 руб<br><b>Город:</b> Волгоград<br>
)

Bitrix Response: {"result":654211,"time":{"start":1771927831,"finish":1771927833.310197,"duration":2.310197114944458,"processing":2,"date_start":"2026-02-24T13:10:31+03:00","date_finish":"2026-02-24T13:10:33+03:00","operating_reset_at":1771928431,"operating":2.1525299549102783}}
Статус: Успешно (Lead ID: 654211)
--------------------------------------------------

Время: 24.02.2026 13:21:28
Сервис: КЦ
From: Заявка из КЦ
Клиент: Array
(
    [name] => Анатолий
    [phone] => 79044045625
    [email] => 
)

Город: Волгоград (ID: не найден)
RAW Input: Gorod=%D0%92%D0%BE%D0%BB%D0%B3%D0%BE%D0%B3%D1%80%D0%B0%D0%B4&Comments=%D0%97%D0%B0%D0%BF%D0%B8%D1%81%D1%8C+%D1%80%D0%B0%D0%B7%D0%B3%D0%BE%D0%B2%D0%BE%D1%80%D0%B0%3A+https%3A%2F%2F786231.selcdn.ru%2Fleads-m-records%2Frecords%2FOp7LXCQkuIzIfAZijxf9.mp3+%D0%9A%D0%BE%D0%B3%D0%B4%D0%B0+%D0%BF%D0%B5%D1%80%D0%B5%D0%B7%D0%B2%D0%BE%D0%BD%D0%B8%D1%82%D1%8C%3A+%D1%81%D0%B5%D0%B3%D0%BE%D0%B4%D0%BD%D1%8F%2C+%D0%94%D0%B0%D1%82%D0%B0+%D0%B7%D0%B2%D0%BE%D0%BD%D0%BA%D0%B0%3A+2026-02-24+13%3A21%3A13%2C+%D0%93%D0%B5%D0%BE%3A+%D0%92%D0%BE%D0%BB%D0%B3%D0%BE%D0%B3%D1%80%D0%B0%D0%B4%D1%81%D0%BA%D0%B0%D1%8F+%D0%BE%D0%B1%D0%BB.%2C+%D0%A1%D1%83%D0%BC%D0%BC%D0%B0+%D0%B4%D0%BE%D0%BB%D0%B3%D0%B0%3A+500000+%D1%80%D1%83%D0%B1&name=%D0%90%D0%BD%D0%B0%D1%82%D0%BE%D0%BB%D0%B8%D0%B9&phone=79044045625
POST: Array
(
    [Gorod] => Волгоград
    [Comments] => Запись разговора: https://786231.selcdn.ru/leads-m-records/records/Op7LXCQkuIzIfAZijxf9.mp3 Когда перезвонить: сегодня, Дата звонка: 2026-02-24 13:21:13, Гео: Волгоградская обл., Сумма долга: 500000 руб
    [name] => Анатолий
    [phone] => 79044045625
)

Quiz/Комментарии: Array
(
)

Собранные комментарии (для лога): 
Comments: Запись разговора: https://786231.selcdn.ru/leads-m-records/records/Op7LXCQkuIzIfAZijxf9.mp3 Когда перезвонить: сегодня, Дата звонка: 2026-02-24 13:21:13, Гео: Волгоградская обл., Сумма долга: 500000 руб
Город: Волгоград

Отправка комментариев в Bitrix: ДА
Поля для Bitrix: Array
(
    [NAME] => Анатолий
    [PHONE] => Array
        (
            [0] => Array
                (
                    [VALUE] => 79044045625
                    [VALUE_TYPE] => MOBILE
                )

        )

    [ASSIGNED_BY_ID] => 1
    [TITLE] => Новая заявка - 79044045625
    [OPENED] => Y
    [STATUS_ID] => NEW
    [SOURCE_ID] => 1085
    [COMMENTS] => <b>Comments:</b> Запись разговора: https://786231.selcdn.ru/leads-m-records/records/Op7LXCQkuIzIfAZijxf9.mp3 Когда перезвонить: сегодня, Дата звонка: 2026-02-24 13:21:13, Гео: Волгоградская обл., Сумма долга: 500000 руб<br><b>Город:</b> Волгоград<br>
)

Bitrix Response: {"result":654223,"time":{"start":1771928488,"finish":1771928490.45781,"duration":2.4578099250793457,"processing":2,"date_start":"2026-02-24T13:21:28+03:00","date_finish":"2026-02-24T13:21:30+03:00","operating_reset_at":1771929088,"operating":4.355038166046143}}
Статус: Успешно (Lead ID: 654223)
--------------------------------------------------

Время: 24.02.2026 13:43:29
Сервис: КЦ
From: Заявка из КЦ
Клиент: Array
(
    [name] => Рамиль
    [phone] => 79044252825
    [email] => 
)

Город: Волгоград (ID: не найден)
RAW Input: Gorod=%D0%92%D0%BE%D0%BB%D0%B3%D0%BE%D0%B3%D1%80%D0%B0%D0%B4&Comments=%D0%97%D0%B0%D0%BF%D0%B8%D1%81%D1%8C+%D1%80%D0%B0%D0%B7%D0%B3%D0%BE%D0%B2%D0%BE%D1%80%D0%B0%3A+https%3A%2F%2F786231.selcdn.ru%2Fleads-m-records%2Frecords%2FGtQNZgmA8bPFtIItCZ52.mp3+%D0%9A%D0%BE%D0%B3%D0%B4%D0%B0+%D0%BF%D0%B5%D1%80%D0%B5%D0%B7%D0%B2%D0%BE%D0%BD%D0%B8%D1%82%D1%8C%3A+%D0%BE%D0%B6%D0%B8%D0%B4%D0%B0%D0%B5%D1%82+%D0%B7%D0%B2%D0%BE%D0%BD%D0%BE%D0%BA%2C+%D0%94%D0%B0%D1%82%D0%B0+%D0%B7%D0%B2%D0%BE%D0%BD%D0%BA%D0%B0%3A+2026-02-24+13%3A43%3A02%2C+%D0%93%D0%B5%D0%BE%3A+%D0%92%D0%BE%D0%BB%D0%B3%D0%BE%D0%B3%D1%80%D0%B0%D0%B4%D1%81%D0%BA%D0%B0%D1%8F+%D0%BE%D0%B1%D0%BB.%2C+%D0%A1%D1%83%D0%BC%D0%BC%D0%B0+%D0%B4%D0%BE%D0%BB%D0%B3%D0%B0%3A+310000+%D1%80%D1%83%D0%B1&name=%D0%A0%D0%B0%D0%BC%D0%B8%D0%BB%D1%8C&phone=79044252825
POST: Array
(
    [Gorod] => Волгоград
    [Comments] => Запись разговора: https://786231.selcdn.ru/leads-m-records/records/GtQNZgmA8bPFtIItCZ52.mp3 Когда перезвонить: ожидает звонок, Дата звонка: 2026-02-24 13:43:02, Гео: Волгоградская обл., Сумма долга: 310000 руб
    [name] => Рамиль
    [phone] => 79044252825
)

Quiz/Комментарии: Array
(
)

Собранные комментарии (для лога): 
Comments: Запись разговора: https://786231.selcdn.ru/leads-m-records/records/GtQNZgmA8bPFtIItCZ52.mp3 Когда перезвонить: ожидает звонок, Дата звонка: 2026-02-24 13:43:02, Гео: Волгоградская обл., Сумма долга: 310000 руб
Город: Волгоград

Отправка комментариев в Bitrix: ДА
Поля для Bitrix: Array
(
    [NAME] => Рамиль
    [PHONE] => Array
        (
            [0] => Array
                (
                    [VALUE] => 79044252825
                    [VALUE_TYPE] => MOBILE
                )

        )

    [ASSIGNED_BY_ID] => 1
    [TITLE] => Новая заявка - 79044252825
    [OPENED] => Y
    [STATUS_ID] => NEW
    [SOURCE_ID] => 1085
    [COMMENTS] => <b>Comments:</b> Запись разговора: https://786231.selcdn.ru/leads-m-records/records/GtQNZgmA8bPFtIItCZ52.mp3 Когда перезвонить: ожидает звонок, Дата звонка: 2026-02-24 13:43:02, Гео: Волгоградская обл., Сумма долга: 310000 руб<br><b>Город:</b> Волгоград<br>
)

Bitrix Response: {"result":654255,"time":{"start":1771929809,"finish":1771929811.438234,"duration":2.4382340908050537,"processing":2,"date_start":"2026-02-24T13:43:29+03:00","date_finish":"2026-02-24T13:43:31+03:00","operating_reset_at":1771930409,"operating":4.358583927154541}}
Статус: Успешно (Lead ID: 654255)
--------------------------------------------------

Время: 25.02.2026 12:26:30
Сервис: КЦ
From: Заявка из КЦ
Клиент: Array
(
    [name] => Любовь
    [phone] => 79883979561
    [email] => 
)

Город: Волгоград (ID: не найден)
RAW Input: Gorod=%D0%92%D0%BE%D0%BB%D0%B3%D0%BE%D0%B3%D1%80%D0%B0%D0%B4&Comments=%D0%97%D0%B0%D0%BF%D0%B8%D1%81%D1%8C+%D1%80%D0%B0%D0%B7%D0%B3%D0%BE%D0%B2%D0%BE%D1%80%D0%B0%3A+https%3A%2F%2F786231.selcdn.ru%2Fleads-m-records%2Frecords%2FQxDGeId2u94OBa2z2BgW.mp3+%D0%9A%D0%BE%D0%B3%D0%B4%D0%B0+%D0%BF%D0%B5%D1%80%D0%B5%D0%B7%D0%B2%D0%BE%D0%BD%D0%B8%D1%82%D1%8C%3A+%D0%B2+%D0%B1%D0%BB%D0%B8%D0%B6%D0%B0%D0%B9%D1%88%D0%B5%D0%B5+%D0%B2%D1%80%D0%B5%D0%BC%D1%8F%2C+%D0%94%D0%B0%D1%82%D0%B0+%D0%B7%D0%B2%D0%BE%D0%BD%D0%BA%D0%B0%3A+2026-02-25+12%3A25%3A37%2C+%D0%93%D0%B5%D0%BE%3A+%D0%92%D0%BE%D0%BB%D0%B3%D0%BE%D0%B3%D1%80%D0%B0%D0%B4%D1%81%D0%BA%D0%B0%D1%8F+%D0%BE%D0%B1%D0%BB.%2C+%D0%A1%D1%83%D0%BC%D0%BC%D0%B0+%D0%B4%D0%BE%D0%BB%D0%B3%D0%B0%3A+500000+%D1%80%D1%83%D0%B1&name=%D0%9B%D1%8E%D0%B1%D0%BE%D0%B2%D1%8C&phone=79883979561
POST: Array
(
    [Gorod] => Волгоград
    [Comments] => Запись разговора: https://786231.selcdn.ru/leads-m-records/records/QxDGeId2u94OBa2z2BgW.mp3 Когда перезвонить: в ближайшее время, Дата звонка: 2026-02-25 12:25:37, Гео: Волгоградская обл., Сумма долга: 500000 руб
    [name] => Любовь
    [phone] => 79883979561
)

Quiz/Комментарии: Array
(
)

Собранные комментарии (для лога): 
Comments: Запись разговора: https://786231.selcdn.ru/leads-m-records/records/QxDGeId2u94OBa2z2BgW.mp3 Когда перезвонить: в ближайшее время, Дата звонка: 2026-02-25 12:25:37, Гео: Волгоградская обл., Сумма долга: 500000 руб
Город: Волгоград

Отправка комментариев в Bitrix: ДА
Поля для Bitrix: Array
(
    [NAME] => Любовь
    [PHONE] => Array
        (
            [0] => Array
                (
                    [VALUE] => 79883979561
                    [VALUE_TYPE] => MOBILE
                )

        )

    [ASSIGNED_BY_ID] => 1
    [TITLE] => Новая заявка - 79883979561
    [OPENED] => Y
    [STATUS_ID] => NEW
    [SOURCE_ID] => 1085
    [COMMENTS] => <b>Comments:</b> Запись разговора: https://786231.selcdn.ru/leads-m-records/records/QxDGeId2u94OBa2z2BgW.mp3 Когда перезвонить: в ближайшее время, Дата звонка: 2026-02-25 12:25:37, Гео: Волгоградская обл., Сумма долга: 500000 руб<br><b>Город:</b> Волгоград<br>
)

Bitrix Response: {"result":654947,"time":{"start":1772011590,"finish":1772011592.32606,"duration":2.3260600566864014,"processing":2,"date_start":"2026-02-25T12:26:30+03:00","date_finish":"2026-02-25T12:26:32+03:00","operating_reset_at":1772012190,"operating":13.668707370758057}}
Статус: Успешно (Lead ID: 654947)
--------------------------------------------------

Время: 25.02.2026 15:20:53
Сервис: КЦ
From: Заявка из КЦ
Клиент: Array
(
    [name] => Надежда
    [phone] => 79047770962
    [email] => 
)

Город: Волгоград (ID: не найден)
RAW Input: Gorod=%D0%92%D0%BE%D0%BB%D0%B3%D0%BE%D0%B3%D1%80%D0%B0%D0%B4&Comments=%D0%97%D0%B0%D0%BF%D0%B8%D1%81%D1%8C+%D1%80%D0%B0%D0%B7%D0%B3%D0%BE%D0%B2%D0%BE%D1%80%D0%B0%3A+https%3A%2F%2F786231.selcdn.ru%2Fleads-m-records%2Frecords%2F8hbM1cuErbCKwCXCmPXZ.mp3+%D0%9A%D0%BE%D0%B3%D0%B4%D0%B0+%D0%BF%D0%B5%D1%80%D0%B5%D0%B7%D0%B2%D0%BE%D0%BD%D0%B8%D1%82%D1%8C%3A+%D0%92+%D0%B1%D0%BB%D0%B8%D0%B6%D0%B0%D0%B9%D1%88%D0%B5%D0%B5+%D0%B2%D1%80%D0%B5%D0%BC%D1%8F%2C+%D0%94%D0%B0%D1%82%D0%B0+%D0%B7%D0%B2%D0%BE%D0%BD%D0%BA%D0%B0%3A+2026-02-25+15%3A19%3A34%2C+%D0%93%D0%B5%D0%BE%3A+%D0%92%D0%BE%D0%BB%D0%B3%D0%BE%D0%B3%D1%80%D0%B0%D0%B4%D1%81%D0%BA%D0%B0%D1%8F+%D0%BE%D0%B1%D0%BB.%2C+%D0%A1%D1%83%D0%BC%D0%BC%D0%B0+%D0%B4%D0%BE%D0%BB%D0%B3%D0%B0%3A+350000+%D1%80%D1%83%D0%B1&name=%D0%9D%D0%B0%D0%B4%D0%B5%D0%B6%D0%B4%D0%B0&phone=79047770962
POST: Array
(
    [Gorod] => Волгоград
    [Comments] => Запись разговора: https://786231.selcdn.ru/leads-m-records/records/8hbM1cuErbCKwCXCmPXZ.mp3 Когда перезвонить: В ближайшее время, Дата звонка: 2026-02-25 15:19:34, Гео: Волгоградская обл., Сумма долга: 350000 руб
    [name] => Надежда
    [phone] => 79047770962
)

Quiz/Комментарии: Array
(
)

Собранные комментарии (для лога): 
Comments: Запись разговора: https://786231.selcdn.ru/leads-m-records/records/8hbM1cuErbCKwCXCmPXZ.mp3 Когда перезвонить: В ближайшее время, Дата звонка: 2026-02-25 15:19:34, Гео: Волгоградская обл., Сумма долга: 350000 руб
Город: Волгоград

Отправка комментариев в Bitrix: ДА
Поля для Bitrix: Array
(
    [NAME] => Надежда
    [PHONE] => Array
        (
            [0] => Array
                (
                    [VALUE] => 79047770962
                    [VALUE_TYPE] => MOBILE
                )

        )

    [ASSIGNED_BY_ID] => 1
    [TITLE] => Новая заявка - 79047770962
    [OPENED] => Y
    [STATUS_ID] => NEW
    [SOURCE_ID] => 1085
    [COMMENTS] => <b>Comments:</b> Запись разговора: https://786231.selcdn.ru/leads-m-records/records/8hbM1cuErbCKwCXCmPXZ.mp3 Когда перезвонить: В ближайшее время, Дата звонка: 2026-02-25 15:19:34, Гео: Волгоградская обл., Сумма долга: 350000 руб<br><b>Город:</b> Волгоград<br>
)

Bitrix Response: {"result":655203,"time":{"start":1772022053,"finish":1772022055.40207,"duration":2.4020700454711914,"processing":2,"date_start":"2026-02-25T15:20:53+03:00","date_finish":"2026-02-25T15:20:55+03:00","operating_reset_at":1772022653,"operating":15.54877257347107}}
Статус: Успешно (Lead ID: 655203)
--------------------------------------------------

Время: 26.02.2026 13:19:49
Сервис: КЦ
From: Заявка из КЦ
Клиент: Array
(
    [name] => Александр
    [phone] => 79020939993
    [email] => 
)

Город: Волгоград (ID: не найден)
RAW Input: Gorod=%D0%92%D0%BE%D0%BB%D0%B3%D0%BE%D0%B3%D1%80%D0%B0%D0%B4&Comments=%D0%97%D0%B0%D0%BF%D0%B8%D1%81%D1%8C+%D1%80%D0%B0%D0%B7%D0%B3%D0%BE%D0%B2%D0%BE%D1%80%D0%B0%3A+https%3A%2F%2F786231.selcdn.ru%2Fleads-m-records%2Frecords%2FmvtAVzAOlm9FtkbQHoLL.mp3+%D0%9A%D0%BE%D0%B3%D0%B4%D0%B0+%D0%BF%D0%B5%D1%80%D0%B5%D0%B7%D0%B2%D0%BE%D0%BD%D0%B8%D1%82%D1%8C%3A+%D0%B2+%D0%B1%D0%BB%D0%B8%D0%B6%D0%B0%D0%B9%D1%88%D0%B5%D0%B5+%D0%B2%D1%80%D0%B5%D0%BC%D1%8F+%2C+%D0%94%D0%B0%D1%82%D0%B0+%D0%B7%D0%B2%D0%BE%D0%BD%D0%BA%D0%B0%3A+2026-02-26+13%3A18%3A29%2C+%D0%93%D0%B5%D0%BE%3A+%D0%92%D0%BE%D0%BB%D0%B3%D0%BE%D0%B3%D1%80%D0%B0%D0%B4%D1%81%D0%BA%D0%B0%D1%8F+%D0%BE%D0%B1%D0%BB.%2C+%D0%A1%D1%83%D0%BC%D0%BC%D0%B0+%D0%B4%D0%BE%D0%BB%D0%B3%D0%B0%3A+250000+%D1%80%D1%83%D0%B1&name=%D0%90%D0%BB%D0%B5%D0%BA%D1%81%D0%B0%D0%BD%D0%B4%D1%80&phone=79020939993
POST: Array
(
    [Gorod] => Волгоград
    [Comments] => Запись разговора: https://786231.selcdn.ru/leads-m-records/records/mvtAVzAOlm9FtkbQHoLL.mp3 Когда перезвонить: в ближайшее время , Дата звонка: 2026-02-26 13:18:29, Гео: Волгоградская обл., Сумма долга: 250000 руб
    [name] => Александр
    [phone] => 79020939993
)

Quiz/Комментарии: Array
(
)

Собранные комментарии (для лога): 
Comments: Запись разговора: https://786231.selcdn.ru/leads-m-records/records/mvtAVzAOlm9FtkbQHoLL.mp3 Когда перезвонить: в ближайшее время , Дата звонка: 2026-02-26 13:18:29, Гео: Волгоградская обл., Сумма долга: 250000 руб
Город: Волгоград

Отправка комментариев в Bitrix: ДА
Поля для Bitrix: Array
(
    [NAME] => Александр
    [PHONE] => Array
        (
            [0] => Array
                (
                    [VALUE] => 79020939993
                    [VALUE_TYPE] => MOBILE
                )

        )

    [ASSIGNED_BY_ID] => 1
    [TITLE] => Новая заявка - 79020939993
    [OPENED] => Y
    [STATUS_ID] => NEW
    [SOURCE_ID] => 1085
    [COMMENTS] => <b>Comments:</b> Запись разговора: https://786231.selcdn.ru/leads-m-records/records/mvtAVzAOlm9FtkbQHoLL.mp3 Когда перезвонить: в ближайшее время , Дата звонка: 2026-02-26 13:18:29, Гео: Волгоградская обл., Сумма долга: 250000 руб<br><b>Город:</b> Волгоград<br>
)

Bitrix Response: {"result":655867,"time":{"start":1772101189,"finish":1772101192.037261,"duration":3.0372610092163086,"processing":3,"date_start":"2026-02-26T13:19:49+03:00","date_finish":"2026-02-26T13:19:52+03:00","operating_reset_at":1772101789,"operating":11.936838865280151}}
Статус: Успешно (Lead ID: 655867)
--------------------------------------------------

Время: 26.02.2026 14:04:17
Сервис: КЦ
From: Заявка из КЦ
Клиент: Array
(
    [name] => Любовь
    [phone] => 79044329584
    [email] => 
)

Город: Волгоград (ID: не найден)
RAW Input: Gorod=%D0%92%D0%BE%D0%BB%D0%B3%D0%BE%D0%B3%D1%80%D0%B0%D0%B4&Comments=%D0%97%D0%B0%D0%BF%D0%B8%D1%81%D1%8C+%D1%80%D0%B0%D0%B7%D0%B3%D0%BE%D0%B2%D0%BE%D1%80%D0%B0%3A+https%3A%2F%2F786231.selcdn.ru%2Fleads-m-records%2Frecords%2FyrMr1rVPt9NdvNkN53HQ.mp3+%D0%9A%D0%BE%D0%B3%D0%B4%D0%B0+%D0%BF%D0%B5%D1%80%D0%B5%D0%B7%D0%B2%D0%BE%D0%BD%D0%B8%D1%82%D1%8C%3A+%D0%B1%D0%BB%D0%B8%D0%B6%D0%B0%D0%B9%D1%88%D0%B5%D0%B5+%D0%B2%D1%80%D0%B5%D0%BC%D1%8F%2C+%D0%94%D0%B0%D1%82%D0%B0+%D0%B7%D0%B2%D0%BE%D0%BD%D0%BA%D0%B0%3A+2026-02-26+14%3A03%3A58%2C+%D0%93%D0%B5%D0%BE%3A+%D0%92%D0%BE%D0%BB%D0%B3%D0%BE%D0%B3%D1%80%D0%B0%D0%B4%D1%81%D0%BA%D0%B0%D1%8F+%D0%BE%D0%B1%D0%BB.%2C+%D0%A1%D1%83%D0%BC%D0%BC%D0%B0+%D0%B4%D0%BE%D0%BB%D0%B3%D0%B0%3A+300000+%D1%80%D1%83%D0%B1&name=%D0%9B%D1%8E%D0%B1%D0%BE%D0%B2%D1%8C&phone=79044329584
POST: Array
(
    [Gorod] => Волгоград
    [Comments] => Запись разговора: https://786231.selcdn.ru/leads-m-records/records/yrMr1rVPt9NdvNkN53HQ.mp3 Когда перезвонить: ближайшее время, Дата звонка: 2026-02-26 14:03:58, Гео: Волгоградская обл., Сумма долга: 300000 руб
    [name] => Любовь
    [phone] => 79044329584
)

Quiz/Комментарии: Array
(
)

Собранные комментарии (для лога): 
Comments: Запись разговора: https://786231.selcdn.ru/leads-m-records/records/yrMr1rVPt9NdvNkN53HQ.mp3 Когда перезвонить: ближайшее время, Дата звонка: 2026-02-26 14:03:58, Гео: Волгоградская обл., Сумма долга: 300000 руб
Город: Волгоград

Отправка комментариев в Bitrix: ДА
Поля для Bitrix: Array
(
    [NAME] => Любовь
    [PHONE] => Array
        (
            [0] => Array
                (
                    [VALUE] => 79044329584
                    [VALUE_TYPE] => MOBILE
                )

        )

    [ASSIGNED_BY_ID] => 1
    [TITLE] => Новая заявка - 79044329584
    [OPENED] => Y
    [STATUS_ID] => NEW
    [SOURCE_ID] => 1085
    [COMMENTS] => <b>Comments:</b> Запись разговора: https://786231.selcdn.ru/leads-m-records/records/yrMr1rVPt9NdvNkN53HQ.mp3 Когда перезвонить: ближайшее время, Дата звонка: 2026-02-26 14:03:58, Гео: Волгоградская обл., Сумма долга: 300000 руб<br><b>Город:</b> Волгоград<br>
)

Bitrix Response: {"result":655937,"time":{"start":1772103857,"finish":1772103859.585622,"duration":2.5856220722198486,"processing":2,"date_start":"2026-02-26T14:04:17+03:00","date_finish":"2026-02-26T14:04:19+03:00","operating_reset_at":1772104457,"operating":8.845121145248413}}
Статус: Успешно (Lead ID: 655937)
--------------------------------------------------

