Время: 26.02.2026 19:00:31
Сервис: Senler
ОШИБКА ВАЛИДАЦИИ: Телефон не указан
Клиент: Array
(
    [name] => 
    [phone] => 
    [email] => 
    [birthdate] => 
)

RAW Input: {"object":{"bdate":"13.01.2001","city_id":66,"country_id":1,"date":"2026-02-26 19:00:31","domain":"testuser","first_name":"TestName","group_id":1061239,"last_name":"TestFam","photo":"https://vk.ru/images/camera_100.png","relation":1,"sex":2,"subscriptions":[{"data":"15.05.2012 12:19:17","source":"hand","subscription_id":3,"time":54388},{"data":"15.05.2012 12:20:17","source":"hand","subscription_id":4,"time":65894}],"unixtime":1772121631,"utms":{"utm_campaign":"test_campaign","utm_content":"test_
POST: Array
(
)

Статус: Ошибка валидации телефона
--------------------------------------------------

Время: 26.02.2026 19:01:12
Сервис: Senler
ОШИБКА ВАЛИДАЦИИ: Телефон не указан
Клиент: Array
(
    [name] => 
    [phone] => 
    [email] => 
    [birthdate] => 
)

RAW Input: {"object":{"bdate":"02.02.1993","city_id":183,"country_id":null,"date":"26.02.2026 18:54:04","domain":"m_vladimir_v","first_name":"Владимир","group_id":1061239,"last_name":"Моор","photo":"https://sun9-63.vkuserphoto.ru/s/v1/ig2/Todkh0U1WmeKXj876pIb6wJbTrpbWfkWEefRX6boAekGnzIHeYBg9liNE2TCBEzyON9UrnrtZVGS3N7rLxovX6ny.jpg?quality=95\u0026crop=0,0,1918,1918\u0026as=32x32,48x48,72x72,108x108,160x160,240x240,360x360,480x480,540x540,640x640,720x720,1080x1080,1280x1280,1440x1440\u0026ava=1\u
POST: Array
(
)

Статус: Ошибка валидации телефона
--------------------------------------------------

Время: 26.02.2026 19:02:13
Сервис: Senler
ОШИБКА ВАЛИДАЦИИ: Телефон не указан
Клиент: Array
(
    [name] => TestName TestFam
    [phone] => 
    [email] => 
    [birthdate] => 2001-01-13
)

RAW Input: fields%5BTITLE%5D=%D0%97%D0%B0%D1%8F%D0%B2%D0%BA%D0%B0+Senler%3A+TestName+TestFam&fields%5BNAME%5D=TestName+TestFam&fields%5BCOMMENTS%5D=%3D%3D%3D+%D0%94%D0%90%D0%9D%D0%9D%D0%AB%D0%95+%D0%98%D0%97+SENLER+%3D%3D%3D%0A%0A%D0%94%D0%B0%D1%82%D0%B0%3A+2026-02-26+19%3A02%3A12%0A%0A---+%D0%94%D0%B0%D0%BD%D0%BD%D1%8B%D0%B5+%D0%B8%D0%B7+%D1%84%D0%BE%D1%80%D0%BC%D1%8B+---%0A%0AVAR_1%3A+value1%0AVAR_2%3A+value2%0A%0A---+%D0%9F%D0%BE%D0%BB%D1%8C%D0%B7%D0%BE%D0%B2%D0%B0%D1%82%D0%B5%D0%BB%D1%8C+VK+---%0A%0A%D
POST: Array
(
    [fields] => Array
        (
            [TITLE] => Заявка Senler: TestName TestFam
            [NAME] => TestName TestFam
            [COMMENTS] => === ДАННЫЕ ИЗ SENLER ===

Дата: 2026-02-26 19:02:12

--- Данные из формы ---

VAR_1: value1
VAR_2: value2

--- Пользователь VK ---

Имя: TestName TestFam
Дата рождения: 13.01.2001
Пол: Мужской
VK: https://vk.com/testuser

            [ASSIGNED_BY_ID] => 1
            [SOURCE_ID] => 1032
            [SOURCE_DESCRIPTION] => Senler
            [BIRTHDATE] => 2001-01-13
        )

    [params] => Array
        (
            [REGISTER_SONET_EVENT] => Y
        )

)

Статус: Ошибка валидации телефона
--------------------------------------------------

Время: 26.02.2026 19:03:04
Сервис: Senler
From: Заявка из Senler
Клиент: Array
(
    [name] => Владимир Моор
    [phone] => +79250000033
    [email] => 
    [birthdate] => 1993-02-02
)

Город: не определён (ID: не найден)
RAW Input: fields%5BTITLE%5D=%D0%97%D0%B0%D1%8F%D0%B2%D0%BA%D0%B0+Senler%3A+%2B79250000033&fields%5BNAME%5D=%D0%92%D0%BB%D0%B0%D0%B4%D0%B8%D0%BC%D0%B8%D1%80+%D0%9C%D0%BE%D0%BE%D1%80&fields%5BCOMMENTS%5D=%3D%3D%3D+%D0%94%D0%90%D0%9D%D0%9D%D0%AB%D0%95+%D0%98%D0%97+SENLER+%3D%3D%3D%0A%0A%D0%94%D0%B0%D1%82%D0%B0%3A+26.02.2026+18%3A54%3A04%0A%0A---+%D0%94%D0%B0%D0%BD%D0%BD%D1%8B%D0%B5+%D0%B8%D0%B7+%D1%84%D0%BE%D1%80%D0%BC%D1%8B+---%0A%0AOVERDUE%3A+%D0%9D%D0%B5%D1%82%2C+%D0%BE%D0%BF%D0%BB%D0%B0%D1%87%D0%B8%D0%B2%D0%B0%D1%8E+%D0%B4%D0%BE%D0%BB%D0%B3%D0%B8+%D0%B2%D0%BE%D0%B2%D1%80%D0%B5%D0%BC%D1%8F%0APHONE%3A+79250000033%0APROPERTY%3A+%D0%94%D0%B0%2C+%D0%B5%D1%81%D1%82%D1%8C+%D0%B8%D0%BC%D1%83%D1%89%D0%B5%D1%81%D1%82%D0%B2%D0%BE%0ASUM%3A+300+000+-+500+000+%D1%80%D1%83%D0%B1.%0AYM_UID%3A+1695115501156175497%0A%0A---+%D0%9F%D0%BE%D0%BB%D1%8C%D0%B7%D0%BE%D0%B2%D0%B0%D1%82%D0%B5%D0%BB%D1%8C+VK+---%0A%0A%D0%98%D0%BC%D1%8F%3A+%D0%92%D0%BB%D0%B0%D0%B4%D0%B8%D0%BC%D0%B8%D1%80+%D0%9C%D0%BE%D0%BE%D1%80%0A%D0%94%D0
POST: Array
(
    [fields] => Array
        (
            [TITLE] => Заявка Senler: +79250000033
            [NAME] => Владимир Моор
            [COMMENTS] => === ДАННЫЕ ИЗ SENLER ===

Дата: 26.02.2026 18:54:04

--- Данные из формы ---

OVERDUE: Нет, оплачиваю долги вовремя
PHONE: 79250000033
PROPERTY: Да, есть имущество
SUM: 300 000 - 500 000 руб.
YM_UID: 1695115501156175497

--- Пользователь VK ---

Имя: Владимир Моор
Дата рождения: 02.02.1993
Пол: Мужской
VK: https://vk.com/m_vladimir_v

            [ASSIGNED_BY_ID] => 1
            [SOURCE_ID] => 1032
            [SOURCE_DESCRIPTION] => Senler
            [PHONE] => Array
                (
                    [0] => Array
                        (
                            [VALUE] => +79250000033
                            [VALUE_TYPE] => WORK
                        )

                )

            [BIRTHDATE] => 1993-02-02
        )

    [params] => Array
        (
            [REGISTER_SONET_EVENT] => Y
        )

)

Quiz/Комментарии: Array
(
)

Собранные комментарии (для лога): 
Комментарий (Bitrix): === ДАННЫЕ ИЗ SENLER ===

Дата: 26.02.2026 18:54:04

--- Данные из формы ---

OVERDUE: Нет, оплачиваю долги вовремя
PHONE: 79250000033
PROPERTY: Да, есть имущество
SUM: 300 000 - 500 000 руб.
YM_UID: 1695115501156175497

--- Пользователь VK ---

Имя: Владимир Моор
Дата рождения: 02.02.1993
Пол: Мужской
VK: https://vk.com/m_vladimir_v

Fields: Заявка Senler: +79250000033
Params: Y

Отправка комментариев в Bitrix: ДА
Поля для Bitrix: Array
(
    [TITLE] => Заявка Senler: +79250000033
    [NAME] => Владимир Моор
    [COMMENTS] => <b>Комментарий (Bitrix):</b> === ДАННЫЕ ИЗ SENLER ===

Дата: 26.02.2026 18:54:04

--- Данные из формы ---

OVERDUE: Нет, оплачиваю долги вовремя
PHONE: 79250000033
PROPERTY: Да, есть имущество
SUM: 300 000 - 500 000 руб.
YM_UID: 1695115501156175497

--- Пользователь VK ---

Имя: Владимир Моор
Дата рождения: 02.02.1993
Пол: Мужской
VK: https://vk.com/m_vladimir_v
<br><b>Fields:</b> Заявка Senler: +79250000033<br><b>Params:</b> Y<br>
    [ASSIGNED_BY_ID] => 1
    [SOURCE_ID] => 1041
    [SOURCE_DESCRIPTION] => Senler
    [PHONE] => Array
        (
            [0] => Array
                (
                    [VALUE] => +79250000033
                    [VALUE_TYPE] => MOBILE
                )

        )

    [BIRTHDATE] => 1993-02-02
    [OPENED] => Y
    [STATUS_ID] => NEW
)

Bitrix Response: {"result":656251,"time":{"start":1772121784,"finish":1772121786.2074,"duration":2.20740008354187,"processing":2,"date_start":"2026-02-26T19:03:04+03:00","date_finish":"2026-02-26T19:03:06+03:00","operating_reset_at":1772122384,"operating":6.400784015655518}}
Статус: Успешно (Lead ID: 656251)
--------------------------------------------------

