Время: 26.02.2026 11:21:47
Сервис: Flexbe
From: Заявка из Flexbe → https://цфр-34.рф/konsult/
Клиент: Array
(
    [name] => тест вдс 2
    [phone] => +7 (454) 6567687
    [email] => 
)

Город: не определён (ID: не найден)
RAW Input: event=lead&data%5Bid%5D=68276119&data%5Bnum%5D=266703&data%5Btime%5D=1772094096&data%5Bstatus%5D%5Bcode%5D=0&data%5Bstatus%5D%5Bname%5D=%D0%9D%D0%BE%D0%B2%D0%B0%D1%8F&data%5Bclient%5D%5Bname%5D=%D1%82%D0%B5%D1%81%D1%82+%D0%B2%D0%B4%D1%81+2&data%5Bclient%5D%5Bphone%5D=%2B7+%28454%29+6567687&data%5Bclient%5D%5Bemail%5D=&data%5Bnote%5D=&data%5Bform_name%5D=%D0%91%D0%A4%D0%9B%3A+%D0%9A%D0%BE%D0%BD%D1%81%D1%83%D0%BB%D1%8C%D1%82%D0%B0%D1%86%D0%B8%D1%8F&data%5Bform_data%5D%5Bname%5D%5Bid%5D=name&data%5Bform_data%5D%5Bname%5D%5Bname%5D=Name&data%5Bform_data%5D%5Bname%5D%5Bvalue%5D=%D1%82%D0%B5%D1%81%D1%82+%D0%B2%D0%B4%D1%81+2&data%5Bform_data%5D%5Bname%5D%5Btype%5D=name&data%5Bform_data%5D%5Bname%5D%5Borig_name%5D=%D0%98%D0%BC%D1%8F&data%5Bform_data%5D%5Bphone%5D%5Bid%5D=phone&data%5Bform_data%5D%5Bphone%5D%5Bname%5D=Phone&data%5Bform_data%5D%5Bphone%5D%5Bvalue%5D=%2B7+%28454%29+6567687&data%5Bform_data%5D%5Bphone%5D%5Btype%5D=phone&data%5Bform_data%5D%5Bphone%5D%5Borig_name%5D=%D0%A2%D0%B5%D0
POST: Array
(
    [event] => lead
    [data] => Array
        (
            [id] => 68276119
            [num] => 266703
            [time] => 1772094096
            [status] => Array
                (
                    [code] => 0
                    [name] => Новая
                )

            [client] => Array
                (
                    [name] => тест вдс 2
                    [phone] => +7 (454) 6567687
                    [email] => 
                )

            [note] => 
            [form_name] => БФЛ: Консультация
            [form_data] => Array
                (
                    [name] => Array
                        (
                            [id] => name
                            [name] => Name
                            [value] => тест вдс 2
                            [type] => name
                            [orig_name] => Имя
                        )

                    [phone] => Array
                        (
                            [id] => phone
                            [name] => Phone
                            [value] => +7 (454) 6567687
                            [type] => phone
                            [orig_name] => Телефон
                        )

                    [fld_2] => Array
                        (
                            [type] => radio
                            [name] => Какая у вас сейчас сумма долга?
                            [value] => 500 000 - 1 000 000 ₽
                            [id] => fld_2
                        )

                    [fld_3] => Array
                        (
                            [type] => radio
                            [name] => Есть ли у вас ипотека или автокредит?
                            [value] => Есть автокредит
                            [id] => fld_3
                        )

                    [fld_4] => Array
                        (
                            [type] => checkbox
                            [name] => Что вас беспокоит больше всего?
                            [value] => Не могу сделать рефинансирование или реструктуризацию
                            [id] => fld_4
                        )

                    [fld_5] => Array
                        (
                            [type] => radio
                            [name] => Какой вариант, по вашему мнению, вам действительно поможет?
                            [value] => Законное банкротство по ФЗ 127 — под ключ
                            [id] => fld_5
                        )

                    [fld_6] => Array
                        (
                            [type] => radio
                            [name] => Как Вам удобнее получить результат?
                            [value] => Звонок с главным юристом
                            [id] => fld_6
                        )

                    [fld_7] => Array
                        (
                            [type] => checkbox
                            [name] => Согласие с политикой конфиденциальности
                            [value] => Я согласен(-на) с <a class="style-link" href="/terms" target="_blank">Политикой обработки персональных данных</a>
                            [id] => fld_7
                        )

                )

            [page] => Array
                (
                    [url] => https://цфр-34.рф/konsult/
                    [name] => Консультационная помощь 24/7 по решению проблем с долгами жителям Волгограда
                )

            [utm] => Array
                (
                    [referrer] => https://app.flexbe.ru/
                    [ip] => 46.254.167.133
                    [ym_client_id] => 1766649515908777868
                    [cookies] => Array
                        (
                            [_ym_uid] => 1766649515908777868
                        )

                )

        )

    [site] => Array
        (
            [id] => 562768
            [sub_id] => 797379
            [domain] => цфр-34.рф
        )

)

Quiz/Комментарии: Array
(
    [0] => Array
        (
            [question] => Какая у вас сейчас сумма долга?
            [answer] => 500 000 - 1 000 000 ₽
        )

    [1] => Array
        (
            [question] => Есть ли у вас ипотека или автокредит?
            [answer] => Есть автокредит
        )

    [2] => Array
        (
            [question] => Что вас беспокоит больше всего?
            [answer] => Не могу сделать рефинансирование или реструктуризацию
        )

    [3] => Array
        (
            [question] => Какой вариант, по вашему мнению, вам действительно поможет?
            [answer] => Законное банкротство по ФЗ 127 — под ключ
        )

    [4] => Array
        (
            [question] => Как Вам удобнее получить результат?
            [answer] => Звонок с главным юристом
        )

    [5] => Array
        (
            [question] => Согласие с политикой конфиденциальности
            [answer] => Я согласен(-на) с <a class="style-link" href="/terms" target="_blank">Политикой обработки персональных данных</a>
        )

)

Собранные комментарии (для лога): 
Ответы на вопросы:
Какая у вас сейчас сумма долга?: 500 000 - 1 000 000 ₽
Есть ли у вас ипотека или автокредит?: Есть автокредит
Что вас беспокоит больше всего?: Не могу сделать рефинансирование или реструктуризацию
Какой вариант, по вашему мнению, вам действительно поможет?: Законное банкротство по ФЗ 127 — под ключ
Как Вам удобнее получить результат?: Звонок с главным юристом
Согласие с политикой конфиденциальности: Я согласен(-на) с &lt;a class=&quot;style-link&quot; href=&quot;/terms&quot; target=&quot;_blank&quot;&gt;Политикой обработки персональных данных&lt;/a&gt;


Отправка комментариев в Bitrix: ДА
Поля для Bitrix: Array
(
    [NAME] => тест вдс 2
    [PHONE] => Array
        (
            [0] => Array
                (
                    [VALUE] => +74546567687
                    [VALUE_TYPE] => MOBILE
                )

        )

    [ASSIGNED_BY_ID] => 1
    [TITLE] => Новая заявка - +7 (454) 6567687
    [OPENED] => Y
    [STATUS_ID] => NEW
    [SOURCE_ID] => 1042
    [COMMENTS] => <b>Ответы на вопросы:</b><br><b>Какая у вас сейчас сумма долга?:</b> 500 000 - 1 000 000 ₽<br><b>Есть ли у вас ипотека или автокредит?:</b> Есть автокредит<br><b>Что вас беспокоит больше всего?:</b> Не могу сделать рефинансирование или реструктуризацию<br><b>Какой вариант, по вашему мнению, вам действительно поможет?:</b> Законное банкротство по ФЗ 127 — под ключ<br><b>Как Вам удобнее получить результат?:</b> Звонок с главным юристом<br><b>Согласие с политикой конфиденциальности:</b> Я согласен(-на) с &lt;a class=&quot;style-link&quot; href=&quot;/terms&quot; target=&quot;_blank&quot;&gt;Политикой обработки персональных данных&lt;/a&gt;<br><br>
)

Bitrix Response: {"result":655729,"time":{"start":1772094107,"finish":1772094110.240338,"duration":3.240338087081909,"processing":3,"date_start":"2026-02-26T11:21:47+03:00","date_finish":"2026-02-26T11:21:50+03:00","operating_reset_at":1772094707,"operating":17.215303897857666}}
Статус: Успешно (Lead ID: 655729)
--------------------------------------------------

Время: 26.02.2026 12:50:40
Сервис: Flexbe
From: Заявка из Flexbe → https://цфр-34.рф/konsult/
Клиент: Array
(
    [name] => Ирина
    [phone] => +7 (917) 2400433
    [email] => 
)

Город: не определён (ID: не найден)
RAW Input: event=lead&data%5Bid%5D=68280987&data%5Bnum%5D=266721&data%5Btime%5D=1772099436&data%5Bstatus%5D%5Bcode%5D=0&data%5Bstatus%5D%5Bname%5D=%D0%9D%D0%BE%D0%B2%D0%B0%D1%8F&data%5Bclient%5D%5Bname%5D=%D0%98%D1%80%D0%B8%D0%BD%D0%B0&data%5Bclient%5D%5Bphone%5D=%2B7+%28917%29+2400433&data%5Bclient%5D%5Bemail%5D=&data%5Bnote%5D=&data%5Bform_name%5D=%D0%91%D0%A4%D0%9B%3A+%D0%9A%D0%BE%D0%BD%D1%81%D1%83%D0%BB%D1%8C%D1%82%D0%B0%D1%86%D0%B8%D1%8F&data%5Bform_data%5D%5Bname%5D%5Bid%5D=name&data%5Bform_data%5D%5Bname%5D%5Bname%5D=Name&data%5Bform_data%5D%5Bname%5D%5Bvalue%5D=%D0%98%D1%80%D0%B8%D0%BD%D0%B0&data%5Bform_data%5D%5Bname%5D%5Btype%5D=name&data%5Bform_data%5D%5Bname%5D%5Borig_name%5D=%D0%98%D0%BC%D1%8F&data%5Bform_data%5D%5Bphone%5D%5Bid%5D=phone&data%5Bform_data%5D%5Bphone%5D%5Bname%5D=Phone&data%5Bform_data%5D%5Bphone%5D%5Bvalue%5D=%2B7+%28917%29+2400433&data%5Bform_data%5D%5Bphone%5D%5Btype%5D=phone&data%5Bform_data%5D%5Bphone%5D%5Borig_name%5D=%D0%A2%D0%B5%D0%BB%D0%B5%D1%84%D0%BE%D0%BD&da
POST: Array
(
    [event] => lead
    [data] => Array
        (
            [id] => 68280987
            [num] => 266721
            [time] => 1772099436
            [status] => Array
                (
                    [code] => 0
                    [name] => Новая
                )

            [client] => Array
                (
                    [name] => Ирина
                    [phone] => +7 (917) 2400433
                    [email] => 
                )

            [note] => 
            [form_name] => БФЛ: Консультация
            [form_data] => Array
                (
                    [name] => Array
                        (
                            [id] => name
                            [name] => Name
                            [value] => Ирина
                            [type] => name
                            [orig_name] => Имя
                        )

                    [phone] => Array
                        (
                            [id] => phone
                            [name] => Phone
                            [value] => +7 (917) 2400433
                            [type] => phone
                            [orig_name] => Телефон
                        )

                    [fld_2] => Array
                        (
                            [type] => radio
                            [name] => Какая у вас сейчас сумма долга?
                            [value] => 500 000 - 1 000 000 ₽
                            [id] => fld_2
                        )

                    [fld_3] => Array
                        (
                            [type] => radio
                            [name] => Есть ли у вас ипотека или автокредит?
                            [value] => Нет
                            [id] => fld_3
                        )

                    [fld_4] => Array
                        (
                            [type] => checkbox
                            [name] => Что вас беспокоит больше всего?
                            [value] => После выплаты кредитов почти ничего не остаётся на жизнь
                            [id] => fld_4
                        )

                    [fld_5] => Array
                        (
                            [type] => radio
                            [name] => Какой вариант, по вашему мнению, вам действительно поможет?
                            [value] => Законное банкротство по ФЗ 127 — под ключ
                            [id] => fld_5
                        )

                    [fld_6] => Array
                        (
                            [type] => radio
                            [name] => Как Вам удобнее получить результат?
                            [value] => В мессенджере Max
                            [id] => fld_6
                        )

                    [fld_7] => Array
                        (
                            [type] => checkbox
                            [name] => Согласие с политикой конфиденциальности
                            [value] => Я согласен(-на) с <a class="style-link" href="/terms" target="_blank">Политикой обработки персональных данных</a>
                            [id] => fld_7
                        )

                )

            [page] => Array
                (
                    [url] => https://цфр-34.рф/konsult/
                    [name] => Консультационная помощь 24/7 по решению проблем с долгами жителям Волгограда
                )

            [utm] => Array
                (
                    [utm_source] => yandex
                    [utm_medium] => cpc
                    [utm_campaign] => Доп рк/Волгоград/9-18/с 24.02.26 помощь1_707388190
                    [utm_content] => 5718870649.17610936903.mobile
                    [utm_term] => yandex.ru
                    [ip] => 85.140.5.158
                    [ym_client_id] => 1772098026294160428
                    [cookies] => Array
                        (
                            [_ym_uid] => 1772098026294160428
                        )

                )

        )

    [site] => Array
        (
            [id] => 562768
            [sub_id] => 797379
            [domain] => цфр-34.рф
        )

)

Quiz/Комментарии: Array
(
    [0] => Array
        (
            [question] => Какая у вас сейчас сумма долга?
            [answer] => 500 000 - 1 000 000 ₽
        )

    [1] => Array
        (
            [question] => Есть ли у вас ипотека или автокредит?
            [answer] => Нет
        )

    [2] => Array
        (
            [question] => Что вас беспокоит больше всего?
            [answer] => После выплаты кредитов почти ничего не остаётся на жизнь
        )

    [3] => Array
        (
            [question] => Какой вариант, по вашему мнению, вам действительно поможет?
            [answer] => Законное банкротство по ФЗ 127 — под ключ
        )

    [4] => Array
        (
            [question] => Как Вам удобнее получить результат?
            [answer] => В мессенджере Max
        )

    [5] => Array
        (
            [question] => Согласие с политикой конфиденциальности
            [answer] => Я согласен(-на) с <a class="style-link" href="/terms" target="_blank">Политикой обработки персональных данных</a>
        )

)

Собранные комментарии (для лога): 
Ответы на вопросы:
Какая у вас сейчас сумма долга?: 500 000 - 1 000 000 ₽
Есть ли у вас ипотека или автокредит?: Нет
Что вас беспокоит больше всего?: После выплаты кредитов почти ничего не остаётся на жизнь
Какой вариант, по вашему мнению, вам действительно поможет?: Законное банкротство по ФЗ 127 — под ключ
Как Вам удобнее получить результат?: В мессенджере Max
Согласие с политикой конфиденциальности: Я согласен(-на) с &lt;a class=&quot;style-link&quot; href=&quot;/terms&quot; target=&quot;_blank&quot;&gt;Политикой обработки персональных данных&lt;/a&gt;


Отправка комментариев в Bitrix: ДА
Поля для Bitrix: Array
(
    [NAME] => Ирина
    [PHONE] => Array
        (
            [0] => Array
                (
                    [VALUE] => +79172400433
                    [VALUE_TYPE] => MOBILE
                )

        )

    [ASSIGNED_BY_ID] => 1
    [TITLE] => Новая заявка - +7 (917) 2400433
    [OPENED] => Y
    [STATUS_ID] => NEW
    [SOURCE_ID] => 1042
    [COMMENTS] => <b>Ответы на вопросы:</b><br><b>Какая у вас сейчас сумма долга?:</b> 500 000 - 1 000 000 ₽<br><b>Есть ли у вас ипотека или автокредит?:</b> Нет<br><b>Что вас беспокоит больше всего?:</b> После выплаты кредитов почти ничего не остаётся на жизнь<br><b>Какой вариант, по вашему мнению, вам действительно поможет?:</b> Законное банкротство по ФЗ 127 — под ключ<br><b>Как Вам удобнее получить результат?:</b> В мессенджере Max<br><b>Согласие с политикой конфиденциальности:</b> Я согласен(-на) с &lt;a class=&quot;style-link&quot; href=&quot;/terms&quot; target=&quot;_blank&quot;&gt;Политикой обработки персональных данных&lt;/a&gt;<br><br>
)

Bitrix Response: {"result":655831,"time":{"start":1772099440,"finish":1772099442.6835,"duration":2.683500051498413,"processing":2,"date_start":"2026-02-26T12:50:40+03:00","date_finish":"2026-02-26T12:50:42+03:00","operating_reset_at":1772100040,"operating":10.310189008712769}}
Статус: Успешно (Lead ID: 655831)
--------------------------------------------------

Время: 26.02.2026 13:40:31
Сервис: Flexbe
From: Заявка из Flexbe → https://цфр-34.рф/debts/
Клиент: Array
(
    [name] => Настя
    [phone] => +7 (996) 0324340
    [email] => 
)

Город: не определён (ID: не найден)
RAW Input: event=lead&data%5Bid%5D=68283415&data%5Bnum%5D=266731&data%5Btime%5D=1772102426&data%5Bstatus%5D%5Bcode%5D=0&data%5Bstatus%5D%5Bname%5D=%D0%9D%D0%BE%D0%B2%D0%B0%D1%8F&data%5Bclient%5D%5Bname%5D=%D0%9D%D0%B0%D1%81%D1%82%D1%8F&data%5Bclient%5D%5Bphone%5D=%2B7+%28996%29+0324340&data%5Bclient%5D%5Bemail%5D=&data%5Bnote%5D=&data%5Bform_name%5D=%D0%91%D0%A4%D0%9B%3A+%D0%9A%D0%BE%D0%BD%D1%81%D1%83%D0%BB%D1%8C%D1%82%D0%B0%D1%86%D0%B8%D1%8F&data%5Bform_data%5D%5Bname%5D%5Bid%5D=name&data%5Bform_data%5D%5Bname%5D%5Bname%5D=Name&data%5Bform_data%5D%5Bname%5D%5Bvalue%5D=%D0%9D%D0%B0%D1%81%D1%82%D1%8F&data%5Bform_data%5D%5Bname%5D%5Btype%5D=name&data%5Bform_data%5D%5Bname%5D%5Borig_name%5D=%D0%98%D0%BC%D1%8F&data%5Bform_data%5D%5Bphone%5D%5Bid%5D=phone&data%5Bform_data%5D%5Bphone%5D%5Bname%5D=Phone&data%5Bform_data%5D%5Bphone%5D%5Bvalue%5D=%2B7+%28996%29+0324340&data%5Bform_data%5D%5Bphone%5D%5Btype%5D=phone&data%5Bform_data%5D%5Bphone%5D%5Borig_name%5D=%D0%A2%D0%B5%D0%BB%D0%B5%D1%84%D0%BE%D0%BD&da
POST: Array
(
    [event] => lead
    [data] => Array
        (
            [id] => 68283415
            [num] => 266731
            [time] => 1772102426
            [status] => Array
                (
                    [code] => 0
                    [name] => Новая
                )

            [client] => Array
                (
                    [name] => Настя
                    [phone] => +7 (996) 0324340
                    [email] => 
                )

            [note] => 
            [form_name] => БФЛ: Консультация
            [form_data] => Array
                (
                    [name] => Array
                        (
                            [id] => name
                            [name] => Name
                            [value] => Настя
                            [type] => name
                            [orig_name] => Имя
                        )

                    [phone] => Array
                        (
                            [id] => phone
                            [name] => Phone
                            [value] => +7 (996) 0324340
                            [type] => phone
                            [orig_name] => Телефон
                        )

                    [fld_2] => Array
                        (
                            [type] => radio
                            [name] => Общая сумма ваших кредитов, займов и долгов?
                            [value] => 500 000 - 1 000 000 ₽
                            [id] => fld_2
                        )

                    [fld_3] => Array
                        (
                            [type] => radio
                            [name] => У вас есть имущество в собственности, которое нужно сохранить?
                            [value] => Да, есть имущество
                            [id] => fld_3
                        )

                    [fld_4] => Array
                        (
                            [type] => radio
                            [name] => У вас были просрочки выплат по кредитам и долгам?
                            [value] => Да, были
                            [id] => fld_4
                        )

                    [fld_5] => Array
                        (
                            [type] => radio
                            [name] => Как вам удобнее узнать возможность решения долговой ситуации в вашем случае
                            [value] => В WhatsApp
                            [id] => fld_5
                        )

                    [fld_6] => Array
                        (
                            [type] => checkbox
                            [name] => Согласие с политикой конфиденциальности
                            [value] => Я согласен(-на) с <a class="style-link" href="/terms" target="_blank">Политикой обработки персональных данных</a>
                            [id] => fld_6
                        )

                )

            [page] => Array
                (
                    [url] => https://цфр-34.рф/debts/
                    [name] => Узнайте, как в 2026 году законно снизить долговую нагрузку по ФЗ №127 | Центр Финансового Равновесия
                )

            [utm] => Array
                (
                    [utm_source] => yandex
                    [utm_medium] => rsy
                    [utm_campaign] => БФЛ/РСЯ2/ Волгоград/09-18/debts_705888664
                    [utm_content] => 5693542526.17587970642.mobile
                    [utm_term] => m.pogoda.e1.ru
                    [ip] => 178.176.170.84
                    [ym_client_id] => 1772102273720247256
                    [cookies] => Array
                        (
                            [_ym_uid] => 1772102273720247256
                        )

                )

        )

    [site] => Array
        (
            [id] => 562768
            [sub_id] => 797379
            [domain] => цфр-34.рф
        )

)

Quiz/Комментарии: Array
(
    [0] => Array
        (
            [question] => Общая сумма ваших кредитов, займов и долгов?
            [answer] => 500 000 - 1 000 000 ₽
        )

    [1] => Array
        (
            [question] => У вас есть имущество в собственности, которое нужно сохранить?
            [answer] => Да, есть имущество
        )

    [2] => Array
        (
            [question] => У вас были просрочки выплат по кредитам и долгам?
            [answer] => Да, были
        )

    [3] => Array
        (
            [question] => Как вам удобнее узнать возможность решения долговой ситуации в вашем случае
            [answer] => В WhatsApp
        )

    [4] => Array
        (
            [question] => Согласие с политикой конфиденциальности
            [answer] => Я согласен(-на) с <a class="style-link" href="/terms" target="_blank">Политикой обработки персональных данных</a>
        )

)

Собранные комментарии (для лога): 
Ответы на вопросы:
Общая сумма ваших кредитов, займов и долгов?: 500 000 - 1 000 000 ₽
У вас есть имущество в собственности, которое нужно сохранить?: Да, есть имущество
У вас были просрочки выплат по кредитам и долгам?: Да, были
Как вам удобнее узнать возможность решения долговой ситуации в вашем случае: В WhatsApp
Согласие с политикой конфиденциальности: Я согласен(-на) с &lt;a class=&quot;style-link&quot; href=&quot;/terms&quot; target=&quot;_blank&quot;&gt;Политикой обработки персональных данных&lt;/a&gt;


Отправка комментариев в Bitrix: ДА
Поля для Bitrix: Array
(
    [NAME] => Настя
    [PHONE] => Array
        (
            [0] => Array
                (
                    [VALUE] => +79960324340
                    [VALUE_TYPE] => MOBILE
                )

        )

    [ASSIGNED_BY_ID] => 1
    [TITLE] => Новая заявка - +7 (996) 0324340
    [OPENED] => Y
    [STATUS_ID] => NEW
    [SOURCE_ID] => 1042
    [COMMENTS] => <b>Ответы на вопросы:</b><br><b>Общая сумма ваших кредитов, займов и долгов?:</b> 500 000 - 1 000 000 ₽<br><b>У вас есть имущество в собственности, которое нужно сохранить?:</b> Да, есть имущество<br><b>У вас были просрочки выплат по кредитам и долгам?:</b> Да, были<br><b>Как вам удобнее узнать возможность решения долговой ситуации в вашем случае:</b> В WhatsApp<br><b>Согласие с политикой конфиденциальности:</b> Я согласен(-на) с &lt;a class=&quot;style-link&quot; href=&quot;/terms&quot; target=&quot;_blank&quot;&gt;Политикой обработки персональных данных&lt;/a&gt;<br><br>
)

Bitrix Response: {"result":655897,"time":{"start":1772102431,"finish":1772102433.217012,"duration":2.2170119285583496,"processing":2,"date_start":"2026-02-26T13:40:31+03:00","date_finish":"2026-02-26T13:40:33+03:00","operating_reset_at":1772103031,"operating":9.024446964263916}}
Статус: Успешно (Lead ID: 655897)
--------------------------------------------------

Время: 26.02.2026 17:53:17
Сервис: Flexbe
From: Заявка из Flexbe → https://цфр-34.рф/konsult/
Клиент: Array
(
    [name] => 
    [phone] => +7 (615) 9236768
    [email] => 
)

Город: не определён (ID: не найден)
RAW Input: event=lead&data%5Bid%5D=68295275&data%5Bnum%5D=266795&data%5Btime%5D=1772117571&data%5Bstatus%5D%5Bcode%5D=0&data%5Bstatus%5D%5Bname%5D=%D0%9D%D0%BE%D0%B2%D0%B0%D1%8F&data%5Bclient%5D%5Bname%5D=&data%5Bclient%5D%5Bphone%5D=%2B7+%28615%29+9236768&data%5Bclient%5D%5Bemail%5D=&data%5Bnote%5D=&data%5Bform_name%5D=%D0%91%D0%A4%D0%9B%3A+%D0%9A%D0%BE%D0%BD%D1%81%D1%83%D0%BB%D1%8C%D1%82%D0%B0%D1%86%D0%B8%D1%8F&data%5Bform_data%5D%5Bphone%5D%5Bid%5D=phone&data%5Bform_data%5D%5Bphone%5D%5Bname%5D=Phone&data%5Bform_data%5D%5Bphone%5D%5Bvalue%5D=%2B7+%28615%29+9236768&data%5Bform_data%5D%5Bphone%5D%5Btype%5D=phone&data%5Bform_data%5D%5Bphone%5D%5Borig_name%5D=%D0%A2%D0%B5%D0%BB%D0%B5%D1%84%D0%BE%D0%BD&data%5Bform_data%5D%5Bfld_1%5D%5Btype%5D=radio&data%5Bform_data%5D%5Bfld_1%5D%5Bname%5D=%D0%9A%D0%B0%D0%BA%D0%B0%D1%8F+%D1%83+%D0%B2%D0%B0%D1%81+%D1%81%D0%B5%D0%B9%D1%87%D0%B0%D1%81+%D1%81%D1%83%D0%BC%D0%BC%D0%B0+%D0%B4%D0%BE%D0%BB%D0%B3%D0%B0%3F&data%5Bform_data%5D%5Bfld_1%5D%5Bvalue%5D=250+000+-+50
POST: Array
(
    [event] => lead
    [data] => Array
        (
            [id] => 68295275
            [num] => 266795
            [time] => 1772117571
            [status] => Array
                (
                    [code] => 0
                    [name] => Новая
                )

            [client] => Array
                (
                    [name] => 
                    [phone] => +7 (615) 9236768
                    [email] => 
                )

            [note] => 
            [form_name] => БФЛ: Консультация
            [form_data] => Array
                (
                    [phone] => Array
                        (
                            [id] => phone
                            [name] => Phone
                            [value] => +7 (615) 9236768
                            [type] => phone
                            [orig_name] => Телефон
                        )

                    [fld_1] => Array
                        (
                            [type] => radio
                            [name] => Какая у вас сейчас сумма долга?
                            [value] => 250 000 - 500 000 ₽
                            [id] => fld_1
                        )

                    [fld_2] => Array
                        (
                            [type] => radio
                            [name] => Есть ли у вас ипотека или автокредит?
                            [value] => Нет
                            [id] => fld_2
                        )

                    [fld_3] => Array
                        (
                            [type] => checkbox
                            [name] => Что вас беспокоит больше всего?
                            [value] => Оплачиваю, а сумма долга почти не меняется
                            [id] => fld_3
                        )

                    [fld_4] => Array
                        (
                            [type] => radio
                            [name] => Какой вариант, по вашему мнению, вам действительно поможет?
                            [value] => Хочу разобраться, что подходит именно в моей ситуации
                            [id] => fld_4
                        )

                    [fld_5] => Array
                        (
                            [type] => radio
                            [name] => Как Вам удобнее получить результат?
                            [value] => Звонок с главным юристом
                            [id] => fld_5
                        )

                    [fld_6] => Array
                        (
                            [type] => checkbox
                            [name] => Согласие с политикой конфиденциальности
                            [value] => Я согласен(-на) с <a class="style-link" href="/terms" target="_blank">Политикой обработки персональных данных</a>
                            [id] => fld_6
                        )

                )

            [page] => Array
                (
                    [url] => https://цфр-34.рф/konsult/
                    [name] => Консультационная помощь 24/7 по решению проблем с долгами жителям Волгограда
                )

            [utm] => Array
                (
                    [utm_source] => yandex
                    [utm_medium] => cpc
                    [utm_campaign] => Доп рк/Волгоград/9-18/с 24.02.26 помощь1_707388190
                    [utm_content] => 5718870649.17610936903.mobile
                    [utm_term] => gdz.ru
                    [ip] => 91.194.252.115
                    [ym_client_id] => 1772117501639452828
                    [cookies] => Array
                        (
                            [_ym_uid] => 1772117501639452828
                        )

                )

        )

    [site] => Array
        (
            [id] => 562768
            [sub_id] => 797379
            [domain] => цфр-34.рф
        )

)

Quiz/Комментарии: Array
(
    [0] => Array
        (
            [question] => Какая у вас сейчас сумма долга?
            [answer] => 250 000 - 500 000 ₽
        )

    [1] => Array
        (
            [question] => Есть ли у вас ипотека или автокредит?
            [answer] => Нет
        )

    [2] => Array
        (
            [question] => Что вас беспокоит больше всего?
            [answer] => Оплачиваю, а сумма долга почти не меняется
        )

    [3] => Array
        (
            [question] => Какой вариант, по вашему мнению, вам действительно поможет?
            [answer] => Хочу разобраться, что подходит именно в моей ситуации
        )

    [4] => Array
        (
            [question] => Как Вам удобнее получить результат?
            [answer] => Звонок с главным юристом
        )

    [5] => Array
        (
            [question] => Согласие с политикой конфиденциальности
            [answer] => Я согласен(-на) с <a class="style-link" href="/terms" target="_blank">Политикой обработки персональных данных</a>
        )

)

Собранные комментарии (для лога): 
Ответы на вопросы:
Какая у вас сейчас сумма долга?: 250 000 - 500 000 ₽
Есть ли у вас ипотека или автокредит?: Нет
Что вас беспокоит больше всего?: Оплачиваю, а сумма долга почти не меняется
Какой вариант, по вашему мнению, вам действительно поможет?: Хочу разобраться, что подходит именно в моей ситуации
Как Вам удобнее получить результат?: Звонок с главным юристом
Согласие с политикой конфиденциальности: Я согласен(-на) с &lt;a class=&quot;style-link&quot; href=&quot;/terms&quot; target=&quot;_blank&quot;&gt;Политикой обработки персональных данных&lt;/a&gt;


Отправка комментариев в Bitrix: ДА
Поля для Bitrix: Array
(
    [PHONE] => Array
        (
            [0] => Array
                (
                    [VALUE] => +76159236768
                    [VALUE_TYPE] => MOBILE
                )

        )

    [ASSIGNED_BY_ID] => 1
    [TITLE] => Новая заявка - +7 (615) 9236768
    [OPENED] => Y
    [STATUS_ID] => NEW
    [SOURCE_ID] => 1042
    [COMMENTS] => <b>Ответы на вопросы:</b><br><b>Какая у вас сейчас сумма долга?:</b> 250 000 - 500 000 ₽<br><b>Есть ли у вас ипотека или автокредит?:</b> Нет<br><b>Что вас беспокоит больше всего?:</b> Оплачиваю, а сумма долга почти не меняется<br><b>Какой вариант, по вашему мнению, вам действительно поможет?:</b> Хочу разобраться, что подходит именно в моей ситуации<br><b>Как Вам удобнее получить результат?:</b> Звонок с главным юристом<br><b>Согласие с политикой конфиденциальности:</b> Я согласен(-на) с &lt;a class=&quot;style-link&quot; href=&quot;/terms&quot; target=&quot;_blank&quot;&gt;Политикой обработки персональных данных&lt;/a&gt;<br><br>
)

Bitrix Response: {"result":656209,"time":{"start":1772117597,"finish":1772117599.450512,"duration":2.450511932373047,"processing":2,"date_start":"2026-02-26T17:53:17+03:00","date_finish":"2026-02-26T17:53:19+03:00","operating_reset_at":1772118197,"operating":9.043016910552979}}
Статус: Успешно (Lead ID: 656209)
--------------------------------------------------

Время: 27.02.2026 09:45:52
Сервис: Flexbe
From: Заявка из Flexbe → https://цфр-34.рф/debts/
Клиент: Array
(
    [name] => Элисхан
    [phone] => +79377399973
    [email] => 
)

Город: не определён (ID: не найден)
RAW Input: event=lead&data%5Bid%5D=68319057&data%5Bnum%5D=266909&data%5Btime%5D=1772174738&data%5Bstatus%5D%5Bcode%5D=0&data%5Bstatus%5D%5Bname%5D=%D0%9D%D0%BE%D0%B2%D0%B0%D1%8F&data%5Bclient%5D%5Bname%5D=%D0%AD%D0%BB%D0%B8%D1%81%D1%85%D0%B0%D0%BD&data%5Bclient%5D%5Bphone%5D=%2B79377399973&data%5Bclient%5D%5Bemail%5D=&data%5Bnote%5D=&data%5Bform_name%5D=%D0%91%D0%A4%D0%9B%3A+%D0%9A%D0%BE%D0%BD%D1%81%D1%83%D0%BB%D1%8C%D1%82%D0%B0%D1%86%D0%B8%D1%8F&data%5Bform_data%5D%5Bname%5D%5Bid%5D=name&data%5Bform_data%5D%5Bname%5D%5Bname%5D=Name&data%5Bform_data%5D%5Bname%5D%5Bvalue%5D=%D0%AD%D0%BB%D0%B8%D1%81%D1%85%D0%B0%D0%BD&data%5Bform_data%5D%5Bname%5D%5Btype%5D=name&data%5Bform_data%5D%5Bname%5D%5Borig_name%5D=%D0%98%D0%BC%D1%8F&data%5Bform_data%5D%5Bphone%5D%5Bid%5D=phone&data%5Bform_data%5D%5Bphone%5D%5Bname%5D=Phone&data%5Bform_data%5D%5Bphone%5D%5Bvalue%5D=%2B79377399973&data%5Bform_data%5D%5Bphone%5D%5Btype%5D=phone&data%5Bform_data%5D%5Bphone%5D%5Borig_name%5D=%D0%A2%D0%B5%D0%BB%D0%B5%D1%84%D0%BE%
POST: Array
(
    [event] => lead
    [data] => Array
        (
            [id] => 68319057
            [num] => 266909
            [time] => 1772174738
            [status] => Array
                (
                    [code] => 0
                    [name] => Новая
                )

            [client] => Array
                (
                    [name] => Элисхан
                    [phone] => +79377399973
                    [email] => 
                )

            [note] => 
            [form_name] => БФЛ: Консультация
            [form_data] => Array
                (
                    [name] => Array
                        (
                            [id] => name
                            [name] => Name
                            [value] => Элисхан
                            [type] => name
                            [orig_name] => Имя
                        )

                    [phone] => Array
                        (
                            [id] => phone
                            [name] => Phone
                            [value] => +79377399973
                            [type] => phone
                            [orig_name] => Телефон
                        )

                    [fld_2] => Array
                        (
                            [type] => radio
                            [name] => Общая сумма ваших кредитов, займов и долгов?
                            [value] => Больше 1 000 000 ₽
                            [id] => fld_2
                        )

                    [fld_3] => Array
                        (
                            [type] => radio
                            [name] => У вас есть имущество в собственности, которое нужно сохранить?
                            [value] => Да, есть имущество
                            [id] => fld_3
                        )

                    [fld_4] => Array
                        (
                            [type] => radio
                            [name] => У вас были просрочки выплат по кредитам и долгам?
                            [value] => Да, были
                            [id] => fld_4
                        )

                    [fld_5] => Array
                        (
                            [type] => radio
                            [name] => Как вам удобнее узнать возможность решения долговой ситуации в вашем случае
                            [value] => В WhatsApp
                            [id] => fld_5
                        )

                    [fld_6] => Array
                        (
                            [type] => checkbox
                            [name] => Согласие с политикой конфиденциальности
                            [value] => Я согласен(-на) с <a class="style-link" href="/terms" target="_blank">Политикой обработки персональных данных</a>
                            [id] => fld_6
                        )

                )

            [page] => Array
                (
                    [url] => https://цфр-34.рф/debts/
                    [name] => Узнайте, как в 2026 году законно снизить долговую нагрузку по ФЗ №127 | Центр Финансового Равновесия
                )

            [utm] => Array
                (
                    [utm_source] => yandex
                    [utm_medium] => rsy
                    [utm_campaign] => БФЛ/РСЯ2/ Волгоград/09-18/debts_705888664
                    [utm_content] => 5693542526.17587970642.mobile
                    [utm_term] => ru.yandex.taxi
                    [ip] => 85.26.234.100
                    [ym_client_id] => 1772174604864882078
                    [cookies] => Array
                        (
                            [_ym_uid] => 1772174604864882078
                        )

                )

        )

    [site] => Array
        (
            [id] => 562768
            [sub_id] => 797379
            [domain] => цфр-34.рф
        )

)

Quiz/Комментарии: Array
(
    [0] => Array
        (
            [question] => Общая сумма ваших кредитов, займов и долгов?
            [answer] => Больше 1 000 000 ₽
        )

    [1] => Array
        (
            [question] => У вас есть имущество в собственности, которое нужно сохранить?
            [answer] => Да, есть имущество
        )

    [2] => Array
        (
            [question] => У вас были просрочки выплат по кредитам и долгам?
            [answer] => Да, были
        )

    [3] => Array
        (
            [question] => Как вам удобнее узнать возможность решения долговой ситуации в вашем случае
            [answer] => В WhatsApp
        )

    [4] => Array
        (
            [question] => Согласие с политикой конфиденциальности
            [answer] => Я согласен(-на) с <a class="style-link" href="/terms" target="_blank">Политикой обработки персональных данных</a>
        )

)

Собранные комментарии (для лога): 
Ответы на вопросы:
Общая сумма ваших кредитов, займов и долгов?: Больше 1 000 000 ₽
У вас есть имущество в собственности, которое нужно сохранить?: Да, есть имущество
У вас были просрочки выплат по кредитам и долгам?: Да, были
Как вам удобнее узнать возможность решения долговой ситуации в вашем случае: В WhatsApp
Согласие с политикой конфиденциальности: Я согласен(-на) с &lt;a class=&quot;style-link&quot; href=&quot;/terms&quot; target=&quot;_blank&quot;&gt;Политикой обработки персональных данных&lt;/a&gt;


Отправка комментариев в Bitrix: ДА
Поля для Bitrix: Array
(
    [NAME] => Элисхан
    [PHONE] => Array
        (
            [0] => Array
                (
                    [VALUE] => +79377399973
                    [VALUE_TYPE] => MOBILE
                )

        )

    [ASSIGNED_BY_ID] => 1
    [TITLE] => Новая заявка - +79377399973
    [OPENED] => Y
    [STATUS_ID] => NEW
    [SOURCE_ID] => 1042
    [COMMENTS] => <b>Ответы на вопросы:</b><br><b>Общая сумма ваших кредитов, займов и долгов?:</b> Больше 1 000 000 ₽<br><b>У вас есть имущество в собственности, которое нужно сохранить?:</b> Да, есть имущество<br><b>У вас были просрочки выплат по кредитам и долгам?:</b> Да, были<br><b>Как вам удобнее узнать возможность решения долговой ситуации в вашем случае:</b> В WhatsApp<br><b>Согласие с политикой конфиденциальности:</b> Я согласен(-на) с &lt;a class=&quot;style-link&quot; href=&quot;/terms&quot; target=&quot;_blank&quot;&gt;Политикой обработки персональных данных&lt;/a&gt;<br><br>
)

Bitrix Response: {"result":656403,"time":{"start":1772174752,"finish":1772174754.563162,"duration":2.563162088394165,"processing":2,"date_start":"2026-02-27T09:45:52+03:00","date_finish":"2026-02-27T09:45:54+03:00","operating_reset_at":1772175352,"operating":8.351108074188232}}
Статус: Успешно (Lead ID: 656403)
--------------------------------------------------

