Время: 25.02.2026 08:14:11
Сервис: КЦ
From: Заявка из КЦ
Клиент: Array
(
    [name] => Тестовый тест
    [phone] => 79111111121
    [email] => 
)

Город: Йошкар-Ола (ID: не найден)
RAW Input: {
 "name": "Тестовый тест",
    "phone": "79111111121",
 "Comments": "Оператор 300000 Залог [p]_Тестовый комментарий_[/p]",
    "Gorod": "Йошкар-Ола",
    "utm_source": "",
    "utm_medium": "",
    "utm_campaign": "",
    "utm_content": "",
    "utm_term": ""
}
POST: Array
(
)

Quiz/Комментарии: Array
(
)

Собранные комментарии (для лога): 
Comments: Оператор 300000 Залог [p]_Тестовый комментарий_[/p]
Город: Йошкар-Ола

Отправка комментариев в Bitrix: ДА
Поля для Bitrix: Array
(
    [NAME] => Тестовый тест
    [PHONE] => Array
        (
            [0] => Array
                (
                    [VALUE] => 79111111121
                    [VALUE_TYPE] => MOBILE
                )

        )

    [ASSIGNED_BY_ID] => 1
    [TITLE] => Новая заявка - 79111111121
    [OPENED] => Y
    [STATUS_ID] => NEW
    [SOURCE_ID] => 1051
    [COMMENTS] => <b>Comments:</b> Оператор 300000 Залог [p]_Тестовый комментарий_[/p]<br><b>Город:</b> Йошкар-Ола<br>
)

Bitrix Response: {"result":654711,"time":{"start":1771996451,"finish":1771996453.875974,"duration":2.87597393989563,"processing":2,"date_start":"2026-02-25T08:14:11+03:00","date_finish":"2026-02-25T08:14:13+03:00","operating_reset_at":1771997051,"operating":4.461533784866333}}
Статус: Успешно (Lead ID: 654711)
--------------------------------------------------

Время: 25.02.2026 12:11:12
Сервис: КЦ
From: Заявка из КЦ
Клиент: Array
(
    [name] => Арсен
    [phone] => 79990454214
    [email] => 
)

Город: Волгоград (ID: не найден)
RAW Input: {
 "name": "Арсен",
    "phone": "79990454214",
 "Comments": "Виктория 2 млн потр к ",
    "Gorod": "Волгоград",
    "utm_source": "",
    "utm_medium": "",
    "utm_campaign": "",
    "utm_content": "",
    "utm_term": ""
}
POST: Array
(
)

Quiz/Комментарии: Array
(
)

Собранные комментарии (для лога): 
Comments: Виктория 2 млн потр к
Город: Волгоград

Отправка комментариев в Bitrix: ДА
Поля для Bitrix: Array
(
    [NAME] => Арсен
    [PHONE] => Array
        (
            [0] => Array
                (
                    [VALUE] => 79990454214
                    [VALUE_TYPE] => MOBILE
                )

        )

    [ASSIGNED_BY_ID] => 1
    [TITLE] => Новая заявка - 79990454214
    [OPENED] => Y
    [STATUS_ID] => NEW
    [SOURCE_ID] => 1051
    [COMMENTS] => <b>Comments:</b> Виктория 2 млн потр к<br><b>Город:</b> Волгоград<br>
)

Bitrix Response: {"result":654915,"time":{"start":1772010672,"finish":1772010674.331466,"duration":2.33146595954895,"processing":2,"date_start":"2026-02-25T12:11:12+03:00","date_finish":"2026-02-25T12:11:14+03:00","operating_reset_at":1772011272,"operating":6.447994947433472}}
Статус: Успешно (Lead ID: 654915)
--------------------------------------------------

Время: 26.02.2026 13:19:17
Сервис: КЦ
From: Заявка из КЦ
Клиент: Array
(
    [name] => Андрей Сергеевич
    [phone] => 79375407731
    [email] => 
)

Город: Волжский (ID: не найден)
RAW Input: {
 "name": "Андрей Сергеевич",
    "phone": "79375407731",
 "Comments": "Елизовета 1 млн потр к кк  ",
    "Gorod": "Волжский ",
    "utm_source": "",
    "utm_medium": "",
    "utm_campaign": "",
    "utm_content": "",
    "utm_term": ""
}
POST: Array
(
)

Quiz/Комментарии: Array
(
)

Собранные комментарии (для лога): 
Comments: Елизовета 1 млн потр к кк
Город: Волжский

Отправка комментариев в Bitrix: ДА
Поля для Bitrix: Array
(
    [NAME] => Андрей Сергеевич
    [PHONE] => Array
        (
            [0] => Array
                (
                    [VALUE] => 79375407731
                    [VALUE_TYPE] => MOBILE
                )

        )

    [ASSIGNED_BY_ID] => 1
    [TITLE] => Новая заявка - 79375407731
    [OPENED] => Y
    [STATUS_ID] => NEW
    [SOURCE_ID] => 1051
    [COMMENTS] => <b>Comments:</b> Елизовета 1 млн потр к кк<br><b>Город:</b> Волжский<br>
)

Bitrix Response: {"result":655865,"time":{"start":1772101157,"finish":1772101159.770332,"duration":2.770332098007202,"processing":2,"date_start":"2026-02-26T13:19:17+03:00","date_finish":"2026-02-26T13:19:19+03:00","operating_reset_at":1772101757,"operating":9.775398969650269}}
Статус: Успешно (Lead ID: 655865)
--------------------------------------------------

