Время: 21.02.2026 12:52:05
Сервис: Директ
From: Заявка из Директ
Клиент: Array
(
    [name] => Алексей
    [phone] => +79880091554
    [email] => 
)

Город: Волгоград (ID: не найден)
RAW Input: {"name":"\u0410\u043b\u0435\u043a\u0441\u0435\u0439","phone":"+79880091554","Gorod":"\u0412\u043e\u043b\u0433\u043e\u0433\u0440\u0430\u0434","utm_source":"yandex","utm_medium":"cpc","utm_campaign":"706656661","utm_content":"17563267575"}
POST: Array
(
)

Quiz/Комментарии: Array
(
)

Собранные комментарии (для лога): 
Город: Волгоград

Отправка комментариев в Bitrix: ДА
Поля для Bitrix: Array
(
    [UTM_SOURCE] => yandex
    [UTM_MEDIUM] => cpc
    [UTM_CAMPAIGN] => 706656661
    [UTM_CONTENT] => 17563267575
    [NAME] => Алексей
    [PHONE] => Array
        (
            [0] => Array
                (
                    [VALUE] => +79880091554
                    [VALUE_TYPE] => MOBILE
                )

        )

    [ASSIGNED_BY_ID] => 1
    [TITLE] => Новая заявка - +79880091554
    [OPENED] => Y
    [STATUS_ID] => NEW
    [SOURCE_ID] => 1062
    [COMMENTS] => <b>Город:</b> Волгоград<br>
)

Bitrix Response: {"result":653295,"time":{"start":1771667525,"finish":1771667527.981403,"duration":2.981403112411499,"processing":2,"date_start":"2026-02-21T12:52:05+03:00","date_finish":"2026-02-21T12:52:07+03:00","operating_reset_at":1771668125,"operating":6.062673091888428}}
Статус: Успешно (Lead ID: 653295)
--------------------------------------------------

Время: 21.02.2026 17:00:06
Сервис: Директ
From: Заявка из Директ
Клиент: Array
(
    [name] => Можевитин Александр Николаевич
    [phone] => +79047551135
    [email] => 
)

Город: Волгоград (ID: не найден)
RAW Input: {"name":"\u041c\u043e\u0436\u0435\u0432\u0438\u0442\u0438\u043d \u0410\u043b\u0435\u043a\u0441\u0430\u043d\u0434\u0440 \u041d\u0438\u043a\u043e\u043b\u0430\u0435\u0432\u0438\u0447","phone":"+79047551135","Gorod":"\u0412\u043e\u043b\u0433\u043e\u0433\u0440\u0430\u0434","utm_source":"yandex","utm_medium":"cpc","utm_campaign":"706656661","utm_content":"17563267575"}
POST: Array
(
)

Quiz/Комментарии: Array
(
)

Собранные комментарии (для лога): 
Город: Волгоград

Отправка комментариев в Bitrix: ДА
Поля для Bitrix: Array
(
    [UTM_SOURCE] => yandex
    [UTM_MEDIUM] => cpc
    [UTM_CAMPAIGN] => 706656661
    [UTM_CONTENT] => 17563267575
    [NAME] => Можевитин Александр Николаевич
    [PHONE] => Array
        (
            [0] => Array
                (
                    [VALUE] => +79047551135
                    [VALUE_TYPE] => MOBILE
                )

        )

    [ASSIGNED_BY_ID] => 1
    [TITLE] => Новая заявка - +79047551135
    [OPENED] => Y
    [STATUS_ID] => NEW
    [SOURCE_ID] => 1062
    [COMMENTS] => <b>Город:</b> Волгоград<br>
)

Bitrix Response: {"result":653385,"time":{"start":1771682406,"finish":1771682408.911542,"duration":2.9115419387817383,"processing":2,"date_start":"2026-02-21T17:00:06+03:00","date_finish":"2026-02-21T17:00:08+03:00","operating_reset_at":1771683006,"operating":9.3094961643219}}
Статус: Успешно (Lead ID: 653385)
--------------------------------------------------

Время: 22.02.2026 10:30:35
Сервис: Директ
From: Заявка из Директ
Клиент: Array
(
    [name] => Инна
    [phone] => +79044093480
    [email] => 
)

Город: Волгоград (ID: не найден)
RAW Input: {"name":"\u0418\u043d\u043d\u0430","phone":"+79044093480","Gorod":"\u0412\u043e\u043b\u0433\u043e\u0433\u0440\u0430\u0434","utm_source":"yandex","utm_medium":"cpc","utm_campaign":"706656661","utm_content":"17563267575"}
POST: Array
(
)

Quiz/Комментарии: Array
(
)

Собранные комментарии (для лога): 
Город: Волгоград

Отправка комментариев в Bitrix: ДА
Поля для Bitrix: Array
(
    [UTM_SOURCE] => yandex
    [UTM_MEDIUM] => cpc
    [UTM_CAMPAIGN] => 706656661
    [UTM_CONTENT] => 17563267575
    [NAME] => Инна
    [PHONE] => Array
        (
            [0] => Array
                (
                    [VALUE] => +79044093480
                    [VALUE_TYPE] => MOBILE
                )

        )

    [ASSIGNED_BY_ID] => 1
    [TITLE] => Новая заявка - +79044093480
    [OPENED] => Y
    [STATUS_ID] => NEW
    [SOURCE_ID] => 1062
    [COMMENTS] => <b>Город:</b> Волгоград<br>
)

Bitrix Response: {"result":653499,"time":{"start":1771745435,"finish":1771745437.857907,"duration":2.8579070568084717,"processing":2,"date_start":"2026-02-22T10:30:35+03:00","date_finish":"2026-02-22T10:30:37+03:00","operating_reset_at":1771746035,"operating":3.573535919189453}}
Статус: Успешно (Lead ID: 653499)
--------------------------------------------------

Время: 22.02.2026 11:14:31
Сервис: Директ
From: Заявка из Директ
Клиент: Array
(
    [name] => Наталья
    [phone] => +79370587499
    [email] => 
)

Город: Волгоград (ID: не найден)
RAW Input: {"name":"\u041d\u0430\u0442\u0430\u043b\u044c\u044f","phone":"+79370587499","Gorod":"\u0412\u043e\u043b\u0433\u043e\u0433\u0440\u0430\u0434","utm_source":"yandex","utm_medium":"cpc","utm_campaign":"706656661","utm_content":"17563267575"}
POST: Array
(
)

Quiz/Комментарии: Array
(
)

Собранные комментарии (для лога): 
Город: Волгоград

Отправка комментариев в Bitrix: ДА
Поля для Bitrix: Array
(
    [UTM_SOURCE] => yandex
    [UTM_MEDIUM] => cpc
    [UTM_CAMPAIGN] => 706656661
    [UTM_CONTENT] => 17563267575
    [NAME] => Наталья
    [PHONE] => Array
        (
            [0] => Array
                (
                    [VALUE] => +79370587499
                    [VALUE_TYPE] => MOBILE
                )

        )

    [ASSIGNED_BY_ID] => 1
    [TITLE] => Новая заявка - +79370587499
    [OPENED] => Y
    [STATUS_ID] => NEW
    [SOURCE_ID] => 1062
    [COMMENTS] => <b>Город:</b> Волгоград<br>
)

Bitrix Response: {"result":653511,"time":{"start":1771748071,"finish":1771748073.90842,"duration":2.9084200859069824,"processing":2,"date_start":"2026-02-22T11:14:31+03:00","date_finish":"2026-02-22T11:14:33+03:00","operating_reset_at":1771748671,"operating":6.016086101531982}}
Статус: Успешно (Lead ID: 653511)
--------------------------------------------------

Время: 22.02.2026 11:16:30
Сервис: Директ
From: Заявка из Директ
Клиент: Array
(
    [name] => Наталья
    [phone] => +79370857499
    [email] => 
)

Город: Волгоград (ID: не найден)
RAW Input: {"name":"\u041d\u0430\u0442\u0430\u043b\u044c\u044f","phone":"+79370857499","Gorod":"\u0412\u043e\u043b\u0433\u043e\u0433\u0440\u0430\u0434","utm_source":"yandex","utm_medium":"cpc","utm_campaign":"706656661","utm_content":"17563267575"}
POST: Array
(
)

Quiz/Комментарии: Array
(
)

Собранные комментарии (для лога): 
Город: Волгоград

Отправка комментариев в Bitrix: ДА
Поля для Bitrix: Array
(
    [UTM_SOURCE] => yandex
    [UTM_MEDIUM] => cpc
    [UTM_CAMPAIGN] => 706656661
    [UTM_CONTENT] => 17563267575
    [NAME] => Наталья
    [PHONE] => Array
        (
            [0] => Array
                (
                    [VALUE] => +79370857499
                    [VALUE_TYPE] => MOBILE
                )

        )

    [ASSIGNED_BY_ID] => 1
    [TITLE] => Новая заявка - +79370857499
    [OPENED] => Y
    [STATUS_ID] => NEW
    [SOURCE_ID] => 1062
    [COMMENTS] => <b>Город:</b> Волгоград<br>
)

Bitrix Response: {"result":653515,"time":{"start":1771748190,"finish":1771748192.733356,"duration":2.73335599899292,"processing":2,"date_start":"2026-02-22T11:16:30+03:00","date_finish":"2026-02-22T11:16:32+03:00","operating_reset_at":1771748790,"operating":8.15783405303955}}
Статус: Успешно (Lead ID: 653515)
--------------------------------------------------

Время: 22.02.2026 12:59:50
Сервис: Директ
From: Заявка из Директ
Клиент: Array
(
    [name] => Александр
    [phone] => +79026581585
    [email] => 
)

Город: Волгоград (ID: не найден)
RAW Input: {"name":"\u0410\u043b\u0435\u043a\u0441\u0430\u043d\u0434\u0440","phone":"+79026581585","Gorod":"\u0412\u043e\u043b\u0433\u043e\u0433\u0440\u0430\u0434","utm_source":"yandex","utm_medium":"cpc","utm_campaign":"706656661","utm_content":"17563267575"}
POST: Array
(
)

Quiz/Комментарии: Array
(
)

Собранные комментарии (для лога): 
Город: Волгоград

Отправка комментариев в Bitrix: ДА
Поля для Bitrix: Array
(
    [UTM_SOURCE] => yandex
    [UTM_MEDIUM] => cpc
    [UTM_CAMPAIGN] => 706656661
    [UTM_CONTENT] => 17563267575
    [NAME] => Александр
    [PHONE] => Array
        (
            [0] => Array
                (
                    [VALUE] => +79026581585
                    [VALUE_TYPE] => MOBILE
                )

        )

    [ASSIGNED_BY_ID] => 1
    [TITLE] => Новая заявка - +79026581585
    [OPENED] => Y
    [STATUS_ID] => NEW
    [SOURCE_ID] => 1062
    [COMMENTS] => <b>Город:</b> Волгоград<br>
)

Bitrix Response: {"result":653547,"time":{"start":1771754390,"finish":1771754392.509818,"duration":2.5098180770874023,"processing":2,"date_start":"2026-02-22T12:59:50+03:00","date_finish":"2026-02-22T12:59:52+03:00","operating_reset_at":1771754990,"operating":8.374552249908447}}
Статус: Успешно (Lead ID: 653547)
--------------------------------------------------

Время: 22.02.2026 15:28:27
Сервис: Директ
From: Заявка из Директ
Клиент: Array
(
    [name] => Вячеслав
    [phone] => +79954038929
    [email] => 
)

Город: Волгоград (ID: не найден)
RAW Input: {"name":"\u0412\u044f\u0447\u0435\u0441\u043b\u0430\u0432","phone":"+79954038929","Gorod":"\u0412\u043e\u043b\u0433\u043e\u0433\u0440\u0430\u0434","utm_source":"yandex","utm_medium":"cpc","utm_campaign":"706656661","utm_content":"17563267575"}
POST: Array
(
)

Quiz/Комментарии: Array
(
)

Собранные комментарии (для лога): 
Город: Волгоград

Отправка комментариев в Bitrix: ДА
Поля для Bitrix: Array
(
    [UTM_SOURCE] => yandex
    [UTM_MEDIUM] => cpc
    [UTM_CAMPAIGN] => 706656661
    [UTM_CONTENT] => 17563267575
    [NAME] => Вячеслав
    [PHONE] => Array
        (
            [0] => Array
                (
                    [VALUE] => +79954038929
                    [VALUE_TYPE] => MOBILE
                )

        )

    [ASSIGNED_BY_ID] => 1
    [TITLE] => Новая заявка - +79954038929
    [OPENED] => Y
    [STATUS_ID] => NEW
    [SOURCE_ID] => 1062
    [COMMENTS] => <b>Город:</b> Волгоград<br>
)

Bitrix Response: {"result":653587,"time":{"start":1771763307,"finish":1771763309.811588,"duration":2.8115880489349365,"processing":2,"date_start":"2026-02-22T15:28:27+03:00","date_finish":"2026-02-22T15:28:29+03:00","operating_reset_at":1771763907,"operating":1.9843800067901611}}
Статус: Успешно (Lead ID: 653587)
--------------------------------------------------

Время: 22.02.2026 16:09:37
Сервис: Директ
From: Заявка из Директ
Клиент: Array
(
    [name] => Александр
    [phone] => +79044226341
    [email] => 
)

Город: Волгоград (ID: не найден)
RAW Input: {"name":"\u0410\u043b\u0435\u043a\u0441\u0430\u043d\u0434\u0440","phone":"+79044226341","Gorod":"\u0412\u043e\u043b\u0433\u043e\u0433\u0440\u0430\u0434","utm_source":"yandex","utm_medium":"cpc","utm_campaign":"706656661","utm_content":"17563267574"}
POST: Array
(
)

Quiz/Комментарии: Array
(
)

Собранные комментарии (для лога): 
Город: Волгоград

Отправка комментариев в Bitrix: ДА
Поля для Bitrix: Array
(
    [UTM_SOURCE] => yandex
    [UTM_MEDIUM] => cpc
    [UTM_CAMPAIGN] => 706656661
    [UTM_CONTENT] => 17563267574
    [NAME] => Александр
    [PHONE] => Array
        (
            [0] => Array
                (
                    [VALUE] => +79044226341
                    [VALUE_TYPE] => MOBILE
                )

        )

    [ASSIGNED_BY_ID] => 1
    [TITLE] => Новая заявка - +79044226341
    [OPENED] => Y
    [STATUS_ID] => NEW
    [SOURCE_ID] => 1062
    [COMMENTS] => <b>Город:</b> Волгоград<br>
)

Bitrix Response: {"result":653591,"time":{"start":1771765777,"finish":1771765779.886789,"duration":2.886789083480835,"processing":2,"date_start":"2026-02-22T16:09:37+03:00","date_finish":"2026-02-22T16:09:39+03:00","operating_reset_at":1771766377,"operating":2.0689170360565186}}
Статус: Успешно (Lead ID: 653591)
--------------------------------------------------

Время: 22.02.2026 17:28:22
Сервис: Директ
From: Заявка из Директ
Клиент: Array
(
    [name] => Владимир
    [phone] => +79954069758
    [email] => 
)

Город: Волгоград (ID: не найден)
RAW Input: {"name":"\u0412\u043b\u0430\u0434\u0438\u043c\u0438\u0440","phone":"+79954069758","Gorod":"\u0412\u043e\u043b\u0433\u043e\u0433\u0440\u0430\u0434","utm_source":"yandex","utm_medium":"cpc","utm_campaign":"706656661","utm_content":"17563267575"}
POST: Array
(
)

Quiz/Комментарии: Array
(
)

Собранные комментарии (для лога): 
Город: Волгоград

Отправка комментариев в Bitrix: ДА
Поля для Bitrix: Array
(
    [UTM_SOURCE] => yandex
    [UTM_MEDIUM] => cpc
    [UTM_CAMPAIGN] => 706656661
    [UTM_CONTENT] => 17563267575
    [NAME] => Владимир
    [PHONE] => Array
        (
            [0] => Array
                (
                    [VALUE] => +79954069758
                    [VALUE_TYPE] => MOBILE
                )

        )

    [ASSIGNED_BY_ID] => 1
    [TITLE] => Новая заявка - +79954069758
    [OPENED] => Y
    [STATUS_ID] => NEW
    [SOURCE_ID] => 1062
    [COMMENTS] => <b>Город:</b> Волгоград<br>
)

Bitrix Response: {"result":653605,"time":{"start":1771770502,"finish":1771770504.524164,"duration":2.5241639614105225,"processing":2,"date_start":"2026-02-22T17:28:22+03:00","date_finish":"2026-02-22T17:28:24+03:00","operating_reset_at":1771771102,"operating":2.0064539909362793}}
Статус: Успешно (Lead ID: 653605)
--------------------------------------------------

Время: 24.02.2026 09:52:54
Сервис: Директ
From: Заявка из Директ
Клиент: Array
(
    [name] => Инна
    [phone] => +79176414383
    [email] => 
)

Город: Волгоград (ID: не найден)
RAW Input: {"name":"\u0418\u043d\u043d\u0430","phone":"+79176414383","Gorod":"\u0412\u043e\u043b\u0433\u043e\u0433\u0440\u0430\u0434","utm_source":"yandex","utm_medium":"cpc","utm_campaign":"706656661","utm_content":"17563267575"}
POST: Array
(
)

Quiz/Комментарии: Array
(
)

Собранные комментарии (для лога): 
Город: Волгоград

Отправка комментариев в Bitrix: ДА
Поля для Bitrix: Array
(
    [UTM_SOURCE] => yandex
    [UTM_MEDIUM] => cpc
    [UTM_CAMPAIGN] => 706656661
    [UTM_CONTENT] => 17563267575
    [NAME] => Инна
    [PHONE] => Array
        (
            [0] => Array
                (
                    [VALUE] => +79176414383
                    [VALUE_TYPE] => MOBILE
                )

        )

    [ASSIGNED_BY_ID] => 1
    [TITLE] => Новая заявка - +79176414383
    [OPENED] => Y
    [STATUS_ID] => NEW
    [SOURCE_ID] => 1062
    [COMMENTS] => <b>Город:</b> Волгоград<br>
)

Bitrix Response: {"result":653963,"time":{"start":1771915974,"finish":1771915976.521381,"duration":2.52138090133667,"processing":2,"date_start":"2026-02-24T09:52:54+03:00","date_finish":"2026-02-24T09:52:56+03:00","operating_reset_at":1771916574,"operating":4.5107831954956055}}
Статус: Успешно (Lead ID: 653963)
--------------------------------------------------

Время: 24.02.2026 12:36:49
Сервис: Директ
From: Заявка из Директ
Клиент: Array
(
    [name] => Александр
    [phone] => +79377260616
    [email] => 
)

Город: Волгоград (ID: не найден)
RAW Input: {"name":"\u0410\u043b\u0435\u043a\u0441\u0430\u043d\u0434\u0440","phone":"+79377260616","Gorod":"\u0412\u043e\u043b\u0433\u043e\u0433\u0440\u0430\u0434","utm_source":"yandex","utm_medium":"cpc","utm_campaign":"706656661","utm_content":"17563267574"}
POST: Array
(
)

Quiz/Комментарии: Array
(
)

Собранные комментарии (для лога): 
Город: Волгоград

Отправка комментариев в Bitrix: ДА
Поля для Bitrix: Array
(
    [UTM_SOURCE] => yandex
    [UTM_MEDIUM] => cpc
    [UTM_CAMPAIGN] => 706656661
    [UTM_CONTENT] => 17563267574
    [NAME] => Александр
    [PHONE] => Array
        (
            [0] => Array
                (
                    [VALUE] => +79377260616
                    [VALUE_TYPE] => MOBILE
                )

        )

    [ASSIGNED_BY_ID] => 1
    [TITLE] => Новая заявка - +79377260616
    [OPENED] => Y
    [STATUS_ID] => NEW
    [SOURCE_ID] => 1062
    [COMMENTS] => <b>Город:</b> Волгоград<br>
)

Bitrix Response: {"result":654167,"time":{"start":1771925809,"finish":1771925811.82752,"duration":2.8275198936462402,"processing":2,"date_start":"2026-02-24T12:36:49+03:00","date_finish":"2026-02-24T12:36:51+03:00","operating_reset_at":1771926409,"operating":9.09256100654602}}
Статус: Успешно (Lead ID: 654167)
--------------------------------------------------

Время: 24.02.2026 13:37:52
Сервис: Директ
From: Заявка из Директ
Клиент: Array
(
    [name] => Алеся
    [phone] => +79023629373
    [email] => 
)

Город: Волгоград (ID: не найден)
RAW Input: {"name":"\u0410\u043b\u0435\u0441\u044f","phone":"+79023629373","Gorod":"\u0412\u043e\u043b\u0433\u043e\u0433\u0440\u0430\u0434","utm_source":"yandex","utm_medium":"cpc","utm_campaign":"706656661","utm_content":"17563267575"}
POST: Array
(
)

Quiz/Комментарии: Array
(
)

Собранные комментарии (для лога): 
Город: Волгоград

Отправка комментариев в Bitrix: ДА
Поля для Bitrix: Array
(
    [UTM_SOURCE] => yandex
    [UTM_MEDIUM] => cpc
    [UTM_CAMPAIGN] => 706656661
    [UTM_CONTENT] => 17563267575
    [NAME] => Алеся
    [PHONE] => Array
        (
            [0] => Array
                (
                    [VALUE] => +79023629373
                    [VALUE_TYPE] => MOBILE
                )

        )

    [ASSIGNED_BY_ID] => 1
    [TITLE] => Новая заявка - +79023629373
    [OPENED] => Y
    [STATUS_ID] => NEW
    [SOURCE_ID] => 1062
    [COMMENTS] => <b>Город:</b> Волгоград<br>
)

Bitrix Response: {"result":654249,"time":{"start":1771929472,"finish":1771929474.428428,"duration":2.4284279346466064,"processing":2,"date_start":"2026-02-24T13:37:52+03:00","date_finish":"2026-02-24T13:37:54+03:00","operating_reset_at":1771930072,"operating":18.344500064849854}}
Статус: Успешно (Lead ID: 654249)
--------------------------------------------------

Время: 24.02.2026 16:53:56
Сервис: Директ
From: Заявка из Директ
Клиент: Array
(
    [name] => Андрей
    [phone] => +79954045717
    [email] => 
)

Город: Волгоград (ID: не найден)
RAW Input: {"name":"\u0410\u043d\u0434\u0440\u0435\u0439","phone":"+79954045717","Gorod":"\u0412\u043e\u043b\u0433\u043e\u0433\u0440\u0430\u0434","utm_source":"yandex","utm_medium":"cpc","utm_campaign":"706656661","utm_content":"17563267575"}
POST: Array
(
)

Quiz/Комментарии: Array
(
)

Собранные комментарии (для лога): 
Город: Волгоград

Отправка комментариев в Bitrix: ДА
Поля для Bitrix: Array
(
    [UTM_SOURCE] => yandex
    [UTM_MEDIUM] => cpc
    [UTM_CAMPAIGN] => 706656661
    [UTM_CONTENT] => 17563267575
    [NAME] => Андрей
    [PHONE] => Array
        (
            [0] => Array
                (
                    [VALUE] => +79954045717
                    [VALUE_TYPE] => MOBILE
                )

        )

    [ASSIGNED_BY_ID] => 1
    [TITLE] => Новая заявка - +79954045717
    [OPENED] => Y
    [STATUS_ID] => NEW
    [SOURCE_ID] => 1062
    [COMMENTS] => <b>Город:</b> Волгоград<br>
)

Bitrix Response: {"result":654447,"time":{"start":1771941236,"finish":1771941238.47431,"duration":2.4743099212646484,"processing":2,"date_start":"2026-02-24T16:53:56+03:00","date_finish":"2026-02-24T16:53:58+03:00","operating_reset_at":1771941836,"operating":6.291424989700317}}
Статус: Успешно (Lead ID: 654447)
--------------------------------------------------

Время: 24.02.2026 17:10:37
Сервис: Директ
From: Заявка из Директ
Клиент: Array
(
    [name] => Татьяна
    [phone] => +79093802585
    [email] => 
)

Город: Волгоград (ID: не найден)
RAW Input: {"name":"\u0422\u0430\u0442\u044c\u044f\u043d\u0430","phone":"+79093802585","Gorod":"\u0412\u043e\u043b\u0433\u043e\u0433\u0440\u0430\u0434","utm_source":"yandex","utm_medium":"cpc","utm_campaign":"706656661","utm_content":"17563267575"}
POST: Array
(
)

Quiz/Комментарии: Array
(
)

Собранные комментарии (для лога): 
Город: Волгоград

Отправка комментариев в Bitrix: ДА
Поля для Bitrix: Array
(
    [UTM_SOURCE] => yandex
    [UTM_MEDIUM] => cpc
    [UTM_CAMPAIGN] => 706656661
    [UTM_CONTENT] => 17563267575
    [NAME] => Татьяна
    [PHONE] => Array
        (
            [0] => Array
                (
                    [VALUE] => +79093802585
                    [VALUE_TYPE] => MOBILE
                )

        )

    [ASSIGNED_BY_ID] => 1
    [TITLE] => Новая заявка - +79093802585
    [OPENED] => Y
    [STATUS_ID] => NEW
    [SOURCE_ID] => 1062
    [COMMENTS] => <b>Город:</b> Волгоград<br>
)

Bitrix Response: {"result":654471,"time":{"start":1771942237,"finish":1771942239.814808,"duration":2.814807891845703,"processing":2,"date_start":"2026-02-24T17:10:37+03:00","date_finish":"2026-02-24T17:10:39+03:00","operating_reset_at":1771942837,"operating":4.2738261222839355}}
Статус: Успешно (Lead ID: 654471)
--------------------------------------------------

Время: 24.02.2026 17:32:31
Сервис: Директ
From: Заявка из Директ
Клиент: Array
(
    [name] => Анастасия
    [phone] => +79044203249
    [email] => 
)

Город: Волгоград (ID: не найден)
RAW Input: {"name":"\u0410\u043d\u0430\u0441\u0442\u0430\u0441\u0438\u044f","phone":"+79044203249","Gorod":"\u0412\u043e\u043b\u0433\u043e\u0433\u0440\u0430\u0434","utm_source":"yandex","utm_medium":"cpc","utm_campaign":"706656661","utm_content":"17563267575"}
POST: Array
(
)

Quiz/Комментарии: Array
(
)

Собранные комментарии (для лога): 
Город: Волгоград

Отправка комментариев в Bitrix: ДА
Поля для Bitrix: Array
(
    [UTM_SOURCE] => yandex
    [UTM_MEDIUM] => cpc
    [UTM_CAMPAIGN] => 706656661
    [UTM_CONTENT] => 17563267575
    [NAME] => Анастасия
    [PHONE] => Array
        (
            [0] => Array
                (
                    [VALUE] => +79044203249
                    [VALUE_TYPE] => MOBILE
                )

        )

    [ASSIGNED_BY_ID] => 1
    [TITLE] => Новая заявка - +79044203249
    [OPENED] => Y
    [STATUS_ID] => NEW
    [SOURCE_ID] => 1062
    [COMMENTS] => <b>Город:</b> Волгоград<br>
)

Bitrix Response: 
Статус: Ошибка CURL: Operation timed out after 15001 milliseconds with 0 bytes received
--------------------------------------------------

Время: 24.02.2026 17:36:15
Сервис: Директ
From: Заявка из Директ
Клиент: Array
(
    [name] => Анастасия
    [phone] => +79044203249
    [email] => 
)

Город: Волгоград (ID: не найден)
RAW Input: {"name":"\u0410\u043d\u0430\u0441\u0442\u0430\u0441\u0438\u044f","phone":"+79044203249","Gorod":"\u0412\u043e\u043b\u0433\u043e\u0433\u0440\u0430\u0434","utm_source":"yandex","utm_medium":"cpc","utm_campaign":"706656661","utm_content":"17563267575"}
POST: Array
(
)

Quiz/Комментарии: Array
(
)

Собранные комментарии (для лога): 
Город: Волгоград

Отправка комментариев в Bitrix: ДА
Поля для Bitrix: Array
(
    [UTM_SOURCE] => yandex
    [UTM_MEDIUM] => cpc
    [UTM_CAMPAIGN] => 706656661
    [UTM_CONTENT] => 17563267575
    [NAME] => Анастасия
    [PHONE] => Array
        (
            [0] => Array
                (
                    [VALUE] => +79044203249
                    [VALUE_TYPE] => MOBILE
                )

        )

    [ASSIGNED_BY_ID] => 1
    [TITLE] => Новая заявка - +79044203249
    [OPENED] => Y
    [STATUS_ID] => NEW
    [SOURCE_ID] => 1062
    [COMMENTS] => <b>Город:</b> Волгоград<br>
)

Bitrix Response: {"result":654533,"time":{"start":1771943775,"finish":1771943777.422216,"duration":2.4222159385681152,"processing":2,"date_start":"2026-02-24T17:36:15+03:00","date_finish":"2026-02-24T17:36:17+03:00","operating_reset_at":1771944375,"operating":172.5830307006836}}
Статус: Успешно (Lead ID: 654533)
--------------------------------------------------

Время: 24.02.2026 17:42:40
Сервис: Директ
From: Заявка из Директ
Клиент: Array
(
    [name] => Ольга
    [phone] => +79954118453
    [email] => 
)

Город: Волгоград (ID: не найден)
RAW Input: {"name":"\u041e\u043b\u044c\u0433\u0430","phone":"+79954118453","Gorod":"\u0412\u043e\u043b\u0433\u043e\u0433\u0440\u0430\u0434","utm_source":"yandex","utm_medium":"cpc","utm_campaign":"706656661","utm_content":"17563267575"}
POST: Array
(
)

Quiz/Комментарии: Array
(
)

Собранные комментарии (для лога): 
Город: Волгоград

Отправка комментариев в Bitrix: ДА
Поля для Bitrix: Array
(
    [UTM_SOURCE] => yandex
    [UTM_MEDIUM] => cpc
    [UTM_CAMPAIGN] => 706656661
    [UTM_CONTENT] => 17563267575
    [NAME] => Ольга
    [PHONE] => Array
        (
            [0] => Array
                (
                    [VALUE] => +79954118453
                    [VALUE_TYPE] => MOBILE
                )

        )

    [ASSIGNED_BY_ID] => 1
    [TITLE] => Новая заявка - +79954118453
    [OPENED] => Y
    [STATUS_ID] => NEW
    [SOURCE_ID] => 1062
    [COMMENTS] => <b>Город:</b> Волгоград<br>
)

Bitrix Response: {"result":654543,"time":{"start":1771944161,"finish":1771944163.037042,"duration":2.0370419025421143,"processing":2,"date_start":"2026-02-24T17:42:41+03:00","date_finish":"2026-02-24T17:42:43+03:00","operating_reset_at":1771944761,"operating":15.932700634002686}}
Статус: Успешно (Lead ID: 654543)
--------------------------------------------------

Время: 25.02.2026 08:28:26
Сервис: Директ
From: Заявка из Директ
Клиент: Array
(
    [name] => Сергей
    [phone] => +79044220397
    [email] => 
)

Город: Волгоград (ID: не найден)
RAW Input: {"name":"\u0421\u0435\u0440\u0433\u0435\u0439","phone":"+79044220397","Gorod":"\u0412\u043e\u043b\u0433\u043e\u0433\u0440\u0430\u0434","utm_source":"yandex","utm_medium":"cpc","utm_campaign":"706656661","utm_content":"17563267574"}
POST: Array
(
)

Quiz/Комментарии: Array
(
)

Собранные комментарии (для лога): 
Город: Волгоград

Отправка комментариев в Bitrix: ДА
Поля для Bitrix: Array
(
    [UTM_SOURCE] => yandex
    [UTM_MEDIUM] => cpc
    [UTM_CAMPAIGN] => 706656661
    [UTM_CONTENT] => 17563267574
    [NAME] => Сергей
    [PHONE] => Array
        (
            [0] => Array
                (
                    [VALUE] => +79044220397
                    [VALUE_TYPE] => MOBILE
                )

        )

    [ASSIGNED_BY_ID] => 1
    [TITLE] => Новая заявка - +79044220397
    [OPENED] => Y
    [STATUS_ID] => NEW
    [SOURCE_ID] => 1062
    [COMMENTS] => <b>Город:</b> Волгоград<br>
)

Bitrix Response: {"result":654717,"time":{"start":1771997306,"finish":1771997308.703772,"duration":2.7037720680236816,"processing":2,"date_start":"2026-02-25T08:28:26+03:00","date_finish":"2026-02-25T08:28:28+03:00","operating_reset_at":1771997906,"operating":4.448446989059448}}
Статус: Успешно (Lead ID: 654717)
--------------------------------------------------

Время: 25.02.2026 11:35:20
Сервис: Директ
From: Заявка из Директ
Клиент: Array
(
    [name] => Николай
    [phone] => +79616885049
    [email] => 
)

Город: Волгоград (ID: не найден)
RAW Input: {"name":"\u041d\u0438\u043a\u043e\u043b\u0430\u0439","phone":"+79616885049","Gorod":"\u0412\u043e\u043b\u0433\u043e\u0433\u0440\u0430\u0434","utm_source":"yandex","utm_medium":"cpc","utm_campaign":"706656661","utm_content":"17563267574"}
POST: Array
(
)

Quiz/Комментарии: Array
(
)

Собранные комментарии (для лога): 
Город: Волгоград

Отправка комментариев в Bitrix: ДА
Поля для Bitrix: Array
(
    [UTM_SOURCE] => yandex
    [UTM_MEDIUM] => cpc
    [UTM_CAMPAIGN] => 706656661
    [UTM_CONTENT] => 17563267574
    [NAME] => Николай
    [PHONE] => Array
        (
            [0] => Array
                (
                    [VALUE] => +79616885049
                    [VALUE_TYPE] => MOBILE
                )

        )

    [ASSIGNED_BY_ID] => 1
    [TITLE] => Новая заявка - +79616885049
    [OPENED] => Y
    [STATUS_ID] => NEW
    [SOURCE_ID] => 1062
    [COMMENTS] => <b>Город:</b> Волгоград<br>
)

Bitrix Response: {"result":654883,"time":{"start":1772008521,"finish":1772008523.344664,"duration":2.3446640968322754,"processing":2,"date_start":"2026-02-25T11:35:21+03:00","date_finish":"2026-02-25T11:35:23+03:00","operating_reset_at":1772009121,"operating":2.3043408393859863}}
Статус: Успешно (Lead ID: 654883)
--------------------------------------------------

Время: 25.02.2026 16:21:10
Сервис: Директ
From: Заявка из Директ
Клиент: Array
(
    [name] => Александр
    [phone] => +79375306949
    [email] => 
)

Город: Волгоград (ID: не найден)
RAW Input: {"name":"\u0410\u043b\u0435\u043a\u0441\u0430\u043d\u0434\u0440","phone":"+79375306949","Gorod":"\u0412\u043e\u043b\u0433\u043e\u0433\u0440\u0430\u0434","utm_source":"yandex","utm_medium":"cpc","utm_campaign":"706656661","utm_content":"17563267575"}
POST: Array
(
)

Quiz/Комментарии: Array
(
)

Собранные комментарии (для лога): 
Город: Волгоград

Отправка комментариев в Bitrix: ДА
Поля для Bitrix: Array
(
    [UTM_SOURCE] => yandex
    [UTM_MEDIUM] => cpc
    [UTM_CAMPAIGN] => 706656661
    [UTM_CONTENT] => 17563267575
    [NAME] => Александр
    [PHONE] => Array
        (
            [0] => Array
                (
                    [VALUE] => +79375306949
                    [VALUE_TYPE] => MOBILE
                )

        )

    [ASSIGNED_BY_ID] => 1
    [TITLE] => Новая заявка - +79375306949
    [OPENED] => Y
    [STATUS_ID] => NEW
    [SOURCE_ID] => 1062
    [COMMENTS] => <b>Город:</b> Волгоград<br>
)

Bitrix Response: {"result":655277,"time":{"start":1772025670,"finish":1772025672.930337,"duration":2.9303369522094727,"processing":2,"date_start":"2026-02-25T16:21:10+03:00","date_finish":"2026-02-25T16:21:12+03:00","operating_reset_at":1772026270,"operating":2.48677921295166}}
Статус: Успешно (Lead ID: 655277)
--------------------------------------------------

Время: 25.02.2026 16:22:55
Сервис: Директ
From: Заявка из Директ
Клиент: Array
(
    [name] => Сергей
    [phone] => +79377076923
    [email] => 
)

Город: Волгоград (ID: не найден)
RAW Input: {"name":"\u0421\u0435\u0440\u0433\u0435\u0439","phone":"+79377076923","Gorod":"\u0412\u043e\u043b\u0433\u043e\u0433\u0440\u0430\u0434","utm_source":"yandex","utm_medium":"cpc","utm_campaign":"706656661","utm_content":"17563267575"}
POST: Array
(
)

Quiz/Комментарии: Array
(
)

Собранные комментарии (для лога): 
Город: Волгоград

Отправка комментариев в Bitrix: ДА
Поля для Bitrix: Array
(
    [UTM_SOURCE] => yandex
    [UTM_MEDIUM] => cpc
    [UTM_CAMPAIGN] => 706656661
    [UTM_CONTENT] => 17563267575
    [NAME] => Сергей
    [PHONE] => Array
        (
            [0] => Array
                (
                    [VALUE] => +79377076923
                    [VALUE_TYPE] => MOBILE
                )

        )

    [ASSIGNED_BY_ID] => 1
    [TITLE] => Новая заявка - +79377076923
    [OPENED] => Y
    [STATUS_ID] => NEW
    [SOURCE_ID] => 1062
    [COMMENTS] => <b>Город:</b> Волгоград<br>
)

Bitrix Response: {"result":655279,"time":{"start":1772025775,"finish":1772025778.15873,"duration":3.1587300300598145,"processing":3,"date_start":"2026-02-25T16:22:55+03:00","date_finish":"2026-02-25T16:22:58+03:00","operating_reset_at":1772026375,"operating":4.761282205581665}}
Статус: Успешно (Lead ID: 655279)
--------------------------------------------------

Время: 25.02.2026 18:52:22
Сервис: Директ
From: Заявка из Директ
Клиент: Array
(
    [name] => Иван
    [phone] => +79682868152
    [email] => 
)

Город: Волгоград (ID: не найден)
RAW Input: {"name":"\u0418\u0432\u0430\u043d","phone":"+79682868152","Gorod":"\u0412\u043e\u043b\u0433\u043e\u0433\u0440\u0430\u0434","utm_source":"yandex","utm_medium":"cpc","utm_campaign":"706656661","utm_content":"17563267573"}
POST: Array
(
)

Quiz/Комментарии: Array
(
)

Собранные комментарии (для лога): 
Город: Волгоград

Отправка комментариев в Bitrix: ДА
Поля для Bitrix: Array
(
    [UTM_SOURCE] => yandex
    [UTM_MEDIUM] => cpc
    [UTM_CAMPAIGN] => 706656661
    [UTM_CONTENT] => 17563267573
    [NAME] => Иван
    [PHONE] => Array
        (
            [0] => Array
                (
                    [VALUE] => +79682868152
                    [VALUE_TYPE] => MOBILE
                )

        )

    [ASSIGNED_BY_ID] => 1
    [TITLE] => Новая заявка - +79682868152
    [OPENED] => Y
    [STATUS_ID] => NEW
    [SOURCE_ID] => 1062
    [COMMENTS] => <b>Город:</b> Волгоград<br>
)

Bitrix Response: {"result":655441,"time":{"start":1772034742,"finish":1772034744.958986,"duration":2.9589860439300537,"processing":2,"date_start":"2026-02-25T18:52:22+03:00","date_finish":"2026-02-25T18:52:24+03:00","operating_reset_at":1772035342,"operating":2.1526901721954346}}
Статус: Успешно (Lead ID: 655441)
--------------------------------------------------

Время: 25.02.2026 19:41:25
Сервис: Директ
From: Заявка из Директ
Клиент: Array
(
    [name] => Юрий
    [phone] => +79954135904
    [email] => 
)

Город: Волгоград (ID: не найден)
RAW Input: {"name":"\u042e\u0440\u0438\u0439","phone":"+79954135904","Gorod":"\u0412\u043e\u043b\u0433\u043e\u0433\u0440\u0430\u0434","utm_source":"yandex","utm_medium":"cpc","utm_campaign":"706656661","utm_content":"17563267574"}
POST: Array
(
)

Quiz/Комментарии: Array
(
)

Собранные комментарии (для лога): 
Город: Волгоград

Отправка комментариев в Bitrix: ДА
Поля для Bitrix: Array
(
    [UTM_SOURCE] => yandex
    [UTM_MEDIUM] => cpc
    [UTM_CAMPAIGN] => 706656661
    [UTM_CONTENT] => 17563267574
    [NAME] => Юрий
    [PHONE] => Array
        (
            [0] => Array
                (
                    [VALUE] => +79954135904
                    [VALUE_TYPE] => MOBILE
                )

        )

    [ASSIGNED_BY_ID] => 1
    [TITLE] => Новая заявка - +79954135904
    [OPENED] => Y
    [STATUS_ID] => NEW
    [SOURCE_ID] => 1062
    [COMMENTS] => <b>Город:</b> Волгоград<br>
)

Bitrix Response: {"result":655459,"time":{"start":1772037685,"finish":1772037687.69602,"duration":2.6960198879241943,"processing":2,"date_start":"2026-02-25T19:41:25+03:00","date_finish":"2026-02-25T19:41:27+03:00","operating_reset_at":1772038285,"operating":6.080593824386597}}
Статус: Успешно (Lead ID: 655459)
--------------------------------------------------

Время: 25.02.2026 20:05:46
Сервис: Директ
From: Заявка из Директ
Клиент: Array
(
    [name] => Ара
    [phone] => +79013323428
    [email] => 
)

Город: Волгоград (ID: не найден)
RAW Input: {"name":"\u0410\u0440\u0430","phone":"+79013323428","Gorod":"\u0412\u043e\u043b\u0433\u043e\u0433\u0440\u0430\u0434","utm_source":"yandex","utm_medium":"cpc","utm_campaign":"706656661","utm_content":"17563267574"}
POST: Array
(
)

Quiz/Комментарии: Array
(
)

Собранные комментарии (для лога): 
Город: Волгоград

Отправка комментариев в Bitrix: ДА
Поля для Bitrix: Array
(
    [UTM_SOURCE] => yandex
    [UTM_MEDIUM] => cpc
    [UTM_CAMPAIGN] => 706656661
    [UTM_CONTENT] => 17563267574
    [NAME] => Ара
    [PHONE] => Array
        (
            [0] => Array
                (
                    [VALUE] => +79013323428
                    [VALUE_TYPE] => MOBILE
                )

        )

    [ASSIGNED_BY_ID] => 1
    [TITLE] => Новая заявка - +79013323428
    [OPENED] => Y
    [STATUS_ID] => NEW
    [SOURCE_ID] => 1062
    [COMMENTS] => <b>Город:</b> Волгоград<br>
)

Bitrix Response: {"result":655465,"time":{"start":1772039146,"finish":1772039148.500772,"duration":2.500771999359131,"processing":2,"date_start":"2026-02-25T20:05:46+03:00","date_finish":"2026-02-25T20:05:48+03:00","operating_reset_at":1772039746,"operating":2.053015947341919}}
Статус: Успешно (Lead ID: 655465)
--------------------------------------------------

Время: 26.02.2026 11:31:20
Сервис: Директ
From: Заявка из Директ
Клиент: Array
(
    [name] => Екатерина
    [phone] => +79954080692
    [email] => 
)

Город: Волгоград (ID: не найден)
RAW Input: {"name":"\u0415\u043a\u0430\u0442\u0435\u0440\u0438\u043d\u0430","phone":"+79954080692","Gorod":"\u0412\u043e\u043b\u0433\u043e\u0433\u0440\u0430\u0434","utm_source":"yandex","utm_medium":"cpc","utm_campaign":"706656661","utm_content":"17563267575"}
POST: Array
(
)

Quiz/Комментарии: Array
(
)

Собранные комментарии (для лога): 
Город: Волгоград

Отправка комментариев в Bitrix: ДА
Поля для Bitrix: Array
(
    [UTM_SOURCE] => yandex
    [UTM_MEDIUM] => cpc
    [UTM_CAMPAIGN] => 706656661
    [UTM_CONTENT] => 17563267575
    [NAME] => Екатерина
    [PHONE] => Array
        (
            [0] => Array
                (
                    [VALUE] => +79954080692
                    [VALUE_TYPE] => MOBILE
                )

        )

    [ASSIGNED_BY_ID] => 1
    [TITLE] => Новая заявка - +79954080692
    [OPENED] => Y
    [STATUS_ID] => NEW
    [SOURCE_ID] => 1062
    [COMMENTS] => <b>Город:</b> Волгоград<br>
)

Bitrix Response: {"result":655741,"time":{"start":1772094680,"finish":1772094682.714913,"duration":2.7149128913879395,"processing":2,"date_start":"2026-02-26T11:31:20+03:00","date_finish":"2026-02-26T11:31:22+03:00","operating_reset_at":1772095280,"operating":11.89362382888794}}
Статус: Успешно (Lead ID: 655741)
--------------------------------------------------

Время: 26.02.2026 12:35:18
Сервис: Директ
From: Заявка из Директ
Клиент: Array
(
    [name] => Петр
    [phone] => +79996264179
    [email] => 
)

Город: Волгоград (ID: не найден)
RAW Input: {"name":"\u041f\u0435\u0442\u0440","phone":"+79996264179","Gorod":"\u0412\u043e\u043b\u0433\u043e\u0433\u0440\u0430\u0434","utm_source":"yandex","utm_medium":"cpc","utm_campaign":"706656661","utm_content":"17563267575"}
POST: Array
(
)

Quiz/Комментарии: Array
(
)

Собранные комментарии (для лога): 
Город: Волгоград

Отправка комментариев в Bitrix: ДА
Поля для Bitrix: Array
(
    [UTM_SOURCE] => yandex
    [UTM_MEDIUM] => cpc
    [UTM_CAMPAIGN] => 706656661
    [UTM_CONTENT] => 17563267575
    [NAME] => Петр
    [PHONE] => Array
        (
            [0] => Array
                (
                    [VALUE] => +79996264179
                    [VALUE_TYPE] => MOBILE
                )

        )

    [ASSIGNED_BY_ID] => 1
    [TITLE] => Новая заявка - +79996264179
    [OPENED] => Y
    [STATUS_ID] => NEW
    [SOURCE_ID] => 1062
    [COMMENTS] => <b>Город:</b> Волгоград<br>
)

Bitrix Response: {"result":655807,"time":{"start":1772098518,"finish":1772098520.524612,"duration":2.5246119499206543,"processing":2,"date_start":"2026-02-26T12:35:18+03:00","date_finish":"2026-02-26T12:35:20+03:00","operating_reset_at":1772099118,"operating":7.172684907913208}}
Статус: Успешно (Lead ID: 655807)
--------------------------------------------------

Время: 26.02.2026 13:50:09
Сервис: Директ
From: Заявка из Директ
Клиент: Array
(
    [name] => Виктор
    [phone] => +79053987977
    [email] => 
)

Город: Волгоград (ID: не найден)
RAW Input: {"name":"\u0412\u0438\u043a\u0442\u043e\u0440","phone":"+79053987977","Gorod":"\u0412\u043e\u043b\u0433\u043e\u0433\u0440\u0430\u0434","utm_source":"yandex","utm_medium":"cpc","utm_campaign":"706656661","utm_content":"17563267574"}
POST: Array
(
)

Quiz/Комментарии: Array
(
)

Собранные комментарии (для лога): 
Город: Волгоград

Отправка комментариев в Bitrix: ДА
Поля для Bitrix: Array
(
    [UTM_SOURCE] => yandex
    [UTM_MEDIUM] => cpc
    [UTM_CAMPAIGN] => 706656661
    [UTM_CONTENT] => 17563267574
    [NAME] => Виктор
    [PHONE] => Array
        (
            [0] => Array
                (
                    [VALUE] => +79053987977
                    [VALUE_TYPE] => MOBILE
                )

        )

    [ASSIGNED_BY_ID] => 1
    [TITLE] => Новая заявка - +79053987977
    [OPENED] => Y
    [STATUS_ID] => NEW
    [SOURCE_ID] => 1062
    [COMMENTS] => <b>Город:</b> Волгоград<br>
)

Bitrix Response: {"result":655913,"time":{"start":1772103009,"finish":1772103011.835747,"duration":2.835747003555298,"processing":2,"date_start":"2026-02-26T13:50:09+03:00","date_finish":"2026-02-26T13:50:11+03:00","operating_reset_at":1772103609,"operating":4.4563727378845215}}
Статус: Успешно (Lead ID: 655913)
--------------------------------------------------

Время: 26.02.2026 16:34:03
Сервис: Директ
From: Заявка из Директ
Клиент: Array
(
    [name] => Наталия
    [phone] => +79199871296
    [email] => 
)

Город: Волгоград (ID: не найден)
RAW Input: {"name":"\u041d\u0430\u0442\u0430\u043b\u0438\u044f","phone":"+79199871296","Gorod":"\u0412\u043e\u043b\u0433\u043e\u0433\u0440\u0430\u0434","utm_source":"yandex","utm_medium":"cpc","utm_campaign":"706656661","utm_content":"17563267573"}
POST: Array
(
)

Quiz/Комментарии: Array
(
)

Собранные комментарии (для лога): 
Город: Волгоград

Отправка комментариев в Bitrix: ДА
Поля для Bitrix: Array
(
    [UTM_SOURCE] => yandex
    [UTM_MEDIUM] => cpc
    [UTM_CAMPAIGN] => 706656661
    [UTM_CONTENT] => 17563267573
    [NAME] => Наталия
    [PHONE] => Array
        (
            [0] => Array
                (
                    [VALUE] => +79199871296
                    [VALUE_TYPE] => MOBILE
                )

        )

    [ASSIGNED_BY_ID] => 1
    [TITLE] => Новая заявка - +79199871296
    [OPENED] => Y
    [STATUS_ID] => NEW
    [SOURCE_ID] => 1062
    [COMMENTS] => <b>Город:</b> Волгоград<br>
)

Bitrix Response: {"result":656149,"time":{"start":1772112843,"finish":1772112845.971677,"duration":2.97167706489563,"processing":2,"date_start":"2026-02-26T16:34:03+03:00","date_finish":"2026-02-26T16:34:05+03:00","operating_reset_at":1772113443,"operating":11.413434982299805}}
Статус: Успешно (Lead ID: 656149)
--------------------------------------------------

