Время: 20.02.2026 15:57:11
Сервис: КЦ
From: Заявка из КЦ
Клиент: Array
(
    [name] => Наталья
    [phone] => +79676798873
    [email] => 
)

Город: Ярославль (ID: не найден)
RAW Input: {"name":"Наталья","phone":"+79676798873","Comments":"Данные от поставщика:\n- Название лида: INDI\n- Сумма долга: 250000|RUB\n- Какие кредиты?: потреб\n- Есть ли залоговые кредиты?: нет\n- Город: Ярославль\n- Телефон с интернетом: да","Gorod":"Ярославль","origin_id":"b24-0twkpe:deal:2559","originator_id":"b24-0twkpe","lead_title":"INDI","title":"INDI"}
POST: Array
(
)

Quiz/Комментарии: Array
(
)

Собранные комментарии (для лога): 
Comments: Данные от поставщика:
- Название лида: INDI
- Сумма долга: 250000|RUB
- Какие кредиты?: потреб
- Есть ли залоговые кредиты?: нет
- Город: Ярославль
- Телефон с интернетом: да
Origin_id: b24-0twkpe:deal:2559
Originator_id: b24-0twkpe
Lead_title: INDI
Title: INDI
Город: Ярославль

Отправка комментариев в Bitrix: ДА
Поля для Bitrix: Array
(
    [NAME] => Наталья
    [PHONE] => Array
        (
            [0] => Array
                (
                    [VALUE] => +79676798873
                    [VALUE_TYPE] => MOBILE
                )

        )

    [ASSIGNED_BY_ID] => 1
    [TITLE] => Новая заявка - +79676798873
    [OPENED] => Y
    [STATUS_ID] => NEW
    [SOURCE_ID] => 979
    [COMMENTS] => <b>Comments:</b> Данные от поставщика:
- Название лида: INDI
- Сумма долга: 250000|RUB
- Какие кредиты?: потреб
- Есть ли залоговые кредиты?: нет
- Город: Ярославль
- Телефон с интернетом: да<br><b>Origin_id:</b> b24-0twkpe:deal:2559<br><b>Originator_id:</b> b24-0twkpe<br><b>Lead_title:</b> INDI<br><b>Title:</b> INDI<br><b>Город:</b> Ярославль<br>
)

Bitrix Response: {"result":653017,"time":{"start":1771592231,"finish":1771592233.271835,"duration":2.2718350887298584,"processing":2,"date_start":"2026-02-20T15:57:11+03:00","date_finish":"2026-02-20T15:57:13+03:00","operating_reset_at":1771592831,"operating":2.1346421241760254}}
Статус: Успешно (Lead ID: 653017)
--------------------------------------------------

