Время: 25.02.2026 17:23:25
Сервис: КЦ
From: Заявка из КЦ
Клиент: Array
(
    [name] => Тест Тест Тест
    [phone] => 79881351351
    [email] => 
)

Город: Ярославль (ID: не найден)
RAW Input: {"phone":"79881351351","name":"\u0422\u0435\u0441\u0442 \u0422\u0435\u0441\u0442 \u0422\u0435\u0441\u0442","Comments":"","Gorod":"\u042f\u0440\u043e\u0441\u043b\u0430\u0432\u043b\u044c","utm_source":"ap-lead","utm_medium":"cc","utm_campaign":null,"utm_content":null,"utm_term":null}
POST: Array
(
)

Quiz/Комментарии: Array
(
)

Собранные комментарии (для лога): 
Город: Ярославль

Отправка комментариев в Bitrix: ДА
Поля для Bitrix: Array
(
    [NAME] => Тест Тест Тест
    [PHONE] => Array
        (
            [0] => Array
                (
                    [VALUE] => 79881351351
                    [VALUE_TYPE] => MOBILE
                )

        )

    [ASSIGNED_BY_ID] => 1
    [TITLE] => Новая заявка - 79881351351
    [OPENED] => Y
    [STATUS_ID] => NEW
    [SOURCE_ID] => 732
    [COMMENTS] => <b>Город:</b> Ярославль<br>
)

Bitrix Response: {"result":655357,"time":{"start":1772029405,"finish":1772029408.010587,"duration":3.010586977005005,"processing":3,"date_start":"2026-02-25T17:23:25+03:00","date_finish":"2026-02-25T17:23:28+03:00","operating_reset_at":1772030005,"operating":12.353844404220581}}
Статус: Успешно (Lead ID: 655357)
--------------------------------------------------

Время: 26.02.2026 09:32:17
Сервис: КЦ
From: Заявка из КЦ
Клиент: Array
(
    [name] => Ольга
    [phone] => 79201342399
    [email] => 
)

Город: Тутаев (ID: не найден)
RAW Input: {"phone":"79201342399","name":"\u041e\u043b\u044c\u0433\u0430 ","Comments":"\u043e\u0436\u0438\u0434\u0430\u0435\u0442 \u0437\u0432\u043e\u043d\u043e\u043a \u043f\u043e\u0441\u043b\u0435 17:00","Gorod":"\u0422\u0443\u0442\u0430\u0435\u0432","utm_source":"ap-lead","utm_medium":"cc","utm_campaign":null,"utm_content":null,"utm_term":null}
POST: Array
(
)

Quiz/Комментарии: Array
(
)

Собранные комментарии (для лога): 
Comments: ожидает звонок после 17:00
Город: Тутаев

Отправка комментариев в Bitrix: ДА
Поля для Bitrix: Array
(
    [NAME] => Ольга
    [PHONE] => Array
        (
            [0] => Array
                (
                    [VALUE] => 79201342399
                    [VALUE_TYPE] => MOBILE
                )

        )

    [ASSIGNED_BY_ID] => 1
    [TITLE] => Новая заявка - 79201342399
    [OPENED] => Y
    [STATUS_ID] => NEW
    [SOURCE_ID] => 732
    [COMMENTS] => <b>Comments:</b> ожидает звонок после 17:00<br><b>Город:</b> Тутаев<br>
)

Bitrix Response: {"result":655605,"time":{"start":1772087538,"finish":1772087540.356553,"duration":2.356553077697754,"processing":2,"date_start":"2026-02-26T09:32:18+03:00","date_finish":"2026-02-26T09:32:20+03:00","operating_reset_at":1772088138,"operating":19.03239369392395}}
Статус: Успешно (Lead ID: 655605)
--------------------------------------------------

Время: 26.02.2026 09:34:48
Сервис: КЦ
From: Заявка из КЦ
Клиент: Array
(
    [name] => Светлана
    [phone] => 79106632812
    [email] => 
)

Город: Ярославль (ID: не найден)
RAW Input: {"phone":"79106632812","name":"\u0421\u0432\u0435\u0442\u043b\u0430\u043d\u0430 ","Comments":"","Gorod":"\u042f\u0440\u043e\u0441\u043b\u0430\u0432\u043b\u044c","utm_source":"ap-lead","utm_medium":"cc","utm_campaign":null,"utm_content":null,"utm_term":null}
POST: Array
(
)

Quiz/Комментарии: Array
(
)

Собранные комментарии (для лога): 
Город: Ярославль

Отправка комментариев в Bitrix: ДА
Поля для Bitrix: Array
(
    [NAME] => Светлана
    [PHONE] => Array
        (
            [0] => Array
                (
                    [VALUE] => 79106632812
                    [VALUE_TYPE] => MOBILE
                )

        )

    [ASSIGNED_BY_ID] => 1
    [TITLE] => Новая заявка - 79106632812
    [OPENED] => Y
    [STATUS_ID] => NEW
    [SOURCE_ID] => 732
    [COMMENTS] => <b>Город:</b> Ярославль<br>
)

Bitrix Response: {"result":655607,"time":{"start":1772087688,"finish":1772087690.641111,"duration":2.641110897064209,"processing":2,"date_start":"2026-02-26T09:34:48+03:00","date_finish":"2026-02-26T09:34:50+03:00","operating_reset_at":1772088288,"operating":21.146942615509033}}
Статус: Успешно (Lead ID: 655607)
--------------------------------------------------

Время: 26.02.2026 09:36:45
Сервис: КЦ
From: Заявка из КЦ
Клиент: Array
(
    [name] => Ахапхин Андрей Александрович
    [phone] => 79622039875
    [email] => 
)

Город: Ярославль (ID: не найден)
RAW Input: {"phone":"79622039875","name":"\u0410\u0445\u0430\u043f\u0445\u0438\u043d \u0410\u043d\u0434\u0440\u0435\u0439 \u0410\u043b\u0435\u043a\u0441\u0430\u043d\u0434\u0440\u043e\u0432\u0438\u0447","Comments":"","Gorod":"\u042f\u0440\u043e\u0441\u043b\u0430\u0432\u043b\u044c","utm_source":"ap-lead","utm_medium":"cc","utm_campaign":null,"utm_content":null,"utm_term":null}
POST: Array
(
)

Quiz/Комментарии: Array
(
)

Собранные комментарии (для лога): 
Город: Ярославль

Отправка комментариев в Bitrix: ДА
Поля для Bitrix: Array
(
    [NAME] => Ахапхин Андрей Александрович
    [PHONE] => Array
        (
            [0] => Array
                (
                    [VALUE] => 79622039875
                    [VALUE_TYPE] => MOBILE
                )

        )

    [ASSIGNED_BY_ID] => 1
    [TITLE] => Новая заявка - 79622039875
    [OPENED] => Y
    [STATUS_ID] => NEW
    [SOURCE_ID] => 732
    [COMMENTS] => <b>Город:</b> Ярославль<br>
)

Bitrix Response: {"result":655611,"time":{"start":1772087806,"finish":1772087808.224614,"duration":2.224613904953003,"processing":2,"date_start":"2026-02-26T09:36:46+03:00","date_finish":"2026-02-26T09:36:48+03:00","operating_reset_at":1772088406,"operating":20.931736707687378}}
Статус: Успешно (Lead ID: 655611)
--------------------------------------------------

Время: 26.02.2026 14:07:32
Сервис: КЦ
From: Заявка из КЦ
Клиент: Array
(
    [name] => Нет Марина Нет
    [phone] => 79201148233
    [email] => 
)

Город: Ярославль (ID: не найден)
RAW Input: {"phone":"79201148233","name":"\u041d\u0435\u0442 \u041c\u0430\u0440\u0438\u043d\u0430 \u041d\u0435\u0442","Comments":"","Gorod":"\u042f\u0440\u043e\u0441\u043b\u0430\u0432\u043b\u044c","utm_source":"ap-lead","utm_medium":"cc","utm_campaign":null,"utm_content":null,"utm_term":null}
POST: Array
(
)

Quiz/Комментарии: Array
(
)

Собранные комментарии (для лога): 
Город: Ярославль

Отправка комментариев в Bitrix: ДА
Поля для Bitrix: Array
(
    [NAME] => Нет Марина Нет
    [PHONE] => Array
        (
            [0] => Array
                (
                    [VALUE] => 79201148233
                    [VALUE_TYPE] => MOBILE
                )

        )

    [ASSIGNED_BY_ID] => 1
    [TITLE] => Новая заявка - 79201148233
    [OPENED] => Y
    [STATUS_ID] => NEW
    [SOURCE_ID] => 732
    [COMMENTS] => <b>Город:</b> Ярославль<br>
)

Bitrix Response: {"result":655943,"time":{"start":1772104052,"finish":1772104054.681293,"duration":2.68129301071167,"processing":2,"date_start":"2026-02-26T14:07:32+03:00","date_finish":"2026-02-26T14:07:34+03:00","operating_reset_at":1772104652,"operating":11.177548170089722}}
Статус: Успешно (Lead ID: 655943)
--------------------------------------------------

Время: 27.02.2026 09:27:18
Сервис: КЦ
From: Заявка из КЦ
Клиент: Array
(
    [name] => Айза
    [phone] => 79962395958
    [email] => 
)

Город: Ярославль (ID: не найден)
RAW Input: {"phone":"79962395958","name":"\u0410\u0439\u0437\u0430 ","Comments":"","Gorod":"\u042f\u0440\u043e\u0441\u043b\u0430\u0432\u043b\u044c","utm_source":"ap-lead","utm_medium":"cc","utm_campaign":null,"utm_content":null,"utm_term":null}
POST: Array
(
)

Quiz/Комментарии: Array
(
)

Собранные комментарии (для лога): 
Город: Ярославль

Отправка комментариев в Bitrix: ДА
Поля для Bitrix: Array
(
    [NAME] => Айза
    [PHONE] => Array
        (
            [0] => Array
                (
                    [VALUE] => 79962395958
                    [VALUE_TYPE] => MOBILE
                )

        )

    [ASSIGNED_BY_ID] => 1
    [TITLE] => Новая заявка - 79962395958
    [OPENED] => Y
    [STATUS_ID] => NEW
    [SOURCE_ID] => 732
    [COMMENTS] => <b>Город:</b> Ярославль<br>
)

Bitrix Response: {"result":656381,"time":{"start":1772173638,"finish":1772173640.560323,"duration":2.5603229999542236,"processing":2,"date_start":"2026-02-27T09:27:18+03:00","date_finish":"2026-02-27T09:27:20+03:00","operating_reset_at":1772174238,"operating":4.660010099411011}}
Статус: Успешно (Lead ID: 656381)
--------------------------------------------------

