Время: 24.02.2026 14:15:54
Сервис: Робот
From: Заявка из Робот
Клиент: Array
(
    [name] => Тестовый тест
    [phone] => 79111111120
    [email] => 
)

Город: Йошкар-Ола (ID: не найден)
RAW Input: {
 "name": "Тестовый тест",
    "phone": "79111111120",
 "Comments": "Республика Марий ЭлРеспублика Марий Эл",
    "Gorod": "Йошкар-Ола",
    "utm_source": "",
    "utm_medium": "",
    "utm_campaign": "",
    "utm_content": "",
    "utm_term": ""
}
POST: Array
(
)

Quiz/Комментарии: Array
(
)

Собранные комментарии (для лога): 
Comments: Республика Марий ЭлРеспублика Марий Эл
Город: Йошкар-Ола

Отправка комментариев в Bitrix: ДА
Поля для Bitrix: Array
(
    [NAME] => Тестовый тест
    [PHONE] => Array
        (
            [0] => Array
                (
                    [VALUE] => 79111111120
                    [VALUE_TYPE] => MOBILE
                )

        )

    [ASSIGNED_BY_ID] => 1
    [TITLE] => Новая заявка - 79111111120
    [OPENED] => Y
    [STATUS_ID] => NEW
    [SOURCE_ID] => 439
    [COMMENTS] => <b>Comments:</b> Республика Марий ЭлРеспублика Марий Эл<br><b>Город:</b> Йошкар-Ола<br>
)

Bitrix Response: {"result":654285,"time":{"start":1771931754,"finish":1771931757.140407,"duration":3.140407085418701,"processing":3,"date_start":"2026-02-24T14:15:54+03:00","date_finish":"2026-02-24T14:15:57+03:00","operating_reset_at":1771932354,"operating":2.232588052749634}}
Статус: Успешно (Lead ID: 654285)
--------------------------------------------------

