Время: 24.02.2026 10:46:24
Сервис: ЯД+Робот
From: Заявка из ЯД+Робот
Клиент: Array
(
    [name] => тест mid
    [phone] => 79993335151
    [email] => 
)

Город: не определён (ID: не найден)
RAW Input: {"Comments":"Регион - Ярославская обл. Сумма долга - 300000.00","name":" тест mid ","phone":"79993335151"}
POST: Array
(
)

Quiz/Комментарии: Array
(
)

Собранные комментарии (для лога): 
Comments: Регион - Ярославская обл. Сумма долга - 300000.00

Отправка комментариев в Bitrix: ДА
Поля для Bitrix: Array
(
    [NAME] => тест mid
    [PHONE] => Array
        (
            [0] => Array
                (
                    [VALUE] => 79993335151
                    [VALUE_TYPE] => MOBILE
                )

        )

    [ASSIGNED_BY_ID] => 1
    [TITLE] => Новая заявка - 79993335151
    [OPENED] => Y
    [STATUS_ID] => NEW
    [SOURCE_ID] => 830
    [COMMENTS] => <b>Comments:</b> Регион - Ярославская обл. Сумма долга - 300000.00<br>
)

Bitrix Response: {"result":654013,"time":{"start":1771919184,"finish":1771919187.215662,"duration":3.2156620025634766,"processing":3,"date_start":"2026-02-24T10:46:24+03:00","date_finish":"2026-02-24T10:46:27+03:00","operating_reset_at":1771919784,"operating":7.263021945953369}}
Статус: Успешно (Lead ID: 654013)
--------------------------------------------------

Время: 24.02.2026 15:45:06
Сервис: ЯД+Робот
From: Заявка из ЯД+Робот
Клиент: Array
(
    [name] => Марина
    [phone] => 79201325279
    [email] => 
)

Город: не определён (ID: не найден)
RAW Input: {"Comments":"Регион - Ярославская обл. Сумма долга - 300000.00","name":" Марина ","phone":"79201325279"}
POST: Array
(
)

Quiz/Комментарии: Array
(
)

Собранные комментарии (для лога): 
Comments: Регион - Ярославская обл. Сумма долга - 300000.00

Отправка комментариев в Bitrix: ДА
Поля для Bitrix: Array
(
    [NAME] => Марина
    [PHONE] => Array
        (
            [0] => Array
                (
                    [VALUE] => 79201325279
                    [VALUE_TYPE] => MOBILE
                )

        )

    [ASSIGNED_BY_ID] => 1
    [TITLE] => Новая заявка - 79201325279
    [OPENED] => Y
    [STATUS_ID] => NEW
    [SOURCE_ID] => 830
    [COMMENTS] => <b>Comments:</b> Регион - Ярославская обл. Сумма долга - 300000.00<br>
)

Bitrix Response: {"result":654375,"time":{"start":1771937106,"finish":1771937108.478841,"duration":2.4788410663604736,"processing":2,"date_start":"2026-02-24T15:45:06+03:00","date_finish":"2026-02-24T15:45:08+03:00","operating_reset_at":1771937706,"operating":6.610483169555664}}
Статус: Успешно (Lead ID: 654375)
--------------------------------------------------

Время: 25.02.2026 15:03:07
Сервис: ЯД+Робот
From: Заявка из ЯД+Робот
Клиент: Array
(
    [name] => Алексей
    [phone] => 79610218171
    [email] => 
)

Город: не определён (ID: не найден)
RAW Input: {"Comments":"Регион - Ярославская обл. Сумма долга - 1500000.00","name":" Алексей ","phone":"79610218171"}
POST: Array
(
)

Quiz/Комментарии: Array
(
)

Собранные комментарии (для лога): 
Comments: Регион - Ярославская обл. Сумма долга - 1500000.00

Отправка комментариев в Bitrix: ДА
Поля для Bitrix: Array
(
    [NAME] => Алексей
    [PHONE] => Array
        (
            [0] => Array
                (
                    [VALUE] => 79610218171
                    [VALUE_TYPE] => MOBILE
                )

        )

    [ASSIGNED_BY_ID] => 1
    [TITLE] => Новая заявка - 79610218171
    [OPENED] => Y
    [STATUS_ID] => NEW
    [SOURCE_ID] => 830
    [COMMENTS] => <b>Comments:</b> Регион - Ярославская обл. Сумма долга - 1500000.00<br>
)

Bitrix Response: {"result":655161,"time":{"start":1772020987,"finish":1772020990.101492,"duration":3.101491928100586,"processing":3,"date_start":"2026-02-25T15:03:07+03:00","date_finish":"2026-02-25T15:03:10+03:00","operating_reset_at":1772021587,"operating":8.649335861206055}}
Статус: Успешно (Lead ID: 655161)
--------------------------------------------------

Время: 26.02.2026 11:49:09
Сервис: ЯД+Робот
From: Заявка из ЯД+Робот
Клиент: Array
(
    [name] => Мария
    [phone] => 79011952785
    [email] => 
)

Город: не определён (ID: не найден)
RAW Input: {"Comments":"Регион - Ярославская обл. Сумма долга - 300000.00","name":" Мария ","phone":"79011952785"}
POST: Array
(
)

Quiz/Комментарии: Array
(
)

Собранные комментарии (для лога): 
Comments: Регион - Ярославская обл. Сумма долга - 300000.00

Отправка комментариев в Bitrix: ДА
Поля для Bitrix: Array
(
    [NAME] => Мария
    [PHONE] => Array
        (
            [0] => Array
                (
                    [VALUE] => 79011952785
                    [VALUE_TYPE] => MOBILE
                )

        )

    [ASSIGNED_BY_ID] => 1
    [TITLE] => Новая заявка - 79011952785
    [OPENED] => Y
    [STATUS_ID] => NEW
    [SOURCE_ID] => 830
    [COMMENTS] => <b>Comments:</b> Регион - Ярославская обл. Сумма долга - 300000.00<br>
)

Bitrix Response: {"result":655767,"time":{"start":1772095749,"finish":1772095751.55641,"duration":2.556410074234009,"processing":2,"date_start":"2026-02-26T11:49:09+03:00","date_finish":"2026-02-26T11:49:11+03:00","operating_reset_at":1772096349,"operating":11.603397130966187}}
Статус: Успешно (Lead ID: 655767)
--------------------------------------------------

