Время: 24.02.2026 17:26:54
Сервис: КЦ
From: Заявка из КЦ
Клиент: Array
(
    [name] => 8040832
    [phone] => 79991111111
    [email] => 
)

Город: не определён (ID: не найден)
RAW Input: {"TITLE": "Neuro_Agency", "Comments": "\u0422\u0435\u0441\u0442\u043e\u0432\u044b\u0439 \u043a\u043e\u043c\u043c\u0435\u043d\u0442\u0430\u0440\u0438\u0439", "phone": "79991111111", "NAME": "8040832"}
POST: Array
(
)

Quiz/Комментарии: Array
(
)

Собранные комментарии (для лога): 
Title: Neuro_Agency
Comments: Тестовый комментарий

Отправка комментариев в Bitrix: ДА
Поля для Bitrix: Array
(
    [NAME] => 8040832
    [PHONE] => Array
        (
            [0] => Array
                (
                    [VALUE] => 79991111111
                    [VALUE_TYPE] => MOBILE
                )

        )

    [ASSIGNED_BY_ID] => 1
    [TITLE] => Новая заявка - 79991111111
    [OPENED] => Y
    [STATUS_ID] => NEW
    [SOURCE_ID] => 557
    [COMMENTS] => <b>Title:</b> Neuro_Agency<br><b>Comments:</b> Тестовый комментарий<br>
)

Bitrix Response: {"result":654503,"time":{"start":1771943214,"finish":1771943216.849379,"duration":2.849379062652588,"processing":2,"date_start":"2026-02-24T17:26:54+03:00","date_finish":"2026-02-24T17:26:56+03:00","operating_reset_at":1771943814,"operating":24.26755928993225}}
Статус: Успешно (Lead ID: 654503)
--------------------------------------------------

