Время: 25.02.2026 08:58:44
Сервис: Базы + КЦ
From: Заявка из Базы + КЦ
Клиент: Array
(
    [name] => ТЕСТ
    [phone] => +79998887776
    [email] => 
)

Город: Ярославль (ID: не найден)
RAW Input: {"name": "\u0422\u0415\u0421\u0422 ", "Comments": "\u0442\u0435\u0441\u0442\u043e\u0432\u044b\u0439 \u043b\u0438\u0434", "phone": "+79998887776", "Gorod": "\u042f\u0440\u043e\u0441\u043b\u0430\u0432\u043b\u044c"}
POST: Array
(
)

Quiz/Комментарии: Array
(
)

Собранные комментарии (для лога): 
Comments: тестовый лид
Город: Ярославль

Отправка комментариев в Bitrix: ДА
Поля для Bitrix: Array
(
    [NAME] => ТЕСТ
    [PHONE] => Array
        (
            [0] => Array
                (
                    [VALUE] => +79998887776
                    [VALUE_TYPE] => MOBILE
                )

        )

    [ASSIGNED_BY_ID] => 1
    [TITLE] => Новая заявка - +79998887776
    [OPENED] => Y
    [STATUS_ID] => NEW
    [SOURCE_ID] => 774
    [COMMENTS] => <b>Comments:</b> тестовый лид<br><b>Город:</b> Ярославль<br>
)

Bitrix Response: {"result":654727,"time":{"start":1771999124,"finish":1771999126.285727,"duration":2.285727024078369,"processing":2,"date_start":"2026-02-25T08:58:44+03:00","date_finish":"2026-02-25T08:58:46+03:00","operating_reset_at":1771999724,"operating":2.158026933670044}}
Статус: Успешно (Lead ID: 654727)
--------------------------------------------------

