Время: 26.02.2026 10:18:21
Сервис: Tilda
ОШИБКА ВАЛИДАЦИИ: Телефон не указан
Клиент: Array
(
    [name] => 
    [phone] => 
    [email] => 
)

RAW Input: test=test
POST: Array
(
    [test] => test
)

Статус: Ошибка валидации телефона
--------------------------------------------------

Время: 26.02.2026 10:20:20
Сервис: Tilda
From: Заявка из Tilda
Клиент: Array
(
    [name] => тест
    [phone] => +7 (777) 777-22-33
    [email] => 
)

Город: не определён (ID: не найден)
RAW Input: Name=%D1%82%D0%B5%D1%81%D1%82&Phone=%2B7+%28777%29+777-22-33&tranid=10595753%3A8198762173&formid=form1021441556
POST: Array
(
    [Name] => тест
    [Phone] => +7 (777) 777-22-33
    [tranid] => 10595753:8198762173
    [formid] => form1021441556
)

Quiz/Комментарии: Array
(
)

Собранные комментарии (для лога): 

Отправка комментариев в Bitrix: ДА
Поля для Bitrix: Array
(
    [NAME] => тест
    [PHONE] => Array
        (
            [0] => Array
                (
                    [VALUE] => +77777772233
                    [VALUE_TYPE] => MOBILE
                )

        )

    [ASSIGNED_BY_ID] => 1
    [TITLE] => Заявка из Tilda
    [OPENED] => Y
    [STATUS_ID] => NEW
    [SOURCE_ID] => 724
)

Bitrix Response: {"result":655655,"time":{"start":1772090420,"finish":1772090422.987697,"duration":2.987696886062622,"processing":2,"date_start":"2026-02-26T10:20:20+03:00","date_finish":"2026-02-26T10:20:22+03:00","operating_reset_at":1772091020,"operating":6.7671592235565186}}
Статус: Успешно (Lead ID: 655655)
--------------------------------------------------

