Время: 24.02.2026 14:16:14
Сервис: КЦ
From: Заявка из КЦ
Клиент: Array
(
    [name] => Тестовый тест
    [phone] => 79111111121
    [email] => 
)

Город: Йошкар-Ола (ID: не найден)
RAW Input: {
 "name": "Тестовый тест",
    "phone": "79111111121",
 "Comments": "Оператор 300000 Залог [p]_Тестовый комментарий_[/p]",
    "Gorod": "Йошкар-Ола",
    "utm_source": "",
    "utm_medium": "",
    "utm_campaign": "",
    "utm_content": "",
    "utm_term": ""
}
POST: Array
(
)

Quiz/Комментарии: Array
(
)

Собранные комментарии (для лога): 
Comments: Оператор 300000 Залог [p]_Тестовый комментарий_[/p]
Город: Йошкар-Ола

Отправка комментариев в Bitrix: ДА
Поля для Bitrix: Array
(
    [NAME] => Тестовый тест
    [PHONE] => Array
        (
            [0] => Array
                (
                    [VALUE] => 79111111121
                    [VALUE_TYPE] => MOBILE
                )

        )

    [ASSIGNED_BY_ID] => 1
    [TITLE] => Новая заявка - 79111111121
    [OPENED] => Y
    [STATUS_ID] => NEW
    [SOURCE_ID] => 499
    [COMMENTS] => <b>Comments:</b> Оператор 300000 Залог [p]_Тестовый комментарий_[/p]<br><b>Город:</b> Йошкар-Ола<br>
)

Bitrix Response: {"result":654287,"time":{"start":1771931774,"finish":1771931776.71168,"duration":2.7116799354553223,"processing":2,"date_start":"2026-02-24T14:16:14+03:00","date_finish":"2026-02-24T14:16:16+03:00","operating_reset_at":1771932374,"operating":4.405863046646118}}
Статус: Успешно (Lead ID: 654287)
--------------------------------------------------

Время: 25.02.2026 12:32:12
Сервис: КЦ
From: Заявка из КЦ
Клиент: Array
(
    [name] => Дмитрий
    [phone] => 79201122574
    [email] => 
)

Город: Ярославль (ID: не найден)
RAW Input: {
 "name": "Дмитрий ",
    "phone": "79201122574  ",
 "Comments": "Наталья  800к  кредит, микрозайм  ",
    "Gorod": "Ярославль ",
    "utm_source": "",
    "utm_medium": "",
    "utm_campaign": "",
    "utm_content": "",
    "utm_term": ""
}
POST: Array
(
)

Quiz/Комментарии: Array
(
)

Собранные комментарии (для лога): 
Comments: Наталья  800к  кредит, микрозайм
Город: Ярославль

Отправка комментариев в Bitrix: ДА
Поля для Bitrix: Array
(
    [NAME] => Дмитрий
    [PHONE] => Array
        (
            [0] => Array
                (
                    [VALUE] => 79201122574
                    [VALUE_TYPE] => MOBILE
                )

        )

    [ASSIGNED_BY_ID] => 1
    [TITLE] => Новая заявка - 79201122574
    [OPENED] => Y
    [STATUS_ID] => NEW
    [SOURCE_ID] => 499
    [COMMENTS] => <b>Comments:</b> Наталья  800к  кредит, микрозайм<br><b>Город:</b> Ярославль<br>
)

Bitrix Response: {"result":654963,"time":{"start":1772011932,"finish":1772011934.856572,"duration":2.856571912765503,"processing":2,"date_start":"2026-02-25T12:32:12+03:00","date_finish":"2026-02-25T12:32:14+03:00","operating_reset_at":1772012532,"operating":29.2919864654541}}
Статус: Успешно (Lead ID: 654963)
--------------------------------------------------

